ESYNC_WORKER1_COMMAND_START
 [WARNING]: Invalid characters were found in group names but not replaced, use
-vvvv to see details

PLAY [ruibo-nginx] *************************************************************


TASK [Gathering Facts] *********************************************************
ok: [119.9.104.50]
ok: [119.9.108.253]
ok: [23.99.120.65]
ok: [13.70.23.40]

ok: [168.63.221.64]
ok: [161.202.34.67]

TASK [nginx_sync : Change python interpreter] **********************************
ok: [23.99.120.65]

ok: [119.9.108.253]
ok: [168.63.221.64]
ok: [161.202.34.67]
skipping: [119.9.104.50]
skipping: [13.70.23.40]


TASK [nginx_sync : change python interpreter] **********************************
ok: [23.99.120.65]
ok: [119.9.108.253]
ok: [168.63.221.64]

ok: [161.202.34.67]
skipping: [119.9.104.50]
skipping: [13.70.23.40]

TASK [nginx_sync : Notify] *****************************************************

ok: [23.99.120.65] => {
    "msg": "Syncing ruibo-nginx"
}
ok: [119.9.108.253] => {
    "msg": "Syncing ruibo-nginx"

}
ok: [168.63.221.64] => {
    "msg": "Syncing ruibo-nginx"
}
ok: [161.202.34.67] => {

    "msg": "Syncing ruibo-nginx"
}
ok: [119.9.104.50] => {
    "msg": "Syncing ruibo-nginx"
}

ok: [13.70.23.40] => {
    "msg": "Syncing ruibo-nginx"
}

TASK [nginx_sync : include_vars] ***********************************************

ok: [23.99.120.65]
ok: [119.9.108.253]
ok: [168.63.221.64]
ok: [161.202.34.67]
ok: [119.9.104.50]

ok: [13.70.23.40]

TASK [nginx_sync : Synchronizing Nginx] ****************************************
ok: [23.99.120.65] => (item=conf)
ok: [119.9.108.253] => (item=conf)

ok: [161.202.34.67] => (item=conf)
ok: [119.9.104.50] => (item=conf)
ok: [168.63.221.64] => (item=conf)
changed: [119.9.104.50] => (item=conf.d)
changed: [119.9.108.253] => (item=conf.d)

changed: [23.99.120.65] => (item=conf.d)
changed: [161.202.34.67] => (item=conf.d)
ok: [119.9.104.50] => (item=data)
changed: [168.63.221.64] => (item=conf.d)
ok: [23.99.120.65] => (item=data)

ok: [119.9.108.253] => (item=data)
ok: [119.9.104.50] => (item=html)
ok: [161.202.34.67] => (item=data)
ok: [168.63.221.64] => (item=data)
ok: [23.99.120.65] => (item=html)

ok: [119.9.108.253] => (item=html)
ok: [13.70.23.40] => (item=conf)
ok: [168.63.221.64] => (item=html)
ok: [161.202.34.67] => (item=html)
changed: [13.70.23.40] => (item=conf.d)

ok: [13.70.23.40] => (item=data)
ok: [13.70.23.40] => (item=html)

TASK [all_servers : include_vars] **********************************************
ok: [23.99.120.65]

ok: [119.9.108.253]
ok: [168.63.221.64]
ok: [161.202.34.67]
ok: [119.9.104.50]
ok: [13.70.23.40]


TASK [all_servers : Notify] ****************************************************
ok: [23.99.120.65] => {
    "msg": "Clearing Nginx Cache for ruibo-nginx"
}

ok: [119.9.108.253] => {
    "msg": "Clearing Nginx Cache for ruibo-nginx"
}
ok: [168.63.221.64] => {
    "msg": "Clearing Nginx Cache for ruibo-nginx"

}
ok: [161.202.34.67] => {
    "msg": "Clearing Nginx Cache for ruibo-nginx"
}
ok: [119.9.104.50] => {

    "msg": "Clearing Nginx Cache for ruibo-nginx"
}
ok: [13.70.23.40] => {
    "msg": "Clearing Nginx Cache for ruibo-nginx"
}


TASK [all_servers : Copying clear_nginxcache.sh to remote hosts] ***************
ok: [119.9.104.50]
ok: [13.70.23.40]
ok: [119.9.108.253]

ok: [23.99.120.65]
ok: [161.202.34.67]
ok: [168.63.221.64]

TASK [all_servers : Nginx Clear Cache] *****************************************

changed: [119.9.104.50]
changed: [119.9.108.253]
changed: [23.99.120.65]
changed: [168.63.221.64]
changed: [13.70.23.40]

changed: [161.202.34.67]

TASK [all_servers : debug] *****************************************************
ok: [23.99.120.65] => {
    "script_result.stdout_lines": [

        "-----------------------------------------------------------", 
        "|                 Checking Nginx Config                   |", 
        "-----------------------------------------------------------", 
        "", 
        " nginx -t ", 

        "", 
        "-----------------------------------------------------------", 
        "|                 Stopping Nginx Process                  |", 
        "-----------------------------------------------------------", 
        "", 

        " /usr/bin/killall -9 nginx ", 
        "", 
        "-----------------------------------------------------------", 
        "|                 Clearing Proxy Cache                    |", 
        "-----------------------------------------------------------", 

        "", 
        " /bin/rm -rf /tmp/nginx_cache ", 
        "", 
        "-----------------------------------------------------------", 
        "|                Restarting Nginx Process                 |", 

        "-----------------------------------------------------------", 
        "root      11277  0.0  0.0   9120   656 ?        Ss    2018   0:00 /sbin/dhclient -H ruibo-nginx1.hk.az.monaco1.me -1 -q -lf /var/lib/dhclient/dhclient-eth0.leases -pf /var/run/dhclient-eth0.pid eth0", 
        "root      83768  0.0  0.0 106120  1280 ?        S    17:54   0:00 /bin/bash /bak/bin/clear_nginxcache.sh", 
        "root      83777  0.6  2.5 446540 89820 ?        Ss   17:54   0:00 nginx: master process /usr/local/nginx/sbin/nginx", 
        "nobody    83779  0.0  2.6 448468 93332 ?        S    17:54   0:00 nginx: worker process      ", 

        "nobody    83780  0.0  2.6 448468 93332 ?        S    17:54   0:00 nginx: worker process      ", 
        "nobody    83781  0.0  2.6 448468 93332 ?        S    17:54   0:00 nginx: worker process      ", 
        "nobody    83782  0.0  2.6 448468 93332 ?        S    17:54   0:00 nginx: worker process      ", 
        "nobody    83783  0.0  2.5 446540 90244 ?        S    17:54   0:00 nginx: cache manager process", 
        "nobody    83784  0.0  2.5 446540 90204 ?        S    17:54   0:00 nginx: cache loader process", 

        "root      83786  0.0  0.0 103332   856 ?        S    17:54   0:00 grep nginx", 
        "             total       used       free     shared    buffers     cached", 
        "Mem:          3440       3141        298          2        261        852", 
        "-/+ buffers/cache:       2028       1412", 
        "Swap:            0          0          0", 

        "-----------------------------------------------------------", 
        "|                     Reload SUCCESS!                     |", 
        "-----------------------------------------------------------"
    ]
}

ok: [119.9.108.253] => {
    "script_result.stdout_lines": [
        "-----------------------------------------------------------", 
        "|                 Checking Nginx Config                   |", 
        "-----------------------------------------------------------", 

        "", 
        " nginx -t ", 
        "", 
        "-----------------------------------------------------------", 
        "|                 Stopping Nginx Process                  |", 

        "-----------------------------------------------------------", 
        "", 
        " /usr/bin/killall -9 nginx ", 
        "", 
        "-----------------------------------------------------------", 

        "|                 Clearing Proxy Cache                    |", 
        "-----------------------------------------------------------", 
        "", 
        " /bin/rm -rf /tmp/nginx_cache ", 
        "", 

        "-----------------------------------------------------------", 
        "|                Restarting Nginx Process                 |", 
        "-----------------------------------------------------------", 
        "root     11576  0.0  0.0 106084  1424 ?        S    17:54   0:00 /bin/bash /bak/bin/clear_nginxcache.sh", 
        "root     11582  0.0  1.0 446544 89884 ?        Ss   17:54   0:00 nginx: master process /usr/local/nginx/sbin/nginx", 

        "nobody   11584  0.0  1.1 448472 93396 ?        S    17:54   0:00 nginx: worker process      ", 
        "nobody   11585  0.0  1.1 448472 93396 ?        S    17:54   0:00 nginx: worker process      ", 
        "nobody   11586  0.0  1.1 448472 93396 ?        S    17:54   0:00 nginx: worker process      ", 
        "nobody   11587  0.0  1.1 448472 93396 ?        S    17:54   0:00 nginx: worker process      ", 
        "nobody   11588  0.0  1.1 446544 90308 ?        S    17:54   0:00 nginx: cache manager process", 

        "nobody   11589  0.0  1.1 446544 90268 ?        S    17:54   0:00 nginx: cache loader process", 
        "root     11591  0.0  0.0 103324   888 ?        S    17:54   0:00 grep nginx", 
        "             total       used       free     shared    buffers     cached", 
        "Mem:          7994       7263        730          3        317        788", 
        "-/+ buffers/cache:       6157       1836", 

        "Swap:            0          0          0", 
        "-----------------------------------------------------------", 
        "|                     Reload SUCCESS!                     |", 
        "-----------------------------------------------------------"
    ]

}
ok: [168.63.221.64] => {
    "script_result.stdout_lines": [
        "-----------------------------------------------------------", 
        "|                 Checking Nginx Config                   |", 

        "-----------------------------------------------------------", 
        "", 
        " nginx -t ", 
        "", 
        "-----------------------------------------------------------", 

        "|                 Stopping Nginx Process                  |", 
        "-----------------------------------------------------------", 
        "", 
        " /usr/bin/killall -9 nginx ", 
        "", 

        "-----------------------------------------------------------", 
        "|                 Clearing Proxy Cache                    |", 
        "-----------------------------------------------------------", 
        "", 
        " /bin/rm -rf /tmp/nginx_cache ", 

        "", 
        "-----------------------------------------------------------", 
        "|                Restarting Nginx Process                 |", 
        "-----------------------------------------------------------", 
        "root       9019  0.0  0.0   9120   664 ?        Ss    2018   0:00 /sbin/dhclient -H ruibo-nginx5.hk.az.monaco1.me -1 -q -lf /var/lib/dhclient/dhclient-eth0.leases -pf /var/run/dhclient-eth0.pid eth0", 

        "root     123052  0.0  0.0 106120  1280 ?        S    17:54   0:00 /bin/bash /bak/bin/clear_nginxcache.sh", 
        "root     123062  0.3  2.5 446540 89820 ?        Ss   17:54   0:00 nginx: master process /usr/local/nginx/sbin/nginx", 
        "nobody   123065  0.3  2.6 448468 93404 ?        S    17:54   0:00 nginx: worker process      ", 
        "nobody   123066  0.0  2.6 448468 93404 ?        S    17:54   0:00 nginx: worker process      ", 
        "nobody   123067  0.0  2.6 448468 93404 ?        S    17:54   0:00 nginx: worker process      ", 

        "nobody   123068  0.3  2.6 448468 93404 ?        S    17:54   0:00 nginx: worker process      ", 
        "nobody   123069  0.0  2.5 446540 90316 ?        S    17:54   0:00 nginx: cache manager process", 
        "nobody   123070  0.0  2.5 446540 90204 ?        S    17:54   0:00 nginx: cache loader process", 
        "root     123073  0.0  0.0 103332   856 ?        S    17:54   0:00 grep nginx", 
        "             total       used       free     shared    buffers     cached", 

        "Mem:          3440       2494        945          2        240        872", 
        "-/+ buffers/cache:       1381       2058", 
        "Swap:            0          0          0", 
        "-----------------------------------------------------------", 
        "|                     Reload SUCCESS!                     |", 

        "-----------------------------------------------------------"
    ]
}
ok: [161.202.34.67] => {
    "script_result.stdout_lines": [

        "-----------------------------------------------------------", 
        "|                 Checking Nginx Config                   |", 
        "-----------------------------------------------------------", 
        "", 
        " nginx -t ", 

        "", 
        "-----------------------------------------------------------", 
        "|                 Stopping Nginx Process                  |", 
        "-----------------------------------------------------------", 
        "", 

        " /usr/bin/killall -9 nginx ", 
        "", 
        "-----------------------------------------------------------", 
        "|                 Clearing Proxy Cache                    |", 
        "-----------------------------------------------------------", 

        "", 
        " /bin/rm -rf /tmp/nginx_cache ", 
        "", 
        "-----------------------------------------------------------", 
        "|                Restarting Nginx Process                 |", 

        "-----------------------------------------------------------", 
        "root     32088  1.4  0.0 106112  1276 ?        S    17:54   0:00 /bin/bash /bak/bin/clear_nginxcache.sh", 
        "root     32309 17.2  2.3 446540 93928 ?        Ss   17:54   0:00 /usr/local/nginx/sbin/nginx", 
        "root     32312 25.0  2.2 446544 89832 ?        Ss   17:54   0:00 nginx: master process /usr/local/nginx/sbin/nginx", 
        "nobody   32314  0.5  2.3 448472 93416 ?        S    17:54   0:00 nginx: worker process      ", 

        "nobody   32315  0.5  2.3 448472 93416 ?        S    17:54   0:00 nginx: worker process      ", 
        "nobody   32316  0.5  2.3 448472 93416 ?        S    17:54   0:00 nginx: worker process      ", 
        "nobody   32317  0.5  2.3 448472 93416 ?        S    17:54   0:00 nginx: worker process      ", 
        "nobody   32318  0.0  2.2 446544 90328 ?        S    17:54   0:00 nginx: cache manager process", 
        "nobody   32319  0.0  2.2 446544 90216 ?        S    17:54   0:00 nginx: cache loader process", 

        "root     32322  0.0  0.0 103316   840 ?        S    17:54   0:00 grep nginx", 
        "             total       used       free     shared    buffers     cached", 
        "Mem:          3880       3848         32          3        409        618", 
        "-/+ buffers/cache:       2820       1060", 
        "Swap:         2047          5       2041", 

        "-----------------------------------------------------------", 
        "|                     Reload SUCCESS!                     |", 
        "-----------------------------------------------------------"
    ]
}

ok: [119.9.104.50] => {
    "script_result.stdout_lines": [
        "-----------------------------------------------------------", 
        "|                 Checking Nginx Config                   |", 
        "-----------------------------------------------------------", 

        "", 
        " nginx -t ", 
        "", 
        "-----------------------------------------------------------", 
        "|                 Stopping Nginx Process                  |", 

        "-----------------------------------------------------------", 
        "", 
        " /usr/bin/killall -9 nginx ", 
        "", 
        "-----------------------------------------------------------", 

        "|                 Clearing Proxy Cache                    |", 
        "-----------------------------------------------------------", 
        "", 
        " /bin/rm -rf /tmp/nginx_cache ", 
        "", 

        "-----------------------------------------------------------", 
        "|                Restarting Nginx Process                 |", 
        "-----------------------------------------------------------", 
        "root     26694  1.3  0.0 113180  1496 ?        S    17:54   0:00 /bin/bash /bak/bin/clear_nginxcache.sh", 
        "root     26702  0.0  3.7 439516 69432 ?        Ss   17:54   0:00 nginx: master process /usr/local/nginx/sbin/nginx", 

        "nobody   26704  0.0  3.9 441840 74680 ?        S    17:54   0:00 nginx: worker process", 
        "nobody   26705  0.5  3.9 441980 74824 ?        S    17:54   0:00 nginx: worker process", 
        "nobody   26706  0.5  3.9 441976 74724 ?        S    17:54   0:00 nginx: worker process", 
        "nobody   26707  1.0  3.9 441976 74808 ?        S    17:54   0:00 nginx: worker process", 
        "nobody   26708  0.0  3.7 439516 70060 ?        S    17:54   0:00 nginx: cache manager process", 

        "nobody   26709  0.0  3.7 439516 70060 ?        S    17:54   0:00 nginx: cache loader process", 
        "root     26711  0.0  0.0 112708   960 ?        S    17:54   0:00 grep nginx", 
        "              total        used        free      shared  buff/cache   available", 
        "Mem:           1832         279         172          53        1379        1297", 
        "Swap:             0           0           0", 

        "-----------------------------------------------------------", 
        "|                     Reload SUCCESS!                     |", 
        "-----------------------------------------------------------"
    ]
}

ok: [13.70.23.40] => {
    "script_result.stdout_lines": [
        "-----------------------------------------------------------", 
        "|                 Checking Nginx Config                   |", 
        "-----------------------------------------------------------", 

        "", 
        " nginx -t ", 
        "", 
        "-----------------------------------------------------------", 
        "|                 Stopping Nginx Process                  |", 

        "-----------------------------------------------------------", 
        "", 
        " /usr/bin/killall -9 nginx ", 
        "", 
        "-----------------------------------------------------------", 

        "|                 Clearing Proxy Cache                    |", 
        "-----------------------------------------------------------", 
        "", 
        " /bin/rm -rf /tmp/nginx_cache ", 
        "", 

        "-----------------------------------------------------------", 
        "|                Restarting Nginx Process                 |", 
        "-----------------------------------------------------------", 
        "root        804  0.0  0.2 107396  2084 ?        Ss   15:20   0:00 /sbin/dhclient -q -lf /var/lib/dhclient/dhclient--eth0.lease -pf /var/run/dhclient-eth0.pid -H ruibo-nginx4.hk.az.monaco1.me eth0", 
        "root      98573  0.6  0.1 113180  1488 ?        S    17:54   0:00 /bin/bash /bak/bin/clear_nginxcache.sh", 

        "root      98583  0.0  7.4 439516 69416 ?        Ss   17:54   0:00 nginx: master process /usr/local/nginx/sbin/nginx", 
        "nobody    98585  0.0  7.8 443924 73212 ?        S    17:54   0:00 nginx: worker process", 
        "nobody    98586  0.0  7.8 443924 73212 ?        S    17:54   0:00 nginx: worker process", 
        "nobody    98587  0.0  7.8 443924 73412 ?        S    17:54   0:00 nginx: worker process", 
        "nobody    98588  0.0  8.0 443924 74804 ?        S    17:54   0:00 nginx: worker process", 

        "nobody    98589  0.0  7.5 441600 70144 ?        S    17:54   0:00 nginx: cache manager process", 
        "nobody    98590  0.0  7.5 441600 70144 ?        S    17:54   0:00 nginx: cache loader process", 
        "root      98595  0.0  0.1 112708   956 ?        R    17:54   0:00 grep nginx", 
        "              total        used        free      shared  buff/cache   available", 
        "Mem:            910         282         137          42         490         361", 

        "Swap:             0           0           0", 
        "-----------------------------------------------------------", 
        "|                     Reload SUCCESS!                     |", 
        "-----------------------------------------------------------"
    ]

}

PLAY [127.0.0.1] ***************************************************************

TASK [sync_to_git : Synchronizing Nginx To GIT] ********************************

changed: [127.0.0.1]

TASK [sync_to_git : debug] *****************************************************
ok: [127.0.0.1] => {
    "msg": " [u'[master 1deb76b] cyrus.verzola', u' 1 file changed, 1 insertion(+)', u'Branch master set up to track remote branch master from origin.']"

}

PLAY [ruibo-nginx] *************************************************************

PLAY [127.0.0.1] ***************************************************************


PLAY RECAP *********************************************************************
119.9.104.50               : ok=9    changed=2    unreachable=0    failed=0    skipped=2    rescued=0    ignored=0   
119.9.108.253              : ok=11   changed=2    unreachable=0    failed=0    skipped=0    rescued=0    ignored=0   
127.0.0.1                  : ok=2    changed=1    unreachable=0    failed=0    skipped=0    rescued=0    ignored=0   

13.70.23.40                : ok=9    changed=2    unreachable=0    failed=0    skipped=2    rescued=0    ignored=0   
161.202.34.67              : ok=11   changed=2    unreachable=0    failed=0    skipped=0    rescued=0    ignored=0   
168.63.221.64              : ok=11   changed=2    unreachable=0    failed=0    skipped=0    rescued=0    ignored=0   
23.99.120.65               : ok=11   changed=2    unreachable=0    failed=0    skipped=0    rescued=0    ignored=0   



ESYNC_WORKER1_COMMAND_END
MAX RETRIES EXECUTED, COMMAND NOT RESPONDING