ESYNC_WORKER1_COMMAND_START
[WARNING]: Invalid characters were found in group names but not replaced, use
-vvvv to see details

PLAY [ruibo-nginx] *************************************************************


TASK [Gathering Facts] *********************************************************
ok: [13.78.36.109]
ok: [119.9.116.251]

TASK [nginx_sync : Change python interpreter] **********************************

skipping: [119.9.116.251]
skipping: [13.78.36.109]

TASK [nginx_sync : change python interpreter] **********************************
skipping: [119.9.116.251]

skipping: [13.78.36.109]

TASK [nginx_sync : Notify] *****************************************************
ok: [119.9.116.251] => {
    "msg": "Syncing ruibo-nginx"

}
ok: [13.78.36.109] => {
    "msg": "Syncing ruibo-nginx"
}


TASK [nginx_sync : include_vars] ***********************************************
ok: [119.9.116.251]
ok: [13.78.36.109]

TASK [nginx_sync : Synchronizing Nginx] ****************************************

ok: [119.9.116.251] => (item=conf)
changed: [119.9.116.251] => (item=conf.d)
ok: [13.78.36.109] => (item=conf)
changed: [119.9.116.251] => (item=data)
changed: [119.9.116.251] => (item=html)

changed: [13.78.36.109] => (item=conf.d)
changed: [13.78.36.109] => (item=data)
changed: [13.78.36.109] => (item=html)

TASK [nginx_sync : Set HTML Dir to root] ***************************************

changed: [119.9.116.251]
changed: [13.78.36.109]

TASK [all_servers : include_vars] **********************************************
ok: [119.9.116.251]

ok: [13.78.36.109]

TASK [all_servers : Notify] ****************************************************
ok: [119.9.116.251] => {
    "msg": "Clearing Nginx Cache for ruibo-nginx"

}
ok: [13.78.36.109] => {
    "msg": "Clearing Nginx Cache for ruibo-nginx"
}


TASK [all_servers : Copying clear_nginxcache.sh to remote hosts] ***************
ok: [119.9.116.251]
ok: [13.78.36.109]

TASK [all_servers : Nginx Clear Cache] *****************************************

changed: [119.9.116.251]
changed: [13.78.36.109]

TASK [all_servers : debug] *****************************************************
ok: [119.9.116.251] => {

    "script_result.stdout_lines": [
        "-----------------------------------------------------------", 
        "|                 Checking Nginx Config                   |", 
        "-----------------------------------------------------------", 
        "", 

        " nginx -t ", 
        "", 
        "-----------------------------------------------------------", 
        "|                 Stopping Nginx Process                  |", 
        "-----------------------------------------------------------", 

        "", 
        " /usr/bin/killall -9 nginx ", 
        "", 
        "-----------------------------------------------------------", 
        "|                 Clearing Proxy Cache                    |", 

        "-----------------------------------------------------------", 
        "", 
        " /bin/rm -rf /tmp/nginx_cache ", 
        "", 
        "-----------------------------------------------------------", 

        "|                Restarting Nginx Process                 |", 
        "-----------------------------------------------------------", 
        "root     12499  2.0  0.0 113288  1480 ?        S    18:21   0:00 /bin/bash /bak/bin/clear_nginxcache.sh", 
        "root     12511  0.5  6.4 611292 120384 ?       Ss   18:22   0:00 nginx: master process /usr/local/nginx/sbin/nginx", 
        "nobody   12513  2.0  6.7 758244 125824 ?       R    18:22   0:00 nginx: worker process", 

        "nobody   12514  3.0  6.7 758536 126088 ?       S    18:22   0:00 nginx: worker process", 
        "nobody   12515  2.0  6.7 758260 125952 ?       S    18:22   0:00 nginx: worker process", 
        "nobody   12516  2.5  6.7 758392 125928 ?       R    18:22   0:00 nginx: worker process", 
        "nobody   12517  0.0  6.4 755780 120808 ?       S    18:22   0:00 nginx: cache manager process", 
        "nobody   12518  0.0  6.4 755780 120808 ?       S    18:22   0:00 nginx: cache loader process", 

        "root     12531  0.0  0.0 112812   948 ?        R    18:22   0:00 grep nginx", 
        "              total        used        free      shared  buff/cache   available", 
        "Mem:           1832         474         539         239         818         955", 
        "Swap:             0           0           0", 
        "-----------------------------------------------------------", 

        "|                     Reload SUCCESS!                     |", 
        "-----------------------------------------------------------"
    ]
}
ok: [13.78.36.109] => {

    "script_result.stdout_lines": [
        "-----------------------------------------------------------", 
        "|                 Checking Nginx Config                   |", 
        "-----------------------------------------------------------", 
        "", 

        " nginx -t ", 
        "", 
        "-----------------------------------------------------------", 
        "|                 Stopping Nginx Process                  |", 
        "-----------------------------------------------------------", 

        "", 
        " /usr/bin/killall -9 nginx ", 
        "", 
        "-----------------------------------------------------------", 
        "|                 Clearing Proxy Cache                    |", 

        "-----------------------------------------------------------", 
        "", 
        " /bin/rm -rf /tmp/nginx_cache ", 
        "", 
        "-----------------------------------------------------------", 

        "|                Restarting Nginx Process                 |", 
        "-----------------------------------------------------------", 
        "root      37701  0.5  0.0 113188  1484 ?        S    18:21   0:00 /bin/bash /bak/bin/clear_nginxcache.sh", 
        "root      37711  0.5  2.9 609272 120284 ?       Ss   18:22   0:00 nginx: master process /usr/local/nginx/sbin/nginx", 
        "nobody    37712  0.0  3.1 758168 125148 ?       S    18:22   0:00 nginx: worker process", 

        "nobody    37714  0.5  3.1 758168 125828 ?       S    18:22   0:00 nginx: worker process", 
        "nobody    37715  0.0  3.0 758168 124200 ?       S    18:22   0:00 nginx: worker process", 
        "nobody    37716  0.0  3.1 758168 125384 ?       S    18:22   0:00 nginx: worker process", 
        "nobody    37717  0.0  3.0 755844 121048 ?       S    18:22   0:00 nginx: cache manager process", 
        "nobody    37718  0.0  3.0 755844 120812 ?       S    18:22   0:00 nginx: cache loader process", 

        "root      37725  0.0  0.0 112712   940 ?        S    18:22   0:00 grep nginx", 
        "              total        used        free      shared  buff/cache   available", 
        "Mem:           3931         522         614         344        2794        2774", 
        "Swap:             0           0           0", 
        "-----------------------------------------------------------", 

        "|                     Reload SUCCESS!                     |", 
        "-----------------------------------------------------------"
    ]
}


PLAY [127.0.0.1] ***************************************************************

TASK [sync_to_git : Synchronizing Nginx To GIT] ********************************
changed: [127.0.0.1]


TASK [sync_to_git : debug] *****************************************************
ok: [127.0.0.1] => {
    "msg": " [u'[master f2d3414] james.cadelina', u' 2 files changed, 4 insertions(+), 1 deletion(-)', u'Branch master set up to track remote branch master from origin.']"
}


PLAY [ruibo-nginx] *************************************************************

PLAY [127.0.0.1] ***************************************************************

PLAY RECAP *********************************************************************

119.9.116.251              : ok=10   changed=3    unreachable=0    failed=0    skipped=2    rescued=0    ignored=0   
127.0.0.1                  : ok=2    changed=1    unreachable=0    failed=0    skipped=0    rescued=0    ignored=0   
13.78.36.109               : ok=10   changed=3    unreachable=0    failed=0    skipped=2    rescued=0    ignored=0   


ESYNC_WORKER1_COMMAND_END
MAX RETRIES EXECUTED, COMMAND NOT RESPONDING