ESYNC_WORKER1_COMMAND_START
[WARNING]: Invalid characters were found in group names but not replaced, use
-vvvv to see details

PLAY [ruibo-nginx] *************************************************************


TASK [Gathering Facts] *********************************************************
ok: [13.78.36.109]
ok: [119.9.116.251]

TASK [nginx_sync : Change python interpreter] **********************************

skipping: [119.9.116.251]
skipping: [13.78.36.109]

TASK [nginx_sync : change python interpreter] **********************************
skipping: [119.9.116.251]

skipping: [13.78.36.109]

TASK [nginx_sync : Notify] *****************************************************
ok: [119.9.116.251] => {
    "msg": "Syncing ruibo-nginx"

}
ok: [13.78.36.109] => {
    "msg": "Syncing ruibo-nginx"
}


TASK [nginx_sync : include_vars] ***********************************************
ok: [119.9.116.251]
ok: [13.78.36.109]

TASK [nginx_sync : Synchronizing Nginx] ****************************************

ok: [119.9.116.251] => (item=conf)
changed: [119.9.116.251] => (item=conf.d)
ok: [13.78.36.109] => (item=conf)
changed: [119.9.116.251] => (item=data)
changed: [119.9.116.251] => (item=html)

changed: [13.78.36.109] => (item=conf.d)
changed: [13.78.36.109] => (item=data)
changed: [13.78.36.109] => (item=html)

TASK [nginx_sync : Set HTML Dir to root] ***************************************

changed: [119.9.116.251]
changed: [13.78.36.109]

TASK [all_servers : include_vars] **********************************************
ok: [119.9.116.251]

ok: [13.78.36.109]

TASK [all_servers : Notify] ****************************************************
ok: [119.9.116.251] => {
    "msg": "Clearing Nginx Cache for ruibo-nginx"

}
ok: [13.78.36.109] => {
    "msg": "Clearing Nginx Cache for ruibo-nginx"
}


TASK [all_servers : Copying clear_nginxcache.sh to remote hosts] ***************
ok: [119.9.116.251]
ok: [13.78.36.109]

TASK [all_servers : Nginx Clear Cache] *****************************************

changed: [119.9.116.251]
changed: [13.78.36.109]

TASK [all_servers : debug] *****************************************************
ok: [119.9.116.251] => {

    "script_result.stdout_lines": [
        "-----------------------------------------------------------", 
        "|                 Checking Nginx Config                   |", 
        "-----------------------------------------------------------", 
        "", 

        " nginx -t ", 
        "", 
        "-----------------------------------------------------------", 
        "|                 Stopping Nginx Process                  |", 
        "-----------------------------------------------------------", 

        "", 
        " /usr/bin/killall -9 nginx ", 
        "", 
        "-----------------------------------------------------------", 
        "|                 Clearing Proxy Cache                    |", 

        "-----------------------------------------------------------", 
        "", 
        " /bin/rm -rf /tmp/nginx_cache ", 
        "", 
        "-----------------------------------------------------------", 

        "|                Restarting Nginx Process                 |", 
        "-----------------------------------------------------------", 
        "root     19785  2.3  0.0 113288  1476 ?        S    04:52   0:00 /bin/bash /bak/bin/clear_nginxcache.sh", 
        "root     19792  0.5  6.3 620048 119844 ?       Ss   04:52   0:00 nginx: master process /usr/local/nginx/sbin/nginx", 
        "nobody   19794  0.5  6.6 766860 125068 ?       S    04:52   0:00 nginx: worker process", 

        "nobody   19795  0.5  6.6 766860 125224 ?       S    04:52   0:00 nginx: worker process", 
        "nobody   19796  0.0  6.5 766860 123404 ?       S    04:52   0:00 nginx: worker process", 
        "nobody   19797  0.0  6.6 766860 124588 ?       S    04:52   0:00 nginx: worker process", 
        "nobody   19798  0.0  6.4 764536 120268 ?       S    04:52   0:00 nginx: cache manager process", 
        "nobody   19799  0.0  6.4 764536 120268 ?       S    04:52   0:00 nginx: cache loader process", 

        "root     19801  0.0  0.0 112812   952 ?        S    04:52   0:00 grep nginx", 
        "              total        used        free      shared  buff/cache   available", 
        "Mem:           1832         428         527         239         875         987", 
        "Swap:             0           0           0", 
        "-----------------------------------------------------------", 

        "|                     Reload SUCCESS!                     |", 
        "-----------------------------------------------------------"
    ]
}
ok: [13.78.36.109] => {

    "script_result.stdout_lines": [
        "-----------------------------------------------------------", 
        "|                 Checking Nginx Config                   |", 
        "-----------------------------------------------------------", 
        "", 

        " nginx -t ", 
        "", 
        "-----------------------------------------------------------", 
        "|                 Stopping Nginx Process                  |", 
        "-----------------------------------------------------------", 

        "", 
        " /usr/bin/killall -9 nginx ", 
        "", 
        "-----------------------------------------------------------", 
        "|                 Clearing Proxy Cache                    |", 

        "-----------------------------------------------------------", 
        "", 
        " /bin/rm -rf /tmp/nginx_cache ", 
        "", 
        "-----------------------------------------------------------", 

        "|                Restarting Nginx Process                 |", 
        "-----------------------------------------------------------", 
        "root      64158  0.5  0.0 113188  1484 ?        S    04:52   0:00 /bin/bash /bak/bin/clear_nginxcache.sh", 
        "root      64166  0.5  2.9 618028 119748 ?       Ss   04:52   0:00 nginx: master process /usr/local/nginx/sbin/nginx", 
        "nobody    64167  0.0  3.0 766924 123660 ?       S    04:52   0:00 nginx: worker process", 

        "nobody    64169  0.0  3.0 766924 123660 ?       S    04:52   0:00 nginx: worker process", 
        "nobody    64170  0.0  3.1 766924 125336 ?       S    04:52   0:00 nginx: worker process", 
        "nobody    64171  0.0  3.0 766924 123660 ?       S    04:52   0:00 nginx: worker process", 
        "nobody    64172  0.0  2.9 764600 120276 ?       S    04:52   0:00 nginx: cache manager process", 
        "nobody    64173  0.0  2.9 764600 120276 ?       S    04:52   0:00 nginx: cache loader process", 

        "root      64177  0.0  0.0 112712   940 ?        S    04:52   0:00 grep nginx", 
        "              total        used        free      shared  buff/cache   available", 
        "Mem:           3931         483         438         344        3009        2813", 
        "Swap:             0           0           0", 
        "-----------------------------------------------------------", 

        "|                     Reload SUCCESS!                     |", 
        "-----------------------------------------------------------"
    ]
}


PLAY [127.0.0.1] ***************************************************************

TASK [sync_to_git : Synchronizing Nginx To GIT] ********************************
changed: [127.0.0.1]


TASK [sync_to_git : debug] *****************************************************
ok: [127.0.0.1] => {
    "msg": " [u'[master 13a243f] james.cadelina', u' 2 files changed, 3 insertions(+)', u'Branch master set up to track remote branch master from origin.']"
}


PLAY [ruibo-nginx] *************************************************************

PLAY [127.0.0.1] ***************************************************************

PLAY RECAP *********************************************************************

119.9.116.251              : ok=10   changed=3    unreachable=0    failed=0    skipped=2    rescued=0    ignored=0   
127.0.0.1                  : ok=2    changed=1    unreachable=0    failed=0    skipped=0    rescued=0    ignored=0   
13.78.36.109               : ok=10   changed=3    unreachable=0    failed=0    skipped=2    rescued=0    ignored=0   


ESYNC_WORKER1_COMMAND_END
MAX RETRIES EXECUTED, COMMAND NOT RESPONDING