ESYNC_WORKER1_COMMAND_START

PLAY [ruibo-nginx] *************************************************************

TASK [nginx_sync : Notify] *****************************************************
ok: [23.99.120.65] => {

    "msg": "Syncing ruibo-nginx"
}
ok: [119.9.108.253] => {
    "msg": "Syncing ruibo-nginx"
}

ok: [168.63.221.64] => {
    "msg": "Syncing ruibo-nginx"
}
ok: [161.202.34.67] => {
    "msg": "Syncing ruibo-nginx"

}
ok: [23.99.116.82] => {
    "msg": "Syncing ruibo-nginx"
}


TASK [nginx_sync : include_vars] ***********************************************
ok: [23.99.120.65]
ok: [119.9.108.253]
ok: [168.63.221.64]
ok: [161.202.34.67]

ok: [23.99.116.82]

TASK [nginx_sync : Synchronizing Nginx] ****************************************
ok: [119.9.108.253] => (item=conf)
ok: [168.63.221.64] => (item=conf)

changed: [23.99.120.65] => (item=conf)
ok: [23.99.116.82] => (item=conf)
ok: [161.202.34.67] => (item=conf)
changed: [168.63.221.64] => (item=conf.d)
changed: [119.9.108.253] => (item=conf.d)

ok: [168.63.221.64] => (item=data)
changed: [23.99.120.65] => (item=conf.d)
changed: [23.99.116.82] => (item=conf.d)
ok: [119.9.108.253] => (item=data)
ok: [168.63.221.64] => (item=html)

ok: [23.99.120.65] => (item=data)
ok: [23.99.116.82] => (item=data)
changed: [161.202.34.67] => (item=conf.d)
ok: [119.9.108.253] => (item=html)
ok: [23.99.120.65] => (item=html)

ok: [23.99.116.82] => (item=html)
ok: [161.202.34.67] => (item=data)
ok: [161.202.34.67] => (item=html)

TASK [all_servers : include_vars] **********************************************

ok: [23.99.120.65]
ok: [119.9.108.253]
ok: [168.63.221.64]
ok: [161.202.34.67]
ok: [23.99.116.82]


TASK [all_servers : Notify] ****************************************************
ok: [23.99.120.65] => {
    "msg": "Clearing Nginx Cache for ruibo-nginx"
}

ok: [119.9.108.253] => {
    "msg": "Clearing Nginx Cache for ruibo-nginx"
}
ok: [168.63.221.64] => {
    "msg": "Clearing Nginx Cache for ruibo-nginx"

}
ok: [161.202.34.67] => {
    "msg": "Clearing Nginx Cache for ruibo-nginx"
}
ok: [23.99.116.82] => {

    "msg": "Clearing Nginx Cache for ruibo-nginx"
}

TASK [all_servers : Copying clear_nginxcache.sh to remote hosts] ***************
ok: [119.9.108.253]

ok: [23.99.120.65]
ok: [168.63.221.64]
ok: [161.202.34.67]
ok: [23.99.116.82]


TASK [all_servers : Nginx Clear Cache] *****************************************
changed: [119.9.108.253]
changed: [23.99.120.65]
changed: [168.63.221.64]
changed: [161.202.34.67]

changed: [23.99.116.82]

TASK [all_servers : debug] *****************************************************
ok: [23.99.120.65] => {
    "script_result.stdout_lines": [

        "-----------------------------------------------------------", 
        "|                 Checking Nginx Config                   |", 
        "-----------------------------------------------------------", 
        "", 
        " nginx -t ", 

        "", 
        "-----------------------------------------------------------", 
        "|                 Stopping Nginx Process                  |", 
        "-----------------------------------------------------------", 
        "", 

        " /usr/bin/killall -9 nginx ", 
        "", 
        "-----------------------------------------------------------", 
        "|                 Clearing Proxy Cache                    |", 
        "-----------------------------------------------------------", 

        "", 
        " /bin/rm -rf /tmp/nginx_cache ", 
        "", 
        "-----------------------------------------------------------", 
        "|                Restarting Nginx Process                 |", 

        "-----------------------------------------------------------", 
        "root      11277  0.0  0.0   9120   656 ?        Ss    2018   0:00 /sbin/dhclient -H ruibo-nginx1.hk.az.monaco1.me -1 -q -lf /var/lib/dhclient/dhclient-eth0.leases -pf /var/run/dhclient-eth0.pid eth0", 
        "root      11461  0.0  0.0 106120  1284 ?        S    11:52   0:00 /bin/bash /bak/bin/clear_nginxcache.sh", 
        "root      11470  0.0  2.5 479104 89624 ?        Ss   11:52   0:00 nginx: master process /usr/local/nginx/sbin/nginx", 
        "nobody    11471  0.3  2.7 481032 98428 ?        S    11:52   0:00 nginx: worker process      ", 

        "nobody    11472  1.0  2.8 481168 99604 ?        S    11:52   0:00 nginx: worker process      ", 
        "nobody    11473  0.3  2.8 481032 99624 ?        S    11:52   0:00 nginx: worker process      ", 
        "nobody    11474  0.0  2.8 481032 99304 ?        S    11:52   0:00 nginx: worker process      ", 
        "nobody    11475  0.3  2.7 479104 95324 ?        S    11:52   0:00 nginx: cache manager process", 
        "nobody    11476  0.0  2.7 479104 95336 ?        S    11:52   0:00 nginx: cache loader process", 

        "root      11482  0.0  0.0 103328   844 ?        S    11:52   0:00 grep nginx", 
        "             total       used       free     shared    buffers     cached", 
        "Mem:          3440       2998        442          7        405        471", 
        "-/+ buffers/cache:       2121       1319", 
        "Swap:            0          0          0", 

        "-----------------------------------------------------------", 
        "|                     Reload SUCCESS!                     |", 
        "-----------------------------------------------------------"
    ]
}

ok: [119.9.108.253] => {
    "script_result.stdout_lines": [
        "-----------------------------------------------------------", 
        "|                 Checking Nginx Config                   |", 
        "-----------------------------------------------------------", 

        "", 
        " nginx -t ", 
        "", 
        "-----------------------------------------------------------", 
        "|                 Stopping Nginx Process                  |", 

        "-----------------------------------------------------------", 
        "", 
        " /usr/bin/killall -9 nginx ", 
        "", 
        "-----------------------------------------------------------", 

        "|                 Clearing Proxy Cache                    |", 
        "-----------------------------------------------------------", 
        "", 
        " /bin/rm -rf /tmp/nginx_cache ", 
        "", 

        "-----------------------------------------------------------", 
        "|                Restarting Nginx Process                 |", 
        "-----------------------------------------------------------", 
        "root     21678  0.0  0.0 106084  1428 ?        S    11:52   0:00 /bin/bash /bak/bin/clear_nginxcache.sh", 
        "root     21684  0.0  1.0 479108 89684 ?        Ss   11:52   0:00 nginx: master process /usr/local/nginx/sbin/nginx", 

        "nobody   21686  1.6  1.2 481188 105564 ?       S    11:52   0:00 nginx: worker process      ", 
        "nobody   21687  1.3  1.2 481036 105532 ?       S    11:52   0:00 nginx: worker process      ", 
        "nobody   21688  1.6  1.2 481184 105528 ?       S    11:52   0:00 nginx: worker process      ", 
        "nobody   21689  1.6  1.2 481172 105516 ?       S    11:52   0:00 nginx: worker process      ", 
        "nobody   21690  0.6  1.2 479108 101212 ?       S    11:52   0:00 nginx: cache manager process", 

        "nobody   21691  1.0  1.2 479108 101192 ?       S    11:52   0:00 nginx: cache loader process", 
        "root     21693  0.0  0.0 103324   892 ?        S    11:52   0:00 grep nginx", 
        "             total       used       free     shared    buffers     cached", 
        "Mem:          7994       7317        676         14        290        630", 
        "-/+ buffers/cache:       6395       1598", 

        "Swap:            0          0          0", 
        "-----------------------------------------------------------", 
        "|                     Reload SUCCESS!                     |", 
        "-----------------------------------------------------------"
    ]

}
ok: [168.63.221.64] => {
    "script_result.stdout_lines": [
        "-----------------------------------------------------------", 
        "|                 Checking Nginx Config                   |", 

        "-----------------------------------------------------------", 
        "", 
        " nginx -t ", 
        "", 
        "-----------------------------------------------------------", 

        "|                 Stopping Nginx Process                  |", 
        "-----------------------------------------------------------", 
        "", 
        " /usr/bin/killall -9 nginx ", 
        "", 

        "-----------------------------------------------------------", 
        "|                 Clearing Proxy Cache                    |", 
        "-----------------------------------------------------------", 
        "", 
        " /bin/rm -rf /tmp/nginx_cache ", 

        "", 
        "-----------------------------------------------------------", 
        "|                Restarting Nginx Process                 |", 
        "-----------------------------------------------------------", 
        "root       9019  0.0  0.0   9120   664 ?        Ss    2018   0:00 /sbin/dhclient -H ruibo-nginx5.hk.az.monaco1.me -1 -q -lf /var/lib/dhclient/dhclient-eth0.leases -pf /var/run/dhclient-eth0.pid eth0", 

        "root      37134  0.0  0.0 106120  1284 ?        S    11:52   0:00 /bin/bash /bak/bin/clear_nginxcache.sh", 
        "root      37143  0.0  2.5 479104 89628 ?        Ss   11:52   0:00 nginx: master process /usr/local/nginx/sbin/nginx", 
        "nobody    37145  0.0  2.7 481032 97092 ?        S    11:52   0:00 nginx: worker process      ", 
        "nobody    37146  0.3  2.7 481032 98268 ?        S    11:52   0:00 nginx: worker process      ", 
        "nobody    37147  0.3  2.7 481032 98264 ?        S    11:52   0:00 nginx: worker process      ", 

        "nobody    37148  0.3  2.7 481032 97120 ?        S    11:52   0:00 nginx: worker process      ", 
        "nobody    37149  0.0  2.6 479104 94024 ?        S    11:52   0:00 nginx: cache manager process", 
        "nobody    37150  0.0  2.6 479104 94004 ?        S    11:52   0:00 nginx: cache loader process", 
        "root      37156  0.0  0.0 103328   848 ?        S    11:52   0:00 grep nginx", 
        "             total       used       free     shared    buffers     cached", 

        "Mem:          3440       2985        455          6        262        442", 
        "-/+ buffers/cache:       2280       1159", 
        "Swap:            0          0          0", 
        "-----------------------------------------------------------", 
        "|                     Reload SUCCESS!                     |", 

        "-----------------------------------------------------------"
    ]
}
ok: [161.202.34.67] => {
    "script_result.stdout_lines": [

        "-----------------------------------------------------------", 
        "|                 Checking Nginx Config                   |", 
        "-----------------------------------------------------------", 
        "", 
        " nginx -t ", 

        "", 
        "-----------------------------------------------------------", 
        "|                 Stopping Nginx Process                  |", 
        "-----------------------------------------------------------", 
        "", 

        " /usr/bin/killall -9 nginx ", 
        "", 
        "-----------------------------------------------------------", 
        "|                 Clearing Proxy Cache                    |", 
        "-----------------------------------------------------------", 

        "", 
        " /bin/rm -rf /tmp/nginx_cache ", 
        "", 
        "-----------------------------------------------------------", 
        "|                Restarting Nginx Process                 |", 

        "-----------------------------------------------------------", 
        "root     20699  2.4  0.0 106112  1272 ?        S    11:52   0:00 /bin/bash /bak/bin/clear_nginxcache.sh", 
        "root     20835 16.6  2.2 479112 89636 ?        Ss   11:52   0:00 nginx: master process /usr/local/nginx/sbin/nginx", 
        "nobody   20837  2.6  2.4 481040 97748 ?        S    11:52   0:00 nginx: worker process      ", 
        "nobody   20838  3.0  2.4 481372 99148 ?        S    11:52   0:00 nginx: worker process      ", 

        "nobody   20839  3.0  2.4 481040 98916 ?        S    11:52   0:00 nginx: worker process      ", 
        "nobody   20840  2.5  2.4 481040 98744 ?        S    11:52   0:00 nginx: worker process      ", 
        "nobody   20841  1.5  2.3 479112 94600 ?        S    11:52   0:00 nginx: cache manager process", 
        "nobody   20842  1.5  2.3 479112 94564 ?        S    11:52   0:00 nginx: cache loader process", 
        "root     20844  0.0  0.0 103316   836 ?        S    11:52   0:00 grep nginx", 

        "             total       used       free     shared    buffers     cached", 
        "Mem:          3880       3724        156          6        555        295", 
        "-/+ buffers/cache:       2873       1007", 
        "Swap:         2047          6       2040", 
        "-----------------------------------------------------------", 

        "|                     Reload SUCCESS!                     |", 
        "-----------------------------------------------------------"
    ]
}
ok: [23.99.116.82] => {

    "script_result.stdout_lines": [
        "-----------------------------------------------------------", 
        "|                 Checking Nginx Config                   |", 
        "-----------------------------------------------------------", 
        "", 

        " nginx -t ", 
        "", 
        "-----------------------------------------------------------", 
        "|                 Stopping Nginx Process                  |", 
        "-----------------------------------------------------------", 

        "", 
        " /usr/bin/killall -9 nginx ", 
        "", 
        "-----------------------------------------------------------", 
        "|                 Clearing Proxy Cache                    |", 

        "-----------------------------------------------------------", 
        "", 
        " /bin/rm -rf /tmp/nginx_cache ", 
        "", 
        "-----------------------------------------------------------", 

        "|                Restarting Nginx Process                 |", 
        "-----------------------------------------------------------", 
        "root      60372  0.0  0.0 106112  1284 ?        S    11:52   0:00 /bin/bash /bak/bin/clear_nginxcache.sh", 
        "root      60378  0.0  2.5 479576 89640 ?        Ss   11:52   0:00 nginx: master process /usr/local/nginx/sbin/nginx", 
        "nobody    60380  1.0  2.8 481504 100060 ?       S    11:52   0:00 nginx: worker process      ", 

        "nobody    60381  0.5  2.8 481504 101232 ?       S    11:52   0:00 nginx: worker process      ", 
        "nobody    60382  1.0  2.8 481504 100912 ?       S    11:52   0:00 nginx: worker process      ", 
        "nobody    60383  0.5  2.8 481504 100024 ?       S    11:52   0:00 nginx: worker process      ", 
        "nobody    60384  1.0  2.7 479576 96920 ?        S    11:52   0:00 nginx: cache manager process", 
        "nobody    60385  0.0  2.7 479576 96928 ?        S    11:52   0:00 nginx: cache loader process", 

        "root      60387  0.0  0.0 103264   832 ?        S    11:52   0:00 grep nginx", 
        "root      86570  0.0  0.0   9120   640 ?        Ss    2018   0:00 /sbin/dhclient -H ruibo-nginx8.hk.az.monaco1.me -1 -q -cf /etc/dhcp/dhclient-eth0.conf -lf /var/lib/dhclient/dhclient-eth0.leases -pf /var/run/dhclient-eth0.pid eth0", 
        "             total       used       free     shared    buffers     cached", 
        "Mem:          3440       3122        318          0        447        323", 
        "-/+ buffers/cache:       2352       1088", 

        "Swap:            0          0          0", 
        "-----------------------------------------------------------", 
        "|                     Reload SUCCESS!                     |", 
        "-----------------------------------------------------------"
    ]

}

PLAY [127.0.0.1] ***************************************************************

TASK [sync_to_git : Synchronizing Nginx To GIT] ********************************

changed: [127.0.0.1]

TASK [sync_to_git : debug] *****************************************************
ok: [127.0.0.1] => {
    "script_result.stdout_lines": [

        "[master 9080561] jax.laut", 
        " 1 file changed, 5 insertions(+), 3 deletions(-)", 
        "Branch master set up to track remote branch master from origin."
    ]
}


PLAY [ruibo-nginx] *************************************************************

PLAY [127.0.0.1] ***************************************************************


PLAY RECAP *********************************************************************
119.9.108.253              : ok=8    changed=2    unreachable=0    failed=0   
127.0.0.1                  : ok=2    changed=1    unreachable=0    failed=0   
161.202.34.67              : ok=8    changed=2    unreachable=0    failed=0   
168.63.221.64              : ok=8    changed=2    unreachable=0    failed=0   

23.99.116.82               : ok=8    changed=2    unreachable=0    failed=0   
23.99.120.65               : ok=8    changed=2    unreachable=0    failed=0   


ESYNC_WORKER1_COMMAND_END
MAX RETRIES EXECUTED, COMMAND NOT RESPONDING