FILENAME: 80-443/b9009.com.conf
-  
+  server {
+      listen 80;
+      server_name b9009.com www.b9009.com;
+      rewrite ^(.*)$ https://www.b9009.com$1 permanent;
+  }
+  
+  server {
+      listen 443;
+      server_name b9009.com www.b9009.com;
+      ssl on;
+      ssl_certificate /usr/local/nginx/conf.d/ssl/b9009.com/fullchain.pem;
+      ssl_certificate_key /usr/local/nginx/conf.d/ssl/b9009.com/privkey.pem;
+  
+      if ($http_host !~* 'www') {
+          rewrite ^(.*)$ https://www.$http_host$1 permanent;
+      }
+  
+      include /usr/local/nginx/conf.d/include/ruibo_official_masterconfig.include;
+  }
+  
+  

