ESYNC_WORKER1_COMMAND_START
[WARNING]: Invalid characters were found in group names but not replaced, use
-vvvv to see details

PLAY [ruibo-nginx] *************************************************************


TASK [Gathering Facts] *********************************************************
ok: [13.78.36.109]
ok: [119.9.116.251]

TASK [nginx_sync : Change python interpreter] **********************************

skipping: [119.9.116.251]
skipping: [13.78.36.109]

TASK [nginx_sync : change python interpreter] **********************************
skipping: [119.9.116.251]

skipping: [13.78.36.109]

TASK [nginx_sync : Notify] *****************************************************
ok: [119.9.116.251] => {
    "msg": "Syncing ruibo-nginx"

}
ok: [13.78.36.109] => {
    "msg": "Syncing ruibo-nginx"
}


TASK [nginx_sync : include_vars] ***********************************************
ok: [119.9.116.251]
ok: [13.78.36.109]

TASK [nginx_sync : Synchronizing Nginx] ****************************************

ok: [119.9.116.251] => (item=conf)
changed: [119.9.116.251] => (item=conf.d)
ok: [119.9.116.251] => (item=data)
ok: [13.78.36.109] => (item=conf)
changed: [119.9.116.251] => (item=html)

changed: [13.78.36.109] => (item=conf.d)
ok: [13.78.36.109] => (item=data)
changed: [13.78.36.109] => (item=html)

TASK [nginx_sync : Set HTML Dir to root] ***************************************

changed: [119.9.116.251]
changed: [13.78.36.109]

TASK [all_servers : include_vars] **********************************************
ok: [119.9.116.251]

ok: [13.78.36.109]

TASK [all_servers : Notify] ****************************************************
ok: [119.9.116.251] => {
    "msg": "Clearing Nginx Cache for ruibo-nginx"

}
ok: [13.78.36.109] => {
    "msg": "Clearing Nginx Cache for ruibo-nginx"
}


TASK [all_servers : Copying clear_nginxcache.sh to remote hosts] ***************
ok: [119.9.116.251]
ok: [13.78.36.109]

TASK [all_servers : Nginx Clear Cache] *****************************************

changed: [13.78.36.109]
changed: [119.9.116.251]

TASK [all_servers : debug] *****************************************************
ok: [119.9.116.251] => {

    "script_result.stdout_lines": [
        "-----------------------------------------------------------", 
        "|                 Checking Nginx Config                   |", 
        "-----------------------------------------------------------", 
        "", 

        " nginx -t ", 
        "", 
        "-----------------------------------------------------------", 
        "|                 Stopping Nginx Process                  |", 
        "-----------------------------------------------------------", 

        "", 
        " /usr/bin/killall -9 nginx ", 
        "", 
        "-----------------------------------------------------------", 
        "|                 Clearing Proxy Cache                    |", 

        "-----------------------------------------------------------", 
        "", 
        " /bin/rm -rf /tmp/nginx_cache ", 
        "", 
        "-----------------------------------------------------------", 

        "|                Restarting Nginx Process                 |", 
        "-----------------------------------------------------------", 
        "root     11895  0.0  0.2 149496  5340 pts/0    S+   15:50   0:00 vim /usr/local/nginx/conf.d/global/whitelist_map.conf", 
        "root     14837  1.7  0.0 113288  1476 ?        S    16:01   0:00 /bin/bash /bak/bin/clear_nginxcache.sh", 
        "root     14848  0.3  6.4 611292 120380 ?       Ss   16:01   0:00 nginx: master process /usr/local/nginx/sbin/nginx", 

        "nobody   14849  1.6  6.7 758548 125908 ?       S    16:01   0:00 nginx: worker process", 
        "nobody   14851  2.0  6.7 758840 126220 ?       S    16:01   0:00 nginx: worker process", 
        "nobody   14852  2.0  6.7 758536 126068 ?       S    16:01   0:00 nginx: worker process", 
        "nobody   14853  1.3  6.7 758400 125972 ?       S    16:01   0:00 nginx: worker process", 
        "nobody   14854  0.0  6.4 755780 120804 ?       S    16:01   0:00 nginx: cache manager process", 

        "nobody   14855  0.0  6.4 755780 120804 ?       S    16:01   0:00 nginx: cache loader process", 
        "root     14859  0.0  0.0 112816   948 ?        S    16:01   0:00 grep nginx", 
        "              total        used        free      shared  buff/cache   available", 
        "Mem:           1832         501         361         239         969         930", 
        "Swap:             0           0           0", 

        "-----------------------------------------------------------", 
        "|                     Reload SUCCESS!                     |", 
        "-----------------------------------------------------------"
    ]
}

ok: [13.78.36.109] => {
    "script_result.stdout_lines": [
        "-----------------------------------------------------------", 
        "|                 Checking Nginx Config                   |", 
        "-----------------------------------------------------------", 

        "", 
        " nginx -t ", 
        "", 
        "-----------------------------------------------------------", 
        "|                 Stopping Nginx Process                  |", 

        "-----------------------------------------------------------", 
        "", 
        " /usr/bin/killall -9 nginx ", 
        "", 
        "-----------------------------------------------------------", 

        "|                 Clearing Proxy Cache                    |", 
        "-----------------------------------------------------------", 
        "", 
        " /bin/rm -rf /tmp/nginx_cache ", 
        "", 

        "-----------------------------------------------------------", 
        "|                Restarting Nginx Process                 |", 
        "-----------------------------------------------------------", 
        "root      96838  0.5  0.0 113188  1480 ?        S    16:01   0:00 /bin/bash /bak/bin/clear_nginxcache.sh", 
        "root      96847  0.5  2.9 609272 120288 ?       Ss   16:01   0:00 nginx: master process /usr/local/nginx/sbin/nginx", 

        "nobody    96848  0.0  3.1 758168 125932 ?       S    16:01   0:00 nginx: worker process", 
        "nobody    96850  0.5  3.1 758168 125488 ?       S    16:01   0:00 nginx: worker process", 
        "nobody    96851  0.5  3.1 758168 125980 ?       S    16:01   0:00 nginx: worker process", 
        "nobody    96852  0.0  3.1 758168 125964 ?       S    16:01   0:00 nginx: worker process", 
        "nobody    96853  0.0  3.0 755844 121052 ?       S    16:01   0:00 nginx: cache manager process", 

        "nobody    96854  0.0  3.0 755844 120816 ?       S    16:01   0:00 nginx: cache loader process", 
        "root      96857  0.0  0.0 112712   940 ?        S    16:01   0:00 grep nginx", 
        "              total        used        free      shared  buff/cache   available", 
        "Mem:           3931         486         337         344        3108        2811", 
        "Swap:             0           0           0", 

        "-----------------------------------------------------------", 
        "|                     Reload SUCCESS!                     |", 
        "-----------------------------------------------------------"
    ]
}


PLAY [127.0.0.1] ***************************************************************

TASK [sync_to_git : Synchronizing Nginx To GIT] ********************************
changed: [127.0.0.1]


TASK [sync_to_git : debug] *****************************************************
ok: [127.0.0.1] => {
    "msg": " [u'[master 084637b] leriza.muralla', u' 1 file changed, 2 insertions(+)', u'Branch master set up to track remote branch master from origin.']"
}


PLAY [ruibo-nginx] *************************************************************

PLAY [127.0.0.1] ***************************************************************


PLAY RECAP *********************************************************************
119.9.116.251              : ok=10   changed=3    unreachable=0    failed=0    skipped=2    rescued=0    ignored=0   
127.0.0.1                  : ok=2    changed=1    unreachable=0    failed=0    skipped=0    rescued=0    ignored=0   
13.78.36.109               : ok=10   changed=3    unreachable=0    failed=0    skipped=2    rescued=0    ignored=0   



ESYNC_WORKER1_COMMAND_END
MAX RETRIES EXECUTED, COMMAND NOT RESPONDING