ESYNC_WORKER1_COMMAND_START
[WARNING]: Invalid characters were found in group names but not replaced, use
-vvvv to see details

PLAY [ruibo-nginx] *************************************************************


TASK [Gathering Facts] *********************************************************
ok: [13.78.36.109]
ok: [119.9.116.251]

TASK [nginx_sync : Change python interpreter] **********************************

skipping: [119.9.116.251]
skipping: [13.78.36.109]

TASK [nginx_sync : change python interpreter] **********************************
skipping: [119.9.116.251]

skipping: [13.78.36.109]

TASK [nginx_sync : Notify] *****************************************************
ok: [119.9.116.251] => {
    "msg": "Syncing ruibo-nginx"

}
ok: [13.78.36.109] => {
    "msg": "Syncing ruibo-nginx"
}


TASK [nginx_sync : include_vars] ***********************************************
ok: [119.9.116.251]
ok: [13.78.36.109]

TASK [nginx_sync : Synchronizing Nginx] ****************************************

ok: [119.9.116.251] => (item=conf)
changed: [119.9.116.251] => (item=conf.d)
ok: [13.78.36.109] => (item=conf)
changed: [119.9.116.251] => (item=data)
changed: [119.9.116.251] => (item=html)

changed: [13.78.36.109] => (item=conf.d)
changed: [13.78.36.109] => (item=data)
changed: [13.78.36.109] => (item=html)

TASK [nginx_sync : Set HTML Dir to root] ***************************************

changed: [119.9.116.251]
changed: [13.78.36.109]

TASK [all_servers : include_vars] **********************************************
ok: [119.9.116.251]

ok: [13.78.36.109]

TASK [all_servers : Notify] ****************************************************
ok: [119.9.116.251] => {
    "msg": "Clearing Nginx Cache for ruibo-nginx"

}
ok: [13.78.36.109] => {
    "msg": "Clearing Nginx Cache for ruibo-nginx"
}


TASK [all_servers : Copying clear_nginxcache.sh to remote hosts] ***************
ok: [119.9.116.251]
ok: [13.78.36.109]

TASK [all_servers : Nginx Clear Cache] *****************************************

changed: [13.78.36.109]
changed: [119.9.116.251]

TASK [all_servers : debug] *****************************************************
ok: [119.9.116.251] => {

    "script_result.stdout_lines": [
        "-----------------------------------------------------------", 
        "|                 Checking Nginx Config                   |", 
        "-----------------------------------------------------------", 
        "", 

        " nginx -t ", 
        "", 
        "-----------------------------------------------------------", 
        "|                 Stopping Nginx Process                  |", 
        "-----------------------------------------------------------", 

        "", 
        " /usr/bin/killall -9 nginx ", 
        "", 
        "-----------------------------------------------------------", 
        "|                 Clearing Proxy Cache                    |", 

        "-----------------------------------------------------------", 
        "", 
        " /bin/rm -rf /tmp/nginx_cache ", 
        "", 
        "-----------------------------------------------------------", 

        "|                Restarting Nginx Process                 |", 
        "-----------------------------------------------------------", 
        "root      9020  1.7  0.0 113288  1476 ?        S    08:21   0:00 /bin/bash /bak/bin/clear_nginxcache.sh", 
        "root      9099  0.3  6.4 608876 120384 ?       Ss   08:21   0:00 nginx: master process /usr/local/nginx/sbin/nginx", 
        "nobody    9100  0.6  6.7 755688 125856 ?       R    08:21   0:00 nginx: worker process", 

        "nobody    9102  0.6  6.7 755688 125876 ?       S    08:21   0:00 nginx: worker process", 
        "nobody    9103  0.3  6.7 755688 125812 ?       R    08:21   0:00 nginx: worker process", 
        "nobody    9104  0.3  6.7 755688 125784 ?       S    08:21   0:00 nginx: worker process", 
        "nobody    9105  0.0  6.4 753364 120808 ?       S    08:21   0:00 nginx: cache manager process", 
        "nobody    9106  0.0  6.4 753364 120808 ?       S    08:21   0:00 nginx: cache loader process", 

        "root      9156  0.0  0.0 112812   952 ?        R    08:21   0:00 grep nginx", 
        "              total        used        free      shared  buff/cache   available", 
        "Mem:           1832         520         554         239         757         911", 
        "Swap:             0           0           0", 
        "-----------------------------------------------------------", 

        "|                     Reload SUCCESS!                     |", 
        "-----------------------------------------------------------"
    ]
}
ok: [13.78.36.109] => {

    "script_result.stdout_lines": [
        "-----------------------------------------------------------", 
        "|                 Checking Nginx Config                   |", 
        "-----------------------------------------------------------", 
        "", 

        " nginx -t ", 
        "", 
        "-----------------------------------------------------------", 
        "|                 Stopping Nginx Process                  |", 
        "-----------------------------------------------------------", 

        "", 
        " /usr/bin/killall -9 nginx ", 
        "", 
        "-----------------------------------------------------------", 
        "|                 Clearing Proxy Cache                    |", 

        "-----------------------------------------------------------", 
        "", 
        " /bin/rm -rf /tmp/nginx_cache ", 
        "", 
        "-----------------------------------------------------------", 

        "|                Restarting Nginx Process                 |", 
        "-----------------------------------------------------------", 
        "root      38736  0.5  0.0 113188  1484 ?        S    08:21   0:00 /bin/bash /bak/bin/clear_nginxcache.sh", 
        "root      38743  0.5  2.9 606856 120288 ?       Ss   08:21   0:00 nginx: master process /usr/local/nginx/sbin/nginx", 
        "nobody    38744  0.0  3.1 755752 125796 ?       S    08:21   0:00 nginx: worker process", 

        "nobody    38746  0.0  3.1 755752 125528 ?       S    08:21   0:00 nginx: worker process", 
        "nobody    38747  0.0  3.1 755752 125876 ?       S    08:21   0:00 nginx: worker process", 
        "nobody    38748  0.0  3.1 755752 125376 ?       S    08:21   0:00 nginx: worker process", 
        "nobody    38749  0.0  3.0 753428 121048 ?       S    08:21   0:00 nginx: cache manager process", 
        "nobody    38750  0.0  3.0 753428 120816 ?       S    08:21   0:00 nginx: cache loader process", 

        "root      38752  0.0  0.0 112712   936 ?        S    08:21   0:00 grep nginx", 
        "              total        used        free      shared  buff/cache   available", 
        "Mem:           3931         473         572         344        2885        2823", 
        "Swap:             0           0           0", 
        "-----------------------------------------------------------", 

        "|                     Reload SUCCESS!                     |", 
        "-----------------------------------------------------------"
    ]
}


PLAY [127.0.0.1] ***************************************************************

TASK [sync_to_git : Synchronizing Nginx To GIT] ********************************
changed: [127.0.0.1]


TASK [sync_to_git : debug] *****************************************************
ok: [127.0.0.1] => {
    "msg": " [u'[master b1a7d96] leriza.muralla', u' 2 files changed, 1 insertion(+)', u'Branch master set up to track remote branch master from origin.']"
}


PLAY [ruibo-nginx] *************************************************************

PLAY [127.0.0.1] ***************************************************************

PLAY RECAP *********************************************************************

119.9.116.251              : ok=10   changed=3    unreachable=0    failed=0    skipped=2    rescued=0    ignored=0   
127.0.0.1                  : ok=2    changed=1    unreachable=0    failed=0    skipped=0    rescued=0    ignored=0   
13.78.36.109               : ok=10   changed=3    unreachable=0    failed=0    skipped=2    rescued=0    ignored=0   


ESYNC_WORKER1_COMMAND_END
MAX RETRIES EXECUTED, COMMAND NOT RESPONDING