ESYNC_WORKER1_COMMAND_START
[WARNING]: Invalid characters were found in group names but not replaced, use
-vvvv to see details

PLAY [ruibo-nginx] *************************************************************


TASK [Gathering Facts] *********************************************************
ok: [13.78.36.109]
ok: [119.9.116.251]

TASK [nginx_sync : Change python interpreter] **********************************

skipping: [119.9.116.251]
skipping: [13.78.36.109]

TASK [nginx_sync : change python interpreter] **********************************
skipping: [119.9.116.251]

skipping: [13.78.36.109]

TASK [nginx_sync : Notify] *****************************************************
ok: [119.9.116.251] => {
    "msg": "Syncing ruibo-nginx"

}
ok: [13.78.36.109] => {
    "msg": "Syncing ruibo-nginx"
}


TASK [nginx_sync : include_vars] ***********************************************
ok: [119.9.116.251]
ok: [13.78.36.109]

TASK [nginx_sync : Synchronizing Nginx] ****************************************

ok: [119.9.116.251] => (item=conf)
changed: [119.9.116.251] => (item=conf.d)
ok: [13.78.36.109] => (item=conf)
changed: [119.9.116.251] => (item=data)
changed: [119.9.116.251] => (item=html)

changed: [13.78.36.109] => (item=conf.d)
changed: [13.78.36.109] => (item=data)
changed: [13.78.36.109] => (item=html)

TASK [nginx_sync : Set HTML Dir to root] ***************************************

changed: [119.9.116.251]
changed: [13.78.36.109]

TASK [all_servers : include_vars] **********************************************
ok: [119.9.116.251]

ok: [13.78.36.109]

TASK [all_servers : Notify] ****************************************************
ok: [119.9.116.251] => {
    "msg": "Clearing Nginx Cache for ruibo-nginx"

}
ok: [13.78.36.109] => {
    "msg": "Clearing Nginx Cache for ruibo-nginx"
}


TASK [all_servers : Copying clear_nginxcache.sh to remote hosts] ***************
ok: [119.9.116.251]
ok: [13.78.36.109]

TASK [all_servers : Nginx Clear Cache] *****************************************

changed: [13.78.36.109]
changed: [119.9.116.251]

TASK [all_servers : debug] *****************************************************
ok: [119.9.116.251] => {

    "script_result.stdout_lines": [
        "-----------------------------------------------------------", 
        "|                 Checking Nginx Config                   |", 
        "-----------------------------------------------------------", 
        "", 

        " nginx -t ", 
        "", 
        "-----------------------------------------------------------", 
        "|                 Stopping Nginx Process                  |", 
        "-----------------------------------------------------------", 

        "", 
        " /usr/bin/killall -9 nginx ", 
        "", 
        "-----------------------------------------------------------", 
        "|                 Clearing Proxy Cache                    |", 

        "-----------------------------------------------------------", 
        "", 
        " /bin/rm -rf /tmp/nginx_cache ", 
        "", 
        "-----------------------------------------------------------", 

        "|                Restarting Nginx Process                 |", 
        "-----------------------------------------------------------", 
        "root     14675  1.3  0.0 113288  1476 ?        S    11:24   0:00 /bin/bash /bak/bin/clear_nginxcache.sh", 
        "root     14746  0.1  6.3 624536 119808 ?       Ss   11:24   0:00 nginx: master process /usr/local/nginx/sbin/nginx", 
        "nobody   14747  0.6  6.6 771648 125344 ?       S    11:24   0:00 nginx: worker process", 

        "nobody   14748  0.6  6.6 771504 125312 ?       S    11:24   0:00 nginx: worker process", 
        "nobody   14749  0.6  6.6 771504 125272 ?       S    11:24   0:00 nginx: worker process", 
        "nobody   14750  0.6  6.6 771488 125416 ?       S    11:24   0:00 nginx: worker process", 
        "nobody   14751  0.0  6.4 769024 120472 ?       S    11:24   0:00 nginx: cache manager process", 
        "nobody   14752  0.0  6.4 769024 120232 ?       S    11:24   0:00 nginx: cache loader process", 

        "root     14770  0.0  0.0 112812   948 ?        S    11:24   0:00 grep nginx", 
        "              total        used        free      shared  buff/cache   available", 
        "Mem:           1832         423         589         239         819         994", 
        "Swap:             0           0           0", 
        "-----------------------------------------------------------", 

        "|                     Reload SUCCESS!                     |", 
        "-----------------------------------------------------------"
    ]
}
ok: [13.78.36.109] => {

    "script_result.stdout_lines": [
        "-----------------------------------------------------------", 
        "|                 Checking Nginx Config                   |", 
        "-----------------------------------------------------------", 
        "", 

        " nginx -t ", 
        "", 
        "-----------------------------------------------------------", 
        "|                 Stopping Nginx Process                  |", 
        "-----------------------------------------------------------", 

        "", 
        " /usr/bin/killall -9 nginx ", 
        "", 
        "-----------------------------------------------------------", 
        "|                 Clearing Proxy Cache                    |", 

        "-----------------------------------------------------------", 
        "", 
        " /bin/rm -rf /tmp/nginx_cache ", 
        "", 
        "-----------------------------------------------------------", 

        "|                Restarting Nginx Process                 |", 
        "-----------------------------------------------------------", 
        "root      22069  0.6  0.0 113188  1480 ?        S    11:24   0:00 /bin/bash /bak/bin/clear_nginxcache.sh", 
        "root      22076  0.5  2.9 622516 119708 ?       Ss   11:24   0:00 nginx: master process /usr/local/nginx/sbin/nginx", 
        "nobody    22077  0.0  3.0 771412 124572 ?       S    11:24   0:00 nginx: worker process", 

        "nobody    22079  0.0  3.0 771412 123624 ?       S    11:24   0:00 nginx: worker process", 
        "nobody    22080  0.0  3.1 771412 125308 ?       S    11:24   0:00 nginx: worker process", 
        "nobody    22081  0.0  3.0 771412 123624 ?       S    11:24   0:00 nginx: worker process", 
        "nobody    22082  0.0  2.9 769088 120472 ?       S    11:24   0:00 nginx: cache manager process", 
        "nobody    22083  0.0  2.9 769088 120236 ?       S    11:24   0:00 nginx: cache loader process", 

        "root      22085  0.0  0.0 112712   936 ?        S    11:24   0:00 grep nginx", 
        "              total        used        free      shared  buff/cache   available", 
        "Mem:           3931         481         529         344        2921        2816", 
        "Swap:             0           0           0", 
        "-----------------------------------------------------------", 

        "|                     Reload SUCCESS!                     |", 
        "-----------------------------------------------------------"
    ]
}


PLAY [127.0.0.1] ***************************************************************

TASK [sync_to_git : Synchronizing Nginx To GIT] ********************************
changed: [127.0.0.1]


TASK [sync_to_git : debug] *****************************************************
ok: [127.0.0.1] => {
    "msg": " [u'[master 9c72d56] leriza.muralla', u' 2 files changed, 10 insertions(+), 10 deletions(-)', u'Branch master set up to track remote branch master from origin.']"
}


PLAY [ruibo-nginx] *************************************************************

PLAY [127.0.0.1] ***************************************************************

PLAY RECAP *********************************************************************

119.9.116.251              : ok=10   changed=3    unreachable=0    failed=0    skipped=2    rescued=0    ignored=0   
127.0.0.1                  : ok=2    changed=1    unreachable=0    failed=0    skipped=0    rescued=0    ignored=0   
13.78.36.109               : ok=10   changed=3    unreachable=0    failed=0    skipped=2    rescued=0    ignored=0   


ESYNC_WORKER1_COMMAND_END
MAX RETRIES EXECUTED, COMMAND NOT RESPONDING