ESYNC_WORKER1_COMMAND_END
MAX RETRIES EXECUTED, COMMAND NOT RESPONDINGESYNC_WORKER1_COMMAND_START
 [WARNING]: Invalid characters were found in group names but not replaced, use
-vvvv to see details

PLAY [ruibo-nginx] *************************************************************


TASK [Gathering Facts] *********************************************************
ok: [13.70.23.40]
ok: [119.81.239.182]
ok: [23.99.120.65]
ok: [119.9.104.50]


TASK [nginx_sync : Change python interpreter] **********************************
ok: [23.99.120.65]
skipping: [119.9.104.50]
skipping: [13.70.23.40]

skipping: [119.81.239.182]

TASK [nginx_sync : change python interpreter] **********************************
ok: [23.99.120.65]
skipping: [119.9.104.50]

skipping: [13.70.23.40]
skipping: [119.81.239.182]

TASK [nginx_sync : Notify] *****************************************************
ok: [23.99.120.65] => {

    "msg": "Syncing ruibo-nginx"
}
ok: [119.9.104.50] => {
    "msg": "Syncing ruibo-nginx"
}

ok: [13.70.23.40] => {
    "msg": "Syncing ruibo-nginx"
}
ok: [119.81.239.182] => {
    "msg": "Syncing ruibo-nginx"

}

TASK [nginx_sync : include_vars] ***********************************************
ok: [23.99.120.65]
ok: [119.9.104.50]

ok: [13.70.23.40]
ok: [119.81.239.182]

TASK [nginx_sync : Synchronizing Nginx] ****************************************
ok: [119.81.239.182] => (item=conf)

ok: [13.70.23.40] => (item=conf)
ok: [119.9.104.50] => (item=conf)
ok: [23.99.120.65] => (item=conf)
changed: [119.81.239.182] => (item=conf.d)
ok: [119.81.239.182] => (item=data)

changed: [23.99.120.65] => (item=conf.d)
changed: [13.70.23.40] => (item=conf.d)
ok: [119.81.239.182] => (item=html)
ok: [23.99.120.65] => (item=data)
ok: [13.70.23.40] => (item=data)

changed: [119.9.104.50] => (item=conf.d)
ok: [13.70.23.40] => (item=html)
ok: [23.99.120.65] => (item=html)
ok: [119.9.104.50] => (item=data)
ok: [119.9.104.50] => (item=html)


TASK [all_servers : include_vars] **********************************************
ok: [23.99.120.65]
ok: [119.9.104.50]
ok: [13.70.23.40]

ok: [119.81.239.182]

TASK [all_servers : Notify] ****************************************************
ok: [23.99.120.65] => {
    "msg": "Clearing Nginx Cache for ruibo-nginx"

}
ok: [119.9.104.50] => {
    "msg": "Clearing Nginx Cache for ruibo-nginx"
}
ok: [13.70.23.40] => {

    "msg": "Clearing Nginx Cache for ruibo-nginx"
}
ok: [119.81.239.182] => {
    "msg": "Clearing Nginx Cache for ruibo-nginx"
}


TASK [all_servers : Copying clear_nginxcache.sh to remote hosts] ***************
ok: [119.81.239.182]
ok: [23.99.120.65]
ok: [119.9.104.50]

ok: [13.70.23.40]

TASK [all_servers : Nginx Clear Cache] *****************************************
changed: [119.81.239.182]
changed: [13.70.23.40]

changed: [119.9.104.50]
changed: [23.99.120.65]

TASK [all_servers : debug] *****************************************************
ok: [23.99.120.65] => {

    "script_result.stdout_lines": [
        "-----------------------------------------------------------", 
        "|                 Checking Nginx Config                   |", 
        "-----------------------------------------------------------", 
        "", 

        " nginx -t ", 
        "", 
        "-----------------------------------------------------------", 
        "|                 Stopping Nginx Process                  |", 
        "-----------------------------------------------------------", 

        "", 
        " /usr/bin/killall -9 nginx ", 
        "", 
        "-----------------------------------------------------------", 
        "|                 Clearing Proxy Cache                    |", 

        "-----------------------------------------------------------", 
        "", 
        " /bin/rm -rf /tmp/nginx_cache ", 
        "", 
        "-----------------------------------------------------------", 

        "|                Restarting Nginx Process                 |", 
        "-----------------------------------------------------------", 
        "root      11277  0.0  0.0   9120   656 ?        Ss    2018   0:00 /sbin/dhclient -H ruibo-nginx1.hk.az.monaco1.me -1 -q -lf /var/lib/dhclient/dhclient-eth0.leases -pf /var/run/dhclient-eth0.pid eth0", 
        "root      81164  0.0  0.0 106120  1280 ?        S    17:31   0:00 /bin/bash /bak/bin/clear_nginxcache.sh", 
        "root      81175  0.0  2.6 450536 93828 ?        Ss   17:31   0:00 nginx: master process /usr/local/nginx/sbin/nginx", 

        "nobody    81177  0.3  2.7 452464 97340 ?        S    17:31   0:00 nginx: worker process      ", 
        "nobody    81178  0.0  2.7 452464 97340 ?        S    17:31   0:00 nginx: worker process      ", 
        "nobody    81179  0.0  2.7 452464 97340 ?        S    17:31   0:00 nginx: worker process      ", 
        "nobody    81180  0.0  2.7 452464 97340 ?        S    17:31   0:00 nginx: worker process      ", 
        "nobody    81181  0.0  2.6 450536 94252 ?        S    17:31   0:00 nginx: cache manager process", 

        "nobody    81182  0.0  2.6 450536 94212 ?        S    17:31   0:00 nginx: cache loader process", 
        "root      81188  0.0  0.0 103332   852 ?        S    17:31   0:00 grep nginx", 
        "             total       used       free     shared    buffers     cached", 
        "Mem:          3440       2998        441          2        253        933", 
        "-/+ buffers/cache:       1812       1628", 

        "Swap:            0          0          0", 
        "-----------------------------------------------------------", 
        "|                     Reload SUCCESS!                     |", 
        "-----------------------------------------------------------"
    ]

}
ok: [119.9.104.50] => {
    "script_result.stdout_lines": [
        "-----------------------------------------------------------", 
        "|                 Checking Nginx Config                   |", 

        "-----------------------------------------------------------", 
        "", 
        " nginx -t ", 
        "", 
        "-----------------------------------------------------------", 

        "|                 Stopping Nginx Process                  |", 
        "-----------------------------------------------------------", 
        "", 
        " /usr/bin/killall -9 nginx ", 
        "", 

        "-----------------------------------------------------------", 
        "|                 Clearing Proxy Cache                    |", 
        "-----------------------------------------------------------", 
        "", 
        " /bin/rm -rf /tmp/nginx_cache ", 

        "", 
        "-----------------------------------------------------------", 
        "|                Restarting Nginx Process                 |", 
        "-----------------------------------------------------------", 
        "root     30264  1.3  0.0 113180  1508 ?        S    17:31   0:00 /bin/bash /bak/bin/clear_nginxcache.sh", 

        "root     30282  0.5  3.8 442448 72372 ?        Ss   17:31   0:00 nginx: master process /usr/local/nginx/sbin/nginx", 
        "nobody   30283  0.5  4.1 444772 77624 ?        S    17:31   0:00 nginx: worker process", 
        "nobody   30285  0.0  4.1 444772 77584 ?        S    17:31   0:00 nginx: worker process", 
        "nobody   30286  0.0  4.0 444772 76028 ?        S    17:31   0:00 nginx: worker process", 
        "nobody   30287  0.0  4.1 444772 77380 ?        S    17:31   0:00 nginx: worker process", 

        "nobody   30288  0.0  3.8 442448 72992 ?        S    17:31   0:00 nginx: cache manager process", 
        "nobody   30289  0.0  3.8 442448 72992 ?        S    17:31   0:00 nginx: cache loader process", 
        "root     30292  0.0  0.0 112708   960 ?        S    17:31   0:00 grep nginx", 
        "              total        used        free      shared  buff/cache   available", 
        "Mem:           1832         225         464         106        1143        1282", 

        "Swap:             0           0           0", 
        "-----------------------------------------------------------", 
        "|                     Reload SUCCESS!                     |", 
        "-----------------------------------------------------------"
    ]

}
ok: [13.70.23.40] => {
    "script_result.stdout_lines": [
        "-----------------------------------------------------------", 
        "|                 Checking Nginx Config                   |", 

        "-----------------------------------------------------------", 
        "", 
        " nginx -t ", 
        "", 
        "-----------------------------------------------------------", 

        "|                 Stopping Nginx Process                  |", 
        "-----------------------------------------------------------", 
        "", 
        " /usr/bin/killall -9 nginx ", 
        "", 

        "-----------------------------------------------------------", 
        "|                 Clearing Proxy Cache                    |", 
        "-----------------------------------------------------------", 
        "", 
        " /bin/rm -rf /tmp/nginx_cache ", 

        "", 
        "-----------------------------------------------------------", 
        "|                Restarting Nginx Process                 |", 
        "-----------------------------------------------------------", 
        "root        770  0.0  0.0 107432  2300 ?        Ss   Jul22   0:00 /sbin/dhclient -q -lf /var/lib/dhclient/dhclient--eth0.lease -pf /var/run/dhclient-eth0.pid -H ruibo-nginx4.hk.az.monaco1.me eth0", 

        "root     111463  0.6  0.0 113180  1488 ?        S    17:31   0:00 /bin/bash /bak/bin/clear_nginxcache.sh", 
        "root     111470  0.0  1.7 442448 72380 ?        Ss   17:31   0:00 nginx: master process /usr/local/nginx/sbin/nginx", 
        "nobody   111471  0.0  1.8 446856 76288 ?        S    17:31   0:00 nginx: worker process", 
        "nobody   111473  0.0  1.8 446856 76288 ?        S    17:31   0:00 nginx: worker process", 
        "nobody   111474  0.0  1.8 446856 76288 ?        S    17:31   0:00 nginx: worker process", 

        "nobody   111475  0.0  1.8 446856 76288 ?        S    17:31   0:00 nginx: worker process", 
        "nobody   111476  0.0  1.8 444532 73116 ?        S    17:31   0:00 nginx: cache manager process", 
        "nobody   111477  0.0  1.8 444532 73116 ?        S    17:31   0:00 nginx: cache loader process", 
        "root     111479  0.0  0.0 112712   952 ?        S    17:31   0:00 grep nginx", 
        "              total        used        free      shared  buff/cache   available", 

        "Mem:           3934         278         238         210        3416        3050", 
        "Swap:             0           0           0", 
        "-----------------------------------------------------------", 
        "|                     Reload SUCCESS!                     |", 
        "-----------------------------------------------------------"

    ]
}
ok: [119.81.239.182] => {
    "script_result.stdout_lines": [
        "-----------------------------------------------------------", 

        "|                 Checking Nginx Config                   |", 
        "-----------------------------------------------------------", 
        "", 
        " nginx -t ", 
        "", 

        "-----------------------------------------------------------", 
        "|                 Stopping Nginx Process                  |", 
        "-----------------------------------------------------------", 
        "", 
        " /usr/bin/killall -9 nginx ", 

        "", 
        "-----------------------------------------------------------", 
        "|                 Clearing Proxy Cache                    |", 
        "-----------------------------------------------------------", 
        "", 

        " /bin/rm -rf /tmp/nginx_cache ", 
        "", 
        "-----------------------------------------------------------", 
        "|                Restarting Nginx Process                 |", 
        "-----------------------------------------------------------", 

        "root      5229  0.6  0.0 113180  1496 ?        S    17:31   0:00 /bin/bash /bak/bin/clear_nginxcache.sh", 
        "root      5238  0.0  1.8 428456 71028 ?        Ss   17:31   0:00 nginx: master process /usr/local/nginx/sbin/nginx", 
        "nobody    5239  0.0  1.9 430780 74712 ?        S    17:31   0:00 nginx: worker process", 
        "nobody    5240  0.0  1.9 430780 74464 ?        S    17:31   0:00 nginx: worker process", 
        "nobody    5241  0.0  1.9 430780 74464 ?        S    17:31   0:00 nginx: worker process", 

        "nobody    5242  0.0  1.9 430780 74464 ?        S    17:31   0:00 nginx: worker process", 
        "nobody    5243  0.0  1.8 428456 71456 ?        S    17:31   0:00 nginx: cache manager process", 
        "nobody    5244  0.0  1.8 428456 71456 ?        S    17:31   0:00 nginx: cache loader process", 
        "root      5247  0.0  0.0 112708   960 ?        S    17:31   0:00 grep nginx", 
        "              total        used        free      shared  buff/cache   available", 

        "Mem:           3783         183         331         193        3269        3099", 
        "Swap:          2047          19        2028", 
        "-----------------------------------------------------------", 
        "|                     Reload SUCCESS!                     |", 
        "-----------------------------------------------------------"

    ]
}

PLAY [127.0.0.1] ***************************************************************


TASK [sync_to_git : Synchronizing Nginx To GIT] ********************************
changed: [127.0.0.1]

TASK [sync_to_git : debug] *****************************************************
ok: [127.0.0.1] => {

    "msg": " [u'[master 1582324] quincy', u' 1 file changed, 1 insertion(+), 1 deletion(-)', u'Branch master set up to track remote branch master from origin.']"
}

PLAY [ruibo-nginx] *************************************************************


PLAY [127.0.0.1] ***************************************************************

PLAY RECAP *********************************************************************
119.81.239.182             : ok=9    changed=2    unreachable=0    failed=0    skipped=2    rescued=0    ignored=0   
119.9.104.50               : ok=9    changed=2    unreachable=0    failed=0    skipped=2    rescued=0    ignored=0   

127.0.0.1                  : ok=2    changed=1    unreachable=0    failed=0    skipped=0    rescued=0    ignored=0   
13.70.23.40                : ok=9    changed=2    unreachable=0    failed=0    skipped=2    rescued=0    ignored=0   
23.99.120.65               : ok=11   changed=2    unreachable=0    failed=0    skipped=0    rescued=0    ignored=0   


