--- /ansible/nginx/hostgroups/ruibo-nginx/nginx/conf.d/include/ruibo_official_masterconfig_bak.include	2019-07-22 09:34:13.795472616 +0800
+++ /tmp/ruibo_official_masterconfig_bak.include	2019-07-22 09:37:32.049472616 +0800
@@ -8,7 +8,7 @@
 } 
 
 if ( $mobile_rewrite = perform ){
-set $upstream mobile_ruibo; 
+set $upstream mobile_ruibo_xjw; 
 }
 
 if ($http_user_agent ~* "(x11)") {
@@ -16,11 +16,11 @@
 }
 
 if ( $mobile_rewrite != perform ){
-set $upstream desktop_ruibo; 
+set $upstream desktop_ruibo_xjw; 
 }
 
 if ($host ~* pc\.(.*)){ 
-set $upstream desktop_ruibo; 
+set $upstream desktop_ruibo_xjw; 
 }
 
 if ($http_user_agent ~* "qihoobot|Yahoo! Slurp|Yahoo! Slurp China|YoudaoBot|Sosospider|Sogou spider|Sogou web spider|MSNBot|ia_archiver|Tomato Bot")

