ESYNC_WORKER1_COMMAND_START
 [WARNING]: Invalid characters were found in group names but not replaced, use
-vvvv to see details

PLAY [ruibo-nginx] *************************************************************


TASK [Gathering Facts] *********************************************************
ok: [119.9.108.253]
ok: [168.63.221.64]
ok: [23.99.120.65]
ok: [119.9.104.50]

ok: [119.81.239.182]
ok: [13.70.23.40]
ok: [161.202.34.67]

TASK [nginx_sync : Change python interpreter] **********************************

ok: [23.99.120.65]
ok: [119.9.108.253]
ok: [168.63.221.64]
ok: [161.202.34.67]
skipping: [119.9.104.50]

skipping: [13.70.23.40]
skipping: [119.81.239.182]

TASK [nginx_sync : change python interpreter] **********************************
ok: [23.99.120.65]

ok: [119.9.108.253]
ok: [168.63.221.64]
ok: [161.202.34.67]
skipping: [119.9.104.50]
skipping: [13.70.23.40]

skipping: [119.81.239.182]

TASK [nginx_sync : Notify] *****************************************************
ok: [23.99.120.65] => {
    "msg": "Syncing ruibo-nginx"

}
ok: [119.9.108.253] => {
    "msg": "Syncing ruibo-nginx"
}
ok: [168.63.221.64] => {

    "msg": "Syncing ruibo-nginx"
}
ok: [161.202.34.67] => {
    "msg": "Syncing ruibo-nginx"
}

ok: [119.9.104.50] => {
    "msg": "Syncing ruibo-nginx"
}
ok: [13.70.23.40] => {
    "msg": "Syncing ruibo-nginx"

}
ok: [119.81.239.182] => {
    "msg": "Syncing ruibo-nginx"
}


TASK [nginx_sync : include_vars] ***********************************************
ok: [23.99.120.65]
ok: [119.9.108.253]
ok: [168.63.221.64]
ok: [161.202.34.67]

ok: [119.9.104.50]
ok: [13.70.23.40]
ok: [119.81.239.182]

TASK [nginx_sync : Synchronizing Nginx] ****************************************

ok: [119.9.108.253] => (item=conf)
ok: [23.99.120.65] => (item=conf)
ok: [168.63.221.64] => (item=conf)
ok: [119.9.104.50] => (item=conf)
ok: [161.202.34.67] => (item=conf)

changed: [119.9.108.253] => (item=conf.d)
changed: [23.99.120.65] => (item=conf.d)
ok: [119.9.108.253] => (item=data)
ok: [23.99.120.65] => (item=data)
ok: [119.9.108.253] => (item=html)

ok: [23.99.120.65] => (item=html)
ok: [13.70.23.40] => (item=conf)
changed: [168.63.221.64] => (item=conf.d)
ok: [119.81.239.182] => (item=conf)
ok: [168.63.221.64] => (item=data)

ok: [168.63.221.64] => (item=html)
changed: [119.9.104.50] => (item=conf.d)
ok: [119.9.104.50] => (item=data)
changed: [119.81.239.182] => (item=conf.d)
ok: [119.9.104.50] => (item=html)

ok: [119.81.239.182] => (item=data)
ok: [119.81.239.182] => (item=html)
changed: [13.70.23.40] => (item=conf.d)
ok: [13.70.23.40] => (item=data)
ok: [13.70.23.40] => (item=html)

changed: [161.202.34.67] => (item=conf.d)
ok: [161.202.34.67] => (item=data)
ok: [161.202.34.67] => (item=html)

TASK [all_servers : include_vars] **********************************************

ok: [23.99.120.65]
ok: [119.9.108.253]
ok: [168.63.221.64]
ok: [161.202.34.67]
ok: [119.9.104.50]

ok: [13.70.23.40]
ok: [119.81.239.182]

TASK [all_servers : Notify] ****************************************************
ok: [23.99.120.65] => {

    "msg": "Clearing Nginx Cache for ruibo-nginx"
}
ok: [119.9.108.253] => {
    "msg": "Clearing Nginx Cache for ruibo-nginx"
}

ok: [168.63.221.64] => {
    "msg": "Clearing Nginx Cache for ruibo-nginx"
}
ok: [161.202.34.67] => {
    "msg": "Clearing Nginx Cache for ruibo-nginx"

}
ok: [119.9.104.50] => {
    "msg": "Clearing Nginx Cache for ruibo-nginx"
}
ok: [13.70.23.40] => {

    "msg": "Clearing Nginx Cache for ruibo-nginx"
}
ok: [119.81.239.182] => {
    "msg": "Clearing Nginx Cache for ruibo-nginx"
}


TASK [all_servers : Copying clear_nginxcache.sh to remote hosts] ***************
ok: [119.9.104.50]
ok: [168.63.221.64]
ok: [23.99.120.65]

ok: [119.9.108.253]
ok: [119.81.239.182]
ok: [13.70.23.40]
ok: [161.202.34.67]


TASK [all_servers : Nginx Clear Cache] *****************************************
changed: [119.9.108.253]
changed: [23.99.120.65]
changed: [119.9.104.50]
changed: [168.63.221.64]

changed: [119.81.239.182]
changed: [13.70.23.40]
changed: [161.202.34.67]

TASK [all_servers : debug] *****************************************************

ok: [23.99.120.65] => {
    "script_result.stdout_lines": [
        "-----------------------------------------------------------", 
        "|                 Checking Nginx Config                   |", 
        "-----------------------------------------------------------", 

        "", 
        " nginx -t ", 
        "", 
        "-----------------------------------------------------------", 
        "|                 Stopping Nginx Process                  |", 

        "-----------------------------------------------------------", 
        "", 
        " /usr/bin/killall -9 nginx ", 
        "", 
        "-----------------------------------------------------------", 

        "|                 Clearing Proxy Cache                    |", 
        "-----------------------------------------------------------", 
        "", 
        " /bin/rm -rf /tmp/nginx_cache ", 
        "", 

        "-----------------------------------------------------------", 
        "|                Restarting Nginx Process                 |", 
        "-----------------------------------------------------------", 
        "root      11277  0.0  0.0   9120   656 ?        Ss    2018   0:00 /sbin/dhclient -H ruibo-nginx1.hk.az.monaco1.me -1 -q -lf /var/lib/dhclient/dhclient-eth0.leases -pf /var/run/dhclient-eth0.pid eth0", 
        "root      58553  0.0  0.0 106120  1280 ?        S    09:32   0:00 /bin/bash /bak/bin/clear_nginxcache.sh", 

        "root      58562  0.0  0.9 391888 35096 ?        Ss   09:32   0:00 nginx: master process /usr/local/nginx/sbin/nginx", 
        "nobody    58564  0.0  1.0 393816 38704 ?        S    09:32   0:00 nginx: worker process      ", 
        "nobody    58565  0.0  1.0 393816 38704 ?        S    09:32   0:00 nginx: worker process      ", 
        "nobody    58566  0.0  1.0 393816 38704 ?        S    09:32   0:00 nginx: worker process      ", 
        "nobody    58567  0.0  1.0 393816 38704 ?        S    09:32   0:00 nginx: worker process      ", 

        "nobody    58568  0.0  1.0 391888 35520 ?        S    09:32   0:00 nginx: cache manager process", 
        "nobody    58569  0.0  1.0 391888 35480 ?        S    09:32   0:00 nginx: cache loader process", 
        "root      58571  0.0  0.0 103332   852 ?        S    09:32   0:00 grep nginx", 
        "             total       used       free     shared    buffers     cached", 
        "Mem:          3440       2270       1170          2        265        727", 

        "-/+ buffers/cache:       1277       2162", 
        "Swap:            0          0          0", 
        "-----------------------------------------------------------", 
        "|                     Reload SUCCESS!                     |", 
        "-----------------------------------------------------------"

    ]
}
ok: [119.9.108.253] => {
    "script_result.stdout_lines": [
        "-----------------------------------------------------------", 

        "|                 Checking Nginx Config                   |", 
        "-----------------------------------------------------------", 
        "", 
        " nginx -t ", 
        "", 

        "-----------------------------------------------------------", 
        "|                 Stopping Nginx Process                  |", 
        "-----------------------------------------------------------", 
        "", 
        " /usr/bin/killall -9 nginx ", 

        "", 
        "-----------------------------------------------------------", 
        "|                 Clearing Proxy Cache                    |", 
        "-----------------------------------------------------------", 
        "", 

        " /bin/rm -rf /tmp/nginx_cache ", 
        "", 
        "-----------------------------------------------------------", 
        "|                Restarting Nginx Process                 |", 
        "-----------------------------------------------------------", 

        "root      5731  0.0  0.0 106084  1420 ?        S    09:32   0:00 /bin/bash /bak/bin/clear_nginxcache.sh", 
        "root      5737  0.0  0.4 391888 35152 ?        Ss   09:32   0:00 nginx: master process /usr/local/nginx/sbin/nginx", 
        "nobody    5738  0.0  0.4 393816 38832 ?        S    09:32   0:00 nginx: worker process      ", 
        "nobody    5740  0.0  0.4 393816 38832 ?        S    09:32   0:00 nginx: worker process      ", 
        "nobody    5741  0.0  0.4 393816 38832 ?        S    09:32   0:00 nginx: worker process      ", 

        "nobody    5742  0.0  0.4 393816 38832 ?        S    09:32   0:00 nginx: worker process      ", 
        "nobody    5743  0.0  0.4 391888 35648 ?        S    09:32   0:00 nginx: cache manager process", 
        "nobody    5744  0.0  0.4 391888 35536 ?        S    09:32   0:00 nginx: cache loader process", 
        "root      5746  0.0  0.0 103324   892 ?        S    09:32   0:00 grep nginx", 
        "             total       used       free     shared    buffers     cached", 

        "Mem:          7994       7730        264          3        321        798", 
        "-/+ buffers/cache:       6610       1383", 
        "Swap:            0          0          0", 
        "-----------------------------------------------------------", 
        "|                     Reload SUCCESS!                     |", 

        "-----------------------------------------------------------"
    ]
}
ok: [168.63.221.64] => {
    "script_result.stdout_lines": [

        "-----------------------------------------------------------", 
        "|                 Checking Nginx Config                   |", 
        "-----------------------------------------------------------", 
        "", 
        " nginx -t ", 

        "", 
        "-----------------------------------------------------------", 
        "|                 Stopping Nginx Process                  |", 
        "-----------------------------------------------------------", 
        "", 

        " /usr/bin/killall -9 nginx ", 
        "", 
        "-----------------------------------------------------------", 
        "|                 Clearing Proxy Cache                    |", 
        "-----------------------------------------------------------", 

        "", 
        " /bin/rm -rf /tmp/nginx_cache ", 
        "", 
        "-----------------------------------------------------------", 
        "|                Restarting Nginx Process                 |", 

        "-----------------------------------------------------------", 
        "root       9019  0.0  0.0   9120   664 ?        Ss    2018   0:00 /sbin/dhclient -H ruibo-nginx5.hk.az.monaco1.me -1 -q -lf /var/lib/dhclient/dhclient-eth0.leases -pf /var/run/dhclient-eth0.pid eth0", 
        "root     104124  0.0  0.0 106120  1284 ?        S    09:32   0:00 /bin/bash /bak/bin/clear_nginxcache.sh", 
        "root     104136  0.0  0.9 391888 35092 ?        Ss   09:32   0:00 nginx: master process /usr/local/nginx/sbin/nginx", 
        "nobody   104137  0.0  1.1 393816 38772 ?        S    09:32   0:00 nginx: worker process      ", 

        "nobody   104139  0.3  1.1 393816 38772 ?        S    09:32   0:00 nginx: worker process      ", 
        "nobody   104140  0.0  1.1 393816 38772 ?        S    09:32   0:00 nginx: worker process      ", 
        "nobody   104141  0.0  1.1 393816 38772 ?        S    09:32   0:00 nginx: worker process      ", 
        "nobody   104142  0.0  1.0 391888 35588 ?        S    09:32   0:00 nginx: cache manager process", 
        "nobody   104143  0.0  1.0 391888 35476 ?        S    09:32   0:00 nginx: cache loader process", 

        "root     104147  0.0  0.0 103332   856 ?        S    09:32   0:00 grep nginx", 
        "             total       used       free     shared    buffers     cached", 
        "Mem:          3440       3186        253          2        247        908", 
        "-/+ buffers/cache:       2030       1410", 
        "Swap:            0          0          0", 

        "-----------------------------------------------------------", 
        "|                     Reload SUCCESS!                     |", 
        "-----------------------------------------------------------"
    ]
}

ok: [161.202.34.67] => {
    "script_result.stdout_lines": [
        "-----------------------------------------------------------", 
        "|                 Checking Nginx Config                   |", 
        "-----------------------------------------------------------", 

        "", 
        " nginx -t ", 
        "", 
        "-----------------------------------------------------------", 
        "|                 Stopping Nginx Process                  |", 

        "-----------------------------------------------------------", 
        "", 
        " /usr/bin/killall -9 nginx ", 
        "", 
        "-----------------------------------------------------------", 

        "|                 Clearing Proxy Cache                    |", 
        "-----------------------------------------------------------", 
        "", 
        " /bin/rm -rf /tmp/nginx_cache ", 
        "", 

        "-----------------------------------------------------------", 
        "|                Restarting Nginx Process                 |", 
        "-----------------------------------------------------------", 
        "root     13004  2.8  0.0 106112  1280 ?        S    09:32   0:00 /bin/bash /bak/bin/clear_nginxcache.sh", 
        "root     13013  9.0  0.8 391892 35100 ?        Ss   09:32   0:00 nginx: master process /usr/local/nginx/sbin/nginx", 

        "nobody   13015  0.5  0.9 393820 38780 ?        S    09:32   0:00 nginx: worker process      ", 
        "nobody   13016  0.5  0.9 393820 38780 ?        S    09:32   0:00 nginx: worker process      ", 
        "nobody   13017  0.5  0.9 393820 38780 ?        S    09:32   0:00 nginx: worker process      ", 
        "nobody   13018  0.5  0.9 393820 38780 ?        S    09:32   0:00 nginx: worker process      ", 
        "nobody   13019  0.0  0.8 391892 35596 ?        S    09:32   0:00 nginx: cache manager process", 

        "nobody   13020  0.0  0.8 391892 35484 ?        S    09:32   0:00 nginx: cache loader process", 
        "root     13024  0.0  0.0 103316   832 ?        S    09:32   0:00 grep nginx", 
        "             total       used       free     shared    buffers     cached", 
        "Mem:          3880       3748        132          2        376        698", 
        "-/+ buffers/cache:       2673       1207", 

        "Swap:         2047          5       2041", 
        "-----------------------------------------------------------", 
        "|                     Reload SUCCESS!                     |", 
        "-----------------------------------------------------------"
    ]

}
ok: [119.9.104.50] => {
    "script_result.stdout_lines": [
        "-----------------------------------------------------------", 
        "|                 Checking Nginx Config                   |", 

        "-----------------------------------------------------------", 
        "", 
        " nginx -t ", 
        "", 
        "-----------------------------------------------------------", 

        "|                 Stopping Nginx Process                  |", 
        "-----------------------------------------------------------", 
        "", 
        " /usr/bin/killall -9 nginx ", 
        "", 

        "-----------------------------------------------------------", 
        "|                 Clearing Proxy Cache                    |", 
        "-----------------------------------------------------------", 
        "", 
        " /bin/rm -rf /tmp/nginx_cache ", 

        "", 
        "-----------------------------------------------------------", 
        "|                Restarting Nginx Process                 |", 
        "-----------------------------------------------------------", 
        "root     11622  1.3  0.0 113180  1512 ?        S    09:32   0:00 /bin/bash /bak/bin/clear_nginxcache.sh", 

        "root     11636  0.0  1.5 400060 29556 ?        Ss   09:32   0:00 nginx: master process /usr/local/nginx/sbin/nginx", 
        "nobody   11637  1.5  1.8 402144 34908 ?        S    09:32   0:00 nginx: worker process", 
        "nobody   11639  0.5  1.8 401988 34840 ?        S    09:32   0:00 nginx: worker process", 
        "nobody   11640  0.0  1.8 401988 34772 ?        S    09:32   0:00 nginx: worker process", 
        "nobody   11641  0.0  1.8 401988 34360 ?        S    09:32   0:00 nginx: worker process", 

        "nobody   11642  0.0  1.6 400060 30180 ?        S    09:32   0:00 nginx: cache manager process", 
        "nobody   11643  0.0  1.6 400060 30180 ?        S    09:32   0:00 nginx: cache loader process", 
        "root     11646  0.0  0.0 112708   968 ?        S    09:32   0:00 grep nginx", 
        "              total        used        free      shared  buff/cache   available", 
        "Mem:           1832         171         862         106         798        1342", 

        "Swap:             0           0           0", 
        "-----------------------------------------------------------", 
        "|                     Reload SUCCESS!                     |", 
        "-----------------------------------------------------------"
    ]

}
ok: [13.70.23.40] => {
    "script_result.stdout_lines": [
        "-----------------------------------------------------------", 
        "|                 Checking Nginx Config                   |", 

        "-----------------------------------------------------------", 
        "", 
        " nginx -t ", 
        "", 
        "-----------------------------------------------------------", 

        "|                 Stopping Nginx Process                  |", 
        "-----------------------------------------------------------", 
        "", 
        " /usr/bin/killall -9 nginx ", 
        "", 

        "-----------------------------------------------------------", 
        "|                 Clearing Proxy Cache                    |", 
        "-----------------------------------------------------------", 
        "", 
        " /bin/rm -rf /tmp/nginx_cache ", 

        "", 
        "-----------------------------------------------------------", 
        "|                Restarting Nginx Process                 |", 
        "-----------------------------------------------------------", 
        "root        804  0.0  0.2 107396  1992 ?        Ss   Jul03   0:00 /sbin/dhclient -q -lf /var/lib/dhclient/dhclient--eth0.lease -pf /var/run/dhclient-eth0.pid -H ruibo-nginx4.hk.az.monaco1.me eth0", 

        "root      15310  0.6  0.1 113180  1492 ?        S    09:32   0:00 /bin/bash /bak/bin/clear_nginxcache.sh", 
        "root      15321  0.0  3.1 400060 29556 ?        Ss   09:32   0:00 nginx: master process /usr/local/nginx/sbin/nginx", 
        "nobody    15323  0.0  3.6 404072 33556 ?        S    09:32   0:00 nginx: worker process", 
        "nobody    15324  0.0  3.6 404072 33556 ?        S    09:32   0:00 nginx: worker process", 
        "nobody    15325  0.0  3.6 404072 33556 ?        S    09:32   0:00 nginx: worker process", 

        "nobody    15326  0.0  3.6 404072 33556 ?        S    09:32   0:00 nginx: worker process", 
        "nobody    15327  0.0  3.2 402144 30288 ?        S    09:32   0:00 nginx: cache manager process", 
        "nobody    15328  0.0  3.2 402144 30288 ?        S    09:32   0:00 nginx: cache loader process", 
        "root      15332  0.0  0.1 112712   956 ?        S    09:32   0:00 grep nginx", 
        "              total        used        free      shared  buff/cache   available", 

        "Mem:            910         200         273          48         437         427", 
        "Swap:             0           0           0", 
        "-----------------------------------------------------------", 
        "|                     Reload SUCCESS!                     |", 
        "-----------------------------------------------------------"

    ]
}
ok: [119.81.239.182] => {
    "script_result.stdout_lines": [
        "-----------------------------------------------------------", 

        "|                 Checking Nginx Config                   |", 
        "-----------------------------------------------------------", 
        "", 
        " nginx -t ", 
        "", 

        "-----------------------------------------------------------", 
        "|                 Stopping Nginx Process                  |", 
        "-----------------------------------------------------------", 
        "", 
        " /usr/bin/killall -9 nginx ", 

        "", 
        "-----------------------------------------------------------", 
        "|                 Clearing Proxy Cache                    |", 
        "-----------------------------------------------------------", 
        "", 

        " /bin/rm -rf /tmp/nginx_cache ", 
        "", 
        "-----------------------------------------------------------", 
        "|                Restarting Nginx Process                 |", 
        "-----------------------------------------------------------", 

        "root     32742  0.5  0.0 113180  1496 ?        S    09:32   0:00 /bin/bash /bak/bin/clear_nginxcache.sh", 
        "root     32752  0.0  0.7 386520 28672 ?        Ss   09:32   0:00 nginx: master process /usr/local/nginx/sbin/nginx", 
        "nobody   32753  0.0  0.8 388448 32120 ?        S    09:32   0:00 nginx: worker process", 
        "nobody   32755  0.0  0.8 388448 32120 ?        S    09:32   0:00 nginx: worker process", 
        "nobody   32756  0.0  0.8 388448 32120 ?        S    09:32   0:00 nginx: worker process", 

        "nobody   32757  0.0  0.8 388448 32120 ?        S    09:32   0:00 nginx: worker process", 
        "nobody   32758  0.0  0.7 386520 29100 ?        S    09:32   0:00 nginx: cache manager process", 
        "nobody   32759  0.0  0.7 386520 29100 ?        S    09:32   0:00 nginx: cache loader process", 
        "root     32764  0.0  0.0 112712   956 ?        S    09:32   0:00 grep nginx", 
        "              total        used        free      shared  buff/cache   available", 

        "Mem:           3783         155         278         200        3350        3129", 
        "Swap:          2047           1        2045", 
        "-----------------------------------------------------------", 
        "|                     Reload SUCCESS!                     |", 
        "-----------------------------------------------------------"

    ]
}

PLAY [127.0.0.1] ***************************************************************


TASK [sync_to_git : Synchronizing Nginx To GIT] ********************************
changed: [127.0.0.1]

TASK [sync_to_git : debug] *****************************************************
ok: [127.0.0.1] => {

    "msg": " [u'[master 526c211] quincy', u' 1 file changed, 6 insertions(+), 117 deletions(-)', u' rewrite nginx/conf.d/include/ruibo_official_masterconfig.include (99%)', u'Branch master set up to track remote branch master from origin.']"
}

PLAY [ruibo-nginx] *************************************************************


PLAY [127.0.0.1] ***************************************************************

PLAY RECAP *********************************************************************
119.81.239.182             : ok=9    changed=2    unreachable=0    failed=0    skipped=2    rescued=0    ignored=0   
119.9.104.50               : ok=9    changed=2    unreachable=0    failed=0    skipped=2    rescued=0    ignored=0   

119.9.108.253              : ok=11   changed=2    unreachable=0    failed=0    skipped=0    rescued=0    ignored=0   
127.0.0.1                  : ok=2    changed=1    unreachable=0    failed=0    skipped=0    rescued=0    ignored=0   
13.70.23.40                : ok=9    changed=2    unreachable=0    failed=0    skipped=2    rescued=0    ignored=0   
161.202.34.67              : ok=11   changed=2    unreachable=0    failed=0    skipped=0    rescued=0    ignored=0   
168.63.221.64              : ok=11   changed=2    unreachable=0    failed=0    skipped=0    rescued=0    ignored=0   

23.99.120.65               : ok=11   changed=2    unreachable=0    failed=0    skipped=0    rescued=0    ignored=0   


ESYNC_WORKER1_COMMAND_END
MAX RETRIES EXECUTED, COMMAND NOT RESPONDING