ESYNC_WORKER1_COMMAND_START
 [WARNING]: Invalid characters were found in group names but not replaced, use
-vvvv to see details

PLAY [ruibo-nginx] *************************************************************


TASK [Gathering Facts] *********************************************************
ok: [119.9.108.253]
ok: [23.99.120.65]
ok: [168.63.221.64]
ok: [119.9.104.50]

ok: [13.70.23.40]
ok: [119.81.239.182]
ok: [161.202.34.67]

TASK [nginx_sync : Change python interpreter] **********************************

ok: [23.99.120.65]
ok: [119.9.108.253]
ok: [168.63.221.64]
ok: [161.202.34.67]
skipping: [119.9.104.50]

skipping: [13.70.23.40]
skipping: [119.81.239.182]

TASK [nginx_sync : change python interpreter] **********************************
ok: [23.99.120.65]

ok: [119.9.108.253]
ok: [168.63.221.64]
ok: [161.202.34.67]
skipping: [119.9.104.50]
skipping: [13.70.23.40]

skipping: [119.81.239.182]

TASK [nginx_sync : Notify] *****************************************************
ok: [23.99.120.65] => {
    "msg": "Syncing ruibo-nginx"

}
ok: [119.9.108.253] => {
    "msg": "Syncing ruibo-nginx"
}
ok: [168.63.221.64] => {

    "msg": "Syncing ruibo-nginx"
}
ok: [161.202.34.67] => {
    "msg": "Syncing ruibo-nginx"
}

ok: [119.9.104.50] => {
    "msg": "Syncing ruibo-nginx"
}
ok: [13.70.23.40] => {
    "msg": "Syncing ruibo-nginx"

}
ok: [119.81.239.182] => {
    "msg": "Syncing ruibo-nginx"
}


TASK [nginx_sync : include_vars] ***********************************************
ok: [23.99.120.65]
ok: [119.9.108.253]
ok: [168.63.221.64]
ok: [161.202.34.67]

ok: [119.9.104.50]
ok: [13.70.23.40]
ok: [119.81.239.182]

TASK [nginx_sync : Synchronizing Nginx] ****************************************

ok: [168.63.221.64] => (item=conf)
ok: [23.99.120.65] => (item=conf)
ok: [119.9.108.253] => (item=conf)
ok: [119.9.104.50] => (item=conf)
ok: [161.202.34.67] => (item=conf)

changed: [23.99.120.65] => (item=conf.d)
changed: [119.9.108.253] => (item=conf.d)
changed: [119.9.104.50] => (item=conf.d)
changed: [168.63.221.64] => (item=conf.d)
ok: [23.99.120.65] => (item=data)

ok: [119.9.108.253] => (item=data)
changed: [161.202.34.67] => (item=conf.d)
ok: [119.9.104.50] => (item=data)
ok: [168.63.221.64] => (item=data)
ok: [119.9.108.253] => (item=html)

ok: [23.99.120.65] => (item=html)
ok: [119.9.104.50] => (item=html)
ok: [161.202.34.67] => (item=data)
ok: [168.63.221.64] => (item=html)
ok: [13.70.23.40] => (item=conf)

ok: [119.81.239.182] => (item=conf)
ok: [161.202.34.67] => (item=html)
changed: [119.81.239.182] => (item=conf.d)
changed: [13.70.23.40] => (item=conf.d)
ok: [119.81.239.182] => (item=data)

ok: [13.70.23.40] => (item=data)
ok: [119.81.239.182] => (item=html)
ok: [13.70.23.40] => (item=html)

TASK [all_servers : include_vars] **********************************************

ok: [23.99.120.65]
ok: [119.9.108.253]
ok: [168.63.221.64]
ok: [161.202.34.67]
ok: [119.9.104.50]

ok: [13.70.23.40]
ok: [119.81.239.182]

TASK [all_servers : Notify] ****************************************************
ok: [23.99.120.65] => {

    "msg": "Clearing Nginx Cache for ruibo-nginx"
}
ok: [119.9.108.253] => {
    "msg": "Clearing Nginx Cache for ruibo-nginx"
}

ok: [168.63.221.64] => {
    "msg": "Clearing Nginx Cache for ruibo-nginx"
}
ok: [161.202.34.67] => {
    "msg": "Clearing Nginx Cache for ruibo-nginx"

}
ok: [119.9.104.50] => {
    "msg": "Clearing Nginx Cache for ruibo-nginx"
}
ok: [13.70.23.40] => {

    "msg": "Clearing Nginx Cache for ruibo-nginx"
}
ok: [119.81.239.182] => {
    "msg": "Clearing Nginx Cache for ruibo-nginx"
}


TASK [all_servers : Copying clear_nginxcache.sh to remote hosts] ***************
ok: [23.99.120.65]
ok: [119.9.108.253]
ok: [119.9.104.50]

ok: [119.81.239.182]
ok: [168.63.221.64]
ok: [13.70.23.40]
ok: [161.202.34.67]


TASK [all_servers : Nginx Clear Cache] *****************************************
changed: [119.9.108.253]
changed: [23.99.120.65]
changed: [119.9.104.50]
changed: [168.63.221.64]

changed: [161.202.34.67]
changed: [13.70.23.40]
changed: [119.81.239.182]

TASK [all_servers : debug] *****************************************************

ok: [23.99.120.65] => {
    "script_result.stdout_lines": [
        "-----------------------------------------------------------", 
        "|                 Checking Nginx Config                   |", 
        "-----------------------------------------------------------", 

        "", 
        " nginx -t ", 
        "", 
        "-----------------------------------------------------------", 
        "|                 Stopping Nginx Process                  |", 

        "-----------------------------------------------------------", 
        "", 
        " /usr/bin/killall -9 nginx ", 
        "", 
        "-----------------------------------------------------------", 

        "|                 Clearing Proxy Cache                    |", 
        "-----------------------------------------------------------", 
        "", 
        " /bin/rm -rf /tmp/nginx_cache ", 
        "", 

        "-----------------------------------------------------------", 
        "|                Restarting Nginx Process                 |", 
        "-----------------------------------------------------------", 
        "root      11277  0.0  0.0   9120   656 ?        Ss    2018   0:00 /sbin/dhclient -H ruibo-nginx1.hk.az.monaco1.me -1 -q -lf /var/lib/dhclient/dhclient-eth0.leases -pf /var/run/dhclient-eth0.pid eth0", 
        "root      64080  0.0  0.0 106120  1284 ?        S    10:42   0:00 /bin/bash /bak/bin/clear_nginxcache.sh", 

        "root      64086  0.3  2.5 446532 89824 ?        Ss   10:42   0:00 nginx: master process /usr/local/nginx/sbin/nginx", 
        "nobody    64088  0.3  2.6 448460 93424 ?        S    10:42   0:00 nginx: worker process      ", 
        "nobody    64089  0.0  2.6 448460 93424 ?        S    10:42   0:00 nginx: worker process      ", 
        "nobody    64090  0.0  2.6 448460 93424 ?        S    10:42   0:00 nginx: worker process      ", 
        "nobody    64091  0.0  2.6 448460 93424 ?        S    10:42   0:00 nginx: worker process      ", 

        "nobody    64092  0.0  2.5 446532 90320 ?        S    10:42   0:00 nginx: cache manager process", 
        "nobody    64093  0.0  2.5 446532 90208 ?        S    10:42   0:00 nginx: cache loader process", 
        "root      64098  0.0  0.0 103332   852 ?        S    10:42   0:00 grep nginx", 
        "             total       used       free     shared    buffers     cached", 
        "Mem:          3440       2328       1111          2        265        728", 

        "-/+ buffers/cache:       1334       2105", 
        "Swap:            0          0          0", 
        "-----------------------------------------------------------", 
        "|                     Reload SUCCESS!                     |", 
        "-----------------------------------------------------------"

    ]
}
ok: [119.9.108.253] => {
    "script_result.stdout_lines": [
        "-----------------------------------------------------------", 

        "|                 Checking Nginx Config                   |", 
        "-----------------------------------------------------------", 
        "", 
        " nginx -t ", 
        "", 

        "-----------------------------------------------------------", 
        "|                 Stopping Nginx Process                  |", 
        "-----------------------------------------------------------", 
        "", 
        " /usr/bin/killall -9 nginx ", 

        "", 
        "-----------------------------------------------------------", 
        "|                 Clearing Proxy Cache                    |", 
        "-----------------------------------------------------------", 
        "", 

        " /bin/rm -rf /tmp/nginx_cache ", 
        "", 
        "-----------------------------------------------------------", 
        "|                Restarting Nginx Process                 |", 
        "-----------------------------------------------------------", 

        "root      8464  0.0  0.0 106084  1424 ?        S    10:42   0:00 /bin/bash /bak/bin/clear_nginxcache.sh", 
        "root      8477  0.0  1.0 446536 89896 ?        Ss   10:42   0:00 nginx: master process /usr/local/nginx/sbin/nginx", 
        "nobody    8479  0.0  1.1 448464 93424 ?        S    10:42   0:00 nginx: worker process      ", 
        "nobody    8480  0.0  1.1 448464 93424 ?        S    10:42   0:00 nginx: worker process      ", 
        "nobody    8481  0.0  1.1 448464 93424 ?        S    10:42   0:00 nginx: worker process      ", 

        "nobody    8482  0.0  1.1 448464 93424 ?        S    10:42   0:00 nginx: worker process      ", 
        "nobody    8483  0.0  1.1 446536 90320 ?        S    10:42   0:00 nginx: cache manager process", 
        "nobody    8484  0.0  1.1 446536 90280 ?        S    10:42   0:00 nginx: cache loader process", 
        "root      8487  0.0  0.0 103324   892 ?        S    10:42   0:00 grep nginx", 
        "             total       used       free     shared    buffers     cached", 

        "Mem:          7994       7786        208          3        321        798", 
        "-/+ buffers/cache:       6665       1328", 
        "Swap:            0          0          0", 
        "-----------------------------------------------------------", 
        "|                     Reload SUCCESS!                     |", 

        "-----------------------------------------------------------"
    ]
}
ok: [168.63.221.64] => {
    "script_result.stdout_lines": [

        "-----------------------------------------------------------", 
        "|                 Checking Nginx Config                   |", 
        "-----------------------------------------------------------", 
        "", 
        " nginx -t ", 

        "", 
        "-----------------------------------------------------------", 
        "|                 Stopping Nginx Process                  |", 
        "-----------------------------------------------------------", 
        "", 

        " /usr/bin/killall -9 nginx ", 
        "", 
        "-----------------------------------------------------------", 
        "|                 Clearing Proxy Cache                    |", 
        "-----------------------------------------------------------", 

        "", 
        " /bin/rm -rf /tmp/nginx_cache ", 
        "", 
        "-----------------------------------------------------------", 
        "|                Restarting Nginx Process                 |", 

        "-----------------------------------------------------------", 
        "root       9019  0.0  0.0   9120   664 ?        Ss    2018   0:00 /sbin/dhclient -H ruibo-nginx5.hk.az.monaco1.me -1 -q -lf /var/lib/dhclient/dhclient-eth0.leases -pf /var/run/dhclient-eth0.pid eth0", 
        "root     109650  0.0  0.0 106120  1280 ?        S    10:42   0:00 /bin/bash /bak/bin/clear_nginxcache.sh", 
        "root     109659  0.3  2.5 446532 89828 ?        Ss   10:42   0:00 nginx: master process /usr/local/nginx/sbin/nginx", 
        "nobody   109660  0.0  2.6 448460 93356 ?        S    10:42   0:00 nginx: worker process      ", 

        "nobody   109662  0.0  2.6 448460 93356 ?        S    10:42   0:00 nginx: worker process      ", 
        "nobody   109663  0.0  2.6 448460 93356 ?        S    10:42   0:00 nginx: worker process      ", 
        "nobody   109664  0.0  2.6 448460 93356 ?        S    10:42   0:00 nginx: worker process      ", 
        "nobody   109665  0.0  2.5 446532 90252 ?        S    10:42   0:00 nginx: cache manager process", 
        "nobody   109666  0.0  2.5 446532 90212 ?        S    10:42   0:00 nginx: cache loader process", 

        "root     109668  0.0  0.0 103332   852 ?        S    10:42   0:00 grep nginx", 
        "             total       used       free     shared    buffers     cached", 
        "Mem:          3440       3243        196          2        247        909", 
        "-/+ buffers/cache:       2086       1353", 
        "Swap:            0          0          0", 

        "-----------------------------------------------------------", 
        "|                     Reload SUCCESS!                     |", 
        "-----------------------------------------------------------"
    ]
}

ok: [161.202.34.67] => {
    "script_result.stdout_lines": [
        "-----------------------------------------------------------", 
        "|                 Checking Nginx Config                   |", 
        "-----------------------------------------------------------", 

        "", 
        " nginx -t ", 
        "", 
        "-----------------------------------------------------------", 
        "|                 Stopping Nginx Process                  |", 

        "-----------------------------------------------------------", 
        "", 
        " /usr/bin/killall -9 nginx ", 
        "", 
        "-----------------------------------------------------------", 

        "|                 Clearing Proxy Cache                    |", 
        "-----------------------------------------------------------", 
        "", 
        " /bin/rm -rf /tmp/nginx_cache ", 
        "", 

        "-----------------------------------------------------------", 
        "|                Restarting Nginx Process                 |", 
        "-----------------------------------------------------------", 
        "root     15615  2.7  0.0 106112  1276 ?        S    10:42   0:00 /bin/bash /bak/bin/clear_nginxcache.sh", 
        "root     15621 16.3  2.2 446536 89844 ?        Ss   10:42   0:00 nginx: master process /usr/local/nginx/sbin/nginx", 

        "nobody   15623  0.3  2.3 448464 93444 ?        S    10:42   0:00 nginx: worker process      ", 
        "nobody   15624  0.3  2.3 448464 93444 ?        S    10:42   0:00 nginx: worker process      ", 
        "nobody   15625  0.3  2.3 448464 93444 ?        S    10:42   0:00 nginx: worker process      ", 
        "nobody   15626  0.3  2.3 448464 93444 ?        S    10:42   0:00 nginx: worker process      ", 
        "nobody   15627  0.0  2.2 446536 90340 ?        S    10:42   0:00 nginx: cache manager process", 

        "nobody   15628  0.0  2.2 446536 90228 ?        S    10:42   0:00 nginx: cache loader process", 
        "root     15630  0.0  0.0 103316   832 ?        S    10:42   0:00 grep nginx", 
        "             total       used       free     shared    buffers     cached", 
        "Mem:          3880       3805         75          2        376        699", 
        "-/+ buffers/cache:       2729       1151", 

        "Swap:         2047          5       2041", 
        "-----------------------------------------------------------", 
        "|                     Reload SUCCESS!                     |", 
        "-----------------------------------------------------------"
    ]

}
ok: [119.9.104.50] => {
    "script_result.stdout_lines": [
        "-----------------------------------------------------------", 
        "|                 Checking Nginx Config                   |", 

        "-----------------------------------------------------------", 
        "", 
        " nginx -t ", 
        "", 
        "-----------------------------------------------------------", 

        "|                 Stopping Nginx Process                  |", 
        "-----------------------------------------------------------", 
        "", 
        " /usr/bin/killall -9 nginx ", 
        "", 

        "-----------------------------------------------------------", 
        "|                 Clearing Proxy Cache                    |", 
        "-----------------------------------------------------------", 
        "", 
        " /bin/rm -rf /tmp/nginx_cache ", 

        "", 
        "-----------------------------------------------------------", 
        "|                Restarting Nginx Process                 |", 
        "-----------------------------------------------------------", 
        "root     17897  1.3  0.0 113180  1508 ?        S    10:42   0:00 /bin/bash /bak/bin/clear_nginxcache.sh", 

        "root     17907  0.0  3.7 439512 69432 ?        Ss   10:42   0:00 nginx: master process /usr/local/nginx/sbin/nginx", 
        "nobody   17908  0.0  3.9 441836 74684 ?        S    10:42   0:00 nginx: worker process", 
        "nobody   17910  0.0  3.9 441836 74680 ?        S    10:42   0:00 nginx: worker process", 
        "nobody   17911  0.0  3.8 441836 73100 ?        S    10:42   0:00 nginx: worker process", 
        "nobody   17912  0.5  3.9 441836 74688 ?        S    10:42   0:00 nginx: worker process", 

        "nobody   17913  0.0  3.7 439512 70052 ?        S    10:42   0:00 nginx: cache manager process", 
        "nobody   17914  0.0  3.7 439512 70052 ?        S    10:42   0:00 nginx: cache loader process", 
        "root     17918  0.0  0.0 112712   968 ?        S    10:42   0:00 grep nginx", 
        "              total        used        free      shared  buff/cache   available", 
        "Mem:           1832         215         798         106         818        1299", 

        "Swap:             0           0           0", 
        "-----------------------------------------------------------", 
        "|                     Reload SUCCESS!                     |", 
        "-----------------------------------------------------------"
    ]

}
ok: [13.70.23.40] => {
    "script_result.stdout_lines": [
        "-----------------------------------------------------------", 
        "|                 Checking Nginx Config                   |", 

        "-----------------------------------------------------------", 
        "", 
        " nginx -t ", 
        "", 
        "-----------------------------------------------------------", 

        "|                 Stopping Nginx Process                  |", 
        "-----------------------------------------------------------", 
        "", 
        " /usr/bin/killall -9 nginx ", 
        "", 

        "-----------------------------------------------------------", 
        "|                 Clearing Proxy Cache                    |", 
        "-----------------------------------------------------------", 
        "", 
        " /bin/rm -rf /tmp/nginx_cache ", 

        "", 
        "-----------------------------------------------------------", 
        "|                Restarting Nginx Process                 |", 
        "-----------------------------------------------------------", 
        "root        804  0.0  0.2 107396  1992 ?        Ss   Jul03   0:00 /sbin/dhclient -q -lf /var/lib/dhclient/dhclient--eth0.lease -pf /var/run/dhclient-eth0.pid -H ruibo-nginx4.hk.az.monaco1.me eth0", 

        "root      18235  0.6  0.1 113180  1488 ?        S    10:42   0:00 /bin/bash /bak/bin/clear_nginxcache.sh", 
        "root      18241  0.0  7.4 439512 69428 ?        Ss   10:42   0:00 nginx: master process /usr/local/nginx/sbin/nginx", 
        "nobody    18243  0.0  7.8 443920 73212 ?        S    10:42   0:00 nginx: worker process", 
        "nobody    18244  0.0  7.8 443920 73212 ?        S    10:42   0:00 nginx: worker process", 
        "nobody    18245  0.0  7.8 443920 73212 ?        S    10:42   0:00 nginx: worker process", 

        "nobody    18246  0.0  7.8 443920 73212 ?        S    10:42   0:00 nginx: worker process", 
        "nobody    18247  0.0  7.5 441596 70160 ?        S    10:42   0:00 nginx: cache manager process", 
        "nobody    18248  0.0  7.5 441596 70160 ?        S    10:42   0:00 nginx: cache loader process", 
        "root      18250  0.0  0.1 112712   956 ?        S    10:42   0:00 grep nginx", 
        "              total        used        free      shared  buff/cache   available", 

        "Mem:            910         242         216          48         452         383", 
        "Swap:             0           0           0", 
        "-----------------------------------------------------------", 
        "|                     Reload SUCCESS!                     |", 
        "-----------------------------------------------------------"

    ]
}
ok: [119.81.239.182] => {
    "script_result.stdout_lines": [
        "-----------------------------------------------------------", 

        "|                 Checking Nginx Config                   |", 
        "-----------------------------------------------------------", 
        "", 
        " nginx -t ", 
        "", 

        "-----------------------------------------------------------", 
        "|                 Stopping Nginx Process                  |", 
        "-----------------------------------------------------------", 
        "", 
        " /usr/bin/killall -9 nginx ", 

        "", 
        "-----------------------------------------------------------", 
        "|                 Clearing Proxy Cache                    |", 
        "-----------------------------------------------------------", 
        "", 

        " /bin/rm -rf /tmp/nginx_cache ", 
        "", 
        "-----------------------------------------------------------", 
        "|                Restarting Nginx Process                 |", 
        "-----------------------------------------------------------", 

        "root      5879  0.6  0.0 113180  1500 ?        S    10:42   0:00 /bin/bash /bak/bin/clear_nginxcache.sh", 
        "root      5886  0.0  1.7 425564 68100 ?        Ss   10:42   0:00 nginx: master process /usr/local/nginx/sbin/nginx", 
        "nobody    5887  0.0  1.8 427888 71568 ?        S    10:42   0:00 nginx: worker process", 
        "nobody    5889  0.0  1.8 427888 71568 ?        S    10:42   0:00 nginx: worker process", 
        "nobody    5890  0.0  1.8 427888 71568 ?        S    10:42   0:00 nginx: worker process", 

        "nobody    5891  0.0  1.8 427888 71568 ?        S    10:42   0:00 nginx: worker process", 
        "nobody    5892  0.0  1.7 425564 68528 ?        S    10:42   0:00 nginx: cache manager process", 
        "nobody    5893  0.0  1.7 425564 68528 ?        S    10:42   0:00 nginx: cache loader process", 
        "root      5895  0.0  0.0 112708   956 ?        S    10:43   0:00 grep nginx", 
        "              total        used        free      shared  buff/cache   available", 

        "Mem:           3783         195         224         200        3363        3089", 
        "Swap:          2047           1        2045", 
        "-----------------------------------------------------------", 
        "|                     Reload SUCCESS!                     |", 
        "-----------------------------------------------------------"

    ]
}

PLAY [127.0.0.1] ***************************************************************


TASK [sync_to_git : Synchronizing Nginx To GIT] ********************************
changed: [127.0.0.1]

TASK [sync_to_git : debug] *****************************************************
ok: [127.0.0.1] => {

    "msg": " [u'[master 917a1a9] quincy', u' 1 file changed, 118 insertions(+), 6 deletions(-)', u' rewrite nginx/conf.d/include/ruibo_official_masterconfig.include (95%)', u'Branch master set up to track remote branch master from origin.']"
}

PLAY [ruibo-nginx] *************************************************************


PLAY [127.0.0.1] ***************************************************************

PLAY RECAP *********************************************************************
119.81.239.182             : ok=9    changed=2    unreachable=0    failed=0    skipped=2    rescued=0    ignored=0   
119.9.104.50               : ok=9    changed=2    unreachable=0    failed=0    skipped=2    rescued=0    ignored=0   

119.9.108.253              : ok=11   changed=2    unreachable=0    failed=0    skipped=0    rescued=0    ignored=0   
127.0.0.1                  : ok=2    changed=1    unreachable=0    failed=0    skipped=0    rescued=0    ignored=0   
13.70.23.40                : ok=9    changed=2    unreachable=0    failed=0    skipped=2    rescued=0    ignored=0   
161.202.34.67              : ok=11   changed=2    unreachable=0    failed=0    skipped=0    rescued=0    ignored=0   
168.63.221.64              : ok=11   changed=2    unreachable=0    failed=0    skipped=0    rescued=0    ignored=0   

23.99.120.65               : ok=11   changed=2    unreachable=0    failed=0    skipped=0    rescued=0    ignored=0   


ESYNC_WORKER1_COMMAND_END
MAX RETRIES EXECUTED, COMMAND NOT RESPONDING