ESYNC_WORKER1_COMMAND_START
 [WARNING]: Invalid characters were found in group names but not replaced, use
-vvvv to see details

PLAY [ruibo-nginx] *************************************************************


TASK [Gathering Facts] *********************************************************
ok: [119.9.108.253]
ok: [23.99.120.65]
ok: [119.9.104.50]
ok: [168.63.221.64]

ok: [119.81.239.182]
ok: [13.70.23.40]
ok: [161.202.34.67]

TASK [nginx_sync : Change python interpreter] **********************************

ok: [23.99.120.65]
ok: [119.9.108.253]
ok: [168.63.221.64]
ok: [161.202.34.67]
skipping: [119.9.104.50]

skipping: [13.70.23.40]
skipping: [119.81.239.182]

TASK [nginx_sync : change python interpreter] **********************************
ok: [23.99.120.65]

ok: [119.9.108.253]
ok: [168.63.221.64]
ok: [161.202.34.67]
skipping: [119.9.104.50]
skipping: [13.70.23.40]

skipping: [119.81.239.182]

TASK [nginx_sync : Notify] *****************************************************
ok: [23.99.120.65] => {
    "msg": "Syncing ruibo-nginx"

}
ok: [119.9.108.253] => {
    "msg": "Syncing ruibo-nginx"
}
ok: [168.63.221.64] => {

    "msg": "Syncing ruibo-nginx"
}
ok: [161.202.34.67] => {
    "msg": "Syncing ruibo-nginx"
}

ok: [119.9.104.50] => {
    "msg": "Syncing ruibo-nginx"
}
ok: [13.70.23.40] => {
    "msg": "Syncing ruibo-nginx"

}
ok: [119.81.239.182] => {
    "msg": "Syncing ruibo-nginx"
}


TASK [nginx_sync : include_vars] ***********************************************
ok: [23.99.120.65]
ok: [119.9.108.253]
ok: [168.63.221.64]
ok: [161.202.34.67]

ok: [119.9.104.50]
ok: [13.70.23.40]
ok: [119.81.239.182]

TASK [nginx_sync : Synchronizing Nginx] ****************************************

ok: [119.9.108.253] => (item=conf)
ok: [119.9.104.50] => (item=conf)
ok: [168.63.221.64] => (item=conf)
ok: [23.99.120.65] => (item=conf)
ok: [161.202.34.67] => (item=conf)

changed: [119.9.104.50] => (item=conf.d)
changed: [119.9.108.253] => (item=conf.d)
changed: [168.63.221.64] => (item=conf.d)
changed: [23.99.120.65] => (item=conf.d)
ok: [119.9.108.253] => (item=data)

ok: [119.9.104.50] => (item=data)
ok: [23.99.120.65] => (item=data)
ok: [168.63.221.64] => (item=data)
changed: [161.202.34.67] => (item=conf.d)
ok: [119.9.108.253] => (item=html)

ok: [119.9.104.50] => (item=html)
ok: [23.99.120.65] => (item=html)
ok: [168.63.221.64] => (item=html)
ok: [161.202.34.67] => (item=data)
ok: [13.70.23.40] => (item=conf)

ok: [119.81.239.182] => (item=conf)
ok: [161.202.34.67] => (item=html)
changed: [13.70.23.40] => (item=conf.d)
changed: [119.81.239.182] => (item=conf.d)
ok: [13.70.23.40] => (item=data)

ok: [119.81.239.182] => (item=data)
ok: [13.70.23.40] => (item=html)
ok: [119.81.239.182] => (item=html)

TASK [all_servers : include_vars] **********************************************

ok: [23.99.120.65]
ok: [119.9.108.253]
ok: [168.63.221.64]
ok: [161.202.34.67]
ok: [119.9.104.50]

ok: [13.70.23.40]
ok: [119.81.239.182]

TASK [all_servers : Notify] ****************************************************
ok: [23.99.120.65] => {

    "msg": "Clearing Nginx Cache for ruibo-nginx"
}
ok: [119.9.108.253] => {
    "msg": "Clearing Nginx Cache for ruibo-nginx"
}

ok: [168.63.221.64] => {
    "msg": "Clearing Nginx Cache for ruibo-nginx"
}
ok: [161.202.34.67] => {
    "msg": "Clearing Nginx Cache for ruibo-nginx"

}
ok: [119.9.104.50] => {
    "msg": "Clearing Nginx Cache for ruibo-nginx"
}
ok: [13.70.23.40] => {

    "msg": "Clearing Nginx Cache for ruibo-nginx"
}
ok: [119.81.239.182] => {
    "msg": "Clearing Nginx Cache for ruibo-nginx"
}


TASK [all_servers : Copying clear_nginxcache.sh to remote hosts] ***************
ok: [119.9.108.253]
ok: [23.99.120.65]
ok: [119.9.104.50]

ok: [119.81.239.182]
ok: [168.63.221.64]
ok: [13.70.23.40]
ok: [161.202.34.67]


ESYNC_WORKER1_COMMAND_END
MAX RETRIES EXECUTED, COMMAND NOT RESPONDINGTASK [all_servers : Nginx Clear Cache] *****************************************
changed: [119.9.108.253]
changed: [119.9.104.50]
changed: [23.99.120.65]
changed: [168.63.221.64]

changed: [161.202.34.67]
changed: [13.70.23.40]
changed: [119.81.239.182]

TASK [all_servers : debug] *****************************************************

ok: [23.99.120.65] => {
    "script_result.stdout_lines": [
        "-----------------------------------------------------------", 
        "|                 Checking Nginx Config                   |", 
        "-----------------------------------------------------------", 

        "", 
        " nginx -t ", 
        "", 
        "-----------------------------------------------------------", 
        "|                 Stopping Nginx Process                  |", 

        "-----------------------------------------------------------", 
        "", 
        " /usr/bin/killall -9 nginx ", 
        "", 
        "-----------------------------------------------------------", 

        "|                 Clearing Proxy Cache                    |", 
        "-----------------------------------------------------------", 
        "", 
        " /bin/rm -rf /tmp/nginx_cache ", 
        "", 

        "-----------------------------------------------------------", 
        "|                Restarting Nginx Process                 |", 
        "-----------------------------------------------------------", 
        "root      11277  0.0  0.0   9120   656 ?        Ss    2018   0:00 /sbin/dhclient -H ruibo-nginx1.hk.az.monaco1.me -1 -q -lf /var/lib/dhclient/dhclient-eth0.leases -pf /var/run/dhclient-eth0.pid eth0", 
        "root      32732  0.0  0.0 106120  1280 ?        S    14:50   0:00 /bin/bash /bak/bin/clear_nginxcache.sh", 

        "root      32741  0.0  2.5 446532 89824 ?        Ss   14:50   0:00 nginx: master process /usr/local/nginx/sbin/nginx", 
        "nobody    32742  0.0  2.6 448460 93352 ?        S    14:50   0:00 nginx: worker process      ", 
        "nobody    32743  0.0  2.6 448460 93352 ?        S    14:50   0:00 nginx: worker process      ", 
        "nobody    32744  0.0  2.6 448460 93352 ?        S    14:50   0:00 nginx: worker process      ", 
        "nobody    32746  0.0  2.6 448460 93352 ?        S    14:50   0:00 nginx: worker process      ", 

        "nobody    32747  0.0  2.5 446532 90248 ?        S    14:50   0:00 nginx: cache manager process", 
        "nobody    32748  0.0  2.5 446532 90208 ?        S    14:50   0:00 nginx: cache loader process", 
        "root      32750  0.0  0.0 103328   844 ?        S    14:50   0:00 grep nginx", 
        "             total       used       free     shared    buffers     cached", 
        "Mem:          3440       2341       1099          2        265        737", 

        "-/+ buffers/cache:       1338       2102", 
        "Swap:            0          0          0", 
        "-----------------------------------------------------------", 
        "|                     Reload SUCCESS!                     |", 
        "-----------------------------------------------------------"

    ]
}
ok: [119.9.108.253] => {
    "script_result.stdout_lines": [
        "-----------------------------------------------------------", 

        "|                 Checking Nginx Config                   |", 
        "-----------------------------------------------------------", 
        "", 
        " nginx -t ", 
        "", 

        "-----------------------------------------------------------", 
        "|                 Stopping Nginx Process                  |", 
        "-----------------------------------------------------------", 
        "", 
        " /usr/bin/killall -9 nginx ", 

        "", 
        "-----------------------------------------------------------", 
        "|                 Clearing Proxy Cache                    |", 
        "-----------------------------------------------------------", 
        "", 

        " /bin/rm -rf /tmp/nginx_cache ", 
        "", 
        "-----------------------------------------------------------", 
        "|                Restarting Nginx Process                 |", 
        "-----------------------------------------------------------", 

        "root      7019  0.0  0.0 106084  1424 ?        S    14:50   0:00 /bin/bash /bak/bin/clear_nginxcache.sh", 
        "root      7025  0.0  1.0 446536 89892 ?        Ss   14:50   0:00 nginx: master process /usr/local/nginx/sbin/nginx", 
        "nobody    7027  0.0  1.1 448464 93492 ?        S    14:50   0:00 nginx: worker process      ", 
        "nobody    7028  0.0  1.1 448464 93492 ?        S    14:50   0:00 nginx: worker process      ", 
        "nobody    7029  0.0  1.1 448464 93492 ?        S    14:50   0:00 nginx: worker process      ", 

        "nobody    7030  0.0  1.1 448464 93492 ?        S    14:50   0:00 nginx: worker process      ", 
        "nobody    7031  0.0  1.1 446536 90388 ?        S    14:50   0:00 nginx: cache manager process", 
        "nobody    7032  0.0  1.1 446536 90276 ?        S    14:50   0:00 nginx: cache loader process", 
        "root      7034  0.0  0.0 103324   892 ?        S    14:50   0:00 grep nginx", 
        "             total       used       free     shared    buffers     cached", 

        "Mem:          7994       7775        218          3        321        803", 
        "-/+ buffers/cache:       6650       1343", 
        "Swap:            0          0          0", 
        "-----------------------------------------------------------", 
        "|                     Reload SUCCESS!                     |", 

        "-----------------------------------------------------------"
    ]
}
ok: [168.63.221.64] => {
    "script_result.stdout_lines": [

        "-----------------------------------------------------------", 
        "|                 Checking Nginx Config                   |", 
        "-----------------------------------------------------------", 
        "", 
        " nginx -t ", 

        "", 
        "-----------------------------------------------------------", 
        "|                 Stopping Nginx Process                  |", 
        "-----------------------------------------------------------", 
        "", 

        " /usr/bin/killall -9 nginx ", 
        "", 
        "-----------------------------------------------------------", 
        "|                 Clearing Proxy Cache                    |", 
        "-----------------------------------------------------------", 

        "", 
        " /bin/rm -rf /tmp/nginx_cache ", 
        "", 
        "-----------------------------------------------------------", 
        "|                Restarting Nginx Process                 |", 

        "-----------------------------------------------------------", 
        "root       9019  0.0  0.0   9120   664 ?        Ss    2018   0:00 /sbin/dhclient -H ruibo-nginx5.hk.az.monaco1.me -1 -q -lf /var/lib/dhclient/dhclient-eth0.leases -pf /var/run/dhclient-eth0.pid eth0", 
        "root      78573  0.1  0.0 106120  1284 ?        S    14:50   0:00 /bin/bash /bak/bin/clear_nginxcache.sh", 
        "root      78582  0.0  2.5 446532 89824 ?        Ss   14:50   0:00 nginx: master process /usr/local/nginx/sbin/nginx", 
        "nobody    78583  0.0  2.6 448460 93424 ?        S    14:50   0:00 nginx: worker process      ", 

        "nobody    78584  0.0  2.6 448460 93424 ?        S    14:50   0:00 nginx: worker process      ", 
        "nobody    78585  0.0  2.6 448460 93424 ?        S    14:50   0:00 nginx: worker process      ", 
        "nobody    78586  0.0  2.6 448460 93424 ?        S    14:50   0:00 nginx: worker process      ", 
        "nobody    78587  0.0  2.5 446532 90320 ?        S    14:50   0:00 nginx: cache manager process", 
        "nobody    78589  0.0  2.5 446532 90208 ?        S    14:50   0:00 nginx: cache loader process", 

        "root      78591  0.0  0.0 103332   856 ?        S    14:50   0:00 grep nginx", 
        "             total       used       free     shared    buffers     cached", 
        "Mem:          3440       3223        217          2        248        912", 
        "-/+ buffers/cache:       2062       1378", 
        "Swap:            0          0          0", 

        "-----------------------------------------------------------", 
        "|                     Reload SUCCESS!                     |", 
        "-----------------------------------------------------------"
    ]
}

ok: [161.202.34.67] => {
    "script_result.stdout_lines": [
        "-----------------------------------------------------------", 
        "|                 Checking Nginx Config                   |", 
        "-----------------------------------------------------------", 

        "", 
        " nginx -t ", 
        "", 
        "-----------------------------------------------------------", 
        "|                 Stopping Nginx Process                  |", 

        "-----------------------------------------------------------", 
        "", 
        " /usr/bin/killall -9 nginx ", 
        "", 
        "-----------------------------------------------------------", 

        "|                 Clearing Proxy Cache                    |", 
        "-----------------------------------------------------------", 
        "", 
        " /bin/rm -rf /tmp/nginx_cache ", 
        "", 

        "-----------------------------------------------------------", 
        "|                Restarting Nginx Process                 |", 
        "-----------------------------------------------------------", 
        "root     20076  2.8  0.0 106112  1276 ?        S    14:50   0:00 /bin/bash /bak/bin/clear_nginxcache.sh", 
        "root     20082 16.6  2.2 446536 89844 ?        Ss   14:50   0:00 nginx: master process /usr/local/nginx/sbin/nginx", 

        "nobody   20084  0.5  2.3 448464 93444 ?        S    14:50   0:00 nginx: worker process      ", 
        "nobody   20085  0.5  2.3 448464 93444 ?        S    14:50   0:00 nginx: worker process      ", 
        "nobody   20086  0.5  2.3 448464 93444 ?        S    14:50   0:00 nginx: worker process      ", 
        "nobody   20087  0.5  2.3 448464 93444 ?        S    14:50   0:00 nginx: worker process      ", 
        "nobody   20088  0.0  2.2 446536 90340 ?        S    14:50   0:00 nginx: cache manager process", 

        "nobody   20089  0.0  2.2 446536 90228 ?        S    14:50   0:00 nginx: cache loader process", 
        "root     20091  0.0  0.0 103316   836 ?        S    14:50   0:00 grep nginx", 
        "             total       used       free     shared    buffers     cached", 
        "Mem:          3880       3769        111          2        375        700", 
        "-/+ buffers/cache:       2693       1187", 

        "Swap:         2047          5       2041", 
        "-----------------------------------------------------------", 
        "|                     Reload SUCCESS!                     |", 
        "-----------------------------------------------------------"
    ]

}
ok: [119.9.104.50] => {
    "script_result.stdout_lines": [
        "-----------------------------------------------------------", 
        "|                 Checking Nginx Config                   |", 

        "-----------------------------------------------------------", 
        "", 
        " nginx -t ", 
        "", 
        "-----------------------------------------------------------", 

        "|                 Stopping Nginx Process                  |", 
        "-----------------------------------------------------------", 
        "", 
        " /usr/bin/killall -9 nginx ", 
        "", 

        "-----------------------------------------------------------", 
        "|                 Clearing Proxy Cache                    |", 
        "-----------------------------------------------------------", 
        "", 
        " /bin/rm -rf /tmp/nginx_cache ", 

        "", 
        "-----------------------------------------------------------", 
        "|                Restarting Nginx Process                 |", 
        "-----------------------------------------------------------", 
        "root     13754  1.1  0.0 113180  1508 ?        S    14:50   0:00 /bin/bash /bak/bin/clear_nginxcache.sh", 

        "root     13764  0.0  3.7 439512 69432 ?        Ss   14:50   0:00 nginx: master process /usr/local/nginx/sbin/nginx", 
        "nobody   13766  1.0  3.9 442260 74936 ?        S    14:50   0:00 nginx: worker process", 
        "nobody   13767  1.3  3.9 442576 74940 ?        S    14:50   0:00 nginx: worker process", 
        "nobody   13768  1.3  3.9 442568 75008 ?        S    14:50   0:00 nginx: worker process", 
        "nobody   13769  1.6  3.9 442432 74924 ?        R    14:50   0:00 nginx: worker process", 

        "nobody   13770  0.0  3.7 439512 70052 ?        S    14:50   0:00 nginx: cache manager process", 
        "nobody   13771  0.0  3.7 439512 70052 ?        S    14:50   0:00 nginx: cache loader process", 
        "root     13775  0.0  0.0 112708   968 ?        S    14:50   0:00 grep nginx", 
        "              total        used        free      shared  buff/cache   available", 
        "Mem:           1832         218         646         106         968        1295", 

        "Swap:             0           0           0", 
        "-----------------------------------------------------------", 
        "|                     Reload SUCCESS!                     |", 
        "-----------------------------------------------------------"
    ]

}
ok: [13.70.23.40] => {
    "script_result.stdout_lines": [
        "-----------------------------------------------------------", 
        "|                 Checking Nginx Config                   |", 

        "-----------------------------------------------------------", 
        "", 
        " nginx -t ", 
        "", 
        "-----------------------------------------------------------", 

        "|                 Stopping Nginx Process                  |", 
        "-----------------------------------------------------------", 
        "", 
        " /usr/bin/killall -9 nginx ", 
        "", 

        "-----------------------------------------------------------", 
        "|                 Clearing Proxy Cache                    |", 
        "-----------------------------------------------------------", 
        "", 
        " /bin/rm -rf /tmp/nginx_cache ", 

        "", 
        "-----------------------------------------------------------", 
        "|                Restarting Nginx Process                 |", 
        "-----------------------------------------------------------", 
        "root        770  0.0  0.0 107432  2300 ?        Ss   Jul22   0:00 /sbin/dhclient -q -lf /var/lib/dhclient/dhclient--eth0.lease -pf /var/run/dhclient-eth0.pid -H ruibo-nginx4.hk.az.monaco1.me eth0", 

        "root      38089  0.6  0.0 113180  1492 ?        S    14:50   0:00 /bin/bash /bak/bin/clear_nginxcache.sh", 
        "root      38096  0.0  1.7 439512 69432 ?        Ss   14:50   0:00 nginx: master process /usr/local/nginx/sbin/nginx", 
        "nobody    38098  0.0  1.8 443920 74796 ?        S    14:50   0:00 nginx: worker process", 
        "nobody    38099  0.0  1.8 443920 74548 ?        S    14:50   0:00 nginx: worker process", 
        "nobody    38100  0.0  1.8 443920 73412 ?        S    14:50   0:00 nginx: worker process", 

        "nobody    38101  0.0  1.8 443920 74788 ?        S    14:50   0:00 nginx: worker process", 
        "nobody    38102  0.0  1.7 441596 70164 ?        S    14:50   0:00 nginx: cache manager process", 
        "nobody    38103  0.0  1.7 441596 70164 ?        S    14:50   0:00 nginx: cache loader process", 
        "root      38105  0.0  0.0 112712   952 ?        S    14:50   0:00 grep nginx", 
        "              total        used        free      shared  buff/cache   available", 

        "Mem:           3934         296        1067          27        2569        3290", 
        "Swap:             0           0           0", 
        "-----------------------------------------------------------", 
        "|                     Reload SUCCESS!                     |", 
        "-----------------------------------------------------------"

    ]
}
ok: [119.81.239.182] => {
    "script_result.stdout_lines": [
        "-----------------------------------------------------------", 

        "|                 Checking Nginx Config                   |", 
        "-----------------------------------------------------------", 
        "", 
        " nginx -t ", 
        "", 

        "-----------------------------------------------------------", 
        "|                 Stopping Nginx Process                  |", 
        "-----------------------------------------------------------", 
        "", 
        " /usr/bin/killall -9 nginx ", 

        "", 
        "-----------------------------------------------------------", 
        "|                 Clearing Proxy Cache                    |", 
        "-----------------------------------------------------------", 
        "", 

        " /bin/rm -rf /tmp/nginx_cache ", 
        "", 
        "-----------------------------------------------------------", 
        "|                Restarting Nginx Process                 |", 
        "-----------------------------------------------------------", 

        "root     19812  0.5  0.0 113180  1496 ?        S    14:50   0:00 /bin/bash /bak/bin/clear_nginxcache.sh", 
        "root     19819  0.0  1.7 425564 68096 ?        Ss   14:50   0:00 nginx: master process /usr/local/nginx/sbin/nginx", 
        "nobody   19820  0.0  1.8 427888 71564 ?        S    14:50   0:00 nginx: worker process", 
        "nobody   19822  0.0  1.8 427888 71564 ?        S    14:50   0:00 nginx: worker process", 
        "nobody   19823  0.0  1.8 427888 71564 ?        S    14:50   0:00 nginx: worker process", 

        "nobody   19824  0.0  1.8 427888 71564 ?        S    14:50   0:00 nginx: worker process", 
        "nobody   19825  0.0  1.7 425564 68524 ?        S    14:50   0:00 nginx: cache manager process", 
        "nobody   19826  0.0  1.7 425564 68524 ?        S    14:50   0:00 nginx: cache loader process", 
        "root     19878  0.0  0.0 112708   956 ?        S    14:50   0:00 grep nginx", 
        "              total        used        free      shared  buff/cache   available", 

        "Mem:           3783         195         292         193        3296        3096", 
        "Swap:          2047           0        2046", 
        "-----------------------------------------------------------", 
        "|                     Reload SUCCESS!                     |", 
        "-----------------------------------------------------------"

    ]
}

PLAY [127.0.0.1] ***************************************************************


TASK [sync_to_git : Synchronizing Nginx To GIT] ********************************
changed: [127.0.0.1]

TASK [sync_to_git : debug] *****************************************************
ok: [127.0.0.1] => {

    "msg": " [u'[master fcaee82] quincy', u' 1 file changed, 1 insertion(+), 1 deletion(-)', u'Branch master set up to track remote branch master from origin.']"
}

PLAY [ruibo-nginx] *************************************************************


PLAY [127.0.0.1] ***************************************************************

PLAY RECAP *********************************************************************
119.81.239.182             : ok=9    changed=2    unreachable=0    failed=0    skipped=2    rescued=0    ignored=0   
119.9.104.50               : ok=9    changed=2    unreachable=0    failed=0    skipped=2    rescued=0    ignored=0   

119.9.108.253              : ok=11   changed=2    unreachable=0    failed=0    skipped=0    rescued=0    ignored=0   
127.0.0.1                  : ok=2    changed=1    unreachable=0    failed=0    skipped=0    rescued=0    ignored=0   
13.70.23.40                : ok=9    changed=2    unreachable=0    failed=0    skipped=2    rescued=0    ignored=0   
161.202.34.67              : ok=11   changed=2    unreachable=0    failed=0    skipped=0    rescued=0    ignored=0   
168.63.221.64              : ok=11   changed=2    unreachable=0    failed=0    skipped=0    rescued=0    ignored=0   

23.99.120.65               : ok=11   changed=2    unreachable=0    failed=0    skipped=0    rescued=0    ignored=0   


