ESYNC_WORKER1_COMMAND_START
[WARNING]: Invalid characters were found in group names but not replaced, use
-vvvv to see details

PLAY [om-fpms_pms_nginx] *******************************************************


TASK [Gathering Facts] *********************************************************
ok: [13.75.105.75]
ok: [119.9.108.4]

TASK [nginx_sync : Change python interpreter] **********************************

ok: [119.9.108.4]
skipping: [13.75.105.75]

TASK [nginx_sync : change python interpreter] **********************************
ok: [119.9.108.4]

skipping: [13.75.105.75]

TASK [nginx_sync : Notify] *****************************************************
ok: [119.9.108.4] => {
    "msg": "Syncing om-fpms_pms_nginx"

}
ok: [13.75.105.75] => {
    "msg": "Syncing om-fpms_pms_nginx"
}


TASK [nginx_sync : include_vars] ***********************************************
ok: [119.9.108.4]
ok: [13.75.105.75]

TASK [nginx_sync : Synchronizing Nginx] ****************************************

ok: [13.75.105.75] => (item=conf)
ok: [119.9.108.4] => (item=conf)
changed: [13.75.105.75] => (item=conf.d)
changed: [119.9.108.4] => (item=conf.d)
ok: [13.75.105.75] => (item=data)

ok: [119.9.108.4] => (item=data)
ok: [13.75.105.75] => (item=html)
ok: [119.9.108.4] => (item=html)

TASK [nginx_sync : Set HTML Dir to root] ***************************************

ok: [13.75.105.75]
ok: [119.9.108.4]

TASK [all_servers : include_vars] **********************************************
ok: [119.9.108.4]

ok: [13.75.105.75]

TASK [all_servers : Notify] ****************************************************
ok: [119.9.108.4] => {
    "msg": "Clearing Nginx Cache for om-fpms_pms_nginx"

}
ok: [13.75.105.75] => {
    "msg": "Clearing Nginx Cache for om-fpms_pms_nginx"
}


TASK [all_servers : Copying clear_nginxcache.sh to remote hosts] ***************
ok: [13.75.105.75]
ok: [119.9.108.4]

TASK [all_servers : Nginx Clear Cache] *****************************************

changed: [13.75.105.75]
changed: [119.9.108.4]

TASK [all_servers : debug] *****************************************************
ok: [119.9.108.4] => {

    "script_result.stdout_lines": [
        "-----------------------------------------------------------", 
        "|                 Checking Nginx Config                   |", 
        "-----------------------------------------------------------", 
        "", 

        " nginx -t ", 
        "", 
        "-----------------------------------------------------------", 
        "|                 Stopping Nginx Process                  |", 
        "-----------------------------------------------------------", 

        "", 
        " /usr/bin/killall -9 nginx ", 
        "", 
        "-----------------------------------------------------------", 
        "|                 Clearing Proxy Cache                    |", 

        "-----------------------------------------------------------", 
        "", 
        " /bin/rm -rf /tmp/nginx_cache ", 
        "", 
        "-----------------------------------------------------------", 

        "|                Restarting Nginx Process                 |", 
        "-----------------------------------------------------------", 
        "root      3887  0.3  0.0 106080  1428 ?        S    16:48   0:00 /bin/bash /bak/bin/clear_nginxcache.sh", 
        "root      4032  0.0  1.1 314420 22692 ?        Ss   16:48   0:00 nginx: master process /usr/local/nginx/sbin/nginx", 
        "nobody    4034  2.0  1.4 319336 28896 ?        S    16:48   0:00 nginx: worker process      ", 

        "nobody    4035  1.3  1.3 318860 28624 ?        S    16:48   0:00 nginx: worker process      ", 
        "nobody    4036  1.0  1.4 318972 28916 ?        R    16:48   0:00 nginx: worker process      ", 
        "nobody    4037  1.3  1.3 318856 28580 ?        S    16:48   0:00 nginx: worker process      ", 
        "nobody    4038  0.0  1.1 314420 23116 ?        S    16:48   0:00 nginx: cache manager process", 
        "nobody    4039  0.0  1.1 314420 22976 ?        S    16:48   0:00 nginx: cache loader process", 

        "root      4094  0.0  0.0 103320   880 ?        S    16:48   0:00 grep nginx", 
        "root      7921  0.0  0.5  16232 10924 ?        Sl   Oct16  65:49 ./nginx-vts-exporter -nginx.scrape_uri http://localhost:8088/status/format/json", 
        "             total       used       free     shared    buffers     cached", 
        "Mem:          2000       1834        166          1        145        878", 
        "-/+ buffers/cache:        809       1190", 

        "Swap:            0          0          0", 
        "-----------------------------------------------------------", 
        "|                     Reload SUCCESS!                     |", 
        "-----------------------------------------------------------"
    ]

}
ok: [13.75.105.75] => {
    "script_result.stdout_lines": [
        "-----------------------------------------------------------", 
        "|                 Checking Nginx Config                   |", 

        "-----------------------------------------------------------", 
        "", 
        " nginx -t ", 
        "", 
        "-----------------------------------------------------------", 

        "|                 Stopping Nginx Process                  |", 
        "-----------------------------------------------------------", 
        "", 
        " /usr/bin/killall -9 nginx ", 
        "", 

        "-----------------------------------------------------------", 
        "|                 Clearing Proxy Cache                    |", 
        "-----------------------------------------------------------", 
        "", 
        " /bin/rm -rf /tmp/nginx_cache ", 

        "", 
        "-----------------------------------------------------------", 
        "|                Restarting Nginx Process                 |", 
        "-----------------------------------------------------------", 
        "root       4209  0.0  0.0 107464  2080 ?        Ss    2019   0:00 /sbin/dhclient -q -lf /var/lib/dhclient/dhclient--eth0.lease -pf /var/run/dhclient-eth0.pid -H om-fpms-pms-nginx eth0", 

        "root     105008  0.8  0.0 113180  1496 ?        S    16:48   0:00 /bin/bash /bak/bin/clear_nginxcache.sh", 
        "root     105018  0.0  0.5 319464 23968 ?        Ss   16:48   0:00 nginx: master process /usr/local/nginx/sbin/nginx", 
        "nobody   105020  2.0  0.7 324172 30092 ?        S    16:48   0:00 nginx: worker process", 
        "nobody   105021  2.0  0.7 324388 30036 ?        S    16:48   0:00 nginx: worker process", 
        "nobody   105022  2.0  0.7 324392 30344 ?        S    16:48   0:00 nginx: worker process", 

        "nobody   105023  3.0  0.7 324376 29816 ?        S    16:48   0:00 nginx: worker process", 
        "nobody   105024  0.0  0.6 321548 24464 ?        S    16:48   0:00 nginx: cache manager process", 
        "nobody   105025  0.0  0.6 321548 24464 ?        S    16:48   0:00 nginx: cache loader process", 
        "root     105029  0.0  0.0 112712   956 ?        S    16:48   0:00 grep nginx", 
        "root     127501  0.0  0.2  17340  9376 ?        Sl   Oct16  47:34 ./nginx-vts-exporter -nginx.scrape_uri http://localhost:8088/status/format/json", 

        "              total        used        free      shared  buff/cache   available", 
        "Mem:           3932         460         493         202        2978        2911", 
        "Swap:             0           0           0", 
        "-----------------------------------------------------------", 
        "|                     Reload SUCCESS!                     |", 

        "-----------------------------------------------------------"
    ]
}

PLAY [127.0.0.1] ***************************************************************


TASK [sync_to_git : Synchronizing Nginx To GIT] ********************************
changed: [127.0.0.1]

TASK [sync_to_git : debug] *****************************************************

ok: [127.0.0.1] => {
    "msg": " [u'[master 6b11723] adrian.chong', u' 1 file changed, 4 deletions(-)', u'Branch master set up to track remote branch master from origin.']"
}

PLAY [om-fpms_pms_nginx] *******************************************************


PLAY [127.0.0.1] ***************************************************************

PLAY RECAP *********************************************************************
119.9.108.4                : ok=12   changed=2    unreachable=0    failed=0    skipped=0    rescued=0    ignored=0   

127.0.0.1                  : ok=2    changed=1    unreachable=0    failed=0    skipped=0    rescued=0    ignored=0   
13.75.105.75               : ok=10   changed=2    unreachable=0    failed=0    skipped=2    rescued=0    ignored=0   


ESYNC_WORKER1_COMMAND_END
MAX RETRIES EXECUTED, COMMAND NOT RESPONDING