ESYNC_WORKER1_COMMAND_START
[WARNING]: Invalid characters were found in group names but not replaced, use
-vvvv to see details

PLAY [om-fpms_pms_nginx] *******************************************************


TASK [Gathering Facts] *********************************************************
ok: [18.167.123.144]
ok: [13.75.105.75]
ok: [119.9.108.4]


TASK [nginx_sync : Change python interpreter] **********************************
ok: [119.9.108.4]
skipping: [13.75.105.75]
skipping: [18.167.123.144]


TASK [nginx_sync : change python interpreter] **********************************
ok: [119.9.108.4]
skipping: [13.75.105.75]
skipping: [18.167.123.144]


TASK [nginx_sync : Notify] *****************************************************
ok: [119.9.108.4] => {
    "msg": "Syncing om-fpms_pms_nginx"
}
ok: [13.75.105.75] => {

    "msg": "Syncing om-fpms_pms_nginx"
}
ok: [18.167.123.144] => {
    "msg": "Syncing om-fpms_pms_nginx"
}


TASK [nginx_sync : include_vars] ***********************************************
ok: [119.9.108.4]
ok: [13.75.105.75]
ok: [18.167.123.144]


TASK [nginx_sync : Synchronizing Nginx] ****************************************
ok: [18.167.123.144] => (item=conf)
ok: [13.75.105.75] => (item=conf)
ok: [119.9.108.4] => (item=conf)

changed: [18.167.123.144] => (item=conf.d)
changed: [13.75.105.75] => (item=conf.d)
changed: [119.9.108.4] => (item=conf.d)
ok: [18.167.123.144] => (item=data)
ok: [13.75.105.75] => (item=data)

ok: [119.9.108.4] => (item=data)
ok: [18.167.123.144] => (item=html)
ok: [13.75.105.75] => (item=html)
ok: [119.9.108.4] => (item=html)


TASK [nginx_sync : Set HTML Dir to root] ***************************************
ok: [18.167.123.144]
ok: [13.75.105.75]
ok: [119.9.108.4]


TASK [all_servers : include_vars] **********************************************
ok: [119.9.108.4]
ok: [13.75.105.75]
ok: [18.167.123.144]


TASK [all_servers : Notify] ****************************************************
ok: [119.9.108.4] => {
    "msg": "Clearing Nginx Cache for om-fpms_pms_nginx"
}
ok: [13.75.105.75] => {

    "msg": "Clearing Nginx Cache for om-fpms_pms_nginx"
}
ok: [18.167.123.144] => {
    "msg": "Clearing Nginx Cache for om-fpms_pms_nginx"
}


TASK [all_servers : Copying clear_nginxcache.sh to remote hosts] ***************
ok: [18.167.123.144]
ok: [119.9.108.4]
ok: [13.75.105.75]


TASK [all_servers : Nginx Clear Cache] *****************************************
changed: [18.167.123.144]
changed: [13.75.105.75]
changed: [119.9.108.4]


TASK [all_servers : debug] *****************************************************
ok: [119.9.108.4] => {
    "script_result.stdout_lines": [
        "-----------------------------------------------------------", 

        "|                 Checking Nginx Config                   |", 
        "-----------------------------------------------------------", 
        "", 
        " nginx -t ", 
        "", 

        "-----------------------------------------------------------", 
        "|                 Stopping Nginx Process                  |", 
        "-----------------------------------------------------------", 
        "", 
        " /usr/bin/killall -9 nginx ", 

        "", 
        "-----------------------------------------------------------", 
        "|                 Clearing Proxy Cache                    |", 
        "-----------------------------------------------------------", 
        "", 

        " /bin/rm -rf /tmp/nginx_cache ", 
        "", 
        "-----------------------------------------------------------", 
        "|                Restarting Nginx Process                 |", 
        "-----------------------------------------------------------", 

        "root      7797  0.4  0.0 106080  1428 ?        S    11:14   0:00 /bin/bash /bak/bin/clear_nginxcache.sh", 
        "root      7807  0.0  1.1 316904 24172 ?        Ss   11:14   0:00 nginx: master process /usr/local/nginx/sbin/nginx", 
        "nobody    7808  1.0  1.4 319104 29028 ?        S    11:14   0:00 nginx: worker process      ", 
        "nobody    7810  1.0  1.4 319104 29016 ?        S    11:14   0:00 nginx: worker process      ", 
        "nobody    7811  0.5  1.4 319104 29020 ?        S    11:14   0:00 nginx: worker process      ", 

        "nobody    7812  1.0  1.4 319360 29096 ?        S    11:14   0:00 nginx: worker process      ", 
        "nobody    7813  0.0  1.1 316904 24500 ?        S    11:14   0:00 nginx: cache manager process", 
        "nobody    7814  0.0  1.1 316904 24456 ?        S    11:14   0:00 nginx: cache loader process", 
        "root      7816  0.0  0.0 103320   880 ?        S    11:14   0:00 grep nginx", 
        "root      7921  0.0  0.5  17288 10912 ?        Sl    2020 149:35 ./nginx-vts-exporter -nginx.scrape_uri http://localhost:8088/status/format/json", 

        "             total       used       free     shared    buffers     cached", 
        "Mem:          2000       1849        150          1        145       1076", 
        "-/+ buffers/cache:        628       1371", 
        "Swap:            0          0          0", 
        "-----------------------------------------------------------", 

        "|                     Reload SUCCESS!                     |", 
        "-----------------------------------------------------------"
    ]
}
ok: [13.75.105.75] => {

    "script_result.stdout_lines": [
        "-----------------------------------------------------------", 
        "|                 Checking Nginx Config                   |", 
        "-----------------------------------------------------------", 
        "", 

        " nginx -t ", 
        "", 
        "-----------------------------------------------------------", 
        "|                 Stopping Nginx Process                  |", 
        "-----------------------------------------------------------", 

        "", 
        " /usr/bin/killall -9 nginx ", 
        "", 
        "-----------------------------------------------------------", 
        "|                 Clearing Proxy Cache                    |", 

        "-----------------------------------------------------------", 
        "", 
        " /bin/rm -rf /tmp/nginx_cache ", 
        "", 
        "-----------------------------------------------------------", 

        "|                Restarting Nginx Process                 |", 
        "-----------------------------------------------------------", 
        "root       4209  0.0  0.0 107464  2064 ?        Ss    2019   0:00 /sbin/dhclient -q -lf /var/lib/dhclient/dhclient--eth0.lease -pf /var/run/dhclient-eth0.pid -H om-fpms-pms-nginx eth0", 
        "root     109104  1.0  0.0 113180  1500 ?        S    11:14   0:00 /bin/bash /bak/bin/clear_nginxcache.sh", 
        "root     109120  0.0  0.5 317884 23060 ?        Ss   11:14   0:00 nginx: master process /usr/local/nginx/sbin/nginx", 

        "nobody   109121  1.0  0.7 324540 29908 ?        S    11:14   0:00 nginx: worker process", 
        "nobody   109123  2.0  0.7 324660 29860 ?        S    11:14   0:00 nginx: worker process", 
        "nobody   109124  2.0  0.7 324624 30112 ?        S    11:14   0:00 nginx: worker process", 
        "nobody   109125  2.0  0.7 325028 29864 ?        S    11:14   0:00 nginx: worker process", 
        "nobody   109126  0.0  0.5 319968 23556 ?        S    11:14   0:00 nginx: cache manager process", 

        "nobody   109127  0.0  0.5 319968 23556 ?        S    11:14   0:00 nginx: cache loader process", 
        "root     109131  0.0  0.0 112712   960 ?        S    11:14   0:00 grep nginx", 
        "root     127501  0.0  0.2  17340 10460 ?        Sl    2020 105:41 ./nginx-vts-exporter -nginx.scrape_uri http://localhost:8088/status/format/json", 
        "              total        used        free      shared  buff/cache   available", 
        "Mem:           3932         456         557         194        2917        2912", 

        "Swap:             0           0           0", 
        "-----------------------------------------------------------", 
        "|                     Reload SUCCESS!                     |", 
        "-----------------------------------------------------------"
    ]

}
ok: [18.167.123.144] => {
    "script_result.stdout_lines": [
        "-----------------------------------------------------------", 
        "|                 Checking Nginx Config                   |", 

        "-----------------------------------------------------------", 
        "", 
        " nginx -t ", 
        "", 
        "-----------------------------------------------------------", 

        "|                 Stopping Nginx Process                  |", 
        "-----------------------------------------------------------", 
        "", 
        " /usr/bin/killall -9 nginx ", 
        "", 

        "-----------------------------------------------------------", 
        "|                 Clearing Proxy Cache                    |", 
        "-----------------------------------------------------------", 
        "", 
        " /bin/rm -rf /tmp/nginx_cache ", 

        "", 
        "-----------------------------------------------------------", 
        "|                Restarting Nginx Process                 |", 
        "-----------------------------------------------------------", 
        "root       850  0.0  0.0 102940  2800 ?        Ss   Mar10   0:00 /sbin/dhclient -1 -q -lf /var/lib/dhclient/dhclient--ens5.lease -pf /var/run/dhclient-ens5.pid -H om-fpms_pms_nginx1 ens5", 

        "root     26231  0.6  0.0 113288  1484 ?        S    11:14   0:00 /bin/bash /bak/bin/clear_nginxcache.sh", 
        "root     26238  0.0  0.6 317688 22920 ?        Ss   11:14   0:00 nginx: master process /usr/local/nginx/sbin/nginx", 
        "nobody   26239  0.0  0.7 321940 27260 ?        S    11:14   0:00 nginx: worker process", 
        "nobody   26241  0.0  0.7 321940 27260 ?        S    11:14   0:00 nginx: worker process", 
        "nobody   26242  0.0  0.7 321940 27260 ?        S    11:14   0:00 nginx: worker process", 

        "nobody   26243  0.0  0.7 321940 27260 ?        S    11:14   0:00 nginx: worker process", 
        "nobody   26244  0.0  0.6 317688 23308 ?        S    11:14   0:00 nginx: cache manager process", 
        "nobody   26245  0.0  0.6 317688 23308 ?        S    11:14   0:00 nginx: cache loader process", 
        "root     26247  0.0  0.0 112816   952 ?        S    11:14   0:00 grep nginx", 
        "              total        used        free      shared  buff/cache   available", 

        "Mem:           3729         389        2398          98         940        2984", 
        "Swap:             0           0           0", 
        "-----------------------------------------------------------", 
        "|                     Reload SUCCESS!                     |", 
        "-----------------------------------------------------------"

    ]
}

PLAY [127.0.0.1] ***************************************************************


TASK [sync_to_git : Synchronizing Nginx To GIT] ********************************
changed: [127.0.0.1]

TASK [sync_to_git : debug] *****************************************************
ok: [127.0.0.1] => {

    "msg": " [u'[master 20e10e0] james.cadelina', u' 2 files changed, 2 insertions(+), 2 deletions(-)', u'Branch master set up to track remote branch master from origin.']"
}

PLAY [om-fpms_pms_nginx] *******************************************************


PLAY [127.0.0.1] ***************************************************************

PLAY RECAP *********************************************************************
119.9.108.4                : ok=12   changed=2    unreachable=0    failed=0    skipped=0    rescued=0    ignored=0   
127.0.0.1                  : ok=2    changed=1    unreachable=0    failed=0    skipped=0    rescued=0    ignored=0   

13.75.105.75               : ok=10   changed=2    unreachable=0    failed=0    skipped=2    rescued=0    ignored=0   
18.167.123.144             : ok=10   changed=2    unreachable=0    failed=0    skipped=2    rescued=0    ignored=0   


ESYNC_WORKER1_COMMAND_END
MAX RETRIES EXECUTED, COMMAND NOT RESPONDING