ESYNC_WORKER1_COMMAND_START
[WARNING]: Invalid characters were found in group names but not replaced, use
-vvvv to see details

PLAY [om-fpms_pms_nginx] *******************************************************


TASK [Gathering Facts] *********************************************************
ok: [13.75.105.75]
ok: [119.9.108.4]

TASK [nginx_sync : Change python interpreter] **********************************

ok: [119.9.108.4]
skipping: [13.75.105.75]

TASK [nginx_sync : change python interpreter] **********************************
ok: [119.9.108.4]

skipping: [13.75.105.75]

TASK [nginx_sync : Notify] *****************************************************
ok: [119.9.108.4] => {
    "msg": "Syncing om-fpms_pms_nginx"

}
ok: [13.75.105.75] => {
    "msg": "Syncing om-fpms_pms_nginx"
}


TASK [nginx_sync : include_vars] ***********************************************
ok: [119.9.108.4]
ok: [13.75.105.75]

TASK [nginx_sync : Synchronizing Nginx] ****************************************

ok: [13.75.105.75] => (item=conf)
ok: [119.9.108.4] => (item=conf)
changed: [13.75.105.75] => (item=conf.d)
changed: [119.9.108.4] => (item=conf.d)
ok: [13.75.105.75] => (item=data)

ok: [119.9.108.4] => (item=data)
ok: [13.75.105.75] => (item=html)
ok: [119.9.108.4] => (item=html)

TASK [nginx_sync : Set HTML Dir to root] ***************************************

ok: [13.75.105.75]
ok: [119.9.108.4]

TASK [all_servers : include_vars] **********************************************
ok: [119.9.108.4]

ok: [13.75.105.75]

TASK [all_servers : Notify] ****************************************************
ok: [119.9.108.4] => {
    "msg": "Clearing Nginx Cache for om-fpms_pms_nginx"

}
ok: [13.75.105.75] => {
    "msg": "Clearing Nginx Cache for om-fpms_pms_nginx"
}


TASK [all_servers : Copying clear_nginxcache.sh to remote hosts] ***************
ok: [13.75.105.75]
ok: [119.9.108.4]

TASK [all_servers : Nginx Clear Cache] *****************************************

changed: [13.75.105.75]
changed: [119.9.108.4]

TASK [all_servers : debug] *****************************************************
ok: [119.9.108.4] => {

    "script_result.stdout_lines": [
        "-----------------------------------------------------------", 
        "|                 Checking Nginx Config                   |", 
        "-----------------------------------------------------------", 
        "", 

        " nginx -t ", 
        "", 
        "-----------------------------------------------------------", 
        "|                 Stopping Nginx Process                  |", 
        "-----------------------------------------------------------", 

        "", 
        " /usr/bin/killall -9 nginx ", 
        "", 
        "-----------------------------------------------------------", 
        "|                 Clearing Proxy Cache                    |", 

        "-----------------------------------------------------------", 
        "", 
        " /bin/rm -rf /tmp/nginx_cache ", 
        "", 
        "-----------------------------------------------------------", 

        "|                Restarting Nginx Process                 |", 
        "-----------------------------------------------------------", 
        "root      5513  0.3  0.0 106080  1428 ?        S    19:13   0:00 /bin/bash /bak/bin/clear_nginxcache.sh", 
        "root      5519  0.0  1.1 314692 22968 ?        Ss   19:13   0:00 nginx: master process /usr/local/nginx/sbin/nginx", 
        "nobody    5521  1.3  1.4 319288 29024 ?        S    19:13   0:00 nginx: worker process      ", 

        "nobody    5522  1.0  1.4 319124 28992 ?        S    19:13   0:00 nginx: worker process      ", 
        "nobody    5523  1.6  1.4 319376 28880 ?        S    19:13   0:00 nginx: worker process      ", 
        "nobody    5524  0.3  1.3 318944 28612 ?        S    19:13   0:00 nginx: worker process      ", 
        "nobody    5525  0.0  1.1 314692 23392 ?        S    19:13   0:00 nginx: cache manager process", 
        "nobody    5526  0.0  1.1 314692 23252 ?        S    19:13   0:00 nginx: cache loader process", 

        "root      5528  0.0  0.0 103320   884 ?        S    19:13   0:00 grep nginx", 
        "root      7921  0.0  0.6  17288 12536 ?        Sl    2020 137:33 ./nginx-vts-exporter -nginx.scrape_uri http://localhost:8088/status/format/json", 
        "             total       used       free     shared    buffers     cached", 
        "Mem:          2000       1530        469          1        152        763", 
        "-/+ buffers/cache:        614       1386", 

        "Swap:            0          0          0", 
        "-----------------------------------------------------------", 
        "|                     Reload SUCCESS!                     |", 
        "-----------------------------------------------------------"
    ]

}
ok: [13.75.105.75] => {
    "script_result.stdout_lines": [
        "-----------------------------------------------------------", 
        "|                 Checking Nginx Config                   |", 

        "-----------------------------------------------------------", 
        "", 
        " nginx -t ", 
        "", 
        "-----------------------------------------------------------", 

        "|                 Stopping Nginx Process                  |", 
        "-----------------------------------------------------------", 
        "", 
        " /usr/bin/killall -9 nginx ", 
        "", 

        "-----------------------------------------------------------", 
        "|                 Clearing Proxy Cache                    |", 
        "-----------------------------------------------------------", 
        "", 
        " /bin/rm -rf /tmp/nginx_cache ", 

        "", 
        "-----------------------------------------------------------", 
        "|                Restarting Nginx Process                 |", 
        "-----------------------------------------------------------", 
        "root       4209  0.0  0.0 107464  2068 ?        Ss    2019   0:00 /sbin/dhclient -q -lf /var/lib/dhclient/dhclient--eth0.lease -pf /var/run/dhclient-eth0.pid -H om-fpms-pms-nginx eth0", 

        "root      63290  1.0  0.0 113180  1500 ?        S    19:13   0:00 /bin/bash /bak/bin/clear_nginxcache.sh", 
        "root      63300  0.0  0.5 317568 23072 ?        Ss   19:13   0:00 nginx: master process /usr/local/nginx/sbin/nginx", 
        "nobody    63302  3.0  0.7 325064 30648 ?        S    19:13   0:00 nginx: worker process", 
        "nobody    63303  3.0  0.7 324688 30152 ?        S    19:13   0:00 nginx: worker process", 
        "nobody    63304  2.5  0.7 324592 29868 ?        S    19:13   0:00 nginx: worker process", 

        "nobody    63305  3.0  0.7 324952 30376 ?        S    19:13   0:00 nginx: worker process", 
        "nobody    63306  0.0  0.5 319652 23564 ?        S    19:13   0:00 nginx: cache manager process", 
        "nobody    63307  0.0  0.5 319652 23564 ?        S    19:13   0:00 nginx: cache loader process", 
        "root      63311  0.0  0.0 112712   960 ?        S    19:13   0:00 grep nginx", 
        "root     127501  0.0  0.2  17340 10932 ?        Sl    2020  97:45 ./nginx-vts-exporter -nginx.scrape_uri http://localhost:8088/status/format/json", 

        "              total        used        free      shared  buff/cache   available", 
        "Mem:           3932         476         784         202        2671        2891", 
        "Swap:             0           0           0", 
        "-----------------------------------------------------------", 
        "|                     Reload SUCCESS!                     |", 

        "-----------------------------------------------------------"
    ]
}

PLAY [127.0.0.1] ***************************************************************


TASK [sync_to_git : Synchronizing Nginx To GIT] ********************************
changed: [127.0.0.1]

TASK [sync_to_git : debug] *****************************************************

ok: [127.0.0.1] => {
    "msg": " [u'[master 4e89ac6] james.cadelina', u' 1 file changed, 1 insertion(+)', u'Branch master set up to track remote branch master from origin.']"
}

PLAY [om-fpms_pms_nginx] *******************************************************


PLAY [127.0.0.1] ***************************************************************

PLAY RECAP *********************************************************************
119.9.108.4                : ok=12   changed=2    unreachable=0    failed=0    skipped=0    rescued=0    ignored=0   

127.0.0.1                  : ok=2    changed=1    unreachable=0    failed=0    skipped=0    rescued=0    ignored=0   
13.75.105.75               : ok=10   changed=2    unreachable=0    failed=0    skipped=2    rescued=0    ignored=0   


ESYNC_WORKER1_COMMAND_END
MAX RETRIES EXECUTED, COMMAND NOT RESPONDING