ESYNC_WORKER1_COMMAND_START
[WARNING]: Invalid characters were found in group names but not replaced, use
-vvvv to see details

PLAY [om-fpms_pms_nginx] *******************************************************


TASK [Gathering Facts] *********************************************************
ok: [18.167.123.144]
ok: [13.75.105.75]
ok: [119.9.108.4]


TASK [nginx_sync : Change python interpreter] **********************************
ok: [119.9.108.4]
skipping: [13.75.105.75]
skipping: [18.167.123.144]


TASK [nginx_sync : change python interpreter] **********************************
ok: [119.9.108.4]
skipping: [13.75.105.75]
skipping: [18.167.123.144]


TASK [nginx_sync : Notify] *****************************************************
ok: [119.9.108.4] => {
    "msg": "Syncing om-fpms_pms_nginx"
}
ok: [13.75.105.75] => {

    "msg": "Syncing om-fpms_pms_nginx"
}
ok: [18.167.123.144] => {
    "msg": "Syncing om-fpms_pms_nginx"
}


TASK [nginx_sync : include_vars] ***********************************************
ok: [119.9.108.4]
ok: [13.75.105.75]
ok: [18.167.123.144]


TASK [nginx_sync : Synchronizing Nginx] ****************************************
ok: [18.167.123.144] => (item=conf)
ok: [13.75.105.75] => (item=conf)
ok: [119.9.108.4] => (item=conf)

changed: [18.167.123.144] => (item=conf.d)
changed: [13.75.105.75] => (item=conf.d)
changed: [119.9.108.4] => (item=conf.d)
ok: [18.167.123.144] => (item=data)
ok: [13.75.105.75] => (item=data)

ok: [119.9.108.4] => (item=data)
ok: [18.167.123.144] => (item=html)
ok: [13.75.105.75] => (item=html)
ok: [119.9.108.4] => (item=html)


TASK [nginx_sync : Set HTML Dir to root] ***************************************
ok: [18.167.123.144]
ok: [13.75.105.75]
ok: [119.9.108.4]


TASK [all_servers : include_vars] **********************************************
ok: [119.9.108.4]
ok: [13.75.105.75]
ok: [18.167.123.144]


TASK [all_servers : Notify] ****************************************************
ok: [119.9.108.4] => {
    "msg": "Clearing Nginx Cache for om-fpms_pms_nginx"
}
ok: [13.75.105.75] => {

    "msg": "Clearing Nginx Cache for om-fpms_pms_nginx"
}
ok: [18.167.123.144] => {
    "msg": "Clearing Nginx Cache for om-fpms_pms_nginx"
}


TASK [all_servers : Copying clear_nginxcache.sh to remote hosts] ***************
ok: [18.167.123.144]
ok: [13.75.105.75]
ok: [119.9.108.4]


TASK [all_servers : Nginx Clear Cache] *****************************************
changed: [18.167.123.144]
changed: [13.75.105.75]
changed: [119.9.108.4]


TASK [all_servers : debug] *****************************************************
ok: [119.9.108.4] => {
    "script_result.stdout_lines": [
        "-----------------------------------------------------------", 

        "|                 Checking Nginx Config                   |", 
        "-----------------------------------------------------------", 
        "", 
        " nginx -t ", 
        "", 

        "-----------------------------------------------------------", 
        "|                 Stopping Nginx Process                  |", 
        "-----------------------------------------------------------", 
        "", 
        " /usr/bin/killall -9 nginx ", 

        "", 
        "-----------------------------------------------------------", 
        "|                 Clearing Proxy Cache                    |", 
        "-----------------------------------------------------------", 
        "", 

        " /bin/rm -rf /tmp/nginx_cache ", 
        "", 
        "-----------------------------------------------------------", 
        "|                Restarting Nginx Process                 |", 
        "-----------------------------------------------------------", 

        "root      7921  0.0  0.1  17288  4088 ?        Sl    2020 156:48 ./nginx-vts-exporter -nginx.scrape_uri http://localhost:8088/status/format/json", 
        "root     13445  0.5  0.0 106080  1424 ?        S    14:54   0:00 /bin/bash /bak/bin/clear_nginxcache.sh", 
        "root     13455  0.0  1.1 315056 23336 ?        Ss   14:54   0:00 nginx: master process /usr/local/nginx/sbin/nginx", 
        "nobody   13457  1.0  1.4 319308 29140 ?        S    14:54   0:00 nginx: worker process      ", 
        "nobody   13458  1.5  1.4 319308 29024 ?        S    14:54   0:00 nginx: worker process      ", 

        "nobody   13459  1.0  1.4 319308 29104 ?        S    14:54   0:00 nginx: worker process      ", 
        "nobody   13460  1.0  1.4 319308 29084 ?        S    14:54   0:00 nginx: worker process      ", 
        "nobody   13461  0.0  1.1 315056 23664 ?        S    14:54   0:00 nginx: cache manager process", 
        "nobody   13462  0.0  1.1 315056 23620 ?        S    14:54   0:00 nginx: cache loader process", 
        "root     13464  0.0  0.0 103320   884 ?        S    14:54   0:00 grep nginx", 

        "             total       used       free     shared    buffers     cached", 
        "Mem:          2000       1856        143          1        146       1026", 
        "-/+ buffers/cache:        684       1316", 
        "Swap:            0          0          0", 
        "-----------------------------------------------------------", 

        "|                     Reload SUCCESS!                     |", 
        "-----------------------------------------------------------"
    ]
}
ok: [13.75.105.75] => {

    "script_result.stdout_lines": [
        "-----------------------------------------------------------", 
        "|                 Checking Nginx Config                   |", 
        "-----------------------------------------------------------", 
        "", 

        " nginx -t ", 
        "", 
        "-----------------------------------------------------------", 
        "|                 Stopping Nginx Process                  |", 
        "-----------------------------------------------------------", 

        "", 
        " /usr/bin/killall -9 nginx ", 
        "", 
        "-----------------------------------------------------------", 
        "|                 Clearing Proxy Cache                    |", 

        "-----------------------------------------------------------", 
        "", 
        " /bin/rm -rf /tmp/nginx_cache ", 
        "", 
        "-----------------------------------------------------------", 

        "|                Restarting Nginx Process                 |", 
        "-----------------------------------------------------------", 
        "root       4209  0.0  0.0 107464  2184 ?        Ss    2019   0:00 /sbin/dhclient -q -lf /var/lib/dhclient/dhclient--eth0.lease -pf /var/run/dhclient-eth0.pid -H om-fpms-pms-nginx eth0", 
        "root      29008  0.8  0.0 113180  1496 ?        S    14:54   0:00 /bin/bash /bak/bin/clear_nginxcache.sh", 
        "root      29017  0.0  0.5 318212 23384 ?        Ss   14:54   0:00 nginx: master process /usr/local/nginx/sbin/nginx", 

        "nobody    29018  0.5  0.7 324680 29964 ?        S    14:54   0:00 nginx: worker process", 
        "nobody    29020  0.5  0.7 324548 29988 ?        S    14:54   0:00 nginx: worker process", 
        "nobody    29021  0.5  0.7 324684 29968 ?        S    14:54   0:00 nginx: worker process", 
        "nobody    29022  0.5  0.7 324732 29960 ?        S    14:54   0:00 nginx: worker process", 
        "nobody    29023  0.0  0.5 320296 23884 ?        S    14:54   0:00 nginx: cache manager process", 

        "nobody    29024  0.0  0.5 320296 23884 ?        S    14:54   0:00 nginx: cache loader process", 
        "root      29028  0.0  0.0 112712   960 ?        S    14:54   0:00 grep nginx", 
        "root     127501  0.0  0.1  17340  5292 ?        Sl    2020 110:29 ./nginx-vts-exporter -nginx.scrape_uri http://localhost:8088/status/format/json", 
        "              total        used        free      shared  buff/cache   available", 
        "Mem:           3932         452         245         210        3233        2904", 

        "Swap:             0           0           0", 
        "-----------------------------------------------------------", 
        "|                     Reload SUCCESS!                     |", 
        "-----------------------------------------------------------"
    ]

}
ok: [18.167.123.144] => {
    "script_result.stdout_lines": [
        "-----------------------------------------------------------", 
        "|                 Checking Nginx Config                   |", 

        "-----------------------------------------------------------", 
        "", 
        " nginx -t ", 
        "", 
        "-----------------------------------------------------------", 

        "|                 Stopping Nginx Process                  |", 
        "-----------------------------------------------------------", 
        "", 
        " /usr/bin/killall -9 nginx ", 
        "", 

        "-----------------------------------------------------------", 
        "|                 Clearing Proxy Cache                    |", 
        "-----------------------------------------------------------", 
        "", 
        " /bin/rm -rf /tmp/nginx_cache ", 

        "", 
        "-----------------------------------------------------------", 
        "|                Restarting Nginx Process                 |", 
        "-----------------------------------------------------------", 
        "root       850  0.0  0.0 102940  2800 ?        Ss   Mar10   0:00 /sbin/dhclient -1 -q -lf /var/lib/dhclient/dhclient--ens5.lease -pf /var/run/dhclient-ens5.pid -H om-fpms_pms_nginx1 ens5", 

        "root     13284  0.6  0.0 113288  1480 ?        S    14:54   0:00 /bin/bash /bak/bin/clear_nginxcache.sh", 
        "root     13291  0.0  0.6 320188 24412 ?        Ss   14:54   0:00 nginx: master process /usr/local/nginx/sbin/nginx", 
        "nobody   13292  0.5  0.7 322388 29780 ?        S    14:54   0:00 nginx: worker process", 
        "nobody   13294  0.0  0.7 322652 30116 ?        S    14:54   0:00 nginx: worker process", 
        "nobody   13295  0.0  0.7 322652 29720 ?        S    14:54   0:00 nginx: worker process", 

        "nobody   13296  0.0  0.7 322116 29632 ?        S    14:54   0:00 nginx: worker process", 
        "nobody   13297  0.0  0.6 320188 24804 ?        S    14:54   0:00 nginx: cache manager process", 
        "nobody   13298  0.0  0.6 320188 24804 ?        S    14:54   0:00 nginx: cache loader process", 
        "root     13300  0.0  0.0 112816   952 ?        S    14:54   0:00 grep nginx", 
        "              total        used        free      shared  buff/cache   available", 

        "Mem:           3729         408        1837         194        1483        2844", 
        "Swap:             0           0           0", 
        "-----------------------------------------------------------", 
        "|                     Reload SUCCESS!                     |", 
        "-----------------------------------------------------------"

    ]
}

PLAY [127.0.0.1] ***************************************************************


TASK [sync_to_git : Synchronizing Nginx To GIT] ********************************
changed: [127.0.0.1]

TASK [sync_to_git : debug] *****************************************************
ok: [127.0.0.1] => {

    "msg": " [u'[master b33cd48] jerry.lam', u' 1 file changed, 1 insertion(+), 1 deletion(-)', u'Branch master set up to track remote branch master from origin.']"
}

PLAY [om-fpms_pms_nginx] *******************************************************


PLAY [127.0.0.1] ***************************************************************

PLAY RECAP *********************************************************************
119.9.108.4                : ok=12   changed=2    unreachable=0    failed=0    skipped=0    rescued=0    ignored=0   
127.0.0.1                  : ok=2    changed=1    unreachable=0    failed=0    skipped=0    rescued=0    ignored=0   

13.75.105.75               : ok=10   changed=2    unreachable=0    failed=0    skipped=2    rescued=0    ignored=0   
18.167.123.144             : ok=10   changed=2    unreachable=0    failed=0    skipped=2    rescued=0    ignored=0   


ESYNC_WORKER1_COMMAND_END
MAX RETRIES EXECUTED, COMMAND NOT RESPONDING