ESYNC_WORKER1_COMMAND_START
[WARNING]: Invalid characters were found in group names but not replaced, use
-vvvv to see details

PLAY [om-fpms_pms_nginx] *******************************************************


TASK [Gathering Facts] *********************************************************
ok: [18.167.123.144]
ok: [13.75.105.75]
ok: [119.9.108.4]


TASK [nginx_sync : Change python interpreter] **********************************
ok: [119.9.108.4]
skipping: [13.75.105.75]
skipping: [18.167.123.144]


TASK [nginx_sync : change python interpreter] **********************************
ok: [119.9.108.4]
skipping: [13.75.105.75]
skipping: [18.167.123.144]


TASK [nginx_sync : Notify] *****************************************************
ok: [119.9.108.4] => {
    "msg": "Syncing om-fpms_pms_nginx"
}
ok: [13.75.105.75] => {

    "msg": "Syncing om-fpms_pms_nginx"
}
ok: [18.167.123.144] => {
    "msg": "Syncing om-fpms_pms_nginx"
}


TASK [nginx_sync : include_vars] ***********************************************
ok: [119.9.108.4]
ok: [13.75.105.75]
ok: [18.167.123.144]


TASK [nginx_sync : Synchronizing Nginx] ****************************************
ok: [18.167.123.144] => (item=conf)
ok: [13.75.105.75] => (item=conf)
ok: [119.9.108.4] => (item=conf)

changed: [18.167.123.144] => (item=conf.d)
changed: [13.75.105.75] => (item=conf.d)
changed: [119.9.108.4] => (item=conf.d)
ok: [18.167.123.144] => (item=data)
ok: [13.75.105.75] => (item=data)

ok: [119.9.108.4] => (item=data)
ok: [18.167.123.144] => (item=html)
ok: [13.75.105.75] => (item=html)
ok: [119.9.108.4] => (item=html)


TASK [nginx_sync : Set HTML Dir to root] ***************************************
ok: [18.167.123.144]
ok: [13.75.105.75]
ok: [119.9.108.4]


TASK [all_servers : include_vars] **********************************************
ok: [119.9.108.4]
ok: [13.75.105.75]
ok: [18.167.123.144]


TASK [all_servers : Notify] ****************************************************
ok: [119.9.108.4] => {
    "msg": "Clearing Nginx Cache for om-fpms_pms_nginx"
}
ok: [13.75.105.75] => {

    "msg": "Clearing Nginx Cache for om-fpms_pms_nginx"
}
ok: [18.167.123.144] => {
    "msg": "Clearing Nginx Cache for om-fpms_pms_nginx"
}


TASK [all_servers : Copying clear_nginxcache.sh to remote hosts] ***************
ok: [18.167.123.144]
ok: [13.75.105.75]
ok: [119.9.108.4]


TASK [all_servers : Nginx Clear Cache] *****************************************
changed: [13.75.105.75]
changed: [18.167.123.144]
changed: [119.9.108.4]


TASK [all_servers : debug] *****************************************************
ok: [119.9.108.4] => {
    "script_result.stdout_lines": [
        "-----------------------------------------------------------", 

        "|                 Checking Nginx Config                   |", 
        "-----------------------------------------------------------", 
        "", 
        " nginx -t ", 
        "", 

        "-----------------------------------------------------------", 
        "|                 Stopping Nginx Process                  |", 
        "-----------------------------------------------------------", 
        "", 
        " /usr/bin/killall -9 nginx ", 

        "", 
        "-----------------------------------------------------------", 
        "|                 Clearing Proxy Cache                    |", 
        "-----------------------------------------------------------", 
        "", 

        " /bin/rm -rf /tmp/nginx_cache ", 
        "", 
        "-----------------------------------------------------------", 
        "|                Restarting Nginx Process                 |", 
        "-----------------------------------------------------------", 

        "root      7921  0.0  0.6  17288 12508 ?        Sl    2020 155:49 ./nginx-vts-exporter -nginx.scrape_uri http://localhost:8088/status/format/json", 
        "root     12078  0.4  0.0 106080  1424 ?        S    17:47   0:00 /bin/bash /bak/bin/clear_nginxcache.sh", 
        "root     12088  0.0  1.1 314892 23180 ?        Ss   17:47   0:00 nginx: master process /usr/local/nginx/sbin/nginx", 
        "nobody   12089  2.0  1.4 319328 29044 ?        S    17:47   0:00 nginx: worker process      ", 
        "nobody   12091  2.0  1.4 319144 28988 ?        S    17:47   0:00 nginx: worker process      ", 

        "nobody   12092  2.0  1.4 319600 29104 ?        S    17:47   0:00 nginx: worker process      ", 
        "nobody   12093  2.5  1.4 319536 29028 ?        S    17:47   0:00 nginx: worker process      ", 
        "nobody   12094  0.0  1.1 314892 23504 ?        S    17:47   0:00 nginx: cache manager process", 
        "nobody   12095  0.0  1.1 314892 23460 ?        S    17:47   0:00 nginx: cache loader process", 
        "root     12097  0.0  0.0 103320   880 ?        S    17:47   0:00 grep nginx", 

        "             total       used       free     shared    buffers     cached", 
        "Mem:          2000       1742        257          1        150        915", 
        "-/+ buffers/cache:        676       1323", 
        "Swap:            0          0          0", 
        "-----------------------------------------------------------", 

        "|                     Reload SUCCESS!                     |", 
        "-----------------------------------------------------------"
    ]
}
ok: [13.75.105.75] => {

    "script_result.stdout_lines": [
        "-----------------------------------------------------------", 
        "|                 Checking Nginx Config                   |", 
        "-----------------------------------------------------------", 
        "", 

        " nginx -t ", 
        "", 
        "-----------------------------------------------------------", 
        "|                 Stopping Nginx Process                  |", 
        "-----------------------------------------------------------", 

        "", 
        " /usr/bin/killall -9 nginx ", 
        "", 
        "-----------------------------------------------------------", 
        "|                 Clearing Proxy Cache                    |", 

        "-----------------------------------------------------------", 
        "", 
        " /bin/rm -rf /tmp/nginx_cache ", 
        "", 
        "-----------------------------------------------------------", 

        "|                Restarting Nginx Process                 |", 
        "-----------------------------------------------------------", 
        "root       4209  0.0  0.0 107464  1996 ?        Ss    2019   0:00 /sbin/dhclient -q -lf /var/lib/dhclient/dhclient--eth0.lease -pf /var/run/dhclient-eth0.pid -H om-fpms-pms-nginx eth0", 
        "root      98697  0.8  0.0 113180  1496 ?        S    17:47   0:00 /bin/bash /bak/bin/clear_nginxcache.sh", 
        "root      98709  0.0  0.5 318064 23224 ?        Ss   17:47   0:00 nginx: master process /usr/local/nginx/sbin/nginx", 

        "nobody    98710  1.5  0.7 325172 30272 ?        S    17:47   0:00 nginx: worker process", 
        "nobody    98712  2.0  0.7 324808 30036 ?        S    17:47   0:00 nginx: worker process", 
        "nobody    98713  2.0  0.7 324972 30284 ?        S    17:47   0:00 nginx: worker process", 
        "nobody    98714  2.5  0.7 325220 30312 ?        S    17:47   0:00 nginx: worker process", 
        "nobody    98715  0.0  0.5 320148 23724 ?        S    17:47   0:00 nginx: cache manager process", 

        "nobody    98716  0.0  0.5 320148 23724 ?        S    17:47   0:00 nginx: cache loader process", 
        "root      98721  0.0  0.0 112712   960 ?        S    17:47   0:00 grep nginx", 
        "root     127501  0.0  0.2  17340  9424 ?        Sl    2020 109:53 ./nginx-vts-exporter -nginx.scrape_uri http://localhost:8088/status/format/json", 
        "              total        used        free      shared  buff/cache   available", 
        "Mem:           3932         469         624         210        2837        2885", 

        "Swap:             0           0           0", 
        "-----------------------------------------------------------", 
        "|                     Reload SUCCESS!                     |", 
        "-----------------------------------------------------------"
    ]

}
ok: [18.167.123.144] => {
    "script_result.stdout_lines": [
        "-----------------------------------------------------------", 
        "|                 Checking Nginx Config                   |", 

        "-----------------------------------------------------------", 
        "", 
        " nginx -t ", 
        "", 
        "-----------------------------------------------------------", 

        "|                 Stopping Nginx Process                  |", 
        "-----------------------------------------------------------", 
        "", 
        " /usr/bin/killall -9 nginx ", 
        "", 

        "-----------------------------------------------------------", 
        "|                 Clearing Proxy Cache                    |", 
        "-----------------------------------------------------------", 
        "", 
        " /bin/rm -rf /tmp/nginx_cache ", 

        "", 
        "-----------------------------------------------------------", 
        "|                Restarting Nginx Process                 |", 
        "-----------------------------------------------------------", 
        "root       850  0.0  0.0 102940  2800 ?        Ss   Mar10   0:00 /sbin/dhclient -1 -q -lf /var/lib/dhclient/dhclient--ens5.lease -pf /var/run/dhclient-ens5.pid -H om-fpms_pms_nginx1 ens5", 

        "root     11232  0.8  0.0 113288  1484 ?        S    17:47   0:00 /bin/bash /bak/bin/clear_nginxcache.sh", 
        "root     11243  0.0  0.6 317860 23080 ?        Ss   17:47   0:00 nginx: master process /usr/local/nginx/sbin/nginx", 
        "nobody   11244  0.0  0.7 322112 29392 ?        S    17:47   0:00 nginx: worker process", 
        "nobody   11246  0.0  0.7 322112 27416 ?        S    17:47   0:00 nginx: worker process", 
        "nobody   11247  0.0  0.7 322112 27676 ?        S    17:47   0:00 nginx: worker process", 

        "nobody   11248  0.0  0.7 322112 29136 ?        S    17:47   0:00 nginx: worker process", 
        "nobody   11249  0.0  0.6 317860 23472 ?        S    17:47   0:00 nginx: cache manager process", 
        "nobody   11250  0.0  0.6 317860 23472 ?        S    17:47   0:00 nginx: cache loader process", 
        "root     11252  0.0  0.0 112816   952 ?        S    17:47   0:00 grep nginx", 
        "              total        used        free      shared  buff/cache   available", 

        "Mem:           3729         400        2009         178        1318        2870", 
        "Swap:             0           0           0", 
        "-----------------------------------------------------------", 
        "|                     Reload SUCCESS!                     |", 
        "-----------------------------------------------------------"

    ]
}

PLAY [127.0.0.1] ***************************************************************


TASK [sync_to_git : Synchronizing Nginx To GIT] ********************************
changed: [127.0.0.1]

TASK [sync_to_git : debug] *****************************************************
ok: [127.0.0.1] => {

    "msg": " [u'[master 2b8dd1b] jerry.lam', u' 2 files changed, 34 insertions(+)', u' create mode 120000 nginx/conf.d/ssl/xingxinglc.com', u'Branch master set up to track remote branch master from origin.']"
}

PLAY [om-fpms_pms_nginx] *******************************************************


PLAY [127.0.0.1] ***************************************************************

PLAY RECAP *********************************************************************
119.9.108.4                : ok=12   changed=2    unreachable=0    failed=0    skipped=0    rescued=0    ignored=0   
127.0.0.1                  : ok=2    changed=1    unreachable=0    failed=0    skipped=0    rescued=0    ignored=0   

13.75.105.75               : ok=10   changed=2    unreachable=0    failed=0    skipped=2    rescued=0    ignored=0   
18.167.123.144             : ok=10   changed=2    unreachable=0    failed=0    skipped=2    rescued=0    ignored=0   


ESYNC_WORKER1_COMMAND_END
MAX RETRIES EXECUTED, COMMAND NOT RESPONDING