ESYNC_WORKER1_COMMAND_START
[WARNING]: Invalid characters were found in group names but not replaced, use
-vvvv to see details

PLAY [om-fpms_pms_nginx] *******************************************************


TASK [Gathering Facts] *********************************************************
ok: [18.167.123.144]
ok: [13.75.105.75]
ok: [119.9.108.4]


TASK [nginx_sync : Change python interpreter] **********************************
ok: [119.9.108.4]
skipping: [13.75.105.75]
skipping: [18.167.123.144]


TASK [nginx_sync : change python interpreter] **********************************
ok: [119.9.108.4]
skipping: [13.75.105.75]
skipping: [18.167.123.144]


TASK [nginx_sync : Notify] *****************************************************
ok: [119.9.108.4] => {
    "msg": "Syncing om-fpms_pms_nginx"
}
ok: [13.75.105.75] => {

    "msg": "Syncing om-fpms_pms_nginx"
}
ok: [18.167.123.144] => {
    "msg": "Syncing om-fpms_pms_nginx"
}


TASK [nginx_sync : include_vars] ***********************************************
ok: [119.9.108.4]
ok: [13.75.105.75]
ok: [18.167.123.144]


TASK [nginx_sync : Synchronizing Nginx] ****************************************
ok: [18.167.123.144] => (item=conf)
ok: [13.75.105.75] => (item=conf)
ok: [119.9.108.4] => (item=conf)

changed: [18.167.123.144] => (item=conf.d)
changed: [13.75.105.75] => (item=conf.d)
changed: [119.9.108.4] => (item=conf.d)
ok: [18.167.123.144] => (item=data)
ok: [119.9.108.4] => (item=data)

ok: [13.75.105.75] => (item=data)
ok: [18.167.123.144] => (item=html)
ok: [13.75.105.75] => (item=html)
ok: [119.9.108.4] => (item=html)


TASK [nginx_sync : Set HTML Dir to root] ***************************************
ok: [18.167.123.144]
ok: [13.75.105.75]
ok: [119.9.108.4]


TASK [all_servers : include_vars] **********************************************
ok: [119.9.108.4]
ok: [13.75.105.75]
ok: [18.167.123.144]


TASK [all_servers : Notify] ****************************************************
ok: [119.9.108.4] => {
    "msg": "Clearing Nginx Cache for om-fpms_pms_nginx"
}
ok: [13.75.105.75] => {

    "msg": "Clearing Nginx Cache for om-fpms_pms_nginx"
}
ok: [18.167.123.144] => {
    "msg": "Clearing Nginx Cache for om-fpms_pms_nginx"
}


TASK [all_servers : Copying clear_nginxcache.sh to remote hosts] ***************
ok: [13.75.105.75]
ok: [18.167.123.144]
ok: [119.9.108.4]


TASK [all_servers : Nginx Clear Cache] *****************************************
changed: [18.167.123.144]
changed: [13.75.105.75]
changed: [119.9.108.4]


TASK [all_servers : debug] *****************************************************
ok: [119.9.108.4] => {
    "script_result.stdout_lines": [
        "-----------------------------------------------------------", 

        "|                 Checking Nginx Config                   |", 
        "-----------------------------------------------------------", 
        "", 
        " nginx -t ", 
        "", 

        "-----------------------------------------------------------", 
        "|                 Stopping Nginx Process                  |", 
        "-----------------------------------------------------------", 
        "", 
        " /usr/bin/killall -9 nginx ", 

        "", 
        "-----------------------------------------------------------", 
        "|                 Clearing Proxy Cache                    |", 
        "-----------------------------------------------------------", 
        "", 

        " /bin/rm -rf /tmp/nginx_cache ", 
        "", 
        "-----------------------------------------------------------", 
        "|                Restarting Nginx Process                 |", 
        "-----------------------------------------------------------", 

        "root      7921  0.0  0.6  17288 12560 ?        Sl    2020 156:32 ./nginx-vts-exporter -nginx.scrape_uri http://localhost:8088/status/format/json", 
        "root     14556  0.6  0.0 106080  1428 ?        S    12:07   0:00 /bin/bash /bak/bin/clear_nginxcache.sh", 
        "root     14562  0.0  1.1 314892 23180 ?        Ss   12:07   0:00 nginx: master process /usr/local/nginx/sbin/nginx", 
        "nobody   14564  1.0  1.4 319144 28976 ?        S    12:07   0:00 nginx: worker process      ", 
        "nobody   14565  1.5  1.4 319144 28940 ?        S    12:07   0:00 nginx: worker process      ", 

        "nobody   14566  2.0  1.4 319472 29364 ?        S    12:07   0:00 nginx: worker process      ", 
        "nobody   14567  1.5  1.4 319512 29120 ?        S    12:07   0:00 nginx: worker process      ", 
        "nobody   14568  0.0  1.1 314892 23504 ?        S    12:07   0:00 nginx: cache manager process", 
        "nobody   14569  0.0  1.1 314892 23460 ?        S    12:07   0:00 nginx: cache loader process", 
        "root     14571  0.0  0.0 103324   892 ?        S    12:07   0:00 grep nginx", 

        "             total       used       free     shared    buffers     cached", 
        "Mem:          2000       1849        150          1        147       1017", 
        "-/+ buffers/cache:        684       1315", 
        "Swap:            0          0          0", 
        "-----------------------------------------------------------", 

        "|                     Reload SUCCESS!                     |", 
        "-----------------------------------------------------------"
    ]
}
ok: [13.75.105.75] => {

    "script_result.stdout_lines": [
        "-----------------------------------------------------------", 
        "|                 Checking Nginx Config                   |", 
        "-----------------------------------------------------------", 
        "", 

        " nginx -t ", 
        "", 
        "-----------------------------------------------------------", 
        "|                 Stopping Nginx Process                  |", 
        "-----------------------------------------------------------", 

        "", 
        " /usr/bin/killall -9 nginx ", 
        "", 
        "-----------------------------------------------------------", 
        "|                 Clearing Proxy Cache                    |", 

        "-----------------------------------------------------------", 
        "", 
        " /bin/rm -rf /tmp/nginx_cache ", 
        "", 
        "-----------------------------------------------------------", 

        "|                Restarting Nginx Process                 |", 
        "-----------------------------------------------------------", 
        "root       4209  0.0  0.0 107464  1996 ?        Ss    2019   0:00 /sbin/dhclient -q -lf /var/lib/dhclient/dhclient--eth0.lease -pf /var/run/dhclient-eth0.pid -H om-fpms-pms-nginx eth0", 
        "root      75580  0.8  0.0 113180  1500 ?        S    12:07   0:00 /bin/bash /bak/bin/clear_nginxcache.sh", 
        "root      75593  0.0  0.5 318064 23228 ?        Ss   12:07   0:00 nginx: master process /usr/local/nginx/sbin/nginx", 

        "nobody    75595  1.0  0.7 324636 29844 ?        S    12:07   0:00 nginx: worker process", 
        "nobody    75596  0.5  0.7 324824 29804 ?        S    12:07   0:00 nginx: worker process", 
        "nobody    75597  1.5  0.7 324764 30300 ?        S    12:07   0:00 nginx: worker process", 
        "nobody    75598  1.0  0.7 324864 30300 ?        S    12:07   0:00 nginx: worker process", 
        "nobody    75599  0.0  0.5 320148 23728 ?        S    12:07   0:00 nginx: cache manager process", 

        "nobody    75600  0.0  0.5 320148 23728 ?        S    12:07   0:00 nginx: cache loader process", 
        "root      75604  0.0  0.0 112712   956 ?        S    12:07   0:00 grep nginx", 
        "root     127501  0.0  0.2  17340  8752 ?        Sl    2020 110:19 ./nginx-vts-exporter -nginx.scrape_uri http://localhost:8088/status/format/json", 
        "              total        used        free      shared  buff/cache   available", 
        "Mem:           3932         455         361         202        3115        2908", 

        "Swap:             0           0           0", 
        "-----------------------------------------------------------", 
        "|                     Reload SUCCESS!                     |", 
        "-----------------------------------------------------------"
    ]

}
ok: [18.167.123.144] => {
    "script_result.stdout_lines": [
        "-----------------------------------------------------------", 
        "|                 Checking Nginx Config                   |", 

        "-----------------------------------------------------------", 
        "", 
        " nginx -t ", 
        "", 
        "-----------------------------------------------------------", 

        "|                 Stopping Nginx Process                  |", 
        "-----------------------------------------------------------", 
        "", 
        " /usr/bin/killall -9 nginx ", 
        "", 

        "-----------------------------------------------------------", 
        "|                 Clearing Proxy Cache                    |", 
        "-----------------------------------------------------------", 
        "", 
        " /bin/rm -rf /tmp/nginx_cache ", 

        "", 
        "-----------------------------------------------------------", 
        "|                Restarting Nginx Process                 |", 
        "-----------------------------------------------------------", 
        "root       850  0.0  0.0 102940  2800 ?        Ss   Mar10   0:00 /sbin/dhclient -1 -q -lf /var/lib/dhclient/dhclient--ens5.lease -pf /var/run/dhclient-ens5.pid -H om-fpms_pms_nginx1 ens5", 

        "root     21560  0.6  0.0 113288  1484 ?        S    12:07   0:00 /bin/bash /bak/bin/clear_nginxcache.sh", 
        "root     21567  0.0  0.6 317860 23080 ?        Ss   12:07   0:00 nginx: master process /usr/local/nginx/sbin/nginx", 
        "nobody   21568  0.0  0.7 322112 27672 ?        S    12:07   0:00 nginx: worker process", 
        "nobody   21570  0.0  0.7 322112 27416 ?        S    12:07   0:00 nginx: worker process", 
        "nobody   21571  0.0  0.7 322112 28896 ?        S    12:07   0:00 nginx: worker process", 

        "nobody   21572  0.0  0.7 322112 29148 ?        S    12:07   0:00 nginx: worker process", 
        "nobody   21573  0.0  0.6 317860 23472 ?        S    12:07   0:00 nginx: cache manager process", 
        "nobody   21574  0.0  0.6 317860 23472 ?        S    12:07   0:00 nginx: cache loader process", 
        "root     21576  0.0  0.0 112816   948 ?        S    12:07   0:00 grep nginx", 
        "              total        used        free      shared  buff/cache   available", 

        "Mem:           3729         398        1942         194        1388        2854", 
        "Swap:             0           0           0", 
        "-----------------------------------------------------------", 
        "|                     Reload SUCCESS!                     |", 
        "-----------------------------------------------------------"

    ]
}

PLAY [127.0.0.1] ***************************************************************


TASK [sync_to_git : Synchronizing Nginx To GIT] ********************************
changed: [127.0.0.1]

TASK [sync_to_git : debug] *****************************************************
ok: [127.0.0.1] => {

    "msg": " [u'[master 6ec4268] jerry.lam', u' 1 file changed, 1 insertion(+), 1 deletion(-)', u'Branch master set up to track remote branch master from origin.']"
}

PLAY [om-fpms_pms_nginx] *******************************************************


PLAY [127.0.0.1] ***************************************************************

PLAY RECAP *********************************************************************
119.9.108.4                : ok=12   changed=2    unreachable=0    failed=0    skipped=0    rescued=0    ignored=0   
127.0.0.1                  : ok=2    changed=1    unreachable=0    failed=0    skipped=0    rescued=0    ignored=0   

13.75.105.75               : ok=10   changed=2    unreachable=0    failed=0    skipped=2    rescued=0    ignored=0   
18.167.123.144             : ok=10   changed=2    unreachable=0    failed=0    skipped=2    rescued=0    ignored=0   


ESYNC_WORKER1_COMMAND_END
MAX RETRIES EXECUTED, COMMAND NOT RESPONDING