ESYNC_WORKER1_COMMAND_START
[WARNING]: Invalid characters were found in group names but not replaced, use
-vvvv to see details

PLAY [om-fpms_pms_nginx] *******************************************************


TASK [Gathering Facts] *********************************************************
ok: [13.75.105.75]
ok: [119.9.108.4]

TASK [nginx_sync : Change python interpreter] **********************************

ok: [119.9.108.4]
skipping: [13.75.105.75]

TASK [nginx_sync : change python interpreter] **********************************
ok: [119.9.108.4]

skipping: [13.75.105.75]

TASK [nginx_sync : Notify] *****************************************************
ok: [119.9.108.4] => {
    "msg": "Syncing om-fpms_pms_nginx"

}
ok: [13.75.105.75] => {
    "msg": "Syncing om-fpms_pms_nginx"
}


TASK [nginx_sync : include_vars] ***********************************************
ok: [119.9.108.4]
ok: [13.75.105.75]

TASK [nginx_sync : Synchronizing Nginx] ****************************************

ok: [13.75.105.75] => (item=conf)
ok: [119.9.108.4] => (item=conf)
changed: [13.75.105.75] => (item=conf.d)
changed: [119.9.108.4] => (item=conf.d)
ok: [13.75.105.75] => (item=data)

ok: [119.9.108.4] => (item=data)
ok: [13.75.105.75] => (item=html)
ok: [119.9.108.4] => (item=html)

TASK [nginx_sync : Set HTML Dir to root] ***************************************

ok: [13.75.105.75]
ok: [119.9.108.4]

TASK [all_servers : include_vars] **********************************************
ok: [119.9.108.4]

ok: [13.75.105.75]

TASK [all_servers : Notify] ****************************************************
ok: [119.9.108.4] => {
    "msg": "Clearing Nginx Cache for om-fpms_pms_nginx"

}
ok: [13.75.105.75] => {
    "msg": "Clearing Nginx Cache for om-fpms_pms_nginx"
}


TASK [all_servers : Copying clear_nginxcache.sh to remote hosts] ***************
ok: [13.75.105.75]
ok: [119.9.108.4]

TASK [all_servers : Nginx Clear Cache] *****************************************

changed: [13.75.105.75]
changed: [119.9.108.4]

TASK [all_servers : debug] *****************************************************
ok: [119.9.108.4] => {

    "script_result.stdout_lines": [
        "-----------------------------------------------------------", 
        "|                 Checking Nginx Config                   |", 
        "-----------------------------------------------------------", 
        "", 

        " nginx -t ", 
        "", 
        "-----------------------------------------------------------", 
        "|                 Stopping Nginx Process                  |", 
        "-----------------------------------------------------------", 

        "", 
        " /usr/bin/killall -9 nginx ", 
        "", 
        "-----------------------------------------------------------", 
        "|                 Clearing Proxy Cache                    |", 

        "-----------------------------------------------------------", 
        "", 
        " /bin/rm -rf /tmp/nginx_cache ", 
        "", 
        "-----------------------------------------------------------", 

        "|                Restarting Nginx Process                 |", 
        "-----------------------------------------------------------", 
        "root      7921  0.0  0.6  17288 12544 ?        Sl    2020 130:18 ./nginx-vts-exporter -nginx.scrape_uri http://localhost:8088/status/format/json", 
        "root     29442  0.5  0.0 106080  1420 ?        S    18:19   0:00 /bin/bash /bak/bin/clear_nginxcache.sh", 
        "root     29452  0.0  1.1 314676 22952 ?        Ss   18:19   0:00 nginx: master process /usr/local/nginx/sbin/nginx", 

        "nobody   29454  0.6  1.4 319444 29036 ?        S    18:19   0:00 nginx: worker process      ", 
        "nobody   29455  1.0  1.4 319480 29192 ?        S    18:19   0:00 nginx: worker process      ", 
        "nobody   29456  1.3  1.4 319348 29160 ?        S    18:19   0:00 nginx: worker process      ", 
        "nobody   29457  1.0  1.4 319080 28924 ?        S    18:19   0:00 nginx: worker process      ", 
        "nobody   29458  0.0  1.1 314676 23280 ?        S    18:19   0:00 nginx: cache manager process", 

        "nobody   29459  0.0  1.1 314676 23236 ?        S    18:19   0:00 nginx: cache loader process", 
        "root     29461  0.0  0.0 103324   892 ?        S    18:19   0:00 grep nginx", 
        "             total       used       free     shared    buffers     cached", 
        "Mem:          2000       1060        940          1        127        357", 
        "-/+ buffers/cache:        575       1424", 

        "Swap:            0          0          0", 
        "-----------------------------------------------------------", 
        "|                     Reload SUCCESS!                     |", 
        "-----------------------------------------------------------"
    ]

}
ok: [13.75.105.75] => {
    "script_result.stdout_lines": [
        "-----------------------------------------------------------", 
        "|                 Checking Nginx Config                   |", 

        "-----------------------------------------------------------", 
        "", 
        " nginx -t ", 
        "", 
        "-----------------------------------------------------------", 

        "|                 Stopping Nginx Process                  |", 
        "-----------------------------------------------------------", 
        "", 
        " /usr/bin/killall -9 nginx ", 
        "", 

        "-----------------------------------------------------------", 
        "|                 Clearing Proxy Cache                    |", 
        "-----------------------------------------------------------", 
        "", 
        " /bin/rm -rf /tmp/nginx_cache ", 

        "", 
        "-----------------------------------------------------------", 
        "|                Restarting Nginx Process                 |", 
        "-----------------------------------------------------------", 
        "root       4209  0.0  0.0 107464  2072 ?        Ss    2019   0:00 /sbin/dhclient -q -lf /var/lib/dhclient/dhclient--eth0.lease -pf /var/run/dhclient-eth0.pid -H om-fpms-pms-nginx eth0", 

        "root      26490  1.0  0.0 113180  1500 ?        S    18:19   0:00 /bin/bash /bak/bin/clear_nginxcache.sh", 
        "root      26502  0.0  0.5 317556 23068 ?        Ss   18:19   0:00 nginx: master process /usr/local/nginx/sbin/nginx", 
        "nobody    26504  2.0  0.7 324784 30400 ?        S    18:19   0:00 nginx: worker process", 
        "nobody    26505  2.0  0.7 324612 29844 ?        S    18:19   0:00 nginx: worker process", 
        "nobody    26506  1.5  0.7 324812 30148 ?        S    18:19   0:00 nginx: worker process", 

        "nobody    26507  2.5  0.7 325588 30664 ?        S    18:19   0:00 nginx: worker process", 
        "nobody    26508  0.0  0.5 319640 23560 ?        S    18:19   0:00 nginx: cache manager process", 
        "nobody    26509  0.0  0.5 319640 23560 ?        S    18:19   0:00 nginx: cache loader process", 
        "root      26515  0.0  0.0 112712   956 ?        S    18:19   0:00 grep nginx", 
        "root     127501  0.0  0.2  17340 11088 ?        Sl    2020  92:53 ./nginx-vts-exporter -nginx.scrape_uri http://localhost:8088/status/format/json", 

        "              total        used        free      shared  buff/cache   available", 
        "Mem:           3932         469        1987         210        1474        2889", 
        "Swap:             0           0           0", 
        "-----------------------------------------------------------", 
        "|                     Reload SUCCESS!                     |", 

        "-----------------------------------------------------------"
    ]
}

PLAY [127.0.0.1] ***************************************************************


TASK [sync_to_git : Synchronizing Nginx To GIT] ********************************
changed: [127.0.0.1]

TASK [sync_to_git : debug] *****************************************************

ok: [127.0.0.1] => {
    "msg": " [u'[master 2b1de18] jerry.lam', u' 1 file changed, 3 insertions(+)', u'Branch master set up to track remote branch master from origin.']"
}

PLAY [om-fpms_pms_nginx] *******************************************************


PLAY [127.0.0.1] ***************************************************************

PLAY RECAP *********************************************************************
119.9.108.4                : ok=12   changed=2    unreachable=0    failed=0    skipped=0    rescued=0    ignored=0   

127.0.0.1                  : ok=2    changed=1    unreachable=0    failed=0    skipped=0    rescued=0    ignored=0   
13.75.105.75               : ok=10   changed=2    unreachable=0    failed=0    skipped=2    rescued=0    ignored=0   


ESYNC_WORKER1_COMMAND_END
MAX RETRIES EXECUTED, COMMAND NOT RESPONDING