--- /ansible/nginx/hostgroups/om-fpms_pms_nginx/nginx/conf.d/other/fpms8.me.conf	2019-05-03 13:21:29.803407166 +0800
+++ /tmp/fpms8.me.conf	2019-05-16 10:33:45.669482206 +0800
@@ -5,6 +5,7 @@
         index   index.jsp index.html index.htm;
         charset utf-8;
         access_log  logs/office-fpms.access.log main;
+        access_log  logs/office-fpms.logstash.access.log logstash;
 
          location ~ ^/(WEB-INF)/ {
             deny all;
@@ -25,7 +26,7 @@
         index   index.jsp index.html index.htm;
         charset utf-8;
         access_log  logs/fpms-7000.access.log main;
-
+        access_log  logs/fpms-7000.logstash.access.log logstash;
          location ~ ^/(WEB-INF)/ {
             deny all;
          }
@@ -45,6 +46,7 @@
         server_name    sslserver.fpms8.me
         charset utf-8;
         access_log  logs/fpms-sslserver-80.access.log main;
+        access_log  logs/fpms-sslserver-80.logstash.access.log logstash;
 
          location ~ ^/(WEB-INF)/ {
             deny all;
@@ -66,6 +68,7 @@
         index   index.jsp index.html index.htm;
         charset utf-8;
         access_log  logs/fpms-sslserver-1801.access.log main;
+        access_log  logs/fpms-sslserver-1801.logstash.access.log logstash;
 
          location ~ ^/(WEB-INF)/ {
             deny all;
@@ -85,7 +88,8 @@
         server_name    sslserver.fpms8.me
         index   index.jsp index.html index.htm;
         charset utf-8;
-        access_log  logs/fpms-sslserver-1801.access.log main;
+        access_log  logs/fpms-sslserver-1804.access.log main;
+        access_log  logs/fpms-sslserver-1804.logstash.access.log logstash;
 
          location ~ ^/(WEB-INF)/ {
             deny all;

