ESYNC_WORKER1_COMMAND_START
[WARNING]: Invalid characters were found in group names but not replaced, use
-vvvv to see details

PLAY [om-fpms_pms_nginx] *******************************************************


TASK [Gathering Facts] *********************************************************
ok: [119.9.108.4]
ok: [13.75.105.75]

TASK [nginx_sync : Change python interpreter] **********************************

ok: [119.9.108.4]
skipping: [13.75.105.75]

TASK [nginx_sync : change python interpreter] **********************************
ok: [119.9.108.4]

skipping: [13.75.105.75]

TASK [nginx_sync : Notify] *****************************************************
ok: [119.9.108.4] => {
    "msg": "Syncing om-fpms_pms_nginx"

}
ok: [13.75.105.75] => {
    "msg": "Syncing om-fpms_pms_nginx"
}


TASK [nginx_sync : include_vars] ***********************************************
ok: [119.9.108.4]
ok: [13.75.105.75]

TASK [nginx_sync : Synchronizing Nginx] ****************************************

ok: [13.75.105.75] => (item=conf)
ok: [119.9.108.4] => (item=conf)
ok: [13.75.105.75] => (item=conf.d)
ok: [119.9.108.4] => (item=conf.d)
ok: [13.75.105.75] => (item=data)

ok: [119.9.108.4] => (item=data)
ok: [13.75.105.75] => (item=html)
ok: [119.9.108.4] => (item=html)

TASK [nginx_sync : Set HTML Dir to root] ***************************************

ok: [13.75.105.75]
ok: [119.9.108.4]

TASK [all_servers : include_vars] **********************************************
ok: [119.9.108.4]

ok: [13.75.105.75]

TASK [all_servers : Notify] ****************************************************
ok: [119.9.108.4] => {
    "msg": "Clearing Nginx Cache for om-fpms_pms_nginx"

}
ok: [13.75.105.75] => {
    "msg": "Clearing Nginx Cache for om-fpms_pms_nginx"
}


TASK [all_servers : Copying clear_nginxcache.sh to remote hosts] ***************
ok: [13.75.105.75]
ok: [119.9.108.4]

TASK [all_servers : Nginx Clear Cache] *****************************************

changed: [13.75.105.75]
changed: [119.9.108.4]

TASK [all_servers : debug] *****************************************************
ok: [119.9.108.4] => {

    "script_result.stdout_lines": [
        "-----------------------------------------------------------", 
        "|                 Checking Nginx Config                   |", 
        "-----------------------------------------------------------", 
        "", 

        " nginx -t ", 
        "", 
        "-----------------------------------------------------------", 
        "|                 Stopping Nginx Process                  |", 
        "-----------------------------------------------------------", 

        "", 
        " /usr/bin/killall -9 nginx ", 
        "", 
        "-----------------------------------------------------------", 
        "|                 Clearing Proxy Cache                    |", 

        "-----------------------------------------------------------", 
        "", 
        " /bin/rm -rf /tmp/nginx_cache ", 
        "", 
        "-----------------------------------------------------------", 

        "|                Restarting Nginx Process                 |", 
        "-----------------------------------------------------------", 
        "root     15476  0.6  0.0 106080  1424 ?        S    14:21   0:00 /bin/bash /bak/bin/clear_nginxcache.sh", 
        "root     15482  0.0  1.1 314988 23456 ?        Ss   14:21   0:00 nginx: master process /usr/local/nginx/sbin/nginx", 
        "nobody   15483  2.5  1.3 317732 28260 ?        S    14:21   0:00 nginx: worker process      ", 

        "nobody   15485  3.5  1.3 317188 28312 ?        S    14:21   0:00 nginx: worker process      ", 
        "nobody   15486  4.0  1.3 317444 28292 ?        S    14:21   0:00 nginx: worker process      ", 
        "nobody   15487  2.0  1.3 317224 28268 ?        S    14:21   0:00 nginx: worker process      ", 
        "nobody   15488  0.0  1.1 314988 23784 ?        S    14:21   0:00 nginx: cache manager process", 
        "nobody   15489  0.0  1.1 314988 23736 ?        S    14:21   0:00 nginx: cache loader process", 

        "root     15491  0.0  0.0 103320   880 ?        S    14:21   0:00 grep nginx", 
        "             total       used       free     shared    buffers     cached", 
        "Mem:          2000       1168        831          1        151        466", 
        "-/+ buffers/cache:        550       1449", 
        "Swap:            0          0          0", 

        "-----------------------------------------------------------", 
        "|                     Reload SUCCESS!                     |", 
        "-----------------------------------------------------------"
    ]
}

ok: [13.75.105.75] => {
    "script_result.stdout_lines": [
        "-----------------------------------------------------------", 
        "|                 Checking Nginx Config                   |", 
        "-----------------------------------------------------------", 

        "", 
        " nginx -t ", 
        "", 
        "-----------------------------------------------------------", 
        "|                 Stopping Nginx Process                  |", 

        "-----------------------------------------------------------", 
        "", 
        " /usr/bin/killall -9 nginx ", 
        "", 
        "-----------------------------------------------------------", 

        "|                 Clearing Proxy Cache                    |", 
        "-----------------------------------------------------------", 
        "", 
        " /bin/rm -rf /tmp/nginx_cache ", 
        "", 

        "-----------------------------------------------------------", 
        "|                Restarting Nginx Process                 |", 
        "-----------------------------------------------------------", 
        "root       4209  0.0  0.0 107464  2092 ?        Ss    2019   0:00 /sbin/dhclient -q -lf /var/lib/dhclient/dhclient--eth0.lease -pf /var/run/dhclient-eth0.pid -H om-fpms-pms-nginx eth0", 
        "root     125926  1.2  0.0 113180  1496 ?        S    14:21   0:00 /bin/bash /bak/bin/clear_nginxcache.sh", 

        "root     125935  0.0  0.5 315932 22384 ?        Ss   14:21   0:00 nginx: master process /usr/local/nginx/sbin/nginx", 
        "nobody   125937  1.5  0.7 322952 29464 ?        S    14:21   0:00 nginx: worker process", 
        "nobody   125938  2.0  0.7 322608 29240 ?        S    14:21   0:00 nginx: worker process", 
        "nobody   125939  1.0  0.7 322736 29204 ?        S    14:21   0:00 nginx: worker process", 
        "nobody   125940  2.5  0.7 323168 29196 ?        S    14:21   0:00 nginx: worker process", 

        "nobody   125941  0.0  0.5 318016 22872 ?        S    14:21   0:00 nginx: cache manager process", 
        "nobody   125942  0.0  0.5 318016 22872 ?        S    14:21   0:00 nginx: cache loader process", 
        "root     125946  0.0  0.0 112712   956 ?        S    14:21   0:00 grep nginx", 
        "              total        used        free      shared  buff/cache   available", 
        "Mem:           3932         456        1387         202        2087        2923", 

        "Swap:             0           0           0", 
        "-----------------------------------------------------------", 
        "|                     Reload SUCCESS!                     |", 
        "-----------------------------------------------------------"
    ]

}

PLAY [127.0.0.1] ***************************************************************

TASK [sync_to_git : Synchronizing Nginx To GIT] ********************************

changed: [127.0.0.1]

TASK [sync_to_git : debug] *****************************************************
ok: [127.0.0.1] => {
    "msg": " [u'# On branch master', u'# Changes not staged for commit:', u'#   (use \"git add/rm <file>...\" to update what will be committed)', u'#   (use \"git checkout -- <file>...\" to discard changes in working directory)', u'#', u'#\\tdeleted:    nginx/conf.d/other/v68-prod-test.conf', u'#\\tdeleted:    nginx/conf.d/ssl/img678.com', u'#', u'no changes added to commit (use \"git add\" and/or \"git commit -a\")', u'Branch master set up to track remote branch master from origin.']"

}

PLAY [om-fpms_pms_nginx] *******************************************************

PLAY [127.0.0.1] ***************************************************************


PLAY RECAP *********************************************************************
119.9.108.4                : ok=12   changed=1    unreachable=0    failed=0    skipped=0    rescued=0    ignored=0   
127.0.0.1                  : ok=2    changed=1    unreachable=0    failed=0    skipped=0    rescued=0    ignored=0   
13.75.105.75               : ok=10   changed=1    unreachable=0    failed=0    skipped=2    rescued=0    ignored=0   



ESYNC_WORKER1_COMMAND_END
MAX RETRIES EXECUTED, COMMAND NOT RESPONDING