ESYNC_WORKER1_COMMAND_START
 [WARNING]: Invalid characters were found in group names but not replaced, use
-vvvv to see details

PLAY [om-fpms_pms_nginx] *******************************************************


TASK [Gathering Facts] *********************************************************
ok: [154.223.188.192]
ok: [13.75.105.75]
ok: [119.9.108.4]


TASK [nginx_sync : Change python interpreter] **********************************
ok: [154.223.188.192]
ok: [119.9.108.4]
skipping: [13.75.105.75]


TASK [nginx_sync : change python interpreter] **********************************
ok: [154.223.188.192]
ok: [119.9.108.4]
skipping: [13.75.105.75]


TASK [nginx_sync : Notify] *****************************************************
ok: [154.223.188.192] => {
    "msg": "Syncing om-fpms_pms_nginx"
}
ok: [119.9.108.4] => {

    "msg": "Syncing om-fpms_pms_nginx"
}
ok: [13.75.105.75] => {
    "msg": "Syncing om-fpms_pms_nginx"
}


TASK [nginx_sync : include_vars] ***********************************************
ok: [154.223.188.192]
ok: [119.9.108.4]
ok: [13.75.105.75]


TASK [nginx_sync : Synchronizing Nginx] ****************************************
ok: [13.75.105.75] => (item=conf)
ok: [154.223.188.192] => (item=conf)
ok: [119.9.108.4] => (item=conf)

changed: [13.75.105.75] => (item=conf.d)
changed: [154.223.188.192] => (item=conf.d)
changed: [119.9.108.4] => (item=conf.d)
ok: [13.75.105.75] => (item=data)
ok: [154.223.188.192] => (item=data)

ok: [119.9.108.4] => (item=data)
ok: [13.75.105.75] => (item=html)
ok: [154.223.188.192] => (item=html)
ok: [119.9.108.4] => (item=html)


TASK [nginx_sync : Set HTML Dir to root] ***************************************
ok: [13.75.105.75]
ok: [154.223.188.192]
ok: [119.9.108.4]


TASK [all_servers : include_vars] **********************************************
ok: [154.223.188.192]
ok: [119.9.108.4]
ok: [13.75.105.75]


TASK [all_servers : Notify] ****************************************************
ok: [154.223.188.192] => {
    "msg": "Clearing Nginx Cache for om-fpms_pms_nginx"
}
ok: [119.9.108.4] => {

    "msg": "Clearing Nginx Cache for om-fpms_pms_nginx"
}
ok: [13.75.105.75] => {
    "msg": "Clearing Nginx Cache for om-fpms_pms_nginx"
}


TASK [all_servers : Copying clear_nginxcache.sh to remote hosts] ***************
ok: [13.75.105.75]
ok: [154.223.188.192]
ok: [119.9.108.4]


TASK [all_servers : Nginx Clear Cache] *****************************************
changed: [13.75.105.75]
changed: [154.223.188.192]
changed: [119.9.108.4]


TASK [all_servers : debug] *****************************************************
ok: [154.223.188.192] => {
    "script_result.stdout_lines": [
        "-----------------------------------------------------------", 

        "|                 Checking Nginx Config                   |", 
        "-----------------------------------------------------------", 
        "", 
        " nginx -t ", 
        "", 

        "-----------------------------------------------------------", 
        "|                 Stopping Nginx Process                  |", 
        "-----------------------------------------------------------", 
        "", 
        " /usr/bin/killall -9 nginx ", 

        "", 
        "-----------------------------------------------------------", 
        "|                 Clearing Proxy Cache                    |", 
        "-----------------------------------------------------------", 
        "", 

        " /bin/rm -rf /tmp/nginx_cache ", 
        "", 
        "-----------------------------------------------------------", 
        "|                Restarting Nginx Process                 |", 
        "-----------------------------------------------------------", 

        "root     20730  0.0  0.0 106084  1404 ?        S    12:01   0:00 /bin/bash /bak/bin/clear_nginxcache.sh", 
        "root     20744  0.0  1.1 321288 22036 ?        Ss   12:01   0:00 nginx: master process /usr/local/nginx/sbin/nginx", 
        "nobody   20745  0.0  1.3 325540 26456 ?        S    12:01   0:00 nginx: worker process      ", 
        "nobody   20747  0.0  1.3 325540 26456 ?        S    12:01   0:00 nginx: worker process      ", 
        "nobody   20748  0.0  1.3 325540 26456 ?        S    12:01   0:00 nginx: worker process      ", 

        "nobody   20749  0.0  1.3 325540 26456 ?        S    12:01   0:00 nginx: worker process      ", 
        "nobody   20750  0.0  1.1 321288 22436 ?        S    12:01   0:00 nginx: cache manager process", 
        "nobody   20751  0.0  1.1 321288 22392 ?        S    12:01   0:00 nginx: cache loader process", 
        "root     20758  0.0  0.0 103260   844 ?        R    12:01   0:00 grep nginx", 
        "             total       used       free     shared    buffers     cached", 

        "Mem:          1877       1712        165          0        166        502", 
        "-/+ buffers/cache:       1043        833", 
        "Swap:         2047        510       1537", 
        "-----------------------------------------------------------", 
        "|                     Reload SUCCESS!                     |", 

        "-----------------------------------------------------------"
    ]
}
ok: [119.9.108.4] => {
    "script_result.stdout_lines": [

        "-----------------------------------------------------------", 
        "|                 Checking Nginx Config                   |", 
        "-----------------------------------------------------------", 
        "", 
        " nginx -t ", 

        "", 
        "-----------------------------------------------------------", 
        "|                 Stopping Nginx Process                  |", 
        "-----------------------------------------------------------", 
        "", 

        " /usr/bin/killall -9 nginx ", 
        "", 
        "-----------------------------------------------------------", 
        "|                 Clearing Proxy Cache                    |", 
        "-----------------------------------------------------------", 

        "", 
        " /bin/rm -rf /tmp/nginx_cache ", 
        "", 
        "-----------------------------------------------------------", 
        "|                Restarting Nginx Process                 |", 

        "-----------------------------------------------------------", 
        "root     25021  0.3  0.0 106080  1428 ?        S    12:01   0:00 /bin/bash /bak/bin/clear_nginxcache.sh", 
        "root     25097  0.0  1.0 312520 21984 ?        Ss   12:01   0:00 nginx: master process /usr/local/nginx/sbin/nginx", 
        "nobody   25099 13.6  1.4 326604 29736 ?        S    12:01   0:00 nginx: worker process      ", 
        "nobody   25100 17.6  1.5 321356 30768 ?        S    12:01   0:00 nginx: worker process      ", 

        "nobody   25101 11.6  1.4 318560 29100 ?        S    12:01   0:00 nginx: worker process      ", 
        "nobody   25102 12.3  1.4 320564 29504 ?        S    12:01   0:00 nginx: worker process      ", 
        "nobody   25103  0.0  1.0 312520 22312 ?        S    12:01   0:00 nginx: cache manager process", 
        "nobody   25104  0.0  1.0 312520 22264 ?        S    12:01   0:00 nginx: cache loader process", 
        "root     25239  0.0  0.0 103320   884 ?        S    12:01   0:00 grep nginx", 

        "             total       used       free     shared    buffers     cached", 
        "Mem:          2000       1896        103          1        216       1228", 
        "-/+ buffers/cache:        451       1548", 
        "Swap:            0          0          0", 
        "-----------------------------------------------------------", 

        "|                     Reload SUCCESS!                     |", 
        "-----------------------------------------------------------"
    ]
}
ok: [13.75.105.75] => {

    "script_result.stdout_lines": [
        "-----------------------------------------------------------", 
        "|                 Checking Nginx Config                   |", 
        "-----------------------------------------------------------", 
        "", 

        " nginx -t ", 
        "", 
        "-----------------------------------------------------------", 
        "|                 Stopping Nginx Process                  |", 
        "-----------------------------------------------------------", 

        "", 
        " /usr/bin/killall -9 nginx ", 
        "", 
        "-----------------------------------------------------------", 
        "|                 Clearing Proxy Cache                    |", 

        "-----------------------------------------------------------", 
        "", 
        " /bin/rm -rf /tmp/nginx_cache ", 
        "", 
        "-----------------------------------------------------------", 

        "|                Restarting Nginx Process                 |", 
        "-----------------------------------------------------------", 
        "root       4209  0.0  0.0 107464  2040 ?        Ss    2019   0:00 /sbin/dhclient -q -lf /var/lib/dhclient/dhclient--eth0.lease -pf /var/run/dhclient-eth0.pid -H om-fpms-pms-nginx eth0", 
        "root       6602  1.0  0.0 113180  1496 ?        S    12:01   0:00 /bin/bash /bak/bin/clear_nginxcache.sh", 
        "root       6612  0.0  0.5 315640 22088 ?        Ss   12:01   0:00 nginx: master process /usr/local/nginx/sbin/nginx", 

        "nobody     6614  4.0  0.7 322884 28716 ?        S    12:01   0:00 nginx: worker process", 
        "nobody     6615  2.0  0.7 322380 28728 ?        S    12:01   0:00 nginx: worker process", 
        "nobody     6616  2.0  0.7 322524 28720 ?        S    12:01   0:00 nginx: worker process", 
        "nobody     6617  2.5  0.7 322428 28720 ?        S    12:01   0:00 nginx: worker process", 
        "nobody     6618  0.0  0.5 317724 22576 ?        S    12:01   0:00 nginx: cache manager process", 

        "nobody     6619  0.0  0.5 317724 22576 ?        S    12:01   0:00 nginx: cache loader process", 
        "root       6622  0.0  0.0 112712   960 ?        S    12:01   0:00 grep nginx", 
        "              total        used        free      shared  buff/cache   available", 
        "Mem:           3932         452         188         182        3291        2941", 
        "Swap:             0           0           0", 

        "-----------------------------------------------------------", 
        "|                     Reload SUCCESS!                     |", 
        "-----------------------------------------------------------"
    ]
}


PLAY [127.0.0.1] ***************************************************************

TASK [sync_to_git : Synchronizing Nginx To GIT] ********************************
changed: [127.0.0.1]


TASK [sync_to_git : debug] *****************************************************
ok: [127.0.0.1] => {
    "msg": " [u'[master 0cc1eee] leriza.muralla', u' 1 file changed, 1 insertion(+)', u'Branch master set up to track remote branch master from origin.']"
}


PLAY [om-fpms_pms_nginx] *******************************************************

PLAY [127.0.0.1] ***************************************************************


PLAY RECAP *********************************************************************
119.9.108.4                : ok=12   changed=2    unreachable=0    failed=0    skipped=0    rescued=0    ignored=0   
127.0.0.1                  : ok=2    changed=1    unreachable=0    failed=0    skipped=0    rescued=0    ignored=0   
13.75.105.75               : ok=10   changed=2    unreachable=0    failed=0    skipped=2    rescued=0    ignored=0   
154.223.188.192            : ok=12   changed=2    unreachable=0    failed=0    skipped=0    rescued=0    ignored=0   



ESYNC_WORKER1_COMMAND_END
MAX RETRIES EXECUTED, COMMAND NOT RESPONDING