ESYNC_WORKER1_COMMAND_START
 [WARNING]: Invalid characters were found in group names but not replaced, use
-vvvv to see details

PLAY [om-fpms_pms_nginx] *******************************************************


TASK [Gathering Facts] *********************************************************
ok: [154.223.188.192]
ok: [13.75.105.75]
ok: [119.9.108.4]


TASK [nginx_sync : Change python interpreter] **********************************
ok: [154.223.188.192]
ok: [119.9.108.4]
skipping: [13.75.105.75]


TASK [nginx_sync : change python interpreter] **********************************
ok: [154.223.188.192]
ok: [119.9.108.4]
skipping: [13.75.105.75]


TASK [nginx_sync : Notify] *****************************************************
ok: [154.223.188.192] => {
    "msg": "Syncing om-fpms_pms_nginx"
}
ok: [119.9.108.4] => {

    "msg": "Syncing om-fpms_pms_nginx"
}
ok: [13.75.105.75] => {
    "msg": "Syncing om-fpms_pms_nginx"
}


TASK [nginx_sync : include_vars] ***********************************************
ok: [154.223.188.192]
ok: [119.9.108.4]
ok: [13.75.105.75]


TASK [nginx_sync : Synchronizing Nginx] ****************************************
ok: [13.75.105.75] => (item=conf)
ok: [154.223.188.192] => (item=conf)
ok: [119.9.108.4] => (item=conf)

ok: [13.75.105.75] => (item=conf.d)
ok: [154.223.188.192] => (item=conf.d)
ok: [119.9.108.4] => (item=conf.d)
ok: [13.75.105.75] => (item=data)
ok: [154.223.188.192] => (item=data)

ok: [119.9.108.4] => (item=data)
ok: [13.75.105.75] => (item=html)
ok: [154.223.188.192] => (item=html)
ok: [119.9.108.4] => (item=html)


TASK [nginx_sync : Set HTML Dir to root] ***************************************
ok: [13.75.105.75]
ok: [154.223.188.192]
ok: [119.9.108.4]


TASK [all_servers : include_vars] **********************************************
ok: [154.223.188.192]
ok: [119.9.108.4]
ok: [13.75.105.75]


TASK [all_servers : Notify] ****************************************************
ok: [154.223.188.192] => {
    "msg": "Clearing Nginx Cache for om-fpms_pms_nginx"
}
ok: [119.9.108.4] => {

    "msg": "Clearing Nginx Cache for om-fpms_pms_nginx"
}
ok: [13.75.105.75] => {
    "msg": "Clearing Nginx Cache for om-fpms_pms_nginx"
}


TASK [all_servers : Copying clear_nginxcache.sh to remote hosts] ***************
ok: [13.75.105.75]
ok: [154.223.188.192]
ok: [119.9.108.4]


TASK [all_servers : Nginx Clear Cache] *****************************************
changed: [13.75.105.75]
changed: [154.223.188.192]
changed: [119.9.108.4]


TASK [all_servers : debug] *****************************************************
ok: [154.223.188.192] => {
    "script_result.stdout_lines": [
        "-----------------------------------------------------------", 

        "|                 Checking Nginx Config                   |", 
        "-----------------------------------------------------------", 
        "", 
        " nginx -t ", 
        "", 

        "-----------------------------------------------------------", 
        "|                 Stopping Nginx Process                  |", 
        "-----------------------------------------------------------", 
        "", 
        " /usr/bin/killall -9 nginx ", 

        "", 
        "-----------------------------------------------------------", 
        "|                 Clearing Proxy Cache                    |", 
        "-----------------------------------------------------------", 
        "", 

        " /bin/rm -rf /tmp/nginx_cache ", 
        "", 
        "-----------------------------------------------------------", 
        "|                Restarting Nginx Process                 |", 
        "-----------------------------------------------------------", 

        "root     16531  0.0  0.0 106084  1400 ?        S    13:12   0:00 /bin/bash /bak/bin/clear_nginxcache.sh", 
        "root     16537  0.0  1.1 321300 22044 ?        Ss   13:12   0:00 nginx: master process /usr/local/nginx/sbin/nginx", 
        "nobody   16538  0.0  1.3 325552 26464 ?        S    13:12   0:00 nginx: worker process      ", 
        "nobody   16540  0.0  1.3 325552 26464 ?        S    13:12   0:00 nginx: worker process      ", 
        "nobody   16541  0.0  1.3 325552 26464 ?        S    13:12   0:00 nginx: worker process      ", 

        "nobody   16542  0.0  1.3 325552 26464 ?        S    13:12   0:00 nginx: worker process      ", 
        "nobody   16543  0.0  1.1 321300 22444 ?        S    13:12   0:00 nginx: cache manager process", 
        "nobody   16544  0.0  1.1 321300 22400 ?        S    13:12   0:00 nginx: cache loader process", 
        "root     16557  0.0  0.0 103260   848 ?        S    13:12   0:00 grep nginx", 
        "             total       used       free     shared    buffers     cached", 

        "Mem:          1877       1757        120          0        145        238", 
        "-/+ buffers/cache:       1373        504", 
        "Swap:         2047        522       1525", 
        "-----------------------------------------------------------", 
        "|                     Reload SUCCESS!                     |", 

        "-----------------------------------------------------------"
    ]
}
ok: [119.9.108.4] => {
    "script_result.stdout_lines": [

        "-----------------------------------------------------------", 
        "|                 Checking Nginx Config                   |", 
        "-----------------------------------------------------------", 
        "", 
        " nginx -t ", 

        "", 
        "-----------------------------------------------------------", 
        "|                 Stopping Nginx Process                  |", 
        "-----------------------------------------------------------", 
        "", 

        " /usr/bin/killall -9 nginx ", 
        "", 
        "-----------------------------------------------------------", 
        "|                 Clearing Proxy Cache                    |", 
        "-----------------------------------------------------------", 

        "", 
        " /bin/rm -rf /tmp/nginx_cache ", 
        "", 
        "-----------------------------------------------------------", 
        "|                Restarting Nginx Process                 |", 

        "-----------------------------------------------------------", 
        "root      5533  0.3  0.0 106080  1428 ?        S    13:12   0:00 /bin/bash /bak/bin/clear_nginxcache.sh", 
        "root      5539  0.0  1.0 312520 21996 ?        Ss   13:12   0:00 nginx: master process /usr/local/nginx/sbin/nginx", 
        "nobody    5541  1.0  1.3 316772 27748 ?        S    13:12   0:00 nginx: worker process      ", 
        "nobody    5542  1.6  1.3 317104 27824 ?        S    13:12   0:00 nginx: worker process      ", 

        "nobody    5543  1.3  1.3 317032 27784 ?        S    13:12   0:00 nginx: worker process      ", 
        "nobody    5544  1.0  1.3 316772 27656 ?        S    13:12   0:00 nginx: worker process      ", 
        "nobody    5545  0.0  1.0 312520 22324 ?        S    13:12   0:00 nginx: cache manager process", 
        "nobody    5546  0.0  1.0 312520 22276 ?        S    13:12   0:00 nginx: cache loader process", 
        "root      5548  0.0  0.0 103320   880 ?        S    13:12   0:00 grep nginx", 

        "             total       used       free     shared    buffers     cached", 
        "Mem:          2000       1797        202          1        383        793", 
        "-/+ buffers/cache:        621       1379", 
        "Swap:            0          0          0", 
        "-----------------------------------------------------------", 

        "|                     Reload SUCCESS!                     |", 
        "-----------------------------------------------------------"
    ]
}
ok: [13.75.105.75] => {

    "script_result.stdout_lines": [
        "-----------------------------------------------------------", 
        "|                 Checking Nginx Config                   |", 
        "-----------------------------------------------------------", 
        "", 

        " nginx -t ", 
        "", 
        "-----------------------------------------------------------", 
        "|                 Stopping Nginx Process                  |", 
        "-----------------------------------------------------------", 

        "", 
        " /usr/bin/killall -9 nginx ", 
        "", 
        "-----------------------------------------------------------", 
        "|                 Clearing Proxy Cache                    |", 

        "-----------------------------------------------------------", 
        "", 
        " /bin/rm -rf /tmp/nginx_cache ", 
        "", 
        "-----------------------------------------------------------", 

        "|                Restarting Nginx Process                 |", 
        "-----------------------------------------------------------", 
        "root       4209  0.0  0.0 107464  2092 ?        Ss    2019   0:00 /sbin/dhclient -q -lf /var/lib/dhclient/dhclient--eth0.lease -pf /var/run/dhclient-eth0.pid -H om-fpms-pms-nginx eth0", 
        "root      71143  1.0  0.0 113180  1496 ?        S    13:12   0:00 /bin/bash /bak/bin/clear_nginxcache.sh", 
        "root      71156  0.0  0.5 315656 22096 ?        Ss   13:12   0:00 nginx: master process /usr/local/nginx/sbin/nginx", 

        "nobody    71158  0.5  0.7 322220 28476 ?        S    13:12   0:00 nginx: worker process", 
        "nobody    71159  0.5  0.7 321992 28476 ?        S    13:12   0:00 nginx: worker process", 
        "nobody    71160  0.5  0.7 321992 28488 ?        S    13:12   0:00 nginx: worker process", 
        "nobody    71161  0.5  0.7 321992 28256 ?        S    13:12   0:00 nginx: worker process", 
        "nobody    71162  0.0  0.5 317740 22584 ?        S    13:12   0:00 nginx: cache manager process", 

        "nobody    71163  0.0  0.5 317740 22584 ?        S    13:12   0:00 nginx: cache loader process", 
        "root      71167  0.0  0.0 112712   960 ?        S    13:12   0:00 grep nginx", 
        "              total        used        free      shared  buff/cache   available", 
        "Mem:           3932         475         217         190        3239        2908", 
        "Swap:             0           0           0", 

        "-----------------------------------------------------------", 
        "|                     Reload SUCCESS!                     |", 
        "-----------------------------------------------------------"
    ]
}


PLAY [127.0.0.1] ***************************************************************

TASK [sync_to_git : Synchronizing Nginx To GIT] ********************************
changed: [127.0.0.1]


TASK [sync_to_git : debug] *****************************************************
ok: [127.0.0.1] => {
    "msg": " [u'# On branch master', u'# Changes not staged for commit:', u'#   (use \"git add/rm <file>...\" to update what will be committed)', u'#   (use \"git checkout -- <file>...\" to discard changes in working directory)', u'#', u'#\\tdeleted:    nginx/conf.d/other/v68-prod-test.conf', u'#', u'no changes added to commit (use \"git add\" and/or \"git commit -a\")', u'Branch master set up to track remote branch master from origin.']"
}


PLAY [om-fpms_pms_nginx] *******************************************************

PLAY [127.0.0.1] ***************************************************************


PLAY RECAP *********************************************************************
119.9.108.4                : ok=12   changed=1    unreachable=0    failed=0    skipped=0    rescued=0    ignored=0   
127.0.0.1                  : ok=2    changed=1    unreachable=0    failed=0    skipped=0    rescued=0    ignored=0   
13.75.105.75               : ok=10   changed=1    unreachable=0    failed=0    skipped=2    rescued=0    ignored=0   
154.223.188.192            : ok=12   changed=1    unreachable=0    failed=0    skipped=0    rescued=0    ignored=0   



ESYNC_WORKER1_COMMAND_END
MAX RETRIES EXECUTED, COMMAND NOT RESPONDING