ESYNC_WORKER1_COMMAND_START
 [WARNING]: Invalid characters were found in group names but not replaced, use
-vvvv to see details

PLAY [om-fpms_pms_nginx] *******************************************************


TASK [Gathering Facts] *********************************************************
ok: [154.223.188.192]
ok: [13.75.105.75]
ok: [119.9.108.4]


TASK [nginx_sync : Change python interpreter] **********************************
ok: [154.223.188.192]
ok: [119.9.108.4]
skipping: [13.75.105.75]


TASK [nginx_sync : change python interpreter] **********************************
ok: [154.223.188.192]
ok: [119.9.108.4]
skipping: [13.75.105.75]


TASK [nginx_sync : Notify] *****************************************************
ok: [154.223.188.192] => {
    "msg": "Syncing om-fpms_pms_nginx"
}
ok: [119.9.108.4] => {

    "msg": "Syncing om-fpms_pms_nginx"
}
ok: [13.75.105.75] => {
    "msg": "Syncing om-fpms_pms_nginx"
}


TASK [nginx_sync : include_vars] ***********************************************
ok: [154.223.188.192]
ok: [119.9.108.4]
ok: [13.75.105.75]


TASK [nginx_sync : Synchronizing Nginx] ****************************************
ok: [13.75.105.75] => (item=conf)
ok: [154.223.188.192] => (item=conf)
ok: [119.9.108.4] => (item=conf)

changed: [13.75.105.75] => (item=conf.d)
changed: [154.223.188.192] => (item=conf.d)
changed: [119.9.108.4] => (item=conf.d)
ok: [13.75.105.75] => (item=data)
ok: [154.223.188.192] => (item=data)

ok: [119.9.108.4] => (item=data)
ok: [13.75.105.75] => (item=html)
ok: [154.223.188.192] => (item=html)
ok: [119.9.108.4] => (item=html)


TASK [nginx_sync : Set HTML Dir to root] ***************************************
ok: [13.75.105.75]
ok: [154.223.188.192]
ok: [119.9.108.4]


TASK [all_servers : include_vars] **********************************************
ok: [154.223.188.192]
ok: [119.9.108.4]
ok: [13.75.105.75]


TASK [all_servers : Notify] ****************************************************
ok: [154.223.188.192] => {
    "msg": "Clearing Nginx Cache for om-fpms_pms_nginx"
}
ok: [119.9.108.4] => {

    "msg": "Clearing Nginx Cache for om-fpms_pms_nginx"
}
ok: [13.75.105.75] => {
    "msg": "Clearing Nginx Cache for om-fpms_pms_nginx"
}


TASK [all_servers : Copying clear_nginxcache.sh to remote hosts] ***************
ok: [154.223.188.192]
ok: [13.75.105.75]
ok: [119.9.108.4]


TASK [all_servers : Nginx Clear Cache] *****************************************
changed: [154.223.188.192]
changed: [13.75.105.75]
changed: [119.9.108.4]


TASK [all_servers : debug] *****************************************************
ok: [154.223.188.192] => {
    "script_result.stdout_lines": [
        "-----------------------------------------------------------", 

        "|                 Checking Nginx Config                   |", 
        "-----------------------------------------------------------", 
        "", 
        " nginx -t ", 
        "", 

        "-----------------------------------------------------------", 
        "|                 Stopping Nginx Process                  |", 
        "-----------------------------------------------------------", 
        "", 
        " /usr/bin/killall -9 nginx ", 

        "", 
        "-----------------------------------------------------------", 
        "|                 Clearing Proxy Cache                    |", 
        "-----------------------------------------------------------", 
        "", 

        " /bin/rm -rf /tmp/nginx_cache ", 
        "", 
        "-----------------------------------------------------------", 
        "|                Restarting Nginx Process                 |", 
        "-----------------------------------------------------------", 

        "root     28715  0.0  0.0 106084  1404 ?        S    10:45   0:00 /bin/bash /bak/bin/clear_nginxcache.sh", 
        "root     28725  0.0  1.1 321284 22036 ?        Ss   10:45   0:00 nginx: master process /usr/local/nginx/sbin/nginx", 
        "nobody   28726  0.0  1.3 325536 26456 ?        S    10:45   0:00 nginx: worker process      ", 
        "nobody   28728  0.0  1.3 325536 26456 ?        S    10:45   0:00 nginx: worker process      ", 
        "nobody   28729  0.0  1.3 325536 26456 ?        S    10:45   0:00 nginx: worker process      ", 

        "nobody   28730  0.0  1.3 325536 26456 ?        S    10:45   0:00 nginx: worker process      ", 
        "nobody   28731  0.0  1.1 321284 22436 ?        S    10:45   0:00 nginx: cache manager process", 
        "nobody   28732  0.0  1.1 321284 22392 ?        S    10:45   0:00 nginx: cache loader process", 
        "root     28742  0.0  0.0 103260   852 ?        S    10:45   0:00 grep nginx", 
        "             total       used       free     shared    buffers     cached", 

        "Mem:          1877       1709        167          0        165        432", 
        "-/+ buffers/cache:       1111        765", 
        "Swap:         2047        513       1534", 
        "-----------------------------------------------------------", 
        "|                     Reload SUCCESS!                     |", 

        "-----------------------------------------------------------"
    ]
}
ok: [119.9.108.4] => {
    "script_result.stdout_lines": [

        "-----------------------------------------------------------", 
        "|                 Checking Nginx Config                   |", 
        "-----------------------------------------------------------", 
        "", 
        " nginx -t ", 

        "", 
        "-----------------------------------------------------------", 
        "|                 Stopping Nginx Process                  |", 
        "-----------------------------------------------------------", 
        "", 

        " /usr/bin/killall -9 nginx ", 
        "", 
        "-----------------------------------------------------------", 
        "|                 Clearing Proxy Cache                    |", 
        "-----------------------------------------------------------", 

        "", 
        " /bin/rm -rf /tmp/nginx_cache ", 
        "", 
        "-----------------------------------------------------------", 
        "|                Restarting Nginx Process                 |", 

        "-----------------------------------------------------------", 
        "root     27057  0.3  0.0 106080  1428 ?        S    10:45   0:00 /bin/bash /bak/bin/clear_nginxcache.sh", 
        "root     27177  0.0  1.0 312520 21988 ?        Ss   10:45   0:00 nginx: master process /usr/local/nginx/sbin/nginx", 
        "nobody   27179  7.3  1.3 318484 28668 ?        S    10:45   0:00 nginx: worker process      ", 
        "nobody   27180  6.6  1.3 318836 28412 ?        S    10:45   0:00 nginx: worker process      ", 

        "nobody   27181  6.6  1.3 318824 28484 ?        S    10:45   0:00 nginx: worker process      ", 
        "nobody   27182  9.3  1.4 318880 28752 ?        S    10:45   0:00 nginx: worker process      ", 
        "nobody   27183  0.0  1.0 312520 22320 ?        S    10:45   0:00 nginx: cache manager process", 
        "nobody   27184  0.0  1.0 312520 22268 ?        S    10:45   0:00 nginx: cache loader process", 
        "root     27285  0.0  0.0 103320   884 ?        S    10:45   0:00 grep nginx", 

        "             total       used       free     shared    buffers     cached", 
        "Mem:          2000       1839        161          1        218       1202", 
        "-/+ buffers/cache:        417       1582", 
        "Swap:            0          0          0", 
        "-----------------------------------------------------------", 

        "|                     Reload SUCCESS!                     |", 
        "-----------------------------------------------------------"
    ]
}
ok: [13.75.105.75] => {

    "script_result.stdout_lines": [
        "-----------------------------------------------------------", 
        "|                 Checking Nginx Config                   |", 
        "-----------------------------------------------------------", 
        "", 

        " nginx -t ", 
        "", 
        "-----------------------------------------------------------", 
        "|                 Stopping Nginx Process                  |", 
        "-----------------------------------------------------------", 

        "", 
        " /usr/bin/killall -9 nginx ", 
        "", 
        "-----------------------------------------------------------", 
        "|                 Clearing Proxy Cache                    |", 

        "-----------------------------------------------------------", 
        "", 
        " /bin/rm -rf /tmp/nginx_cache ", 
        "", 
        "-----------------------------------------------------------", 

        "|                Restarting Nginx Process                 |", 
        "-----------------------------------------------------------", 
        "root       4209  0.0  0.0 107464  1996 ?        Ss    2019   0:00 /sbin/dhclient -q -lf /var/lib/dhclient/dhclient--eth0.lease -pf /var/run/dhclient-eth0.pid -H om-fpms-pms-nginx eth0", 
        "root      39736  1.0  0.0 113180  1500 ?        S    10:45   0:00 /bin/bash /bak/bin/clear_nginxcache.sh", 
        "root      39747  0.0  0.5 315640 22088 ?        Ss   10:45   0:00 nginx: master process /usr/local/nginx/sbin/nginx", 

        "nobody    39749  6.0  0.7 324872 29276 ?        S    10:45   0:00 nginx: worker process", 
        "nobody    39750  5.5  0.7 323204 29208 ?        S    10:45   0:00 nginx: worker process", 
        "nobody    39751  6.0  0.7 323160 29436 ?        S    10:45   0:00 nginx: worker process", 
        "nobody    39752  6.5  0.7 324208 29408 ?        S    10:45   0:00 nginx: worker process", 
        "nobody    39753  0.0  0.5 317724 22576 ?        S    10:45   0:00 nginx: cache manager process", 

        "nobody    39754  0.0  0.5 317724 22576 ?        S    10:45   0:00 nginx: cache loader process", 
        "root      39762  0.0  0.0 112712   960 ?        S    10:45   0:00 grep nginx", 
        "              total        used        free      shared  buff/cache   available", 
        "Mem:           3932         475         203         198        3253        2899", 
        "Swap:             0           0           0", 

        "-----------------------------------------------------------", 
        "|                     Reload SUCCESS!                     |", 
        "-----------------------------------------------------------"
    ]
}


PLAY [127.0.0.1] ***************************************************************

TASK [sync_to_git : Synchronizing Nginx To GIT] ********************************
changed: [127.0.0.1]


TASK [sync_to_git : debug] *****************************************************
ok: [127.0.0.1] => {
    "msg": " [u'[master 5ba3575] leriza.muralla', u' 1 file changed, 4 insertions(+)', u'Branch master set up to track remote branch master from origin.']"
}


PLAY [om-fpms_pms_nginx] *******************************************************

PLAY [127.0.0.1] ***************************************************************


PLAY RECAP *********************************************************************
119.9.108.4                : ok=12   changed=2    unreachable=0    failed=0    skipped=0    rescued=0    ignored=0   
127.0.0.1                  : ok=2    changed=1    unreachable=0    failed=0    skipped=0    rescued=0    ignored=0   
13.75.105.75               : ok=10   changed=2    unreachable=0    failed=0    skipped=2    rescued=0    ignored=0   
154.223.188.192            : ok=12   changed=2    unreachable=0    failed=0    skipped=0    rescued=0    ignored=0   



ESYNC_WORKER1_COMMAND_END
MAX RETRIES EXECUTED, COMMAND NOT RESPONDING