ESYNC_WORKER1_COMMAND_START
[WARNING]: Invalid characters were found in group names but not replaced, use
-vvvv to see details

PLAY [om-fpms_pms_nginx] *******************************************************


TASK [Gathering Facts] *********************************************************
ok: [18.167.123.144]
ok: [13.75.105.75]
ok: [119.9.108.4]


TASK [nginx_sync : Change python interpreter] **********************************
ok: [119.9.108.4]
skipping: [13.75.105.75]
skipping: [18.167.123.144]


TASK [nginx_sync : change python interpreter] **********************************
ok: [119.9.108.4]
skipping: [13.75.105.75]
skipping: [18.167.123.144]


TASK [nginx_sync : Notify] *****************************************************
ok: [119.9.108.4] => {
    "msg": "Syncing om-fpms_pms_nginx"
}
ok: [13.75.105.75] => {

    "msg": "Syncing om-fpms_pms_nginx"
}
ok: [18.167.123.144] => {
    "msg": "Syncing om-fpms_pms_nginx"
}


TASK [nginx_sync : include_vars] ***********************************************
ok: [119.9.108.4]
ok: [13.75.105.75]
ok: [18.167.123.144]


TASK [nginx_sync : Synchronizing Nginx] ****************************************
ok: [18.167.123.144] => (item=conf)
ok: [13.75.105.75] => (item=conf)
ok: [119.9.108.4] => (item=conf)

changed: [18.167.123.144] => (item=conf.d)
changed: [13.75.105.75] => (item=conf.d)
changed: [119.9.108.4] => (item=conf.d)
ok: [18.167.123.144] => (item=data)
ok: [13.75.105.75] => (item=data)

ok: [119.9.108.4] => (item=data)
ok: [18.167.123.144] => (item=html)
ok: [13.75.105.75] => (item=html)
ok: [119.9.108.4] => (item=html)


TASK [nginx_sync : Set HTML Dir to root] ***************************************
ok: [18.167.123.144]
ok: [13.75.105.75]
ok: [119.9.108.4]


TASK [all_servers : include_vars] **********************************************
ok: [119.9.108.4]
ok: [13.75.105.75]
ok: [18.167.123.144]


TASK [all_servers : Notify] ****************************************************
ok: [119.9.108.4] => {
    "msg": "Clearing Nginx Cache for om-fpms_pms_nginx"
}
ok: [13.75.105.75] => {

    "msg": "Clearing Nginx Cache for om-fpms_pms_nginx"
}
ok: [18.167.123.144] => {
    "msg": "Clearing Nginx Cache for om-fpms_pms_nginx"
}


TASK [all_servers : Copying clear_nginxcache.sh to remote hosts] ***************
ok: [18.167.123.144]
ok: [13.75.105.75]
ok: [119.9.108.4]


TASK [all_servers : Nginx Clear Cache] *****************************************
changed: [18.167.123.144]
changed: [13.75.105.75]
changed: [119.9.108.4]


TASK [all_servers : debug] *****************************************************
ok: [119.9.108.4] => {
    "script_result.stdout_lines": [
        "-----------------------------------------------------------", 

        "|                 Checking Nginx Config                   |", 
        "-----------------------------------------------------------", 
        "", 
        " nginx -t ", 
        "", 

        "-----------------------------------------------------------", 
        "|                 Stopping Nginx Process                  |", 
        "-----------------------------------------------------------", 
        "", 
        " /usr/bin/killall -9 nginx ", 

        "", 
        "-----------------------------------------------------------", 
        "|                 Clearing Proxy Cache                    |", 
        "-----------------------------------------------------------", 
        "", 

        " /bin/rm -rf /tmp/nginx_cache ", 
        "", 
        "-----------------------------------------------------------", 
        "|                Restarting Nginx Process                 |", 
        "-----------------------------------------------------------", 

        "root      7921  0.0  0.5  17288 10880 ?        Sl    2020 146:12 ./nginx-vts-exporter -nginx.scrape_uri http://localhost:8088/status/format/json", 
        "root     29827  0.4  0.0 106080  1424 ?        S    22:43   0:00 /bin/bash /bak/bin/clear_nginxcache.sh", 
        "root     29837  0.0  1.1 316904 24172 ?        Ss   22:43   0:00 nginx: master process /usr/local/nginx/sbin/nginx", 
        "nobody   29839  2.5  1.4 319240 29340 ?        S    22:43   0:00 nginx: worker process      ", 
        "nobody   29840  2.5  1.4 319104 29052 ?        S    22:43   0:00 nginx: worker process      ", 

        "nobody   29841  2.5  1.4 319104 29068 ?        S    22:43   0:00 nginx: worker process      ", 
        "nobody   29842  2.0  1.4 319104 29076 ?        S    22:43   0:00 nginx: worker process      ", 
        "nobody   29843  0.0  1.1 316904 24500 ?        S    22:43   0:00 nginx: cache manager process", 
        "nobody   29844  0.0  1.1 316904 24456 ?        S    22:43   0:00 nginx: cache loader process", 
        "root     29846  0.0  0.0 103324   888 ?        S    22:43   0:00 grep nginx", 

        "             total       used       free     shared    buffers     cached", 
        "Mem:          2000       1649        351          1        150        877", 
        "-/+ buffers/cache:        621       1379", 
        "Swap:            0          0          0", 
        "-----------------------------------------------------------", 

        "|                     Reload SUCCESS!                     |", 
        "-----------------------------------------------------------"
    ]
}
ok: [13.75.105.75] => {

    "script_result.stdout_lines": [
        "-----------------------------------------------------------", 
        "|                 Checking Nginx Config                   |", 
        "-----------------------------------------------------------", 
        "", 

        " nginx -t ", 
        "", 
        "-----------------------------------------------------------", 
        "|                 Stopping Nginx Process                  |", 
        "-----------------------------------------------------------", 

        "", 
        " /usr/bin/killall -9 nginx ", 
        "", 
        "-----------------------------------------------------------", 
        "|                 Clearing Proxy Cache                    |", 

        "-----------------------------------------------------------", 
        "", 
        " /bin/rm -rf /tmp/nginx_cache ", 
        "", 
        "-----------------------------------------------------------", 

        "|                Restarting Nginx Process                 |", 
        "-----------------------------------------------------------", 
        "root       4209  0.0  0.0 107464  2068 ?        Ss    2019   0:00 /sbin/dhclient -q -lf /var/lib/dhclient/dhclient--eth0.lease -pf /var/run/dhclient-eth0.pid -H om-fpms-pms-nginx eth0", 
        "root      59925  0.8  0.0 113180  1500 ?        S    22:43   0:00 /bin/bash /bak/bin/clear_nginxcache.sh", 
        "root      59937  0.0  0.5 317880 23056 ?        Ss   22:43   0:00 nginx: master process /usr/local/nginx/sbin/nginx", 

        "nobody    59938  2.5  0.7 324612 30136 ?        S    22:43   0:00 nginx: worker process", 
        "nobody    59940  2.5  0.7 325036 30364 ?        S    22:43   0:00 nginx: worker process", 
        "nobody    59941  3.5  0.7 325040 30352 ?        S    22:43   0:00 nginx: worker process", 
        "nobody    59942  2.0  0.7 324824 29884 ?        S    22:43   0:00 nginx: worker process", 
        "nobody    59943  0.0  0.5 319964 23552 ?        S    22:43   0:00 nginx: cache manager process", 

        "nobody    59944  0.0  0.5 319964 23552 ?        S    22:43   0:00 nginx: cache loader process", 
        "root      59949  0.0  0.0 112712   960 ?        S    22:43   0:00 grep nginx", 
        "root     127501  0.0  0.2  17340 10600 ?        Sl    2020 103:26 ./nginx-vts-exporter -nginx.scrape_uri http://localhost:8088/status/format/json", 
        "              total        used        free      shared  buff/cache   available", 
        "Mem:           3932         465         399         194        3066        2904", 

        "Swap:             0           0           0", 
        "-----------------------------------------------------------", 
        "|                     Reload SUCCESS!                     |", 
        "-----------------------------------------------------------"
    ]

}
ok: [18.167.123.144] => {
    "script_result.stdout_lines": [
        "-----------------------------------------------------------", 
        "|                 Checking Nginx Config                   |", 

        "-----------------------------------------------------------", 
        "", 
        " nginx -t ", 
        "", 
        "-----------------------------------------------------------", 

        "|                 Stopping Nginx Process                  |", 
        "-----------------------------------------------------------", 
        "", 
        " /usr/bin/killall -9 nginx ", 
        "", 

        "-----------------------------------------------------------", 
        "|                 Clearing Proxy Cache                    |", 
        "-----------------------------------------------------------", 
        "", 
        " /bin/rm -rf /tmp/nginx_cache ", 

        "", 
        "-----------------------------------------------------------", 
        "|                Restarting Nginx Process                 |", 
        "-----------------------------------------------------------", 
        "root       850  0.0  0.0 102940  2796 ?        Ss   Mar10   0:00 /sbin/dhclient -1 -q -lf /var/lib/dhclient/dhclient--ens5.lease -pf /var/run/dhclient-ens5.pid -H om-fpms_pms_nginx1 ens5", 

        "root     11995  0.8  0.0 113288  1484 ?        S    22:43   0:00 /bin/bash /bak/bin/clear_nginxcache.sh", 
        "root     12006  0.0  0.6 317688 22916 ?        Ss   22:43   0:00 nginx: master process /usr/local/nginx/sbin/nginx", 
        "nobody   12007  0.0  0.7 321940 27256 ?        S    22:43   0:00 nginx: worker process", 
        "nobody   12009  0.0  0.7 321940 27256 ?        S    22:43   0:00 nginx: worker process", 
        "nobody   12010  0.0  0.7 321940 27256 ?        S    22:43   0:00 nginx: worker process", 

        "nobody   12011  0.0  0.7 321940 27256 ?        S    22:43   0:00 nginx: worker process", 
        "nobody   12012  0.0  0.6 317688 23304 ?        S    22:43   0:00 nginx: cache manager process", 
        "nobody   12013  0.0  0.6 317688 23304 ?        S    22:43   0:00 nginx: cache loader process", 
        "root     12015  0.0  0.0 112816   948 ?        S    22:43   0:00 grep nginx", 
        "              total        used        free      shared  buff/cache   available", 

        "Mem:           3729         373        2554          50         800        3061", 
        "Swap:             0           0           0", 
        "-----------------------------------------------------------", 
        "|                     Reload SUCCESS!                     |", 
        "-----------------------------------------------------------"

    ]
}

PLAY [127.0.0.1] ***************************************************************


TASK [sync_to_git : Synchronizing Nginx To GIT] ********************************
changed: [127.0.0.1]

TASK [sync_to_git : debug] *****************************************************
ok: [127.0.0.1] => {

    "msg": " [u'[master 3bcbbca] leriza.muralla', u' 1 file changed, 3 insertions(+)', u'Branch master set up to track remote branch master from origin.']"
}

PLAY [om-fpms_pms_nginx] *******************************************************


PLAY [127.0.0.1] ***************************************************************

PLAY RECAP *********************************************************************
119.9.108.4                : ok=12   changed=2    unreachable=0    failed=0    skipped=0    rescued=0    ignored=0   
127.0.0.1                  : ok=2    changed=1    unreachable=0    failed=0    skipped=0    rescued=0    ignored=0   

13.75.105.75               : ok=10   changed=2    unreachable=0    failed=0    skipped=2    rescued=0    ignored=0   
18.167.123.144             : ok=10   changed=2    unreachable=0    failed=0    skipped=2    rescued=0    ignored=0   


ESYNC_WORKER1_COMMAND_END
MAX RETRIES EXECUTED, COMMAND NOT RESPONDING