ESYNC_WORKER1_COMMAND_START
 [WARNING]: Invalid characters were found in group names but not replaced, use
-vvvv to see details

PLAY [om-fpms_pms_nginx] *******************************************************


TASK [Gathering Facts] *********************************************************
ok: [13.75.105.75]
ok: [119.9.108.4]
ok: [154.223.188.192]


TASK [nginx_sync : Change python interpreter] **********************************
ok: [154.223.188.192]
ok: [119.9.108.4]
skipping: [13.75.105.75]


TASK [nginx_sync : change python interpreter] **********************************
ok: [154.223.188.192]
ok: [119.9.108.4]
skipping: [13.75.105.75]


TASK [nginx_sync : Notify] *****************************************************
ok: [154.223.188.192] => {
    "msg": "Syncing om-fpms_pms_nginx"
}
ok: [119.9.108.4] => {

    "msg": "Syncing om-fpms_pms_nginx"
}
ok: [13.75.105.75] => {
    "msg": "Syncing om-fpms_pms_nginx"
}


TASK [nginx_sync : include_vars] ***********************************************
ok: [154.223.188.192]
ok: [119.9.108.4]
ok: [13.75.105.75]


TASK [nginx_sync : Synchronizing Nginx] ****************************************
ok: [13.75.105.75] => (item=conf)
ok: [119.9.108.4] => (item=conf)
ok: [154.223.188.192] => (item=conf)

ok: [13.75.105.75] => (item=conf.d)
ok: [154.223.188.192] => (item=conf.d)
ok: [119.9.108.4] => (item=conf.d)
ok: [13.75.105.75] => (item=data)
ok: [154.223.188.192] => (item=data)

ok: [119.9.108.4] => (item=data)
ok: [13.75.105.75] => (item=html)
ok: [154.223.188.192] => (item=html)
ok: [119.9.108.4] => (item=html)


TASK [nginx_sync : Set HTML Dir to root] ***************************************
ok: [13.75.105.75]
ok: [119.9.108.4]
ok: [154.223.188.192]


TASK [all_servers : include_vars] **********************************************
ok: [154.223.188.192]
ok: [119.9.108.4]
ok: [13.75.105.75]


TASK [all_servers : Notify] ****************************************************
ok: [154.223.188.192] => {
    "msg": "Clearing Nginx Cache for om-fpms_pms_nginx"
}
ok: [119.9.108.4] => {

    "msg": "Clearing Nginx Cache for om-fpms_pms_nginx"
}
ok: [13.75.105.75] => {
    "msg": "Clearing Nginx Cache for om-fpms_pms_nginx"
}


TASK [all_servers : Copying clear_nginxcache.sh to remote hosts] ***************
ok: [13.75.105.75]
ok: [154.223.188.192]
ok: [119.9.108.4]


TASK [all_servers : Nginx Clear Cache] *****************************************
changed: [13.75.105.75]
changed: [154.223.188.192]
changed: [119.9.108.4]


TASK [all_servers : debug] *****************************************************
ok: [154.223.188.192] => {
    "script_result.stdout_lines": [
        "-----------------------------------------------------------", 

        "|                 Checking Nginx Config                   |", 
        "-----------------------------------------------------------", 
        "", 
        " nginx -t ", 
        "", 

        "-----------------------------------------------------------", 
        "|                 Stopping Nginx Process                  |", 
        "-----------------------------------------------------------", 
        "", 
        " /usr/bin/killall -9 nginx ", 

        "", 
        "-----------------------------------------------------------", 
        "|                 Clearing Proxy Cache                    |", 
        "-----------------------------------------------------------", 
        "", 

        " /bin/rm -rf /tmp/nginx_cache ", 
        "", 
        "-----------------------------------------------------------", 
        "|                Restarting Nginx Process                 |", 
        "-----------------------------------------------------------", 

        "root     16528  0.0  0.0 106084  1404 ?        S    16:02   0:00 /bin/bash /bak/bin/clear_nginxcache.sh", 
        "root     16534  0.0  1.1 321300 22052 ?        Ss   16:02   0:00 nginx: master process /usr/local/nginx/sbin/nginx", 
        "nobody   16535  0.0  1.3 325552 26472 ?        S    16:02   0:00 nginx: worker process      ", 
        "nobody   16537  0.0  1.3 325552 26472 ?        S    16:02   0:00 nginx: worker process      ", 
        "nobody   16538  0.0  1.3 325552 26472 ?        S    16:02   0:00 nginx: worker process      ", 

        "nobody   16539  0.0  1.3 325552 26472 ?        S    16:02   0:00 nginx: worker process      ", 
        "nobody   16540  0.0  1.1 321300 22452 ?        S    16:02   0:00 nginx: cache manager process", 
        "nobody   16541  0.0  1.1 321300 22408 ?        S    16:02   0:00 nginx: cache loader process", 
        "root     16543  0.0  0.0 103264   856 ?        S    16:02   0:00 grep nginx", 
        "             total       used       free     shared    buffers     cached", 

        "Mem:          1877       1700        176          0        142        201", 
        "-/+ buffers/cache:       1356        520", 
        "Swap:         2047        530       1517", 
        "-----------------------------------------------------------", 
        "|                     Reload SUCCESS!                     |", 

        "-----------------------------------------------------------"
    ]
}
ok: [119.9.108.4] => {
    "script_result.stdout_lines": [

        "-----------------------------------------------------------", 
        "|                 Checking Nginx Config                   |", 
        "-----------------------------------------------------------", 
        "", 
        " nginx -t ", 

        "", 
        "-----------------------------------------------------------", 
        "|                 Stopping Nginx Process                  |", 
        "-----------------------------------------------------------", 
        "", 

        " /usr/bin/killall -9 nginx ", 
        "", 
        "-----------------------------------------------------------", 
        "|                 Clearing Proxy Cache                    |", 
        "-----------------------------------------------------------", 

        "", 
        " /bin/rm -rf /tmp/nginx_cache ", 
        "", 
        "-----------------------------------------------------------", 
        "|                Restarting Nginx Process                 |", 

        "-----------------------------------------------------------", 
        "root      4174  0.3  0.0 106080  1424 ?        S    16:02   0:00 /bin/bash /bak/bin/clear_nginxcache.sh", 
        "root      4184  0.0  1.0 312520 22000 ?        Ss   16:02   0:00 nginx: master process /usr/local/nginx/sbin/nginx", 
        "nobody    4186  0.3  1.3 316772 27664 ?        S    16:02   0:00 nginx: worker process      ", 
        "nobody    4187  0.6  1.3 316772 27628 ?        S    16:02   0:00 nginx: worker process      ", 

        "nobody    4188  0.6  1.3 316772 27636 ?        S    16:02   0:00 nginx: worker process      ", 
        "nobody    4189  0.3  1.3 316772 27616 ?        S    16:02   0:00 nginx: worker process      ", 
        "nobody    4190  0.0  1.0 312520 22328 ?        S    16:02   0:00 nginx: cache manager process", 
        "nobody    4191  0.0  1.0 312520 22280 ?        S    16:02   0:00 nginx: cache loader process", 
        "root      4193  0.0  0.0 103320   884 ?        S    16:02   0:00 grep nginx", 

        "             total       used       free     shared    buffers     cached", 
        "Mem:          2000       1847        153          1        271        892", 
        "-/+ buffers/cache:        683       1316", 
        "Swap:            0          0          0", 
        "-----------------------------------------------------------", 

        "|                     Reload SUCCESS!                     |", 
        "-----------------------------------------------------------"
    ]
}
ok: [13.75.105.75] => {

    "script_result.stdout_lines": [
        "-----------------------------------------------------------", 
        "|                 Checking Nginx Config                   |", 
        "-----------------------------------------------------------", 
        "", 

        " nginx -t ", 
        "", 
        "-----------------------------------------------------------", 
        "|                 Stopping Nginx Process                  |", 
        "-----------------------------------------------------------", 

        "", 
        " /usr/bin/killall -9 nginx ", 
        "", 
        "-----------------------------------------------------------", 
        "|                 Clearing Proxy Cache                    |", 

        "-----------------------------------------------------------", 
        "", 
        " /bin/rm -rf /tmp/nginx_cache ", 
        "", 
        "-----------------------------------------------------------", 

        "|                Restarting Nginx Process                 |", 
        "-----------------------------------------------------------", 
        "root       4209  0.0  0.0 107464  2092 ?        Ss    2019   0:00 /sbin/dhclient -q -lf /var/lib/dhclient/dhclient--eth0.lease -pf /var/run/dhclient-eth0.pid -H om-fpms-pms-nginx eth0", 
        "root      45874  0.0  0.1 151556  5332 pts/1    S+   15:52   0:00 vim /usr/local/nginx/conf.d/global/whitelist_map2.conf", 
        "root      49010  1.0  0.0 113180  1500 ?        S    16:02   0:00 /bin/bash /bak/bin/clear_nginxcache.sh", 

        "root      49025  0.0  0.5 315660 22112 ?        Ss   16:02   0:00 nginx: master process /usr/local/nginx/sbin/nginx", 
        "nobody    49027  0.5  0.7 321996 28256 ?        S    16:02   0:00 nginx: worker process", 
        "nobody    49028  0.5  0.7 321996 28504 ?        S    16:02   0:00 nginx: worker process", 
        "nobody    49029  0.5  0.7 321996 28256 ?        S    16:02   0:00 nginx: worker process", 
        "nobody    49030  0.5  0.7 322412 28472 ?        S    16:02   0:00 nginx: worker process", 

        "nobody    49031  0.0  0.5 317744 22848 ?        S    16:02   0:00 nginx: cache manager process", 
        "nobody    49032  0.0  0.5 317744 22604 ?        S    16:02   0:00 nginx: cache loader process", 
        "root      49035  0.0  0.0 112712   960 ?        S    16:02   0:00 grep nginx", 
        "              total        used        free      shared  buff/cache   available", 
        "Mem:           3932         437         216         190        3278        2948", 

        "Swap:             0           0           0", 
        "-----------------------------------------------------------", 
        "|                     Reload SUCCESS!                     |", 
        "-----------------------------------------------------------"
    ]

}

PLAY [127.0.0.1] ***************************************************************

TASK [sync_to_git : Synchronizing Nginx To GIT] ********************************

changed: [127.0.0.1]

TASK [sync_to_git : debug] *****************************************************
ok: [127.0.0.1] => {
    "msg": " [u'# On branch master', u'# Changes not staged for commit:', u'#   (use \"git add/rm <file>...\" to update what will be committed)', u'#   (use \"git checkout -- <file>...\" to discard changes in working directory)', u'#', u'#\\tdeleted:    nginx/conf.d/other/v68-prod-test.conf', u'#', u'no changes added to commit (use \"git add\" and/or \"git commit -a\")', u'Branch master set up to track remote branch master from origin.']"

}

PLAY [om-fpms_pms_nginx] *******************************************************

PLAY [127.0.0.1] ***************************************************************


PLAY RECAP *********************************************************************
119.9.108.4                : ok=12   changed=1    unreachable=0    failed=0    skipped=0    rescued=0    ignored=0   
127.0.0.1                  : ok=2    changed=1    unreachable=0    failed=0    skipped=0    rescued=0    ignored=0   
13.75.105.75               : ok=10   changed=1    unreachable=0    failed=0    skipped=2    rescued=0    ignored=0   

154.223.188.192            : ok=12   changed=1    unreachable=0    failed=0    skipped=0    rescued=0    ignored=0   


ESYNC_WORKER1_COMMAND_END
MAX RETRIES EXECUTED, COMMAND NOT RESPONDING