ESYNC_WORKER1_COMMAND_START
 [WARNING]: Invalid characters were found in group names but not replaced, use
-vvvv to see details

PLAY [om-fpms_pms_nginx] *******************************************************


TASK [Gathering Facts] *********************************************************
ok: [154.223.188.192]
ok: [13.75.105.75]
ok: [119.9.108.4]


TASK [nginx_sync : Change python interpreter] **********************************
ok: [154.223.188.192]
ok: [119.9.108.4]
skipping: [13.75.105.75]


TASK [nginx_sync : change python interpreter] **********************************
ok: [154.223.188.192]
ok: [119.9.108.4]
skipping: [13.75.105.75]


TASK [nginx_sync : Notify] *****************************************************
ok: [154.223.188.192] => {
    "msg": "Syncing om-fpms_pms_nginx"
}
ok: [119.9.108.4] => {

    "msg": "Syncing om-fpms_pms_nginx"
}
ok: [13.75.105.75] => {
    "msg": "Syncing om-fpms_pms_nginx"
}


TASK [nginx_sync : include_vars] ***********************************************
ok: [154.223.188.192]
ok: [119.9.108.4]
ok: [13.75.105.75]


TASK [nginx_sync : Synchronizing Nginx] ****************************************
ok: [154.223.188.192] => (item=conf)
ok: [13.75.105.75] => (item=conf)
ok: [119.9.108.4] => (item=conf)

changed: [13.75.105.75] => (item=conf.d)
changed: [154.223.188.192] => (item=conf.d)
changed: [119.9.108.4] => (item=conf.d)
ok: [13.75.105.75] => (item=data)
ok: [154.223.188.192] => (item=data)

ok: [119.9.108.4] => (item=data)
ok: [13.75.105.75] => (item=html)
ok: [154.223.188.192] => (item=html)
ok: [119.9.108.4] => (item=html)


TASK [nginx_sync : Set HTML Dir to root] ***************************************
ok: [13.75.105.75]
ok: [119.9.108.4]
ok: [154.223.188.192]


TASK [all_servers : include_vars] **********************************************
ok: [154.223.188.192]
ok: [119.9.108.4]
ok: [13.75.105.75]


TASK [all_servers : Notify] ****************************************************
ok: [154.223.188.192] => {
    "msg": "Clearing Nginx Cache for om-fpms_pms_nginx"
}
ok: [119.9.108.4] => {

    "msg": "Clearing Nginx Cache for om-fpms_pms_nginx"
}
ok: [13.75.105.75] => {
    "msg": "Clearing Nginx Cache for om-fpms_pms_nginx"
}


TASK [all_servers : Copying clear_nginxcache.sh to remote hosts] ***************
ok: [154.223.188.192]
ok: [13.75.105.75]
ok: [119.9.108.4]


TASK [all_servers : Nginx Clear Cache] *****************************************
changed: [13.75.105.75]
changed: [154.223.188.192]
changed: [119.9.108.4]


TASK [all_servers : debug] *****************************************************
ok: [154.223.188.192] => {
    "script_result.stdout_lines": [
        "-----------------------------------------------------------", 

        "|                 Checking Nginx Config                   |", 
        "-----------------------------------------------------------", 
        "", 
        " nginx -t ", 
        "", 

        "-----------------------------------------------------------", 
        "|                 Stopping Nginx Process                  |", 
        "-----------------------------------------------------------", 
        "", 
        " /usr/bin/killall -9 nginx ", 

        "", 
        "-----------------------------------------------------------", 
        "|                 Clearing Proxy Cache                    |", 
        "-----------------------------------------------------------", 
        "", 

        " /bin/rm -rf /tmp/nginx_cache ", 
        "", 
        "-----------------------------------------------------------", 
        "|                Restarting Nginx Process                 |", 
        "-----------------------------------------------------------", 

        "root     25449  0.0  0.0 106084  1400 ?        S    14:07   0:00 /bin/bash /bak/bin/clear_nginxcache.sh", 
        "root     25459  0.0  1.1 321284 22036 ?        Ss   14:07   0:00 nginx: master process /usr/local/nginx/sbin/nginx", 
        "nobody   25460  0.0  1.3 325536 26456 ?        S    14:07   0:00 nginx: worker process      ", 
        "nobody   25462  0.0  1.3 325536 26456 ?        S    14:07   0:00 nginx: worker process      ", 
        "nobody   25463  0.0  1.3 325536 26456 ?        S    14:07   0:00 nginx: worker process      ", 

        "nobody   25464  0.0  1.3 325536 26456 ?        S    14:07   0:00 nginx: worker process      ", 
        "nobody   25465  0.0  1.1 321284 22436 ?        S    14:07   0:00 nginx: cache manager process", 
        "nobody   25466  0.0  1.1 321284 22392 ?        S    14:07   0:00 nginx: cache loader process", 
        "root     25468  0.0  0.0 103260   848 ?        S    14:07   0:00 grep nginx", 
        "             total       used       free     shared    buffers     cached", 

        "Mem:          1877       1729        148          0        166        503", 
        "-/+ buffers/cache:       1059        818", 
        "Swap:         2047        510       1537", 
        "-----------------------------------------------------------", 
        "|                     Reload SUCCESS!                     |", 

        "-----------------------------------------------------------"
    ]
}
ok: [119.9.108.4] => {
    "script_result.stdout_lines": [

        "-----------------------------------------------------------", 
        "|                 Checking Nginx Config                   |", 
        "-----------------------------------------------------------", 
        "", 
        " nginx -t ", 

        "", 
        "-----------------------------------------------------------", 
        "|                 Stopping Nginx Process                  |", 
        "-----------------------------------------------------------", 
        "", 

        " /usr/bin/killall -9 nginx ", 
        "", 
        "-----------------------------------------------------------", 
        "|                 Clearing Proxy Cache                    |", 
        "-----------------------------------------------------------", 

        "", 
        " /bin/rm -rf /tmp/nginx_cache ", 
        "", 
        "-----------------------------------------------------------", 
        "|                Restarting Nginx Process                 |", 

        "-----------------------------------------------------------", 
        "root     22837  0.3  0.0 106080  1428 ?        S    14:07   0:00 /bin/bash /bak/bin/clear_nginxcache.sh", 
        "root     22843  0.0  1.1 314700 23164 ?        Ss   14:07   0:00 nginx: master process /usr/local/nginx/sbin/nginx", 
        "nobody   22845  9.5  1.3 318140 28484 ?        R    14:07   0:00 nginx: worker process      ", 
        "nobody   22846 11.5  1.4 319660 28800 ?        R    14:07   0:00 nginx: worker process      ", 

        "nobody   22847 11.0  1.4 318188 28692 ?        R    14:07   0:00 nginx: worker process      ", 
        "nobody   22848 10.5  1.3 319132 28656 ?        R    14:07   0:00 nginx: worker process      ", 
        "nobody   22849  0.0  1.1 314700 23492 ?        S    14:07   0:00 nginx: cache manager process", 
        "nobody   22850  0.0  1.1 314700 23444 ?        S    14:07   0:00 nginx: cache loader process", 
        "root     22856  0.0  0.0 103320   888 ?        S    14:07   0:00 grep nginx", 

        "             total       used       free     shared    buffers     cached", 
        "Mem:          2000       1881        118          1        216       1245", 
        "-/+ buffers/cache:        419       1580", 
        "Swap:            0          0          0", 
        "-----------------------------------------------------------", 

        "|                     Reload SUCCESS!                     |", 
        "-----------------------------------------------------------"
    ]
}
ok: [13.75.105.75] => {

    "script_result.stdout_lines": [
        "-----------------------------------------------------------", 
        "|                 Checking Nginx Config                   |", 
        "-----------------------------------------------------------", 
        "", 

        " nginx -t ", 
        "", 
        "-----------------------------------------------------------", 
        "|                 Stopping Nginx Process                  |", 
        "-----------------------------------------------------------", 

        "", 
        " /usr/bin/killall -9 nginx ", 
        "", 
        "-----------------------------------------------------------", 
        "|                 Clearing Proxy Cache                    |", 

        "-----------------------------------------------------------", 
        "", 
        " /bin/rm -rf /tmp/nginx_cache ", 
        "", 
        "-----------------------------------------------------------", 

        "|                Restarting Nginx Process                 |", 
        "-----------------------------------------------------------", 
        "root       4209  0.0  0.0 107464  2040 ?        Ss    2019   0:00 /sbin/dhclient -q -lf /var/lib/dhclient/dhclient--eth0.lease -pf /var/run/dhclient-eth0.pid -H om-fpms-pms-nginx eth0", 
        "root      34565  1.0  0.0 113180  1496 ?        S    14:07   0:00 /bin/bash /bak/bin/clear_nginxcache.sh", 
        "root      34576  0.0  0.5 315640 22088 ?        Ss   14:07   0:00 nginx: master process /usr/local/nginx/sbin/nginx", 

        "nobody    34578  4.0  0.7 323064 28980 ?        R    14:07   0:00 nginx: worker process", 
        "nobody    34579  4.0  0.7 323644 28992 ?        R    14:07   0:00 nginx: worker process", 
        "nobody    34580  5.0  0.7 323096 29168 ?        R    14:07   0:00 nginx: worker process", 
        "nobody    34581  4.5  0.7 323440 28868 ?        R    14:07   0:00 nginx: worker process", 
        "nobody    34582  0.0  0.5 317724 22576 ?        S    14:07   0:00 nginx: cache manager process", 

        "nobody    34583  0.0  0.5 317724 22576 ?        S    14:07   0:00 nginx: cache loader process", 
        "root      34591  0.0  0.0 112712   960 ?        S    14:07   0:00 grep nginx", 
        "              total        used        free      shared  buff/cache   available", 
        "Mem:           3932         460         189         198        3282        2917", 
        "Swap:             0           0           0", 

        "-----------------------------------------------------------", 
        "|                     Reload SUCCESS!                     |", 
        "-----------------------------------------------------------"
    ]
}


PLAY [127.0.0.1] ***************************************************************

TASK [sync_to_git : Synchronizing Nginx To GIT] ********************************
changed: [127.0.0.1]


TASK [sync_to_git : debug] *****************************************************
ok: [127.0.0.1] => {
    "msg": " [u'[master 6b2bb94] leriza.muralla', u' 1 file changed, 1 insertion(+)', u'Branch master set up to track remote branch master from origin.']"
}


PLAY [om-fpms_pms_nginx] *******************************************************

PLAY [127.0.0.1] ***************************************************************


PLAY RECAP *********************************************************************
119.9.108.4                : ok=12   changed=2    unreachable=0    failed=0    skipped=0    rescued=0    ignored=0   
127.0.0.1                  : ok=2    changed=1    unreachable=0    failed=0    skipped=0    rescued=0    ignored=0   
13.75.105.75               : ok=10   changed=2    unreachable=0    failed=0    skipped=2    rescued=0    ignored=0   
154.223.188.192            : ok=12   changed=2    unreachable=0    failed=0    skipped=0    rescued=0    ignored=0   



ESYNC_WORKER1_COMMAND_END
MAX RETRIES EXECUTED, COMMAND NOT RESPONDING