ESYNC_WORKER1_COMMAND_START
 [WARNING]: Invalid characters were found in group names but not replaced, use
-vvvv to see details

PLAY [om-fpms_pms_nginx] *******************************************************


TASK [Gathering Facts] *********************************************************
ok: [13.75.105.75]
ok: [119.9.108.4]

TASK [nginx_sync : Change python interpreter] **********************************

ok: [119.9.108.4]
skipping: [13.75.105.75]

TASK [nginx_sync : change python interpreter] **********************************
ok: [119.9.108.4]

skipping: [13.75.105.75]

TASK [nginx_sync : Notify] *****************************************************
ok: [119.9.108.4] => {
    "msg": "Syncing om-fpms_pms_nginx"

}
ok: [13.75.105.75] => {
    "msg": "Syncing om-fpms_pms_nginx"
}


TASK [nginx_sync : include_vars] ***********************************************
ok: [119.9.108.4]
ok: [13.75.105.75]

TASK [nginx_sync : Synchronizing Nginx] ****************************************

ok: [13.75.105.75] => (item=conf)
ok: [119.9.108.4] => (item=conf)
changed: [13.75.105.75] => (item=conf.d)
changed: [119.9.108.4] => (item=conf.d)
ok: [13.75.105.75] => (item=data)

ok: [119.9.108.4] => (item=data)
ok: [13.75.105.75] => (item=html)
ok: [119.9.108.4] => (item=html)

TASK [nginx_sync : Set HTML Dir to root] ***************************************

ok: [13.75.105.75]
ok: [119.9.108.4]

TASK [all_servers : include_vars] **********************************************
ok: [119.9.108.4]

ok: [13.75.105.75]

TASK [all_servers : Notify] ****************************************************
ok: [119.9.108.4] => {
    "msg": "Clearing Nginx Cache for om-fpms_pms_nginx"

}
ok: [13.75.105.75] => {
    "msg": "Clearing Nginx Cache for om-fpms_pms_nginx"
}


TASK [all_servers : Copying clear_nginxcache.sh to remote hosts] ***************
ok: [13.75.105.75]
ok: [119.9.108.4]

TASK [all_servers : Nginx Clear Cache] *****************************************

changed: [13.75.105.75]
changed: [119.9.108.4]

TASK [all_servers : debug] *****************************************************
ok: [119.9.108.4] => {

    "script_result.stdout_lines": [
        "-----------------------------------------------------------", 
        "|                 Checking Nginx Config                   |", 
        "-----------------------------------------------------------", 
        "", 

        " nginx -t ", 
        "", 
        "-----------------------------------------------------------", 
        "|                 Stopping Nginx Process                  |", 
        "-----------------------------------------------------------", 

        "", 
        " /usr/bin/killall -9 nginx ", 
        "", 
        "-----------------------------------------------------------", 
        "|                 Clearing Proxy Cache                    |", 

        "-----------------------------------------------------------", 
        "", 
        " /bin/rm -rf /tmp/nginx_cache ", 
        "", 
        "-----------------------------------------------------------", 

        "|                Restarting Nginx Process                 |", 
        "-----------------------------------------------------------", 
        "root     12679  0.5  0.0 106080  1428 ?        S    17:24   0:00 /bin/bash /bak/bin/clear_nginxcache.sh", 
        "root     12687  0.0  1.0 312552 22040 ?        Ss   17:24   0:00 nginx: master process /usr/local/nginx/sbin/nginx", 
        "nobody   12689  1.0  1.3 316804 27652 ?        S    17:24   0:00 nginx: worker process      ", 

        "nobody   12690  1.0  1.3 316804 27712 ?        S    17:24   0:00 nginx: worker process      ", 
        "nobody   12691  0.5  1.3 316804 27648 ?        S    17:24   0:00 nginx: worker process      ", 
        "nobody   12692  0.5  1.3 316804 27688 ?        S    17:24   0:00 nginx: worker process      ", 
        "nobody   12693  0.0  1.0 312552 22372 ?        S    17:24   0:00 nginx: cache manager process", 
        "nobody   12694  0.0  1.0 312552 22324 ?        S    17:24   0:00 nginx: cache loader process", 

        "root     12696  0.0  0.0 103324   892 ?        S    17:24   0:00 grep nginx", 
        "             total       used       free     shared    buffers     cached", 
        "Mem:          2000       1884        115          1        160       1036", 
        "-/+ buffers/cache:        687       1312", 
        "Swap:            0          0          0", 

        "-----------------------------------------------------------", 
        "|                     Reload SUCCESS!                     |", 
        "-----------------------------------------------------------"
    ]
}

ok: [13.75.105.75] => {
    "script_result.stdout_lines": [
        "-----------------------------------------------------------", 
        "|                 Checking Nginx Config                   |", 
        "-----------------------------------------------------------", 

        "", 
        " nginx -t ", 
        "", 
        "-----------------------------------------------------------", 
        "|                 Stopping Nginx Process                  |", 

        "-----------------------------------------------------------", 
        "", 
        " /usr/bin/killall -9 nginx ", 
        "", 
        "-----------------------------------------------------------", 

        "|                 Clearing Proxy Cache                    |", 
        "-----------------------------------------------------------", 
        "", 
        " /bin/rm -rf /tmp/nginx_cache ", 
        "", 

        "-----------------------------------------------------------", 
        "|                Restarting Nginx Process                 |", 
        "-----------------------------------------------------------", 
        "root       4209  0.0  0.0 107464  2204 ?        Ss    2019   0:00 /sbin/dhclient -q -lf /var/lib/dhclient/dhclient--eth0.lease -pf /var/run/dhclient-eth0.pid -H om-fpms-pms-nginx eth0", 
        "root     107621  1.0  0.0 113180  1496 ?        S    17:24   0:00 /bin/bash /bak/bin/clear_nginxcache.sh", 

        "root     107630  0.0  0.5 315672 22140 ?        Ss   17:24   0:00 nginx: master process /usr/local/nginx/sbin/nginx", 
        "nobody   107632  0.5  0.7 322008 28296 ?        S    17:24   0:00 nginx: worker process", 
        "nobody   107633  0.5  0.7 322008 28308 ?        S    17:24   0:00 nginx: worker process", 
        "nobody   107634  0.5  0.7 322008 28552 ?        S    17:24   0:00 nginx: worker process", 
        "nobody   107635  0.5  0.7 322008 28540 ?        S    17:24   0:00 nginx: worker process", 

        "nobody   107636  0.0  0.5 317756 22628 ?        S    17:24   0:00 nginx: cache manager process", 
        "nobody   107637  0.0  0.5 317756 22628 ?        S    17:24   0:00 nginx: cache loader process", 
        "root     107641  0.0  0.0 112712   956 ?        S    17:24   0:00 grep nginx", 
        "              total        used        free      shared  buff/cache   available", 
        "Mem:           3932         457         191         210        3283        2919", 

        "Swap:             0           0           0", 
        "-----------------------------------------------------------", 
        "|                     Reload SUCCESS!                     |", 
        "-----------------------------------------------------------"
    ]

}

PLAY [127.0.0.1] ***************************************************************

TASK [sync_to_git : Synchronizing Nginx To GIT] ********************************

changed: [127.0.0.1]

TASK [sync_to_git : debug] *****************************************************
ok: [127.0.0.1] => {
    "msg": " [u'[master 2a45de5] leriza.muralla', u' 1 file changed, 16 insertions(+)', u'Branch master set up to track remote branch master from origin.']"

}

PLAY [om-fpms_pms_nginx] *******************************************************

PLAY [127.0.0.1] ***************************************************************


PLAY RECAP *********************************************************************
119.9.108.4                : ok=12   changed=2    unreachable=0    failed=0    skipped=0    rescued=0    ignored=0   
127.0.0.1                  : ok=2    changed=1    unreachable=0    failed=0    skipped=0    rescued=0    ignored=0   
13.75.105.75               : ok=10   changed=2    unreachable=0    failed=0    skipped=2    rescued=0    ignored=0   



ESYNC_WORKER1_COMMAND_END
MAX RETRIES EXECUTED, COMMAND NOT RESPONDING