ESYNC_WORKER1_COMMAND_START
[WARNING]: Invalid characters were found in group names but not replaced, use
-vvvv to see details

PLAY [om-fpms_pms_nginx] *******************************************************


TASK [Gathering Facts] *********************************************************
ok: [13.75.105.75]
ok: [119.9.108.4]

TASK [nginx_sync : Change python interpreter] **********************************

ok: [119.9.108.4]
skipping: [13.75.105.75]

TASK [nginx_sync : change python interpreter] **********************************
ok: [119.9.108.4]

skipping: [13.75.105.75]

TASK [nginx_sync : Notify] *****************************************************
ok: [119.9.108.4] => {
    "msg": "Syncing om-fpms_pms_nginx"

}
ok: [13.75.105.75] => {
    "msg": "Syncing om-fpms_pms_nginx"
}


TASK [nginx_sync : include_vars] ***********************************************
ok: [119.9.108.4]
ok: [13.75.105.75]

TASK [nginx_sync : Synchronizing Nginx] ****************************************

ok: [13.75.105.75] => (item=conf)
ok: [119.9.108.4] => (item=conf)
changed: [13.75.105.75] => (item=conf.d)
changed: [119.9.108.4] => (item=conf.d)
ok: [13.75.105.75] => (item=data)

ok: [119.9.108.4] => (item=data)
ok: [13.75.105.75] => (item=html)
ok: [119.9.108.4] => (item=html)

TASK [nginx_sync : Set HTML Dir to root] ***************************************

ok: [13.75.105.75]
ok: [119.9.108.4]

TASK [all_servers : include_vars] **********************************************
ok: [119.9.108.4]

ok: [13.75.105.75]

TASK [all_servers : Notify] ****************************************************
ok: [119.9.108.4] => {
    "msg": "Clearing Nginx Cache for om-fpms_pms_nginx"

}
ok: [13.75.105.75] => {
    "msg": "Clearing Nginx Cache for om-fpms_pms_nginx"
}


TASK [all_servers : Copying clear_nginxcache.sh to remote hosts] ***************
ok: [13.75.105.75]
ok: [119.9.108.4]

TASK [all_servers : Nginx Clear Cache] *****************************************

changed: [13.75.105.75]
changed: [119.9.108.4]

TASK [all_servers : debug] *****************************************************
ok: [119.9.108.4] => {

    "script_result.stdout_lines": [
        "-----------------------------------------------------------", 
        "|                 Checking Nginx Config                   |", 
        "-----------------------------------------------------------", 
        "", 

        " nginx -t ", 
        "", 
        "-----------------------------------------------------------", 
        "|                 Stopping Nginx Process                  |", 
        "-----------------------------------------------------------", 

        "", 
        " /usr/bin/killall -9 nginx ", 
        "", 
        "-----------------------------------------------------------", 
        "|                 Clearing Proxy Cache                    |", 

        "-----------------------------------------------------------", 
        "", 
        " /bin/rm -rf /tmp/nginx_cache ", 
        "", 
        "-----------------------------------------------------------", 

        "|                Restarting Nginx Process                 |", 
        "-----------------------------------------------------------", 
        "root      5835  0.6  0.0 106080  1424 ?        S    14:20   0:00 /bin/bash /bak/bin/clear_nginxcache.sh", 
        "root      5841  0.0  1.1 314692 22964 ?        Ss   14:20   0:00 nginx: master process /usr/local/nginx/sbin/nginx", 
        "nobody    5842  3.0  1.4 319404 28904 ?        S    14:20   0:00 nginx: worker process      ", 

        "nobody    5844  2.0  1.4 319256 29144 ?        S    14:20   0:00 nginx: worker process      ", 
        "nobody    5845  3.0  1.4 319296 28824 ?        S    14:20   0:00 nginx: worker process      ", 
        "nobody    5846  2.5  1.4 319280 29124 ?        S    14:20   0:00 nginx: worker process      ", 
        "nobody    5847  0.0  1.1 314692 23292 ?        S    14:20   0:00 nginx: cache manager process", 
        "nobody    5848  0.0  1.1 314692 23248 ?        S    14:20   0:00 nginx: cache loader process", 

        "root      5850  0.0  0.0 103320   884 ?        S    14:20   0:00 grep nginx", 
        "root      7921  0.0  0.6  17288 12536 ?        Sl    2020 132:50 ./nginx-vts-exporter -nginx.scrape_uri http://localhost:8088/status/format/json", 
        "             total       used       free     shared    buffers     cached", 
        "Mem:          2000       1836        163          1        149        957", 
        "-/+ buffers/cache:        730       1270", 

        "Swap:            0          0          0", 
        "-----------------------------------------------------------", 
        "|                     Reload SUCCESS!                     |", 
        "-----------------------------------------------------------"
    ]

}
ok: [13.75.105.75] => {
    "script_result.stdout_lines": [
        "-----------------------------------------------------------", 
        "|                 Checking Nginx Config                   |", 

        "-----------------------------------------------------------", 
        "", 
        " nginx -t ", 
        "", 
        "-----------------------------------------------------------", 

        "|                 Stopping Nginx Process                  |", 
        "-----------------------------------------------------------", 
        "", 
        " /usr/bin/killall -9 nginx ", 
        "", 

        "-----------------------------------------------------------", 
        "|                 Clearing Proxy Cache                    |", 
        "-----------------------------------------------------------", 
        "", 
        " /bin/rm -rf /tmp/nginx_cache ", 

        "", 
        "-----------------------------------------------------------", 
        "|                Restarting Nginx Process                 |", 
        "-----------------------------------------------------------", 
        "root       4209  0.0  0.0 107464  2072 ?        Ss    2019   0:00 /sbin/dhclient -q -lf /var/lib/dhclient/dhclient--eth0.lease -pf /var/run/dhclient-eth0.pid -H om-fpms-pms-nginx eth0", 

        "root       9676  0.8  0.0 113180  1500 ?        S    14:20   0:00 /bin/bash /bak/bin/clear_nginxcache.sh", 
        "root       9686  0.0  0.5 317552 23068 ?        Ss   14:20   0:00 nginx: master process /usr/local/nginx/sbin/nginx", 
        "nobody     9688  2.0  0.7 324320 29872 ?        S    14:20   0:00 nginx: worker process", 
        "nobody     9689  1.5  0.7 324076 29620 ?        S    14:20   0:00 nginx: worker process", 
        "nobody     9690  1.5  0.7 324188 30148 ?        S    14:20   0:00 nginx: worker process", 

        "nobody     9691  2.5  0.7 324448 29868 ?        S    14:20   0:00 nginx: worker process", 
        "nobody     9692  0.0  0.5 319636 23560 ?        S    14:20   0:00 nginx: cache manager process", 
        "nobody     9693  0.0  0.5 319636 23560 ?        S    14:20   0:00 nginx: cache loader process", 
        "root       9697  0.0  0.0 112712   960 ?        S    14:20   0:00 grep nginx", 
        "root     127501  0.0  0.2  17340 10588 ?        Sl    2020  94:31 ./nginx-vts-exporter -nginx.scrape_uri http://localhost:8088/status/format/json", 

        "              total        used        free      shared  buff/cache   available", 
        "Mem:           3932         459         220         202        3252        2909", 
        "Swap:             0           0           0", 
        "-----------------------------------------------------------", 
        "|                     Reload SUCCESS!                     |", 

        "-----------------------------------------------------------"
    ]
}

PLAY [127.0.0.1] ***************************************************************


TASK [sync_to_git : Synchronizing Nginx To GIT] ********************************
changed: [127.0.0.1]

TASK [sync_to_git : debug] *****************************************************

ok: [127.0.0.1] => {
    "msg": " [u'[master f3baa46] leriza.muralla', u' 1 file changed, 1 insertion(+)', u'Branch master set up to track remote branch master from origin.']"
}

PLAY [om-fpms_pms_nginx] *******************************************************


PLAY [127.0.0.1] ***************************************************************

PLAY RECAP *********************************************************************
119.9.108.4                : ok=12   changed=2    unreachable=0    failed=0    skipped=0    rescued=0    ignored=0   

127.0.0.1                  : ok=2    changed=1    unreachable=0    failed=0    skipped=0    rescued=0    ignored=0   
13.75.105.75               : ok=10   changed=2    unreachable=0    failed=0    skipped=2    rescued=0    ignored=0   


ESYNC_WORKER1_COMMAND_END
MAX RETRIES EXECUTED, COMMAND NOT RESPONDING