ESYNC_WORKER1_COMMAND_START
 [WARNING]: Invalid characters were found in group names but not replaced, use
-vvvv to see details

PLAY [om-fpms_pms_nginx] *******************************************************


TASK [Gathering Facts] *********************************************************
ok: [154.223.188.192]
ok: [13.75.105.75]
ok: [119.9.108.4]


TASK [nginx_sync : Change python interpreter] **********************************
ok: [154.223.188.192]
ok: [119.9.108.4]
skipping: [13.75.105.75]


TASK [nginx_sync : change python interpreter] **********************************
ok: [154.223.188.192]
ok: [119.9.108.4]
skipping: [13.75.105.75]


TASK [nginx_sync : Notify] *****************************************************
ok: [154.223.188.192] => {
    "msg": "Syncing om-fpms_pms_nginx"
}
ok: [119.9.108.4] => {

    "msg": "Syncing om-fpms_pms_nginx"
}
ok: [13.75.105.75] => {
    "msg": "Syncing om-fpms_pms_nginx"
}


TASK [nginx_sync : include_vars] ***********************************************
ok: [154.223.188.192]
ok: [119.9.108.4]
ok: [13.75.105.75]


TASK [nginx_sync : Synchronizing Nginx] ****************************************
ok: [13.75.105.75] => (item=conf)
ok: [154.223.188.192] => (item=conf)
ok: [119.9.108.4] => (item=conf)

ok: [13.75.105.75] => (item=conf.d)
ok: [119.9.108.4] => (item=conf.d)
ok: [154.223.188.192] => (item=conf.d)
ok: [13.75.105.75] => (item=data)
ok: [154.223.188.192] => (item=data)

ok: [119.9.108.4] => (item=data)
ok: [13.75.105.75] => (item=html)
ok: [154.223.188.192] => (item=html)
ok: [119.9.108.4] => (item=html)


TASK [nginx_sync : Set HTML Dir to root] ***************************************
ok: [13.75.105.75]
ok: [154.223.188.192]
ok: [119.9.108.4]


TASK [all_servers : include_vars] **********************************************
ok: [154.223.188.192]
ok: [119.9.108.4]
ok: [13.75.105.75]


TASK [all_servers : Notify] ****************************************************
ok: [154.223.188.192] => {
    "msg": "Clearing Nginx Cache for om-fpms_pms_nginx"
}
ok: [119.9.108.4] => {

    "msg": "Clearing Nginx Cache for om-fpms_pms_nginx"
}
ok: [13.75.105.75] => {
    "msg": "Clearing Nginx Cache for om-fpms_pms_nginx"
}


TASK [all_servers : Copying clear_nginxcache.sh to remote hosts] ***************
ok: [13.75.105.75]
ok: [154.223.188.192]
ok: [119.9.108.4]


TASK [all_servers : Nginx Clear Cache] *****************************************
changed: [13.75.105.75]
changed: [154.223.188.192]
changed: [119.9.108.4]


TASK [all_servers : debug] *****************************************************
ok: [154.223.188.192] => {
    "script_result.stdout_lines": [
        "-----------------------------------------------------------", 

        "|                 Checking Nginx Config                   |", 
        "-----------------------------------------------------------", 
        "", 
        " nginx -t ", 
        "", 

        "-----------------------------------------------------------", 
        "|                 Stopping Nginx Process                  |", 
        "-----------------------------------------------------------", 
        "", 
        " /usr/bin/killall -9 nginx ", 

        "", 
        "-----------------------------------------------------------", 
        "|                 Clearing Proxy Cache                    |", 
        "-----------------------------------------------------------", 
        "", 

        " /bin/rm -rf /tmp/nginx_cache ", 
        "", 
        "-----------------------------------------------------------", 
        "|                Restarting Nginx Process                 |", 
        "-----------------------------------------------------------", 

        "root     10627  0.0  0.0 106084  1400 ?        S    13:35   0:00 /bin/bash /bak/bin/clear_nginxcache.sh", 
        "root     10642  0.0  1.1 321316 22072 ?        Ss   13:35   0:00 nginx: master process /usr/local/nginx/sbin/nginx", 
        "nobody   10643  0.0  1.3 325568 26564 ?        S    13:35   0:00 nginx: worker process      ", 
        "nobody   10645  0.0  1.3 325568 26564 ?        S    13:35   0:00 nginx: worker process      ", 
        "nobody   10646  0.0  1.3 325568 26564 ?        S    13:35   0:00 nginx: worker process      ", 

        "nobody   10647  0.0  1.3 325568 26564 ?        S    13:35   0:00 nginx: worker process      ", 
        "nobody   10648  0.0  1.1 321316 22544 ?        S    13:35   0:00 nginx: cache manager process", 
        "nobody   10649  0.0  1.1 321316 22428 ?        S    13:35   0:00 nginx: cache loader process", 
        "root     10651  0.0  0.0 103260   844 ?        S    13:35   0:00 grep nginx", 
        "             total       used       free     shared    buffers     cached", 

        "Mem:          1877       1706        170          0        142        176", 
        "-/+ buffers/cache:       1388        488", 
        "Swap:         2047        563       1484", 
        "-----------------------------------------------------------", 
        "|                     Reload SUCCESS!                     |", 

        "-----------------------------------------------------------"
    ]
}
ok: [119.9.108.4] => {
    "script_result.stdout_lines": [

        "-----------------------------------------------------------", 
        "|                 Checking Nginx Config                   |", 
        "-----------------------------------------------------------", 
        "", 
        " nginx -t ", 

        "", 
        "-----------------------------------------------------------", 
        "|                 Stopping Nginx Process                  |", 
        "-----------------------------------------------------------", 
        "", 

        " /usr/bin/killall -9 nginx ", 
        "", 
        "-----------------------------------------------------------", 
        "|                 Clearing Proxy Cache                    |", 
        "-----------------------------------------------------------", 

        "", 
        " /bin/rm -rf /tmp/nginx_cache ", 
        "", 
        "-----------------------------------------------------------", 
        "|                Restarting Nginx Process                 |", 

        "-----------------------------------------------------------", 
        "root     20152  0.3  0.0 106080  1428 ?        S    13:35   0:00 /bin/bash /bak/bin/clear_nginxcache.sh", 
        "root     20158  0.0  1.0 312540 22032 ?        Ss   13:35   0:00 nginx: master process /usr/local/nginx/sbin/nginx", 
        "nobody   20159  1.6  1.3 317084 27756 ?        S    13:35   0:00 nginx: worker process      ", 
        "nobody   20161  1.6  1.3 317148 27864 ?        S    13:35   0:00 nginx: worker process      ", 

        "nobody   20162  1.6  1.3 316928 27864 ?        S    13:35   0:00 nginx: worker process      ", 
        "nobody   20163  1.6  1.3 316792 27836 ?        S    13:35   0:00 nginx: worker process      ", 
        "nobody   20164  0.0  1.0 312540 22360 ?        S    13:35   0:00 nginx: cache manager process", 
        "nobody   20165  0.0  1.0 312540 22312 ?        S    13:35   0:00 nginx: cache loader process", 
        "root     20167  0.0  0.0 103320   884 ?        S    13:35   0:00 grep nginx", 

        "             total       used       free     shared    buffers     cached", 
        "Mem:          2000       1623        376          1        151        869", 
        "-/+ buffers/cache:        603       1397", 
        "Swap:            0          0          0", 
        "-----------------------------------------------------------", 

        "|                     Reload SUCCESS!                     |", 
        "-----------------------------------------------------------"
    ]
}
ok: [13.75.105.75] => {

    "script_result.stdout_lines": [
        "-----------------------------------------------------------", 
        "|                 Checking Nginx Config                   |", 
        "-----------------------------------------------------------", 
        "", 

        " nginx -t ", 
        "", 
        "-----------------------------------------------------------", 
        "|                 Stopping Nginx Process                  |", 
        "-----------------------------------------------------------", 

        "", 
        " /usr/bin/killall -9 nginx ", 
        "", 
        "-----------------------------------------------------------", 
        "|                 Clearing Proxy Cache                    |", 

        "-----------------------------------------------------------", 
        "", 
        " /bin/rm -rf /tmp/nginx_cache ", 
        "", 
        "-----------------------------------------------------------", 

        "|                Restarting Nginx Process                 |", 
        "-----------------------------------------------------------", 
        "root       4209  0.0  0.0 107464  2004 ?        Ss    2019   0:00 /sbin/dhclient -q -lf /var/lib/dhclient/dhclient--eth0.lease -pf /var/run/dhclient-eth0.pid -H om-fpms-pms-nginx eth0", 
        "root     125031  1.2  0.0 113180  1496 ?        S    13:35   0:00 /bin/bash /bak/bin/clear_nginxcache.sh", 
        "root     125040  0.0  0.5 315672 22132 ?        Ss   13:35   0:00 nginx: master process /usr/local/nginx/sbin/nginx", 

        "nobody   125042  1.0  0.7 322528 28524 ?        S    13:35   0:00 nginx: worker process", 
        "nobody   125043  1.0  0.7 322260 28516 ?        S    13:35   0:00 nginx: worker process", 
        "nobody   125044  1.0  0.7 322140 28516 ?        S    13:35   0:00 nginx: worker process", 
        "nobody   125045  1.0  0.7 322220 28504 ?        S    13:35   0:00 nginx: worker process", 
        "nobody   125046  0.0  0.5 317756 22620 ?        S    13:35   0:00 nginx: cache manager process", 

        "nobody   125047  0.0  0.5 317756 22620 ?        S    13:35   0:00 nginx: cache loader process", 
        "root     125051  0.0  0.0 112712   956 ?        S    13:35   0:00 grep nginx", 
        "              total        used        free      shared  buff/cache   available", 
        "Mem:           3932         452         231         205        3247        2918", 
        "Swap:             0           0           0", 

        "-----------------------------------------------------------", 
        "|                     Reload SUCCESS!                     |", 
        "-----------------------------------------------------------"
    ]
}


PLAY [127.0.0.1] ***************************************************************

TASK [sync_to_git : Synchronizing Nginx To GIT] ********************************
changed: [127.0.0.1]


TASK [sync_to_git : debug] *****************************************************
ok: [127.0.0.1] => {
    "msg": " [u'# On branch master', u'# Changes not staged for commit:', u'#   (use \"git add/rm <file>...\" to update what will be committed)', u'#   (use \"git checkout -- <file>...\" to discard changes in working directory)', u'#', u'#\\tdeleted:    nginx/conf.d/other/v68-prod-test.conf', u'#', u'no changes added to commit (use \"git add\" and/or \"git commit -a\")', u'Branch master set up to track remote branch master from origin.']"
}


PLAY [om-fpms_pms_nginx] *******************************************************

PLAY [127.0.0.1] ***************************************************************


PLAY RECAP *********************************************************************
119.9.108.4                : ok=12   changed=1    unreachable=0    failed=0    skipped=0    rescued=0    ignored=0   
127.0.0.1                  : ok=2    changed=1    unreachable=0    failed=0    skipped=0    rescued=0    ignored=0   
13.75.105.75               : ok=10   changed=1    unreachable=0    failed=0    skipped=2    rescued=0    ignored=0   
154.223.188.192            : ok=12   changed=1    unreachable=0    failed=0    skipped=0    rescued=0    ignored=0   



ESYNC_WORKER1_COMMAND_END
MAX RETRIES EXECUTED, COMMAND NOT RESPONDING