ESYNC_WORKER1_COMMAND_START
[WARNING]: Invalid characters were found in group names but not replaced, use
-vvvv to see details

PLAY [om-fpms_pms_nginx] *******************************************************


TASK [Gathering Facts] *********************************************************
ok: [13.75.105.75]
ok: [119.9.108.4]

TASK [nginx_sync : Change python interpreter] **********************************

ok: [119.9.108.4]
skipping: [13.75.105.75]

TASK [nginx_sync : change python interpreter] **********************************
ok: [119.9.108.4]

skipping: [13.75.105.75]

TASK [nginx_sync : Notify] *****************************************************
ok: [119.9.108.4] => {
    "msg": "Syncing om-fpms_pms_nginx"

}
ok: [13.75.105.75] => {
    "msg": "Syncing om-fpms_pms_nginx"
}


TASK [nginx_sync : include_vars] ***********************************************
ok: [119.9.108.4]
ok: [13.75.105.75]

TASK [nginx_sync : Synchronizing Nginx] ****************************************

ok: [13.75.105.75] => (item=conf)
ok: [119.9.108.4] => (item=conf)
changed: [119.9.108.4] => (item=conf.d)
changed: [13.75.105.75] => (item=conf.d)
ok: [13.75.105.75] => (item=data)

ok: [119.9.108.4] => (item=data)
ok: [13.75.105.75] => (item=html)
ok: [119.9.108.4] => (item=html)

TASK [nginx_sync : Set HTML Dir to root] ***************************************

ok: [13.75.105.75]
ok: [119.9.108.4]

TASK [all_servers : include_vars] **********************************************
ok: [119.9.108.4]

ok: [13.75.105.75]

TASK [all_servers : Notify] ****************************************************
ok: [119.9.108.4] => {
    "msg": "Clearing Nginx Cache for om-fpms_pms_nginx"

}
ok: [13.75.105.75] => {
    "msg": "Clearing Nginx Cache for om-fpms_pms_nginx"
}


TASK [all_servers : Copying clear_nginxcache.sh to remote hosts] ***************
ok: [13.75.105.75]
ok: [119.9.108.4]

TASK [all_servers : Nginx Clear Cache] *****************************************

changed: [13.75.105.75]
changed: [119.9.108.4]

TASK [all_servers : debug] *****************************************************
ok: [119.9.108.4] => {

    "script_result.stdout_lines": [
        "-----------------------------------------------------------", 
        "|                 Checking Nginx Config                   |", 
        "-----------------------------------------------------------", 
        "", 

        " nginx -t ", 
        "", 
        "-----------------------------------------------------------", 
        "|                 Stopping Nginx Process                  |", 
        "-----------------------------------------------------------", 

        "", 
        " /usr/bin/killall -9 nginx ", 
        "", 
        "-----------------------------------------------------------", 
        "|                 Clearing Proxy Cache                    |", 

        "-----------------------------------------------------------", 
        "", 
        " /bin/rm -rf /tmp/nginx_cache ", 
        "", 
        "-----------------------------------------------------------", 

        "|                Restarting Nginx Process                 |", 
        "-----------------------------------------------------------", 
        "root      7921  0.0  0.6  17288 12528 ?        Sl    2020 130:53 ./nginx-vts-exporter -nginx.scrape_uri http://localhost:8088/status/format/json", 
        "root     32567  0.2  0.0 106080  1428 ?        S    10:11   0:00 /bin/bash /bak/bin/clear_nginxcache.sh", 
        "root     32611  0.0  1.1 314692 22960 ?        Ss   10:11   0:00 nginx: master process /usr/local/nginx/sbin/nginx", 

        "nobody   32612  1.2  1.4 319776 29356 ?        S    10:11   0:00 nginx: worker process      ", 
        "nobody   32613  1.7  1.4 319404 29236 ?        S    10:11   0:00 nginx: worker process      ", 
        "nobody   32614  1.2  1.4 319256 29308 ?        S    10:11   0:00 nginx: worker process      ", 
        "nobody   32615  1.7  1.4 319336 29040 ?        S    10:11   0:00 nginx: worker process      ", 
        "nobody   32616  0.0  1.1 314692 23288 ?        S    10:11   0:00 nginx: cache manager process", 

        "nobody   32617  0.0  1.1 314692 23244 ?        S    10:11   0:00 nginx: cache loader process", 
        "root     32644  0.0  0.0 103324   892 ?        S    10:11   0:00 grep nginx", 
        "             total       used       free     shared    buffers     cached", 
        "Mem:          2000       1800        199          1        148        965", 
        "-/+ buffers/cache:        685       1314", 

        "Swap:            0          0          0", 
        "-----------------------------------------------------------", 
        "|                     Reload SUCCESS!                     |", 
        "-----------------------------------------------------------"
    ]

}
ok: [13.75.105.75] => {
    "script_result.stdout_lines": [
        "-----------------------------------------------------------", 
        "|                 Checking Nginx Config                   |", 

        "-----------------------------------------------------------", 
        "", 
        " nginx -t ", 
        "", 
        "-----------------------------------------------------------", 

        "|                 Stopping Nginx Process                  |", 
        "-----------------------------------------------------------", 
        "", 
        " /usr/bin/killall -9 nginx ", 
        "", 

        "-----------------------------------------------------------", 
        "|                 Clearing Proxy Cache                    |", 
        "-----------------------------------------------------------", 
        "", 
        " /bin/rm -rf /tmp/nginx_cache ", 

        "", 
        "-----------------------------------------------------------", 
        "|                Restarting Nginx Process                 |", 
        "-----------------------------------------------------------", 
        "root       4209  0.0  0.0 107464  2072 ?        Ss    2019   0:00 /sbin/dhclient -q -lf /var/lib/dhclient/dhclient--eth0.lease -pf /var/run/dhclient-eth0.pid -H om-fpms-pms-nginx eth0", 

        "root     108198  1.0  0.0 113180  1500 ?        S    10:11   0:00 /bin/bash /bak/bin/clear_nginxcache.sh", 
        "root     108208  0.0  0.5 317548 23072 ?        Ss   10:11   0:00 nginx: master process /usr/local/nginx/sbin/nginx", 
        "nobody   108209  2.5  0.7 324696 30124 ?        S    10:11   0:00 nginx: worker process", 
        "nobody   108211  2.5  0.7 324820 30396 ?        S    10:11   0:00 nginx: worker process", 
        "nobody   108212  2.5  0.7 325240 30672 ?        S    10:11   0:00 nginx: worker process", 

        "nobody   108213  3.5  0.7 325248 30136 ?        S    10:11   0:00 nginx: worker process", 
        "nobody   108214  0.0  0.5 319632 23564 ?        S    10:11   0:00 nginx: cache manager process", 
        "nobody   108215  0.0  0.5 319632 23564 ?        S    10:11   0:00 nginx: cache loader process", 
        "root     108219  0.0  0.0 112712   960 ?        S    10:11   0:00 grep nginx", 
        "root     127501  0.0  0.2  17340 11072 ?        Sl    2020  93:15 ./nginx-vts-exporter -nginx.scrape_uri http://localhost:8088/status/format/json", 

        "              total        used        free      shared  buff/cache   available", 
        "Mem:           3932         464         419         210        3048        2895", 
        "Swap:             0           0           0", 
        "-----------------------------------------------------------", 
        "|                     Reload SUCCESS!                     |", 

        "-----------------------------------------------------------"
    ]
}

PLAY [127.0.0.1] ***************************************************************


TASK [sync_to_git : Synchronizing Nginx To GIT] ********************************
changed: [127.0.0.1]

TASK [sync_to_git : debug] *****************************************************

ok: [127.0.0.1] => {
    "msg": " [u'[master 810b901] leriza.muralla', u' 2 files changed, 3 insertions(+), 1 deletion(-)', u'Branch master set up to track remote branch master from origin.']"
}

PLAY [om-fpms_pms_nginx] *******************************************************


PLAY [127.0.0.1] ***************************************************************

PLAY RECAP *********************************************************************
119.9.108.4                : ok=12   changed=2    unreachable=0    failed=0    skipped=0    rescued=0    ignored=0   

127.0.0.1                  : ok=2    changed=1    unreachable=0    failed=0    skipped=0    rescued=0    ignored=0   
13.75.105.75               : ok=10   changed=2    unreachable=0    failed=0    skipped=2    rescued=0    ignored=0   


ESYNC_WORKER1_COMMAND_END
MAX RETRIES EXECUTED, COMMAND NOT RESPONDING