ESYNC_WORKER1_COMMAND_START
 [WARNING]: Invalid characters were found in group names but not replaced, use
-vvvv to see details

PLAY [om-fpms_pms_nginx] *******************************************************


TASK [Gathering Facts] *********************************************************
ok: [154.223.188.192]
ok: [13.75.105.75]
ok: [119.9.108.4]


TASK [nginx_sync : Change python interpreter] **********************************
ok: [154.223.188.192]
ok: [119.9.108.4]
skipping: [13.75.105.75]


TASK [nginx_sync : change python interpreter] **********************************
ok: [154.223.188.192]
ok: [119.9.108.4]
skipping: [13.75.105.75]


TASK [nginx_sync : Notify] *****************************************************
ok: [154.223.188.192] => {
    "msg": "Syncing om-fpms_pms_nginx"
}
ok: [119.9.108.4] => {

    "msg": "Syncing om-fpms_pms_nginx"
}
ok: [13.75.105.75] => {
    "msg": "Syncing om-fpms_pms_nginx"
}


TASK [nginx_sync : include_vars] ***********************************************
ok: [154.223.188.192]
ok: [119.9.108.4]
ok: [13.75.105.75]


TASK [nginx_sync : Synchronizing Nginx] ****************************************
ok: [13.75.105.75] => (item=conf)
ok: [154.223.188.192] => (item=conf)
ok: [119.9.108.4] => (item=conf)

ok: [13.75.105.75] => (item=conf.d)
ok: [119.9.108.4] => (item=conf.d)
ok: [154.223.188.192] => (item=conf.d)
ok: [13.75.105.75] => (item=data)
ok: [154.223.188.192] => (item=data)

ok: [119.9.108.4] => (item=data)
ok: [13.75.105.75] => (item=html)
ok: [154.223.188.192] => (item=html)
ok: [119.9.108.4] => (item=html)


TASK [nginx_sync : Set HTML Dir to root] ***************************************
ok: [13.75.105.75]
ok: [154.223.188.192]
ok: [119.9.108.4]


TASK [all_servers : include_vars] **********************************************
ok: [154.223.188.192]
ok: [119.9.108.4]
ok: [13.75.105.75]


TASK [all_servers : Notify] ****************************************************
ok: [154.223.188.192] => {
    "msg": "Clearing Nginx Cache for om-fpms_pms_nginx"
}
ok: [119.9.108.4] => {

    "msg": "Clearing Nginx Cache for om-fpms_pms_nginx"
}
ok: [13.75.105.75] => {
    "msg": "Clearing Nginx Cache for om-fpms_pms_nginx"
}


TASK [all_servers : Copying clear_nginxcache.sh to remote hosts] ***************
ok: [13.75.105.75]
ok: [154.223.188.192]
ok: [119.9.108.4]


TASK [all_servers : Nginx Clear Cache] *****************************************
changed: [13.75.105.75]
changed: [119.9.108.4]
changed: [154.223.188.192]


TASK [all_servers : debug] *****************************************************
ok: [154.223.188.192] => {
    "script_result.stdout_lines": [
        "-----------------------------------------------------------", 

        "|                 Checking Nginx Config                   |", 
        "-----------------------------------------------------------", 
        "", 
        " nginx -t ", 
        "", 

        "-----------------------------------------------------------", 
        "|                 Stopping Nginx Process                  |", 
        "-----------------------------------------------------------", 
        "", 
        " /usr/bin/killall -9 nginx ", 

        "", 
        "-----------------------------------------------------------", 
        "|                 Clearing Proxy Cache                    |", 
        "-----------------------------------------------------------", 
        "", 

        " /bin/rm -rf /tmp/nginx_cache ", 
        "", 
        "-----------------------------------------------------------", 
        "|                Restarting Nginx Process                 |", 
        "-----------------------------------------------------------", 

        "root      3039  0.0  0.2 139636  5372 pts/1    S+   11:53   0:00 vim /usr/local/nginx/conf.d/global/whitelist_map2.conf", 
        "root      7055  0.0  0.0 106084  1404 ?        S    12:04   0:00 /bin/bash /bak/bin/clear_nginxcache.sh", 
        "root      7061  0.0  1.2 323500 23256 ?        Ss   12:04   0:00 nginx: master process /usr/local/nginx/sbin/nginx", 
        "nobody    7062  0.0  1.3 325428 26880 ?        S    12:04   0:00 nginx: worker process      ", 
        "nobody    7063  0.0  1.3 325428 26880 ?        S    12:04   0:00 nginx: worker process      ", 

        "nobody    7065  0.0  1.3 325428 26880 ?        S    12:04   0:00 nginx: worker process      ", 
        "nobody    7066  0.0  1.3 325428 26880 ?        S    12:04   0:00 nginx: worker process      ", 
        "nobody    7067  0.0  1.2 323500 23656 ?        S    12:04   0:00 nginx: cache manager process", 
        "nobody    7068  0.0  1.2 323500 23612 ?        S    12:04   0:00 nginx: cache loader process", 
        "root      7070  0.0  0.0 103264   852 ?        S    12:04   0:00 grep nginx", 

        "root     31943  0.0  0.2 139512  5208 pts/0    S+   11:41   0:00 vim /usr/local/nginx/conf.d/global/whitelist_map2.conf", 
        "             total       used       free     shared    buffers     cached", 
        "Mem:          1877       1682        194          0        143        173", 
        "-/+ buffers/cache:       1365        511", 
        "Swap:         2047        551       1496", 

        "-----------------------------------------------------------", 
        "|                     Reload SUCCESS!                     |", 
        "-----------------------------------------------------------"
    ]
}

ok: [119.9.108.4] => {
    "script_result.stdout_lines": [
        "-----------------------------------------------------------", 
        "|                 Checking Nginx Config                   |", 
        "-----------------------------------------------------------", 

        "", 
        " nginx -t ", 
        "", 
        "-----------------------------------------------------------", 
        "|                 Stopping Nginx Process                  |", 

        "-----------------------------------------------------------", 
        "", 
        " /usr/bin/killall -9 nginx ", 
        "", 
        "-----------------------------------------------------------", 

        "|                 Clearing Proxy Cache                    |", 
        "-----------------------------------------------------------", 
        "", 
        " /bin/rm -rf /tmp/nginx_cache ", 
        "", 

        "-----------------------------------------------------------", 
        "|                Restarting Nginx Process                 |", 
        "-----------------------------------------------------------", 
        "root     27186  0.3  0.0 106080  1428 ?        S    12:04   0:00 /bin/bash /bak/bin/clear_nginxcache.sh", 
        "root     27192  0.0  1.0 312536 22024 ?        Ss   12:04   0:00 nginx: master process /usr/local/nginx/sbin/nginx", 

        "nobody   27193  1.6  1.3 317120 27792 ?        S    12:04   0:00 nginx: worker process      ", 
        "nobody   27195  1.0  1.3 316788 27756 ?        S    12:04   0:00 nginx: worker process      ", 
        "nobody   27196  1.0  1.3 317168 27728 ?        S    12:04   0:00 nginx: worker process      ", 
        "nobody   27197  0.3  1.3 316788 27636 ?        S    12:04   0:00 nginx: worker process      ", 
        "nobody   27198  0.0  1.0 312536 22448 ?        S    12:04   0:00 nginx: cache manager process", 

        "nobody   27199  0.0  1.0 312536 22304 ?        S    12:04   0:00 nginx: cache loader process", 
        "root     27201  0.0  0.0 103320   888 ?        S    12:04   0:00 grep nginx", 
        "             total       used       free     shared    buffers     cached", 
        "Mem:          2000       1836        164          1        163        937", 
        "-/+ buffers/cache:        735       1265", 

        "Swap:            0          0          0", 
        "-----------------------------------------------------------", 
        "|                     Reload SUCCESS!                     |", 
        "-----------------------------------------------------------"
    ]

}
ok: [13.75.105.75] => {
    "script_result.stdout_lines": [
        "-----------------------------------------------------------", 
        "|                 Checking Nginx Config                   |", 

        "-----------------------------------------------------------", 
        "", 
        " nginx -t ", 
        "", 
        "-----------------------------------------------------------", 

        "|                 Stopping Nginx Process                  |", 
        "-----------------------------------------------------------", 
        "", 
        " /usr/bin/killall -9 nginx ", 
        "", 

        "-----------------------------------------------------------", 
        "|                 Clearing Proxy Cache                    |", 
        "-----------------------------------------------------------", 
        "", 
        " /bin/rm -rf /tmp/nginx_cache ", 

        "", 
        "-----------------------------------------------------------", 
        "|                Restarting Nginx Process                 |", 
        "-----------------------------------------------------------", 
        "root       4209  0.0  0.0 107464  2004 ?        Ss    2019   0:00 /sbin/dhclient -q -lf /var/lib/dhclient/dhclient--eth0.lease -pf /var/run/dhclient-eth0.pid -H om-fpms-pms-nginx eth0", 

        "root     115788  0.8  0.0 113180  1500 ?        S    12:04   0:00 /bin/bash /bak/bin/clear_nginxcache.sh", 
        "root     115798  0.0  0.5 315672 22128 ?        Ss   12:04   0:00 nginx: master process /usr/local/nginx/sbin/nginx", 
        "nobody   115800  1.0  0.7 322288 28504 ?        S    12:04   0:00 nginx: worker process", 
        "nobody   115801  0.5  0.7 322008 28512 ?        S    12:04   0:00 nginx: worker process", 
        "nobody   115802  1.0  0.7 322244 28516 ?        S    12:04   0:00 nginx: worker process", 

        "nobody   115803  1.5  0.7 322476 28504 ?        S    12:04   0:00 nginx: worker process", 
        "nobody   115804  0.0  0.5 317756 22616 ?        S    12:04   0:00 nginx: cache manager process", 
        "nobody   115805  0.0  0.5 317756 22616 ?        S    12:04   0:00 nginx: cache loader process", 
        "root     115808  0.0  0.0 112712   956 ?        S    12:04   0:00 grep nginx", 
        "              total        used        free      shared  buff/cache   available", 

        "Mem:           3932         438         157         190        3336        2949", 
        "Swap:             0           0           0", 
        "-----------------------------------------------------------", 
        "|                     Reload SUCCESS!                     |", 
        "-----------------------------------------------------------"

    ]
}

PLAY [127.0.0.1] ***************************************************************


TASK [sync_to_git : Synchronizing Nginx To GIT] ********************************
changed: [127.0.0.1]

TASK [sync_to_git : debug] *****************************************************
ok: [127.0.0.1] => {

    "msg": " [u'# On branch master', u'# Changes not staged for commit:', u'#   (use \"git add/rm <file>...\" to update what will be committed)', u'#   (use \"git checkout -- <file>...\" to discard changes in working directory)', u'#', u'#\\tdeleted:    nginx/conf.d/other/v68-prod-test.conf', u'#', u'no changes added to commit (use \"git add\" and/or \"git commit -a\")', u'Branch master set up to track remote branch master from origin.']"
}

PLAY [om-fpms_pms_nginx] *******************************************************


PLAY [127.0.0.1] ***************************************************************

PLAY RECAP *********************************************************************
119.9.108.4                : ok=12   changed=1    unreachable=0    failed=0    skipped=0    rescued=0    ignored=0   
127.0.0.1                  : ok=2    changed=1    unreachable=0    failed=0    skipped=0    rescued=0    ignored=0   

13.75.105.75               : ok=10   changed=1    unreachable=0    failed=0    skipped=2    rescued=0    ignored=0   
154.223.188.192            : ok=12   changed=1    unreachable=0    failed=0    skipped=0    rescued=0    ignored=0   


ESYNC_WORKER1_COMMAND_END
MAX RETRIES EXECUTED, COMMAND NOT RESPONDING