ESYNC_WORKER1_COMMAND_START
[WARNING]: Invalid characters were found in group names but not replaced, use
-vvvv to see details

PLAY [om-fpms_pms_nginx] *******************************************************


TASK [Gathering Facts] *********************************************************
ok: [13.75.105.75]
ok: [119.9.108.4]

TASK [nginx_sync : Change python interpreter] **********************************

ok: [119.9.108.4]
skipping: [13.75.105.75]

TASK [nginx_sync : change python interpreter] **********************************
ok: [119.9.108.4]

skipping: [13.75.105.75]

TASK [nginx_sync : Notify] *****************************************************
ok: [119.9.108.4] => {
    "msg": "Syncing om-fpms_pms_nginx"

}
ok: [13.75.105.75] => {
    "msg": "Syncing om-fpms_pms_nginx"
}


TASK [nginx_sync : include_vars] ***********************************************
ok: [119.9.108.4]
ok: [13.75.105.75]

TASK [nginx_sync : Synchronizing Nginx] ****************************************

ok: [13.75.105.75] => (item=conf)
ok: [119.9.108.4] => (item=conf)
changed: [13.75.105.75] => (item=conf.d)
changed: [119.9.108.4] => (item=conf.d)
ok: [13.75.105.75] => (item=data)

ok: [119.9.108.4] => (item=data)
ok: [13.75.105.75] => (item=html)
ok: [119.9.108.4] => (item=html)

TASK [nginx_sync : Set HTML Dir to root] ***************************************

ok: [13.75.105.75]
ok: [119.9.108.4]

TASK [all_servers : include_vars] **********************************************
ok: [119.9.108.4]

ok: [13.75.105.75]

TASK [all_servers : Notify] ****************************************************
ok: [119.9.108.4] => {
    "msg": "Clearing Nginx Cache for om-fpms_pms_nginx"

}
ok: [13.75.105.75] => {
    "msg": "Clearing Nginx Cache for om-fpms_pms_nginx"
}


TASK [all_servers : Copying clear_nginxcache.sh to remote hosts] ***************
ok: [13.75.105.75]
ok: [119.9.108.4]

TASK [all_servers : Nginx Clear Cache] *****************************************

changed: [13.75.105.75]
changed: [119.9.108.4]

TASK [all_servers : debug] *****************************************************
ok: [119.9.108.4] => {

    "script_result.stdout_lines": [
        "-----------------------------------------------------------", 
        "|                 Checking Nginx Config                   |", 
        "-----------------------------------------------------------", 
        "", 

        " nginx -t ", 
        "", 
        "-----------------------------------------------------------", 
        "|                 Stopping Nginx Process                  |", 
        "-----------------------------------------------------------", 

        "", 
        " /usr/bin/killall -9 nginx ", 
        "", 
        "-----------------------------------------------------------", 
        "|                 Clearing Proxy Cache                    |", 

        "-----------------------------------------------------------", 
        "", 
        " /bin/rm -rf /tmp/nginx_cache ", 
        "", 
        "-----------------------------------------------------------", 

        "|                Restarting Nginx Process                 |", 
        "-----------------------------------------------------------", 
        "root      7921  0.0  0.6  17288 12556 ?        Sl    2020 131:00 ./nginx-vts-exporter -nginx.scrape_uri http://localhost:8088/status/format/json", 
        "root     18018  0.3  0.0 106080  1424 ?        S    13:29   0:00 /bin/bash /bak/bin/clear_nginxcache.sh", 
        "root     18028  0.0  1.1 314692 22964 ?        Ss   13:29   0:00 nginx: master process /usr/local/nginx/sbin/nginx", 

        "nobody   18030  2.0  1.4 319088 29032 ?        S    13:29   0:00 nginx: worker process      ", 
        "nobody   18031  1.6  1.4 319460 29480 ?        S    13:29   0:00 nginx: worker process      ", 
        "nobody   18032  2.0  1.4 319392 29216 ?        S    13:29   0:00 nginx: worker process      ", 
        "nobody   18033  1.3  1.4 318944 28792 ?        R    13:29   0:00 nginx: worker process      ", 
        "nobody   18034  0.0  1.1 314692 23292 ?        S    13:29   0:00 nginx: cache manager process", 

        "nobody   18035  0.0  1.1 314692 23248 ?        S    13:29   0:00 nginx: cache loader process", 
        "root     18037  0.0  0.0 103324   892 ?        S    13:29   0:00 grep nginx", 
        "             total       used       free     shared    buffers     cached", 
        "Mem:          2000       1833        166          1        147        969", 
        "-/+ buffers/cache:        716       1283", 

        "Swap:            0          0          0", 
        "-----------------------------------------------------------", 
        "|                     Reload SUCCESS!                     |", 
        "-----------------------------------------------------------"
    ]

}
ok: [13.75.105.75] => {
    "script_result.stdout_lines": [
        "-----------------------------------------------------------", 
        "|                 Checking Nginx Config                   |", 

        "-----------------------------------------------------------", 
        "", 
        " nginx -t ", 
        "", 
        "-----------------------------------------------------------", 

        "|                 Stopping Nginx Process                  |", 
        "-----------------------------------------------------------", 
        "", 
        " /usr/bin/killall -9 nginx ", 
        "", 

        "-----------------------------------------------------------", 
        "|                 Clearing Proxy Cache                    |", 
        "-----------------------------------------------------------", 
        "", 
        " /bin/rm -rf /tmp/nginx_cache ", 

        "", 
        "-----------------------------------------------------------", 
        "|                Restarting Nginx Process                 |", 
        "-----------------------------------------------------------", 
        "root       4209  0.0  0.0 107464  2072 ?        Ss    2019   0:00 /sbin/dhclient -q -lf /var/lib/dhclient/dhclient--eth0.lease -pf /var/run/dhclient-eth0.pid -H om-fpms-pms-nginx eth0", 

        "root      24267  1.0  0.0 113180  1492 ?        S    13:29   0:00 /bin/bash /bak/bin/clear_nginxcache.sh", 
        "root      24276  0.0  0.5 317548 23068 ?        Ss   13:29   0:00 nginx: master process /usr/local/nginx/sbin/nginx", 
        "nobody    24278  2.5  0.7 324588 30192 ?        S    13:29   0:00 nginx: worker process", 
        "nobody    24279  3.0  0.7 324900 30396 ?        S    13:29   0:00 nginx: worker process", 
        "nobody    24280  3.0  0.7 325152 30400 ?        S    13:29   0:00 nginx: worker process", 

        "nobody    24281  2.5  0.7 324516 30164 ?        S    13:29   0:00 nginx: worker process", 
        "nobody    24282  0.0  0.5 319632 23560 ?        S    13:29   0:00 nginx: cache manager process", 
        "nobody    24283  0.0  0.5 319632 23560 ?        S    13:29   0:00 nginx: cache loader process", 
        "root      24287  0.0  0.0 112712   960 ?        S    13:29   0:00 grep nginx", 
        "root     127501  0.0  0.2  17340 11092 ?        Sl    2020  93:19 ./nginx-vts-exporter -nginx.scrape_uri http://localhost:8088/status/format/json", 

        "              total        used        free      shared  buff/cache   available", 
        "Mem:           3932         458         583         202        2889        2908", 
        "Swap:             0           0           0", 
        "-----------------------------------------------------------", 
        "|                     Reload SUCCESS!                     |", 

        "-----------------------------------------------------------"
    ]
}

PLAY [127.0.0.1] ***************************************************************


TASK [sync_to_git : Synchronizing Nginx To GIT] ********************************
changed: [127.0.0.1]

TASK [sync_to_git : debug] *****************************************************

ok: [127.0.0.1] => {
    "msg": " [u'[master 753989e] nikko.aratan', u' 1 file changed, 1 insertion(+)', u'Branch master set up to track remote branch master from origin.']"
}

PLAY [om-fpms_pms_nginx] *******************************************************


PLAY [127.0.0.1] ***************************************************************

PLAY RECAP *********************************************************************
119.9.108.4                : ok=12   changed=2    unreachable=0    failed=0    skipped=0    rescued=0    ignored=0   

127.0.0.1                  : ok=2    changed=1    unreachable=0    failed=0    skipped=0    rescued=0    ignored=0   
13.75.105.75               : ok=10   changed=2    unreachable=0    failed=0    skipped=2    rescued=0    ignored=0   


ESYNC_WORKER1_COMMAND_END
MAX RETRIES EXECUTED, COMMAND NOT RESPONDING