ESYNC_WORKER1_COMMAND_START
[WARNING]: Invalid characters were found in group names but not replaced, use
-vvvv to see details

PLAY [om-fpms_pms_nginx] *******************************************************


TASK [Gathering Facts] *********************************************************
ok: [18.167.123.144]
ok: [13.75.105.75]
ok: [119.9.108.4]


TASK [nginx_sync : Change python interpreter] **********************************
ok: [119.9.108.4]
skipping: [13.75.105.75]
skipping: [18.167.123.144]


TASK [nginx_sync : change python interpreter] **********************************
ok: [119.9.108.4]
skipping: [13.75.105.75]
skipping: [18.167.123.144]


TASK [nginx_sync : Notify] *****************************************************
ok: [119.9.108.4] => {
    "msg": "Syncing om-fpms_pms_nginx"
}
ok: [13.75.105.75] => {

    "msg": "Syncing om-fpms_pms_nginx"
}
ok: [18.167.123.144] => {
    "msg": "Syncing om-fpms_pms_nginx"
}


TASK [nginx_sync : include_vars] ***********************************************
ok: [119.9.108.4]
ok: [13.75.105.75]
ok: [18.167.123.144]


TASK [nginx_sync : Synchronizing Nginx] ****************************************
ok: [18.167.123.144] => (item=conf)
ok: [13.75.105.75] => (item=conf)
ok: [119.9.108.4] => (item=conf)

changed: [18.167.123.144] => (item=conf.d)
changed: [13.75.105.75] => (item=conf.d)
changed: [119.9.108.4] => (item=conf.d)
ok: [18.167.123.144] => (item=data)
ok: [13.75.105.75] => (item=data)

ok: [119.9.108.4] => (item=data)
ok: [18.167.123.144] => (item=html)
ok: [13.75.105.75] => (item=html)
ok: [119.9.108.4] => (item=html)


TASK [nginx_sync : Set HTML Dir to root] ***************************************
ok: [18.167.123.144]
ok: [13.75.105.75]
ok: [119.9.108.4]


TASK [all_servers : include_vars] **********************************************
ok: [119.9.108.4]
ok: [13.75.105.75]
ok: [18.167.123.144]


TASK [all_servers : Notify] ****************************************************
ok: [119.9.108.4] => {
    "msg": "Clearing Nginx Cache for om-fpms_pms_nginx"
}
ok: [13.75.105.75] => {

    "msg": "Clearing Nginx Cache for om-fpms_pms_nginx"
}
ok: [18.167.123.144] => {
    "msg": "Clearing Nginx Cache for om-fpms_pms_nginx"
}


TASK [all_servers : Copying clear_nginxcache.sh to remote hosts] ***************
ok: [18.167.123.144]
ok: [13.75.105.75]
ok: [119.9.108.4]


TASK [all_servers : Nginx Clear Cache] *****************************************
changed: [18.167.123.144]
changed: [13.75.105.75]
changed: [119.9.108.4]


TASK [all_servers : debug] *****************************************************
ok: [119.9.108.4] => {
    "script_result.stdout_lines": [
        "-----------------------------------------------------------", 

        "|                 Checking Nginx Config                   |", 
        "-----------------------------------------------------------", 
        "", 
        " nginx -t ", 
        "", 

        "-----------------------------------------------------------", 
        "|                 Stopping Nginx Process                  |", 
        "-----------------------------------------------------------", 
        "", 
        " /usr/bin/killall -9 nginx ", 

        "", 
        "-----------------------------------------------------------", 
        "|                 Clearing Proxy Cache                    |", 
        "-----------------------------------------------------------", 
        "", 

        " /bin/rm -rf /tmp/nginx_cache ", 
        "", 
        "-----------------------------------------------------------", 
        "|                Restarting Nginx Process                 |", 
        "-----------------------------------------------------------", 

        "root      7921  0.0  0.5  17288 10916 ?        Sl    2020 144:22 ./nginx-vts-exporter -nginx.scrape_uri http://localhost:8088/status/format/json", 
        "root     22610  0.4  0.0 106080  1424 ?        S    00:47   0:00 /bin/bash /bak/bin/clear_nginxcache.sh", 
        "root     22618  0.0  1.1 314708 22988 ?        Ss   00:47   0:00 nginx: master process /usr/local/nginx/sbin/nginx", 
        "nobody   22619  1.5  1.4 319136 29280 ?        S    00:47   0:00 nginx: worker process      ", 
        "nobody   22621  2.5  1.4 319336 28932 ?        S    00:47   0:00 nginx: worker process      ", 

        "nobody   22622  1.0  1.4 318960 28760 ?        S    00:47   0:00 nginx: worker process      ", 
        "nobody   22623  0.5  1.4 318960 28724 ?        S    00:47   0:00 nginx: worker process      ", 
        "nobody   22624  0.0  1.1 314708 23324 ?        S    00:47   0:00 nginx: cache manager process", 
        "nobody   22625  0.0  1.1 314708 23280 ?        S    00:47   0:00 nginx: cache loader process", 
        "root     22628  0.0  0.0 103324   892 ?        S    00:47   0:00 grep nginx", 

        "             total       used       free     shared    buffers     cached", 
        "Mem:          2000       1848        151          1        159        932", 
        "-/+ buffers/cache:        756       1243", 
        "Swap:            0          0          0", 
        "-----------------------------------------------------------", 

        "|                     Reload SUCCESS!                     |", 
        "-----------------------------------------------------------"
    ]
}
ok: [13.75.105.75] => {

    "script_result.stdout_lines": [
        "-----------------------------------------------------------", 
        "|                 Checking Nginx Config                   |", 
        "-----------------------------------------------------------", 
        "", 

        " nginx -t ", 
        "", 
        "-----------------------------------------------------------", 
        "|                 Stopping Nginx Process                  |", 
        "-----------------------------------------------------------", 

        "", 
        " /usr/bin/killall -9 nginx ", 
        "", 
        "-----------------------------------------------------------", 
        "|                 Clearing Proxy Cache                    |", 

        "-----------------------------------------------------------", 
        "", 
        " /bin/rm -rf /tmp/nginx_cache ", 
        "", 
        "-----------------------------------------------------------", 

        "|                Restarting Nginx Process                 |", 
        "-----------------------------------------------------------", 
        "root       4209  0.0  0.0 107464  2068 ?        Ss    2019   0:00 /sbin/dhclient -q -lf /var/lib/dhclient/dhclient--eth0.lease -pf /var/run/dhclient-eth0.pid -H om-fpms-pms-nginx eth0", 
        "root     111134  0.8  0.0 113180  1500 ?        S    00:47   0:00 /bin/bash /bak/bin/clear_nginxcache.sh", 
        "root     111144  0.0  0.5 317880 23052 ?        Ss   00:47   0:00 nginx: master process /usr/local/nginx/sbin/nginx", 

        "nobody   111146  2.5  0.7 324892 30364 ?        S    00:47   0:00 nginx: worker process", 
        "nobody   111147  1.5  0.7 324772 30112 ?        S    00:47   0:00 nginx: worker process", 
        "nobody   111148  1.5  0.7 324956 30104 ?        S    00:47   0:00 nginx: worker process", 
        "nobody   111149  2.0  0.7 325176 30124 ?        S    00:47   0:00 nginx: worker process", 
        "nobody   111150  0.0  0.5 319964 23548 ?        S    00:47   0:00 nginx: cache manager process", 

        "nobody   111151  0.0  0.5 319964 23548 ?        S    00:47   0:00 nginx: cache loader process", 
        "root     111155  0.0  0.0 112712   956 ?        S    00:47   0:00 grep nginx", 
        "root     127501  0.0  0.2  17340 10576 ?        Sl    2020 102:14 ./nginx-vts-exporter -nginx.scrape_uri http://localhost:8088/status/format/json", 
        "              total        used        free      shared  buff/cache   available", 
        "Mem:           3932         476         320         194        3135        2888", 

        "Swap:             0           0           0", 
        "-----------------------------------------------------------", 
        "|                     Reload SUCCESS!                     |", 
        "-----------------------------------------------------------"
    ]

}
ok: [18.167.123.144] => {
    "script_result.stdout_lines": [
        "-----------------------------------------------------------", 
        "|                 Checking Nginx Config                   |", 

        "-----------------------------------------------------------", 
        "", 
        " nginx -t ", 
        "", 
        "-----------------------------------------------------------", 

        "|                 Stopping Nginx Process                  |", 
        "-----------------------------------------------------------", 
        "", 
        " /usr/bin/killall -9 nginx ", 
        "", 

        "-----------------------------------------------------------", 
        "|                 Clearing Proxy Cache                    |", 
        "-----------------------------------------------------------", 
        "", 
        " /bin/rm -rf /tmp/nginx_cache ", 

        "", 
        "-----------------------------------------------------------", 
        "|                Restarting Nginx Process                 |", 
        "-----------------------------------------------------------", 
        "root       850  0.0  0.0 102940  2796 ?        Ss   Mar10   0:00 /sbin/dhclient -1 -q -lf /var/lib/dhclient/dhclient--ens5.lease -pf /var/run/dhclient-ens5.pid -H om-fpms_pms_nginx1 ens5", 

        "root      1704  0.8  0.0 113288  1480 ?        S    00:47   0:00 /bin/bash /bak/bin/clear_nginxcache.sh", 
        "root      1711  0.0  0.6 317688 22920 ?        Ss   00:47   0:00 nginx: master process /usr/local/nginx/sbin/nginx", 
        "nobody    1712  0.0  0.7 321940 27260 ?        S    00:47   0:00 nginx: worker process", 
        "nobody    1714  0.0  0.7 321940 27260 ?        S    00:47   0:00 nginx: worker process", 
        "nobody    1715  0.0  0.7 321940 27260 ?        S    00:47   0:00 nginx: worker process", 

        "nobody    1716  0.0  0.7 321940 27260 ?        S    00:47   0:00 nginx: worker process", 
        "nobody    1717  0.0  0.6 317688 23308 ?        S    00:47   0:00 nginx: cache manager process", 
        "nobody    1718  0.0  0.6 317688 23308 ?        S    00:47   0:00 nginx: cache loader process", 
        "root      1720  0.0  0.0 112812   948 ?        S    00:47   0:00 grep nginx", 
        "              total        used        free      shared  buff/cache   available", 

        "Mem:           3729         362        2661          26         705        3110", 
        "Swap:             0           0           0", 
        "-----------------------------------------------------------", 
        "|                     Reload SUCCESS!                     |", 
        "-----------------------------------------------------------"

    ]
}

PLAY [127.0.0.1] ***************************************************************


TASK [sync_to_git : Synchronizing Nginx To GIT] ********************************
changed: [127.0.0.1]

TASK [sync_to_git : debug] *****************************************************
ok: [127.0.0.1] => {

    "msg": " [u'[master 0b5e242] nikko.aratan', u' 1 file changed, 1 insertion(+)', u'Branch master set up to track remote branch master from origin.']"
}

PLAY [om-fpms_pms_nginx] *******************************************************


PLAY [127.0.0.1] ***************************************************************

PLAY RECAP *********************************************************************
119.9.108.4                : ok=12   changed=2    unreachable=0    failed=0    skipped=0    rescued=0    ignored=0   
127.0.0.1                  : ok=2    changed=1    unreachable=0    failed=0    skipped=0    rescued=0    ignored=0   

13.75.105.75               : ok=10   changed=2    unreachable=0    failed=0    skipped=2    rescued=0    ignored=0   
18.167.123.144             : ok=10   changed=2    unreachable=0    failed=0    skipped=2    rescued=0    ignored=0   


ESYNC_WORKER1_COMMAND_END
MAX RETRIES EXECUTED, COMMAND NOT RESPONDING