--- /ansible/nginx/hostgroups/om-fpms_pms_nginx/nginx/conf.d/other/payhome.site.conf	2019-08-31 12:37:53.117686674 +0800
+++ /tmp/payhome.site.conf	2019-09-05 13:47:53.984681469 +0800
@@ -25,13 +25,13 @@
 				proxy_set_header        X-Real-IP       $remote_addr;
 				proxy_set_header        referer         "";
 				proxy_set_header        X-Forwarded-For $proxy_add_x_forwarded_for; 
-    			proxy_cache cache_after;
-        		proxy_cache_key    $uri$is_args$args;
-        		add_header X-Cache $upstream_cache_status;
-        		proxy_cache_valid 200 3d;
-        		proxy_cache_valid 301 302 1d;
-        		proxy_cache_valid any 3d;
-        		proxy_cache_use_stale error http_500 http_502 http_503 http_504;
+    		#	proxy_cache cache_after;
+        	#	proxy_cache_key    $uri$is_args$args;
+        	#	add_header X-Cache $upstream_cache_status;
+        	#	proxy_cache_valid 200 3d;
+        	#	proxy_cache_valid 301 302 1d;
+        	#	proxy_cache_valid any 3d;
+        	#	proxy_cache_use_stale error http_500 http_502 http_503 http_504;
 				proxy_connect_timeout   80; 
 				proxy_send_timeout      80; 
 				proxy_read_timeout      80; 

