ESYNC_WORKER1_COMMAND_START
[WARNING]: Invalid characters were found in group names but not replaced, use
-vvvv to see details

PLAY [om-fpms_pms_nginx] *******************************************************


TASK [Gathering Facts] *********************************************************
ok: [18.167.123.144]
ok: [13.75.105.75]
ok: [119.9.108.4]


TASK [nginx_sync : Change python interpreter] **********************************
ok: [119.9.108.4]
skipping: [13.75.105.75]
skipping: [18.167.123.144]


TASK [nginx_sync : change python interpreter] **********************************
ok: [119.9.108.4]
skipping: [13.75.105.75]
skipping: [18.167.123.144]


TASK [nginx_sync : Notify] *****************************************************
ok: [119.9.108.4] => {
    "msg": "Syncing om-fpms_pms_nginx"
}
ok: [13.75.105.75] => {

    "msg": "Syncing om-fpms_pms_nginx"
}
ok: [18.167.123.144] => {
    "msg": "Syncing om-fpms_pms_nginx"
}


TASK [nginx_sync : include_vars] ***********************************************
ok: [119.9.108.4]
ok: [13.75.105.75]
ok: [18.167.123.144]


TASK [nginx_sync : Synchronizing Nginx] ****************************************
ok: [18.167.123.144] => (item=conf)
ok: [13.75.105.75] => (item=conf)
ok: [119.9.108.4] => (item=conf)

changed: [18.167.123.144] => (item=conf.d)
changed: [13.75.105.75] => (item=conf.d)
changed: [119.9.108.4] => (item=conf.d)
ok: [18.167.123.144] => (item=data)
ok: [13.75.105.75] => (item=data)

ok: [119.9.108.4] => (item=data)
ok: [18.167.123.144] => (item=html)
ok: [13.75.105.75] => (item=html)
ok: [119.9.108.4] => (item=html)


TASK [nginx_sync : Set HTML Dir to root] ***************************************
ok: [18.167.123.144]
ok: [13.75.105.75]
ok: [119.9.108.4]


TASK [all_servers : include_vars] **********************************************
ok: [119.9.108.4]
ok: [13.75.105.75]
ok: [18.167.123.144]


TASK [all_servers : Notify] ****************************************************
ok: [119.9.108.4] => {
    "msg": "Clearing Nginx Cache for om-fpms_pms_nginx"
}
ok: [13.75.105.75] => {

    "msg": "Clearing Nginx Cache for om-fpms_pms_nginx"
}
ok: [18.167.123.144] => {
    "msg": "Clearing Nginx Cache for om-fpms_pms_nginx"
}


TASK [all_servers : Copying clear_nginxcache.sh to remote hosts] ***************
ok: [18.167.123.144]
ok: [13.75.105.75]
ok: [119.9.108.4]


TASK [all_servers : Nginx Clear Cache] *****************************************
changed: [18.167.123.144]
changed: [13.75.105.75]
changed: [119.9.108.4]


TASK [all_servers : debug] *****************************************************
ok: [119.9.108.4] => {
    "script_result.stdout_lines": [
        "-----------------------------------------------------------", 

        "|                 Checking Nginx Config                   |", 
        "-----------------------------------------------------------", 
        "", 
        " nginx -t ", 
        "", 

        "-----------------------------------------------------------", 
        "|                 Stopping Nginx Process                  |", 
        "-----------------------------------------------------------", 
        "", 
        " /usr/bin/killall -9 nginx ", 

        "", 
        "-----------------------------------------------------------", 
        "|                 Clearing Proxy Cache                    |", 
        "-----------------------------------------------------------", 
        "", 

        " /bin/rm -rf /tmp/nginx_cache ", 
        "", 
        "-----------------------------------------------------------", 
        "|                Restarting Nginx Process                 |", 
        "-----------------------------------------------------------", 

        "root      7921  0.0  0.2  17288  4996 ?        Sl    2020 156:43 ./nginx-vts-exporter -nginx.scrape_uri http://localhost:8088/status/format/json", 
        "root      9278  0.6  0.0 106080  1428 ?        S    15:53   0:00 /bin/bash /bak/bin/clear_nginxcache.sh", 
        "root      9289  0.0  1.1 317152 24416 ?        Ss   15:53   0:00 nginx: master process /usr/local/nginx/sbin/nginx", 
        "nobody    9291  1.0  1.4 319352 29276 ?        S    15:53   0:00 nginx: worker process      ", 
        "nobody    9292  0.5  1.4 319352 29256 ?        S    15:53   0:00 nginx: worker process      ", 

        "nobody    9293  0.5  1.4 319080 29292 ?        S    15:53   0:00 nginx: worker process      ", 
        "nobody    9294  2.0  1.4 319360 29620 ?        S    15:53   0:00 nginx: worker process      ", 
        "nobody    9295  0.0  1.2 317152 24744 ?        S    15:53   0:00 nginx: cache manager process", 
        "nobody    9296  0.0  1.2 317152 24700 ?        S    15:53   0:00 nginx: cache loader process", 
        "root      9298  0.0  0.0 103320   884 ?        S    15:53   0:00 grep nginx", 

        "             total       used       free     shared    buffers     cached", 
        "Mem:          2000       1838        162          1        144        963", 
        "-/+ buffers/cache:        730       1269", 
        "Swap:            0          0          0", 
        "-----------------------------------------------------------", 

        "|                     Reload SUCCESS!                     |", 
        "-----------------------------------------------------------"
    ]
}
ok: [13.75.105.75] => {

    "script_result.stdout_lines": [
        "-----------------------------------------------------------", 
        "|                 Checking Nginx Config                   |", 
        "-----------------------------------------------------------", 
        "", 

        " nginx -t ", 
        "", 
        "-----------------------------------------------------------", 
        "|                 Stopping Nginx Process                  |", 
        "-----------------------------------------------------------", 

        "", 
        " /usr/bin/killall -9 nginx ", 
        "", 
        "-----------------------------------------------------------", 
        "|                 Clearing Proxy Cache                    |", 

        "-----------------------------------------------------------", 
        "", 
        " /bin/rm -rf /tmp/nginx_cache ", 
        "", 
        "-----------------------------------------------------------", 

        "|                Restarting Nginx Process                 |", 
        "-----------------------------------------------------------", 
        "root       4209  0.0  0.0 107464  2188 ?        Ss    2019   0:00 /sbin/dhclient -q -lf /var/lib/dhclient/dhclient--eth0.lease -pf /var/run/dhclient-eth0.pid -H om-fpms-pms-nginx eth0", 
        "root      97277  0.8  0.0 113180  1496 ?        S    15:53   0:00 /bin/bash /bak/bin/clear_nginxcache.sh", 
        "root      97359  0.0  0.5 318128 23292 ?        Ss   15:53   0:00 nginx: master process /usr/local/nginx/sbin/nginx", 

        "nobody    97361  0.5  0.7 324464 29900 ?        S    15:53   0:00 nginx: worker process", 
        "nobody    97362  0.5  0.7 324464 29700 ?        S    15:53   0:00 nginx: worker process", 
        "nobody    97363  1.5  0.7 324752 30132 ?        S    15:53   0:00 nginx: worker process", 
        "nobody    97364  1.5  0.7 324996 30088 ?        S    15:53   0:00 nginx: worker process", 
        "nobody    97365  0.0  0.5 320212 23792 ?        S    15:53   0:00 nginx: cache manager process", 

        "nobody    97366  0.0  0.5 320212 23792 ?        S    15:53   0:00 nginx: cache loader process", 
        "root      97436  0.0  0.0 112712   960 ?        S    15:53   0:00 grep nginx", 
        "root     127501  0.0  0.1  17340  5148 ?        Sl    2020 110:26 ./nginx-vts-exporter -nginx.scrape_uri http://localhost:8088/status/format/json", 
        "              total        used        free      shared  buff/cache   available", 
        "Mem:           3932         507         588         202        2836        2856", 

        "Swap:             0           0           0", 
        "-----------------------------------------------------------", 
        "|                     Reload SUCCESS!                     |", 
        "-----------------------------------------------------------"
    ]

}
ok: [18.167.123.144] => {
    "script_result.stdout_lines": [
        "-----------------------------------------------------------", 
        "|                 Checking Nginx Config                   |", 

        "-----------------------------------------------------------", 
        "", 
        " nginx -t ", 
        "", 
        "-----------------------------------------------------------", 

        "|                 Stopping Nginx Process                  |", 
        "-----------------------------------------------------------", 
        "", 
        " /usr/bin/killall -9 nginx ", 
        "", 

        "-----------------------------------------------------------", 
        "|                 Clearing Proxy Cache                    |", 
        "-----------------------------------------------------------", 
        "", 
        " /bin/rm -rf /tmp/nginx_cache ", 

        "", 
        "-----------------------------------------------------------", 
        "|                Restarting Nginx Process                 |", 
        "-----------------------------------------------------------", 
        "root       850  0.0  0.0 102940  2800 ?        Ss   Mar10   0:00 /sbin/dhclient -1 -q -lf /var/lib/dhclient/dhclient--ens5.lease -pf /var/run/dhclient-ens5.pid -H om-fpms_pms_nginx1 ens5", 

        "root     24019  0.8  0.0 113288  1484 ?        S    15:53   0:00 /bin/bash /bak/bin/clear_nginxcache.sh", 
        "root     24048  0.0  0.6 317924 23144 ?        Ss   15:53   0:00 nginx: master process /usr/local/nginx/sbin/nginx", 
        "nobody   24050  0.0  0.7 322176 29208 ?        S    15:53   0:00 nginx: worker process", 
        "nobody   24051  0.0  0.7 322176 28932 ?        S    15:53   0:00 nginx: worker process", 
        "nobody   24052  0.0  0.7 322176 27480 ?        S    15:53   0:00 nginx: worker process", 

        "nobody   24053  0.0  0.7 322176 27712 ?        S    15:53   0:00 nginx: worker process", 
        "nobody   24054  0.0  0.6 317924 23536 ?        S    15:53   0:00 nginx: cache manager process", 
        "nobody   24055  0.0  0.6 317924 23536 ?        S    15:53   0:00 nginx: cache loader process", 
        "root     24104  0.0  0.0 112816   948 ?        S    15:53   0:00 grep nginx", 
        "              total        used        free      shared  buff/cache   available", 

        "Mem:           3729         447        1731         194        1550        2806", 
        "Swap:             0           0           0", 
        "-----------------------------------------------------------", 
        "|                     Reload SUCCESS!                     |", 
        "-----------------------------------------------------------"

    ]
}

PLAY [127.0.0.1] ***************************************************************


TASK [sync_to_git : Synchronizing Nginx To GIT] ********************************
changed: [127.0.0.1]

TASK [sync_to_git : debug] *****************************************************
ok: [127.0.0.1] => {

    "msg": " [u'[master ce2466d] quincy', u' 1 file changed, 37 insertions(+), 1 deletion(-)', u'Branch master set up to track remote branch master from origin.']"
}

PLAY [om-fpms_pms_nginx] *******************************************************


PLAY [127.0.0.1] ***************************************************************

PLAY RECAP *********************************************************************
119.9.108.4                : ok=12   changed=2    unreachable=0    failed=0    skipped=0    rescued=0    ignored=0   
127.0.0.1                  : ok=2    changed=1    unreachable=0    failed=0    skipped=0    rescued=0    ignored=0   

13.75.105.75               : ok=10   changed=2    unreachable=0    failed=0    skipped=2    rescued=0    ignored=0   
18.167.123.144             : ok=10   changed=2    unreachable=0    failed=0    skipped=2    rescued=0    ignored=0   


ESYNC_WORKER1_COMMAND_END
MAX RETRIES EXECUTED, COMMAND NOT RESPONDING