ESYNC_WORKER1_COMMAND_START
 [WARNING]: Invalid characters were found in group names but not replaced, use
-vvvv to see details

PLAY [om-fpms_pms_nginx] *******************************************************


TASK [Gathering Facts] *********************************************************
ok: [13.75.105.75]
ok: [119.9.108.4]
ok: [154.223.188.192]


TASK [nginx_sync : Change python interpreter] **********************************
skipping: [154.223.188.192]
skipping: [119.9.108.4]
skipping: [13.75.105.75]


TASK [nginx_sync : change python interpreter] **********************************
skipping: [154.223.188.192]
skipping: [119.9.108.4]
skipping: [13.75.105.75]


TASK [nginx_sync : Notify] *****************************************************
skipping: [154.223.188.192]
skipping: [119.9.108.4]
skipping: [13.75.105.75]


TASK [nginx_sync : include_vars] ***********************************************
skipping: [154.223.188.192]
skipping: [119.9.108.4]
skipping: [13.75.105.75]


TASK [nginx_sync : Synchronizing Nginx] ****************************************
skipping: [154.223.188.192] => (item=conf) 
skipping: [154.223.188.192] => (item=conf.d) 
skipping: [154.223.188.192] => (item=data) 
skipping: [154.223.188.192] => (item=html) 

skipping: [119.9.108.4] => (item=conf) 
skipping: [119.9.108.4] => (item=conf.d) 
skipping: [119.9.108.4] => (item=data) 
skipping: [119.9.108.4] => (item=html) 
skipping: [13.75.105.75] => (item=conf) 

skipping: [13.75.105.75] => (item=conf.d) 
skipping: [13.75.105.75] => (item=data) 
skipping: [13.75.105.75] => (item=html) 

TASK [all_servers : include_vars] **********************************************

ok: [154.223.188.192]
ok: [119.9.108.4]
ok: [13.75.105.75]

TASK [all_servers : Notify] ****************************************************

ok: [154.223.188.192] => {
    "msg": "Clearing Nginx Cache for om-fpms_pms_nginx"
}
ok: [119.9.108.4] => {
    "msg": "Clearing Nginx Cache for om-fpms_pms_nginx"

}
ok: [13.75.105.75] => {
    "msg": "Clearing Nginx Cache for om-fpms_pms_nginx"
}


TASK [all_servers : Copying clear_nginxcache.sh to remote hosts] ***************
ok: [13.75.105.75]
ok: [119.9.108.4]
ok: [154.223.188.192]


TASK [all_servers : Nginx Clear Cache] *****************************************
changed: [13.75.105.75]
changed: [154.223.188.192]
changed: [119.9.108.4]


TASK [all_servers : debug] *****************************************************
ok: [154.223.188.192] => {
    "script_result.stdout_lines": [
        "-----------------------------------------------------------", 
        "|                 Checking Nginx Config                   |", 

        "-----------------------------------------------------------", 
        "", 
        " nginx -t ", 
        "", 
        "-----------------------------------------------------------", 

        "|                 Stopping Nginx Process                  |", 
        "-----------------------------------------------------------", 
        "", 
        " /usr/bin/killall -9 nginx ", 
        "", 

        "-----------------------------------------------------------", 
        "|                 Clearing Proxy Cache                    |", 
        "-----------------------------------------------------------", 
        "", 
        " /bin/rm -rf /tmp/nginx_cache ", 

        "", 
        "-----------------------------------------------------------", 
        "|                Restarting Nginx Process                 |", 
        "-----------------------------------------------------------", 
        "root     21727  0.0  0.0 106084  1400 ?        S    11:27   0:00 /bin/bash /bak/bin/clear_nginxcache.sh", 

        "root     21733  0.0  1.1 321044 21812 ?        Ss   11:27   0:00 nginx: master process /usr/local/nginx/sbin/nginx", 
        "nobody   21735  0.0  1.3 325296 26612 ?        S    11:27   0:00 nginx: worker process      ", 
        "nobody   21736  0.0  1.3 325296 26580 ?        S    11:27   0:00 nginx: worker process      ", 
        "nobody   21737  0.0  1.3 325296 26616 ?        S    11:27   0:00 nginx: worker process      ", 
        "nobody   21738  0.0  1.3 325296 26620 ?        S    11:27   0:00 nginx: worker process      ", 

        "nobody   21739  0.0  1.1 321044 22280 ?        S    11:27   0:00 nginx: cache manager process", 
        "nobody   21740  0.0  1.1 321044 22164 ?        S    11:27   0:00 nginx: cache loader process", 
        "root     21755  0.0  0.0 103260   848 ?        S    11:27   0:00 grep nginx", 
        "             total       used       free     shared    buffers     cached", 
        "Mem:          1877       1711        165          0        172        960", 

        "-/+ buffers/cache:        578       1298", 
        "Swap:         2047          3       2044", 
        "-----------------------------------------------------------", 
        "|                     Reload SUCCESS!                     |", 
        "-----------------------------------------------------------"

    ]
}
ok: [119.9.108.4] => {
    "script_result.stdout_lines": [
        "-----------------------------------------------------------", 

        "|                 Checking Nginx Config                   |", 
        "-----------------------------------------------------------", 
        "", 
        " nginx -t ", 
        "", 

        "-----------------------------------------------------------", 
        "|                 Stopping Nginx Process                  |", 
        "-----------------------------------------------------------", 
        "", 
        " /usr/bin/killall -9 nginx ", 

        "", 
        "-----------------------------------------------------------", 
        "|                 Clearing Proxy Cache                    |", 
        "-----------------------------------------------------------", 
        "", 

        " /bin/rm -rf /tmp/nginx_cache ", 
        "", 
        "-----------------------------------------------------------", 
        "|                Restarting Nginx Process                 |", 
        "-----------------------------------------------------------", 

        "root     10411  0.5  0.0 106080  1428 ?        S    11:27   0:00 /bin/bash /bak/bin/clear_nginxcache.sh", 
        "root     10417  0.0  1.0 312276 21764 ?        Ss   11:27   0:00 nginx: master process /usr/local/nginx/sbin/nginx", 
        "nobody   10419  0.0  1.2 316528 26212 ?        S    11:27   0:00 nginx: worker process      ", 
        "nobody   10420  0.0  1.2 316528 26208 ?        S    11:27   0:00 nginx: worker process      ", 
        "nobody   10421  0.0  1.2 316528 26208 ?        S    11:27   0:00 nginx: worker process      ", 

        "nobody   10422  0.0  1.2 316528 26208 ?        S    11:27   0:00 nginx: worker process      ", 
        "nobody   10423  0.0  1.0 312276 22192 ?        S    11:27   0:00 nginx: cache manager process", 
        "nobody   10424  0.0  1.0 312276 22048 ?        S    11:27   0:00 nginx: cache loader process", 
        "root     10426  0.0  0.0 103320   884 ?        S    11:27   0:00 grep nginx", 
        "             total       used       free     shared    buffers     cached", 

        "Mem:          2000       1333        666          1        239        377", 
        "-/+ buffers/cache:        716       1283", 
        "Swap:            0          0          0", 
        "-----------------------------------------------------------", 
        "|                     Reload SUCCESS!                     |", 

        "-----------------------------------------------------------"
    ]
}
ok: [13.75.105.75] => {
    "script_result.stdout_lines": [

        "-----------------------------------------------------------", 
        "|                 Checking Nginx Config                   |", 
        "-----------------------------------------------------------", 
        "", 
        " nginx -t ", 

        "", 
        "-----------------------------------------------------------", 
        "|                 Stopping Nginx Process                  |", 
        "-----------------------------------------------------------", 
        "", 

        " /usr/bin/killall -9 nginx ", 
        "", 
        "-----------------------------------------------------------", 
        "|                 Clearing Proxy Cache                    |", 
        "-----------------------------------------------------------", 

        "", 
        " /bin/rm -rf /tmp/nginx_cache ", 
        "", 
        "-----------------------------------------------------------", 
        "|                Restarting Nginx Process                 |", 

        "-----------------------------------------------------------", 
        "root       4209  0.0  0.0 107464  2056 ?        Ss   Jun17   0:00 /sbin/dhclient -q -lf /var/lib/dhclient/dhclient--eth0.lease -pf /var/run/dhclient-eth0.pid -H om-fpms-pms-nginx eth0", 
        "root      49256  1.0  0.0 113180  1500 ?        S    11:27   0:00 /bin/bash /bak/bin/clear_nginxcache.sh", 
        "root      49270  0.0  0.5 315396 21860 ?        Ss   11:27   0:00 nginx: master process /usr/local/nginx/sbin/nginx", 
        "nobody    49272  0.0  0.6 321876 27040 ?        S    11:27   0:00 nginx: worker process", 

        "nobody    49273  0.0  0.6 322100 27044 ?        S    11:27   0:00 nginx: worker process", 
        "nobody    49274  0.0  0.6 321732 27036 ?        S    11:27   0:00 nginx: worker process", 
        "nobody    49275  0.0  0.6 321732 27040 ?        S    11:27   0:00 nginx: worker process", 
        "nobody    49276  0.0  0.5 317480 22348 ?        S    11:27   0:00 nginx: cache manager process", 
        "nobody    49277  0.0  0.5 317480 22348 ?        S    11:27   0:00 nginx: cache loader process", 

        "root      49283  0.0  0.0 112712   956 ?        S    11:27   0:00 grep nginx", 
        "              total        used        free      shared  buff/cache   available", 
        "Mem:           3932         272         161         202        3498        3117", 
        "Swap:             0           0           0", 
        "-----------------------------------------------------------", 

        "|                     Reload SUCCESS!                     |", 
        "-----------------------------------------------------------"
    ]
}


PLAY [127.0.0.1] ***************************************************************

TASK [sync_to_git : Synchronizing Nginx To GIT] ********************************
skipping: [127.0.0.1]


TASK [sync_to_git : debug] *****************************************************
skipping: [127.0.0.1]

PLAY [om-fpms_pms_nginx] *******************************************************


PLAY [127.0.0.1] ***************************************************************

PLAY RECAP *********************************************************************
119.9.108.4                : ok=6    changed=1    unreachable=0    failed=0    skipped=5    rescued=0    ignored=0   
127.0.0.1                  : ok=0    changed=0    unreachable=0    failed=0    skipped=2    rescued=0    ignored=0   

13.75.105.75               : ok=6    changed=1    unreachable=0    failed=0    skipped=5    rescued=0    ignored=0   
154.223.188.192            : ok=6    changed=1    unreachable=0    failed=0    skipped=5    rescued=0    ignored=0   


ESYNC_WORKER1_COMMAND_END
MAX RETRIES EXECUTED, COMMAND NOT RESPONDING