ESYNC_WORKER1_COMMAND_START

PLAY [om-fpms_pms_nginx] *******************************************************

TASK [nginx_sync : Notify] *****************************************************
ok: [154.223.188.192] => {

    "msg": "Syncing om-fpms_pms_nginx"
}
ok: [119.9.108.4] => {
    "msg": "Syncing om-fpms_pms_nginx"
}

ok: [13.75.105.75] => {
    "msg": "Syncing om-fpms_pms_nginx"
}

TASK [nginx_sync : include_vars] ***********************************************

ok: [154.223.188.192]
ok: [119.9.108.4]
ok: [13.75.105.75]

TASK [nginx_sync : Synchronizing Nginx] ****************************************

ok: [119.9.108.4] => (item=conf)
ok: [154.223.188.192] => (item=conf)
changed: [119.9.108.4] => (item=conf.d)
changed: [154.223.188.192] => (item=conf.d)
ok: [119.9.108.4] => (item=data)

ok: [154.223.188.192] => (item=data)
ok: [119.9.108.4] => (item=html)
ok: [154.223.188.192] => (item=html)
ok: [13.75.105.75] => (item=conf)
changed: [13.75.105.75] => (item=conf.d)

ok: [13.75.105.75] => (item=data)
ok: [13.75.105.75] => (item=html)

TASK [all_servers : include_vars] **********************************************
ok: [154.223.188.192]

ok: [119.9.108.4]
ok: [13.75.105.75]

TASK [all_servers : Notify] ****************************************************
ok: [154.223.188.192] => {

    "msg": "Clearing Nginx Cache for om-fpms_pms_nginx"
}
ok: [119.9.108.4] => {
    "msg": "Clearing Nginx Cache for om-fpms_pms_nginx"
}

ok: [13.75.105.75] => {
    "msg": "Clearing Nginx Cache for om-fpms_pms_nginx"
}

TASK [all_servers : Copying clear_nginxcache.sh to remote hosts] ***************

ok: [154.223.188.192]
ok: [13.75.105.75]
ok: [119.9.108.4]

TASK [all_servers : Nginx Clear Cache] *****************************************

changed: [154.223.188.192]
changed: [119.9.108.4]
changed: [13.75.105.75]

TASK [all_servers : debug] *****************************************************

ok: [154.223.188.192] => {
    "script_result.stdout_lines": [
        "-----------------------------------------------------------", 
        "|                 Checking Nginx Config                   |", 
        "-----------------------------------------------------------", 

        "", 
        " nginx -t ", 
        "", 
        "-----------------------------------------------------------", 
        "|                 Stopping Nginx Process                  |", 

        "-----------------------------------------------------------", 
        "", 
        " /usr/bin/killall -9 nginx ", 
        "", 
        "-----------------------------------------------------------", 

        "|                 Clearing Proxy Cache                    |", 
        "-----------------------------------------------------------", 
        "", 
        " /bin/rm -rf /tmp/nginx_cache ", 
        "", 

        "-----------------------------------------------------------", 
        "|                Restarting Nginx Process                 |", 
        "-----------------------------------------------------------", 
        "root     31665  0.0  0.0 106084  1400 ?        S    15:36   0:00 /bin/bash /bak/bin/clear_nginxcache.sh", 
        "root     31671  0.0  1.1 320824 21580 ?        Ss   15:36   0:00 nginx: master process /usr/local/nginx/sbin/nginx", 

        "nobody   31672  0.0  1.3 325076 26000 ?        S    15:36   0:00 nginx: worker process      ", 
        "nobody   31674  0.0  1.3 325076 26000 ?        S    15:36   0:00 nginx: worker process      ", 
        "nobody   31675  0.0  1.3 325076 26000 ?        S    15:36   0:00 nginx: worker process      ", 
        "nobody   31676  0.0  1.3 325076 26000 ?        S    15:36   0:00 nginx: worker process      ", 
        "nobody   31677  0.0  1.1 320824 21984 ?        S    15:36   0:00 nginx: cache manager process", 

        "nobody   31678  0.0  1.1 320824 21940 ?        S    15:36   0:00 nginx: cache loader process", 
        "root     31680  0.0  0.0 103260   852 ?        S    15:36   0:00 grep nginx", 
        "             total       used       free     shared    buffers     cached", 
        "Mem:          1877        937        939          0         68        359", 
        "-/+ buffers/cache:        509       1367", 

        "Swap:         2047          0       2047", 
        "-----------------------------------------------------------", 
        "|                     Reload SUCCESS!                     |", 
        "-----------------------------------------------------------"
    ]

}
ok: [119.9.108.4] => {
    "script_result.stdout_lines": [
        "-----------------------------------------------------------", 
        "|                 Checking Nginx Config                   |", 

        "-----------------------------------------------------------", 
        "", 
        " nginx -t ", 
        "", 
        "-----------------------------------------------------------", 

        "|                 Stopping Nginx Process                  |", 
        "-----------------------------------------------------------", 
        "", 
        " /usr/bin/killall -9 nginx ", 
        "", 

        "-----------------------------------------------------------", 
        "|                 Clearing Proxy Cache                    |", 
        "-----------------------------------------------------------", 
        "", 
        " /bin/rm -rf /tmp/nginx_cache ", 

        "", 
        "-----------------------------------------------------------", 
        "|                Restarting Nginx Process                 |", 
        "-----------------------------------------------------------", 
        "root     27468  0.4  0.0 106080  1428 ?        S    15:36   0:00 /bin/bash /bak/bin/clear_nginxcache.sh", 

        "root     27474  0.0  1.0 312040 21540 ?        Ss   15:36   0:00 nginx: master process /usr/local/nginx/sbin/nginx", 
        "nobody   27476  0.0  1.2 316292 25880 ?        S    15:36   0:00 nginx: worker process      ", 
        "nobody   27477  0.0  1.2 316292 25888 ?        S    15:36   0:00 nginx: worker process      ", 
        "nobody   27478  0.0  1.2 316292 25880 ?        S    15:36   0:00 nginx: worker process      ", 
        "nobody   27479  0.0  1.2 316292 25880 ?        S    15:36   0:00 nginx: worker process      ", 

        "nobody   27480  0.0  1.0 312040 21860 ?        S    15:36   0:00 nginx: cache manager process", 
        "nobody   27481  0.0  1.0 312040 21812 ?        S    15:36   0:00 nginx: cache loader process", 
        "root     27483  0.0  0.0 103320   884 ?        S    15:36   0:00 grep nginx", 
        "             total       used       free     shared    buffers     cached", 
        "Mem:          2000       1711        289          1        220        530", 

        "-/+ buffers/cache:        960       1039", 
        "Swap:            0          0          0", 
        "-----------------------------------------------------------", 
        "|                     Reload SUCCESS!                     |", 
        "-----------------------------------------------------------"

    ]
}
ok: [13.75.105.75] => {
    "script_result.stdout_lines": [
        "-----------------------------------------------------------", 

        "|                 Checking Nginx Config                   |", 
        "-----------------------------------------------------------", 
        "", 
        " nginx -t ", 
        "", 

        "-----------------------------------------------------------", 
        "|                 Stopping Nginx Process                  |", 
        "-----------------------------------------------------------", 
        "", 
        " /usr/bin/killall -9 nginx ", 

        "", 
        "-----------------------------------------------------------", 
        "|                 Clearing Proxy Cache                    |", 
        "-----------------------------------------------------------", 
        "", 

        " /bin/rm -rf /tmp/nginx_cache ", 
        "", 
        "-----------------------------------------------------------", 
        "|                Restarting Nginx Process                 |", 
        "-----------------------------------------------------------", 

        "root       4209  0.0  0.0 107464  2304 ?        Ss   Jun17   0:00 /sbin/dhclient -q -lf /var/lib/dhclient/dhclient--eth0.lease -pf /var/run/dhclient-eth0.pid -H om-fpms-pms-nginx eth0", 
        "root      34017  0.0  0.5 315224 21688 ?        Ss   Jun18   0:00 nginx: master process /usr/local/nginx/sbin/nginx", 
        "nobody    34019  0.0  0.7 323776 29440 ?        S    Jun18   0:01 nginx: worker process", 
        "nobody    34020  0.0  0.7 323540 30192 ?        S    Jun18   0:01 nginx: worker process", 
        "nobody    34021  0.0  0.7 325064 30940 ?        S    Jun18   0:03 nginx: worker process", 

        "nobody    34022  0.0  0.7 321676 28324 ?        S    Jun18   0:01 nginx: worker process", 
        "nobody    34023  0.0  0.5 317308 22420 ?        S    Jun18   0:00 nginx: cache manager process", 
        "root     124915  0.5  0.0 113180  1496 ?        S    15:36   0:00 /bin/bash /bak/bin/clear_nginxcache.sh", 
        "root     124923  0.0  0.0 112712   956 ?        S    15:36   0:00 grep nginx", 
        "              total        used        free      shared  buff/cache   available", 

        "Mem:           3932         315         167         190        3449        3074", 
        "Swap:             0           0           0", 
        "-----------------------------------------------------------", 
        "|                     Reload SUCCESS!                     |", 
        "-----------------------------------------------------------"

    ]
}

PLAY [127.0.0.1] ***************************************************************


TASK [sync_to_git : Synchronizing Nginx To GIT] ********************************
changed: [127.0.0.1]

TASK [sync_to_git : debug] *****************************************************
ok: [127.0.0.1] => {

    "script_result.stdout_lines": [
        "[master eb76f73] quincy", 
        " 1 file changed, 1 insertion(+)", 
        "Branch master set up to track remote branch master from origin."
    ]

}

PLAY [om-fpms_pms_nginx] *******************************************************

PLAY [127.0.0.1] ***************************************************************


PLAY RECAP *********************************************************************
119.9.108.4                : ok=8    changed=2    unreachable=0    failed=0   
127.0.0.1                  : ok=2    changed=1    unreachable=0    failed=0   
13.75.105.75               : ok=8    changed=2    unreachable=0    failed=0   

154.223.188.192            : ok=8    changed=2    unreachable=0    failed=0   


ESYNC_WORKER1_COMMAND_END
MAX RETRIES EXECUTED, COMMAND NOT RESPONDING