--- /ansible/nginx/hostgroups/om-fpms_pms_nginx/nginx/conf.d/other/payhome.site.conf	2019-05-17 18:33:51.088903699 +0800
+++ /tmp/payhome.site.conf	2019-07-02 12:01:29.560214768 +0800
@@ -51,6 +51,50 @@
        # }
 }
 
+
+
+
+
+server {
+        listen      443 ssl;
+        server_name www.payhome.site;
+        index   index.jsp index.html index.htm;
+        charset utf-8;
+  
+  	ssl on;
+    ssl_certificate /usr/local/nginx/conf.d/ssl/payhome.site/fullchain.pem;
+    ssl_certificate_key /usr/local/nginx/conf.d/ssl/payhome.site/privkey.pem;
+  
+        access_log  logs/pms2-80.access.log main;
+        access_log  logs/pms2-80.logstash.access.log logstash;
+        location ~ ^/(WEB-INF)/ {
+            deny all;
+        }
+  
+        location / {
+		   include /usr/local/nginx/conf.d/global/whitelist_map2.conf;
+           proxy_redirect          off; 
+				proxy_set_header        Host            $host; 
+				proxy_set_header        X-Real-IP       $remote_addr;
+				proxy_set_header        referer         "";
+				proxy_set_header        X-Forwarded-For $proxy_add_x_forwarded_for; 
+				proxy_connect_timeout   80; 
+				proxy_send_timeout      80; 
+				proxy_read_timeout      80; 
+				client_max_body_size    35m;
+				client_body_buffer_size 256k;
+				proxy_buffer_size       256k;
+				proxy_buffers           4 256k;
+				proxy_busy_buffers_size 256k;
+				proxy_temp_file_write_size      256k;
+            proxy_pass http://pms2_web;
+        }
+}
+
+
+
+
+
 server {
         listen      9005;
         server_name www.payhome.site;

