ESYNC_WORKER1_COMMAND_START
[WARNING]: Invalid characters were found in group names but not replaced, use
-vvvv to see details

PLAY [om-fpms_pms_nginx] *******************************************************


TASK [Gathering Facts] *********************************************************
ok: [13.75.105.75]
ok: [119.9.108.4]

TASK [nginx_sync : Change python interpreter] **********************************

ok: [119.9.108.4]
skipping: [13.75.105.75]

TASK [nginx_sync : change python interpreter] **********************************
ok: [119.9.108.4]

skipping: [13.75.105.75]

TASK [nginx_sync : Notify] *****************************************************
ok: [119.9.108.4] => {
    "msg": "Syncing om-fpms_pms_nginx"

}
ok: [13.75.105.75] => {
    "msg": "Syncing om-fpms_pms_nginx"
}


TASK [nginx_sync : include_vars] ***********************************************
ok: [119.9.108.4]
ok: [13.75.105.75]

TASK [nginx_sync : Synchronizing Nginx] ****************************************

ok: [13.75.105.75] => (item=conf)
ok: [119.9.108.4] => (item=conf)
changed: [119.9.108.4] => (item=conf.d)
changed: [13.75.105.75] => (item=conf.d)
ok: [119.9.108.4] => (item=data)

ok: [119.9.108.4] => (item=html)
ok: [13.75.105.75] => (item=data)
ok: [13.75.105.75] => (item=html)

TASK [nginx_sync : Set HTML Dir to root] ***************************************

ok: [13.75.105.75]
ok: [119.9.108.4]

TASK [all_servers : include_vars] **********************************************
ok: [119.9.108.4]

ok: [13.75.105.75]

TASK [all_servers : Notify] ****************************************************
ok: [119.9.108.4] => {
    "msg": "Clearing Nginx Cache for om-fpms_pms_nginx"

}
ok: [13.75.105.75] => {
    "msg": "Clearing Nginx Cache for om-fpms_pms_nginx"
}


TASK [all_servers : Copying clear_nginxcache.sh to remote hosts] ***************
ok: [13.75.105.75]
ok: [119.9.108.4]

TASK [all_servers : Nginx Clear Cache] *****************************************

changed: [13.75.105.75]
changed: [119.9.108.4]

TASK [all_servers : debug] *****************************************************
ok: [119.9.108.4] => {

    "script_result.stdout_lines": [
        "-----------------------------------------------------------", 
        "|                 Checking Nginx Config                   |", 
        "-----------------------------------------------------------", 
        "", 

        " nginx -t ", 
        "", 
        "-----------------------------------------------------------", 
        "|                 Stopping Nginx Process                  |", 
        "-----------------------------------------------------------", 

        "", 
        " /usr/bin/killall -9 nginx ", 
        "", 
        "-----------------------------------------------------------", 
        "|                 Clearing Proxy Cache                    |", 

        "-----------------------------------------------------------", 
        "", 
        " /bin/rm -rf /tmp/nginx_cache ", 
        "", 
        "-----------------------------------------------------------", 

        "|                Restarting Nginx Process                 |", 
        "-----------------------------------------------------------", 
        "root     15211  0.3  0.0 106080  1424 ?        S    16:04   0:00 /bin/bash /bak/bin/clear_nginxcache.sh", 
        "root     15217  0.0  1.0 313032 22508 ?        Ss   16:04   0:00 nginx: master process /usr/local/nginx/sbin/nginx", 
        "nobody   15219  1.5  1.3 317284 28240 ?        S    16:04   0:00 nginx: worker process      ", 

        "nobody   15220  2.0  1.3 317816 28416 ?        S    16:04   0:00 nginx: worker process      ", 
        "nobody   15221  1.0  1.3 317284 28140 ?        S    16:04   0:00 nginx: worker process      ", 
        "nobody   15222  1.0  1.3 317284 28148 ?        S    16:04   0:00 nginx: worker process      ", 
        "nobody   15223  0.0  1.1 313032 22840 ?        S    16:04   0:00 nginx: cache manager process", 
        "nobody   15224  0.0  1.1 313032 22792 ?        S    16:04   0:00 nginx: cache loader process", 

        "root     15230  0.0  0.0 103324   892 ?        S    16:04   0:00 grep nginx", 
        "             total       used       free     shared    buffers     cached", 
        "Mem:          2000       1586        413          1        157        892", 
        "-/+ buffers/cache:        536       1463", 
        "Swap:            0          0          0", 

        "-----------------------------------------------------------", 
        "|                     Reload SUCCESS!                     |", 
        "-----------------------------------------------------------"
    ]
}

ok: [13.75.105.75] => {
    "script_result.stdout_lines": [
        "-----------------------------------------------------------", 
        "|                 Checking Nginx Config                   |", 
        "-----------------------------------------------------------", 

        "", 
        " nginx -t ", 
        "", 
        "-----------------------------------------------------------", 
        "|                 Stopping Nginx Process                  |", 

        "-----------------------------------------------------------", 
        "", 
        " /usr/bin/killall -9 nginx ", 
        "", 
        "-----------------------------------------------------------", 

        "|                 Clearing Proxy Cache                    |", 
        "-----------------------------------------------------------", 
        "", 
        " /bin/rm -rf /tmp/nginx_cache ", 
        "", 

        "-----------------------------------------------------------", 
        "|                Restarting Nginx Process                 |", 
        "-----------------------------------------------------------", 
        "root       4209  0.0  0.0 107464  2092 ?        Ss    2019   0:00 /sbin/dhclient -q -lf /var/lib/dhclient/dhclient--eth0.lease -pf /var/run/dhclient-eth0.pid -H om-fpms-pms-nginx eth0", 
        "root      46341  0.8  0.0 113180  1500 ?        S    16:04   0:00 /bin/bash /bak/bin/clear_nginxcache.sh", 

        "root      46352  0.0  0.5 316172 22616 ?        Ss   16:04   0:00 nginx: master process /usr/local/nginx/sbin/nginx", 
        "nobody    46354  1.0  0.7 322652 28988 ?        S    16:04   0:00 nginx: worker process", 
        "nobody    46355  1.0  0.7 322752 29004 ?        S    16:04   0:00 nginx: worker process", 
        "nobody    46356  1.0  0.7 322796 29224 ?        S    16:04   0:00 nginx: worker process", 
        "nobody    46357  1.0  0.7 322648 28972 ?        S    16:04   0:00 nginx: worker process", 

        "nobody    46358  0.0  0.5 318256 23104 ?        S    16:04   0:00 nginx: cache manager process", 
        "nobody    46359  0.0  0.5 318256 23104 ?        S    16:04   0:00 nginx: cache loader process", 
        "root      46365  0.0  0.0 112712   960 ?        S    16:04   0:00 grep nginx", 
        "              total        used        free      shared  buff/cache   available", 
        "Mem:           3932         462         449         202        3020        2916", 

        "Swap:             0           0           0", 
        "-----------------------------------------------------------", 
        "|                     Reload SUCCESS!                     |", 
        "-----------------------------------------------------------"
    ]

}

PLAY [127.0.0.1] ***************************************************************

TASK [sync_to_git : Synchronizing Nginx To GIT] ********************************

changed: [127.0.0.1]

TASK [sync_to_git : debug] *****************************************************
ok: [127.0.0.1] => {
    "msg": " [u'[master 1203e0c] quincy', u' 1 file changed, 7 insertions(+), 4 deletions(-)', u'Branch master set up to track remote branch master from origin.']"

}

PLAY [om-fpms_pms_nginx] *******************************************************

PLAY [127.0.0.1] ***************************************************************


PLAY RECAP *********************************************************************
119.9.108.4                : ok=12   changed=2    unreachable=0    failed=0    skipped=0    rescued=0    ignored=0   
127.0.0.1                  : ok=2    changed=1    unreachable=0    failed=0    skipped=0    rescued=0    ignored=0   
13.75.105.75               : ok=10   changed=2    unreachable=0    failed=0    skipped=2    rescued=0    ignored=0   



ESYNC_WORKER1_COMMAND_END
MAX RETRIES EXECUTED, COMMAND NOT RESPONDING