ESYNC_WORKER1_COMMAND_START

PLAY [om-fpms_pms_nginx] *******************************************************

TASK [nginx_sync : Notify] *****************************************************
ok: [119.9.104.64] => {

    "msg": "Syncing om-fpms_pms_nginx"
}
ok: [154.223.188.192] => {
    "msg": "Syncing om-fpms_pms_nginx"
}

ok: [119.9.108.4] => {
    "msg": "Syncing om-fpms_pms_nginx"
}

TASK [nginx_sync : include_vars] ***********************************************

ok: [119.9.104.64]
ok: [154.223.188.192]
ok: [119.9.108.4]

TASK [nginx_sync : Synchronizing Nginx] ****************************************

ok: [119.9.104.64] => (item=conf)
ok: [154.223.188.192] => (item=conf)
ok: [119.9.108.4] => (item=conf)
changed: [119.9.108.4] => (item=conf.d)
changed: [154.223.188.192] => (item=conf.d)

changed: [119.9.104.64] => (item=conf.d)
ok: [119.9.108.4] => (item=data)
ok: [119.9.104.64] => (item=data)
ok: [154.223.188.192] => (item=data)
ok: [119.9.104.64] => (item=html)

ok: [119.9.108.4] => (item=html)
ok: [154.223.188.192] => (item=html)

TASK [all_servers : include_vars] **********************************************
ok: [119.9.104.64]

ok: [154.223.188.192]
ok: [119.9.108.4]

TASK [all_servers : Notify] ****************************************************
ok: [119.9.104.64] => {

    "msg": "Clearing Nginx Cache for om-fpms_pms_nginx"
}
ok: [154.223.188.192] => {
    "msg": "Clearing Nginx Cache for om-fpms_pms_nginx"
}

ok: [119.9.108.4] => {
    "msg": "Clearing Nginx Cache for om-fpms_pms_nginx"
}

TASK [all_servers : Copying clear_nginxcache.sh to remote hosts] ***************

ok: [154.223.188.192]
ok: [119.9.108.4]
ok: [119.9.104.64]

TASK [all_servers : Nginx Clear Cache] *****************************************

changed: [154.223.188.192]
changed: [119.9.104.64]
changed: [119.9.108.4]

TASK [all_servers : debug] *****************************************************

ok: [119.9.104.64] => {
    "script_result.stdout_lines": [
        "-----------------------------------------------------------", 
        "|                 Checking Nginx Config                   |", 
        "-----------------------------------------------------------", 

        "", 
        " nginx -t ", 
        "", 
        "-----------------------------------------------------------", 
        "|                 Stopping Nginx Process                  |", 

        "-----------------------------------------------------------", 
        "", 
        " /usr/bin/killall -9 nginx ", 
        "", 
        "-----------------------------------------------------------", 

        "|                 Clearing Proxy Cache                    |", 
        "-----------------------------------------------------------", 
        "", 
        " /bin/rm -rf /tmp/nginx_cache ", 
        "", 

        "-----------------------------------------------------------", 
        "|                Restarting Nginx Process                 |", 
        "-----------------------------------------------------------", 
        "root     30293  0.4  0.0 106080  1428 ?        S    16:40   0:00 /bin/bash /bak/bin/clear_nginxcache.sh", 
        "root     30305  0.0  1.0 312400 21692 ?        Ss   16:40   0:00 nginx: master process /usr/local/nginx/sbin/nginx", 

        "nobody   30306  0.0  1.2 316572 26048 ?        S    16:40   0:00 nginx: worker process      ", 
        "nobody   30308  0.0  1.2 316572 25952 ?        S    16:40   0:00 nginx: worker process      ", 
        "nobody   30309  0.0  1.2 316572 26048 ?        S    16:40   0:00 nginx: worker process      ", 
        "nobody   30310  0.0  1.2 316572 26048 ?        S    16:40   0:00 nginx: worker process      ", 
        "nobody   30311  0.0  1.0 312400 22008 ?        S    16:40   0:00 nginx: cache manager process", 

        "nobody   30312  0.0  1.0 312400 21952 ?        S    16:40   0:00 nginx: cache loader process", 
        "root     30317  0.0  0.0 103320   884 ?        S    16:40   0:00 grep nginx", 
        "             total       used       free     shared    buffers     cached", 
        "Mem:          2000       1886        113          1        101        138", 
        "-/+ buffers/cache:       1646        353", 

        "Swap:            0          0          0", 
        "-----------------------------------------------------------", 
        "|                     Reload SUCCESS!                     |", 
        "-----------------------------------------------------------"
    ]

}
ok: [154.223.188.192] => {
    "script_result.stdout_lines": [
        "-----------------------------------------------------------", 
        "|                 Checking Nginx Config                   |", 

        "-----------------------------------------------------------", 
        "", 
        " nginx -t ", 
        "", 
        "-----------------------------------------------------------", 

        "|                 Stopping Nginx Process                  |", 
        "-----------------------------------------------------------", 
        "", 
        " /usr/bin/killall -9 nginx ", 
        "", 

        "-----------------------------------------------------------", 
        "|                 Clearing Proxy Cache                    |", 
        "-----------------------------------------------------------", 
        "", 
        " /bin/rm -rf /tmp/nginx_cache ", 

        "", 
        "-----------------------------------------------------------", 
        "|                Restarting Nginx Process                 |", 
        "-----------------------------------------------------------", 
        "root     26953  0.0  0.0 106084  1404 ?        S    16:40   0:00 /bin/bash /bak/bin/clear_nginxcache.sh", 

        "root     26973  0.0  1.1 320840 21596 ?        Ss   16:40   0:00 nginx: master process /usr/local/nginx/sbin/nginx", 
        "nobody   26975  0.0  1.3 325092 26368 ?        S    16:40   0:00 nginx: worker process      ", 
        "nobody   26976  0.0  1.3 325092 26420 ?        S    16:40   0:00 nginx: worker process      ", 
        "nobody   26977  0.0  1.3 325092 26100 ?        S    16:40   0:00 nginx: worker process      ", 
        "nobody   26978  0.0  1.3 325092 26400 ?        S    16:40   0:00 nginx: worker process      ", 

        "nobody   26979  0.0  1.1 320840 22000 ?        S    16:40   0:00 nginx: cache manager process", 
        "nobody   26980  0.0  1.1 320840 21956 ?        S    16:40   0:00 nginx: cache loader process", 
        "root     26982  0.0  0.0 103260   852 ?        S    16:40   0:00 grep nginx", 
        "             total       used       free     shared    buffers     cached", 
        "Mem:          1877       1590        287          0        266        638", 

        "-/+ buffers/cache:        685       1191", 
        "Swap:         2047         76       1971", 
        "-----------------------------------------------------------", 
        "|                     Reload SUCCESS!                     |", 
        "-----------------------------------------------------------"

    ]
}
ok: [119.9.108.4] => {
    "script_result.stdout_lines": [
        "-----------------------------------------------------------", 

        "|                 Checking Nginx Config                   |", 
        "-----------------------------------------------------------", 
        "", 
        " nginx -t ", 
        "", 

        "-----------------------------------------------------------", 
        "|                 Stopping Nginx Process                  |", 
        "-----------------------------------------------------------", 
        "", 
        " /usr/bin/killall -9 nginx ", 

        "", 
        "-----------------------------------------------------------", 
        "|                 Clearing Proxy Cache                    |", 
        "-----------------------------------------------------------", 
        "", 

        " /bin/rm -rf /tmp/nginx_cache ", 
        "", 
        "-----------------------------------------------------------", 
        "|                Restarting Nginx Process                 |", 
        "-----------------------------------------------------------", 

        "root     31966  0.6  0.0 106080  1428 ?        S    16:40   0:00 /bin/bash /bak/bin/clear_nginxcache.sh", 
        "root     31972  0.0  1.0 312072 21560 ?        Ss   16:40   0:00 nginx: master process /usr/local/nginx/sbin/nginx", 
        "nobody   31974  0.0  1.2 316324 25904 ?        S    16:40   0:00 nginx: worker process      ", 
        "nobody   31975  0.0  1.2 316324 25908 ?        S    16:40   0:00 nginx: worker process      ", 
        "nobody   31976  0.0  1.2 316324 25904 ?        S    16:40   0:00 nginx: worker process      ", 

        "nobody   31977  0.0  1.2 316324 25904 ?        S    16:40   0:00 nginx: worker process      ", 
        "nobody   31978  0.0  1.0 312072 21884 ?        S    16:40   0:00 nginx: cache manager process", 
        "nobody   31979  0.0  1.0 312072 21836 ?        S    16:40   0:00 nginx: cache loader process", 
        "root     31981  0.0  0.0 103324   888 ?        S    16:40   0:00 grep nginx", 
        "             total       used       free     shared    buffers     cached", 

        "Mem:          2000       1677        322          1        174        130", 
        "-/+ buffers/cache:       1372        627", 
        "Swap:            0          0          0", 
        "-----------------------------------------------------------", 
        "|                     Reload SUCCESS!                     |", 

        "-----------------------------------------------------------"
    ]
}

PLAY [127.0.0.1] ***************************************************************


TASK [sync_to_git : Synchronizing Nginx To GIT] ********************************
changed: [127.0.0.1]

TASK [sync_to_git : debug] *****************************************************

ok: [127.0.0.1] => {
    "script_result.stdout_lines": [
        "[master 705887d] quincy", 
        " 1 file changed, 1 insertion(+)", 
        "Branch master set up to track remote branch master from origin."

    ]
}

PLAY [om-fpms_pms_nginx] *******************************************************


PLAY [127.0.0.1] ***************************************************************

PLAY RECAP *********************************************************************
119.9.104.64               : ok=8    changed=2    unreachable=0    failed=0   
119.9.108.4                : ok=8    changed=2    unreachable=0    failed=0   

127.0.0.1                  : ok=2    changed=1    unreachable=0    failed=0   
154.223.188.192            : ok=8    changed=2    unreachable=0    failed=0   


ESYNC_WORKER1_COMMAND_END
MAX RETRIES EXECUTED, COMMAND NOT RESPONDING