ESYNC_WORKER1_COMMAND_START
 [WARNING]: Invalid characters were found in group names but not replaced, use
-vvvv to see details

PLAY [om-fpms_pms_nginx] *******************************************************


TASK [Gathering Facts] *********************************************************
ok: [154.223.188.192]
ok: [13.75.105.75]
ok: [119.9.108.4]


TASK [nginx_sync : Change python interpreter] **********************************
skipping: [154.223.188.192]
skipping: [119.9.108.4]
skipping: [13.75.105.75]


TASK [nginx_sync : change python interpreter] **********************************
skipping: [154.223.188.192]
skipping: [119.9.108.4]
skipping: [13.75.105.75]


TASK [nginx_sync : Notify] *****************************************************
skipping: [154.223.188.192]
skipping: [119.9.108.4]
skipping: [13.75.105.75]


TASK [nginx_sync : include_vars] ***********************************************
skipping: [154.223.188.192]
skipping: [119.9.108.4]
skipping: [13.75.105.75]


TASK [nginx_sync : Synchronizing Nginx] ****************************************
skipping: [154.223.188.192] => (item=conf) 
skipping: [154.223.188.192] => (item=conf.d) 
skipping: [154.223.188.192] => (item=data) 
skipping: [154.223.188.192] => (item=html) 

skipping: [119.9.108.4] => (item=conf) 
skipping: [119.9.108.4] => (item=conf.d) 
skipping: [119.9.108.4] => (item=data) 
skipping: [119.9.108.4] => (item=html) 
skipping: [13.75.105.75] => (item=conf) 

skipping: [13.75.105.75] => (item=conf.d) 
skipping: [13.75.105.75] => (item=data) 
skipping: [13.75.105.75] => (item=html) 

TASK [all_servers : include_vars] **********************************************

ok: [154.223.188.192]
ok: [119.9.108.4]
ok: [13.75.105.75]

TASK [all_servers : Notify] ****************************************************

ok: [154.223.188.192] => {
    "msg": "Clearing Nginx Cache for om-fpms_pms_nginx"
}
ok: [119.9.108.4] => {
    "msg": "Clearing Nginx Cache for om-fpms_pms_nginx"

}
ok: [13.75.105.75] => {
    "msg": "Clearing Nginx Cache for om-fpms_pms_nginx"
}


TASK [all_servers : Copying clear_nginxcache.sh to remote hosts] ***************
ok: [13.75.105.75]
ok: [119.9.108.4]
ok: [154.223.188.192]


TASK [all_servers : Nginx Clear Cache] *****************************************
changed: [13.75.105.75]
changed: [154.223.188.192]
changed: [119.9.108.4]


TASK [all_servers : debug] *****************************************************
ok: [154.223.188.192] => {
    "script_result.stdout_lines": [
        "-----------------------------------------------------------", 
        "|                 Checking Nginx Config                   |", 

        "-----------------------------------------------------------", 
        "", 
        " nginx -t ", 
        "", 
        "-----------------------------------------------------------", 

        "|                 Stopping Nginx Process                  |", 
        "-----------------------------------------------------------", 
        "", 
        " /usr/bin/killall -9 nginx ", 
        "", 

        "-----------------------------------------------------------", 
        "|                 Clearing Proxy Cache                    |", 
        "-----------------------------------------------------------", 
        "", 
        " /bin/rm -rf /tmp/nginx_cache ", 

        "", 
        "-----------------------------------------------------------", 
        "|                Restarting Nginx Process                 |", 
        "-----------------------------------------------------------", 
        "root     11384  0.0  0.0 106084  1400 ?        S    12:10   0:00 /bin/bash /bak/bin/clear_nginxcache.sh", 

        "root     11399  0.0  1.1 320836 21600 ?        Ss   12:10   0:00 nginx: master process /usr/local/nginx/sbin/nginx", 
        "nobody   11401  0.0  1.3 325088 26700 ?        S    12:10   0:00 nginx: worker process      ", 
        "nobody   11402  0.0  1.3 325088 26032 ?        S    12:10   0:00 nginx: worker process      ", 
        "nobody   11403  0.0  1.3 325088 26020 ?        S    12:10   0:00 nginx: worker process      ", 
        "nobody   11404  0.0  1.3 325088 26032 ?        S    12:10   0:00 nginx: worker process      ", 

        "nobody   11405  0.0  1.1 320836 22004 ?        S    12:10   0:00 nginx: cache manager process", 
        "nobody   11406  0.0  1.1 320836 21960 ?        S    12:10   0:00 nginx: cache loader process", 
        "root     11421  0.0  0.0 103260   848 ?        S    12:10   0:00 grep nginx", 
        "             total       used       free     shared    buffers     cached", 
        "Mem:          1877       1725        151          0        219       1000", 

        "-/+ buffers/cache:        505       1371", 
        "Swap:         2047         11       2036", 
        "-----------------------------------------------------------", 
        "|                     Reload SUCCESS!                     |", 
        "-----------------------------------------------------------"

    ]
}
ok: [119.9.108.4] => {
    "script_result.stdout_lines": [
        "-----------------------------------------------------------", 

        "|                 Checking Nginx Config                   |", 
        "-----------------------------------------------------------", 
        "", 
        " nginx -t ", 
        "", 

        "-----------------------------------------------------------", 
        "|                 Stopping Nginx Process                  |", 
        "-----------------------------------------------------------", 
        "", 
        " /usr/bin/killall -9 nginx ", 

        "", 
        "-----------------------------------------------------------", 
        "|                 Clearing Proxy Cache                    |", 
        "-----------------------------------------------------------", 
        "", 

        " /bin/rm -rf /tmp/nginx_cache ", 
        "", 
        "-----------------------------------------------------------", 
        "|                Restarting Nginx Process                 |", 
        "-----------------------------------------------------------", 

        "root     10240  0.5  0.0 106080  1424 ?        S    12:10   0:00 /bin/bash /bak/bin/clear_nginxcache.sh", 
        "root     10246  0.0  1.0 312072 21560 ?        Ss   12:10   0:00 nginx: master process /usr/local/nginx/sbin/nginx", 
        "nobody   10247  0.0  1.2 316324 25900 ?        S    12:10   0:00 nginx: worker process      ", 
        "nobody   10249  0.0  1.2 316324 25908 ?        S    12:10   0:00 nginx: worker process      ", 
        "nobody   10250  0.0  1.2 316324 25900 ?        S    12:10   0:00 nginx: worker process      ", 

        "nobody   10251  0.0  1.2 316324 25900 ?        S    12:10   0:00 nginx: worker process      ", 
        "nobody   10252  0.0  1.0 312072 21888 ?        S    12:10   0:00 nginx: cache manager process", 
        "nobody   10253  0.0  1.0 312072 21840 ?        S    12:10   0:00 nginx: cache loader process", 
        "root     10255  0.0  0.0 103320   880 ?        S    12:10   0:00 grep nginx", 
        "             total       used       free     shared    buffers     cached", 

        "Mem:          2000       1075        924          1        247        417", 
        "-/+ buffers/cache:        410       1589", 
        "Swap:            0          0          0", 
        "-----------------------------------------------------------", 
        "|                     Reload SUCCESS!                     |", 

        "-----------------------------------------------------------"
    ]
}
ok: [13.75.105.75] => {
    "script_result.stdout_lines": [

        "-----------------------------------------------------------", 
        "|                 Checking Nginx Config                   |", 
        "-----------------------------------------------------------", 
        "", 
        " nginx -t ", 

        "", 
        "-----------------------------------------------------------", 
        "|                 Stopping Nginx Process                  |", 
        "-----------------------------------------------------------", 
        "", 

        " /usr/bin/killall -9 nginx ", 
        "", 
        "-----------------------------------------------------------", 
        "|                 Clearing Proxy Cache                    |", 
        "-----------------------------------------------------------", 

        "", 
        " /bin/rm -rf /tmp/nginx_cache ", 
        "", 
        "-----------------------------------------------------------", 
        "|                Restarting Nginx Process                 |", 

        "-----------------------------------------------------------", 
        "root       4209  0.0  0.0 107464  2056 ?        Ss   Jun17   0:00 /sbin/dhclient -q -lf /var/lib/dhclient/dhclient--eth0.lease -pf /var/run/dhclient-eth0.pid -H om-fpms-pms-nginx eth0", 
        "root      45107  1.0  0.0 113180  1500 ?        S    12:10   0:00 /bin/bash /bak/bin/clear_nginxcache.sh", 
        "root      45117  0.0  0.5 315188 21648 ?        Ss   12:10   0:00 nginx: master process /usr/local/nginx/sbin/nginx", 
        "nobody    45119  0.0  0.6 321524 26824 ?        S    12:10   0:00 nginx: worker process", 

        "nobody    45120  0.0  0.6 321524 26820 ?        S    12:10   0:00 nginx: worker process", 
        "nobody    45121  0.0  0.6 321524 26596 ?        S    12:10   0:00 nginx: worker process", 
        "nobody    45122  0.0  0.6 321524 26348 ?        S    12:10   0:00 nginx: worker process", 
        "nobody    45123  0.0  0.5 317272 22136 ?        S    12:10   0:00 nginx: cache manager process", 
        "nobody    45124  0.0  0.5 317272 22136 ?        S    12:10   0:00 nginx: cache loader process", 

        "root      45128  0.0  0.0 112712   956 ?        S    12:10   0:00 grep nginx", 
        "              total        used        free      shared  buff/cache   available", 
        "Mem:           3932         265         169         202        3497        3125", 
        "Swap:             0           0           0", 
        "-----------------------------------------------------------", 

        "|                     Reload SUCCESS!                     |", 
        "-----------------------------------------------------------"
    ]
}


PLAY [127.0.0.1] ***************************************************************

TASK [sync_to_git : Synchronizing Nginx To GIT] ********************************
skipping: [127.0.0.1]


TASK [sync_to_git : debug] *****************************************************
skipping: [127.0.0.1]

PLAY [om-fpms_pms_nginx] *******************************************************


PLAY [127.0.0.1] ***************************************************************

PLAY RECAP *********************************************************************
119.9.108.4                : ok=6    changed=1    unreachable=0    failed=0    skipped=5    rescued=0    ignored=0   
127.0.0.1                  : ok=0    changed=0    unreachable=0    failed=0    skipped=2    rescued=0    ignored=0   

13.75.105.75               : ok=6    changed=1    unreachable=0    failed=0    skipped=5    rescued=0    ignored=0   
154.223.188.192            : ok=6    changed=1    unreachable=0    failed=0    skipped=5    rescued=0    ignored=0   


ESYNC_WORKER1_COMMAND_END
MAX RETRIES EXECUTED, COMMAND NOT RESPONDING