ESYNC_WORKER1_COMMAND_START
 [WARNING]: Invalid characters were found in group names but not replaced, use
-vvvv to see details

PLAY [om-fpms_pms_nginx] *******************************************************


TASK [Gathering Facts] *********************************************************
ok: [13.75.105.75]
ok: [119.9.108.4]
ok: [154.223.188.192]


TASK [nginx_sync : Change python interpreter] **********************************
ok: [154.223.188.192]
ok: [119.9.108.4]
skipping: [13.75.105.75]


TASK [nginx_sync : change python interpreter] **********************************
ok: [154.223.188.192]
ok: [119.9.108.4]
skipping: [13.75.105.75]


TASK [nginx_sync : Notify] *****************************************************
ok: [154.223.188.192] => {
    "msg": "Syncing om-fpms_pms_nginx"
}
ok: [119.9.108.4] => {

    "msg": "Syncing om-fpms_pms_nginx"
}
ok: [13.75.105.75] => {
    "msg": "Syncing om-fpms_pms_nginx"
}


TASK [nginx_sync : include_vars] ***********************************************
ok: [154.223.188.192]
ok: [119.9.108.4]
ok: [13.75.105.75]


TASK [nginx_sync : Synchronizing Nginx] ****************************************
ok: [13.75.105.75] => (item=conf)
ok: [119.9.108.4] => (item=conf)
ok: [154.223.188.192] => (item=conf)

changed: [13.75.105.75] => (item=conf.d)
changed: [119.9.108.4] => (item=conf.d)
changed: [154.223.188.192] => (item=conf.d)
ok: [13.75.105.75] => (item=data)
ok: [119.9.108.4] => (item=data)

ok: [154.223.188.192] => (item=data)
ok: [13.75.105.75] => (item=html)
ok: [119.9.108.4] => (item=html)
ok: [154.223.188.192] => (item=html)


TASK [all_servers : include_vars] **********************************************
ok: [154.223.188.192]
ok: [119.9.108.4]
ok: [13.75.105.75]


TASK [all_servers : Notify] ****************************************************
ok: [154.223.188.192] => {
    "msg": "Clearing Nginx Cache for om-fpms_pms_nginx"
}
ok: [119.9.108.4] => {

    "msg": "Clearing Nginx Cache for om-fpms_pms_nginx"
}
ok: [13.75.105.75] => {
    "msg": "Clearing Nginx Cache for om-fpms_pms_nginx"
}


TASK [all_servers : Copying clear_nginxcache.sh to remote hosts] ***************
ok: [13.75.105.75]
ok: [119.9.108.4]
ok: [154.223.188.192]


TASK [all_servers : Nginx Clear Cache] *****************************************
changed: [13.75.105.75]
changed: [119.9.108.4]
changed: [154.223.188.192]


TASK [all_servers : debug] *****************************************************
ok: [154.223.188.192] => {
    "script_result.stdout_lines": [
        "-----------------------------------------------------------", 

        "|                 Checking Nginx Config                   |", 
        "-----------------------------------------------------------", 
        "", 
        " nginx -t ", 
        "", 

        "-----------------------------------------------------------", 
        "|                 Stopping Nginx Process                  |", 
        "-----------------------------------------------------------", 
        "", 
        " /usr/bin/killall -9 nginx ", 

        "", 
        "-----------------------------------------------------------", 
        "|                 Clearing Proxy Cache                    |", 
        "-----------------------------------------------------------", 
        "", 

        " /bin/rm -rf /tmp/nginx_cache ", 
        "", 
        "-----------------------------------------------------------", 
        "|                Restarting Nginx Process                 |", 
        "-----------------------------------------------------------", 

        "root     15479  0.0  0.0 106084  1400 ?        S    11:18   0:00 /bin/bash /bak/bin/clear_nginxcache.sh", 
        "root     15496  0.0  1.1 321056 21824 ?        Ss   11:18   0:00 nginx: master process /usr/local/nginx/sbin/nginx", 
        "nobody   15497  0.0  1.4 325308 27728 ?        S    11:18   0:00 nginx: worker process      ", 
        "nobody   15499  0.0  1.3 325308 26632 ?        S    11:18   0:00 nginx: worker process      ", 
        "nobody   15500  0.0  1.3 325308 26536 ?        S    11:18   0:00 nginx: worker process      ", 

        "nobody   15501  0.0  1.3 325308 26608 ?        S    11:18   0:00 nginx: worker process      ", 
        "nobody   15502  0.0  1.1 321056 22220 ?        S    11:18   0:00 nginx: cache manager process", 
        "nobody   15503  0.0  1.1 321056 22176 ?        S    11:18   0:00 nginx: cache loader process", 
        "root     15505  0.0  0.0 103260   848 ?        S    11:18   0:00 grep nginx", 
        "             total       used       free     shared    buffers     cached", 

        "Mem:          1877       1698        179          0        196        870", 
        "-/+ buffers/cache:        631       1245", 
        "Swap:         2047          1       2046", 
        "-----------------------------------------------------------", 
        "|                     Reload SUCCESS!                     |", 

        "-----------------------------------------------------------"
    ]
}
ok: [119.9.108.4] => {
    "script_result.stdout_lines": [

        "-----------------------------------------------------------", 
        "|                 Checking Nginx Config                   |", 
        "-----------------------------------------------------------", 
        "", 
        " nginx -t ", 

        "", 
        "-----------------------------------------------------------", 
        "|                 Stopping Nginx Process                  |", 
        "-----------------------------------------------------------", 
        "", 

        " /usr/bin/killall -9 nginx ", 
        "", 
        "-----------------------------------------------------------", 
        "|                 Clearing Proxy Cache                    |", 
        "-----------------------------------------------------------", 

        "", 
        " /bin/rm -rf /tmp/nginx_cache ", 
        "", 
        "-----------------------------------------------------------", 
        "|                Restarting Nginx Process                 |", 

        "-----------------------------------------------------------", 
        "root      9766  0.5  0.0 106080  1428 ?        S    11:18   0:00 /bin/bash /bak/bin/clear_nginxcache.sh", 
        "root      9772  0.0  1.0 312276 21772 ?        Ss   11:18   0:00 nginx: master process /usr/local/nginx/sbin/nginx", 
        "nobody    9773  0.0  1.2 316528 26112 ?        S    11:18   0:00 nginx: worker process      ", 
        "nobody    9775  0.0  1.2 316528 26120 ?        S    11:18   0:00 nginx: worker process      ", 

        "nobody    9776  0.0  1.2 316528 26112 ?        S    11:18   0:00 nginx: worker process      ", 
        "nobody    9777  0.0  1.2 316528 26112 ?        S    11:18   0:00 nginx: worker process      ", 
        "nobody    9778  0.0  1.0 312276 22100 ?        S    11:18   0:00 nginx: cache manager process", 
        "nobody    9779  0.0  1.0 312276 22052 ?        S    11:18   0:00 nginx: cache loader process", 
        "root      9781  0.0  0.0 103320   880 ?        S    11:18   0:00 grep nginx", 

        "             total       used       free     shared    buffers     cached", 
        "Mem:          2000       1585        414          1        228        350", 
        "-/+ buffers/cache:       1006        993", 
        "Swap:            0          0          0", 
        "-----------------------------------------------------------", 

        "|                     Reload SUCCESS!                     |", 
        "-----------------------------------------------------------"
    ]
}
ok: [13.75.105.75] => {

    "script_result.stdout_lines": [
        "-----------------------------------------------------------", 
        "|                 Checking Nginx Config                   |", 
        "-----------------------------------------------------------", 
        "", 

        " nginx -t ", 
        "", 
        "-----------------------------------------------------------", 
        "|                 Stopping Nginx Process                  |", 
        "-----------------------------------------------------------", 

        "", 
        " /usr/bin/killall -9 nginx ", 
        "", 
        "-----------------------------------------------------------", 
        "|                 Clearing Proxy Cache                    |", 

        "-----------------------------------------------------------", 
        "", 
        " /bin/rm -rf /tmp/nginx_cache ", 
        "", 
        "-----------------------------------------------------------", 

        "|                Restarting Nginx Process                 |", 
        "-----------------------------------------------------------", 
        "root       4209  0.0  0.0 107464  2232 ?        Ss   Jun17   0:00 /sbin/dhclient -q -lf /var/lib/dhclient/dhclient--eth0.lease -pf /var/run/dhclient-eth0.pid -H om-fpms-pms-nginx eth0", 
        "root      36733  1.0  0.0 113180  1496 ?        S    11:18   0:00 /bin/bash /bak/bin/clear_nginxcache.sh", 
        "root      36743  0.0  0.5 315412 21880 ?        Ss   11:18   0:00 nginx: master process /usr/local/nginx/sbin/nginx", 

        "nobody    36745  0.0  0.6 321748 27056 ?        S    11:18   0:00 nginx: worker process", 
        "nobody    36746  0.0  0.6 321748 26828 ?        S    11:18   0:00 nginx: worker process", 
        "nobody    36747  0.0  0.6 321748 26576 ?        S    11:18   0:00 nginx: worker process", 
        "nobody    36748  0.0  0.6 321748 26824 ?        S    11:18   0:00 nginx: worker process", 
        "nobody    36749  0.0  0.5 317496 22368 ?        S    11:18   0:00 nginx: cache manager process", 

        "nobody    36750  0.0  0.5 317496 22368 ?        S    11:18   0:00 nginx: cache loader process", 
        "root      36753  0.0  0.0 112712   960 ?        S    11:18   0:00 grep nginx", 
        "              total        used        free      shared  buff/cache   available", 
        "Mem:           3932         290         198         204        3442        3088", 
        "Swap:             0           0           0", 

        "-----------------------------------------------------------", 
        "|                     Reload SUCCESS!                     |", 
        "-----------------------------------------------------------"
    ]
}


PLAY [127.0.0.1] ***************************************************************

TASK [sync_to_git : Synchronizing Nginx To GIT] ********************************
changed: [127.0.0.1]


TASK [sync_to_git : debug] *****************************************************
ok: [127.0.0.1] => {
    "msg": " [u'[master 6bd23fb] quincy', u' 1 file changed, 7 insertions(+)', u'Branch master set up to track remote branch master from origin.']"
}


PLAY [om-fpms_pms_nginx] *******************************************************

PLAY [127.0.0.1] ***************************************************************


PLAY RECAP *********************************************************************
119.9.108.4                : ok=11   changed=2    unreachable=0    failed=0    skipped=0    rescued=0    ignored=0   
127.0.0.1                  : ok=2    changed=1    unreachable=0    failed=0    skipped=0    rescued=0    ignored=0   
13.75.105.75               : ok=9    changed=2    unreachable=0    failed=0    skipped=2    rescued=0    ignored=0   
154.223.188.192            : ok=11   changed=2    unreachable=0    failed=0    skipped=0    rescued=0    ignored=0   



ESYNC_WORKER1_COMMAND_END
MAX RETRIES EXECUTED, COMMAND NOT RESPONDING