ESYNC_WORKER1_COMMAND_START
 [WARNING]: Invalid characters were found in group names but not replaced, use
-vvvv to see details

PLAY [om-fpms_pms_nginx] *******************************************************


TASK [Gathering Facts] *********************************************************
ok: [13.75.105.75]
ok: [154.223.188.192]
ok: [119.9.108.4]


TASK [nginx_sync : Change python interpreter] **********************************
skipping: [154.223.188.192]
skipping: [119.9.108.4]
skipping: [13.75.105.75]


TASK [nginx_sync : change python interpreter] **********************************
skipping: [154.223.188.192]
skipping: [119.9.108.4]
skipping: [13.75.105.75]


TASK [nginx_sync : Notify] *****************************************************
skipping: [154.223.188.192]
skipping: [119.9.108.4]
skipping: [13.75.105.75]


TASK [nginx_sync : include_vars] ***********************************************
skipping: [154.223.188.192]
skipping: [119.9.108.4]
skipping: [13.75.105.75]


TASK [nginx_sync : Synchronizing Nginx] ****************************************
skipping: [154.223.188.192] => (item=conf) 
skipping: [154.223.188.192] => (item=conf.d) 
skipping: [154.223.188.192] => (item=data) 
skipping: [154.223.188.192] => (item=html) 

skipping: [119.9.108.4] => (item=conf) 
skipping: [119.9.108.4] => (item=conf.d) 
skipping: [119.9.108.4] => (item=data) 
skipping: [119.9.108.4] => (item=html) 
skipping: [13.75.105.75] => (item=conf) 

skipping: [13.75.105.75] => (item=conf.d) 
skipping: [13.75.105.75] => (item=data) 
skipping: [13.75.105.75] => (item=html) 

TASK [all_servers : include_vars] **********************************************

ok: [154.223.188.192]
ok: [119.9.108.4]
ok: [13.75.105.75]

TASK [all_servers : Notify] ****************************************************

ok: [154.223.188.192] => {
    "msg": "Clearing Nginx Cache for om-fpms_pms_nginx"
}
ok: [119.9.108.4] => {
    "msg": "Clearing Nginx Cache for om-fpms_pms_nginx"

}
ok: [13.75.105.75] => {
    "msg": "Clearing Nginx Cache for om-fpms_pms_nginx"
}


TASK [all_servers : Copying clear_nginxcache.sh to remote hosts] ***************
ok: [13.75.105.75]
ok: [119.9.108.4]
ok: [154.223.188.192]


TASK [all_servers : Nginx Clear Cache] *****************************************
changed: [13.75.105.75]
changed: [119.9.108.4]
changed: [154.223.188.192]


TASK [all_servers : debug] *****************************************************
ok: [154.223.188.192] => {
    "script_result.stdout_lines": [
        "-----------------------------------------------------------", 
        "|                 Checking Nginx Config                   |", 

        "-----------------------------------------------------------", 
        "", 
        " nginx -t ", 
        "", 
        "-----------------------------------------------------------", 

        "|                 Stopping Nginx Process                  |", 
        "-----------------------------------------------------------", 
        "", 
        " /usr/bin/killall -9 nginx ", 
        "", 

        "-----------------------------------------------------------", 
        "|                 Clearing Proxy Cache                    |", 
        "-----------------------------------------------------------", 
        "", 
        " /bin/rm -rf /tmp/nginx_cache ", 

        "", 
        "-----------------------------------------------------------", 
        "|                Restarting Nginx Process                 |", 
        "-----------------------------------------------------------", 
        "root     26103  0.0  0.0 106084  1404 ?        S    10:59   0:00 /bin/bash /bak/bin/clear_nginxcache.sh", 

        "root     26109  0.0  1.1 320836 21600 ?        Ss   10:59   0:00 nginx: master process /usr/local/nginx/sbin/nginx", 
        "nobody   26110  0.0  1.3 325088 26400 ?        S    10:59   0:00 nginx: worker process      ", 
        "nobody   26112  0.0  1.3 325424 26480 ?        S    10:59   0:00 nginx: worker process      ", 
        "nobody   26113  0.0  1.3 325424 26512 ?        S    10:59   0:00 nginx: worker process      ", 
        "nobody   26114  0.0  1.3 325088 26376 ?        S    10:59   0:00 nginx: worker process      ", 

        "nobody   26115  0.0  1.1 320836 22004 ?        S    10:59   0:00 nginx: cache manager process", 
        "nobody   26116  0.0  1.1 320836 21960 ?        S    10:59   0:00 nginx: cache loader process", 
        "root     26118  0.0  0.0 103260   852 ?        S    10:59   0:00 grep nginx", 
        "             total       used       free     shared    buffers     cached", 
        "Mem:          1877       1729        147          0        186        881", 

        "-/+ buffers/cache:        662       1215", 
        "Swap:         2047          7       2040", 
        "-----------------------------------------------------------", 
        "|                     Reload SUCCESS!                     |", 
        "-----------------------------------------------------------"

    ]
}
ok: [119.9.108.4] => {
    "script_result.stdout_lines": [
        "-----------------------------------------------------------", 

        "|                 Checking Nginx Config                   |", 
        "-----------------------------------------------------------", 
        "", 
        " nginx -t ", 
        "", 

        "-----------------------------------------------------------", 
        "|                 Stopping Nginx Process                  |", 
        "-----------------------------------------------------------", 
        "", 
        " /usr/bin/killall -9 nginx ", 

        "", 
        "-----------------------------------------------------------", 
        "|                 Clearing Proxy Cache                    |", 
        "-----------------------------------------------------------", 
        "", 

        " /bin/rm -rf /tmp/nginx_cache ", 
        "", 
        "-----------------------------------------------------------", 
        "|                Restarting Nginx Process                 |", 
        "-----------------------------------------------------------", 

        "root       533  0.3  0.0 106080  1428 ?        S    10:59   0:00 /bin/bash /bak/bin/clear_nginxcache.sh", 
        "root       539  0.0  1.0 312072 21556 ?        Ss   10:59   0:00 nginx: master process /usr/local/nginx/sbin/nginx", 
        "nobody     541  1.0  1.2 316324 25896 ?        S    10:59   0:00 nginx: worker process      ", 
        "nobody     542  0.0  1.2 316324 25904 ?        S    10:59   0:00 nginx: worker process      ", 
        "nobody     543  0.0  1.2 316324 25896 ?        S    10:59   0:00 nginx: worker process      ", 

        "nobody     544  0.0  1.2 316324 25896 ?        S    10:59   0:00 nginx: worker process      ", 
        "nobody     545  0.0  1.0 312072 21884 ?        S    10:59   0:00 nginx: cache manager process", 
        "nobody     546  0.0  1.0 312072 21836 ?        S    10:59   0:00 nginx: cache loader process", 
        "root       550  0.0  0.0 103320   880 ?        S    10:59   0:00 grep nginx", 
        "             total       used       free     shared    buffers     cached", 

        "Mem:          2000       1268        731          1        244        391", 
        "-/+ buffers/cache:        632       1368", 
        "Swap:            0          0          0", 
        "-----------------------------------------------------------", 
        "|                     Reload SUCCESS!                     |", 

        "-----------------------------------------------------------"
    ]
}
ok: [13.75.105.75] => {
    "script_result.stdout_lines": [

        "-----------------------------------------------------------", 
        "|                 Checking Nginx Config                   |", 
        "-----------------------------------------------------------", 
        "", 
        " nginx -t ", 

        "", 
        "-----------------------------------------------------------", 
        "|                 Stopping Nginx Process                  |", 
        "-----------------------------------------------------------", 
        "", 

        " /usr/bin/killall -9 nginx ", 
        "", 
        "-----------------------------------------------------------", 
        "|                 Clearing Proxy Cache                    |", 
        "-----------------------------------------------------------", 

        "", 
        " /bin/rm -rf /tmp/nginx_cache ", 
        "", 
        "-----------------------------------------------------------", 
        "|                Restarting Nginx Process                 |", 

        "-----------------------------------------------------------", 
        "root       4209  0.0  0.0 107464  2056 ?        Ss   Jun17   0:00 /sbin/dhclient -q -lf /var/lib/dhclient/dhclient--eth0.lease -pf /var/run/dhclient-eth0.pid -H om-fpms-pms-nginx eth0", 
        "root     112698  1.0  0.0 113180  1496 ?        S    10:59   0:00 /bin/bash /bak/bin/clear_nginxcache.sh", 
        "root     112709  0.0  0.5 315188 21648 ?        Ss   10:59   0:00 nginx: master process /usr/local/nginx/sbin/nginx", 
        "nobody   112711  0.0  0.6 321524 26816 ?        S    10:59   0:00 nginx: worker process", 

        "nobody   112712  0.0  0.6 321892 26808 ?        S    10:59   0:00 nginx: worker process", 
        "nobody   112713  0.0  0.6 321524 26600 ?        S    10:59   0:00 nginx: worker process", 
        "nobody   112714  0.0  0.6 321668 26804 ?        S    10:59   0:00 nginx: worker process", 
        "nobody   112715  0.0  0.5 317272 22136 ?        S    10:59   0:00 nginx: cache manager process", 
        "nobody   112716  0.0  0.5 317272 22136 ?        S    10:59   0:00 nginx: cache loader process", 

        "root     112719  0.0  0.0 112712   960 ?        S    10:59   0:00 grep nginx", 
        "              total        used        free      shared  buff/cache   available", 
        "Mem:           3932         265         149         202        3517        3124", 
        "Swap:             0           0           0", 
        "-----------------------------------------------------------", 

        "|                     Reload SUCCESS!                     |", 
        "-----------------------------------------------------------"
    ]
}


PLAY [127.0.0.1] ***************************************************************

TASK [sync_to_git : Synchronizing Nginx To GIT] ********************************
skipping: [127.0.0.1]


TASK [sync_to_git : debug] *****************************************************
skipping: [127.0.0.1]

PLAY [om-fpms_pms_nginx] *******************************************************


PLAY [127.0.0.1] ***************************************************************

PLAY RECAP *********************************************************************
119.9.108.4                : ok=6    changed=1    unreachable=0    failed=0    skipped=5    rescued=0    ignored=0   
127.0.0.1                  : ok=0    changed=0    unreachable=0    failed=0    skipped=2    rescued=0    ignored=0   

13.75.105.75               : ok=6    changed=1    unreachable=0    failed=0    skipped=5    rescued=0    ignored=0   
154.223.188.192            : ok=6    changed=1    unreachable=0    failed=0    skipped=5    rescued=0    ignored=0   


ESYNC_WORKER1_COMMAND_END
MAX RETRIES EXECUTED, COMMAND NOT RESPONDING