server {
        listen 8031;
        server_name   prod.v68game.com;
        access_log logs/8031.access.log main;
        error_log logs/8031.error.log;
        location / {
                    proxy_set_header X-Forwarded-For $proxy_add_x_forwarded_for;
                proxy_set_header X-Real-IP  $remote_addr;
                proxy_next_upstream http_502 http_504 http_404 error timeout invalid_header;
                proxy_set_header Host $host:$server_port;
                proxy_http_version 1.1;
                proxy_set_header Upgrade $http_upgrade;
                proxy_set_header Connection $connection_upgrade;
                proxy_connect_timeout   1800;
                proxy_send_timeout      1800;
                proxy_read_timeout      1800;
                #root html;
                #index index.html index.htm index.jsp index.php;
                proxy_pass http://59.148.22.110:8031;
        }
}

server {
        listen 8032;
        server_name   prod.v68game.com;
        access_log logs/8032.access.log main;
        error_log logs/8032.error.log;
        location / {
                    proxy_set_header X-Forwarded-For $proxy_add_x_forwarded_for;
                proxy_set_header X-Real-IP  $remote_addr;
                proxy_next_upstream http_502 http_504 http_404 error timeout invalid_header;
                proxy_set_header Host $host:$server_port;
                proxy_http_version 1.1;
                proxy_set_header Upgrade $http_upgrade;
                proxy_set_header Connection $connection_upgrade;
                proxy_connect_timeout   1800;
                proxy_send_timeout      1800;
                proxy_read_timeout      1800;
                #root html;
                #index index.html index.htm index.jsp index.php;
                proxy_pass http://59.148.22.110:8032;
        }
}

server {
        listen 7050;
        server_name   prod.v68game.com;
        access_log logs/7050.access.log main;
        error_log logs/7050.error.log;
        location / {
                    proxy_set_header X-Forwarded-For $proxy_add_x_forwarded_for;
                proxy_set_header X-Real-IP  $remote_addr;
                proxy_next_upstream http_502 http_504 http_404 error timeout invalid_header;
                proxy_set_header Host $host:$server_port;
                proxy_http_version 1.1;
                proxy_set_header Upgrade $http_upgrade;
                proxy_set_header Connection $connection_upgrade;
                proxy_connect_timeout   1800;
                proxy_send_timeout      1800;
                proxy_read_timeout      1800;
                #root html;
                #index index.html index.htm index.jsp index.php;
                proxy_pass http://59.148.22.110:7050;
        }
}

server {
        listen 7060;
        server_name   prod.v68game.com;
        access_log logs/7060.access.log main;
        error_log logs/7060.error.log;
        location / {
                    proxy_set_header X-Forwarded-For $proxy_add_x_forwarded_for;
                proxy_set_header X-Real-IP  $remote_addr;
                proxy_next_upstream http_502 http_504 http_404 error timeout invalid_header;
                proxy_set_header Host $host:$server_port;
                proxy_http_version 1.1;
                proxy_set_header Upgrade $http_upgrade;
                proxy_set_header Connection $connection_upgrade;
                proxy_connect_timeout   1800;
                proxy_send_timeout      1800;
                proxy_read_timeout      1800;
                #root html;
                #index index.html index.htm index.jsp index.php;
                proxy_pass http://59.148.22.110:7060;
        }
}

server {
        listen 9001;
        server_name   prod.v68game.com;
        access_log logs/9001.access.log main;
        error_log logs/9001.error.log;
        location / {
                    proxy_set_header X-Forwarded-For $proxy_add_x_forwarded_for;
                proxy_set_header X-Real-IP  $remote_addr;
                proxy_next_upstream http_502 http_504 http_404 error timeout invalid_header;
                proxy_set_header Host $host:$server_port;
                proxy_http_version 1.1;
                proxy_set_header Upgrade $http_upgrade;
                proxy_set_header Connection $connection_upgrade;
                proxy_connect_timeout   1800;
                proxy_send_timeout      1800;
                proxy_read_timeout      1800;
                #root html;
                #index index.html index.htm index.jsp index.php;
                proxy_pass http://59.148.22.110:19001;
        }
}

server {
        listen 9002;
        server_name   prod.v68game.com;
        access_log logs/9002.access.log main;
        error_log logs/9002.error.log;
        location / {
                    proxy_set_header X-Forwarded-For $proxy_add_x_forwarded_for;
                proxy_set_header X-Real-IP  $remote_addr;
                proxy_next_upstream http_502 http_504 http_404 error timeout invalid_header;
                proxy_set_header Host $host:$server_port;
                proxy_http_version 1.1;
                proxy_set_header Upgrade $http_upgrade;
                proxy_set_header Connection $connection_upgrade;
                proxy_connect_timeout   1800;
                proxy_send_timeout      1800;
                proxy_read_timeout      1800;
                #root html;
                #index index.html index.htm index.jsp index.php;
                proxy_pass http://59.148.22.110:19002;
        }
}

server {
        listen 9003;
        server_name   prod.v68game.com;
        access_log logs/9003.access.log main;
        error_log logs/9003.error.log;
        location / {
                    proxy_set_header X-Forwarded-For $proxy_add_x_forwarded_for;
                proxy_set_header X-Real-IP  $remote_addr;
                proxy_next_upstream http_502 http_504 http_404 error timeout invalid_header;
                proxy_set_header Host $host:$server_port;
                proxy_http_version 1.1;
                proxy_set_header Upgrade $http_upgrade;
                proxy_set_header Connection $connection_upgrade;
                proxy_connect_timeout   1800;
                proxy_send_timeout      1800;
                proxy_read_timeout      1800;
                #root html;
                #index index.html index.htm index.jsp index.php;
                proxy_pass http://59.148.22.110:19003;
        }
}


server {
        listen 8040;
        server_name   prod.v68game.com;
        access_log logs/8040.access.log main;
        error_log logs/8040.error.log;
  
  set $allowed_country yes;
set $allowed_ip  yes;

if ($allowed_country ~ "no" ){
       set $test BLOCK;
}

if ($allowed_country ~ "yes" ){
       set $test ALLOW;
}

if ($allowed_ip ~ "yes" ){
       set $test ALLOW;
}

  
  
        location / {
                
      if ( $test = "BLOCK" ) { return 666;  }
     			proxy_set_header X-Forwarded-For $proxy_add_x_forwarded_for;
                proxy_set_header X-Real-IP  $remote_addr;
                proxy_next_upstream http_502 http_504 http_404 error timeout invalid_header;
                proxy_set_header Host $host:$server_port;
                proxy_http_version 1.1;
                proxy_set_header Upgrade $http_upgrade;
                proxy_set_header Connection $connection_upgrade;
                proxy_connect_timeout   1800;
                proxy_send_timeout      1800;
                proxy_read_timeout      1800;
                #root html;
                #index index.html index.htm index.jsp index.php;
                proxy_pass http://59.148.22.110:8040;
        }
}

server {
        listen 8041;
        server_name   prod.v68game.com;
        access_log logs/8041.access.log main;
        error_log logs/8041.error.log;
        location / {
                    proxy_set_header X-Forwarded-For $proxy_add_x_forwarded_for;
                proxy_set_header X-Real-IP  $remote_addr;
                proxy_next_upstream http_502 http_504 http_404 error timeout invalid_header;
                proxy_set_header Host $host:$server_port;
                proxy_http_version 1.1;
                proxy_set_header Upgrade $http_upgrade;
                proxy_set_header Connection $connection_upgrade;
                proxy_connect_timeout   1800;
                proxy_send_timeout      1800;
                proxy_read_timeout      1800;
                #root html;
                #index index.html index.htm index.jsp index.php;
                proxy_pass http://59.148.22.110:8041;
        }
}
server {
        listen 8042;
        server_name   prod.v68game.com;
        access_log logs/8042.access.log main;
        error_log logs/8042.error.log;
        location / {
                    proxy_set_header X-Forwarded-For $proxy_add_x_forwarded_for;
                proxy_set_header X-Real-IP  $remote_addr;
                proxy_next_upstream http_502 http_504 http_404 error timeout invalid_header;
                proxy_set_header Host $host:$server_port;
                proxy_http_version 1.1;
                proxy_set_header Upgrade $http_upgrade;
                proxy_set_header Connection $connection_upgrade;
                proxy_connect_timeout   1800;
                proxy_send_timeout      1800;
                proxy_read_timeout      1800;
                #root html;
                #index index.html index.htm index.jsp index.php;
                proxy_pass http://59.148.22.110:8042;
        }
}
server {
        listen 8043;
        server_name   prod.v68game.com;
        access_log logs/8043.access.log main;
        error_log logs/8043.error.log;
        location / {
                    proxy_set_header X-Forwarded-For $proxy_add_x_forwarded_for;
                proxy_set_header X-Real-IP  $remote_addr;
                proxy_next_upstream http_502 http_504 http_404 error timeout invalid_header;
                proxy_set_header Host $host:$server_port;
                proxy_http_version 1.1;
                proxy_set_header Upgrade $http_upgrade;
                proxy_set_header Connection $connection_upgrade;
                proxy_connect_timeout   1800;
                proxy_send_timeout      1800;
                proxy_read_timeout      1800;
                #root html;
                #index index.html index.htm index.jsp index.php;
                proxy_pass http://59.148.22.110:8043;
        }
}
server {
        listen 8044;
        server_name   prod.v68game.com;
        access_log logs/8044.access.log main;
        error_log logs/8044.error.log;
        location / {
                    proxy_set_header X-Forwarded-For $proxy_add_x_forwarded_for;
                proxy_set_header X-Real-IP  $remote_addr;
                proxy_next_upstream http_502 http_504 http_404 error timeout invalid_header;
                proxy_set_header Host $host:$server_port;
                proxy_http_version 1.1;
                proxy_set_header Upgrade $http_upgrade;
                proxy_set_header Connection $connection_upgrade;
                proxy_connect_timeout   1800;
                proxy_send_timeout      1800;
                proxy_read_timeout      1800;
                #root html;
                #index index.html index.htm index.jsp index.php;
                proxy_pass http://59.148.22.110:8044;
        }
}

server {
        listen 7080;
        server_name   prod.v68game.com;
        access_log logs/7080.access.log main;
        error_log logs/7080.error.log;
        location / {
                    proxy_set_header X-Forwarded-For $proxy_add_x_forwarded_for;
                proxy_set_header X-Real-IP  $remote_addr;
                proxy_next_upstream http_502 http_504 http_404 error timeout invalid_header;
                proxy_set_header Host $host:$server_port;
                proxy_http_version 1.1;
                proxy_set_header Upgrade $http_upgrade;
                proxy_set_header Connection $connection_upgrade;
                proxy_connect_timeout   1800;
                proxy_send_timeout      1800;
                proxy_read_timeout      1800;
                #root html;
                #index index.html index.htm index.jsp index.php;
                proxy_pass http://59.148.22.110:7080;
        }
}


server {
        listen 8030;
        server_name   prod.v68game.com;
        access_log logs/8030.access.log main;
        error_log logs/8030.error.log;
        location / {
                    proxy_set_header X-Forwarded-For $proxy_add_x_forwarded_for;
                proxy_set_header X-Real-IP  $remote_addr;
                proxy_next_upstream http_502 http_504 http_404 error timeout invalid_header;
                proxy_set_header Host $host:$server_port;
                proxy_http_version 1.1;
                proxy_set_header Upgrade $http_upgrade;
                proxy_set_header Connection $connection_upgrade;
                proxy_connect_timeout   1800;
                proxy_send_timeout      1800;
                proxy_read_timeout      1800;
                #root html;
                #index index.html index.htm index.jsp index.php;
                proxy_pass http://59.148.22.110:8030;
        }
}


server {
        listen 8047;
        server_name   prod.v68game.com;
        access_log logs/8047.access.log main;
        error_log logs/8047.error.log;
        location / {
                    proxy_set_header X-Forwarded-For $proxy_add_x_forwarded_for;
                proxy_set_header X-Real-IP  $remote_addr;
                proxy_next_upstream http_502 http_504 http_404 error timeout invalid_header;
                proxy_set_header Host $host:$server_port;
                proxy_http_version 1.1;
                proxy_set_header Upgrade $http_upgrade;
                proxy_set_header Connection $connection_upgrade;
                proxy_connect_timeout   1800;
                proxy_send_timeout      1800;
                proxy_read_timeout      1800;
                #root html;
                #index index.html index.htm index.jsp index.php;
                proxy_pass http://59.148.22.110:8047;
        }
}


server {
        listen 90;
        server_name   prod.v68game.com;
        access_log logs/90.access.log main;
        error_log  logs/90.error.log;
        location / {
                    proxy_set_header X-Forwarded-For $proxy_add_x_forwarded_for;
                proxy_set_header X-Real-IP  $remote_addr;
                proxy_next_upstream http_502 http_504 http_404 error timeout invalid_header;
                proxy_set_header Host $host:$server_port;
                proxy_http_version 1.1;
                proxy_set_header Upgrade $http_upgrade;
                proxy_set_header Connection $connection_upgrade;
                proxy_connect_timeout   1800;
                proxy_send_timeout      1800;
                proxy_read_timeout      1800;
                #root html;
                #index index.html index.htm index.jsp index.php;
                proxy_pass http://59.148.22.110:9090;
        }
}




