ESYNC_WORKER1_COMMAND_START
 [WARNING]: Invalid characters were found in group names but not replaced, use
-vvvv to see details

PLAY [om-fpms_pms_nginx] *******************************************************


TASK [Gathering Facts] *********************************************************
ok: [13.75.105.75]
ok: [154.223.188.192]
ok: [119.9.108.4]


TASK [nginx_sync : Change python interpreter] **********************************
skipping: [154.223.188.192]
skipping: [119.9.108.4]
skipping: [13.75.105.75]


TASK [nginx_sync : change python interpreter] **********************************
skipping: [154.223.188.192]
skipping: [119.9.108.4]
skipping: [13.75.105.75]


TASK [nginx_sync : Notify] *****************************************************
skipping: [154.223.188.192]
skipping: [119.9.108.4]
skipping: [13.75.105.75]


TASK [nginx_sync : include_vars] ***********************************************
skipping: [154.223.188.192]
skipping: [119.9.108.4]
skipping: [13.75.105.75]


TASK [nginx_sync : Synchronizing Nginx] ****************************************
skipping: [154.223.188.192] => (item=conf) 
skipping: [154.223.188.192] => (item=conf.d) 
skipping: [154.223.188.192] => (item=data) 
skipping: [154.223.188.192] => (item=html) 

skipping: [119.9.108.4] => (item=conf) 
skipping: [119.9.108.4] => (item=conf.d) 
skipping: [119.9.108.4] => (item=data) 
skipping: [119.9.108.4] => (item=html) 
skipping: [13.75.105.75] => (item=conf) 

skipping: [13.75.105.75] => (item=conf.d) 
skipping: [13.75.105.75] => (item=data) 
skipping: [13.75.105.75] => (item=html) 

TASK [all_servers : include_vars] **********************************************

ok: [154.223.188.192]
ok: [119.9.108.4]
ok: [13.75.105.75]

TASK [all_servers : Notify] ****************************************************

ok: [154.223.188.192] => {
    "msg": "Clearing Nginx Cache for om-fpms_pms_nginx"
}
ok: [119.9.108.4] => {
    "msg": "Clearing Nginx Cache for om-fpms_pms_nginx"

}
ok: [13.75.105.75] => {
    "msg": "Clearing Nginx Cache for om-fpms_pms_nginx"
}


TASK [all_servers : Copying clear_nginxcache.sh to remote hosts] ***************
ok: [13.75.105.75]
ok: [119.9.108.4]
ok: [154.223.188.192]


TASK [all_servers : Nginx Clear Cache] *****************************************
changed: [13.75.105.75]
changed: [119.9.108.4]
changed: [154.223.188.192]


TASK [all_servers : debug] *****************************************************
ok: [154.223.188.192] => {
    "script_result.stdout_lines": [
        "-----------------------------------------------------------", 
        "|                 Checking Nginx Config                   |", 

        "-----------------------------------------------------------", 
        "", 
        " nginx -t ", 
        "", 
        "-----------------------------------------------------------", 

        "|                 Stopping Nginx Process                  |", 
        "-----------------------------------------------------------", 
        "", 
        " /usr/bin/killall -9 nginx ", 
        "", 

        "-----------------------------------------------------------", 
        "|                 Clearing Proxy Cache                    |", 
        "-----------------------------------------------------------", 
        "", 
        " /bin/rm -rf /tmp/nginx_cache ", 

        "", 
        "-----------------------------------------------------------", 
        "|                Restarting Nginx Process                 |", 
        "-----------------------------------------------------------", 
        "root       395  0.0  0.0 106084  1400 ?        S    10:58   0:00 /bin/bash /bak/bin/clear_nginxcache.sh", 

        "root       419  0.0  1.1 321044 21812 ?        Ss   10:58   0:00 nginx: master process /usr/local/nginx/sbin/nginx", 
        "nobody     420  0.0  1.3 325296 26608 ?        S    10:58   0:00 nginx: worker process      ", 
        "nobody     422  0.3  1.3 325296 26608 ?        S    10:58   0:00 nginx: worker process      ", 
        "nobody     423  0.0  1.3 325296 26608 ?        S    10:58   0:00 nginx: worker process      ", 
        "nobody     424  0.0  1.3 325296 26612 ?        S    10:58   0:00 nginx: worker process      ", 

        "nobody     425  0.0  1.1 321044 22208 ?        S    10:58   0:00 nginx: cache manager process", 
        "nobody     426  0.0  1.1 321044 22164 ?        S    10:58   0:00 nginx: cache loader process", 
        "root       428  0.0  0.0 103260   848 ?        S    10:58   0:00 grep nginx", 
        "             total       used       free     shared    buffers     cached", 
        "Mem:          1877       1702        174          0        176        962", 

        "-/+ buffers/cache:        564       1313", 
        "Swap:         2047          3       2044", 
        "-----------------------------------------------------------", 
        "|                     Reload SUCCESS!                     |", 
        "-----------------------------------------------------------"

    ]
}
ok: [119.9.108.4] => {
    "script_result.stdout_lines": [
        "-----------------------------------------------------------", 

        "|                 Checking Nginx Config                   |", 
        "-----------------------------------------------------------", 
        "", 
        " nginx -t ", 
        "", 

        "-----------------------------------------------------------", 
        "|                 Stopping Nginx Process                  |", 
        "-----------------------------------------------------------", 
        "", 
        " /usr/bin/killall -9 nginx ", 

        "", 
        "-----------------------------------------------------------", 
        "|                 Clearing Proxy Cache                    |", 
        "-----------------------------------------------------------", 
        "", 

        " /bin/rm -rf /tmp/nginx_cache ", 
        "", 
        "-----------------------------------------------------------", 
        "|                Restarting Nginx Process                 |", 
        "-----------------------------------------------------------", 

        "root      2873  0.5  0.0 106080  1424 ?        S    10:58   0:00 /bin/bash /bak/bin/clear_nginxcache.sh", 
        "root      2879  0.0  1.0 312276 21764 ?        Ss   10:58   0:00 nginx: master process /usr/local/nginx/sbin/nginx", 
        "nobody    2880  0.0  1.2 316528 26104 ?        S    10:58   0:00 nginx: worker process      ", 
        "nobody    2882  0.0  1.2 316528 26112 ?        S    10:58   0:00 nginx: worker process      ", 
        "nobody    2883  0.0  1.2 316528 26104 ?        S    10:58   0:00 nginx: worker process      ", 

        "nobody    2884  0.0  1.2 316528 26104 ?        S    10:58   0:00 nginx: worker process      ", 
        "nobody    2885  0.0  1.0 312276 22092 ?        S    10:58   0:00 nginx: cache manager process", 
        "nobody    2886  0.0  1.0 312276 22044 ?        S    10:58   0:00 nginx: cache loader process", 
        "root      2888  0.0  0.0 103320   880 ?        S    10:58   0:00 grep nginx", 
        "             total       used       free     shared    buffers     cached", 

        "Mem:          2000       1287        712          1        239        380", 
        "-/+ buffers/cache:        667       1332", 
        "Swap:            0          0          0", 
        "-----------------------------------------------------------", 
        "|                     Reload SUCCESS!                     |", 

        "-----------------------------------------------------------"
    ]
}
ok: [13.75.105.75] => {
    "script_result.stdout_lines": [

        "-----------------------------------------------------------", 
        "|                 Checking Nginx Config                   |", 
        "-----------------------------------------------------------", 
        "", 
        " nginx -t ", 

        "", 
        "-----------------------------------------------------------", 
        "|                 Stopping Nginx Process                  |", 
        "-----------------------------------------------------------", 
        "", 

        " /usr/bin/killall -9 nginx ", 
        "", 
        "-----------------------------------------------------------", 
        "|                 Clearing Proxy Cache                    |", 
        "-----------------------------------------------------------", 

        "", 
        " /bin/rm -rf /tmp/nginx_cache ", 
        "", 
        "-----------------------------------------------------------", 
        "|                Restarting Nginx Process                 |", 

        "-----------------------------------------------------------", 
        "root       4209  0.0  0.0 107464  2056 ?        Ss   Jun17   0:00 /sbin/dhclient -q -lf /var/lib/dhclient/dhclient--eth0.lease -pf /var/run/dhclient-eth0.pid -H om-fpms-pms-nginx eth0", 
        "root      21865  1.2  0.0 113180  1496 ?        S    10:58   0:00 /bin/bash /bak/bin/clear_nginxcache.sh", 
        "root      21875  0.0  0.5 315396 21860 ?        Ss   10:58   0:00 nginx: master process /usr/local/nginx/sbin/nginx", 
        "nobody    21877  0.0  0.6 321732 27040 ?        S    10:58   0:00 nginx: worker process", 

        "nobody    21878  0.0  0.6 322716 27028 ?        S    10:58   0:00 nginx: worker process", 
        "nobody    21879  0.0  0.6 321732 27040 ?        S    10:58   0:00 nginx: worker process", 
        "nobody    21880  0.0  0.6 322132 27040 ?        S    10:58   0:00 nginx: worker process", 
        "nobody    21881  0.0  0.5 317480 22348 ?        S    10:58   0:00 nginx: cache manager process", 
        "nobody    21882  0.0  0.5 317480 22348 ?        S    10:58   0:00 nginx: cache loader process", 

        "root      21886  0.0  0.0 112712   956 ?        S    10:58   0:00 grep nginx", 
        "              total        used        free      shared  buff/cache   available", 
        "Mem:           3932         270         154         210        3506        3111", 
        "Swap:             0           0           0", 
        "-----------------------------------------------------------", 

        "|                     Reload SUCCESS!                     |", 
        "-----------------------------------------------------------"
    ]
}


PLAY [127.0.0.1] ***************************************************************

TASK [sync_to_git : Synchronizing Nginx To GIT] ********************************
skipping: [127.0.0.1]


TASK [sync_to_git : debug] *****************************************************
skipping: [127.0.0.1]

PLAY [om-fpms_pms_nginx] *******************************************************


PLAY [127.0.0.1] ***************************************************************

PLAY RECAP *********************************************************************
119.9.108.4                : ok=6    changed=1    unreachable=0    failed=0    skipped=5    rescued=0    ignored=0   
127.0.0.1                  : ok=0    changed=0    unreachable=0    failed=0    skipped=2    rescued=0    ignored=0   

13.75.105.75               : ok=6    changed=1    unreachable=0    failed=0    skipped=5    rescued=0    ignored=0   
154.223.188.192            : ok=6    changed=1    unreachable=0    failed=0    skipped=5    rescued=0    ignored=0   


ESYNC_WORKER1_COMMAND_END
MAX RETRIES EXECUTED, COMMAND NOT RESPONDING