ESYNC_WORKER1_COMMAND_START
 [WARNING]: Invalid characters were found in group names but not replaced, use
-vvvv to see details

PLAY [om-fpms_pms_nginx] *******************************************************


TASK [Gathering Facts] *********************************************************
ok: [13.75.105.75]
ok: [154.223.188.192]
ok: [119.9.108.4]


TASK [nginx_sync : Change python interpreter] **********************************
ok: [154.223.188.192]
ok: [119.9.108.4]
skipping: [13.75.105.75]


TASK [nginx_sync : change python interpreter] **********************************
ok: [154.223.188.192]
ok: [119.9.108.4]
skipping: [13.75.105.75]


TASK [nginx_sync : Notify] *****************************************************
ok: [154.223.188.192] => {
    "msg": "Syncing om-fpms_pms_nginx"
}
ok: [119.9.108.4] => {

    "msg": "Syncing om-fpms_pms_nginx"
}
ok: [13.75.105.75] => {
    "msg": "Syncing om-fpms_pms_nginx"
}


TASK [nginx_sync : include_vars] ***********************************************
ok: [154.223.188.192]
ok: [119.9.108.4]
ok: [13.75.105.75]


TASK [nginx_sync : Synchronizing Nginx] ****************************************
ok: [13.75.105.75] => (item=conf)
ok: [154.223.188.192] => (item=conf)
ok: [119.9.108.4] => (item=conf)

changed: [13.75.105.75] => (item=conf.d)
changed: [119.9.108.4] => (item=conf.d)
changed: [154.223.188.192] => (item=conf.d)
ok: [13.75.105.75] => (item=data)
ok: [119.9.108.4] => (item=data)

ok: [154.223.188.192] => (item=data)
ok: [13.75.105.75] => (item=html)
ok: [119.9.108.4] => (item=html)
ok: [154.223.188.192] => (item=html)


TASK [all_servers : include_vars] **********************************************
ok: [154.223.188.192]
ok: [119.9.108.4]
ok: [13.75.105.75]


TASK [all_servers : Notify] ****************************************************
ok: [154.223.188.192] => {
    "msg": "Clearing Nginx Cache for om-fpms_pms_nginx"
}
ok: [119.9.108.4] => {

    "msg": "Clearing Nginx Cache for om-fpms_pms_nginx"
}
ok: [13.75.105.75] => {
    "msg": "Clearing Nginx Cache for om-fpms_pms_nginx"
}


TASK [all_servers : Copying clear_nginxcache.sh to remote hosts] ***************
ok: [13.75.105.75]
ok: [119.9.108.4]
ok: [154.223.188.192]


TASK [all_servers : Nginx Clear Cache] *****************************************
changed: [13.75.105.75]
changed: [119.9.108.4]
changed: [154.223.188.192]


TASK [all_servers : debug] *****************************************************
ok: [154.223.188.192] => {
    "script_result.stdout_lines": [
        "-----------------------------------------------------------", 

        "|                 Checking Nginx Config                   |", 
        "-----------------------------------------------------------", 
        "", 
        " nginx -t ", 
        "", 

        "-----------------------------------------------------------", 
        "|                 Stopping Nginx Process                  |", 
        "-----------------------------------------------------------", 
        "", 
        " /usr/bin/killall -9 nginx ", 

        "", 
        "-----------------------------------------------------------", 
        "|                 Clearing Proxy Cache                    |", 
        "-----------------------------------------------------------", 
        "", 

        " /bin/rm -rf /tmp/nginx_cache ", 
        "", 
        "-----------------------------------------------------------", 
        "|                Restarting Nginx Process                 |", 
        "-----------------------------------------------------------", 

        "root     19841  0.0  0.0 106084  1412 ?        S    16:59   0:00 /bin/bash /bak/bin/clear_nginxcache.sh", 
        "root     19860  0.0  1.1 320816 21564 ?        Ss   16:59   0:00 nginx: master process /usr/local/nginx/sbin/nginx", 
        "nobody   19861  0.0  1.3 325068 26068 ?        S    16:59   0:00 nginx: worker process      ", 
        "nobody   19863  0.0  1.3 325068 26256 ?        S    16:59   0:00 nginx: worker process      ", 
        "nobody   19864  0.0  1.3 325068 26068 ?        S    16:59   0:00 nginx: worker process      ", 

        "nobody   19865  0.0  1.3 325068 26368 ?        S    16:59   0:00 nginx: worker process      ", 
        "nobody   19866  0.0  1.1 320816 21968 ?        S    16:59   0:00 nginx: cache manager process", 
        "nobody   19867  0.0  1.1 320816 21924 ?        S    16:59   0:00 nginx: cache loader process", 
        "root     19878  0.0  0.0 103260   852 ?        S    16:59   0:00 grep nginx", 
        "             total       used       free     shared    buffers     cached", 

        "Mem:          1877       1737        139          0        171       1132", 
        "-/+ buffers/cache:        433       1443", 
        "Swap:         2047         22       2025", 
        "-----------------------------------------------------------", 
        "|                     Reload SUCCESS!                     |", 

        "-----------------------------------------------------------"
    ]
}
ok: [119.9.108.4] => {
    "script_result.stdout_lines": [

        "-----------------------------------------------------------", 
        "|                 Checking Nginx Config                   |", 
        "-----------------------------------------------------------", 
        "", 
        " nginx -t ", 

        "", 
        "-----------------------------------------------------------", 
        "|                 Stopping Nginx Process                  |", 
        "-----------------------------------------------------------", 
        "", 

        " /usr/bin/killall -9 nginx ", 
        "", 
        "-----------------------------------------------------------", 
        "|                 Clearing Proxy Cache                    |", 
        "-----------------------------------------------------------", 

        "", 
        " /bin/rm -rf /tmp/nginx_cache ", 
        "", 
        "-----------------------------------------------------------", 
        "|                Restarting Nginx Process                 |", 

        "-----------------------------------------------------------", 
        "root      4624  0.5  0.0 106080  1424 ?        S    16:59   0:00 /bin/bash /bak/bin/clear_nginxcache.sh", 
        "root      4630  0.0  1.0 312028 21512 ?        Ss   16:59   0:00 nginx: master process /usr/local/nginx/sbin/nginx", 
        "nobody    4632  0.0  1.2 316280 25852 ?        S    16:59   0:00 nginx: worker process      ", 
        "nobody    4633  0.0  1.2 316280 25860 ?        S    16:59   0:00 nginx: worker process      ", 

        "nobody    4634  0.0  1.2 316280 25852 ?        S    16:59   0:00 nginx: worker process      ", 
        "nobody    4635  0.0  1.2 316280 25852 ?        S    16:59   0:00 nginx: worker process      ", 
        "nobody    4636  0.0  1.0 312028 21832 ?        S    16:59   0:00 nginx: cache manager process", 
        "nobody    4637  0.0  1.0 312028 21784 ?        S    16:59   0:00 nginx: cache loader process", 
        "root      4639  0.0  0.0 103320   884 ?        S    16:59   0:00 grep nginx", 

        "             total       used       free     shared    buffers     cached", 
        "Mem:          2000        756       1243          1        251        254", 
        "-/+ buffers/cache:        249       1750", 
        "Swap:            0          0          0", 
        "-----------------------------------------------------------", 

        "|                     Reload SUCCESS!                     |", 
        "-----------------------------------------------------------"
    ]
}
ok: [13.75.105.75] => {

    "script_result.stdout_lines": [
        "-----------------------------------------------------------", 
        "|                 Checking Nginx Config                   |", 
        "-----------------------------------------------------------", 
        "", 

        " nginx -t ", 
        "", 
        "-----------------------------------------------------------", 
        "|                 Stopping Nginx Process                  |", 
        "-----------------------------------------------------------", 

        "", 
        " /usr/bin/killall -9 nginx ", 
        "", 
        "-----------------------------------------------------------", 
        "|                 Clearing Proxy Cache                    |", 

        "-----------------------------------------------------------", 
        "", 
        " /bin/rm -rf /tmp/nginx_cache ", 
        "", 
        "-----------------------------------------------------------", 

        "|                Restarting Nginx Process                 |", 
        "-----------------------------------------------------------", 
        "root       4209  0.0  0.0 107464  1996 ?        Ss   Jun17   0:00 /sbin/dhclient -q -lf /var/lib/dhclient/dhclient--eth0.lease -pf /var/run/dhclient-eth0.pid -H om-fpms-pms-nginx eth0", 
        "root      54981  1.0  0.0 113180  1496 ?        S    16:59   0:00 /bin/bash /bak/bin/clear_nginxcache.sh", 
        "root      54991  0.0  0.5 317556 23572 ?        Ss   16:59   0:00 nginx: master process /usr/local/nginx/sbin/nginx", 

        "nobody    54993  0.5  0.6 322264 27332 ?        S    16:59   0:00 nginx: worker process", 
        "nobody    54994  0.0  0.6 323164 27108 ?        S    16:59   0:00 nginx: worker process", 
        "nobody    54995  0.0  0.6 322520 27372 ?        S    16:59   0:00 nginx: worker process", 
        "nobody    54996  0.0  0.6 321944 27324 ?        S    16:59   0:00 nginx: worker process", 
        "nobody    54997  0.0  0.5 319640 24056 ?        S    16:59   0:00 nginx: cache manager process", 

        "nobody    54998  0.0  0.5 319640 24056 ?        S    16:59   0:00 nginx: cache loader process", 
        "root      55002  0.0  0.0 112712   960 ?        S    16:59   0:00 grep nginx", 
        "              total        used        free      shared  buff/cache   available", 
        "Mem:           3932         268        2823         210         839        3142", 
        "Swap:             0           0           0", 

        "-----------------------------------------------------------", 
        "|                     Reload SUCCESS!                     |", 
        "-----------------------------------------------------------"
    ]
}


PLAY [127.0.0.1] ***************************************************************

TASK [sync_to_git : Synchronizing Nginx To GIT] ********************************
changed: [127.0.0.1]


TASK [sync_to_git : debug] *****************************************************
ok: [127.0.0.1] => {
    "msg": " [u'[master d074075] quincy', u' 3 files changed, 5 insertions(+)', u'Branch master set up to track remote branch master from origin.']"
}


PLAY [om-fpms_pms_nginx] *******************************************************

PLAY [127.0.0.1] ***************************************************************


PLAY RECAP *********************************************************************
119.9.108.4                : ok=11   changed=2    unreachable=0    failed=0    skipped=0    rescued=0    ignored=0   
127.0.0.1                  : ok=2    changed=1    unreachable=0    failed=0    skipped=0    rescued=0    ignored=0   
13.75.105.75               : ok=9    changed=2    unreachable=0    failed=0    skipped=2    rescued=0    ignored=0   
154.223.188.192            : ok=11   changed=2    unreachable=0    failed=0    skipped=0    rescued=0    ignored=0   



ESYNC_WORKER1_COMMAND_END
MAX RETRIES EXECUTED, COMMAND NOT RESPONDING