ESYNC_WORKER1_COMMAND_START
 [WARNING]: Invalid characters were found in group names but not replaced, use
-vvvv to see details

PLAY [om-fpms_pms_nginx] *******************************************************


TASK [Gathering Facts] *********************************************************
ok: [13.75.105.75]
ok: [154.223.188.192]
ok: [119.9.108.4]


TASK [nginx_sync : Change python interpreter] **********************************
ok: [154.223.188.192]
ok: [119.9.108.4]
skipping: [13.75.105.75]


TASK [nginx_sync : change python interpreter] **********************************
ok: [154.223.188.192]
ok: [119.9.108.4]
skipping: [13.75.105.75]


TASK [nginx_sync : Notify] *****************************************************
ok: [154.223.188.192] => {
    "msg": "Syncing om-fpms_pms_nginx"
}
ok: [119.9.108.4] => {

    "msg": "Syncing om-fpms_pms_nginx"
}
ok: [13.75.105.75] => {
    "msg": "Syncing om-fpms_pms_nginx"
}


TASK [nginx_sync : include_vars] ***********************************************
ok: [154.223.188.192]
ok: [119.9.108.4]
ok: [13.75.105.75]


TASK [nginx_sync : Synchronizing Nginx] ****************************************
ok: [13.75.105.75] => (item=conf)
ok: [119.9.108.4] => (item=conf)
ok: [154.223.188.192] => (item=conf)

changed: [119.9.108.4] => (item=conf.d)
changed: [13.75.105.75] => (item=conf.d)
ok: [119.9.108.4] => (item=data)
changed: [154.223.188.192] => (item=conf.d)
ok: [13.75.105.75] => (item=data)

ok: [13.75.105.75] => (item=html)
ok: [154.223.188.192] => (item=data)
ok: [119.9.108.4] => (item=html)
ok: [154.223.188.192] => (item=html)


TASK [all_servers : include_vars] **********************************************
ok: [154.223.188.192]
ok: [119.9.108.4]
ok: [13.75.105.75]


TASK [all_servers : Notify] ****************************************************
ok: [154.223.188.192] => {
    "msg": "Clearing Nginx Cache for om-fpms_pms_nginx"
}
ok: [119.9.108.4] => {

    "msg": "Clearing Nginx Cache for om-fpms_pms_nginx"
}
ok: [13.75.105.75] => {
    "msg": "Clearing Nginx Cache for om-fpms_pms_nginx"
}


TASK [all_servers : Copying clear_nginxcache.sh to remote hosts] ***************
ok: [13.75.105.75]
ok: [119.9.108.4]
ok: [154.223.188.192]


TASK [all_servers : Nginx Clear Cache] *****************************************
changed: [119.9.108.4]
changed: [13.75.105.75]
changed: [154.223.188.192]


TASK [all_servers : debug] *****************************************************
ok: [154.223.188.192] => {
    "script_result.stdout_lines": [
        "-----------------------------------------------------------", 

        "|                 Checking Nginx Config                   |", 
        "-----------------------------------------------------------", 
        "", 
        " nginx -t ", 
        "", 

        "-----------------------------------------------------------", 
        "|                 Stopping Nginx Process                  |", 
        "-----------------------------------------------------------", 
        "", 
        " /usr/bin/killall -9 nginx ", 

        "", 
        "-----------------------------------------------------------", 
        "|                 Clearing Proxy Cache                    |", 
        "-----------------------------------------------------------", 
        "", 

        " /bin/rm -rf /tmp/nginx_cache ", 
        "", 
        "-----------------------------------------------------------", 
        "|                Restarting Nginx Process                 |", 
        "-----------------------------------------------------------", 

        "root     28818  0.0  0.0 106084  1400 ?        S    10:43   0:00 /bin/bash /bak/bin/clear_nginxcache.sh", 
        "root     28828  0.0  1.1 321076 21840 ?        Ss   10:43   0:00 nginx: master process /usr/local/nginx/sbin/nginx", 
        "nobody   28830  0.0  1.3 325328 26644 ?        S    10:43   0:00 nginx: worker process      ", 
        "nobody   28831  0.0  1.3 325328 26260 ?        S    10:43   0:00 nginx: worker process      ", 
        "nobody   28832  0.0  1.3 325328 26272 ?        S    10:43   0:00 nginx: worker process      ", 

        "nobody   28833  0.0  1.3 325328 26260 ?        S    10:43   0:00 nginx: worker process      ", 
        "nobody   28834  0.0  1.1 321076 22236 ?        S    10:43   0:00 nginx: cache manager process", 
        "nobody   28835  0.0  1.1 321076 22192 ?        S    10:43   0:00 nginx: cache loader process", 
        "root     28837  0.0  0.0 103260   848 ?        S    10:44   0:00 grep nginx", 
        "             total       used       free     shared    buffers     cached", 

        "Mem:          1877       1618        258          0        204        785", 
        "-/+ buffers/cache:        629       1248", 
        "Swap:         2047          2       2045", 
        "-----------------------------------------------------------", 
        "|                     Reload SUCCESS!                     |", 

        "-----------------------------------------------------------"
    ]
}
ok: [119.9.108.4] => {
    "script_result.stdout_lines": [

        "-----------------------------------------------------------", 
        "|                 Checking Nginx Config                   |", 
        "-----------------------------------------------------------", 
        "", 
        " nginx -t ", 

        "", 
        "-----------------------------------------------------------", 
        "|                 Stopping Nginx Process                  |", 
        "-----------------------------------------------------------", 
        "", 

        " /usr/bin/killall -9 nginx ", 
        "", 
        "-----------------------------------------------------------", 
        "|                 Clearing Proxy Cache                    |", 
        "-----------------------------------------------------------", 

        "", 
        " /bin/rm -rf /tmp/nginx_cache ", 
        "", 
        "-----------------------------------------------------------", 
        "|                Restarting Nginx Process                 |", 

        "-----------------------------------------------------------", 
        "root      3512  0.4  0.0 106080  1424 ?        S    10:43   0:00 /bin/bash /bak/bin/clear_nginxcache.sh", 
        "root      3518  0.0  1.1 314488 22972 ?        Ss   10:43   0:00 nginx: master process /usr/local/nginx/sbin/nginx", 
        "nobody    3520  0.0  1.2 316416 26536 ?        S    10:43   0:00 nginx: worker process      ", 
        "nobody    3521  0.0  1.2 316416 26528 ?        S    10:43   0:00 nginx: worker process      ", 

        "nobody    3522  0.0  1.2 316416 26528 ?        S    10:43   0:00 nginx: worker process      ", 
        "nobody    3523  0.0  1.2 316416 26528 ?        S    10:43   0:00 nginx: worker process      ", 
        "nobody    3524  0.0  1.1 314488 23300 ?        S    10:43   0:00 nginx: cache manager process", 
        "nobody    3525  0.0  1.1 314488 23252 ?        S    10:43   0:00 nginx: cache loader process", 
        "root      3527  0.0  0.0 103320   880 ?        S    10:44   0:00 grep nginx", 

        "             total       used       free     shared    buffers     cached", 
        "Mem:          2000       1555        445          1        233        387", 
        "-/+ buffers/cache:        934       1066", 
        "Swap:            0          0          0", 
        "-----------------------------------------------------------", 

        "|                     Reload SUCCESS!                     |", 
        "-----------------------------------------------------------"
    ]
}
ok: [13.75.105.75] => {

    "script_result.stdout_lines": [
        "-----------------------------------------------------------", 
        "|                 Checking Nginx Config                   |", 
        "-----------------------------------------------------------", 
        "", 

        " nginx -t ", 
        "", 
        "-----------------------------------------------------------", 
        "|                 Stopping Nginx Process                  |", 
        "-----------------------------------------------------------", 

        "", 
        " /usr/bin/killall -9 nginx ", 
        "", 
        "-----------------------------------------------------------", 
        "|                 Clearing Proxy Cache                    |", 

        "-----------------------------------------------------------", 
        "", 
        " /bin/rm -rf /tmp/nginx_cache ", 
        "", 
        "-----------------------------------------------------------", 

        "|                Restarting Nginx Process                 |", 
        "-----------------------------------------------------------", 
        "root       4209  0.0  0.0 107464  2144 ?        Ss   Jun17   0:00 /sbin/dhclient -q -lf /var/lib/dhclient/dhclient--eth0.lease -pf /var/run/dhclient-eth0.pid -H om-fpms-pms-nginx eth0", 
        "root     100923  1.0  0.0 113180  1500 ?        S    10:43   0:00 /bin/bash /bak/bin/clear_nginxcache.sh", 
        "root     100932  0.0  0.5 315428 21888 ?        Ss   10:43   0:00 nginx: master process /usr/local/nginx/sbin/nginx", 

        "nobody   100933  0.0  0.6 321764 27056 ?        S    10:43   0:00 nginx: worker process", 
        "nobody   100935  0.0  0.6 321764 27060 ?        S    10:43   0:00 nginx: worker process", 
        "nobody   100936  0.0  0.6 321764 26832 ?        S    10:43   0:00 nginx: worker process", 
        "nobody   100937  0.0  0.6 321764 27060 ?        S    10:43   0:00 nginx: worker process", 
        "nobody   100938  0.0  0.5 317512 22376 ?        S    10:43   0:00 nginx: cache manager process", 

        "nobody   100939  0.0  0.5 317512 22376 ?        S    10:43   0:00 nginx: cache loader process", 
        "root     100943  0.0  0.0 112712   956 ?        R    10:44   0:00 grep nginx", 
        "              total        used        free      shared  buff/cache   available", 
        "Mem:           3932         308        1186         202        2436        3080", 
        "Swap:             0           0           0", 

        "-----------------------------------------------------------", 
        "|                     Reload SUCCESS!                     |", 
        "-----------------------------------------------------------"
    ]
}


PLAY [127.0.0.1] ***************************************************************

TASK [sync_to_git : Synchronizing Nginx To GIT] ********************************
changed: [127.0.0.1]


TASK [sync_to_git : debug] *****************************************************
ok: [127.0.0.1] => {
    "msg": " [u'[master 417a1cc] quincy', u' 1 file changed, 1 insertion(+)', u'Branch master set up to track remote branch master from origin.']"
}


PLAY [om-fpms_pms_nginx] *******************************************************

PLAY [127.0.0.1] ***************************************************************


PLAY RECAP *********************************************************************
119.9.108.4                : ok=11   changed=2    unreachable=0    failed=0    skipped=0    rescued=0    ignored=0   
127.0.0.1                  : ok=2    changed=1    unreachable=0    failed=0    skipped=0    rescued=0    ignored=0   
13.75.105.75               : ok=9    changed=2    unreachable=0    failed=0    skipped=2    rescued=0    ignored=0   
154.223.188.192            : ok=11   changed=2    unreachable=0    failed=0    skipped=0    rescued=0    ignored=0   



ESYNC_WORKER1_COMMAND_END
MAX RETRIES EXECUTED, COMMAND NOT RESPONDING