ESYNC_WORKER1_COMMAND_START
 [WARNING]: Invalid characters were found in group names but not replaced, use
-vvvv to see details

PLAY [om-fpms_pms_nginx] *******************************************************


TASK [Gathering Facts] *********************************************************
ok: [13.75.105.75]
ok: [154.223.188.192]
ok: [119.9.108.4]


TASK [nginx_sync : Change python interpreter] **********************************
ok: [154.223.188.192]
ok: [119.9.108.4]
skipping: [13.75.105.75]


TASK [nginx_sync : change python interpreter] **********************************
ok: [154.223.188.192]
ok: [119.9.108.4]
skipping: [13.75.105.75]


TASK [nginx_sync : Notify] *****************************************************
ok: [154.223.188.192] => {
    "msg": "Syncing om-fpms_pms_nginx"
}
ok: [119.9.108.4] => {

    "msg": "Syncing om-fpms_pms_nginx"
}
ok: [13.75.105.75] => {
    "msg": "Syncing om-fpms_pms_nginx"
}


TASK [nginx_sync : include_vars] ***********************************************
ok: [154.223.188.192]
ok: [119.9.108.4]
ok: [13.75.105.75]


TASK [nginx_sync : Synchronizing Nginx] ****************************************
ok: [13.75.105.75] => (item=conf)
ok: [119.9.108.4] => (item=conf)
ok: [154.223.188.192] => (item=conf)

changed: [13.75.105.75] => (item=conf.d)
changed: [119.9.108.4] => (item=conf.d)
ok: [13.75.105.75] => (item=data)
ok: [119.9.108.4] => (item=data)
changed: [154.223.188.192] => (item=conf.d)

ok: [13.75.105.75] => (item=html)
ok: [119.9.108.4] => (item=html)
ok: [154.223.188.192] => (item=data)
ok: [154.223.188.192] => (item=html)


TASK [all_servers : include_vars] **********************************************
ok: [154.223.188.192]
ok: [119.9.108.4]
ok: [13.75.105.75]


TASK [all_servers : Notify] ****************************************************
ok: [154.223.188.192] => {
    "msg": "Clearing Nginx Cache for om-fpms_pms_nginx"
}
ok: [119.9.108.4] => {

    "msg": "Clearing Nginx Cache for om-fpms_pms_nginx"
}
ok: [13.75.105.75] => {
    "msg": "Clearing Nginx Cache for om-fpms_pms_nginx"
}


TASK [all_servers : Copying clear_nginxcache.sh to remote hosts] ***************
ok: [13.75.105.75]
ok: [119.9.108.4]
ok: [154.223.188.192]


TASK [all_servers : Nginx Clear Cache] *****************************************
changed: [154.223.188.192]
changed: [13.75.105.75]
changed: [119.9.108.4]


TASK [all_servers : debug] *****************************************************
ok: [154.223.188.192] => {
    "script_result.stdout_lines": [
        "-----------------------------------------------------------", 

        "|                 Checking Nginx Config                   |", 
        "-----------------------------------------------------------", 
        "", 
        " nginx -t ", 
        "", 

        "-----------------------------------------------------------", 
        "|                 Stopping Nginx Process                  |", 
        "-----------------------------------------------------------", 
        "", 
        " /usr/bin/killall -9 nginx ", 

        "", 
        "-----------------------------------------------------------", 
        "|                 Clearing Proxy Cache                    |", 
        "-----------------------------------------------------------", 
        "", 

        " /bin/rm -rf /tmp/nginx_cache ", 
        "", 
        "-----------------------------------------------------------", 
        "|                Restarting Nginx Process                 |", 
        "-----------------------------------------------------------", 

        "root     13518  0.0  0.0 106084  1400 ?        S    16:01   0:00 /bin/bash /bak/bin/clear_nginxcache.sh", 
        "root     13524  0.0  1.1 320800 21560 ?        Ss   16:01   0:00 nginx: master process /usr/local/nginx/sbin/nginx", 
        "nobody   13526  0.5  1.3 326256 26524 ?        S    16:01   0:00 nginx: worker process      ", 
        "nobody   13527  0.0  1.3 325052 26332 ?        S    16:01   0:00 nginx: worker process      ", 
        "nobody   13528  0.0  1.3 325052 25980 ?        S    16:01   0:00 nginx: worker process      ", 

        "nobody   13529  0.0  1.3 325052 25980 ?        S    16:01   0:00 nginx: worker process      ", 
        "nobody   13530  0.0  1.1 320800 21964 ?        S    16:01   0:00 nginx: cache manager process", 
        "nobody   13531  0.0  1.1 320800 21920 ?        S    16:01   0:00 nginx: cache loader process", 
        "root     13533  0.0  0.0 103260   848 ?        S    16:01   0:00 grep nginx", 
        "             total       used       free     shared    buffers     cached", 

        "Mem:          1877       1755        121          0        171       1155", 
        "-/+ buffers/cache:        428       1448", 
        "Swap:         2047         22       2025", 
        "-----------------------------------------------------------", 
        "|                     Reload SUCCESS!                     |", 

        "-----------------------------------------------------------"
    ]
}
ok: [119.9.108.4] => {
    "script_result.stdout_lines": [

        "-----------------------------------------------------------", 
        "|                 Checking Nginx Config                   |", 
        "-----------------------------------------------------------", 
        "", 
        " nginx -t ", 

        "", 
        "-----------------------------------------------------------", 
        "|                 Stopping Nginx Process                  |", 
        "-----------------------------------------------------------", 
        "", 

        " /usr/bin/killall -9 nginx ", 
        "", 
        "-----------------------------------------------------------", 
        "|                 Clearing Proxy Cache                    |", 
        "-----------------------------------------------------------", 

        "", 
        " /bin/rm -rf /tmp/nginx_cache ", 
        "", 
        "-----------------------------------------------------------", 
        "|                Restarting Nginx Process                 |", 

        "-----------------------------------------------------------", 
        "root      3037  0.5  0.0 106080  1428 ?        S    16:01   0:00 /bin/bash /bak/bin/clear_nginxcache.sh", 
        "root      3043  0.0  1.0 312028 21520 ?        Ss   16:01   0:00 nginx: master process /usr/local/nginx/sbin/nginx", 
        "nobody    3044  0.0  1.2 316280 25860 ?        S    16:01   0:00 nginx: worker process      ", 
        "nobody    3046  0.0  1.2 316280 25868 ?        S    16:01   0:00 nginx: worker process      ", 

        "nobody    3047  0.0  1.2 316280 25860 ?        S    16:01   0:00 nginx: worker process      ", 
        "nobody    3048  0.0  1.2 316280 25860 ?        S    16:01   0:00 nginx: worker process      ", 
        "nobody    3049  0.0  1.0 312028 21840 ?        S    16:01   0:00 nginx: cache manager process", 
        "nobody    3050  0.0  1.0 312028 21792 ?        S    16:01   0:00 nginx: cache loader process", 
        "root      3056  0.0  0.0 103320   884 ?        S    16:01   0:00 grep nginx", 

        "             total       used       free     shared    buffers     cached", 
        "Mem:          2000        756       1243          1        251        254", 
        "-/+ buffers/cache:        250       1750", 
        "Swap:            0          0          0", 
        "-----------------------------------------------------------", 

        "|                     Reload SUCCESS!                     |", 
        "-----------------------------------------------------------"
    ]
}
ok: [13.75.105.75] => {

    "script_result.stdout_lines": [
        "-----------------------------------------------------------", 
        "|                 Checking Nginx Config                   |", 
        "-----------------------------------------------------------", 
        "", 

        " nginx -t ", 
        "", 
        "-----------------------------------------------------------", 
        "|                 Stopping Nginx Process                  |", 
        "-----------------------------------------------------------", 

        "", 
        " /usr/bin/killall -9 nginx ", 
        "", 
        "-----------------------------------------------------------", 
        "|                 Clearing Proxy Cache                    |", 

        "-----------------------------------------------------------", 
        "", 
        " /bin/rm -rf /tmp/nginx_cache ", 
        "", 
        "-----------------------------------------------------------", 

        "|                Restarting Nginx Process                 |", 
        "-----------------------------------------------------------", 
        "root       4209  0.0  0.0 107464  1996 ?        Ss   Jun17   0:00 /sbin/dhclient -q -lf /var/lib/dhclient/dhclient--eth0.lease -pf /var/run/dhclient-eth0.pid -H om-fpms-pms-nginx eth0", 
        "root      50027  0.8  0.0 113180  1496 ?        S    16:01   0:00 /bin/bash /bak/bin/clear_nginxcache.sh", 
        "root      50039  0.0  0.5 317556 23564 ?        Ss   16:01   0:00 nginx: master process /usr/local/nginx/sbin/nginx", 

        "nobody    50041  0.0  0.6 323080 27060 ?        S    16:01   0:00 nginx: worker process", 
        "nobody    50042  0.0  0.6 322712 27356 ?        S    16:01   0:00 nginx: worker process", 
        "nobody    50043  0.0  0.6 321568 27140 ?        S    16:01   0:00 nginx: worker process", 
        "nobody    50044  0.5  0.6 324024 27356 ?        S    16:01   0:00 nginx: worker process", 
        "nobody    50045  0.0  0.5 319640 24052 ?        S    16:01   0:00 nginx: cache manager process", 

        "nobody    50046  0.0  0.5 319640 24052 ?        S    16:01   0:00 nginx: cache loader process", 
        "root      50052  0.0  0.0 112712   960 ?        S    16:01   0:00 grep nginx", 
        "              total        used        free      shared  buff/cache   available", 
        "Mem:           3932         268        2940         210         722        3146", 
        "Swap:             0           0           0", 

        "-----------------------------------------------------------", 
        "|                     Reload SUCCESS!                     |", 
        "-----------------------------------------------------------"
    ]
}


PLAY [127.0.0.1] ***************************************************************

TASK [sync_to_git : Synchronizing Nginx To GIT] ********************************
changed: [127.0.0.1]


TASK [sync_to_git : debug] *****************************************************
ok: [127.0.0.1] => {
    "msg": " [u'[master 4694e74] quincy', u' 3 files changed, 10 insertions(+)', u'Branch master set up to track remote branch master from origin.']"
}


PLAY [om-fpms_pms_nginx] *******************************************************

PLAY [127.0.0.1] ***************************************************************


PLAY RECAP *********************************************************************
119.9.108.4                : ok=11   changed=2    unreachable=0    failed=0    skipped=0    rescued=0    ignored=0   
127.0.0.1                  : ok=2    changed=1    unreachable=0    failed=0    skipped=0    rescued=0    ignored=0   
13.75.105.75               : ok=9    changed=2    unreachable=0    failed=0    skipped=2    rescued=0    ignored=0   
154.223.188.192            : ok=11   changed=2    unreachable=0    failed=0    skipped=0    rescued=0    ignored=0   



ESYNC_WORKER1_COMMAND_END
MAX RETRIES EXECUTED, COMMAND NOT RESPONDING