ESYNC_WORKER1_COMMAND_START
 [WARNING]: Invalid characters were found in group names but not replaced, use
-vvvv to see details

PLAY [om-fpms_pms_nginx] *******************************************************


TASK [Gathering Facts] *********************************************************
ok: [13.75.105.75]
ok: [119.9.108.4]
ok: [154.223.188.192]


TASK [nginx_sync : Change python interpreter] **********************************
ok: [154.223.188.192]
ok: [119.9.108.4]
skipping: [13.75.105.75]


TASK [nginx_sync : change python interpreter] **********************************
ok: [154.223.188.192]
ok: [119.9.108.4]
skipping: [13.75.105.75]


TASK [nginx_sync : Notify] *****************************************************
ok: [154.223.188.192] => {
    "msg": "Syncing om-fpms_pms_nginx"
}
ok: [119.9.108.4] => {

    "msg": "Syncing om-fpms_pms_nginx"
}
ok: [13.75.105.75] => {
    "msg": "Syncing om-fpms_pms_nginx"
}


TASK [nginx_sync : include_vars] ***********************************************
ok: [154.223.188.192]
ok: [119.9.108.4]
ok: [13.75.105.75]


TASK [nginx_sync : Synchronizing Nginx] ****************************************
ok: [13.75.105.75] => (item=conf)
ok: [119.9.108.4] => (item=conf)
ok: [154.223.188.192] => (item=conf)

changed: [13.75.105.75] => (item=conf.d)
changed: [119.9.108.4] => (item=conf.d)
changed: [154.223.188.192] => (item=conf.d)
ok: [13.75.105.75] => (item=data)
ok: [119.9.108.4] => (item=data)

ok: [13.75.105.75] => (item=html)
ok: [119.9.108.4] => (item=html)
ok: [154.223.188.192] => (item=data)
ok: [154.223.188.192] => (item=html)


TASK [all_servers : include_vars] **********************************************
ok: [154.223.188.192]
ok: [119.9.108.4]
ok: [13.75.105.75]


TASK [all_servers : Notify] ****************************************************
ok: [154.223.188.192] => {
    "msg": "Clearing Nginx Cache for om-fpms_pms_nginx"
}
ok: [119.9.108.4] => {

    "msg": "Clearing Nginx Cache for om-fpms_pms_nginx"
}
ok: [13.75.105.75] => {
    "msg": "Clearing Nginx Cache for om-fpms_pms_nginx"
}


TASK [all_servers : Copying clear_nginxcache.sh to remote hosts] ***************
ok: [13.75.105.75]
ok: [119.9.108.4]
ok: [154.223.188.192]


TASK [all_servers : Nginx Clear Cache] *****************************************
changed: [13.75.105.75]
changed: [119.9.108.4]
changed: [154.223.188.192]


TASK [all_servers : debug] *****************************************************
ok: [154.223.188.192] => {
    "script_result.stdout_lines": [
        "-----------------------------------------------------------", 

        "|                 Checking Nginx Config                   |", 
        "-----------------------------------------------------------", 
        "", 
        " nginx -t ", 
        "", 

        "-----------------------------------------------------------", 
        "|                 Stopping Nginx Process                  |", 
        "-----------------------------------------------------------", 
        "", 
        " /usr/bin/killall -9 nginx ", 

        "", 
        "-----------------------------------------------------------", 
        "|                 Clearing Proxy Cache                    |", 
        "-----------------------------------------------------------", 
        "", 

        " /bin/rm -rf /tmp/nginx_cache ", 
        "", 
        "-----------------------------------------------------------", 
        "|                Restarting Nginx Process                 |", 
        "-----------------------------------------------------------", 

        "root     22566  0.0  0.0 106084  1404 ?        S    17:22   0:00 /bin/bash /bak/bin/clear_nginxcache.sh", 
        "root     22582  0.0  1.1 320816 21564 ?        Ss   17:22   0:00 nginx: master process /usr/local/nginx/sbin/nginx", 
        "nobody   22584  0.0  1.3 325068 26364 ?        S    17:22   0:00 nginx: worker process      ", 
        "nobody   22585  0.0  1.3 325068 26068 ?        S    17:22   0:00 nginx: worker process      ", 
        "nobody   22586  0.0  1.3 325068 26068 ?        S    17:22   0:00 nginx: worker process      ", 

        "nobody   22587  0.0  1.3 325068 26368 ?        S    17:22   0:00 nginx: worker process      ", 
        "nobody   22588  0.0  1.1 320816 21968 ?        S    17:22   0:00 nginx: cache manager process", 
        "nobody   22589  0.0  1.1 320816 21924 ?        S    17:22   0:00 nginx: cache loader process", 
        "root     22593  0.0  0.0 103260   852 ?        S    17:22   0:00 grep nginx", 
        "             total       used       free     shared    buffers     cached", 

        "Mem:          1877       1735        141          0        171       1125", 
        "-/+ buffers/cache:        438       1438", 
        "Swap:         2047         22       2025", 
        "-----------------------------------------------------------", 
        "|                     Reload SUCCESS!                     |", 

        "-----------------------------------------------------------"
    ]
}
ok: [119.9.108.4] => {
    "script_result.stdout_lines": [

        "-----------------------------------------------------------", 
        "|                 Checking Nginx Config                   |", 
        "-----------------------------------------------------------", 
        "", 
        " nginx -t ", 

        "", 
        "-----------------------------------------------------------", 
        "|                 Stopping Nginx Process                  |", 
        "-----------------------------------------------------------", 
        "", 

        " /usr/bin/killall -9 nginx ", 
        "", 
        "-----------------------------------------------------------", 
        "|                 Clearing Proxy Cache                    |", 
        "-----------------------------------------------------------", 

        "", 
        " /bin/rm -rf /tmp/nginx_cache ", 
        "", 
        "-----------------------------------------------------------", 
        "|                Restarting Nginx Process                 |", 

        "-----------------------------------------------------------", 
        "root      5397  0.5  0.0 106080  1424 ?        S    17:22   0:00 /bin/bash /bak/bin/clear_nginxcache.sh", 
        "root      5403  0.0  1.0 312028 21516 ?        Ss   17:22   0:00 nginx: master process /usr/local/nginx/sbin/nginx", 
        "nobody    5405  0.0  1.2 316280 25856 ?        S    17:22   0:00 nginx: worker process      ", 
        "nobody    5406  0.0  1.2 316280 25864 ?        S    17:22   0:00 nginx: worker process      ", 

        "nobody    5407  0.0  1.2 316280 25856 ?        S    17:22   0:00 nginx: worker process      ", 
        "nobody    5408  0.0  1.2 316280 25856 ?        S    17:22   0:00 nginx: worker process      ", 
        "nobody    5409  0.0  1.0 312028 21836 ?        S    17:22   0:00 nginx: cache manager process", 
        "nobody    5410  0.0  1.0 312028 21788 ?        S    17:22   0:00 nginx: cache loader process", 
        "root      5412  0.0  0.0 103320   868 ?        R    17:22   0:00 grep nginx", 

        "             total       used       free     shared    buffers     cached", 
        "Mem:          2000        759       1240          1        251        255", 
        "-/+ buffers/cache:        252       1747", 
        "Swap:            0          0          0", 
        "-----------------------------------------------------------", 

        "|                     Reload SUCCESS!                     |", 
        "-----------------------------------------------------------"
    ]
}
ok: [13.75.105.75] => {

    "script_result.stdout_lines": [
        "-----------------------------------------------------------", 
        "|                 Checking Nginx Config                   |", 
        "-----------------------------------------------------------", 
        "", 

        " nginx -t ", 
        "", 
        "-----------------------------------------------------------", 
        "|                 Stopping Nginx Process                  |", 
        "-----------------------------------------------------------", 

        "", 
        " /usr/bin/killall -9 nginx ", 
        "", 
        "-----------------------------------------------------------", 
        "|                 Clearing Proxy Cache                    |", 

        "-----------------------------------------------------------", 
        "", 
        " /bin/rm -rf /tmp/nginx_cache ", 
        "", 
        "-----------------------------------------------------------", 

        "|                Restarting Nginx Process                 |", 
        "-----------------------------------------------------------", 
        "root       4209  0.0  0.0 107464  1996 ?        Ss   Jun17   0:00 /sbin/dhclient -q -lf /var/lib/dhclient/dhclient--eth0.lease -pf /var/run/dhclient-eth0.pid -H om-fpms-pms-nginx eth0", 
        "root      57096  1.0  0.0 113180  1496 ?        S    17:22   0:00 /bin/bash /bak/bin/clear_nginxcache.sh", 
        "root      57110  0.0  0.5 317556 23572 ?        Ss   17:22   0:00 nginx: master process /usr/local/nginx/sbin/nginx", 

        "nobody    57112  0.0  0.6 322780 27284 ?        S    17:22   0:00 nginx: worker process", 
        "nobody    57113  0.0  0.6 321944 27348 ?        S    17:22   0:00 nginx: worker process", 
        "nobody    57114  0.0  0.6 321688 27060 ?        S    17:22   0:00 nginx: worker process", 
        "nobody    57115  0.0  0.6 321568 27332 ?        S    17:22   0:00 nginx: worker process", 
        "nobody    57116  0.0  0.5 319640 24056 ?        S    17:22   0:00 nginx: cache manager process", 

        "nobody    57117  0.0  0.5 319640 24056 ?        S    17:22   0:00 nginx: cache loader process", 
        "root      57120  0.0  0.0 112712   960 ?        S    17:22   0:00 grep nginx", 
        "              total        used        free      shared  buff/cache   available", 
        "Mem:           3932         268        2777         210         885        3140", 
        "Swap:             0           0           0", 

        "-----------------------------------------------------------", 
        "|                     Reload SUCCESS!                     |", 
        "-----------------------------------------------------------"
    ]
}


PLAY [127.0.0.1] ***************************************************************

TASK [sync_to_git : Synchronizing Nginx To GIT] ********************************
changed: [127.0.0.1]


TASK [sync_to_git : debug] *****************************************************
ok: [127.0.0.1] => {
    "msg": " [u'[master fc4620d] quincy', u' 1 file changed, 6 insertions(+)', u'Branch master set up to track remote branch master from origin.']"
}


PLAY [om-fpms_pms_nginx] *******************************************************

PLAY [127.0.0.1] ***************************************************************


PLAY RECAP *********************************************************************
119.9.108.4                : ok=11   changed=2    unreachable=0    failed=0    skipped=0    rescued=0    ignored=0   
127.0.0.1                  : ok=2    changed=1    unreachable=0    failed=0    skipped=0    rescued=0    ignored=0   
13.75.105.75               : ok=9    changed=2    unreachable=0    failed=0    skipped=2    rescued=0    ignored=0   
154.223.188.192            : ok=11   changed=2    unreachable=0    failed=0    skipped=0    rescued=0    ignored=0   



ESYNC_WORKER1_COMMAND_END
MAX RETRIES EXECUTED, COMMAND NOT RESPONDING