--- /ansible/nginx/hostgroups/om-fpms_pms_nginx/nginx/conf.d/other/payhome.site.conf	2020-08-26 18:21:40.231837165 +0800
+++ /tmp/payhome.site.conf	2020-08-31 05:22:00.861005203 +0800
@@ -298,4 +298,39 @@
 }
   
 
+server {
+        listen      443 ssl;
+        server_name pccw2.payhome.site;
+        index   index.jsp index.html index.htm;
+        charset utf-8;
+        access_log   off;
+        access_log  logs/pms2-9005.access.log main;
+  
+  		ssl on;
+    	ssl_certificate /usr/local/nginx/conf.d/ssl/payhome.site/fullchain.pem;
+    	ssl_certificate_key /usr/local/nginx/conf.d/ssl/payhome.site/privkey.pem;
+        location / {
+           proxy_redirect          off; 
+				proxy_set_header        Host            $host; 
+				proxy_set_header        X-Real-IP       $remote_addr;
+				proxy_set_header        referer         "";
+    			proxy_set_header 		X-Forwarded-For $remote_addr;
+#				proxy_set_header        X-Forwarded-For $proxy_add_x_forwarded_for; 
+				proxy_connect_timeout   80; 
+				proxy_send_timeout      80; 
+				proxy_read_timeout      80; 
+client_max_body_size 300m;
+				client_body_buffer_size 256k;
+				proxy_buffer_size       256k;
+				proxy_buffers           4 256k;
+				proxy_busy_buffers_size 256k;
+				proxy_temp_file_write_size      256k;
+            proxy_pass http://pms2_9005;
+        }
+}
+
+
+
+
+
 

