ESYNC_WORKER1_COMMAND_START
 [WARNING]: Invalid characters were found in group names but not replaced, use
-vvvv to see details

PLAY [om-fpms_pms_nginx] *******************************************************


TASK [Gathering Facts] *********************************************************
ok: [13.75.105.75]
ok: [119.9.108.4]
ok: [154.223.188.192]


TASK [nginx_sync : Change python interpreter] **********************************
ok: [154.223.188.192]
ok: [119.9.108.4]
skipping: [13.75.105.75]


TASK [nginx_sync : change python interpreter] **********************************
ok: [154.223.188.192]
ok: [119.9.108.4]
skipping: [13.75.105.75]


TASK [nginx_sync : Notify] *****************************************************
ok: [154.223.188.192] => {
    "msg": "Syncing om-fpms_pms_nginx"
}
ok: [119.9.108.4] => {

    "msg": "Syncing om-fpms_pms_nginx"
}
ok: [13.75.105.75] => {
    "msg": "Syncing om-fpms_pms_nginx"
}


TASK [nginx_sync : include_vars] ***********************************************
ok: [154.223.188.192]
ok: [119.9.108.4]
ok: [13.75.105.75]


TASK [nginx_sync : Synchronizing Nginx] ****************************************
ok: [13.75.105.75] => (item=conf)
ok: [119.9.108.4] => (item=conf)
ok: [154.223.188.192] => (item=conf)

changed: [13.75.105.75] => (item=conf.d)
changed: [119.9.108.4] => (item=conf.d)
changed: [154.223.188.192] => (item=conf.d)
ok: [13.75.105.75] => (item=data)
ok: [119.9.108.4] => (item=data)

ok: [154.223.188.192] => (item=data)
ok: [13.75.105.75] => (item=html)
ok: [119.9.108.4] => (item=html)
ok: [154.223.188.192] => (item=html)


TASK [all_servers : include_vars] **********************************************
ok: [154.223.188.192]
ok: [119.9.108.4]
ok: [13.75.105.75]


TASK [all_servers : Notify] ****************************************************
ok: [154.223.188.192] => {
    "msg": "Clearing Nginx Cache for om-fpms_pms_nginx"
}
ok: [119.9.108.4] => {

    "msg": "Clearing Nginx Cache for om-fpms_pms_nginx"
}
ok: [13.75.105.75] => {
    "msg": "Clearing Nginx Cache for om-fpms_pms_nginx"
}


TASK [all_servers : Copying clear_nginxcache.sh to remote hosts] ***************
ok: [13.75.105.75]
ok: [154.223.188.192]
ok: [119.9.108.4]


TASK [all_servers : Nginx Clear Cache] *****************************************
changed: [13.75.105.75]
changed: [154.223.188.192]
changed: [119.9.108.4]


TASK [all_servers : debug] *****************************************************
ok: [154.223.188.192] => {
    "script_result.stdout_lines": [
        "-----------------------------------------------------------", 

        "|                 Checking Nginx Config                   |", 
        "-----------------------------------------------------------", 
        "", 
        " nginx -t ", 
        "", 

        "-----------------------------------------------------------", 
        "|                 Stopping Nginx Process                  |", 
        "-----------------------------------------------------------", 
        "", 
        " /usr/bin/killall -9 nginx ", 

        "", 
        "-----------------------------------------------------------", 
        "|                 Clearing Proxy Cache                    |", 
        "-----------------------------------------------------------", 
        "", 

        " /bin/rm -rf /tmp/nginx_cache ", 
        "", 
        "-----------------------------------------------------------", 
        "|                Restarting Nginx Process                 |", 
        "-----------------------------------------------------------", 

        "root     26782  0.0  0.0 106084  1404 ?        S    15:14   0:00 /bin/bash /bak/bin/clear_nginxcache.sh", 
        "root     26792  0.0  1.1 320852 21608 ?        Ss   15:14   0:00 nginx: master process /usr/local/nginx/sbin/nginx", 
        "nobody   26794  0.0  1.3 325104 26028 ?        S    15:14   0:00 nginx: worker process      ", 
        "nobody   26795  0.0  1.3 325104 26464 ?        S    15:14   0:00 nginx: worker process      ", 
        "nobody   26796  0.0  1.3 325104 26028 ?        S    15:14   0:00 nginx: worker process      ", 

        "nobody   26797  0.0  1.3 325104 26412 ?        S    15:14   0:00 nginx: worker process      ", 
        "nobody   26798  0.0  1.1 320852 22008 ?        S    15:14   0:00 nginx: cache manager process", 
        "nobody   26799  0.0  1.1 320852 21964 ?        S    15:14   0:00 nginx: cache loader process", 
        "root     26803  0.0  0.0 103260   840 ?        R    15:14   0:00 grep nginx", 
        "             total       used       free     shared    buffers     cached", 

        "Mem:          1877       1653        223          0        159       1017", 
        "-/+ buffers/cache:        477       1400", 
        "Swap:         2047         21       2026", 
        "-----------------------------------------------------------", 
        "|                     Reload SUCCESS!                     |", 

        "-----------------------------------------------------------"
    ]
}
ok: [119.9.108.4] => {
    "script_result.stdout_lines": [

        "-----------------------------------------------------------", 
        "|                 Checking Nginx Config                   |", 
        "-----------------------------------------------------------", 
        "", 
        " nginx -t ", 

        "", 
        "-----------------------------------------------------------", 
        "|                 Stopping Nginx Process                  |", 
        "-----------------------------------------------------------", 
        "", 

        " /usr/bin/killall -9 nginx ", 
        "", 
        "-----------------------------------------------------------", 
        "|                 Clearing Proxy Cache                    |", 
        "-----------------------------------------------------------", 

        "", 
        " /bin/rm -rf /tmp/nginx_cache ", 
        "", 
        "-----------------------------------------------------------", 
        "|                Restarting Nginx Process                 |", 

        "-----------------------------------------------------------", 
        "root     32417  0.5  0.0 106080  1424 ?        S    15:14   0:00 /bin/bash /bak/bin/clear_nginxcache.sh", 
        "root     32423  0.0  1.0 312072 21564 ?        Ss   15:14   0:00 nginx: master process /usr/local/nginx/sbin/nginx", 
        "nobody   32425  0.0  1.2 316324 25916 ?        S    15:14   0:00 nginx: worker process      ", 
        "nobody   32426  0.0  1.2 316324 25908 ?        S    15:14   0:00 nginx: worker process      ", 

        "nobody   32427  0.0  1.2 316324 25908 ?        S    15:14   0:00 nginx: worker process      ", 
        "nobody   32428  0.0  1.2 316324 25908 ?        S    15:14   0:00 nginx: worker process      ", 
        "nobody   32429  0.0  1.0 312072 21896 ?        S    15:14   0:00 nginx: cache manager process", 
        "nobody   32430  0.0  1.0 312072 21848 ?        S    15:14   0:00 nginx: cache loader process", 
        "root     32432  0.0  0.0 103320   888 ?        S    15:14   0:00 grep nginx", 

        "             total       used       free     shared    buffers     cached", 
        "Mem:          2000       1387        612          1        251        291", 
        "-/+ buffers/cache:        844       1155", 
        "Swap:            0          0          0", 
        "-----------------------------------------------------------", 

        "|                     Reload SUCCESS!                     |", 
        "-----------------------------------------------------------"
    ]
}
ok: [13.75.105.75] => {

    "script_result.stdout_lines": [
        "-----------------------------------------------------------", 
        "|                 Checking Nginx Config                   |", 
        "-----------------------------------------------------------", 
        "", 

        " nginx -t ", 
        "", 
        "-----------------------------------------------------------", 
        "|                 Stopping Nginx Process                  |", 
        "-----------------------------------------------------------", 

        "", 
        " /usr/bin/killall -9 nginx ", 
        "", 
        "-----------------------------------------------------------", 
        "|                 Clearing Proxy Cache                    |", 

        "-----------------------------------------------------------", 
        "", 
        " /bin/rm -rf /tmp/nginx_cache ", 
        "", 
        "-----------------------------------------------------------", 

        "|                Restarting Nginx Process                 |", 
        "-----------------------------------------------------------", 
        "root       4209  0.0  0.0 107464  2056 ?        Ss   Jun17   0:00 /sbin/dhclient -q -lf /var/lib/dhclient/dhclient--eth0.lease -pf /var/run/dhclient-eth0.pid -H om-fpms-pms-nginx eth0", 
        "root     126244  1.0  0.0 113180  1496 ?        S    15:14   0:00 /bin/bash /bak/bin/clear_nginxcache.sh", 
        "root     126258  0.0  0.5 315204 21664 ?        Ss   15:14   0:00 nginx: master process /usr/local/nginx/sbin/nginx", 

        "nobody   126260  0.0  0.6 321540 26812 ?        S    15:14   0:00 nginx: worker process", 
        "nobody   126261  0.0  0.6 321540 26600 ?        S    15:14   0:00 nginx: worker process", 
        "nobody   126262  0.0  0.6 321540 26840 ?        S    15:14   0:00 nginx: worker process", 
        "nobody   126263  0.0  0.6 321540 26612 ?        S    15:14   0:00 nginx: worker process", 
        "nobody   126264  0.0  0.5 317288 22152 ?        S    15:14   0:00 nginx: cache manager process", 

        "nobody   126265  0.0  0.5 317288 22152 ?        S    15:14   0:00 nginx: cache loader process", 
        "root     126269  0.0  0.0 112712   960 ?        S    15:14   0:00 grep nginx", 
        "              total        used        free      shared  buff/cache   available", 
        "Mem:           3932         290        1526         202        2115        3101", 
        "Swap:             0           0           0", 

        "-----------------------------------------------------------", 
        "|                     Reload SUCCESS!                     |", 
        "-----------------------------------------------------------"
    ]
}


PLAY [127.0.0.1] ***************************************************************

TASK [sync_to_git : Synchronizing Nginx To GIT] ********************************
changed: [127.0.0.1]


TASK [sync_to_git : debug] *****************************************************
ok: [127.0.0.1] => {
    "msg": " [u'[master 2fd0c38] quincy', u' 1 file changed, 1 insertion(+)', u'Branch master set up to track remote branch master from origin.']"
}


PLAY [om-fpms_pms_nginx] *******************************************************

PLAY [127.0.0.1] ***************************************************************


PLAY RECAP *********************************************************************
119.9.108.4                : ok=11   changed=2    unreachable=0    failed=0    skipped=0    rescued=0    ignored=0   
127.0.0.1                  : ok=2    changed=1    unreachable=0    failed=0    skipped=0    rescued=0    ignored=0   
13.75.105.75               : ok=9    changed=2    unreachable=0    failed=0    skipped=2    rescued=0    ignored=0   
154.223.188.192            : ok=11   changed=2    unreachable=0    failed=0    skipped=0    rescued=0    ignored=0   



ESYNC_WORKER1_COMMAND_END
MAX RETRIES EXECUTED, COMMAND NOT RESPONDING