ESYNC_WORKER1_COMMAND_START
 [WARNING]: Invalid characters were found in group names but not replaced, use
-vvvv to see details

PLAY [om-fpms_pms_nginx] *******************************************************


TASK [Gathering Facts] *********************************************************
ok: [154.223.188.192]
ok: [119.9.108.4]
ok: [13.75.105.75]


TASK [nginx_sync : Change python interpreter] **********************************
ok: [154.223.188.192]
ok: [119.9.108.4]
skipping: [13.75.105.75]


TASK [nginx_sync : change python interpreter] **********************************
ok: [154.223.188.192]
ok: [119.9.108.4]
skipping: [13.75.105.75]


TASK [nginx_sync : Notify] *****************************************************
ok: [154.223.188.192] => {
    "msg": "Syncing om-fpms_pms_nginx"
}
ok: [119.9.108.4] => {

    "msg": "Syncing om-fpms_pms_nginx"
}
ok: [13.75.105.75] => {
    "msg": "Syncing om-fpms_pms_nginx"
}


TASK [nginx_sync : include_vars] ***********************************************
ok: [154.223.188.192]
ok: [119.9.108.4]
ok: [13.75.105.75]


TASK [nginx_sync : Synchronizing Nginx] ****************************************
ok: [13.75.105.75] => (item=conf)
ok: [119.9.108.4] => (item=conf)
ok: [154.223.188.192] => (item=conf)

changed: [13.75.105.75] => (item=conf.d)
changed: [119.9.108.4] => (item=conf.d)
changed: [154.223.188.192] => (item=conf.d)
ok: [13.75.105.75] => (item=data)
ok: [119.9.108.4] => (item=data)

ok: [154.223.188.192] => (item=data)
ok: [13.75.105.75] => (item=html)
ok: [119.9.108.4] => (item=html)
ok: [154.223.188.192] => (item=html)


TASK [nginx_sync : Set HTML Dir to root] ***************************************
ok: [13.75.105.75]
ok: [154.223.188.192]
ok: [119.9.108.4]


TASK [all_servers : include_vars] **********************************************
ok: [154.223.188.192]
ok: [119.9.108.4]
ok: [13.75.105.75]


TASK [all_servers : Notify] ****************************************************
ok: [154.223.188.192] => {
    "msg": "Clearing Nginx Cache for om-fpms_pms_nginx"
}
ok: [119.9.108.4] => {

    "msg": "Clearing Nginx Cache for om-fpms_pms_nginx"
}
ok: [13.75.105.75] => {
    "msg": "Clearing Nginx Cache for om-fpms_pms_nginx"
}


TASK [all_servers : Copying clear_nginxcache.sh to remote hosts] ***************
ok: [154.223.188.192]
ok: [13.75.105.75]
ok: [119.9.108.4]


TASK [all_servers : Nginx Clear Cache] *****************************************
changed: [13.75.105.75]
changed: [154.223.188.192]
changed: [119.9.108.4]


TASK [all_servers : debug] *****************************************************
ok: [154.223.188.192] => {
    "script_result.stdout_lines": [
        "-----------------------------------------------------------", 

        "|                 Checking Nginx Config                   |", 
        "-----------------------------------------------------------", 
        "", 
        " nginx -t ", 
        "", 

        "-----------------------------------------------------------", 
        "|                 Stopping Nginx Process                  |", 
        "-----------------------------------------------------------", 
        "", 
        " /usr/bin/killall -9 nginx ", 

        "", 
        "-----------------------------------------------------------", 
        "|                 Clearing Proxy Cache                    |", 
        "-----------------------------------------------------------", 
        "", 

        " /bin/rm -rf /tmp/nginx_cache ", 
        "", 
        "-----------------------------------------------------------", 
        "|                Restarting Nginx Process                 |", 
        "-----------------------------------------------------------", 

        "root     10935  0.0  0.0 106084  1404 ?        S    15:57   0:00 /bin/bash /bak/bin/clear_nginxcache.sh", 
        "root     10950  0.0  1.1 321300 22060 ?        Ss   15:57   0:00 nginx: master process /usr/local/nginx/sbin/nginx", 
        "nobody   10951  0.0  1.3 325552 26480 ?        S    15:57   0:00 nginx: worker process      ", 
        "nobody   10953  0.0  1.3 325552 26480 ?        S    15:57   0:00 nginx: worker process      ", 
        "nobody   10954  0.0  1.3 325552 26480 ?        S    15:57   0:00 nginx: worker process      ", 

        "nobody   10955  0.0  1.3 325552 26480 ?        S    15:57   0:00 nginx: worker process      ", 
        "nobody   10956  0.0  1.1 321300 22460 ?        S    15:57   0:00 nginx: cache manager process", 
        "nobody   10957  0.0  1.1 321300 22416 ?        S    15:57   0:00 nginx: cache loader process", 
        "root     10959  0.0  0.0 103264   852 ?        S    15:57   0:00 grep nginx", 
        "             total       used       free     shared    buffers     cached", 

        "Mem:          1877       1749        128          0        142        201", 
        "-/+ buffers/cache:       1405        471", 
        "Swap:         2047        531       1516", 
        "-----------------------------------------------------------", 
        "|                     Reload SUCCESS!                     |", 

        "-----------------------------------------------------------"
    ]
}
ok: [119.9.108.4] => {
    "script_result.stdout_lines": [

        "-----------------------------------------------------------", 
        "|                 Checking Nginx Config                   |", 
        "-----------------------------------------------------------", 
        "", 
        " nginx -t ", 

        "", 
        "-----------------------------------------------------------", 
        "|                 Stopping Nginx Process                  |", 
        "-----------------------------------------------------------", 
        "", 

        " /usr/bin/killall -9 nginx ", 
        "", 
        "-----------------------------------------------------------", 
        "|                 Clearing Proxy Cache                    |", 
        "-----------------------------------------------------------", 

        "", 
        " /bin/rm -rf /tmp/nginx_cache ", 
        "", 
        "-----------------------------------------------------------", 
        "|                Restarting Nginx Process                 |", 

        "-----------------------------------------------------------", 
        "root     16872  0.6  0.0 106080  1428 ?        S    15:57   0:00 /bin/bash /bak/bin/clear_nginxcache.sh", 
        "root     16882  0.0  1.0 312520 22008 ?        Ss   15:57   0:00 nginx: master process /usr/local/nginx/sbin/nginx", 
        "nobody   16883  3.5  1.3 317144 27944 ?        S    15:57   0:00 nginx: worker process      ", 
        "nobody   16885  4.0  1.3 317592 27924 ?        S    15:57   0:00 nginx: worker process      ", 

        "nobody   16886  4.0  1.3 317056 27988 ?        S    15:57   0:00 nginx: worker process      ", 
        "nobody   16887  4.0  1.3 317408 28060 ?        S    15:57   0:00 nginx: worker process      ", 
        "nobody   16888  0.0  1.0 312520 22340 ?        S    15:57   0:00 nginx: cache manager process", 
        "nobody   16889  0.0  1.0 312520 22292 ?        S    15:57   0:00 nginx: cache loader process", 
        "root     16891  0.0  0.0 103320   884 ?        S    15:57   0:00 grep nginx", 

        "             total       used       free     shared    buffers     cached", 
        "Mem:          2000       1871        128          1        271        894", 
        "-/+ buffers/cache:        705       1294", 
        "Swap:            0          0          0", 
        "-----------------------------------------------------------", 

        "|                     Reload SUCCESS!                     |", 
        "-----------------------------------------------------------"
    ]
}
ok: [13.75.105.75] => {

    "script_result.stdout_lines": [
        "-----------------------------------------------------------", 
        "|                 Checking Nginx Config                   |", 
        "-----------------------------------------------------------", 
        "", 

        " nginx -t ", 
        "", 
        "-----------------------------------------------------------", 
        "|                 Stopping Nginx Process                  |", 
        "-----------------------------------------------------------", 

        "", 
        " /usr/bin/killall -9 nginx ", 
        "", 
        "-----------------------------------------------------------", 
        "|                 Clearing Proxy Cache                    |", 

        "-----------------------------------------------------------", 
        "", 
        " /bin/rm -rf /tmp/nginx_cache ", 
        "", 
        "-----------------------------------------------------------", 

        "|                Restarting Nginx Process                 |", 
        "-----------------------------------------------------------", 
        "root       4209  0.0  0.0 107464  2092 ?        Ss    2019   0:00 /sbin/dhclient -q -lf /var/lib/dhclient/dhclient--eth0.lease -pf /var/run/dhclient-eth0.pid -H om-fpms-pms-nginx eth0", 
        "root      98520  0.8  0.0 113180  1496 ?        S    15:57   0:00 /bin/bash /bak/bin/clear_nginxcache.sh", 
        "root      98529  0.0  0.5 315660 22108 ?        Ss   15:57   0:00 nginx: master process /usr/local/nginx/sbin/nginx", 

        "nobody    98531  0.0  0.7 321996 28268 ?        S    15:57   0:00 nginx: worker process", 
        "nobody    98532  0.0  0.7 321996 28272 ?        S    15:57   0:00 nginx: worker process", 
        "nobody    98533  1.0  0.7 321996 28508 ?        S    15:57   0:00 nginx: worker process", 
        "nobody    98534  0.0  0.7 321996 28272 ?        S    15:57   0:00 nginx: worker process", 
        "nobody    98535  0.0  0.5 317744 22600 ?        S    15:57   0:00 nginx: cache manager process", 

        "nobody    98536  0.0  0.5 317744 22600 ?        S    15:57   0:00 nginx: cache loader process", 
        "root      98540  0.0  0.0 112712   960 ?        S    15:57   0:00 grep nginx", 
        "              total        used        free      shared  buff/cache   available", 
        "Mem:           3932         435         206         190        3289        2950", 
        "Swap:             0           0           0", 

        "-----------------------------------------------------------", 
        "|                     Reload SUCCESS!                     |", 
        "-----------------------------------------------------------"
    ]
}


PLAY [127.0.0.1] ***************************************************************

TASK [sync_to_git : Synchronizing Nginx To GIT] ********************************
changed: [127.0.0.1]


TASK [sync_to_git : debug] *****************************************************
ok: [127.0.0.1] => {
    "msg": " [u'[master a081de6] robert.sarte', u' 1 file changed, 1 insertion(+)', u'Branch master set up to track remote branch master from origin.']"
}


PLAY [om-fpms_pms_nginx] *******************************************************

PLAY [127.0.0.1] ***************************************************************


PLAY RECAP *********************************************************************
119.9.108.4                : ok=12   changed=2    unreachable=0    failed=0    skipped=0    rescued=0    ignored=0   
127.0.0.1                  : ok=2    changed=1    unreachable=0    failed=0    skipped=0    rescued=0    ignored=0   
13.75.105.75               : ok=10   changed=2    unreachable=0    failed=0    skipped=2    rescued=0    ignored=0   
154.223.188.192            : ok=12   changed=2    unreachable=0    failed=0    skipped=0    rescued=0    ignored=0   



ESYNC_WORKER1_COMMAND_END
MAX RETRIES EXECUTED, COMMAND NOT RESPONDING