ESYNC_WORKER1_COMMAND_START
 [WARNING]: Invalid characters were found in group names but not replaced, use
-vvvv to see details

PLAY [om-fpms_pms_nginx] *******************************************************


TASK [Gathering Facts] *********************************************************
ok: [13.75.105.75]
ok: [119.9.108.4]

TASK [nginx_sync : Change python interpreter] **********************************

ok: [119.9.108.4]
skipping: [13.75.105.75]

TASK [nginx_sync : change python interpreter] **********************************
ok: [119.9.108.4]

skipping: [13.75.105.75]

TASK [nginx_sync : Notify] *****************************************************
ok: [119.9.108.4] => {
    "msg": "Syncing om-fpms_pms_nginx"

}
ok: [13.75.105.75] => {
    "msg": "Syncing om-fpms_pms_nginx"
}


TASK [nginx_sync : include_vars] ***********************************************
ok: [119.9.108.4]
ok: [13.75.105.75]

TASK [nginx_sync : Synchronizing Nginx] ****************************************

ok: [119.9.108.4] => (item=conf)
ok: [13.75.105.75] => (item=conf)
changed: [13.75.105.75] => (item=conf.d)
changed: [119.9.108.4] => (item=conf.d)
ok: [13.75.105.75] => (item=data)

ok: [119.9.108.4] => (item=data)
ok: [13.75.105.75] => (item=html)
ok: [119.9.108.4] => (item=html)

TASK [nginx_sync : Set HTML Dir to root] ***************************************

ok: [13.75.105.75]
ok: [119.9.108.4]

TASK [all_servers : include_vars] **********************************************
ok: [119.9.108.4]

ok: [13.75.105.75]

TASK [all_servers : Notify] ****************************************************
ok: [119.9.108.4] => {
    "msg": "Clearing Nginx Cache for om-fpms_pms_nginx"

}
ok: [13.75.105.75] => {
    "msg": "Clearing Nginx Cache for om-fpms_pms_nginx"
}


TASK [all_servers : Copying clear_nginxcache.sh to remote hosts] ***************
ok: [13.75.105.75]
ok: [119.9.108.4]

TASK [all_servers : Nginx Clear Cache] *****************************************

changed: [13.75.105.75]
changed: [119.9.108.4]

TASK [all_servers : debug] *****************************************************
ok: [119.9.108.4] => {

    "script_result.stdout_lines": [
        "-----------------------------------------------------------", 
        "|                 Checking Nginx Config                   |", 
        "-----------------------------------------------------------", 
        "", 

        " nginx -t ", 
        "", 
        "-----------------------------------------------------------", 
        "|                 Stopping Nginx Process                  |", 
        "-----------------------------------------------------------", 

        "", 
        " /usr/bin/killall -9 nginx ", 
        "", 
        "-----------------------------------------------------------", 
        "|                 Clearing Proxy Cache                    |", 

        "-----------------------------------------------------------", 
        "", 
        " /bin/rm -rf /tmp/nginx_cache ", 
        "", 
        "-----------------------------------------------------------", 

        "|                Restarting Nginx Process                 |", 
        "-----------------------------------------------------------", 
        "root     15741  0.5  0.0 106080  1428 ?        S    18:43   0:00 /bin/bash /bak/bin/clear_nginxcache.sh", 
        "root     15751  0.0  1.0 312696 22144 ?        Ss   18:43   0:00 nginx: master process /usr/local/nginx/sbin/nginx", 
        "nobody   15752  1.5  1.3 316948 27808 ?        S    18:43   0:00 nginx: worker process      ", 

        "nobody   15753  2.0  1.3 316948 27856 ?        S    18:43   0:00 nginx: worker process      ", 
        "nobody   15755  2.0  1.3 317248 27856 ?        S    18:43   0:00 nginx: worker process      ", 
        "nobody   15756  2.0  1.3 316948 27824 ?        S    18:43   0:00 nginx: worker process      ", 
        "nobody   15757  0.0  1.0 312696 22476 ?        S    18:43   0:00 nginx: cache manager process", 
        "nobody   15758  0.0  1.0 312696 22428 ?        S    18:43   0:00 nginx: cache loader process", 

        "root     15760  0.0  0.0 103320   888 ?        S    18:43   0:00 grep nginx", 
        "             total       used       free     shared    buffers     cached", 
        "Mem:          2000       1696        303          1        185       1011", 
        "-/+ buffers/cache:        499       1500", 
        "Swap:            0          0          0", 

        "-----------------------------------------------------------", 
        "|                     Reload SUCCESS!                     |", 
        "-----------------------------------------------------------"
    ]
}

ok: [13.75.105.75] => {
    "script_result.stdout_lines": [
        "-----------------------------------------------------------", 
        "|                 Checking Nginx Config                   |", 
        "-----------------------------------------------------------", 

        "", 
        " nginx -t ", 
        "", 
        "-----------------------------------------------------------", 
        "|                 Stopping Nginx Process                  |", 

        "-----------------------------------------------------------", 
        "", 
        " /usr/bin/killall -9 nginx ", 
        "", 
        "-----------------------------------------------------------", 

        "|                 Clearing Proxy Cache                    |", 
        "-----------------------------------------------------------", 
        "", 
        " /bin/rm -rf /tmp/nginx_cache ", 
        "", 

        "-----------------------------------------------------------", 
        "|                Restarting Nginx Process                 |", 
        "-----------------------------------------------------------", 
        "root       4209  0.0  0.0 107464  2052 ?        Ss    2019   0:00 /sbin/dhclient -q -lf /var/lib/dhclient/dhclient--eth0.lease -pf /var/run/dhclient-eth0.pid -H om-fpms-pms-nginx eth0", 
        "root     103508  1.0  0.0 113180  1496 ?        S    18:43   0:00 /bin/bash /bak/bin/clear_nginxcache.sh", 

        "root     103522  0.0  0.5 315832 22252 ?        Ss   18:43   0:00 nginx: master process /usr/local/nginx/sbin/nginx", 
        "nobody   103524  0.5  0.7 322168 28400 ?        S    18:43   0:00 nginx: worker process", 
        "nobody   103525  0.5  0.7 322168 28408 ?        S    18:43   0:00 nginx: worker process", 
        "nobody   103526  1.0  0.7 322436 28636 ?        S    18:43   0:00 nginx: worker process", 
        "nobody   103527  0.0  0.7 322324 28420 ?        S    18:43   0:00 nginx: worker process", 

        "nobody   103528  0.0  0.5 317916 22740 ?        S    18:43   0:00 nginx: cache manager process", 
        "nobody   103529  0.0  0.5 317916 22740 ?        S    18:43   0:00 nginx: cache loader process", 
        "root     103533  0.0  0.0 112712   960 ?        S    18:43   0:00 grep nginx", 
        "              total        used        free      shared  buff/cache   available", 
        "Mem:           3932         462         209         210        3260        2910", 

        "Swap:             0           0           0", 
        "-----------------------------------------------------------", 
        "|                     Reload SUCCESS!                     |", 
        "-----------------------------------------------------------"
    ]

}

PLAY [127.0.0.1] ***************************************************************

TASK [sync_to_git : Synchronizing Nginx To GIT] ********************************

changed: [127.0.0.1]

TASK [sync_to_git : debug] *****************************************************
ok: [127.0.0.1] => {
    "msg": " [u'[master f5050a4] robert.sarte', u' 1 file changed, 1 insertion(+)', u'Branch master set up to track remote branch master from origin.']"

}

PLAY [om-fpms_pms_nginx] *******************************************************

PLAY [127.0.0.1] ***************************************************************


PLAY RECAP *********************************************************************
119.9.108.4                : ok=12   changed=2    unreachable=0    failed=0    skipped=0    rescued=0    ignored=0   
127.0.0.1                  : ok=2    changed=1    unreachable=0    failed=0    skipped=0    rescued=0    ignored=0   
13.75.105.75               : ok=10   changed=2    unreachable=0    failed=0    skipped=2    rescued=0    ignored=0   



ESYNC_WORKER1_COMMAND_END
MAX RETRIES EXECUTED, COMMAND NOT RESPONDING