ESYNC_WORKER1_COMMAND_START
 [WARNING]: Invalid characters were found in group names but not replaced, use
-vvvv to see details

PLAY [om-fpms_pms_nginx] *******************************************************


TASK [Gathering Facts] *********************************************************
ok: [154.223.188.192]
ok: [13.75.105.75]
ok: [119.9.108.4]


TASK [nginx_sync : Change python interpreter] **********************************
ok: [154.223.188.192]
ok: [119.9.108.4]
skipping: [13.75.105.75]


TASK [nginx_sync : change python interpreter] **********************************
ok: [154.223.188.192]
ok: [119.9.108.4]
skipping: [13.75.105.75]


TASK [nginx_sync : Notify] *****************************************************
ok: [154.223.188.192] => {
    "msg": "Syncing om-fpms_pms_nginx"
}
ok: [119.9.108.4] => {

    "msg": "Syncing om-fpms_pms_nginx"
}
ok: [13.75.105.75] => {
    "msg": "Syncing om-fpms_pms_nginx"
}


TASK [nginx_sync : include_vars] ***********************************************
ok: [154.223.188.192]
ok: [119.9.108.4]
ok: [13.75.105.75]


TASK [nginx_sync : Synchronizing Nginx] ****************************************
ok: [154.223.188.192] => (item=conf)
ok: [119.9.108.4] => (item=conf)
ok: [13.75.105.75] => (item=conf)

changed: [154.223.188.192] => (item=conf.d)
changed: [119.9.108.4] => (item=conf.d)
changed: [13.75.105.75] => (item=conf.d)
ok: [154.223.188.192] => (item=data)
ok: [119.9.108.4] => (item=data)

ok: [13.75.105.75] => (item=data)
ok: [154.223.188.192] => (item=html)
ok: [119.9.108.4] => (item=html)
ok: [13.75.105.75] => (item=html)


TASK [nginx_sync : Set HTML Dir to root] ***************************************
ok: [13.75.105.75]
ok: [154.223.188.192]
ok: [119.9.108.4]


TASK [all_servers : include_vars] **********************************************
ok: [154.223.188.192]
ok: [119.9.108.4]
ok: [13.75.105.75]


TASK [all_servers : Notify] ****************************************************
ok: [154.223.188.192] => {
    "msg": "Clearing Nginx Cache for om-fpms_pms_nginx"
}
ok: [119.9.108.4] => {

    "msg": "Clearing Nginx Cache for om-fpms_pms_nginx"
}
ok: [13.75.105.75] => {
    "msg": "Clearing Nginx Cache for om-fpms_pms_nginx"
}


TASK [all_servers : Copying clear_nginxcache.sh to remote hosts] ***************
ok: [13.75.105.75]
ok: [154.223.188.192]
ok: [119.9.108.4]


TASK [all_servers : Nginx Clear Cache] *****************************************
changed: [13.75.105.75]
changed: [154.223.188.192]
changed: [119.9.108.4]


TASK [all_servers : debug] *****************************************************
ok: [154.223.188.192] => {
    "script_result.stdout_lines": [
        "-----------------------------------------------------------", 

        "|                 Checking Nginx Config                   |", 
        "-----------------------------------------------------------", 
        "", 
        " nginx -t ", 
        "", 

        "-----------------------------------------------------------", 
        "|                 Stopping Nginx Process                  |", 
        "-----------------------------------------------------------", 
        "", 
        " /usr/bin/killall -9 nginx ", 

        "", 
        "-----------------------------------------------------------", 
        "|                 Clearing Proxy Cache                    |", 
        "-----------------------------------------------------------", 
        "", 

        " /bin/rm -rf /tmp/nginx_cache ", 
        "", 
        "-----------------------------------------------------------", 
        "|                Restarting Nginx Process                 |", 
        "-----------------------------------------------------------", 

        "root      1559  0.0  0.0 106084  1400 ?        S    14:41   0:00 /bin/bash /bak/bin/clear_nginxcache.sh", 
        "root      1565  0.0  1.1 321284 22036 ?        Ss   14:41   0:00 nginx: master process /usr/local/nginx/sbin/nginx", 
        "nobody    1566  0.0  1.3 325536 26456 ?        S    14:41   0:00 nginx: worker process      ", 
        "nobody    1568  0.0  1.3 325536 26456 ?        S    14:41   0:00 nginx: worker process      ", 
        "nobody    1569  0.0  1.3 325536 26456 ?        S    14:41   0:00 nginx: worker process      ", 

        "nobody    1570  0.0  1.3 325536 26456 ?        S    14:41   0:00 nginx: worker process      ", 
        "nobody    1571  0.0  1.1 321284 22436 ?        S    14:41   0:00 nginx: cache manager process", 
        "nobody    1572  0.0  1.1 321284 22392 ?        S    14:41   0:00 nginx: cache loader process", 
        "root      1574  0.0  0.0 103260   844 ?        S    14:41   0:00 grep nginx", 
        "             total       used       free     shared    buffers     cached", 

        "Mem:          1877       1701        175          0        165        421", 
        "-/+ buffers/cache:       1114        763", 
        "Swap:         2047        513       1534", 
        "-----------------------------------------------------------", 
        "|                     Reload SUCCESS!                     |", 

        "-----------------------------------------------------------"
    ]
}
ok: [119.9.108.4] => {
    "script_result.stdout_lines": [

        "-----------------------------------------------------------", 
        "|                 Checking Nginx Config                   |", 
        "-----------------------------------------------------------", 
        "", 
        " nginx -t ", 

        "", 
        "-----------------------------------------------------------", 
        "|                 Stopping Nginx Process                  |", 
        "-----------------------------------------------------------", 
        "", 

        " /usr/bin/killall -9 nginx ", 
        "", 
        "-----------------------------------------------------------", 
        "|                 Clearing Proxy Cache                    |", 
        "-----------------------------------------------------------", 

        "", 
        " /bin/rm -rf /tmp/nginx_cache ", 
        "", 
        "-----------------------------------------------------------", 
        "|                Restarting Nginx Process                 |", 

        "-----------------------------------------------------------", 
        "root      2916  0.0  0.2 137144  5044 pts/1    S+   13:33   0:00 vim /usr/local/nginx/conf.d/global/whitelist_map2.conf", 
        "root     19511  0.3  0.0 106080  1424 ?        S    14:41   0:00 /bin/bash /bak/bin/clear_nginxcache.sh", 
        "root     19517  0.0  1.0 312520 21984 ?        Ss   14:41   0:00 nginx: master process /usr/local/nginx/sbin/nginx", 
        "nobody   19518  8.6  1.3 318908 28544 ?        S    14:41   0:00 nginx: worker process      ", 

        "nobody   19520  9.0  1.4 318860 28700 ?        R    14:41   0:00 nginx: worker process      ", 
        "nobody   19521  8.6  1.3 318736 28624 ?        S    14:41   0:00 nginx: worker process      ", 
        "nobody   19522 10.3  1.4 318664 28848 ?        R    14:41   0:00 nginx: worker process      ", 
        "nobody   19523  0.0  1.0 312520 22316 ?        S    14:41   0:00 nginx: cache manager process", 
        "nobody   19524  0.0  1.0 312520 22268 ?        S    14:41   0:00 nginx: cache loader process", 

        "root     19526  0.0  0.0 106080   200 ?        R    14:41   0:00 /bin/bash /bak/bin/clear_nginxcache.sh", 
        "             total       used       free     shared    buffers     cached", 
        "Mem:          2000       1810        189          1        218       1187", 
        "-/+ buffers/cache:        404       1596", 
        "Swap:            0          0          0", 

        "-----------------------------------------------------------", 
        "|                     Reload SUCCESS!                     |", 
        "-----------------------------------------------------------"
    ]
}

ok: [13.75.105.75] => {
    "script_result.stdout_lines": [
        "-----------------------------------------------------------", 
        "|                 Checking Nginx Config                   |", 
        "-----------------------------------------------------------", 

        "", 
        " nginx -t ", 
        "", 
        "-----------------------------------------------------------", 
        "|                 Stopping Nginx Process                  |", 

        "-----------------------------------------------------------", 
        "", 
        " /usr/bin/killall -9 nginx ", 
        "", 
        "-----------------------------------------------------------", 

        "|                 Clearing Proxy Cache                    |", 
        "-----------------------------------------------------------", 
        "", 
        " /bin/rm -rf /tmp/nginx_cache ", 
        "", 

        "-----------------------------------------------------------", 
        "|                Restarting Nginx Process                 |", 
        "-----------------------------------------------------------", 
        "root       4209  0.0  0.0 107464  1996 ?        Ss    2019   0:00 /sbin/dhclient -q -lf /var/lib/dhclient/dhclient--eth0.lease -pf /var/run/dhclient-eth0.pid -H om-fpms-pms-nginx eth0", 
        "root      94197  1.2  0.0 113180  1500 ?        S    14:41   0:00 /bin/bash /bak/bin/clear_nginxcache.sh", 

        "root      94206  0.0  0.5 315640 22088 ?        Ss   14:41   0:00 nginx: master process /usr/local/nginx/sbin/nginx", 
        "nobody    94208  7.0  0.7 324568 29600 ?        S    14:41   0:00 nginx: worker process", 
        "nobody    94209  7.0  0.7 325520 29940 ?        S    14:41   0:00 nginx: worker process", 
        "nobody    94210  8.0  0.7 324880 29928 ?        S    14:41   0:00 nginx: worker process", 
        "nobody    94211  9.0  0.7 329768 30296 ?        S    14:41   0:00 nginx: worker process", 

        "nobody    94212  0.0  0.5 317724 22576 ?        S    14:41   0:00 nginx: cache manager process", 
        "nobody    94213  0.0  0.5 317724 22576 ?        S    14:41   0:00 nginx: cache loader process", 
        "root      94217  0.0  0.0 112712   960 ?        S    14:41   0:00 grep nginx", 
        "              total        used        free      shared  buff/cache   available", 
        "Mem:           3932         470         223         182        3238        2917", 

        "Swap:             0           0           0", 
        "-----------------------------------------------------------", 
        "|                     Reload SUCCESS!                     |", 
        "-----------------------------------------------------------"
    ]

}

PLAY [127.0.0.1] ***************************************************************

TASK [sync_to_git : Synchronizing Nginx To GIT] ********************************

changed: [127.0.0.1]

TASK [sync_to_git : debug] *****************************************************
ok: [127.0.0.1] => {
    "msg": " [u'[master ead0b3e] robert.sarte', u' 1 file changed, 1 insertion(+)', u'Branch master set up to track remote branch master from origin.']"

}

PLAY [om-fpms_pms_nginx] *******************************************************

PLAY [127.0.0.1] ***************************************************************


PLAY RECAP *********************************************************************
119.9.108.4                : ok=12   changed=2    unreachable=0    failed=0    skipped=0    rescued=0    ignored=0   
127.0.0.1                  : ok=2    changed=1    unreachable=0    failed=0    skipped=0    rescued=0    ignored=0   
13.75.105.75               : ok=10   changed=2    unreachable=0    failed=0    skipped=2    rescued=0    ignored=0   

154.223.188.192            : ok=12   changed=2    unreachable=0    failed=0    skipped=0    rescued=0    ignored=0   


ESYNC_WORKER1_COMMAND_END
MAX RETRIES EXECUTED, COMMAND NOT RESPONDING