ESYNC_WORKER1_COMMAND_START
 [WARNING]: Invalid characters were found in group names but not replaced, use
-vvvv to see details

PLAY [om-fpms_pms_nginx] *******************************************************


TASK [Gathering Facts] *********************************************************
ok: [154.223.188.192]
ok: [13.75.105.75]
ok: [119.9.108.4]


TASK [nginx_sync : Change python interpreter] **********************************
ok: [154.223.188.192]
ok: [119.9.108.4]
skipping: [13.75.105.75]


TASK [nginx_sync : change python interpreter] **********************************
ok: [154.223.188.192]
ok: [119.9.108.4]
skipping: [13.75.105.75]


TASK [nginx_sync : Notify] *****************************************************
ok: [154.223.188.192] => {
    "msg": "Syncing om-fpms_pms_nginx"
}
ok: [119.9.108.4] => {

    "msg": "Syncing om-fpms_pms_nginx"
}
ok: [13.75.105.75] => {
    "msg": "Syncing om-fpms_pms_nginx"
}


TASK [nginx_sync : include_vars] ***********************************************
ok: [154.223.188.192]
ok: [119.9.108.4]
ok: [13.75.105.75]


TASK [nginx_sync : Synchronizing Nginx] ****************************************
ok: [154.223.188.192] => (item=conf)
ok: [119.9.108.4] => (item=conf)
ok: [13.75.105.75] => (item=conf)

changed: [154.223.188.192] => (item=conf.d)
changed: [119.9.108.4] => (item=conf.d)
changed: [13.75.105.75] => (item=conf.d)
ok: [154.223.188.192] => (item=data)
ok: [119.9.108.4] => (item=data)

ok: [13.75.105.75] => (item=data)
ok: [154.223.188.192] => (item=html)
ok: [119.9.108.4] => (item=html)
ok: [13.75.105.75] => (item=html)


TASK [nginx_sync : Set HTML Dir to root] ***************************************
ok: [13.75.105.75]
ok: [154.223.188.192]
ok: [119.9.108.4]


TASK [all_servers : include_vars] **********************************************
ok: [154.223.188.192]
ok: [119.9.108.4]
ok: [13.75.105.75]


TASK [all_servers : Notify] ****************************************************
ok: [154.223.188.192] => {
    "msg": "Clearing Nginx Cache for om-fpms_pms_nginx"
}
ok: [119.9.108.4] => {

    "msg": "Clearing Nginx Cache for om-fpms_pms_nginx"
}
ok: [13.75.105.75] => {
    "msg": "Clearing Nginx Cache for om-fpms_pms_nginx"
}


TASK [all_servers : Copying clear_nginxcache.sh to remote hosts] ***************
ok: [154.223.188.192]
ok: [13.75.105.75]
ok: [119.9.108.4]


TASK [all_servers : Nginx Clear Cache] *****************************************
changed: [13.75.105.75]
changed: [154.223.188.192]
changed: [119.9.108.4]


TASK [all_servers : debug] *****************************************************
ok: [154.223.188.192] => {
    "script_result.stdout_lines": [
        "-----------------------------------------------------------", 

        "|                 Checking Nginx Config                   |", 
        "-----------------------------------------------------------", 
        "", 
        " nginx -t ", 
        "", 

        "-----------------------------------------------------------", 
        "|                 Stopping Nginx Process                  |", 
        "-----------------------------------------------------------", 
        "", 
        " /usr/bin/killall -9 nginx ", 

        "", 
        "-----------------------------------------------------------", 
        "|                 Clearing Proxy Cache                    |", 
        "-----------------------------------------------------------", 
        "", 

        " /bin/rm -rf /tmp/nginx_cache ", 
        "", 
        "-----------------------------------------------------------", 
        "|                Restarting Nginx Process                 |", 
        "-----------------------------------------------------------", 

        "root     16119  0.0  0.0 106084  1400 ?        S    15:30   0:00 /bin/bash /bak/bin/clear_nginxcache.sh", 
        "root     16129  0.0  1.1 321284 22032 ?        Ss   15:30   0:00 nginx: master process /usr/local/nginx/sbin/nginx", 
        "nobody   16130  0.0  1.3 325536 26452 ?        S    15:30   0:00 nginx: worker process      ", 
        "nobody   16132  0.0  1.3 325536 26452 ?        S    15:30   0:00 nginx: worker process      ", 
        "nobody   16133  0.0  1.3 325536 26452 ?        S    15:30   0:00 nginx: worker process      ", 

        "nobody   16134  0.0  1.3 325536 26452 ?        S    15:30   0:00 nginx: worker process      ", 
        "nobody   16135  0.0  1.1 321284 22432 ?        S    15:30   0:00 nginx: cache manager process", 
        "nobody   16136  0.0  1.1 321284 22388 ?        S    15:30   0:00 nginx: cache loader process", 
        "root     16138  0.0  0.0 103264   856 ?        S    15:30   0:00 grep nginx", 
        "             total       used       free     shared    buffers     cached", 

        "Mem:          1877       1714        162          0        165        422", 
        "-/+ buffers/cache:       1126        750", 
        "Swap:         2047        513       1534", 
        "-----------------------------------------------------------", 
        "|                     Reload SUCCESS!                     |", 

        "-----------------------------------------------------------"
    ]
}
ok: [119.9.108.4] => {
    "script_result.stdout_lines": [

        "-----------------------------------------------------------", 
        "|                 Checking Nginx Config                   |", 
        "-----------------------------------------------------------", 
        "", 
        " nginx -t ", 

        "", 
        "-----------------------------------------------------------", 
        "|                 Stopping Nginx Process                  |", 
        "-----------------------------------------------------------", 
        "", 

        " /usr/bin/killall -9 nginx ", 
        "", 
        "-----------------------------------------------------------", 
        "|                 Clearing Proxy Cache                    |", 
        "-----------------------------------------------------------", 

        "", 
        " /bin/rm -rf /tmp/nginx_cache ", 
        "", 
        "-----------------------------------------------------------", 
        "|                Restarting Nginx Process                 |", 

        "-----------------------------------------------------------", 
        "root      2916  0.0  0.2 137144  5044 pts/1    S+   13:33   0:00 vim /usr/local/nginx/conf.d/global/whitelist_map2.conf", 
        "root     31376  0.5  0.0 106080  1424 ?        S    15:30   0:00 /bin/bash /bak/bin/clear_nginxcache.sh", 
        "root     31382  0.0  1.0 312520 21984 ?        Ss   15:30   0:00 nginx: master process /usr/local/nginx/sbin/nginx", 
        "nobody   31384 25.5  1.4 320992 29904 ?        R    15:30   0:00 nginx: worker process      ", 

        "nobody   31385 25.0  1.4 320108 30180 ?        R    15:30   0:00 nginx: worker process      ", 
        "nobody   31386 26.0  1.4 321048 29976 ?        R    15:30   0:00 nginx: worker process      ", 
        "nobody   31387 24.0  1.4 319716 29348 ?        R    15:30   0:00 nginx: worker process      ", 
        "nobody   31388  0.0  1.0 312520 22312 ?        S    15:30   0:00 nginx: cache manager process", 
        "nobody   31389  0.0  1.0 312520 22264 ?        S    15:30   0:00 nginx: cache loader process", 

        "root     31391  0.0  0.0 103324   892 ?        S    15:30   0:00 grep nginx", 
        "             total       used       free     shared    buffers     cached", 
        "Mem:          2000       1817        182          1        218       1188", 
        "-/+ buffers/cache:        410       1589", 
        "Swap:            0          0          0", 

        "-----------------------------------------------------------", 
        "|                     Reload SUCCESS!                     |", 
        "-----------------------------------------------------------"
    ]
}

ok: [13.75.105.75] => {
    "script_result.stdout_lines": [
        "-----------------------------------------------------------", 
        "|                 Checking Nginx Config                   |", 
        "-----------------------------------------------------------", 

        "", 
        " nginx -t ", 
        "", 
        "-----------------------------------------------------------", 
        "|                 Stopping Nginx Process                  |", 

        "-----------------------------------------------------------", 
        "", 
        " /usr/bin/killall -9 nginx ", 
        "", 
        "-----------------------------------------------------------", 

        "|                 Clearing Proxy Cache                    |", 
        "-----------------------------------------------------------", 
        "", 
        " /bin/rm -rf /tmp/nginx_cache ", 
        "", 

        "-----------------------------------------------------------", 
        "|                Restarting Nginx Process                 |", 
        "-----------------------------------------------------------", 
        "root       4209  0.0  0.0 107464  1996 ?        Ss    2019   0:00 /sbin/dhclient -q -lf /var/lib/dhclient/dhclient--eth0.lease -pf /var/run/dhclient-eth0.pid -H om-fpms-pms-nginx eth0", 
        "root     105527  1.0  0.0 113180  1496 ?        S    15:30   0:00 /bin/bash /bak/bin/clear_nginxcache.sh", 

        "root     105537  0.0  0.5 317840 23272 ?        Ss   15:30   0:00 nginx: master process /usr/local/nginx/sbin/nginx", 
        "nobody   105538  5.0  0.7 323320 29228 ?        S    15:30   0:00 nginx: worker process", 
        "nobody   105540  4.5  0.7 324692 29356 ?        S    15:30   0:00 nginx: worker process", 
        "nobody   105541  6.0  0.7 323960 29664 ?        S    15:30   0:00 nginx: worker process", 
        "nobody   105542  6.0  0.7 324784 29736 ?        S    15:30   0:00 nginx: worker process", 

        "nobody   105543  0.0  0.5 319924 23760 ?        S    15:30   0:00 nginx: cache manager process", 
        "nobody   105544  0.0  0.5 319924 23760 ?        S    15:30   0:00 nginx: cache loader process", 
        "root     105552  0.0  0.0 112712   956 ?        S    15:30   0:00 grep nginx", 
        "              total        used        free      shared  buff/cache   available", 
        "Mem:           3932         462         193         190        3276        2924", 

        "Swap:             0           0           0", 
        "-----------------------------------------------------------", 
        "|                     Reload SUCCESS!                     |", 
        "-----------------------------------------------------------"
    ]

}

PLAY [127.0.0.1] ***************************************************************

TASK [sync_to_git : Synchronizing Nginx To GIT] ********************************

changed: [127.0.0.1]

TASK [sync_to_git : debug] *****************************************************
ok: [127.0.0.1] => {
    "msg": " [u'[master 753d3a7] robert.sarte', u' 1 file changed, 1 insertion(+)', u'Branch master set up to track remote branch master from origin.']"

}

PLAY [om-fpms_pms_nginx] *******************************************************

PLAY [127.0.0.1] ***************************************************************


PLAY RECAP *********************************************************************
119.9.108.4                : ok=12   changed=2    unreachable=0    failed=0    skipped=0    rescued=0    ignored=0   
127.0.0.1                  : ok=2    changed=1    unreachable=0    failed=0    skipped=0    rescued=0    ignored=0   
13.75.105.75               : ok=10   changed=2    unreachable=0    failed=0    skipped=2    rescued=0    ignored=0   

154.223.188.192            : ok=12   changed=2    unreachable=0    failed=0    skipped=0    rescued=0    ignored=0   


ESYNC_WORKER1_COMMAND_END
MAX RETRIES EXECUTED, COMMAND NOT RESPONDING