ESYNC_WORKER1_COMMAND_START
 [WARNING]: Invalid characters were found in group names but not replaced, use
-vvvv to see details

PLAY [om-fpms_pms_nginx] *******************************************************


TASK [Gathering Facts] *********************************************************
ok: [154.223.188.192]
ok: [119.9.108.4]
ok: [13.75.105.75]


TASK [nginx_sync : Change python interpreter] **********************************
ok: [154.223.188.192]
ok: [119.9.108.4]
skipping: [13.75.105.75]


TASK [nginx_sync : change python interpreter] **********************************
ok: [154.223.188.192]
ok: [119.9.108.4]
skipping: [13.75.105.75]


TASK [nginx_sync : Notify] *****************************************************
ok: [154.223.188.192] => {
    "msg": "Syncing om-fpms_pms_nginx"
}
ok: [119.9.108.4] => {

    "msg": "Syncing om-fpms_pms_nginx"
}
ok: [13.75.105.75] => {
    "msg": "Syncing om-fpms_pms_nginx"
}


TASK [nginx_sync : include_vars] ***********************************************
ok: [154.223.188.192]
ok: [119.9.108.4]
ok: [13.75.105.75]


TASK [nginx_sync : Synchronizing Nginx] ****************************************
ok: [13.75.105.75] => (item=conf)
ok: [154.223.188.192] => (item=conf)
ok: [119.9.108.4] => (item=conf)

changed: [13.75.105.75] => (item=conf.d)
changed: [154.223.188.192] => (item=conf.d)
changed: [119.9.108.4] => (item=conf.d)
ok: [13.75.105.75] => (item=data)
ok: [154.223.188.192] => (item=data)

ok: [119.9.108.4] => (item=data)
ok: [13.75.105.75] => (item=html)
ok: [154.223.188.192] => (item=html)
ok: [119.9.108.4] => (item=html)


TASK [nginx_sync : Set HTML Dir to root] ***************************************
ok: [13.75.105.75]
ok: [154.223.188.192]
ok: [119.9.108.4]


TASK [all_servers : include_vars] **********************************************
ok: [154.223.188.192]
ok: [119.9.108.4]
ok: [13.75.105.75]


TASK [all_servers : Notify] ****************************************************
ok: [154.223.188.192] => {
    "msg": "Clearing Nginx Cache for om-fpms_pms_nginx"
}
ok: [119.9.108.4] => {

    "msg": "Clearing Nginx Cache for om-fpms_pms_nginx"
}
ok: [13.75.105.75] => {
    "msg": "Clearing Nginx Cache for om-fpms_pms_nginx"
}


TASK [all_servers : Copying clear_nginxcache.sh to remote hosts] ***************
ok: [119.9.108.4]
ok: [13.75.105.75]
ok: [154.223.188.192]


TASK [all_servers : Nginx Clear Cache] *****************************************
changed: [13.75.105.75]
changed: [154.223.188.192]
changed: [119.9.108.4]


TASK [all_servers : debug] *****************************************************
ok: [154.223.188.192] => {
    "script_result.stdout_lines": [
        "-----------------------------------------------------------", 

        "|                 Checking Nginx Config                   |", 
        "-----------------------------------------------------------", 
        "", 
        " nginx -t ", 
        "", 

        "-----------------------------------------------------------", 
        "|                 Stopping Nginx Process                  |", 
        "-----------------------------------------------------------", 
        "", 
        " /usr/bin/killall -9 nginx ", 

        "", 
        "-----------------------------------------------------------", 
        "|                 Clearing Proxy Cache                    |", 
        "-----------------------------------------------------------", 
        "", 

        " /bin/rm -rf /tmp/nginx_cache ", 
        "", 
        "-----------------------------------------------------------", 
        "|                Restarting Nginx Process                 |", 
        "-----------------------------------------------------------", 

        "root      6100  0.0  0.0 106084  1404 ?        S    18:18   0:00 /bin/bash /bak/bin/clear_nginxcache.sh", 
        "root      6118  0.0  1.1 321300 22068 ?        Ss   18:18   0:00 nginx: master process /usr/local/nginx/sbin/nginx", 
        "nobody    6119  0.0  1.3 325552 26488 ?        S    18:18   0:00 nginx: worker process      ", 
        "nobody    6121  0.0  1.3 325552 26488 ?        S    18:18   0:00 nginx: worker process      ", 
        "nobody    6122  0.0  1.3 325552 26488 ?        S    18:18   0:00 nginx: worker process      ", 

        "nobody    6123  0.0  1.3 325552 26488 ?        S    18:18   0:00 nginx: worker process      ", 
        "nobody    6124  0.0  1.1 321300 22468 ?        S    18:18   0:00 nginx: cache manager process", 
        "nobody    6125  0.0  1.1 321300 22424 ?        S    18:18   0:00 nginx: cache loader process", 
        "root      6127  0.0  0.0 103260   844 ?        S    18:18   0:00 grep nginx", 
        "             total       used       free     shared    buffers     cached", 

        "Mem:          1877       1741        136          0        143        187", 
        "-/+ buffers/cache:       1410        466", 
        "Swap:         2047        538       1509", 
        "-----------------------------------------------------------", 
        "|                     Reload SUCCESS!                     |", 

        "-----------------------------------------------------------"
    ]
}
ok: [119.9.108.4] => {
    "script_result.stdout_lines": [

        "-----------------------------------------------------------", 
        "|                 Checking Nginx Config                   |", 
        "-----------------------------------------------------------", 
        "", 
        " nginx -t ", 

        "", 
        "-----------------------------------------------------------", 
        "|                 Stopping Nginx Process                  |", 
        "-----------------------------------------------------------", 
        "", 

        " /usr/bin/killall -9 nginx ", 
        "", 
        "-----------------------------------------------------------", 
        "|                 Clearing Proxy Cache                    |", 
        "-----------------------------------------------------------", 

        "", 
        " /bin/rm -rf /tmp/nginx_cache ", 
        "", 
        "-----------------------------------------------------------", 
        "|                Restarting Nginx Process                 |", 

        "-----------------------------------------------------------", 
        "root     27163  0.3  0.0 106080  1428 ?        S    18:18   0:00 /bin/bash /bak/bin/clear_nginxcache.sh", 
        "root     27169  0.0  1.1 314716 23196 ?        Ss   18:18   0:00 nginx: master process /usr/local/nginx/sbin/nginx", 
        "nobody   27171  0.6  1.3 317172 27984 ?        S    18:18   0:00 nginx: worker process      ", 
        "nobody   27172  0.0  1.3 316644 26856 ?        S    18:18   0:00 nginx: worker process      ", 

        "nobody   27173  0.6  1.3 317172 28020 ?        S    18:18   0:00 nginx: worker process      ", 
        "nobody   27174  0.6  1.3 316948 27984 ?        S    18:18   0:00 nginx: worker process      ", 
        "nobody   27175  0.0  1.1 314716 23524 ?        S    18:18   0:00 nginx: cache manager process", 
        "nobody   27176  0.0  1.1 314716 23476 ?        S    18:18   0:00 nginx: cache loader process", 
        "root     27178  0.0  0.0 103320   888 ?        S    18:18   0:00 grep nginx", 

        "             total       used       free     shared    buffers     cached", 
        "Mem:          2000       1871        128          1        175        883", 
        "-/+ buffers/cache:        812       1187", 
        "Swap:            0          0          0", 
        "-----------------------------------------------------------", 

        "|                     Reload SUCCESS!                     |", 
        "-----------------------------------------------------------"
    ]
}
ok: [13.75.105.75] => {

    "script_result.stdout_lines": [
        "-----------------------------------------------------------", 
        "|                 Checking Nginx Config                   |", 
        "-----------------------------------------------------------", 
        "", 

        " nginx -t ", 
        "", 
        "-----------------------------------------------------------", 
        "|                 Stopping Nginx Process                  |", 
        "-----------------------------------------------------------", 

        "", 
        " /usr/bin/killall -9 nginx ", 
        "", 
        "-----------------------------------------------------------", 
        "|                 Clearing Proxy Cache                    |", 

        "-----------------------------------------------------------", 
        "", 
        " /bin/rm -rf /tmp/nginx_cache ", 
        "", 
        "-----------------------------------------------------------", 

        "|                Restarting Nginx Process                 |", 
        "-----------------------------------------------------------", 
        "root       4209  0.0  0.0 107464  2092 ?        Ss    2019   0:00 /sbin/dhclient -q -lf /var/lib/dhclient/dhclient--eth0.lease -pf /var/run/dhclient-eth0.pid -H om-fpms-pms-nginx eth0", 
        "root      19455  1.0  0.0 113180  1496 ?        S    18:18   0:00 /bin/bash /bak/bin/clear_nginxcache.sh", 
        "root      19465  0.0  0.5 315656 22120 ?        Ss   18:18   0:00 nginx: master process /usr/local/nginx/sbin/nginx", 

        "nobody    19467  1.0  0.7 322352 28472 ?        S    18:18   0:00 nginx: worker process", 
        "nobody    19468  0.5  0.7 322236 28492 ?        S    18:18   0:00 nginx: worker process", 
        "nobody    19469  0.5  0.7 322304 28504 ?        S    18:18   0:00 nginx: worker process", 
        "nobody    19470  1.0  0.7 322356 28500 ?        S    18:18   0:00 nginx: worker process", 
        "nobody    19471  0.0  0.5 317740 22608 ?        S    18:18   0:00 nginx: cache manager process", 

        "nobody    19472  0.0  0.5 317740 22608 ?        S    18:18   0:00 nginx: cache loader process", 
        "root      19475  0.0  0.0 112712   960 ?        S    18:18   0:00 grep nginx", 
        "              total        used        free      shared  buff/cache   available", 
        "Mem:           3932         434         173         222        3324        2919", 
        "Swap:             0           0           0", 

        "-----------------------------------------------------------", 
        "|                     Reload SUCCESS!                     |", 
        "-----------------------------------------------------------"
    ]
}


PLAY [127.0.0.1] ***************************************************************

TASK [sync_to_git : Synchronizing Nginx To GIT] ********************************
changed: [127.0.0.1]


TASK [sync_to_git : debug] *****************************************************
ok: [127.0.0.1] => {
    "msg": " [u'[master 6eb7219] robert.sarte', u' 1 file changed, 1 insertion(+)', u'Branch master set up to track remote branch master from origin.']"
}


PLAY [om-fpms_pms_nginx] *******************************************************

PLAY [127.0.0.1] ***************************************************************


PLAY RECAP *********************************************************************
119.9.108.4                : ok=12   changed=2    unreachable=0    failed=0    skipped=0    rescued=0    ignored=0   
127.0.0.1                  : ok=2    changed=1    unreachable=0    failed=0    skipped=0    rescued=0    ignored=0   
13.75.105.75               : ok=10   changed=2    unreachable=0    failed=0    skipped=2    rescued=0    ignored=0   
154.223.188.192            : ok=12   changed=2    unreachable=0    failed=0    skipped=0    rescued=0    ignored=0   



ESYNC_WORKER1_COMMAND_END
MAX RETRIES EXECUTED, COMMAND NOT RESPONDING