ESYNC_WORKER1_COMMAND_START
 [WARNING]: Invalid characters were found in group names but not replaced, use
-vvvv to see details

PLAY [om-fpms_pms_nginx] *******************************************************


TASK [Gathering Facts] *********************************************************
ok: [154.223.188.192]
ok: [13.75.105.75]
ok: [119.9.108.4]


TASK [nginx_sync : Change python interpreter] **********************************
ok: [154.223.188.192]
ok: [119.9.108.4]
skipping: [13.75.105.75]


TASK [nginx_sync : change python interpreter] **********************************
ok: [154.223.188.192]
ok: [119.9.108.4]
skipping: [13.75.105.75]


TASK [nginx_sync : Notify] *****************************************************
ok: [154.223.188.192] => {
    "msg": "Syncing om-fpms_pms_nginx"
}
ok: [119.9.108.4] => {

    "msg": "Syncing om-fpms_pms_nginx"
}
ok: [13.75.105.75] => {
    "msg": "Syncing om-fpms_pms_nginx"
}


TASK [nginx_sync : include_vars] ***********************************************
ok: [154.223.188.192]
ok: [119.9.108.4]
ok: [13.75.105.75]


TASK [nginx_sync : Synchronizing Nginx] ****************************************
ok: [13.75.105.75] => (item=conf)
ok: [154.223.188.192] => (item=conf)
ok: [119.9.108.4] => (item=conf)

changed: [13.75.105.75] => (item=conf.d)
changed: [154.223.188.192] => (item=conf.d)
changed: [119.9.108.4] => (item=conf.d)
ok: [13.75.105.75] => (item=data)
ok: [154.223.188.192] => (item=data)

ok: [119.9.108.4] => (item=data)
ok: [13.75.105.75] => (item=html)
ok: [154.223.188.192] => (item=html)
ok: [119.9.108.4] => (item=html)


TASK [nginx_sync : Set HTML Dir to root] ***************************************
ok: [13.75.105.75]
ok: [154.223.188.192]
ok: [119.9.108.4]


TASK [all_servers : include_vars] **********************************************
ok: [154.223.188.192]
ok: [119.9.108.4]
ok: [13.75.105.75]


TASK [all_servers : Notify] ****************************************************
ok: [154.223.188.192] => {
    "msg": "Clearing Nginx Cache for om-fpms_pms_nginx"
}
ok: [119.9.108.4] => {

    "msg": "Clearing Nginx Cache for om-fpms_pms_nginx"
}
ok: [13.75.105.75] => {
    "msg": "Clearing Nginx Cache for om-fpms_pms_nginx"
}


TASK [all_servers : Copying clear_nginxcache.sh to remote hosts] ***************
ok: [13.75.105.75]
ok: [154.223.188.192]
ok: [119.9.108.4]


TASK [all_servers : Nginx Clear Cache] *****************************************
changed: [13.75.105.75]
changed: [154.223.188.192]
changed: [119.9.108.4]


TASK [all_servers : debug] *****************************************************
ok: [154.223.188.192] => {
    "script_result.stdout_lines": [
        "-----------------------------------------------------------", 

        "|                 Checking Nginx Config                   |", 
        "-----------------------------------------------------------", 
        "", 
        " nginx -t ", 
        "", 

        "-----------------------------------------------------------", 
        "|                 Stopping Nginx Process                  |", 
        "-----------------------------------------------------------", 
        "", 
        " /usr/bin/killall -9 nginx ", 

        "", 
        "-----------------------------------------------------------", 
        "|                 Clearing Proxy Cache                    |", 
        "-----------------------------------------------------------", 
        "", 

        " /bin/rm -rf /tmp/nginx_cache ", 
        "", 
        "-----------------------------------------------------------", 
        "|                Restarting Nginx Process                 |", 
        "-----------------------------------------------------------", 

        "root     12604  0.0  0.0 106084  1404 ?        S    18:53   0:00 /bin/bash /bak/bin/clear_nginxcache.sh", 
        "root     12619  0.0  1.1 321284 22036 ?        Ss   18:53   0:00 nginx: master process /usr/local/nginx/sbin/nginx", 
        "nobody   12620  0.0  1.3 325536 26456 ?        S    18:53   0:00 nginx: worker process      ", 
        "nobody   12622  0.0  1.3 325536 26456 ?        S    18:53   0:00 nginx: worker process      ", 
        "nobody   12623  0.0  1.3 325536 26456 ?        S    18:53   0:00 nginx: worker process      ", 

        "nobody   12624  0.0  1.3 325536 26456 ?        S    18:53   0:00 nginx: worker process      ", 
        "nobody   12625  0.0  1.1 321284 22436 ?        S    18:53   0:00 nginx: cache manager process", 
        "nobody   12626  0.0  1.1 321284 22392 ?        S    18:53   0:00 nginx: cache loader process", 
        "root     12632  0.0  0.0 103260   840 ?        R    18:53   0:00 grep nginx", 
        "             total       used       free     shared    buffers     cached", 

        "Mem:          1877       1712        165          0        165        610", 
        "-/+ buffers/cache:        935        941", 
        "Swap:         2047        510       1537", 
        "-----------------------------------------------------------", 
        "|                     Reload SUCCESS!                     |", 

        "-----------------------------------------------------------"
    ]
}
ok: [119.9.108.4] => {
    "script_result.stdout_lines": [

        "-----------------------------------------------------------", 
        "|                 Checking Nginx Config                   |", 
        "-----------------------------------------------------------", 
        "", 
        " nginx -t ", 

        "", 
        "-----------------------------------------------------------", 
        "|                 Stopping Nginx Process                  |", 
        "-----------------------------------------------------------", 
        "", 

        " /usr/bin/killall -9 nginx ", 
        "", 
        "-----------------------------------------------------------", 
        "|                 Clearing Proxy Cache                    |", 
        "-----------------------------------------------------------", 

        "", 
        " /bin/rm -rf /tmp/nginx_cache ", 
        "", 
        "-----------------------------------------------------------", 
        "|                Restarting Nginx Process                 |", 

        "-----------------------------------------------------------", 
        "root      8768  0.5  0.0 106080  1424 ?        S    18:53   0:00 /bin/bash /bak/bin/clear_nginxcache.sh", 
        "root      8774  0.0  1.0 312520 21984 ?        Ss   18:53   0:00 nginx: master process /usr/local/nginx/sbin/nginx", 
        "nobody    8776 10.0  1.3 318956 28600 ?        S    18:53   0:00 nginx: worker process      ", 
        "nobody    8777 10.0  1.3 318432 28636 ?        S    18:53   0:00 nginx: worker process      ", 

        "nobody    8778 11.0  1.3 318348 28636 ?        S    18:53   0:00 nginx: worker process      ", 
        "nobody    8779  9.3  1.3 318580 28604 ?        S    18:53   0:00 nginx: worker process      ", 
        "nobody    8780  0.0  1.0 312520 22316 ?        S    18:53   0:00 nginx: cache manager process", 
        "nobody    8781  0.0  1.0 312520 22268 ?        S    18:53   0:00 nginx: cache loader process", 
        "root      8783  0.0  0.0 103320   880 ?        S    18:53   0:00 grep nginx", 

        "root     23447  0.0  0.2 137172  5104 pts/1    S+   17:38   0:00 vim /usr/local/nginx/conf.d/global/whitelist_map2.conf", 
        "             total       used       free     shared    buffers     cached", 
        "Mem:          2000       1855        144          1        212       1199", 
        "-/+ buffers/cache:        443       1556", 
        "Swap:            0          0          0", 

        "-----------------------------------------------------------", 
        "|                     Reload SUCCESS!                     |", 
        "-----------------------------------------------------------"
    ]
}

ok: [13.75.105.75] => {
    "script_result.stdout_lines": [
        "-----------------------------------------------------------", 
        "|                 Checking Nginx Config                   |", 
        "-----------------------------------------------------------", 

        "", 
        " nginx -t ", 
        "", 
        "-----------------------------------------------------------", 
        "|                 Stopping Nginx Process                  |", 

        "-----------------------------------------------------------", 
        "", 
        " /usr/bin/killall -9 nginx ", 
        "", 
        "-----------------------------------------------------------", 

        "|                 Clearing Proxy Cache                    |", 
        "-----------------------------------------------------------", 
        "", 
        " /bin/rm -rf /tmp/nginx_cache ", 
        "", 

        "-----------------------------------------------------------", 
        "|                Restarting Nginx Process                 |", 
        "-----------------------------------------------------------", 
        "root       4209  0.0  0.0 107464  2040 ?        Ss    2019   0:00 /sbin/dhclient -q -lf /var/lib/dhclient/dhclient--eth0.lease -pf /var/run/dhclient-eth0.pid -H om-fpms-pms-nginx eth0", 
        "root      42943  1.0  0.0 113180  1496 ?        S    18:53   0:00 /bin/bash /bak/bin/clear_nginxcache.sh", 

        "root      42953  0.0  0.5 315640 22088 ?        Ss   18:53   0:00 nginx: master process /usr/local/nginx/sbin/nginx", 
        "nobody    42955  5.0  0.7 324380 29256 ?        S    18:53   0:00 nginx: worker process", 
        "nobody    42956  4.5  0.7 323464 29032 ?        S    18:53   0:00 nginx: worker process", 
        "nobody    42957  5.0  0.7 324592 29292 ?        S    18:53   0:00 nginx: worker process", 
        "nobody    42958  5.5  0.7 323748 29484 ?        S    18:53   0:00 nginx: worker process", 

        "nobody    42959  0.0  0.5 317724 22576 ?        S    18:53   0:00 nginx: cache manager process", 
        "nobody    42960  0.0  0.5 317724 22576 ?        S    18:53   0:00 nginx: cache loader process", 
        "root      42967  0.0  0.0 112712   960 ?        S    18:53   0:00 grep nginx", 
        "              total        used        free      shared  buff/cache   available", 
        "Mem:           3932         458         179         182        3293        2938", 

        "Swap:             0           0           0", 
        "-----------------------------------------------------------", 
        "|                     Reload SUCCESS!                     |", 
        "-----------------------------------------------------------"
    ]

}

PLAY [127.0.0.1] ***************************************************************

TASK [sync_to_git : Synchronizing Nginx To GIT] ********************************

changed: [127.0.0.1]

TASK [sync_to_git : debug] *****************************************************
ok: [127.0.0.1] => {
    "msg": " [u'[master c529957] robert.sarte', u' 1 file changed, 1 insertion(+), 1 deletion(-)', u'Branch master set up to track remote branch master from origin.']"

}

PLAY [om-fpms_pms_nginx] *******************************************************

PLAY [127.0.0.1] ***************************************************************


PLAY RECAP *********************************************************************
119.9.108.4                : ok=12   changed=2    unreachable=0    failed=0    skipped=0    rescued=0    ignored=0   
127.0.0.1                  : ok=2    changed=1    unreachable=0    failed=0    skipped=0    rescued=0    ignored=0   
13.75.105.75               : ok=10   changed=2    unreachable=0    failed=0    skipped=2    rescued=0    ignored=0   

154.223.188.192            : ok=12   changed=2    unreachable=0    failed=0    skipped=0    rescued=0    ignored=0   


ESYNC_WORKER1_COMMAND_END
MAX RETRIES EXECUTED, COMMAND NOT RESPONDING