ESYNC_WORKER1_COMMAND_START
 [WARNING]: Invalid characters were found in group names but not replaced, use
-vvvv to see details

PLAY [om-fpms_pms_nginx] *******************************************************


TASK [Gathering Facts] *********************************************************
ok: [119.9.108.4]
ok: [13.75.105.75]

TASK [nginx_sync : Change python interpreter] **********************************

ok: [119.9.108.4]
skipping: [13.75.105.75]

TASK [nginx_sync : change python interpreter] **********************************
ok: [119.9.108.4]

skipping: [13.75.105.75]

TASK [nginx_sync : Notify] *****************************************************
ok: [119.9.108.4] => {
    "msg": "Syncing om-fpms_pms_nginx"

}
ok: [13.75.105.75] => {
    "msg": "Syncing om-fpms_pms_nginx"
}


TASK [nginx_sync : include_vars] ***********************************************
ok: [119.9.108.4]
ok: [13.75.105.75]

TASK [nginx_sync : Synchronizing Nginx] ****************************************

ok: [13.75.105.75] => (item=conf)
ok: [119.9.108.4] => (item=conf)
changed: [13.75.105.75] => (item=conf.d)
changed: [119.9.108.4] => (item=conf.d)
ok: [13.75.105.75] => (item=data)

ok: [119.9.108.4] => (item=data)
ok: [13.75.105.75] => (item=html)
ok: [119.9.108.4] => (item=html)

TASK [nginx_sync : Set HTML Dir to root] ***************************************

ok: [13.75.105.75]
ok: [119.9.108.4]

TASK [all_servers : include_vars] **********************************************
ok: [119.9.108.4]

ok: [13.75.105.75]

TASK [all_servers : Notify] ****************************************************
ok: [119.9.108.4] => {
    "msg": "Clearing Nginx Cache for om-fpms_pms_nginx"

}
ok: [13.75.105.75] => {
    "msg": "Clearing Nginx Cache for om-fpms_pms_nginx"
}


TASK [all_servers : Copying clear_nginxcache.sh to remote hosts] ***************
ok: [13.75.105.75]
ok: [119.9.108.4]

TASK [all_servers : Nginx Clear Cache] *****************************************

changed: [13.75.105.75]
changed: [119.9.108.4]

TASK [all_servers : debug] *****************************************************
ok: [119.9.108.4] => {

    "script_result.stdout_lines": [
        "-----------------------------------------------------------", 
        "|                 Checking Nginx Config                   |", 
        "-----------------------------------------------------------", 
        "", 

        " nginx -t ", 
        "", 
        "-----------------------------------------------------------", 
        "|                 Stopping Nginx Process                  |", 
        "-----------------------------------------------------------", 

        "", 
        " /usr/bin/killall -9 nginx ", 
        "", 
        "-----------------------------------------------------------", 
        "|                 Clearing Proxy Cache                    |", 

        "-----------------------------------------------------------", 
        "", 
        " /bin/rm -rf /tmp/nginx_cache ", 
        "", 
        "-----------------------------------------------------------", 

        "|                Restarting Nginx Process                 |", 
        "-----------------------------------------------------------", 
        "root      3968  0.6  0.0 106080  1428 ?        S    14:40   0:00 /bin/bash /bak/bin/clear_nginxcache.sh", 
        "root      3974  0.0  1.0 312536 22024 ?        Ss   14:40   0:00 nginx: master process /usr/local/nginx/sbin/nginx", 
        "nobody    3976  2.0  1.3 317044 27768 ?        S    14:40   0:00 nginx: worker process      ", 

        "nobody    3977  2.0  1.3 317044 27800 ?        S    14:40   0:00 nginx: worker process      ", 
        "nobody    3978  1.5  1.3 316976 27664 ?        S    14:40   0:00 nginx: worker process      ", 
        "nobody    3979  2.0  1.3 316788 27832 ?        S    14:40   0:00 nginx: worker process      ", 
        "nobody    3980  0.0  1.0 312536 22352 ?        S    14:40   0:00 nginx: cache manager process", 
        "nobody    3981  0.0  1.0 312536 22304 ?        S    14:40   0:00 nginx: cache loader process", 

        "root      3983  0.0  0.0 103320   880 ?        S    14:40   0:00 grep nginx", 
        "root     19269  0.0  0.2 137128  5068 pts/2    S+   May27   0:00 vim /usr/local/nginx/conf.d/global/whitelist_map2.conf", 
        "             total       used       free     shared    buffers     cached", 
        "Mem:          2000       1654        346          1        157        928", 
        "-/+ buffers/cache:        568       1431", 

        "Swap:            0          0          0", 
        "-----------------------------------------------------------", 
        "|                     Reload SUCCESS!                     |", 
        "-----------------------------------------------------------"
    ]

}
ok: [13.75.105.75] => {
    "script_result.stdout_lines": [
        "-----------------------------------------------------------", 
        "|                 Checking Nginx Config                   |", 

        "-----------------------------------------------------------", 
        "", 
        " nginx -t ", 
        "", 
        "-----------------------------------------------------------", 

        "|                 Stopping Nginx Process                  |", 
        "-----------------------------------------------------------", 
        "", 
        " /usr/bin/killall -9 nginx ", 
        "", 

        "-----------------------------------------------------------", 
        "|                 Clearing Proxy Cache                    |", 
        "-----------------------------------------------------------", 
        "", 
        " /bin/rm -rf /tmp/nginx_cache ", 

        "", 
        "-----------------------------------------------------------", 
        "|                Restarting Nginx Process                 |", 
        "-----------------------------------------------------------", 
        "root       4209  0.0  0.0 107464  2004 ?        Ss    2019   0:00 /sbin/dhclient -q -lf /var/lib/dhclient/dhclient--eth0.lease -pf /var/run/dhclient-eth0.pid -H om-fpms-pms-nginx eth0", 

        "root      89896  0.0  0.1 151460  5236 pts/2    S+   May27   0:00 vim /usr/local/nginx/conf.d/global/whitelist_map2.conf", 
        "root     114220  0.8  0.0 113180  1500 ?        S    14:40   0:00 /bin/bash /bak/bin/clear_nginxcache.sh", 
        "root     114229  0.0  0.5 315672 22136 ?        Ss   14:40   0:00 nginx: master process /usr/local/nginx/sbin/nginx", 
        "nobody   114231  0.5  0.7 322008 28292 ?        S    14:40   0:00 nginx: worker process", 
        "nobody   114232  0.5  0.7 322340 28524 ?        S    14:40   0:00 nginx: worker process", 

        "nobody   114233  0.5  0.7 322008 28276 ?        S    14:40   0:00 nginx: worker process", 
        "nobody   114234  0.5  0.7 322008 28280 ?        S    14:40   0:00 nginx: worker process", 
        "nobody   114235  0.0  0.5 317756 22624 ?        S    14:40   0:00 nginx: cache manager process", 
        "nobody   114236  0.0  0.5 317756 22624 ?        S    14:40   0:00 nginx: cache loader process", 
        "root     114240  0.0  0.0 112712   960 ?        S    14:40   0:00 grep nginx", 

        "              total        used        free      shared  buff/cache   available", 
        "Mem:           3932         462         226         195        3242        2918", 
        "Swap:             0           0           0", 
        "-----------------------------------------------------------", 
        "|                     Reload SUCCESS!                     |", 

        "-----------------------------------------------------------"
    ]
}

PLAY [127.0.0.1] ***************************************************************


TASK [sync_to_git : Synchronizing Nginx To GIT] ********************************
changed: [127.0.0.1]

TASK [sync_to_git : debug] *****************************************************

ok: [127.0.0.1] => {
    "msg": " [u'[master b46ff6e] robert.sarte', u' 1 file changed, 1 insertion(+)', u'Branch master set up to track remote branch master from origin.']"
}

PLAY [om-fpms_pms_nginx] *******************************************************


PLAY [127.0.0.1] ***************************************************************

PLAY RECAP *********************************************************************
119.9.108.4                : ok=12   changed=2    unreachable=0    failed=0    skipped=0    rescued=0    ignored=0   

127.0.0.1                  : ok=2    changed=1    unreachable=0    failed=0    skipped=0    rescued=0    ignored=0   
13.75.105.75               : ok=10   changed=2    unreachable=0    failed=0    skipped=2    rescued=0    ignored=0   


ESYNC_WORKER1_COMMAND_END
MAX RETRIES EXECUTED, COMMAND NOT RESPONDING