--- /ansible/nginx/hostgroups/om-fpms_pms_nginx/nginx/conf.d/other/autopay8.conf	2019-09-19 16:09:57.712416845 +0800
+++ /tmp/autopay8.conf	2019-09-19 16:17:21.575416845 +0800
@@ -243,21 +243,6 @@
 }
 
 
-server {
-        listen       80 ;
-        server_name  autopay.payhome.site;
-		gzip on;
-        charset utf-8;
-  
-        location / {
-    
-        proxy_pass http://autopay-front;
-   
-        access_log  logs/autopay-front.access.log main;
-        error_log   logs/autopay-front.error.log ;
-      }     
-}
-
 
 
 #server {

