ESYNC_WORKER1_COMMAND_START
[WARNING]: Invalid characters were found in group names but not replaced, use
-vvvv to see details

PLAY [om-fpms_pms_nginx] *******************************************************


TASK [Gathering Facts] *********************************************************
ok: [18.167.123.144]
ok: [13.75.105.75]
ok: [119.9.108.4]


TASK [nginx_sync : Change python interpreter] **********************************
ok: [119.9.108.4]
skipping: [13.75.105.75]
skipping: [18.167.123.144]


TASK [nginx_sync : change python interpreter] **********************************
ok: [119.9.108.4]
skipping: [13.75.105.75]
skipping: [18.167.123.144]


TASK [nginx_sync : Notify] *****************************************************
ok: [119.9.108.4] => {
    "msg": "Syncing om-fpms_pms_nginx"
}
ok: [13.75.105.75] => {

    "msg": "Syncing om-fpms_pms_nginx"
}
ok: [18.167.123.144] => {
    "msg": "Syncing om-fpms_pms_nginx"
}


TASK [nginx_sync : include_vars] ***********************************************
ok: [119.9.108.4]
ok: [13.75.105.75]
ok: [18.167.123.144]


TASK [nginx_sync : Synchronizing Nginx] ****************************************
ok: [18.167.123.144] => (item=conf)
ok: [13.75.105.75] => (item=conf)
ok: [119.9.108.4] => (item=conf)

changed: [13.75.105.75] => (item=conf.d)
changed: [18.167.123.144] => (item=conf.d)
changed: [119.9.108.4] => (item=conf.d)
ok: [13.75.105.75] => (item=data)
ok: [18.167.123.144] => (item=data)

ok: [119.9.108.4] => (item=data)
ok: [18.167.123.144] => (item=html)
ok: [13.75.105.75] => (item=html)
ok: [119.9.108.4] => (item=html)


TASK [nginx_sync : Set HTML Dir to root] ***************************************
ok: [18.167.123.144]
ok: [13.75.105.75]
ok: [119.9.108.4]


TASK [all_servers : include_vars] **********************************************
ok: [119.9.108.4]
ok: [13.75.105.75]
ok: [18.167.123.144]


TASK [all_servers : Notify] ****************************************************
ok: [119.9.108.4] => {
    "msg": "Clearing Nginx Cache for om-fpms_pms_nginx"
}
ok: [13.75.105.75] => {

    "msg": "Clearing Nginx Cache for om-fpms_pms_nginx"
}
ok: [18.167.123.144] => {
    "msg": "Clearing Nginx Cache for om-fpms_pms_nginx"
}


TASK [all_servers : Copying clear_nginxcache.sh to remote hosts] ***************
ok: [18.167.123.144]
ok: [13.75.105.75]
ok: [119.9.108.4]


TASK [all_servers : Nginx Clear Cache] *****************************************
changed: [18.167.123.144]
changed: [13.75.105.75]
changed: [119.9.108.4]


TASK [all_servers : debug] *****************************************************
ok: [119.9.108.4] => {
    "script_result.stdout_lines": [
        "-----------------------------------------------------------", 

        "|                 Checking Nginx Config                   |", 
        "-----------------------------------------------------------", 
        "", 
        " nginx -t ", 
        "", 

        "-----------------------------------------------------------", 
        "|                 Stopping Nginx Process                  |", 
        "-----------------------------------------------------------", 
        "", 
        " /usr/bin/killall -9 nginx ", 

        "", 
        "-----------------------------------------------------------", 
        "|                 Clearing Proxy Cache                    |", 
        "-----------------------------------------------------------", 
        "", 

        " /bin/rm -rf /tmp/nginx_cache ", 
        "", 
        "-----------------------------------------------------------", 
        "|                Restarting Nginx Process                 |", 
        "-----------------------------------------------------------", 

        "root      7921  0.0  0.6  17288 12532 ?        Sl    2020 151:45 ./nginx-vts-exporter -nginx.scrape_uri http://localhost:8088/status/format/json", 
        "root     14138  0.6  0.0 106080  1424 ?        S    16:01   0:00 /bin/bash /bak/bin/clear_nginxcache.sh", 
        "root     14144  0.0  1.1 314780 23068 ?        Ss   16:02   0:00 nginx: master process /usr/local/nginx/sbin/nginx", 
        "nobody   14145  1.0  1.4 319032 28784 ?        S    16:02   0:00 nginx: worker process      ", 
        "nobody   14147  1.5  1.4 319032 28924 ?        S    16:02   0:00 nginx: worker process      ", 

        "nobody   14148  1.0  1.4 319288 28864 ?        S    16:02   0:00 nginx: worker process      ", 
        "nobody   14149  1.5  1.4 319220 29116 ?        S    16:02   0:00 nginx: worker process      ", 
        "nobody   14150  0.0  1.1 314780 23396 ?        S    16:02   0:00 nginx: cache manager process", 
        "nobody   14151  0.0  1.1 314780 23352 ?        S    16:02   0:00 nginx: cache loader process", 
        "root     14156  0.0  0.0 103324   888 ?        S    16:02   0:00 grep nginx", 

        "             total       used       free     shared    buffers     cached", 
        "Mem:          2000       1402        598          1        139        635", 
        "-/+ buffers/cache:        627       1372", 
        "Swap:            0          0          0", 
        "-----------------------------------------------------------", 

        "|                     Reload SUCCESS!                     |", 
        "-----------------------------------------------------------"
    ]
}
ok: [13.75.105.75] => {

    "script_result.stdout_lines": [
        "-----------------------------------------------------------", 
        "|                 Checking Nginx Config                   |", 
        "-----------------------------------------------------------", 
        "", 

        " nginx -t ", 
        "", 
        "-----------------------------------------------------------", 
        "|                 Stopping Nginx Process                  |", 
        "-----------------------------------------------------------", 

        "", 
        " /usr/bin/killall -9 nginx ", 
        "", 
        "-----------------------------------------------------------", 
        "|                 Clearing Proxy Cache                    |", 

        "-----------------------------------------------------------", 
        "", 
        " /bin/rm -rf /tmp/nginx_cache ", 
        "", 
        "-----------------------------------------------------------", 

        "|                Restarting Nginx Process                 |", 
        "-----------------------------------------------------------", 
        "root       4209  0.0  0.0 107464  2064 ?        Ss    2019   0:00 /sbin/dhclient -q -lf /var/lib/dhclient/dhclient--eth0.lease -pf /var/run/dhclient-eth0.pid -H om-fpms-pms-nginx eth0", 
        "root       9129  0.8  0.0 113180  1500 ?        S    16:01   0:00 /bin/bash /bak/bin/clear_nginxcache.sh", 
        "root       9138  0.0  0.6 320128 24300 ?        Ss   16:02   0:00 nginx: master process /usr/local/nginx/sbin/nginx", 

        "nobody     9140  2.0  0.7 324976 30404 ?        S    16:02   0:00 nginx: worker process", 
        "nobody     9141  2.5  0.7 324772 30368 ?        S    16:02   0:00 nginx: worker process", 
        "nobody     9142  2.0  0.7 324828 30416 ?        S    16:02   0:00 nginx: worker process", 
        "nobody     9143  1.5  0.7 325172 30364 ?        S    16:02   0:00 nginx: worker process", 
        "nobody     9144  0.0  0.6 322212 24796 ?        S    16:02   0:00 nginx: cache manager process", 

        "nobody     9145  0.0  0.6 322212 24796 ?        S    16:02   0:00 nginx: cache loader process", 
        "root       9152  0.0  0.0 112712   956 ?        S    16:02   0:00 grep nginx", 
        "root     127501  0.0  0.2  17340  9264 ?        Sl    2020 107:08 ./nginx-vts-exporter -nginx.scrape_uri http://localhost:8088/status/format/json", 
        "              total        used        free      shared  buff/cache   available", 
        "Mem:           3932         472        1922         194        1537        2897", 

        "Swap:             0           0           0", 
        "-----------------------------------------------------------", 
        "|                     Reload SUCCESS!                     |", 
        "-----------------------------------------------------------"
    ]

}
ok: [18.167.123.144] => {
    "script_result.stdout_lines": [
        "-----------------------------------------------------------", 
        "|                 Checking Nginx Config                   |", 

        "-----------------------------------------------------------", 
        "", 
        " nginx -t ", 
        "", 
        "-----------------------------------------------------------", 

        "|                 Stopping Nginx Process                  |", 
        "-----------------------------------------------------------", 
        "", 
        " /usr/bin/killall -9 nginx ", 
        "", 

        "-----------------------------------------------------------", 
        "|                 Clearing Proxy Cache                    |", 
        "-----------------------------------------------------------", 
        "", 
        " /bin/rm -rf /tmp/nginx_cache ", 

        "", 
        "-----------------------------------------------------------", 
        "|                Restarting Nginx Process                 |", 
        "-----------------------------------------------------------", 
        "root       850  0.0  0.0 102940  2800 ?        Ss   Mar10   0:00 /sbin/dhclient -1 -q -lf /var/lib/dhclient/dhclient--ens5.lease -pf /var/run/dhclient-ens5.pid -H om-fpms_pms_nginx1 ens5", 

        "root      2470  0.8  0.0 113288  1484 ?        S    16:01   0:00 /bin/bash /bak/bin/clear_nginxcache.sh", 
        "root      2487  0.0  0.6 317740 22976 ?        Ss   16:02   0:00 nginx: master process /usr/local/nginx/sbin/nginx", 
        "nobody    2488  0.0  0.7 321992 29264 ?        S    16:02   0:00 nginx: worker process", 
        "nobody    2490  0.0  0.7 321992 27572 ?        S    16:02   0:00 nginx: worker process", 
        "nobody    2491  0.0  0.7 321992 27572 ?        S    16:02   0:00 nginx: worker process", 

        "nobody    2492  0.5  0.7 321992 29036 ?        S    16:02   0:00 nginx: worker process", 
        "nobody    2493  0.0  0.6 317740 23364 ?        S    16:02   0:00 nginx: cache manager process", 
        "nobody    2494  0.0  0.6 317740 23364 ?        S    16:02   0:00 nginx: cache loader process", 
        "root      2499  0.0  0.0 112812   948 ?        S    16:02   0:00 grep nginx", 
        "              total        used        free      shared  buff/cache   available", 

        "Mem:           3729         405        2290         130        1033        2928", 
        "Swap:             0           0           0", 
        "-----------------------------------------------------------", 
        "|                     Reload SUCCESS!                     |", 
        "-----------------------------------------------------------"

    ]
}

PLAY [127.0.0.1] ***************************************************************


TASK [sync_to_git : Synchronizing Nginx To GIT] ********************************
changed: [127.0.0.1]

TASK [sync_to_git : debug] *****************************************************
ok: [127.0.0.1] => {

    "msg": " [u'[master a717f13] yroll.macalino', u' 1 file changed, 1 insertion(+)', u'Branch master set up to track remote branch master from origin.']"
}

PLAY [om-fpms_pms_nginx] *******************************************************


PLAY [127.0.0.1] ***************************************************************

PLAY RECAP *********************************************************************
119.9.108.4                : ok=12   changed=2    unreachable=0    failed=0    skipped=0    rescued=0    ignored=0   
127.0.0.1                  : ok=2    changed=1    unreachable=0    failed=0    skipped=0    rescued=0    ignored=0   

13.75.105.75               : ok=10   changed=2    unreachable=0    failed=0    skipped=2    rescued=0    ignored=0   
18.167.123.144             : ok=10   changed=2    unreachable=0    failed=0    skipped=2    rescued=0    ignored=0   


ESYNC_WORKER1_COMMAND_END
MAX RETRIES EXECUTED, COMMAND NOT RESPONDING