ESYNC_WORKER1_COMMAND_START
[WARNING]: Invalid characters were found in group names but not replaced, use
-vvvv to see details

PLAY [om-fpms_pms_nginx] *******************************************************


TASK [Gathering Facts] *********************************************************
ok: [18.167.123.144]
ok: [13.75.105.75]
ok: [119.9.108.4]


TASK [nginx_sync : Change python interpreter] **********************************
ok: [119.9.108.4]
skipping: [13.75.105.75]
skipping: [18.167.123.144]


TASK [nginx_sync : change python interpreter] **********************************
ok: [119.9.108.4]
skipping: [13.75.105.75]
skipping: [18.167.123.144]


TASK [nginx_sync : Notify] *****************************************************
ok: [119.9.108.4] => {
    "msg": "Syncing om-fpms_pms_nginx"
}
ok: [13.75.105.75] => {

    "msg": "Syncing om-fpms_pms_nginx"
}
ok: [18.167.123.144] => {
    "msg": "Syncing om-fpms_pms_nginx"
}


TASK [nginx_sync : include_vars] ***********************************************
ok: [119.9.108.4]
ok: [13.75.105.75]
ok: [18.167.123.144]


TASK [nginx_sync : Synchronizing Nginx] ****************************************
ok: [18.167.123.144] => (item=conf)
ok: [13.75.105.75] => (item=conf)
ok: [119.9.108.4] => (item=conf)

changed: [18.167.123.144] => (item=conf.d)
changed: [13.75.105.75] => (item=conf.d)
changed: [119.9.108.4] => (item=conf.d)
ok: [18.167.123.144] => (item=data)
ok: [13.75.105.75] => (item=data)

ok: [119.9.108.4] => (item=data)
ok: [18.167.123.144] => (item=html)
ok: [13.75.105.75] => (item=html)
ok: [119.9.108.4] => (item=html)


TASK [nginx_sync : Set HTML Dir to root] ***************************************
ok: [18.167.123.144]
ok: [13.75.105.75]
ok: [119.9.108.4]


TASK [all_servers : include_vars] **********************************************
ok: [119.9.108.4]
ok: [13.75.105.75]
ok: [18.167.123.144]


TASK [all_servers : Notify] ****************************************************
ok: [119.9.108.4] => {
    "msg": "Clearing Nginx Cache for om-fpms_pms_nginx"
}
ok: [13.75.105.75] => {

    "msg": "Clearing Nginx Cache for om-fpms_pms_nginx"
}
ok: [18.167.123.144] => {
    "msg": "Clearing Nginx Cache for om-fpms_pms_nginx"
}


TASK [all_servers : Copying clear_nginxcache.sh to remote hosts] ***************
ok: [18.167.123.144]
ok: [13.75.105.75]
ok: [119.9.108.4]


TASK [all_servers : Nginx Clear Cache] *****************************************
changed: [18.167.123.144]
changed: [13.75.105.75]
changed: [119.9.108.4]


TASK [all_servers : debug] *****************************************************
ok: [119.9.108.4] => {
    "script_result.stdout_lines": [
        "-----------------------------------------------------------", 

        "|                 Checking Nginx Config                   |", 
        "-----------------------------------------------------------", 
        "", 
        " nginx -t ", 
        "", 

        "-----------------------------------------------------------", 
        "|                 Stopping Nginx Process                  |", 
        "-----------------------------------------------------------", 
        "", 
        " /usr/bin/killall -9 nginx ", 

        "", 
        "-----------------------------------------------------------", 
        "|                 Clearing Proxy Cache                    |", 
        "-----------------------------------------------------------", 
        "", 

        " /bin/rm -rf /tmp/nginx_cache ", 
        "", 
        "-----------------------------------------------------------", 
        "|                Restarting Nginx Process                 |", 
        "-----------------------------------------------------------", 

        "root      7921  0.0  0.6  17288 12324 ?        Sl    2020 151:45 ./nginx-vts-exporter -nginx.scrape_uri http://localhost:8088/status/format/json", 
        "root     12246  0.5  0.0 106080  1424 ?        S    15:55   0:00 /bin/bash /bak/bin/clear_nginxcache.sh", 
        "root     12252  0.0  1.1 314780 23060 ?        Ss   15:55   0:00 nginx: master process /usr/local/nginx/sbin/nginx", 
        "nobody   12253  1.3  1.4 319032 29004 ?        S    15:55   0:00 nginx: worker process      ", 
        "nobody   12254  0.6  1.4 319032 28988 ?        S    15:55   0:00 nginx: worker process      ", 

        "nobody   12256  1.0  1.4 319032 29144 ?        S    15:55   0:00 nginx: worker process      ", 
        "nobody   12257  0.0  1.4 319032 28816 ?        S    15:55   0:00 nginx: worker process      ", 
        "nobody   12258  0.0  1.1 314780 23388 ?        S    15:55   0:00 nginx: cache manager process", 
        "nobody   12259  0.0  1.1 314780 23344 ?        S    15:55   0:00 nginx: cache loader process", 
        "root     12261  0.0  0.0 103324   892 ?        S    15:55   0:00 grep nginx", 

        "             total       used       free     shared    buffers     cached", 
        "Mem:          2000       1398        601          1        139        633", 
        "-/+ buffers/cache:        625       1374", 
        "Swap:            0          0          0", 
        "-----------------------------------------------------------", 

        "|                     Reload SUCCESS!                     |", 
        "-----------------------------------------------------------"
    ]
}
ok: [13.75.105.75] => {

    "script_result.stdout_lines": [
        "-----------------------------------------------------------", 
        "|                 Checking Nginx Config                   |", 
        "-----------------------------------------------------------", 
        "", 

        " nginx -t ", 
        "", 
        "-----------------------------------------------------------", 
        "|                 Stopping Nginx Process                  |", 
        "-----------------------------------------------------------", 

        "", 
        " /usr/bin/killall -9 nginx ", 
        "", 
        "-----------------------------------------------------------", 
        "|                 Clearing Proxy Cache                    |", 

        "-----------------------------------------------------------", 
        "", 
        " /bin/rm -rf /tmp/nginx_cache ", 
        "", 
        "-----------------------------------------------------------", 

        "|                Restarting Nginx Process                 |", 
        "-----------------------------------------------------------", 
        "root       4209  0.0  0.0 107464  2064 ?        Ss    2019   0:00 /sbin/dhclient -q -lf /var/lib/dhclient/dhclient--eth0.lease -pf /var/run/dhclient-eth0.pid -H om-fpms-pms-nginx eth0", 
        "root       7272  0.8  0.0 113180  1496 ?        S    15:55   0:00 /bin/bash /bak/bin/clear_nginxcache.sh", 
        "root       7282  0.0  0.6 320128 24296 ?        Ss   15:55   0:00 nginx: master process /usr/local/nginx/sbin/nginx", 

        "nobody     7284  3.0  0.7 325460 30892 ?        S    15:55   0:00 nginx: worker process", 
        "nobody     7285  3.5  0.7 325548 30908 ?        S    15:55   0:00 nginx: worker process", 
        "nobody     7286  3.5  0.7 325148 30656 ?        S    15:55   0:00 nginx: worker process", 
        "nobody     7287  2.5  0.7 325244 30608 ?        S    15:55   0:00 nginx: worker process", 
        "nobody     7288  0.0  0.6 322212 24792 ?        S    15:55   0:00 nginx: cache manager process", 

        "nobody     7289  0.0  0.6 322212 24792 ?        S    15:55   0:00 nginx: cache loader process", 
        "root       7293  0.0  0.0 112712   960 ?        S    15:55   0:00 grep nginx", 
        "root     127501  0.0  0.2  17340  9264 ?        Sl    2020 107:08 ./nginx-vts-exporter -nginx.scrape_uri http://localhost:8088/status/format/json", 
        "              total        used        free      shared  buff/cache   available", 
        "Mem:           3932         472        1954         194        1505        2897", 

        "Swap:             0           0           0", 
        "-----------------------------------------------------------", 
        "|                     Reload SUCCESS!                     |", 
        "-----------------------------------------------------------"
    ]

}
ok: [18.167.123.144] => {
    "script_result.stdout_lines": [
        "-----------------------------------------------------------", 
        "|                 Checking Nginx Config                   |", 

        "-----------------------------------------------------------", 
        "", 
        " nginx -t ", 
        "", 
        "-----------------------------------------------------------", 

        "|                 Stopping Nginx Process                  |", 
        "-----------------------------------------------------------", 
        "", 
        " /usr/bin/killall -9 nginx ", 
        "", 

        "-----------------------------------------------------------", 
        "|                 Clearing Proxy Cache                    |", 
        "-----------------------------------------------------------", 
        "", 
        " /bin/rm -rf /tmp/nginx_cache ", 

        "", 
        "-----------------------------------------------------------", 
        "|                Restarting Nginx Process                 |", 
        "-----------------------------------------------------------", 
        "root       850  0.0  0.0 102940  2800 ?        Ss   Mar10   0:00 /sbin/dhclient -1 -q -lf /var/lib/dhclient/dhclient--ens5.lease -pf /var/run/dhclient-ens5.pid -H om-fpms_pms_nginx1 ens5", 

        "root      1054  0.6  0.0 113288  1484 ?        S    15:55   0:00 /bin/bash /bak/bin/clear_nginxcache.sh", 
        "root      1061  0.0  0.6 317740 22980 ?        Ss   15:55   0:00 nginx: master process /usr/local/nginx/sbin/nginx", 
        "nobody    1062  0.0  0.7 321992 27564 ?        S    15:55   0:00 nginx: worker process", 
        "nobody    1066  0.0  0.7 321992 27564 ?        S    15:55   0:00 nginx: worker process", 
        "nobody    1067  0.0  0.7 321992 27564 ?        S    15:55   0:00 nginx: worker process", 

        "nobody    1068  0.0  0.7 321992 27564 ?        S    15:55   0:00 nginx: worker process", 
        "nobody    1069  0.0  0.6 317740 23368 ?        S    15:55   0:00 nginx: cache manager process", 
        "nobody    1070  0.0  0.6 317740 23368 ?        S    15:55   0:00 nginx: cache loader process", 
        "root      1072  0.0  0.0 112812   952 ?        S    15:55   0:00 grep nginx", 
        "              total        used        free      shared  buff/cache   available", 

        "Mem:           3729         401        2291         130        1036        2933", 
        "Swap:             0           0           0", 
        "-----------------------------------------------------------", 
        "|                     Reload SUCCESS!                     |", 
        "-----------------------------------------------------------"

    ]
}

PLAY [127.0.0.1] ***************************************************************


TASK [sync_to_git : Synchronizing Nginx To GIT] ********************************
changed: [127.0.0.1]

TASK [sync_to_git : debug] *****************************************************
ok: [127.0.0.1] => {

    "msg": " [u'[master 1d2161b] yroll.macalino', u' 1 file changed, 1 insertion(+)', u'Branch master set up to track remote branch master from origin.']"
}

PLAY [om-fpms_pms_nginx] *******************************************************


PLAY [127.0.0.1] ***************************************************************

PLAY RECAP *********************************************************************
119.9.108.4                : ok=12   changed=2    unreachable=0    failed=0    skipped=0    rescued=0    ignored=0   
127.0.0.1                  : ok=2    changed=1    unreachable=0    failed=0    skipped=0    rescued=0    ignored=0   

13.75.105.75               : ok=10   changed=2    unreachable=0    failed=0    skipped=2    rescued=0    ignored=0   
18.167.123.144             : ok=10   changed=2    unreachable=0    failed=0    skipped=2    rescued=0    ignored=0   


ESYNC_WORKER1_COMMAND_END
MAX RETRIES EXECUTED, COMMAND NOT RESPONDING