PUPPET_COMMAND_START
[WARNING]: Invalid characters were found in group names but not replaced, use
-vvvv to see details

PLAY [puppmaster-b2c] **********************************************************


TASK [puppetmaster : get hostname] *********************************************
changed: [puppmaster-b2c]

TASK [puppetmaster : Read hostvars] ********************************************
changed: [puppmaster-b2c]


TASK [puppetmaster : Create Json Template] *************************************
skipping: [puppmaster-b2c]

TASK [puppetmaster : Append Json Data] *****************************************

skipping: [puppmaster-b2c]

TASK [puppetmaster : remove ansible block] *************************************
skipping: [puppmaster-b2c]


TASK [puppetmaster : get value for iptables] ***********************************
changed: [puppmaster-b2c]

TASK [puppetmaster : check data] ***********************************************
ok: [puppmaster-b2c]


TASK [puppetmaster : get value for ssh_keys] ***********************************
changed: [puppmaster-b2c]

TASK [puppetmaster : check data] ***********************************************

ok: [puppmaster-b2c]

TASK [puppetmaster : get value for filebeat] ***********************************
changed: [puppmaster-b2c]


TASK [puppetmaster : check data] ***********************************************
ok: [puppmaster-b2c]

TASK [puppetmaster : stat] *****************************************************
ok: [puppmaster-b2c]


TASK [puppetmaster : debug] ****************************************************
skipping: [puppmaster-b2c]

TASK [puppetmaster : stat] *****************************************************

ok: [puppmaster-b2c]

TASK [puppetmaster : debug] ****************************************************
skipping: [puppmaster-b2c]


TASK [puppetmaster : stat] *****************************************************
ok: [puppmaster-b2c]

TASK [puppetmaster : debug] ****************************************************
skipping: [puppmaster-b2c]


TASK [puppetmaster : stat] *****************************************************
skipping: [puppmaster-b2c]

TASK [puppetmaster : debug] ****************************************************

skipping: [puppmaster-b2c]

TASK [puppetmaster : set_fact] *************************************************
ok: [puppmaster-b2c]


TASK [puppetmaster : include_tasks] ********************************************
included: /docker/ansible/puppet/roles/puppetmaster/tasks/puppetcreate.yml for puppmaster-b2c

TASK [puppetmaster : Create sub directory] *************************************
ok: [puppmaster-b2c] => (item=modules)

ok: [puppmaster-b2c] => (item=manifests)

TASK [puppetmaster : Create IPTABLES Modules Manifests subdirectory] ***********
ok: [puppmaster-b2c] => (item=manifests)
ok: [puppmaster-b2c] => (item=templates)


TASK [puppetmaster : Create SSH_KEYS Modules Manifests subdirectory] ***********
ok: [puppmaster-b2c] => (item=manifests)
ok: [puppmaster-b2c] => (item=templates)


TASK [puppetmaster : Create STDLIB Modules Manifests subdirectory] *************
ok: [puppmaster-b2c]

TASK [puppetmaster : Create Filebeat Modules Manifests subdirectory] ***********
skipping: [puppmaster-b2c] => (item=manifests) 

skipping: [puppmaster-b2c] => (item=templates) 

TASK [puppetmaster : Provide puppet environment] *******************************
ok: [puppmaster-b2c]


TASK [puppetmaster : Check defaults manifests node] ****************************
ok: [puppmaster-b2c]

TASK [puppetmaster : Create defaults manifests] ********************************
skipping: [puppmaster-b2c]


TASK [puppetmaster : iptables modules] *****************************************
included: /docker/ansible/puppet/roles/puppetmaster/tasks/iptables.yml for puppmaster-b2c

TASK [puppetmaster : Get iptables config df] ***********************************

skipping: [puppmaster-b2c]

TASK [puppetmaster : Get iptables config df] ***********************************
skipping: [puppmaster-b2c]


TASK [puppetmaster : Get iptables config k365] *********************************
skipping: [puppmaster-b2c]

TASK [puppetmaster : Get iptables config ebet] *********************************
skipping: [puppmaster-b2c]


TASK [puppetmaster : Get iptables config omcdnnginx] ***************************
skipping: [puppmaster-b2c]

TASK [puppetmaster : Get iptables config 51sipfs] ******************************

ok: [puppmaster-b2c]

TASK [puppetmaster : Get iptables config qp] ***********************************
skipping: [puppmaster-b2c]


TASK [puppetmaster : Get iptables config v68-test] *****************************
skipping: [puppmaster-b2c]

TASK [puppetmaster : Get iptables config] **************************************
skipping: [puppmaster-b2c]


TASK [puppetmaster : Get iptables config cdn] **********************************
skipping: [puppmaster-b2c]

TASK [puppetmaster : Get iptables config cdn] **********************************

skipping: [puppmaster-b2c]

TASK [puppetmaster : Get additional iptables config] ***************************
ok: [puppmaster-b2c]


TASK [puppetmaster : Get iptables puppet] **************************************
ok: [puppmaster-b2c]

TASK [puppetmaster : Get iptables config] **************************************
skipping: [puppmaster-b2c]


TASK [puppetmaster : find iptables.sh] *****************************************
skipping: [puppmaster-b2c]

TASK [puppetmaster : set fact] *************************************************

skipping: [puppmaster-b2c]

TASK [puppetmaster : Get additional iptables config] ***************************
skipping: [puppmaster-b2c]


TASK [puppetmaster : Create append iptables] ***********************************
skipping: [puppmaster-b2c]

TASK [puppetmaster : Append iptables] ******************************************
skipping: [puppmaster-b2c]


TASK [puppetmaster : Get additional iptables config] ***************************
skipping: [puppmaster-b2c]

TASK [puppetmaster : Get iptables puppet] **************************************

skipping: [puppmaster-b2c]

TASK [puppetmaster : ssh_keys modules] *****************************************
included: /docker/ansible/puppet/roles/puppetmaster/tasks/ssh_keys.yml for puppmaster-b2c


TASK [puppetmaster : Get Additional IP] ****************************************
changed: [puppmaster-b2c]

TASK [puppetmaster : User] *****************************************************
ok: [puppmaster-b2c]


TASK [puppetmaster : User] *****************************************************
skipping: [puppmaster-b2c]

TASK [puppetmaster : test fact] ************************************************

ok: [puppmaster-b2c]

TASK [puppetmaster : ssh-password-auth] ****************************************
skipping: [puppmaster-b2c]


TASK [puppetmaster : Append users] *********************************************
ok: [puppmaster-b2c]

TASK [puppetmaster : Append users b2b dc] **************************************
skipping: [puppmaster-b2c]


TASK [puppetmaster : Append users b2b] *****************************************
skipping: [puppmaster-b2c]

TASK [puppetmaster : Get sshd config config] ***********************************

ok: [puppmaster-b2c]

TASK [puppetmaster : Get sshd puppet] ******************************************
ok: [puppmaster-b2c]


TASK [puppetmaster : Get ssh keys] *********************************************
changed: [puppmaster-b2c]

TASK [puppetmaster : Get ssh keys] *********************************************
changed: [puppmaster-b2c]


TASK [puppetmaster : Get ssh root keys] ****************************************
ok: [puppmaster-b2c]

TASK [puppetmaster : filebeat modules] *****************************************

skipping: [puppmaster-b2c]

PLAY [51s-ipfs] ****************************************************************

TASK [Gathering Facts] *********************************************************

ok: [52.229.144.21]
ok: [111.6.79.133]
ok: [52.229.168.39]
ok: [42.237.113.33]
ok: [207.46.151.5]

MAX RETRIES EXECUTED, COMMAND NOT RESPONDING