ESYNC_WORKER1_COMMAND_START
 [WARNING]: Invalid characters were found in group names but not replaced, use
-vvvv to see details

PLAY [om-live800_nginx] ********************************************************


TASK [Gathering Facts] *********************************************************
ok: [91.193.103.105]
ok: [185.23.201.93]
ok: [161.202.34.84]


TASK [nginx_sync : Change python interpreter] **********************************
skipping: [161.202.34.84]
skipping: [91.193.103.105]
skipping: [185.23.201.93]


TASK [nginx_sync : change python interpreter] **********************************
skipping: [161.202.34.84]
skipping: [91.193.103.105]
skipping: [185.23.201.93]


TASK [nginx_sync : Notify] *****************************************************
ok: [161.202.34.84] => {
    "msg": "Syncing om-live800_nginx"
}
ok: [91.193.103.105] => {

    "msg": "Syncing om-live800_nginx"
}
ok: [185.23.201.93] => {
    "msg": "Syncing om-live800_nginx"
}


TASK [nginx_sync : include_vars] ***********************************************
ok: [161.202.34.84]
ok: [91.193.103.105]
ok: [185.23.201.93]


TASK [nginx_sync : Synchronizing Nginx] ****************************************
changed: [91.193.103.105] => (item=conf)
changed: [185.23.201.93] => (item=conf)
changed: [161.202.34.84] => (item=conf)

changed: [91.193.103.105] => (item=conf.d)
changed: [185.23.201.93] => (item=conf.d)
changed: [161.202.34.84] => (item=conf.d)
changed: [91.193.103.105] => (item=data)
ok: [161.202.34.84] => (item=data)

changed: [185.23.201.93] => (item=data)
ok: [161.202.34.84] => (item=html)
changed: [91.193.103.105] => (item=html)
changed: [185.23.201.93] => (item=html)


TASK [all_servers : include_vars] **********************************************
ok: [161.202.34.84]
ok: [91.193.103.105]
ok: [185.23.201.93]


TASK [all_servers : Notify] ****************************************************
ok: [161.202.34.84] => {
    "msg": "Clearing Nginx Cache for om-live800_nginx"
}
ok: [91.193.103.105] => {

    "msg": "Clearing Nginx Cache for om-live800_nginx"
}
ok: [185.23.201.93] => {
    "msg": "Clearing Nginx Cache for om-live800_nginx"
}


TASK [all_servers : Copying clear_nginxcache.sh to remote hosts] ***************
changed: [185.23.201.93]
changed: [91.193.103.105]
ok: [161.202.34.84]


TASK [all_servers : Nginx Clear Cache] *****************************************
changed: [185.23.201.93]
changed: [91.193.103.105]
changed: [161.202.34.84]


TASK [all_servers : debug] *****************************************************
ok: [161.202.34.84] => {
    "script_result.stdout_lines": [
        "-----------------------------------------------------------", 

        "|                 Checking Nginx Config                   |", 
        "-----------------------------------------------------------", 
        "", 
        " nginx -t ", 
        "", 

        "-----------------------------------------------------------", 
        "|                 Stopping Nginx Process                  |", 
        "-----------------------------------------------------------", 
        "", 
        " /usr/bin/killall -9 nginx ", 

        "", 
        "-----------------------------------------------------------", 
        "|                 Clearing Proxy Cache                    |", 
        "-----------------------------------------------------------", 
        "", 

        " /bin/rm -rf /tmp/nginx_cache ", 
        "", 
        "-----------------------------------------------------------", 
        "|                Restarting Nginx Process                 |", 
        "-----------------------------------------------------------", 

        "root      3844  0.0  0.1 256296  7376 ?        Ss   Sep04   0:00 nginx: master process ./sbin/nginx", 
        "nobody    3942  0.0  0.3 285812 14064 ?        S    Sep04   0:16 nginx: worker process", 
        "nobody    3943  0.0  0.3 286704 14640 ?        S    Sep04   0:33 nginx: worker process", 
        "nobody    3944  0.0  0.1 256296  6164 ?        S    Sep04   1:29 nginx: cache manager process", 
        "root     10517  0.5  0.0 113180  1500 ?        S    12:14   0:00 /bin/bash /bak/bin/clear_nginxcache.sh", 

        "root     10525  0.0  0.0 112708   952 ?        S    12:14   0:00 grep nginx", 
        "              total        used        free      shared  buff/cache   available", 
        "Mem:           3783         291         204         198        3287        2950", 
        "Swap:          2047          28        2018", 
        "-----------------------------------------------------------", 

        "|                     Reload SUCCESS!                     |", 
        "-----------------------------------------------------------"
    ]
}
ok: [91.193.103.105] => {

    "script_result.stdout_lines": [
        "-----------------------------------------------------------", 
        "|                 Checking Nginx Config                   |", 
        "-----------------------------------------------------------", 
        "", 

        " nginx -t ", 
        "", 
        "-----------------------------------------------------------", 
        "|                 Stopping Nginx Process                  |", 
        "-----------------------------------------------------------", 

        "", 
        " /usr/bin/killall -9 nginx ", 
        "", 
        "-----------------------------------------------------------", 
        "|                 Clearing Proxy Cache                    |", 

        "-----------------------------------------------------------", 
        "", 
        " /bin/rm -rf /tmp/nginx_cache ", 
        "", 
        "-----------------------------------------------------------", 

        "|                Restarting Nginx Process                 |", 
        "-----------------------------------------------------------", 
        "root     38348  0.5  0.0 113188  1496 ?        S    12:14   0:00 /bin/bash /bak/bin/clear_nginxcache.sh", 
        "root     38355  0.0  0.2 708904  4576 ?        Ss   12:14   0:00 nginx: master process /usr/local/nginx/sbin/nginx", 
        "nobody   38356  0.0  0.4 710832  8148 ?        S    12:14   0:00 nginx: worker process", 

        "nobody   38358  0.0  0.4 710832  8148 ?        S    12:14   0:00 nginx: worker process", 
        "nobody   38359  0.0  0.4 710832  8148 ?        S    12:14   0:00 nginx: worker process", 
        "nobody   38360  0.0  0.4 710832  8148 ?        S    12:14   0:00 nginx: worker process", 
        "nobody   38361  0.0  0.2 708904  4980 ?        S    12:14   0:00 nginx: cache manager process", 
        "nobody   38362  0.0  0.2 708904  4980 ?        S    12:14   0:00 nginx: cache loader process", 

        "root     38368  0.0  0.0 112712   944 ?        S    12:14   0:00 grep nginx", 
        "              total        used        free      shared  buff/cache   available", 
        "Mem:           1828         219         138          43        1470        1382", 
        "Swap:          2047           0        2047", 
        "-----------------------------------------------------------", 

        "|                     Reload SUCCESS!                     |", 
        "-----------------------------------------------------------"
    ]
}
ok: [185.23.201.93] => {

    "script_result.stdout_lines": [
        "-----------------------------------------------------------", 
        "|                 Checking Nginx Config                   |", 
        "-----------------------------------------------------------", 
        "", 

        " nginx -t ", 
        "", 
        "-----------------------------------------------------------", 
        "|                 Stopping Nginx Process                  |", 
        "-----------------------------------------------------------", 

        "", 
        " /usr/bin/killall -9 nginx ", 
        "", 
        "-----------------------------------------------------------", 
        "|                 Clearing Proxy Cache                    |", 

        "-----------------------------------------------------------", 
        "", 
        " /bin/rm -rf /tmp/nginx_cache ", 
        "", 
        "-----------------------------------------------------------", 

        "|                Restarting Nginx Process                 |", 
        "-----------------------------------------------------------", 
        "root     22028  0.6  0.0 113188  1500 ?        S    12:14   0:00 /bin/bash /bak/bin/clear_nginxcache.sh", 
        "root     22034  0.0  0.2 708904  4572 ?        Ss   12:14   0:00 nginx: master process /usr/local/nginx/sbin/nginx", 
        "nobody   22035  0.0  0.4 710832  8144 ?        S    12:14   0:00 nginx: worker process", 

        "nobody   22037  0.0  0.4 710832  8144 ?        S    12:14   0:00 nginx: worker process", 
        "nobody   22038  0.0  0.4 710832  8144 ?        S    12:14   0:00 nginx: worker process", 
        "nobody   22039  0.0  0.4 710832  8144 ?        S    12:14   0:00 nginx: worker process", 
        "nobody   22040  0.0  0.2 708904  4976 ?        S    12:14   0:00 nginx: cache manager process", 
        "nobody   22041  0.0  0.2 708904  4976 ?        S    12:14   0:00 nginx: cache loader process", 

        "root     22043  0.0  0.0 112712   944 ?        S    12:14   0:00 grep nginx", 
        "              total        used        free      shared  buff/cache   available", 
        "Mem:           1828         202         409          40        1215        1402", 
        "Swap:          2047           0        2047", 
        "-----------------------------------------------------------", 

        "|                     Reload SUCCESS!                     |", 
        "-----------------------------------------------------------"
    ]
}


PLAY [127.0.0.1] ***************************************************************

TASK [sync_to_git : Synchronizing Nginx To GIT] ********************************
changed: [127.0.0.1]


TASK [sync_to_git : debug] *****************************************************
ok: [127.0.0.1] => {
    "msg": " [u'# On branch master', u'# Changes not staged for commit:', u'#   (use \"git add/rm <file>...\" to update what will be committed)', u'#   (use \"git checkout -- <file>...\" to discard changes in working directory)', u'#', u'#\\tdeleted:    nginx/conf/waf', u'#', u'no changes added to commit (use \"git add\" and/or \"git commit -a\")', u'Branch master set up to track remote branch master from origin.']"
}


PLAY [om-live800_nginx] ********************************************************

PLAY [127.0.0.1] ***************************************************************

PLAY RECAP *********************************************************************

127.0.0.1                  : ok=2    changed=1    unreachable=0    failed=0    skipped=0    rescued=0    ignored=0   
161.202.34.84              : ok=9    changed=2    unreachable=0    failed=0    skipped=2    rescued=0    ignored=0   
185.23.201.93              : ok=9    changed=3    unreachable=0    failed=0    skipped=2    rescued=0    ignored=0   
91.193.103.105             : ok=9    changed=3    unreachable=0    failed=0    skipped=2    rescued=0    ignored=0   



ESYNC_WORKER1_COMMAND_END
MAX RETRIES EXECUTED, COMMAND NOT RESPONDING