--- /ansible/nginx/hostgroups/om-live800_nginx/nginx/conf.d/other/live800.domains.conf	2019-08-30 15:26:30.531484719 +0800
+++ /tmp/live800.domains.conf	2019-08-30 17:30:15.715461982 +0800
@@ -2,7 +2,7 @@
 server {
     listen 80;
     server_name  jinshihaochat.com www.jinshihaochat.com;
-    rewrite ^(.*)$ https://www.jinshihaochat.com$1 permanent;
+ #   rewrite ^(.*)$ https://www.jinshihaochat.com$1 permanent;
 }
 
 server {
@@ -23,7 +23,7 @@
 server {
     listen 80;
     server_name  eulivechat.com www.eulivechat.com;
-    rewrite ^(.*)$ https://www.eulivechat.com$1 permanent;
+  #  rewrite ^(.*)$ https://www.eulivechat.com$1 permanent;
 }
 
 server {
@@ -44,7 +44,7 @@
 server {
     listen 80;
     server_name  forchat999.com www.forchat999.com;
-    rewrite ^(.*)$ https://www.forchat999.com$1 permanent;
+   # rewrite ^(.*)$ https://www.forchat999.com$1 permanent;
 }
 
 server {
@@ -65,7 +65,7 @@
 server {
     listen 80;
     server_name  jiabochat.com www.jiabochat.com;
-    rewrite ^(.*)$ https://www.jiabochat.com$1 permanent;
+  #  rewrite ^(.*)$ https://www.jiabochat.com$1 permanent;
 }
 
 server {
@@ -86,7 +86,7 @@
 server {
     listen 80;
     server_name  xbetchat.com www.xbetchat.com;
-    rewrite ^(.*)$ https://www.xbetchat.com$1 permanent;
+  #  rewrite ^(.*)$ https://www.xbetchat.com$1 permanent;
 }
 
 server {
@@ -106,7 +106,7 @@
 server {
     listen 80;
     server_name  gochat222.com www.gochat222.com;
-    rewrite ^(.*)$ https://www.gochat222.com$1 permanent;
+   # rewrite ^(.*)$ https://www.gochat222.com$1 permanent;
 }
 
 server {
@@ -127,7 +127,7 @@
 server {
     listen 80;
     server_name  forchat999.com www.forchat999.com;
-    rewrite ^(.*)$ https://www.forchat999.com$1 permanent;
+  #  rewrite ^(.*)$ https://www.forchat999.com$1 permanent;
 }
 
 server {
@@ -146,7 +146,7 @@
 server {
     listen 80;
     server_name  livechat666.com www.livechat666.com;
-    rewrite ^(.*)$ https://www.livechat666.com$1 permanent;
+   # rewrite ^(.*)$ https://www.livechat666.com$1 permanent;
 }
 
 server {
@@ -166,7 +166,7 @@
 server {
     listen 80;
     server_name  sipchat888.com www.sipchat888.com;
-    rewrite ^(.*)$ https://www.sipchat888.com$1 permanent;
+  #  rewrite ^(.*)$ https://www.sipchat888.com$1 permanent;
 }
 
 server {
@@ -186,7 +186,7 @@
 server {
     listen 80;
     server_name  sipchat888.com www.sipchat888.com;
-    rewrite ^(.*)$ https://www.sipchat888.com$1 permanent;
+   # rewrite ^(.*)$ https://www.sipchat888.com$1 permanent;
 }
 
 server {

