--- /ansible/nginx/hostgroups/om-live800_nginx/nginx/conf.d/global/geoip.conf	2019-08-19 17:43:20.475683608 +0800
+++ /tmp/geoip.conf	2019-08-30 17:09:35.846461982 +0800
@@ -1,33 +0,0 @@
-### SET the path to the .dat file used for determining the visitor's country from the IP-address ###
-geoip_country /usr/local/nginx/data/GeoIP-106_20171017.dat;
-map $geoip_country_code $allowed_country { #refer to bisystem per project
-   default yes;
-   SG no;
-   MO no;
-   PH no;
-   US no;
-   TW no; #Taiwan #all proj
-   AU no;
-   AUS no;
-   }
-
-### SET FASTCGI Variables ###
-#
-fastcgi_param GEOIP_COUNTRY_CODE $geoip_country_code;
-fastcgi_param GEOIP_COUNTRY_CODE3 $geoip_country_code3;
-fastcgi_param GEOIP_COUNTRY_NAME $geoip_country_name;
-
-### SET FASTCGI Variables ###
-fastcgi_param GEOIP_CITY_COUNTRY_CODE $geoip_city_country_code;
-fastcgi_param GEOIP_CITY_COUNTRY_CODE3 $geoip_city_country_code3;
-fastcgi_param GEOIP_CITY_COUNTRY_NAME $geoip_city_country_name;
-fastcgi_param GEOIP_REGION $geoip_region;
-fastcgi_param GEOIP_CITY $geoip_city;
-fastcgi_param GEOIP_POSTAL_CODE $geoip_postal_code;
-fastcgi_param GEOIP_CITY_CONTINENT_CODE $geoip_city_continent_code;
-fastcgi_param GEOIP_LATITUDE $geoip_latitude;
-fastcgi_param GEOIP_LONGITUDE $geoip_longitude;
-
-
-
-

