ESYNC_WORKER1_COMMAND_START
[WARNING]: Invalid characters were found in group names but not replaced, use
-vvvv to see details

PLAY [om-live800_nginx] ********************************************************


TASK [Gathering Facts] *********************************************************
ok: [47.56.201.8]
ok: [47.244.61.21]
ok: [47.56.216.130]


TASK [nginx_sync : Change python interpreter] **********************************
skipping: [47.56.216.130]
skipping: [47.244.61.21]
skipping: [47.56.201.8]


TASK [nginx_sync : change python interpreter] **********************************
skipping: [47.56.216.130]
skipping: [47.244.61.21]
skipping: [47.56.201.8]


TASK [nginx_sync : Notify] *****************************************************
ok: [47.56.216.130] => {
    "msg": "Syncing om-live800_nginx"
}
ok: [47.244.61.21] => {

    "msg": "Syncing om-live800_nginx"
}
ok: [47.56.201.8] => {
    "msg": "Syncing om-live800_nginx"
}


TASK [nginx_sync : include_vars] ***********************************************
ok: [47.56.216.130]
ok: [47.244.61.21]
ok: [47.56.201.8]


TASK [nginx_sync : Synchronizing Nginx] ****************************************
ok: [47.56.201.8] => (item=conf)
ok: [47.244.61.21] => (item=conf)
ok: [47.56.216.130] => (item=conf)

ok: [47.56.201.8] => (item=conf.d)
ok: [47.244.61.21] => (item=conf.d)
ok: [47.56.216.130] => (item=conf.d)
ok: [47.56.201.8] => (item=data)
ok: [47.244.61.21] => (item=data)

ok: [47.56.216.130] => (item=data)
ok: [47.56.201.8] => (item=html)
ok: [47.244.61.21] => (item=html)
ok: [47.56.216.130] => (item=html)


TASK [nginx_sync : Set HTML Dir to root] ***************************************
ok: [47.56.201.8]
ok: [47.244.61.21]
ok: [47.56.216.130]


TASK [all_servers : include_vars] **********************************************
ok: [47.56.216.130]
ok: [47.244.61.21]
ok: [47.56.201.8]


TASK [all_servers : Notify] ****************************************************
ok: [47.56.216.130] => {
    "msg": "Clearing Nginx Cache for om-live800_nginx"
}
ok: [47.244.61.21] => {

    "msg": "Clearing Nginx Cache for om-live800_nginx"
}
ok: [47.56.201.8] => {
    "msg": "Clearing Nginx Cache for om-live800_nginx"
}


TASK [all_servers : Copying clear_nginxcache.sh to remote hosts] ***************
ok: [47.244.61.21]
ok: [47.56.201.8]
ok: [47.56.216.130]


TASK [all_servers : Nginx Clear Cache] *****************************************
changed: [47.244.61.21]
changed: [47.56.201.8]
changed: [47.56.216.130]


TASK [all_servers : debug] *****************************************************
ok: [47.56.216.130] => {
    "script_result.stdout_lines": [
        "-----------------------------------------------------------", 

        "|                 Checking Nginx Config                   |", 
        "-----------------------------------------------------------", 
        "", 
        " nginx -t ", 
        "", 

        "-----------------------------------------------------------", 
        "|                 Stopping Nginx Process                  |", 
        "-----------------------------------------------------------", 
        "", 
        " /usr/bin/killall -9 nginx ", 

        "", 
        "-----------------------------------------------------------", 
        "|                 Clearing Proxy Cache                    |", 
        "-----------------------------------------------------------", 
        "", 

        " /bin/rm -rf /tmp/nginx_cache ", 
        "", 
        "-----------------------------------------------------------", 
        "|                Restarting Nginx Process                 |", 
        "-----------------------------------------------------------", 

        "root      4239  2.6  0.0 113288  1500 ?        S    18:07   0:00 /bin/bash /bak/bin/clear_nginxcache.sh", 
        "root      4255  0.0  0.0 708200  2956 ?        Ss   18:07   0:00 nginx: master process /usr/local/nginx/sbin/nginx", 
        "nobody    4257  0.0  0.1 712452  7244 ?        S    18:07   0:00 nginx: worker process", 
        "nobody    4258  0.0  0.1 712452  7244 ?        S    18:07   0:00 nginx: worker process", 
        "nobody    4259  0.0  0.1 712452  7244 ?        S    18:07   0:00 nginx: worker process", 

        "nobody    4260  0.0  0.1 712452  7244 ?        S    18:07   0:00 nginx: worker process", 
        "nobody    4261  0.0  0.0 708200  3356 ?        S    18:07   0:00 nginx: cache manager process", 
        "nobody    4262  0.0  0.0 708200  3356 ?        S    18:07   0:00 nginx: cache loader process", 
        "root      4309  0.0  0.0 112812   952 ?        S    18:07   0:00 grep nginx", 
        "              total        used        free      shared  buff/cache   available", 

        "Mem:           3789         338         364           4        3086        3163", 
        "Swap:             0           0           0", 
        "-----------------------------------------------------------", 
        "|                     Reload SUCCESS!                     |", 
        "-----------------------------------------------------------"

    ]
}
ok: [47.244.61.21] => {
    "script_result.stdout_lines": [
        "-----------------------------------------------------------", 

        "|                 Checking Nginx Config                   |", 
        "-----------------------------------------------------------", 
        "", 
        " nginx -t ", 
        "", 

        "-----------------------------------------------------------", 
        "|                 Stopping Nginx Process                  |", 
        "-----------------------------------------------------------", 
        "", 
        " /usr/bin/killall -9 nginx ", 

        "", 
        "-----------------------------------------------------------", 
        "|                 Clearing Proxy Cache                    |", 
        "-----------------------------------------------------------", 
        "", 

        " /bin/rm -rf /tmp/nginx_cache ", 
        "", 
        "-----------------------------------------------------------", 
        "|                Restarting Nginx Process                 |", 
        "-----------------------------------------------------------", 

        "root     29242  0.4  0.0 113288  1500 ?        S    18:07   0:00 /bin/bash /bak/bin/clear_nginxcache.sh", 
        "root     29249  0.0  0.0 710280  2956 ?        Ss   18:07   0:00 nginx: master process /usr/local/nginx/sbin/nginx", 
        "nobody   29250  0.0  0.1 714532  7248 ?        S    18:07   0:00 nginx: worker process", 
        "nobody   29252  0.0  0.1 714532  7248 ?        S    18:07   0:00 nginx: worker process", 
        "nobody   29253  0.0  0.1 714532  7248 ?        S    18:07   0:00 nginx: worker process", 

        "nobody   29254  0.0  0.1 714532  7248 ?        S    18:07   0:00 nginx: worker process", 
        "nobody   29255  0.0  0.0 710280  3360 ?        S    18:07   0:00 nginx: cache manager process", 
        "nobody   29256  0.0  0.0 710280  3360 ?        S    18:07   0:00 nginx: cache loader process", 
        "root     29280  0.0  0.0 112812   952 ?        R    18:07   0:00 grep nginx", 
        "              total        used        free      shared  buff/cache   available", 

        "Mem:           3789         331         349           4        3108        3170", 
        "Swap:             0           0           0", 
        "-----------------------------------------------------------", 
        "|                     Reload SUCCESS!                     |", 
        "-----------------------------------------------------------"

    ]
}
ok: [47.56.201.8] => {
    "script_result.stdout_lines": [
        "-----------------------------------------------------------", 

        "|                 Checking Nginx Config                   |", 
        "-----------------------------------------------------------", 
        "", 
        " nginx -t ", 
        "", 

        "-----------------------------------------------------------", 
        "|                 Stopping Nginx Process                  |", 
        "-----------------------------------------------------------", 
        "", 
        " /usr/bin/killall -9 nginx ", 

        "", 
        "-----------------------------------------------------------", 
        "|                 Clearing Proxy Cache                    |", 
        "-----------------------------------------------------------", 
        "", 

        " /bin/rm -rf /tmp/nginx_cache ", 
        "", 
        "-----------------------------------------------------------", 
        "|                Restarting Nginx Process                 |", 
        "-----------------------------------------------------------", 

        "root     19387  0.4  0.0 113288  1496 ?        S    18:07   0:00 /bin/bash /bak/bin/clear_nginxcache.sh", 
        "root     19399  0.0  0.0 710280  2960 ?        Ss   18:07   0:00 nginx: master process /usr/local/nginx/sbin/nginx", 
        "nobody   19401  0.0  0.1 714532  7316 ?        S    18:07   0:00 nginx: worker process", 
        "nobody   19402  0.0  0.1 714532  7316 ?        S    18:07   0:00 nginx: worker process", 
        "nobody   19403  0.0  0.1 714532  7316 ?        S    18:07   0:00 nginx: worker process", 

        "nobody   19404  0.0  0.1 714532  7316 ?        S    18:07   0:00 nginx: worker process", 
        "nobody   19405  0.0  0.0 710280  3364 ?        S    18:07   0:00 nginx: cache manager process", 
        "nobody   19406  0.0  0.0 710280  3364 ?        S    18:07   0:00 nginx: cache loader process", 
        "root     19453  0.0  0.0 112812   952 ?        R    18:07   0:00 grep nginx", 
        "              total        used        free      shared  buff/cache   available", 

        "Mem:           3789         312         418           4        3057        3189", 
        "Swap:             0           0           0", 
        "-----------------------------------------------------------", 
        "|                     Reload SUCCESS!                     |", 
        "-----------------------------------------------------------"

    ]
}

PLAY [127.0.0.1] ***************************************************************


TASK [sync_to_git : Synchronizing Nginx To GIT] ********************************
changed: [127.0.0.1]

TASK [sync_to_git : debug] *****************************************************
ok: [127.0.0.1] => {

    "msg": " [u'# On branch master', u'# Changes not staged for commit:', u'#   (use \"git add/rm <file>...\" to update what will be committed)', u'#   (use \"git checkout -- <file>...\" to discard changes in working directory)', u'#', u'#\\tdeleted:    nginx/conf.d/ssl/msgreenchat.com', u'#\\tdeleted:    nginx/conf.d/ssl/xindelichat.com', u'#\\tdeleted:    nginx/conf/waf', u'#', u'no changes added to commit (use \"git add\" and/or \"git commit -a\")', u'Branch master set up to track remote branch master from origin.']"
}

PLAY [om-live800_nginx] ********************************************************


PLAY [127.0.0.1] ***************************************************************

PLAY RECAP *********************************************************************
127.0.0.1                  : ok=2    changed=1    unreachable=0    failed=0    skipped=0    rescued=0    ignored=0   
47.244.61.21               : ok=10   changed=1    unreachable=0    failed=0    skipped=2    rescued=0    ignored=0   

47.56.201.8                : ok=10   changed=1    unreachable=0    failed=0    skipped=2    rescued=0    ignored=0   
47.56.216.130              : ok=10   changed=1    unreachable=0    failed=0    skipped=2    rescued=0    ignored=0   


ESYNC_WORKER1_COMMAND_END
MAX RETRIES EXECUTED, COMMAND NOT RESPONDING