ESYNC_WORKER1_COMMAND_START
[WARNING]: Invalid characters were found in group names but not replaced, use
-vvvv to see details

PLAY [om-live800_nginx] ********************************************************


TASK [Gathering Facts] *********************************************************
ok: [47.244.61.21]
ok: [47.56.201.8]
ok: [47.56.216.130]


TASK [nginx_sync : Change python interpreter] **********************************
skipping: [47.56.216.130]
skipping: [47.244.61.21]
skipping: [47.56.201.8]


TASK [nginx_sync : change python interpreter] **********************************
skipping: [47.56.216.130]
skipping: [47.244.61.21]
skipping: [47.56.201.8]


TASK [nginx_sync : Notify] *****************************************************
ok: [47.56.216.130] => {
    "msg": "Syncing om-live800_nginx"
}
ok: [47.244.61.21] => {

    "msg": "Syncing om-live800_nginx"
}
ok: [47.56.201.8] => {
    "msg": "Syncing om-live800_nginx"
}


TASK [nginx_sync : include_vars] ***********************************************
ok: [47.56.216.130]
ok: [47.244.61.21]
ok: [47.56.201.8]


TASK [nginx_sync : Synchronizing Nginx] ****************************************
ok: [47.56.216.130] => (item=conf)
ok: [47.56.201.8] => (item=conf)
ok: [47.244.61.21] => (item=conf)

changed: [47.244.61.21] => (item=conf.d)
changed: [47.56.201.8] => (item=conf.d)
changed: [47.56.216.130] => (item=conf.d)
ok: [47.56.201.8] => (item=data)
ok: [47.244.61.21] => (item=data)

ok: [47.56.216.130] => (item=data)
ok: [47.244.61.21] => (item=html)
ok: [47.56.201.8] => (item=html)
ok: [47.56.216.130] => (item=html)


TASK [nginx_sync : Set HTML Dir to root] ***************************************
ok: [47.56.216.130]
ok: [47.56.201.8]
ok: [47.244.61.21]


TASK [all_servers : include_vars] **********************************************
ok: [47.56.216.130]
ok: [47.244.61.21]
ok: [47.56.201.8]


TASK [all_servers : Notify] ****************************************************
ok: [47.56.216.130] => {
    "msg": "Clearing Nginx Cache for om-live800_nginx"
}
ok: [47.244.61.21] => {

    "msg": "Clearing Nginx Cache for om-live800_nginx"
}
ok: [47.56.201.8] => {
    "msg": "Clearing Nginx Cache for om-live800_nginx"
}


TASK [all_servers : Copying clear_nginxcache.sh to remote hosts] ***************
ok: [47.56.201.8]
ok: [47.244.61.21]
ok: [47.56.216.130]


TASK [all_servers : Nginx Clear Cache] *****************************************
changed: [47.56.201.8]
changed: [47.244.61.21]
changed: [47.56.216.130]


TASK [all_servers : debug] *****************************************************
ok: [47.56.216.130] => {
    "script_result.stdout_lines": [
        "-----------------------------------------------------------", 

        "|                 Checking Nginx Config                   |", 
        "-----------------------------------------------------------", 
        "", 
        " nginx -t ", 
        "", 

        "-----------------------------------------------------------", 
        "|                 Stopping Nginx Process                  |", 
        "-----------------------------------------------------------", 
        "", 
        " /usr/bin/killall -9 nginx ", 

        "", 
        "-----------------------------------------------------------", 
        "|                 Clearing Proxy Cache                    |", 
        "-----------------------------------------------------------", 
        "", 

        " /bin/rm -rf /tmp/nginx_cache ", 
        "", 
        "-----------------------------------------------------------", 
        "|                Restarting Nginx Process                 |", 
        "-----------------------------------------------------------", 

        "root     12687  2.4  0.0 113288  1500 ?        S    23:37   0:00 /bin/bash /bak/bin/clear_nginxcache.sh", 
        "root     12720  0.0  0.0 708276  3028 ?        Ss   23:37   0:00 nginx: master process /usr/local/nginx/sbin/nginx", 
        "nobody   12722  0.0  0.1 712528  7380 ?        S    23:37   0:00 nginx: worker process", 
        "nobody   12723  0.0  0.1 712528  7380 ?        S    23:37   0:00 nginx: worker process", 
        "nobody   12724  0.0  0.1 712528  7380 ?        S    23:37   0:00 nginx: worker process", 

        "nobody   12725  0.0  0.1 712528  7380 ?        S    23:37   0:00 nginx: worker process", 
        "nobody   12726  0.0  0.0 708276  3428 ?        S    23:37   0:00 nginx: cache manager process", 
        "nobody   12727  0.0  0.0 708276  3428 ?        S    23:37   0:00 nginx: cache loader process", 
        "root     12729  0.0  0.0 112816   952 ?        R    23:37   0:00 grep nginx", 
        "              total        used        free      shared  buff/cache   available", 

        "Mem:           3789         318         347           4        3123        3183", 
        "Swap:             0           0           0", 
        "-----------------------------------------------------------", 
        "|                     Reload SUCCESS!                     |", 
        "-----------------------------------------------------------"

    ]
}
ok: [47.244.61.21] => {
    "script_result.stdout_lines": [
        "-----------------------------------------------------------", 

        "|                 Checking Nginx Config                   |", 
        "-----------------------------------------------------------", 
        "", 
        " nginx -t ", 
        "", 

        "-----------------------------------------------------------", 
        "|                 Stopping Nginx Process                  |", 
        "-----------------------------------------------------------", 
        "", 
        " /usr/bin/killall -9 nginx ", 

        "", 
        "-----------------------------------------------------------", 
        "|                 Clearing Proxy Cache                    |", 
        "-----------------------------------------------------------", 
        "", 

        " /bin/rm -rf /tmp/nginx_cache ", 
        "", 
        "-----------------------------------------------------------", 
        "|                Restarting Nginx Process                 |", 
        "-----------------------------------------------------------", 

        "root      4825  0.4  0.0 113288  1500 ?        S    23:37   0:00 /bin/bash /bak/bin/clear_nginxcache.sh", 
        "root      4832  0.0  0.0 710352  3044 ?        Ss   23:37   0:00 nginx: master process /usr/local/nginx/sbin/nginx", 
        "nobody    4833  0.0  0.1 714604  7336 ?        S    23:37   0:00 nginx: worker process", 
        "nobody    4835  0.0  0.1 714604  7336 ?        S    23:37   0:00 nginx: worker process", 
        "nobody    4836  0.0  0.1 714604  7336 ?        S    23:37   0:00 nginx: worker process", 

        "nobody    4837  0.0  0.1 714604  7336 ?        S    23:37   0:00 nginx: worker process", 
        "nobody    4838  0.0  0.0 710352  3448 ?        S    23:37   0:00 nginx: cache manager process", 
        "nobody    4839  0.0  0.0 710352  3448 ?        S    23:37   0:00 nginx: cache loader process", 
        "root      4841  0.0  0.0 112812   948 ?        S    23:37   0:00 grep nginx", 
        "              total        used        free      shared  buff/cache   available", 

        "Mem:           3789         301         397           4        3091        3201", 
        "Swap:             0           0           0", 
        "-----------------------------------------------------------", 
        "|                     Reload SUCCESS!                     |", 
        "-----------------------------------------------------------"

    ]
}
ok: [47.56.201.8] => {
    "script_result.stdout_lines": [
        "-----------------------------------------------------------", 

        "|                 Checking Nginx Config                   |", 
        "-----------------------------------------------------------", 
        "", 
        " nginx -t ", 
        "", 

        "-----------------------------------------------------------", 
        "|                 Stopping Nginx Process                  |", 
        "-----------------------------------------------------------", 
        "", 
        " /usr/bin/killall -9 nginx ", 

        "", 
        "-----------------------------------------------------------", 
        "|                 Clearing Proxy Cache                    |", 
        "-----------------------------------------------------------", 
        "", 

        " /bin/rm -rf /tmp/nginx_cache ", 
        "", 
        "-----------------------------------------------------------", 
        "|                Restarting Nginx Process                 |", 
        "-----------------------------------------------------------", 

        "root     27478  0.4  0.0 113288  1496 ?        S    23:37   0:00 /bin/bash /bak/bin/clear_nginxcache.sh", 
        "root     27490  0.0  0.0 710352  3040 ?        Ss   23:37   0:00 nginx: master process /usr/local/nginx/sbin/nginx", 
        "nobody   27491  0.0  0.1 714604  7396 ?        S    23:37   0:00 nginx: worker process", 
        "nobody   27493  0.0  0.1 714604  7396 ?        S    23:37   0:00 nginx: worker process", 
        "nobody   27494  0.0  0.1 714604  7396 ?        S    23:37   0:00 nginx: worker process", 

        "nobody   27495  0.0  0.1 714604  7396 ?        S    23:37   0:00 nginx: worker process", 
        "nobody   27496  0.0  0.0 710352  3444 ?        S    23:37   0:00 nginx: cache manager process", 
        "nobody   27497  0.0  0.0 710352  3444 ?        S    23:37   0:00 nginx: cache loader process", 
        "root     27499  0.0  0.0 112816   948 ?        S    23:37   0:00 grep nginx", 
        "              total        used        free      shared  buff/cache   available", 

        "Mem:           3789         291         394           4        3104        3211", 
        "Swap:             0           0           0", 
        "-----------------------------------------------------------", 
        "|                     Reload SUCCESS!                     |", 
        "-----------------------------------------------------------"

    ]
}

PLAY [127.0.0.1] ***************************************************************


TASK [sync_to_git : Synchronizing Nginx To GIT] ********************************
changed: [127.0.0.1]

TASK [sync_to_git : debug] *****************************************************
ok: [127.0.0.1] => {

    "msg": " [u'[master f487cbd] quincy', u' 1 file changed, 23 deletions(-)', u'Branch master set up to track remote branch master from origin.']"
}

PLAY [om-live800_nginx] ********************************************************


PLAY [127.0.0.1] ***************************************************************

PLAY RECAP *********************************************************************
127.0.0.1                  : ok=2    changed=1    unreachable=0    failed=0    skipped=0    rescued=0    ignored=0   
47.244.61.21               : ok=10   changed=2    unreachable=0    failed=0    skipped=2    rescued=0    ignored=0   

47.56.201.8                : ok=10   changed=2    unreachable=0    failed=0    skipped=2    rescued=0    ignored=0   
47.56.216.130              : ok=10   changed=2    unreachable=0    failed=0    skipped=2    rescued=0    ignored=0   


ESYNC_WORKER1_COMMAND_END
MAX RETRIES EXECUTED, COMMAND NOT RESPONDING