ESYNC_WORKER1_COMMAND_START

PLAY [xbet-nginx] **************************************************************

TASK [nginx_sync : Notify] *****************************************************
ok: [207.46.157.209] => {

    "msg": "Syncing xbet-nginx"
}
ok: [119.9.108.8] => {
    "msg": "Syncing xbet-nginx"
}

ok: [161.202.34.78] => {
    "msg": "Syncing xbet-nginx"
}
ok: [52.229.204.245] => {
    "msg": "Syncing xbet-nginx"

}
ok: [47.75.47.9] => {
    "msg": "Syncing xbet-nginx"
}


TASK [nginx_sync : include_vars] ***********************************************
ok: [207.46.157.209]
ok: [119.9.108.8]
ok: [161.202.34.78]
ok: [52.229.204.245]

ok: [47.75.47.9]

TASK [nginx_sync : Synchronizing Nginx] ****************************************
ok: [119.9.108.8] => (item=conf)
ok: [207.46.157.209] => (item=conf)

ok: [161.202.34.78] => (item=conf)
ok: [52.229.204.245] => (item=conf)
ok: [47.75.47.9] => (item=conf)
changed: [207.46.157.209] => (item=conf.d)
changed: [47.75.47.9] => (item=conf.d)

ok: [207.46.157.209] => (item=data)
ok: [47.75.47.9] => (item=data)
changed: [52.229.204.245] => (item=conf.d)
ok: [207.46.157.209] => (item=html)
changed: [119.9.108.8] => (item=conf.d)

ok: [47.75.47.9] => (item=html)
ok: [52.229.204.245] => (item=data)
ok: [119.9.108.8] => (item=data)
changed: [161.202.34.78] => (item=conf.d)
ok: [119.9.108.8] => (item=html)

ok: [52.229.204.245] => (item=html)
ok: [161.202.34.78] => (item=data)
ok: [161.202.34.78] => (item=html)

TASK [all_servers : include_vars] **********************************************

ok: [207.46.157.209]
ok: [119.9.108.8]
ok: [161.202.34.78]
ok: [52.229.204.245]
ok: [47.75.47.9]


TASK [all_servers : Notify] ****************************************************
ok: [207.46.157.209] => {
    "msg": "Clearing Nginx Cache for xbet-nginx"
}

ok: [119.9.108.8] => {
    "msg": "Clearing Nginx Cache for xbet-nginx"
}
ok: [161.202.34.78] => {
    "msg": "Clearing Nginx Cache for xbet-nginx"

}
ok: [52.229.204.245] => {
    "msg": "Clearing Nginx Cache for xbet-nginx"
}
ok: [47.75.47.9] => {

    "msg": "Clearing Nginx Cache for xbet-nginx"
}

TASK [all_servers : Copying clear_nginxcache.sh to remote hosts] ***************
ok: [47.75.47.9]

ok: [119.9.108.8]
ok: [207.46.157.209]
ok: [161.202.34.78]
ok: [52.229.204.245]


TASK [all_servers : Nginx Clear Cache] *****************************************
changed: [47.75.47.9]
changed: [52.229.204.245]
changed: [207.46.157.209]
changed: [119.9.108.8]

changed: [161.202.34.78]

TASK [all_servers : debug] *****************************************************
ok: [207.46.157.209] => {
    "script_result.stdout_lines": [

        "-----------------------------------------------------------", 
        "|                 Checking Nginx Config                   |", 
        "-----------------------------------------------------------", 
        "", 
        " nginx -t ", 

        "", 
        "-----------------------------------------------------------", 
        "|                 Stopping Nginx Process                  |", 
        "-----------------------------------------------------------", 
        "", 

        " /usr/bin/killall -9 nginx ", 
        "", 
        "-----------------------------------------------------------", 
        "|                 Clearing Proxy Cache                    |", 
        "-----------------------------------------------------------", 

        "", 
        " /bin/rm -rf /tmp/nginx_cache ", 
        "", 
        "-----------------------------------------------------------", 
        "|                Restarting Nginx Process                 |", 

        "-----------------------------------------------------------", 
        "root      42391  0.0  0.0 106120  1280 ?        S    13:11   0:00 /bin/bash /bak/bin/clear_nginxcache.sh", 
        "root      42404  2.0  3.1 614000 226608 ?       Ss   13:11   0:00 nginx: master process /usr/local/nginx/sbin/nginx", 
        "nobody    42406  3.0  3.4 615928 246616 ?       S    13:11   0:00 nginx: worker process      ", 
        "nobody    42407  2.0  3.4 615928 246220 ?       S    13:11   0:00 nginx: worker process      ", 

        "nobody    42408  1.5  3.4 615928 246488 ?       S    13:11   0:00 nginx: worker process      ", 
        "nobody    42409  2.0  3.4 615928 246512 ?       S    13:11   0:00 nginx: worker process      ", 
        "nobody    42410  1.0  3.3 614000 242252 ?       S    13:11   0:00 nginx: cache manager process", 
        "nobody    42411  1.0  3.3 614000 242232 ?       S    13:11   0:00 nginx: cache loader process", 
        "root      42413  0.0  0.0 103328   852 ?        S    13:11   0:00 grep nginx", 

        "root      80733  0.0  0.0   9120   648 ?        Ss    2018   0:00 /sbin/dhclient -H xbet-nginx1.hk.az.monaco1.me -1 -q -lf /var/lib/dhclient/dhclient-eth0.leases -pf /var/run/dhclient-eth0.pid eth0", 
        "             total       used       free     shared    buffers     cached", 
        "Mem:          6976       5955       1020         17        262        934", 
        "-/+ buffers/cache:       4758       2217", 
        "Swap:            0          0          0", 

        "-----------------------------------------------------------", 
        "|                     Reload SUCCESS!                     |", 
        "-----------------------------------------------------------"
    ]
}

ok: [119.9.108.8] => {
    "script_result.stdout_lines": [
        "-----------------------------------------------------------", 
        "|                 Checking Nginx Config                   |", 
        "-----------------------------------------------------------", 

        "", 
        " nginx -t ", 
        "", 
        "-----------------------------------------------------------", 
        "|                 Stopping Nginx Process                  |", 

        "-----------------------------------------------------------", 
        "", 
        " /usr/bin/killall -9 nginx ", 
        "", 
        "-----------------------------------------------------------", 

        "|                 Clearing Proxy Cache                    |", 
        "-----------------------------------------------------------", 
        "", 
        " /bin/rm -rf /tmp/nginx_cache ", 
        "", 

        "-----------------------------------------------------------", 
        "|                Restarting Nginx Process                 |", 
        "-----------------------------------------------------------", 
        "root     13503  0.0  0.0 106084  1424 ?        S    13:11   0:00 /bin/bash /bak/bin/clear_nginxcache.sh", 
        "root     13579  0.6  5.5 614000 226668 ?       Ss   13:11   0:00 nginx: master process /usr/local/nginx/sbin/nginx", 

        "nobody   13580  1.0  5.9 615928 242920 ?       S    13:11   0:00 nginx: worker process      ", 
        "nobody   13582  0.6  5.9 615928 241664 ?       S    13:11   0:00 nginx: worker process      ", 
        "nobody   13583  0.3  5.9 615928 241652 ?       S    13:11   0:00 nginx: worker process      ", 
        "nobody   13584  1.3  5.9 616076 242864 ?       S    13:11   0:00 nginx: worker process      ", 
        "nobody   13585  0.3  5.8 614000 238612 ?       S    13:11   0:00 nginx: cache manager process", 

        "nobody   13586  0.3  5.8 614000 238592 ?       S    13:11   0:00 nginx: cache loader process", 
        "root     13590  0.0  0.0 103324   888 ?        S    13:11   0:00 grep nginx", 
        "             total       used       free     shared    buffers     cached", 
        "Mem:          3954       2382       1572         13        265        500", 
        "-/+ buffers/cache:       1616       2337", 

        "Swap:            0          0          0", 
        "-----------------------------------------------------------", 
        "|                     Reload SUCCESS!                     |", 
        "-----------------------------------------------------------"
    ]

}
ok: [161.202.34.78] => {
    "script_result.stdout_lines": [
        "-----------------------------------------------------------", 
        "|                 Checking Nginx Config                   |", 

        "-----------------------------------------------------------", 
        "", 
        " nginx -t ", 
        "", 
        "-----------------------------------------------------------", 

        "|                 Stopping Nginx Process                  |", 
        "-----------------------------------------------------------", 
        "", 
        " /usr/bin/killall -9 nginx ", 
        "", 

        "-----------------------------------------------------------", 
        "|                 Clearing Proxy Cache                    |", 
        "-----------------------------------------------------------", 
        "", 
        " /bin/rm -rf /tmp/nginx_cache ", 

        "", 
        "-----------------------------------------------------------", 
        "|                Restarting Nginx Process                 |", 
        "-----------------------------------------------------------", 
        "root      9720  1.6  0.0 106120  1276 ?        S    13:11   0:00 /bin/bash /bak/bin/clear_nginxcache.sh", 

        "root      9729 34.0  5.5 614000 226608 ?       Ss   13:11   0:01 nginx: master process /usr/local/nginx/sbin/nginx", 
        "nobody    9731  3.6  5.8 616504 239124 ?       S    13:11   0:00 nginx: worker process      ", 
        "nobody    9732  1.6  5.8 615928 238656 ?       S    13:11   0:00 nginx: worker process      ", 
        "nobody    9734  1.6  5.8 615928 238656 ?       S    13:11   0:00 nginx: worker process      ", 
        "nobody    9735  3.0  5.8 615928 239548 ?       S    13:11   0:00 nginx: worker process      ", 

        "nobody    9736  2.0  5.7 614000 235600 ?       S    13:11   0:00 nginx: cache manager process", 
        "nobody    9737  2.0  5.7 614000 235500 ?       S    13:11   0:00 nginx: cache loader process", 
        "root      9739  0.0  0.0 103328   848 ?        S    13:11   0:00 grep nginx", 
        "             total       used       free     shared    buffers     cached", 
        "Mem:          4009       3516        492         10        251        546", 

        "-/+ buffers/cache:       2718       1291", 
        "Swap:         2047          0       2047", 
        "-----------------------------------------------------------", 
        "|                     Reload SUCCESS!                     |", 
        "-----------------------------------------------------------"

    ]
}
ok: [52.229.204.245] => {
    "script_result.stdout_lines": [
        "-----------------------------------------------------------", 

        "|                 Checking Nginx Config                   |", 
        "-----------------------------------------------------------", 
        "", 
        " nginx -t ", 
        "", 

        "-----------------------------------------------------------", 
        "|                 Stopping Nginx Process                  |", 
        "-----------------------------------------------------------", 
        "", 
        " /usr/bin/killall -9 nginx ", 

        "", 
        "-----------------------------------------------------------", 
        "|                 Clearing Proxy Cache                    |", 
        "-----------------------------------------------------------", 
        "", 

        " /bin/rm -rf /tmp/nginx_cache ", 
        "", 
        "-----------------------------------------------------------", 
        "|                Restarting Nginx Process                 |", 
        "-----------------------------------------------------------", 

        "root      58408  0.0  0.0 106112  1284 ?        S    13:11   0:00 /bin/bash /bak/bin/clear_nginxcache.sh", 
        "root      58418  1.0  2.7 615884 227740 ?       Ss   13:11   0:00 nginx: master process /usr/local/nginx/sbin/nginx", 
        "nobody    58419  0.6  2.9 617812 237660 ?       S    13:11   0:00 nginx: worker process      ", 
        "nobody    58420  0.3  2.9 617812 237572 ?       S    13:11   0:00 nginx: worker process      ", 
        "nobody    58422  0.3  2.9 617812 237628 ?       S    13:11   0:00 nginx: worker process      ", 

        "nobody    58423  0.3  2.9 617812 237572 ?       S    13:11   0:00 nginx: worker process      ", 
        "nobody    58424  0.0  2.8 615884 233240 ?       S    13:11   0:00 nginx: cache manager process", 
        "nobody    58425  0.0  2.8 615884 233212 ?       S    13:11   0:00 nginx: cache loader process", 
        "root      58427  0.0  0.0 103268   844 ?        S    13:11   0:00 grep nginx", 
        "root      67994  0.0  0.0   9120   644 ?        Ss    2018   0:00 /sbin/dhclient -H xbet-nginx4.hk.az.monaco1.me -1 -q -cf /etc/dhcp/dhclient-eth0.conf -lf /var/lib/dhclient/dhclient-eth0.leases -pf /var/run/dhclient-eth0.pid eth0", 

        "             total       used       free     shared    buffers     cached", 
        "Mem:          7984       7352        631          0        224        452", 
        "-/+ buffers/cache:       6675       1309", 
        "Swap:            0          0          0", 
        "-----------------------------------------------------------", 

        "|                     Reload SUCCESS!                     |", 
        "-----------------------------------------------------------"
    ]
}
ok: [47.75.47.9] => {

    "script_result.stdout_lines": [
        "-----------------------------------------------------------", 
        "|                 Checking Nginx Config                   |", 
        "-----------------------------------------------------------", 
        "", 

        " nginx -t ", 
        "", 
        "-----------------------------------------------------------", 
        "|                 Stopping Nginx Process                  |", 
        "-----------------------------------------------------------", 

        "", 
        " /usr/bin/killall -9 nginx ", 
        "", 
        "-----------------------------------------------------------", 
        "|                 Clearing Proxy Cache                    |", 

        "-----------------------------------------------------------", 
        "", 
        " /bin/rm -rf /tmp/nginx_cache ", 
        "", 
        "-----------------------------------------------------------", 

        "|                Restarting Nginx Process                 |", 
        "-----------------------------------------------------------", 
        "root      9718  0.0  0.0 106080  1428 ?        S    13:11   0:00 /bin/bash /bak/bin/clear_nginxcache.sh", 
        "root      9728  1.0  5.6 617364 227684 ?       Ss   13:11   0:00 nginx: master process /usr/local/nginx/sbin/nginx", 
        "nobody    9730  1.0  5.9 619292 241776 ?       S    13:11   0:00 nginx: worker process      ", 

        "nobody    9731  0.5  5.9 619292 241712 ?       S    13:11   0:00 nginx: worker process      ", 
        "nobody    9732  0.5  5.9 619292 241696 ?       S    13:11   0:00 nginx: worker process      ", 
        "nobody    9733  0.5  5.9 619292 241688 ?       S    13:11   0:00 nginx: worker process      ", 
        "nobody    9734  0.0  5.8 617364 237356 ?       S    13:11   0:00 nginx: cache manager process", 
        "nobody    9735  0.0  5.8 617364 237340 ?       S    13:11   0:00 nginx: cache loader process", 

        "root      9737  0.0  0.0 103320   888 ?        S    13:11   0:00 grep nginx", 
        "             total       used       free     shared    buffers     cached", 
        "Mem:          3961       2897       1063         11        159        548", 
        "-/+ buffers/cache:       2189       1771", 
        "Swap:            0          0          0", 

        "-----------------------------------------------------------", 
        "|                     Reload SUCCESS!                     |", 
        "-----------------------------------------------------------"
    ]
}


PLAY [127.0.0.1] ***************************************************************

TASK [sync_to_git : Synchronizing Nginx To GIT] ********************************
fatal: [127.0.0.1]: FAILED! => {"changed": true, "cmd": "git add .\n git commit -m \"aaron.navarro\"\n git push\n git push -u origin master", "delta": "0:00:20.354185", "end": "2019-04-16 13:11:38.284254", "msg": "non-zero return code", "rc": 128, "start": "2019-04-16 13:11:17.930069", "stderr": "fatal: unable to access 'http://om:VA1913wm@git.neweb.me/nginx_cloud/xbet-nginx.git/': Could not resolve host: git.neweb.me; Unknown error\nfatal: unable to access 'http://om:VA1913wm@git.neweb.me/nginx_cloud/xbet-nginx.git/': Could not resolve host: git.neweb.me; Unknown error", "stderr_lines": ["fatal: unable to access 'http://om:VA1913wm@git.neweb.me/nginx_cloud/xbet-nginx.git/': Could not resolve host: git.neweb.me; Unknown error", "fatal: unable to access 'http://om:VA1913wm@git.neweb.me/nginx_cloud/xbet-nginx.git/': Could not resolve host: git.neweb.me; Unknown error"], "stdout": "[master a4571f6] aaron.navarro\n 1 file changed, 2 insertions(+), 2 deletions(-)", "stdout_lines": ["[master a4571f6] aaron.navarro", " 1 file changed, 2 insertions(+), 2 deletions(-)"]}

	to retry, use: --limit @/ansible/nginx/site.retry

PLAY RECAP *********************************************************************
119.9.108.8                : ok=8    changed=2    unreachable=0    failed=0   
127.0.0.1                  : ok=0    changed=0    unreachable=0    failed=1   

161.202.34.78              : ok=8    changed=2    unreachable=0    failed=0   
207.46.157.209             : ok=8    changed=2    unreachable=0    failed=0   
47.75.47.9                 : ok=8    changed=2    unreachable=0    failed=0   
52.229.204.245             : ok=8    changed=2    unreachable=0    failed=0   



ESYNC_WORKER1_COMMAND_END
MAX RETRIES EXECUTED, COMMAND NOT RESPONDING