ESYNC_WORKER1_COMMAND_START
[WARNING]: Invalid characters were found in group names but not replaced, use
-vvvv to see details

PLAY [xbet-nginx] **************************************************************


TASK [Gathering Facts] *********************************************************
ok: [47.52.232.131]
ok: [52.229.154.140]
ok: [47.74.11.82]


TASK [nginx_sync : Change python interpreter] **********************************
skipping: [47.52.232.131]
skipping: [47.74.11.82]
skipping: [52.229.154.140]


TASK [nginx_sync : change python interpreter] **********************************
skipping: [47.52.232.131]
skipping: [47.74.11.82]
skipping: [52.229.154.140]


TASK [nginx_sync : Notify] *****************************************************
ok: [47.52.232.131] => {
    "msg": "Syncing xbet-nginx"
}
ok: [47.74.11.82] => {

    "msg": "Syncing xbet-nginx"
}
ok: [52.229.154.140] => {
    "msg": "Syncing xbet-nginx"
}


TASK [nginx_sync : include_vars] ***********************************************
ok: [47.52.232.131]
ok: [47.74.11.82]
ok: [52.229.154.140]


TASK [nginx_sync : Synchronizing Nginx] ****************************************
ok: [47.52.232.131] => (item=conf)
ok: [52.229.154.140] => (item=conf)
changed: [52.229.154.140] => (item=conf.d)

changed: [47.52.232.131] => (item=conf.d)
ok: [47.74.11.82] => (item=conf)
changed: [52.229.154.140] => (item=data)
changed: [47.52.232.131] => (item=data)
changed: [52.229.154.140] => (item=html)

changed: [47.52.232.131] => (item=html)
changed: [47.74.11.82] => (item=conf.d)
changed: [47.74.11.82] => (item=data)
changed: [47.74.11.82] => (item=html)


TASK [nginx_sync : Set HTML Dir to root] ***************************************
changed: [47.52.232.131]
changed: [52.229.154.140]
changed: [47.74.11.82]


TASK [all_servers : include_vars] **********************************************
ok: [47.52.232.131]
ok: [47.74.11.82]
ok: [52.229.154.140]


TASK [all_servers : Notify] ****************************************************
ok: [47.52.232.131] => {
    "msg": "Clearing Nginx Cache for xbet-nginx"
}
ok: [47.74.11.82] => {

    "msg": "Clearing Nginx Cache for xbet-nginx"
}
ok: [52.229.154.140] => {
    "msg": "Clearing Nginx Cache for xbet-nginx"
}


TASK [all_servers : Copying clear_nginxcache.sh to remote hosts] ***************
ok: [47.52.232.131]
ok: [52.229.154.140]
ok: [47.74.11.82]


TASK [all_servers : Nginx Clear Cache] *****************************************
changed: [47.52.232.131]
changed: [52.229.154.140]
changed: [47.74.11.82]


TASK [all_servers : debug] *****************************************************
ok: [47.52.232.131] => {
    "script_result.stdout_lines": [
        "-----------------------------------------------------------", 

        "|                 Checking Nginx Config                   |", 
        "-----------------------------------------------------------", 
        "", 
        " nginx -t ", 
        "", 

        "-----------------------------------------------------------", 
        "|                 Stopping Nginx Process                  |", 
        "-----------------------------------------------------------", 
        "", 
        " /usr/bin/killall -9 nginx ", 

        "", 
        "-----------------------------------------------------------", 
        "|                 Clearing Proxy Cache                    |", 
        "-----------------------------------------------------------", 
        "", 

        " /bin/rm -rf /tmp/nginx_cache ", 
        "", 
        "-----------------------------------------------------------", 
        "|                Restarting Nginx Process                 |", 
        "-----------------------------------------------------------", 

        "root       733  0.0  0.1 102896  2052 ?        Ss   Feb16   0:00 /sbin/dhclient -1 -q -lf /var/lib/dhclient/dhclient--eth0.lease -pf /var/run/dhclient-eth0.pid -H b8a-nginx2 eth0", 
        "root     27279  0.3  0.0 113188  1480 ?        S    11:00   0:00 /bin/bash /bak/bin/clear_nginxcache.sh", 
        "root     27286  0.0  4.6 574052 81996 ?        Ss   11:00   0:00 nginx: master process /usr/local/nginx/sbin/nginx", 
        "nobody   27287  0.0  4.8 720468 85556 ?        S    11:00   0:00 nginx: worker process", 
        "nobody   27289  0.0  4.8 720468 85556 ?        S    11:00   0:00 nginx: worker process", 

        "nobody   27290  0.0  4.8 720468 85556 ?        S    11:00   0:00 nginx: worker process", 
        "nobody   27291  0.0  4.8 720468 85556 ?        S    11:00   0:00 nginx: worker process", 
        "nobody   27292  0.0  4.6 718540 82652 ?        S    11:00   0:00 nginx: cache manager process", 
        "nobody   27293  0.0  4.6 718540 82420 ?        S    11:00   0:00 nginx: cache loader process", 
        "root     27295  0.0  0.0 112712   936 ?        S    11:00   0:00 grep nginx", 

        "              total        used        free      shared  buff/cache   available", 
        "Mem:           1734         283         283         143        1167        1124", 
        "Swap:             0           0           0", 
        "-----------------------------------------------------------", 
        "|                     Reload SUCCESS!                     |", 

        "-----------------------------------------------------------"
    ]
}
ok: [47.74.11.82] => {
    "script_result.stdout_lines": [

        "-----------------------------------------------------------", 
        "|                 Checking Nginx Config                   |", 
        "-----------------------------------------------------------", 
        "", 
        " nginx -t ", 

        "", 
        "-----------------------------------------------------------", 
        "|                 Stopping Nginx Process                  |", 
        "-----------------------------------------------------------", 
        "", 

        " /usr/bin/killall -9 nginx ", 
        "", 
        "-----------------------------------------------------------", 
        "|                 Clearing Proxy Cache                    |", 
        "-----------------------------------------------------------", 

        "", 
        " /bin/rm -rf /tmp/nginx_cache ", 
        "", 
        "-----------------------------------------------------------", 
        "|                Restarting Nginx Process                 |", 

        "-----------------------------------------------------------", 
        "root       791  0.0  0.0 102896  2244 ?        Ss   Jun05   0:00 /sbin/dhclient -1 -q -lf /var/lib/dhclient/dhclient--eth0.lease -pf /var/run/dhclient-eth0.pid -H xbet-nginx12 eth0", 
        "root     13172  0.1  0.0 113188  1484 ?        S    11:00   0:00 /bin/bash /bak/bin/clear_nginxcache.sh", 
        "root     13180  0.0  2.1 574052 81992 ?        Ss   11:00   0:00 nginx: master process /usr/local/nginx/sbin/nginx", 
        "nobody   13181  0.0  2.2 720468 85556 ?        S    11:00   0:00 nginx: worker process", 

        "nobody   13183  0.0  2.2 720468 85556 ?        S    11:00   0:00 nginx: worker process", 
        "nobody   13184  0.0  2.2 720468 85556 ?        S    11:00   0:00 nginx: worker process", 
        "nobody   13185  0.0  2.2 720468 85556 ?        S    11:00   0:00 nginx: worker process", 
        "nobody   13186  0.0  2.1 718540 82416 ?        S    11:00   0:00 nginx: cache manager process", 
        "nobody   13187  0.0  2.1 718540 82416 ?        S    11:00   0:00 nginx: cache loader process", 

        "root     13189  0.0  0.0 112712   936 ?        S    11:00   0:00 grep nginx", 
        "              total        used        free      shared  buff/cache   available", 
        "Mem:           3789         315        1268         143        2205        3047", 
        "Swap:             0           0           0", 
        "-----------------------------------------------------------", 

        "|                     Reload SUCCESS!                     |", 
        "-----------------------------------------------------------"
    ]
}
ok: [52.229.154.140] => {

    "script_result.stdout_lines": [
        "-----------------------------------------------------------", 
        "|                 Checking Nginx Config                   |", 
        "-----------------------------------------------------------", 
        "", 

        " nginx -t ", 
        "", 
        "-----------------------------------------------------------", 
        "|                 Stopping Nginx Process                  |", 
        "-----------------------------------------------------------", 

        "", 
        " /usr/bin/killall -9 nginx ", 
        "", 
        "-----------------------------------------------------------", 
        "|                 Clearing Proxy Cache                    |", 

        "-----------------------------------------------------------", 
        "", 
        " /bin/rm -rf /tmp/nginx_cache ", 
        "", 
        "-----------------------------------------------------------", 

        "|                Restarting Nginx Process                 |", 
        "-----------------------------------------------------------", 
        "root      43954  0.5  0.0 113288  1484 ?        S    11:00   0:00 /bin/bash /bak/bin/clear_nginxcache.sh", 
        "root      43965  0.5  2.0 574056 81996 ?        Ss   11:00   0:00 nginx: master process /usr/local/nginx/sbin/nginx", 
        "nobody    43966  0.0  2.1 722556 85644 ?        S    11:00   0:00 nginx: worker process", 

        "nobody    43968  0.0  2.1 722556 85644 ?        S    11:00   0:00 nginx: worker process", 
        "nobody    43969  0.0  2.1 722556 85644 ?        S    11:00   0:00 nginx: worker process", 
        "nobody    43970  0.0  2.1 722556 85644 ?        S    11:00   0:00 nginx: worker process", 
        "nobody    43971  0.0  2.0 720628 82736 ?        S    11:00   0:00 nginx: cache manager process", 
        "nobody    43972  0.0  2.0 720628 82492 ?        S    11:00   0:00 nginx: cache loader process", 

        "root      43980  0.0  0.0 112812   952 ?        S    11:00   0:00 grep nginx", 
        "              total        used        free      shared  buff/cache   available", 
        "Mem:           3931         463         413          74        3054        3103", 
        "Swap:          2047         308        1739", 
        "-----------------------------------------------------------", 

        "|                     Reload SUCCESS!                     |", 
        "-----------------------------------------------------------"
    ]
}


PLAY [127.0.0.1] ***************************************************************

TASK [sync_to_git : Synchronizing Nginx To GIT] ********************************
changed: [127.0.0.1]


TASK [sync_to_git : debug] *****************************************************
ok: [127.0.0.1] => {
    "msg": " [u'[master d24e783] emilyn.delacruz', u' 6 files changed, 23 insertions(+)', u' create mode 100644 nginx/conf.d/other/59988000.com.conf', u' create mode 120000 nginx/conf.d/ssl/59588000.com', u' create mode 120000 nginx/conf.d/ssl/59688000.com', u' create mode 120000 nginx/conf.d/ssl/59788000.com', u' create mode 120000 nginx/conf.d/ssl/59988000.com', u'Branch master set up to track remote branch master from origin.']"
}


PLAY [xbet-nginx] **************************************************************

PLAY [127.0.0.1] ***************************************************************

PLAY RECAP *********************************************************************

127.0.0.1                  : ok=2    changed=1    unreachable=0    failed=0    skipped=0    rescued=0    ignored=0   
47.52.232.131              : ok=10   changed=3    unreachable=0    failed=0    skipped=2    rescued=0    ignored=0   
47.74.11.82                : ok=10   changed=3    unreachable=0    failed=0    skipped=2    rescued=0    ignored=0   
52.229.154.140             : ok=10   changed=3    unreachable=0    failed=0    skipped=2    rescued=0    ignored=0   



ESYNC_WORKER1_COMMAND_END
MAX RETRIES EXECUTED, COMMAND NOT RESPONDING