ESYNC_WORKER1_COMMAND_START
[WARNING]: Invalid characters were found in group names but not replaced, use
-vvvv to see details

PLAY [xbet-nginx] **************************************************************


TASK [Gathering Facts] *********************************************************
ok: [52.229.154.140]
ok: [203.60.1.86]

TASK [nginx_sync : Change python interpreter] **********************************

skipping: [52.229.154.140]
skipping: [203.60.1.86]

TASK [nginx_sync : change python interpreter] **********************************
skipping: [52.229.154.140]

skipping: [203.60.1.86]

TASK [nginx_sync : Notify] *****************************************************
ok: [52.229.154.140] => {
    "msg": "Syncing xbet-nginx"

}
ok: [203.60.1.86] => {
    "msg": "Syncing xbet-nginx"
}


TASK [nginx_sync : include_vars] ***********************************************
ok: [52.229.154.140]
ok: [203.60.1.86]

TASK [nginx_sync : Synchronizing Nginx] ****************************************

ok: [52.229.154.140] => (item=conf)
ok: [203.60.1.86] => (item=conf)
changed: [203.60.1.86] => (item=conf.d)
changed: [52.229.154.140] => (item=conf.d)
ok: [203.60.1.86] => (item=data)

ok: [52.229.154.140] => (item=data)
changed: [203.60.1.86] => (item=html)
changed: [52.229.154.140] => (item=html)

TASK [nginx_sync : Set HTML Dir to root] ***************************************

changed: [52.229.154.140]
changed: [203.60.1.86]

TASK [all_servers : include_vars] **********************************************
ok: [52.229.154.140]

ok: [203.60.1.86]

TASK [all_servers : Notify] ****************************************************
ok: [52.229.154.140] => {
    "msg": "Clearing Nginx Cache for xbet-nginx"

}
ok: [203.60.1.86] => {
    "msg": "Clearing Nginx Cache for xbet-nginx"
}


TASK [all_servers : Copying clear_nginxcache.sh to remote hosts] ***************
ok: [52.229.154.140]
ok: [203.60.1.86]

TASK [all_servers : Nginx Clear Cache] *****************************************

changed: [52.229.154.140]
changed: [203.60.1.86]

TASK [all_servers : debug] *****************************************************
ok: [52.229.154.140] => {

    "script_result.stdout_lines": [
        "-----------------------------------------------------------", 
        "|                 Checking Nginx Config                   |", 
        "-----------------------------------------------------------", 
        "", 

        " nginx -t ", 
        "", 
        "-----------------------------------------------------------", 
        "|                 Stopping Nginx Process                  |", 
        "-----------------------------------------------------------", 

        "", 
        " /usr/bin/killall -9 nginx ", 
        "", 
        "-----------------------------------------------------------", 
        "|                 Clearing Proxy Cache                    |", 

        "-----------------------------------------------------------", 
        "", 
        " /bin/rm -rf /tmp/nginx_cache ", 
        "", 
        "-----------------------------------------------------------", 

        "|                Restarting Nginx Process                 |", 
        "-----------------------------------------------------------", 
        "root        861  0.0  0.0 102904   204 ?        Ss    2020   0:00 /sbin/dhclient -1 -q -lf /var/lib/dhclient/dhclient--eth0.lease -pf /var/run/dhclient-eth0.pid -H xbet-nginx1.hk.az.monaco1.me eth0", 
        "root      88750  0.5  0.0 113288  1488 ?        S    10:44   0:00 /bin/bash /bak/bin/clear_nginxcache.sh", 
        "root      88757  0.5  2.0 565152 82256 ?        Ss   10:44   0:00 nginx: master process /usr/local/nginx/sbin/nginx", 

        "nobody    88758  0.0  2.1 713652 85904 ?        S    10:44   0:00 nginx: worker process", 
        "nobody    88760  0.0  2.1 713652 85904 ?        S    10:44   0:00 nginx: worker process", 
        "nobody    88761  0.0  2.1 713652 85904 ?        S    10:44   0:00 nginx: worker process", 
        "nobody    88762  0.0  2.1 713652 85904 ?        S    10:44   0:00 nginx: worker process", 
        "nobody    88763  0.0  2.0 711724 82996 ?        S    10:44   0:00 nginx: cache manager process", 

        "nobody    88764  0.0  2.0 711724 82752 ?        S    10:44   0:00 nginx: cache loader process", 
        "root      88770  0.0  0.0 112816   952 ?        S    10:44   0:00 grep nginx", 
        "              total        used        free      shared  buff/cache   available", 
        "Mem:           3931         441         368          49        3121        3150", 
        "Swap:          2047         326        1721", 

        "-----------------------------------------------------------", 
        "|                     Reload SUCCESS!                     |", 
        "-----------------------------------------------------------"
    ]
}

ok: [203.60.1.86] => {
    "script_result.stdout_lines": [
        "-----------------------------------------------------------", 
        "|                 Checking Nginx Config                   |", 
        "-----------------------------------------------------------", 

        "", 
        " nginx -t ", 
        "", 
        "-----------------------------------------------------------", 
        "|                 Stopping Nginx Process                  |", 

        "-----------------------------------------------------------", 
        "", 
        " /usr/bin/killall -9 nginx ", 
        "", 
        "-----------------------------------------------------------", 

        "|                 Clearing Proxy Cache                    |", 
        "-----------------------------------------------------------", 
        "", 
        " /bin/rm -rf /tmp/nginx_cache ", 
        "", 

        "-----------------------------------------------------------", 
        "|                Restarting Nginx Process                 |", 
        "-----------------------------------------------------------", 
        "root     14359  0.8  0.0 113288  1488 ?        S    10:44   0:00 /bin/bash /bak/bin/clear_nginxcache.sh", 
        "root     14370  0.0  2.2 567460 82332 ?        Ss   10:44   0:00 nginx: master process /usr/local/nginx/sbin/nginx", 

        "nobody   14371  0.0  2.3 713876 85880 ?        S    10:44   0:00 nginx: worker process", 
        "nobody   14372  0.0  2.3 713876 85880 ?        S    10:44   0:00 nginx: worker process", 
        "nobody   14373  0.0  2.3 713876 85880 ?        S    10:44   0:00 nginx: worker process", 
        "nobody   14374  0.0  2.3 713876 85880 ?        S    10:44   0:00 nginx: worker process", 
        "nobody   14375  0.0  2.2 711948 82740 ?        S    10:44   0:00 nginx: cache manager process", 

        "nobody   14376  0.0  2.2 711948 82740 ?        S    10:44   0:00 nginx: cache loader process", 
        "root     14379  0.0  0.0 112816   956 ?        S    10:44   0:00 grep nginx", 
        "              total        used        free      shared  buff/cache   available", 
        "Mem:           3596         491         772         335        2332        2579", 
        "Swap:             0           0           0", 

        "-----------------------------------------------------------", 
        "|                     Reload SUCCESS!                     |", 
        "-----------------------------------------------------------"
    ]
}


PLAY [127.0.0.1] ***************************************************************

TASK [sync_to_git : Synchronizing Nginx To GIT] ********************************
changed: [127.0.0.1]


TASK [sync_to_git : debug] *****************************************************
ok: [127.0.0.1] => {
    "msg": " [u'[master be54071] emilyn.delacruz', u' 1 file changed, 2 insertions(+), 1 deletion(-)', u'Branch master set up to track remote branch master from origin.']"
}


PLAY [xbet-nginx] **************************************************************

PLAY [127.0.0.1] ***************************************************************


PLAY RECAP *********************************************************************
127.0.0.1                  : ok=2    changed=1    unreachable=0    failed=0    skipped=0    rescued=0    ignored=0   
203.60.1.86                : ok=10   changed=3    unreachable=0    failed=0    skipped=2    rescued=0    ignored=0   
52.229.154.140             : ok=10   changed=3    unreachable=0    failed=0    skipped=2    rescued=0    ignored=0   



ESYNC_WORKER1_COMMAND_END
MAX RETRIES EXECUTED, COMMAND NOT RESPONDING