ESYNC_WORKER1_COMMAND_START
 [WARNING]: Invalid characters were found in group names but not replaced, use
-vvvv to see details

PLAY [xbet-nginx] **************************************************************


TASK [Gathering Facts] *********************************************************
ok: [13.70.16.21]
ok: [119.9.105.164]
ok: [119.9.108.8]
ok: [119.81.239.94]

ok: [207.46.157.209]

TASK [nginx_sync : Change python interpreter] **********************************
ok: [119.9.105.164]
ok: [207.46.157.209]

ok: [119.9.108.8]
skipping: [13.70.16.21]
skipping: [119.81.239.94]

TASK [nginx_sync : change python interpreter] **********************************

ok: [119.9.105.164]
ok: [207.46.157.209]
ok: [119.9.108.8]
skipping: [13.70.16.21]
skipping: [119.81.239.94]


TASK [nginx_sync : Notify] *****************************************************
ok: [119.9.105.164] => {
    "msg": "Syncing xbet-nginx"
}

ok: [207.46.157.209] => {
    "msg": "Syncing xbet-nginx"
}
ok: [119.9.108.8] => {
    "msg": "Syncing xbet-nginx"

}
ok: [13.70.16.21] => {
    "msg": "Syncing xbet-nginx"
}
ok: [119.81.239.94] => {

    "msg": "Syncing xbet-nginx"
}

TASK [nginx_sync : include_vars] ***********************************************
ok: [119.9.105.164]

ok: [207.46.157.209]
ok: [119.9.108.8]
ok: [13.70.16.21]
ok: [119.81.239.94]


TASK [nginx_sync : Synchronizing Nginx] ****************************************
ok: [119.9.105.164] => (item=conf)
ok: [119.81.239.94] => (item=conf)
ok: [207.46.157.209] => (item=conf)
ok: [119.9.108.8] => (item=conf)

ok: [13.70.16.21] => (item=conf)
ok: [119.81.239.94] => (item=conf.d)
ok: [13.70.16.21] => (item=conf.d)
ok: [207.46.157.209] => (item=conf.d)
ok: [119.81.239.94] => (item=data)

ok: [13.70.16.21] => (item=data)
ok: [207.46.157.209] => (item=data)
ok: [119.81.239.94] => (item=html)
ok: [13.70.16.21] => (item=html)
ok: [207.46.157.209] => (item=html)

changed: [119.9.105.164] => (item=conf.d)
ok: [119.9.108.8] => (item=conf.d)
ok: [119.9.105.164] => (item=data)
ok: [119.9.108.8] => (item=data)
ok: [119.9.105.164] => (item=html)

ok: [119.9.108.8] => (item=html)

TASK [all_servers : include_vars] **********************************************
ok: [119.9.105.164]
ok: [207.46.157.209]

ok: [119.9.108.8]
ok: [13.70.16.21]
ok: [119.81.239.94]

TASK [all_servers : Notify] ****************************************************

ok: [119.9.105.164] => {
    "msg": "Clearing Nginx Cache for xbet-nginx"
}
ok: [207.46.157.209] => {
    "msg": "Clearing Nginx Cache for xbet-nginx"

}
ok: [119.9.108.8] => {
    "msg": "Clearing Nginx Cache for xbet-nginx"
}
ok: [13.70.16.21] => {

    "msg": "Clearing Nginx Cache for xbet-nginx"
}
ok: [119.81.239.94] => {
    "msg": "Clearing Nginx Cache for xbet-nginx"
}


TASK [all_servers : Copying clear_nginxcache.sh to remote hosts] ***************
ok: [119.81.239.94]
ok: [13.70.16.21]
ok: [207.46.157.209]

ok: [119.9.105.164]
ok: [119.9.108.8]

TASK [all_servers : Nginx Clear Cache] *****************************************
changed: [119.81.239.94]

changed: [13.70.16.21]
changed: [119.9.105.164]
changed: [119.9.108.8]
changed: [207.46.157.209]


TASK [all_servers : debug] *****************************************************
ok: [119.9.105.164] => {
    "script_result.stdout_lines": [
        "-----------------------------------------------------------", 
        "|                 Checking Nginx Config                   |", 

        "-----------------------------------------------------------", 
        "", 
        " nginx -t ", 
        "", 
        "-----------------------------------------------------------", 

        "|                 Stopping Nginx Process                  |", 
        "-----------------------------------------------------------", 
        "", 
        " /usr/bin/killall -9 nginx ", 
        "", 

        "-----------------------------------------------------------", 
        "|                 Clearing Proxy Cache                    |", 
        "-----------------------------------------------------------", 
        "", 
        " /bin/rm -rf /tmp/nginx_cache ", 

        "", 
        "-----------------------------------------------------------", 
        "|                Restarting Nginx Process                 |", 
        "-----------------------------------------------------------", 
        "root     25998  0.0  0.1 139156  5376 pts/2    S+   14:54   0:00 vim /usr/local/nginx/conf.d/include/xbet_official_masterconfig.include", 

        "root     26407  0.0  0.0 106076  1424 ?        S    14:59   0:00 /bin/bash /bak/bin/clear_nginxcache.sh", 
        "root     26414  1.0  5.7 586644 231788 ?       Ss   14:59   0:00 nginx: master process /usr/local/nginx/sbin/nginx", 
        "nobody   26416  0.0  5.8 588572 235320 ?       S    14:59   0:00 nginx: worker process      ", 
        "nobody   26417  0.0  5.8 588572 235320 ?       S    14:59   0:00 nginx: worker process      ", 
        "nobody   26418  0.0  5.8 588572 235320 ?       S    14:59   0:00 nginx: worker process      ", 

        "nobody   26419  0.0  5.8 588572 235320 ?       S    14:59   0:00 nginx: worker process      ", 
        "nobody   26420  0.0  5.7 586644 232280 ?       S    14:59   0:00 nginx: cache manager process", 
        "nobody   26421  0.0  5.7 586644 232172 ?       S    14:59   0:00 nginx: cache loader process", 
        "root     26423  0.0  0.0 103316   884 ?        S    14:59   0:00 grep nginx", 
        "             total       used       free     shared    buffers     cached", 

        "Mem:          3953       3134        819          2        228       1734", 
        "-/+ buffers/cache:       1172       2781", 
        "Swap:            0          0          0", 
        "-----------------------------------------------------------", 
        "|                     Reload SUCCESS!                     |", 

        "-----------------------------------------------------------"
    ]
}
ok: [207.46.157.209] => {
    "script_result.stdout_lines": [

        "-----------------------------------------------------------", 
        "|                 Checking Nginx Config                   |", 
        "-----------------------------------------------------------", 
        "", 
        " nginx -t ", 

        "", 
        "-----------------------------------------------------------", 
        "|                 Stopping Nginx Process                  |", 
        "-----------------------------------------------------------", 
        "", 

        " /usr/bin/killall -9 nginx ", 
        "", 
        "-----------------------------------------------------------", 
        "|                 Clearing Proxy Cache                    |", 
        "-----------------------------------------------------------", 

        "", 
        " /bin/rm -rf /tmp/nginx_cache ", 
        "", 
        "-----------------------------------------------------------", 
        "|                Restarting Nginx Process                 |", 

        "-----------------------------------------------------------", 
        "root      29835  0.0  0.0 106120  1284 ?        S    14:59   0:00 /bin/bash /bak/bin/clear_nginxcache.sh", 
        "root      29849  1.0  3.2 585624 231012 ?       Ss   14:59   0:00 nginx: master process /usr/local/nginx/sbin/nginx", 
        "nobody    29850  0.3  3.2 587552 235744 ?       S    14:59   0:00 nginx: worker process      ", 
        "nobody    29851  0.0  3.2 587552 234556 ?       S    14:59   0:00 nginx: worker process      ", 

        "nobody    29853  0.3  3.2 587552 235740 ?       S    14:59   0:00 nginx: worker process      ", 
        "nobody    29854  0.0  3.2 587552 235740 ?       S    14:59   0:00 nginx: worker process      ", 
        "nobody    29855  0.0  3.2 585624 231504 ?       S    14:59   0:00 nginx: cache manager process", 
        "nobody    29856  0.0  3.2 585624 231396 ?       S    14:59   0:00 nginx: cache loader process", 
        "root      29858  0.0  0.0 103332   856 ?        S    14:59   0:00 grep nginx", 

        "root      80733  0.0  0.0   9120   648 ?        Ss    2018   0:00 /sbin/dhclient -H xbet-nginx1.hk.az.monaco1.me -1 -q -lf /var/lib/dhclient/dhclient-eth0.leases -pf /var/run/dhclient-eth0.pid eth0", 
        "             total       used       free     shared    buffers     cached", 
        "Mem:          6976       6015        960          2        341       3466", 
        "-/+ buffers/cache:       2207       4768", 
        "Swap:            0          0          0", 

        "-----------------------------------------------------------", 
        "|                     Reload SUCCESS!                     |", 
        "-----------------------------------------------------------"
    ]
}

ok: [119.9.108.8] => {
    "script_result.stdout_lines": [
        "-----------------------------------------------------------", 
        "|                 Checking Nginx Config                   |", 
        "-----------------------------------------------------------", 

        "", 
        " nginx -t ", 
        "", 
        "-----------------------------------------------------------", 
        "|                 Stopping Nginx Process                  |", 

        "-----------------------------------------------------------", 
        "", 
        " /usr/bin/killall -9 nginx ", 
        "", 
        "-----------------------------------------------------------", 

        "|                 Clearing Proxy Cache                    |", 
        "-----------------------------------------------------------", 
        "", 
        " /bin/rm -rf /tmp/nginx_cache ", 
        "", 

        "-----------------------------------------------------------", 
        "|                Restarting Nginx Process                 |", 
        "-----------------------------------------------------------", 
        "root     22199  0.0  0.0 106084  1424 ?        S    14:59   0:00 /bin/bash /bak/bin/clear_nginxcache.sh", 
        "root     22210  0.6  5.7 585620 231068 ?       Ss   14:59   0:00 nginx: master process /usr/local/nginx/sbin/nginx", 

        "nobody   22212  0.0  5.7 587548 234600 ?       S    14:59   0:00 nginx: worker process      ", 
        "nobody   22213  0.0  5.7 587548 234600 ?       S    14:59   0:00 nginx: worker process      ", 
        "nobody   22214  0.0  5.7 587548 234600 ?       S    14:59   0:00 nginx: worker process      ", 
        "nobody   22215  0.0  5.7 587548 234600 ?       S    14:59   0:00 nginx: worker process      ", 
        "nobody   22216  0.0  5.7 585620 231560 ?       S    14:59   0:00 nginx: cache manager process", 

        "nobody   22217  0.0  5.7 585620 231452 ?       S    14:59   0:00 nginx: cache loader process", 
        "root     22221  0.0  0.0 103324   884 ?        R    14:59   0:00 grep nginx", 
        "             total       used       free     shared    buffers     cached", 
        "Mem:          3954       3474        479          2        355        952", 
        "-/+ buffers/cache:       2166       1787", 

        "Swap:            0          0          0", 
        "-----------------------------------------------------------", 
        "|                     Reload SUCCESS!                     |", 
        "-----------------------------------------------------------"
    ]

}
ok: [13.70.16.21] => {
    "script_result.stdout_lines": [
        "-----------------------------------------------------------", 
        "|                 Checking Nginx Config                   |", 

        "-----------------------------------------------------------", 
        "", 
        " nginx -t ", 
        "", 
        "-----------------------------------------------------------", 

        "|                 Stopping Nginx Process                  |", 
        "-----------------------------------------------------------", 
        "", 
        " /usr/bin/killall -9 nginx ", 
        "", 

        "-----------------------------------------------------------", 
        "|                 Clearing Proxy Cache                    |", 
        "-----------------------------------------------------------", 
        "", 
        " /bin/rm -rf /tmp/nginx_cache ", 

        "", 
        "-----------------------------------------------------------", 
        "|                Restarting Nginx Process                 |", 
        "-----------------------------------------------------------", 
        "root        776  0.0  0.0 107432  2080 ?        Ss   Aug29   0:00 /sbin/dhclient -q -lf /var/lib/dhclient/dhclient--eth0.lease -pf /var/run/dhclient-eth0.pid -H xbet-nginx7.hk.az.monaco1.me eth0", 

        "root      36750  0.6  0.0 113180  1488 ?        S    14:59   0:00 /bin/bash /bak/bin/clear_nginxcache.sh", 
        "root      36757  1.0  4.3 529420 174644 ?       Ss   14:59   0:00 nginx: master process /usr/local/nginx/sbin/nginx", 
        "nobody    36758  0.0  4.4 534792 180248 ?       S    14:59   0:00 nginx: worker process", 
        "nobody    36760  0.0  4.4 534792 180236 ?       S    14:59   0:00 nginx: worker process", 
        "nobody    36761  0.5  4.4 534792 180612 ?       S    14:59   0:00 nginx: worker process", 

        "nobody    36762  0.0  4.4 534792 180444 ?       S    14:59   0:00 nginx: worker process", 
        "nobody    36763  0.0  4.3 531504 175144 ?       S    14:59   0:00 nginx: cache manager process", 
        "nobody    36764  0.0  4.3 531504 175144 ?       S    14:59   0:00 nginx: cache loader process", 
        "root      36766  0.0  0.0 112712   956 ?        S    14:59   0:00 grep nginx", 
        "              total        used        free      shared  buff/cache   available", 

        "Mem:           3934         387        1828         202        1718        2997", 
        "Swap:             0           0           0", 
        "-----------------------------------------------------------", 
        "|                     Reload SUCCESS!                     |", 
        "-----------------------------------------------------------"

    ]
}
ok: [119.81.239.94] => {
    "script_result.stdout_lines": [
        "-----------------------------------------------------------", 

        "|                 Checking Nginx Config                   |", 
        "-----------------------------------------------------------", 
        "", 
        " nginx -t ", 
        "", 

        "-----------------------------------------------------------", 
        "|                 Stopping Nginx Process                  |", 
        "-----------------------------------------------------------", 
        "", 
        " /usr/bin/killall -9 nginx ", 

        "", 
        "-----------------------------------------------------------", 
        "|                 Clearing Proxy Cache                    |", 
        "-----------------------------------------------------------", 
        "", 

        " /bin/rm -rf /tmp/nginx_cache ", 
        "", 
        "-----------------------------------------------------------", 
        "|                Restarting Nginx Process                 |", 
        "-----------------------------------------------------------", 

        "root     31100  1.0  0.0 113180  1508 ?        S    14:59   0:00 /bin/bash /bak/bin/clear_nginxcache.sh", 
        "root     31107  0.5  5.8 582612 227612 ?       Ss   14:59   0:00 nginx: master process /usr/local/nginx/sbin/nginx", 
        "nobody   31108  0.0  5.9 585900 231684 ?       S    14:59   0:00 nginx: worker process", 
        "nobody   31110  0.0  6.0 585900 233300 ?       S    14:59   0:00 nginx: worker process", 
        "nobody   31111  0.0  5.9 585900 231684 ?       S    14:59   0:00 nginx: worker process", 

        "nobody   31112  0.0  5.9 585900 231684 ?       S    14:59   0:00 nginx: worker process", 
        "nobody   31113  0.0  5.8 582612 228020 ?       S    14:59   0:00 nginx: cache manager process", 
        "nobody   31114  0.0  5.8 582612 228020 ?       S    14:59   0:00 nginx: cache loader process", 
        "root     31116  0.0  0.0 112712   964 ?        S    14:59   0:00 grep nginx", 
        "              total        used        free      shared  buff/cache   available", 

        "Mem:           3783         343        1368         186        2072        2941", 
        "Swap:          2047          19        2028", 
        "-----------------------------------------------------------", 
        "|                     Reload SUCCESS!                     |", 
        "-----------------------------------------------------------"

    ]
}

PLAY [127.0.0.1] ***************************************************************


TASK [sync_to_git : Synchronizing Nginx To GIT] ********************************
changed: [127.0.0.1]

TASK [sync_to_git : debug] *****************************************************
ok: [127.0.0.1] => {

    "msg": " [u'# On branch master', u'# Changes not staged for commit:', u'#   (use \"git add/rm <file>...\" to update what will be committed)', u'#   (use \"git checkout -- <file>...\" to discard changes in working directory)', u'#', u'#\\tdeleted:    nginx/conf.d/include/websocket.cdn.include', u'#\\tdeleted:    nginx/html/byl_weihu/h5/images/favicon.ico', u'#\\tdeleted:    nginx/html/byl_weihu/pc/images/favicon.ico', u'#\\tdeleted:    nginx/html/xbet_weihu/bg.jpg', u'#\\tdeleted:    nginx/html/xbet_weihu/btn.png', u'#\\tdeleted:    nginx/html/xbet_weihu/favicon.png', u'#\\tdeleted:    nginx/html/xbet_weihu/index.css', u'#\\tdeleted:    nginx/html/xbet_weihu/index.html', u'#\\tdeleted:    nginx/html/xbet_weihu/jquery.min.js', u'#\\tdeleted:    nginx/html/xbet_weihu/logo.png', u'#\\tdeleted:    nginx/html/xbet_weihu/rem.js', u'#\\tdeleted:    nginx/html/xbet_weihu/reset.css', u'#\\tdeleted:    nginx/html/xbet_weihu/title1.png', u'#\\tdeleted:    nginx/html/xbet_weihu/title2.png', u'#', u'no changes added to commit (use \"git add\" and/or \"git commit -a\")', u'Branch master set up to track remote branch master from origin.']"
}

PLAY [xbet-nginx] **************************************************************


PLAY [127.0.0.1] ***************************************************************

PLAY RECAP *********************************************************************
119.81.239.94              : ok=9    changed=1    unreachable=0    failed=0    skipped=2    rescued=0    ignored=0   
119.9.105.164              : ok=11   changed=2    unreachable=0    failed=0    skipped=0    rescued=0    ignored=0   

119.9.108.8                : ok=11   changed=1    unreachable=0    failed=0    skipped=0    rescued=0    ignored=0   
127.0.0.1                  : ok=2    changed=1    unreachable=0    failed=0    skipped=0    rescued=0    ignored=0   
13.70.16.21                : ok=9    changed=1    unreachable=0    failed=0    skipped=2    rescued=0    ignored=0   
207.46.157.209             : ok=11   changed=1    unreachable=0    failed=0    skipped=0    rescued=0    ignored=0   



ESYNC_WORKER1_COMMAND_END
MAX RETRIES EXECUTED, COMMAND NOT RESPONDING