ESYNC_WORKER1_COMMAND_START
 [WARNING]: Invalid characters were found in group names but not replaced, use
-vvvv to see details

PLAY [xbet-nginx] **************************************************************


TASK [Gathering Facts] *********************************************************
ok: [119.81.239.94]
ok: [13.70.16.21]
ok: [119.9.105.164]
ok: [119.9.108.8]

ok: [207.46.157.209]

TASK [nginx_sync : Change python interpreter] **********************************
ok: [119.9.105.164]
ok: [207.46.157.209]

ok: [119.9.108.8]
skipping: [13.70.16.21]
skipping: [119.81.239.94]

TASK [nginx_sync : change python interpreter] **********************************

ok: [119.9.105.164]
ok: [207.46.157.209]
ok: [119.9.108.8]
skipping: [13.70.16.21]
skipping: [119.81.239.94]


TASK [nginx_sync : Notify] *****************************************************
ok: [119.9.105.164] => {
    "msg": "Syncing xbet-nginx"
}

ok: [207.46.157.209] => {
    "msg": "Syncing xbet-nginx"
}
ok: [119.9.108.8] => {
    "msg": "Syncing xbet-nginx"

}
ok: [13.70.16.21] => {
    "msg": "Syncing xbet-nginx"
}
ok: [119.81.239.94] => {

    "msg": "Syncing xbet-nginx"
}

TASK [nginx_sync : include_vars] ***********************************************
ok: [119.9.105.164]

ok: [207.46.157.209]
ok: [119.9.108.8]
ok: [13.70.16.21]
ok: [119.81.239.94]


TASK [nginx_sync : Synchronizing Nginx] ****************************************
ok: [119.9.108.8] => (item=conf)
ok: [119.81.239.94] => (item=conf)
ok: [207.46.157.209] => (item=conf)
ok: [13.70.16.21] => (item=conf)

ok: [119.9.105.164] => (item=conf)
changed: [119.81.239.94] => (item=conf.d)
ok: [119.81.239.94] => (item=data)
ok: [119.81.239.94] => (item=html)
changed: [13.70.16.21] => (item=conf.d)

changed: [119.9.108.8] => (item=conf.d)
ok: [13.70.16.21] => (item=data)
ok: [119.9.108.8] => (item=data)
ok: [13.70.16.21] => (item=html)
ok: [119.9.108.8] => (item=html)

changed: [119.9.105.164] => (item=conf.d)
changed: [207.46.157.209] => (item=conf.d)
ok: [119.9.105.164] => (item=data)
ok: [207.46.157.209] => (item=data)
ok: [119.9.105.164] => (item=html)

ok: [207.46.157.209] => (item=html)

TASK [all_servers : include_vars] **********************************************
ok: [119.9.105.164]
ok: [207.46.157.209]

ok: [119.9.108.8]
ok: [13.70.16.21]
ok: [119.81.239.94]

TASK [all_servers : Notify] ****************************************************

ok: [119.9.105.164] => {
    "msg": "Clearing Nginx Cache for xbet-nginx"
}
ok: [207.46.157.209] => {
    "msg": "Clearing Nginx Cache for xbet-nginx"

}
ok: [119.9.108.8] => {
    "msg": "Clearing Nginx Cache for xbet-nginx"
}
ok: [13.70.16.21] => {

    "msg": "Clearing Nginx Cache for xbet-nginx"
}
ok: [119.81.239.94] => {
    "msg": "Clearing Nginx Cache for xbet-nginx"
}


TASK [all_servers : Copying clear_nginxcache.sh to remote hosts] ***************
ok: [119.81.239.94]
ok: [13.70.16.21]
ok: [207.46.157.209]

ok: [119.9.108.8]
ok: [119.9.105.164]

TASK [all_servers : Nginx Clear Cache] *****************************************
changed: [119.81.239.94]

changed: [13.70.16.21]
changed: [119.9.105.164]
changed: [119.9.108.8]
changed: [207.46.157.209]


TASK [all_servers : debug] *****************************************************
ok: [119.9.105.164] => {
    "script_result.stdout_lines": [
        "-----------------------------------------------------------", 
        "|                 Checking Nginx Config                   |", 

        "-----------------------------------------------------------", 
        "", 
        " nginx -t ", 
        "", 
        "-----------------------------------------------------------", 

        "|                 Stopping Nginx Process                  |", 
        "-----------------------------------------------------------", 
        "", 
        " /usr/bin/killall -9 nginx ", 
        "", 

        "-----------------------------------------------------------", 
        "|                 Clearing Proxy Cache                    |", 
        "-----------------------------------------------------------", 
        "", 
        " /bin/rm -rf /tmp/nginx_cache ", 

        "", 
        "-----------------------------------------------------------", 
        "|                Restarting Nginx Process                 |", 
        "-----------------------------------------------------------", 
        "root     32000  0.0  0.0 106076  1420 ?        S    09:27   0:00 /bin/bash /bak/bin/clear_nginxcache.sh", 

        "root     32010  0.6  5.7 586644 231788 ?       Ss   09:27   0:00 nginx: master process /usr/local/nginx/sbin/nginx", 
        "nobody   32011  0.0  5.8 588572 235320 ?       S    09:27   0:00 nginx: worker process      ", 
        "nobody   32013  0.0  5.8 588572 235320 ?       S    09:27   0:00 nginx: worker process      ", 
        "nobody   32014  0.0  5.8 588572 235320 ?       S    09:27   0:00 nginx: worker process      ", 
        "nobody   32015  0.0  5.8 588572 235320 ?       S    09:27   0:00 nginx: worker process      ", 

        "nobody   32016  0.0  5.7 586644 232280 ?       S    09:27   0:00 nginx: cache manager process", 
        "nobody   32017  0.0  5.7 586644 232172 ?       S    09:27   0:00 nginx: cache loader process", 
        "root     32019  0.0  0.0 103312   876 ?        S    09:27   0:00 grep nginx", 
        "             total       used       free     shared    buffers     cached", 
        "Mem:          3953       3132        821          2        228       1747", 

        "-/+ buffers/cache:       1156       2797", 
        "Swap:            0          0          0", 
        "-----------------------------------------------------------", 
        "|                     Reload SUCCESS!                     |", 
        "-----------------------------------------------------------"

    ]
}
ok: [207.46.157.209] => {
    "script_result.stdout_lines": [
        "-----------------------------------------------------------", 

        "|                 Checking Nginx Config                   |", 
        "-----------------------------------------------------------", 
        "", 
        " nginx -t ", 
        "", 

        "-----------------------------------------------------------", 
        "|                 Stopping Nginx Process                  |", 
        "-----------------------------------------------------------", 
        "", 
        " /usr/bin/killall -9 nginx ", 

        "", 
        "-----------------------------------------------------------", 
        "|                 Clearing Proxy Cache                    |", 
        "-----------------------------------------------------------", 
        "", 

        " /bin/rm -rf /tmp/nginx_cache ", 
        "", 
        "-----------------------------------------------------------", 
        "|                Restarting Nginx Process                 |", 
        "-----------------------------------------------------------", 

        "root      80733  0.0  0.0   9120   648 ?        Ss    2018   0:00 /sbin/dhclient -H xbet-nginx1.hk.az.monaco1.me -1 -q -lf /var/lib/dhclient/dhclient-eth0.leases -pf /var/run/dhclient-eth0.pid eth0", 
        "root     130112  0.0  0.0 106120  1284 ?        S    09:27   0:00 /bin/bash /bak/bin/clear_nginxcache.sh", 
        "root     130122  2.0  3.2 585620 231024 ?       Ss   09:27   0:00 nginx: master process /usr/local/nginx/sbin/nginx", 
        "nobody   130123  0.0  3.2 587548 234544 ?       S    09:27   0:00 nginx: worker process      ", 
        "nobody   130125  0.0  3.2 587548 234544 ?       S    09:27   0:00 nginx: worker process      ", 

        "nobody   130126  1.0  3.2 587548 235716 ?       S    09:27   0:00 nginx: worker process      ", 
        "nobody   130127  0.0  3.2 587548 234544 ?       S    09:27   0:00 nginx: worker process      ", 
        "nobody   130128  0.0  3.2 585620 231516 ?       S    09:27   0:00 nginx: cache manager process", 
        "nobody   130129  0.0  3.2 585620 231408 ?       S    09:27   0:00 nginx: cache loader process", 
        "root     130131  0.0  0.0 103332   860 ?        S    09:27   0:00 grep nginx", 

        "             total       used       free     shared    buffers     cached", 
        "Mem:          6976       6018        957          2        341       3471", 
        "-/+ buffers/cache:       2205       4770", 
        "Swap:            0          0          0", 
        "-----------------------------------------------------------", 

        "|                     Reload SUCCESS!                     |", 
        "-----------------------------------------------------------"
    ]
}
ok: [119.9.108.8] => {

    "script_result.stdout_lines": [
        "-----------------------------------------------------------", 
        "|                 Checking Nginx Config                   |", 
        "-----------------------------------------------------------", 
        "", 

        " nginx -t ", 
        "", 
        "-----------------------------------------------------------", 
        "|                 Stopping Nginx Process                  |", 
        "-----------------------------------------------------------", 

        "", 
        " /usr/bin/killall -9 nginx ", 
        "", 
        "-----------------------------------------------------------", 
        "|                 Clearing Proxy Cache                    |", 

        "-----------------------------------------------------------", 
        "", 
        " /bin/rm -rf /tmp/nginx_cache ", 
        "", 
        "-----------------------------------------------------------", 

        "|                Restarting Nginx Process                 |", 
        "-----------------------------------------------------------", 
        "root      5638  0.0  0.0 106084  1424 ?        S    09:27   0:00 /bin/bash /bak/bin/clear_nginxcache.sh", 
        "root      5653  0.6  5.7 585620 231072 ?       Ss   09:27   0:00 nginx: master process /usr/local/nginx/sbin/nginx", 
        "nobody    5655  0.0  5.7 587548 234604 ?       S    09:27   0:00 nginx: worker process      ", 

        "nobody    5656  0.0  5.7 587548 234604 ?       S    09:27   0:00 nginx: worker process      ", 
        "nobody    5657  0.0  5.7 587548 234604 ?       S    09:27   0:00 nginx: worker process      ", 
        "nobody    5658  0.0  5.7 587548 234604 ?       S    09:27   0:00 nginx: worker process      ", 
        "nobody    5659  0.0  5.7 585620 231568 ?       S    09:27   0:00 nginx: cache manager process", 
        "nobody    5660  0.0  5.7 585620 231460 ?       S    09:27   0:00 nginx: cache loader process", 

        "root      5664  0.0  0.0 103324   868 ?        R    09:27   0:00 grep nginx", 
        "             total       used       free     shared    buffers     cached", 
        "Mem:          3954       3484        470          2        356        948", 
        "-/+ buffers/cache:       2179       1774", 
        "Swap:            0          0          0", 

        "-----------------------------------------------------------", 
        "|                     Reload SUCCESS!                     |", 
        "-----------------------------------------------------------"
    ]
}

ok: [13.70.16.21] => {
    "script_result.stdout_lines": [
        "-----------------------------------------------------------", 
        "|                 Checking Nginx Config                   |", 
        "-----------------------------------------------------------", 

        "", 
        " nginx -t ", 
        "", 
        "-----------------------------------------------------------", 
        "|                 Stopping Nginx Process                  |", 

        "-----------------------------------------------------------", 
        "", 
        " /usr/bin/killall -9 nginx ", 
        "", 
        "-----------------------------------------------------------", 

        "|                 Clearing Proxy Cache                    |", 
        "-----------------------------------------------------------", 
        "", 
        " /bin/rm -rf /tmp/nginx_cache ", 
        "", 

        "-----------------------------------------------------------", 
        "|                Restarting Nginx Process                 |", 
        "-----------------------------------------------------------", 
        "root        776  0.0  0.0 107432  2080 ?        Ss   Aug29   0:00 /sbin/dhclient -q -lf /var/lib/dhclient/dhclient--eth0.lease -pf /var/run/dhclient-eth0.pid -H xbet-nginx7.hk.az.monaco1.me eth0", 
        "root     124634  0.5  0.0 113180  1488 ?        S    09:27   0:00 /bin/bash /bak/bin/clear_nginxcache.sh", 

        "root     124641  1.0  4.3 529420 174644 ?       Ss   09:27   0:00 nginx: master process /usr/local/nginx/sbin/nginx", 
        "nobody   124642  0.0  4.4 534792 179720 ?       S    09:27   0:00 nginx: worker process", 
        "nobody   124644  0.0  4.4 534792 180244 ?       S    09:27   0:00 nginx: worker process", 
        "nobody   124645  0.0  4.4 534792 179988 ?       S    09:27   0:00 nginx: worker process", 
        "nobody   124646  0.0  4.4 534792 178552 ?       S    09:27   0:00 nginx: worker process", 

        "nobody   124647  0.0  4.3 531504 175144 ?       S    09:27   0:00 nginx: cache manager process", 
        "nobody   124648  0.0  4.3 531504 175144 ?       S    09:27   0:00 nginx: cache loader process", 
        "root     124650  0.0  0.0 112712   956 ?        S    09:27   0:00 grep nginx", 
        "              total        used        free      shared  buff/cache   available", 
        "Mem:           3934         387        1769         210        1777        2989", 

        "Swap:             0           0           0", 
        "-----------------------------------------------------------", 
        "|                     Reload SUCCESS!                     |", 
        "-----------------------------------------------------------"
    ]

}
ok: [119.81.239.94] => {
    "script_result.stdout_lines": [
        "-----------------------------------------------------------", 
        "|                 Checking Nginx Config                   |", 

        "-----------------------------------------------------------", 
        "", 
        " nginx -t ", 
        "", 
        "-----------------------------------------------------------", 

        "|                 Stopping Nginx Process                  |", 
        "-----------------------------------------------------------", 
        "", 
        " /usr/bin/killall -9 nginx ", 
        "", 

        "-----------------------------------------------------------", 
        "|                 Clearing Proxy Cache                    |", 
        "-----------------------------------------------------------", 
        "", 
        " /bin/rm -rf /tmp/nginx_cache ", 

        "", 
        "-----------------------------------------------------------", 
        "|                Restarting Nginx Process                 |", 
        "-----------------------------------------------------------", 
        "root     26411  1.1  0.0 113180  1508 ?        S    09:27   0:00 /bin/bash /bak/bin/clear_nginxcache.sh", 

        "root     26422  0.5  5.8 582612 227608 ?       Ss   09:27   0:00 nginx: master process /usr/local/nginx/sbin/nginx", 
        "nobody   26423  0.0  5.9 585900 231680 ?       S    09:27   0:00 nginx: worker process", 
        "nobody   26425  0.0  5.9 585900 231680 ?       S    09:27   0:00 nginx: worker process", 
        "nobody   26426  0.0  5.9 585900 231680 ?       S    09:27   0:00 nginx: worker process", 
        "nobody   26427  0.0  5.9 585900 231680 ?       S    09:27   0:00 nginx: worker process", 

        "nobody   26428  0.0  5.8 582612 228016 ?       S    09:27   0:00 nginx: cache manager process", 
        "nobody   26429  0.0  5.8 582612 228016 ?       S    09:27   0:00 nginx: cache loader process", 
        "root     26431  0.0  0.0 112708   964 ?        S    09:27   0:00 grep nginx", 
        "              total        used        free      shared  buff/cache   available", 
        "Mem:           3783         344        1329         194        2110        2932", 

        "Swap:          2047          19        2028", 
        "-----------------------------------------------------------", 
        "|                     Reload SUCCESS!                     |", 
        "-----------------------------------------------------------"
    ]

}

PLAY [127.0.0.1] ***************************************************************

TASK [sync_to_git : Synchronizing Nginx To GIT] ********************************

changed: [127.0.0.1]

TASK [sync_to_git : debug] *****************************************************
ok: [127.0.0.1] => {
    "msg": " [u'[master 0c8a9af] quincy', u' 1 file changed, 5 insertions(+), 5 deletions(-)', u'Branch master set up to track remote branch master from origin.']"

}

PLAY [xbet-nginx] **************************************************************

PLAY [127.0.0.1] ***************************************************************


PLAY RECAP *********************************************************************
119.81.239.94              : ok=9    changed=2    unreachable=0    failed=0    skipped=2    rescued=0    ignored=0   
119.9.105.164              : ok=11   changed=2    unreachable=0    failed=0    skipped=0    rescued=0    ignored=0   
119.9.108.8                : ok=11   changed=2    unreachable=0    failed=0    skipped=0    rescued=0    ignored=0   

127.0.0.1                  : ok=2    changed=1    unreachable=0    failed=0    skipped=0    rescued=0    ignored=0   
13.70.16.21                : ok=9    changed=2    unreachable=0    failed=0    skipped=2    rescued=0    ignored=0   
207.46.157.209             : ok=11   changed=2    unreachable=0    failed=0    skipped=0    rescued=0    ignored=0   


ESYNC_WORKER1_COMMAND_END
MAX RETRIES EXECUTED, COMMAND NOT RESPONDING