ESYNC_WORKER1_COMMAND_START
[WARNING]: Invalid characters were found in group names but not replaced, use
-vvvv to see details

PLAY [xbet-nginx] **************************************************************


TASK [Gathering Facts] *********************************************************
ok: [52.229.154.140]
ok: [47.52.232.131]
ok: [47.74.11.82]


TASK [nginx_sync : Change python interpreter] **********************************
skipping: [47.52.232.131]
skipping: [47.74.11.82]
skipping: [52.229.154.140]


TASK [nginx_sync : change python interpreter] **********************************
skipping: [47.52.232.131]
skipping: [47.74.11.82]
skipping: [52.229.154.140]


TASK [nginx_sync : Notify] *****************************************************
ok: [47.52.232.131] => {
    "msg": "Syncing xbet-nginx"
}
ok: [47.74.11.82] => {

    "msg": "Syncing xbet-nginx"
}
ok: [52.229.154.140] => {
    "msg": "Syncing xbet-nginx"
}


TASK [nginx_sync : include_vars] ***********************************************
ok: [47.52.232.131]
ok: [47.74.11.82]
ok: [52.229.154.140]


TASK [nginx_sync : Synchronizing Nginx] ****************************************
ok: [47.52.232.131] => (item=conf)
ok: [52.229.154.140] => (item=conf)
changed: [52.229.154.140] => (item=conf.d)

ok: [47.74.11.82] => (item=conf)
changed: [52.229.154.140] => (item=data)
changed: [52.229.154.140] => (item=html)
changed: [47.52.232.131] => (item=conf.d)
changed: [47.52.232.131] => (item=data)

changed: [47.52.232.131] => (item=html)
changed: [47.74.11.82] => (item=conf.d)
changed: [47.74.11.82] => (item=data)
changed: [47.74.11.82] => (item=html)


TASK [nginx_sync : Set HTML Dir to root] ***************************************
changed: [52.229.154.140]
changed: [47.52.232.131]
changed: [47.74.11.82]


TASK [all_servers : include_vars] **********************************************
ok: [47.52.232.131]
ok: [47.74.11.82]
ok: [52.229.154.140]


TASK [all_servers : Notify] ****************************************************
ok: [47.52.232.131] => {
    "msg": "Clearing Nginx Cache for xbet-nginx"
}
ok: [47.74.11.82] => {

    "msg": "Clearing Nginx Cache for xbet-nginx"
}
ok: [52.229.154.140] => {
    "msg": "Clearing Nginx Cache for xbet-nginx"
}


TASK [all_servers : Copying clear_nginxcache.sh to remote hosts] ***************
ok: [52.229.154.140]
ok: [47.52.232.131]
ok: [47.74.11.82]


TASK [all_servers : Nginx Clear Cache] *****************************************
changed: [47.52.232.131]
changed: [52.229.154.140]
changed: [47.74.11.82]


TASK [all_servers : debug] *****************************************************
ok: [47.52.232.131] => {
    "script_result.stdout_lines": [
        "-----------------------------------------------------------", 

        "|                 Checking Nginx Config                   |", 
        "-----------------------------------------------------------", 
        "", 
        " nginx -t ", 
        "", 

        "-----------------------------------------------------------", 
        "|                 Stopping Nginx Process                  |", 
        "-----------------------------------------------------------", 
        "", 
        " /usr/bin/killall -9 nginx ", 

        "", 
        "-----------------------------------------------------------", 
        "|                 Clearing Proxy Cache                    |", 
        "-----------------------------------------------------------", 
        "", 

        " /bin/rm -rf /tmp/nginx_cache ", 
        "", 
        "-----------------------------------------------------------", 
        "|                Restarting Nginx Process                 |", 
        "-----------------------------------------------------------", 

        "root       733  0.0  0.1 102896  2148 ?        Ss   Feb16   0:00 /sbin/dhclient -1 -q -lf /var/lib/dhclient/dhclient--eth0.lease -pf /var/run/dhclient-eth0.pid -H b8a-nginx2 eth0", 
        "root     18087  0.1  0.0 113188  1484 ?        S    15:29   0:00 /bin/bash /bak/bin/clear_nginxcache.sh", 
        "root     18094  0.0  4.6 574864 81756 ?        Ss   15:29   0:00 nginx: master process /usr/local/nginx/sbin/nginx", 
        "nobody   18096  0.0  4.8 721280 85292 ?        S    15:29   0:00 nginx: worker process", 
        "nobody   18097  0.0  4.8 721280 85296 ?        S    15:29   0:00 nginx: worker process", 

        "nobody   18098  0.0  4.8 721280 85296 ?        S    15:29   0:00 nginx: worker process", 
        "nobody   18099  0.0  4.8 721280 85296 ?        S    15:29   0:00 nginx: worker process", 
        "nobody   18100  0.0  4.6 719352 82408 ?        S    15:29   0:00 nginx: cache manager process", 
        "nobody   18101  0.0  4.6 719352 82180 ?        S    15:29   0:00 nginx: cache loader process", 
        "root     18103  0.0  0.0 112712   940 ?        S    15:29   0:00 grep nginx", 

        "              total        used        free      shared  buff/cache   available", 
        "Mem:           1734         312         355         143        1066        1095", 
        "Swap:             0           0           0", 
        "-----------------------------------------------------------", 
        "|                     Reload SUCCESS!                     |", 

        "-----------------------------------------------------------"
    ]
}
ok: [47.74.11.82] => {
    "script_result.stdout_lines": [

        "-----------------------------------------------------------", 
        "|                 Checking Nginx Config                   |", 
        "-----------------------------------------------------------", 
        "", 
        " nginx -t ", 

        "", 
        "-----------------------------------------------------------", 
        "|                 Stopping Nginx Process                  |", 
        "-----------------------------------------------------------", 
        "", 

        " /usr/bin/killall -9 nginx ", 
        "", 
        "-----------------------------------------------------------", 
        "|                 Clearing Proxy Cache                    |", 
        "-----------------------------------------------------------", 

        "", 
        " /bin/rm -rf /tmp/nginx_cache ", 
        "", 
        "-----------------------------------------------------------", 
        "|                Restarting Nginx Process                 |", 

        "-----------------------------------------------------------", 
        "root       791  0.0  0.0 102896  2116 ?        Ss   Jun05   0:00 /sbin/dhclient -1 -q -lf /var/lib/dhclient/dhclient--eth0.lease -pf /var/run/dhclient-eth0.pid -H xbet-nginx12 eth0", 
        "root     26760  0.3  0.0 113188  1480 ?        S    15:29   0:00 /bin/bash /bak/bin/clear_nginxcache.sh", 
        "root     26767  0.0  2.1 574868 81756 ?        Ss   15:29   0:00 nginx: master process /usr/local/nginx/sbin/nginx", 
        "nobody   26768  0.0  2.1 721284 85300 ?        S    15:29   0:00 nginx: worker process", 

        "nobody   26770  0.0  2.1 721284 85280 ?        S    15:29   0:00 nginx: worker process", 
        "nobody   26771  0.0  2.1 721284 85300 ?        S    15:29   0:00 nginx: worker process", 
        "nobody   26772  0.0  2.1 721284 85280 ?        S    15:29   0:00 nginx: worker process", 
        "nobody   26773  0.0  2.1 719356 82416 ?        S    15:29   0:00 nginx: cache manager process", 
        "nobody   26774  0.0  2.1 719356 82180 ?        S    15:29   0:00 nginx: cache loader process", 

        "root     26776  0.0  0.0 112716   936 ?        S    15:29   0:00 grep nginx", 
        "              total        used        free      shared  buff/cache   available", 
        "Mem:           3789         312         994         143        2481        3050", 
        "Swap:             0           0           0", 
        "-----------------------------------------------------------", 

        "|                     Reload SUCCESS!                     |", 
        "-----------------------------------------------------------"
    ]
}
ok: [52.229.154.140] => {

    "script_result.stdout_lines": [
        "-----------------------------------------------------------", 
        "|                 Checking Nginx Config                   |", 
        "-----------------------------------------------------------", 
        "", 

        " nginx -t ", 
        "", 
        "-----------------------------------------------------------", 
        "|                 Stopping Nginx Process                  |", 
        "-----------------------------------------------------------", 

        "", 
        " /usr/bin/killall -9 nginx ", 
        "", 
        "-----------------------------------------------------------", 
        "|                 Clearing Proxy Cache                    |", 

        "-----------------------------------------------------------", 
        "", 
        " /bin/rm -rf /tmp/nginx_cache ", 
        "", 
        "-----------------------------------------------------------", 

        "|                Restarting Nginx Process                 |", 
        "-----------------------------------------------------------", 
        "root      29823  0.3  0.0 113288  1488 ?        S    15:29   0:00 /bin/bash /bak/bin/clear_nginxcache.sh", 
        "root      29834  0.0  2.0 574872 81760 ?        Ss   15:29   0:00 nginx: master process /usr/local/nginx/sbin/nginx", 
        "nobody    29835  0.0  2.1 723372 85392 ?        S    15:29   0:00 nginx: worker process", 

        "nobody    29837  0.0  2.1 723372 85392 ?        S    15:29   0:00 nginx: worker process", 
        "nobody    29838  0.0  2.1 723372 85392 ?        S    15:29   0:00 nginx: worker process", 
        "nobody    29839  0.0  2.1 723372 85392 ?        S    15:29   0:00 nginx: worker process", 
        "nobody    29840  0.0  2.0 721444 82504 ?        S    15:29   0:00 nginx: cache manager process", 
        "nobody    29841  0.0  2.0 721444 82256 ?        S    15:29   0:00 nginx: cache loader process", 

        "root      29843  0.0  0.0 112812   948 ?        S    15:29   0:00 grep nginx", 
        "              total        used        free      shared  buff/cache   available", 
        "Mem:           3931         461         154         122        3314        3057", 
        "Swap:          2047         252        1795", 
        "-----------------------------------------------------------", 

        "|                     Reload SUCCESS!                     |", 
        "-----------------------------------------------------------"
    ]
}


PLAY [127.0.0.1] ***************************************************************

TASK [sync_to_git : Synchronizing Nginx To GIT] ********************************
changed: [127.0.0.1]


TASK [sync_to_git : debug] *****************************************************
ok: [127.0.0.1] => {
    "msg": " [u'[master 1826159] quincy', u' 1 file changed, 0 insertions(+), 0 deletions(-)', u'Branch master set up to track remote branch master from origin.']"
}


PLAY [xbet-nginx] **************************************************************

PLAY [127.0.0.1] ***************************************************************

PLAY RECAP *********************************************************************

127.0.0.1                  : ok=2    changed=1    unreachable=0    failed=0    skipped=0    rescued=0    ignored=0   
47.52.232.131              : ok=10   changed=3    unreachable=0    failed=0    skipped=2    rescued=0    ignored=0   
47.74.11.82                : ok=10   changed=3    unreachable=0    failed=0    skipped=2    rescued=0    ignored=0   
52.229.154.140             : ok=10   changed=3    unreachable=0    failed=0    skipped=2    rescued=0    ignored=0   



ESYNC_WORKER1_COMMAND_END
MAX RETRIES EXECUTED, COMMAND NOT RESPONDING