ESYNC_WORKER1_COMMAND_END
MAX RETRIES EXECUTED, COMMAND NOT RESPONDINGESYNC_WORKER1_COMMAND_START
 [WARNING]: Invalid characters were found in group names but not replaced, use
-vvvv to see details

PLAY [xbet-nginx] **************************************************************


TASK [nginx_sync : Notify] *****************************************************
ok: [207.46.157.209] => {
    "msg": "Syncing xbet-nginx"
}
ok: [119.9.108.8] => {

    "msg": "Syncing xbet-nginx"
}
ok: [161.202.34.78] => {
    "msg": "Syncing xbet-nginx"
}

ok: [52.229.204.245] => {
    "msg": "Syncing xbet-nginx"
}
ok: [47.75.47.9] => {
    "msg": "Syncing xbet-nginx"

}

TASK [nginx_sync : include_vars] ***********************************************
ok: [207.46.157.209]
ok: [119.9.108.8]

ok: [161.202.34.78]
ok: [52.229.204.245]
ok: [47.75.47.9]

TASK [nginx_sync : Synchronizing Nginx] ****************************************

changed: [52.229.204.245] => (item=conf)
changed: [207.46.157.209] => (item=conf)
changed: [119.9.108.8] => (item=conf)
changed: [47.75.47.9] => (item=conf)
changed: [161.202.34.78] => (item=conf)

changed: [47.75.47.9] => (item=conf.d)
ok: [47.75.47.9] => (item=data)
changed: [161.202.34.78] => (item=conf.d)
changed: [119.9.108.8] => (item=conf.d)
changed: [52.229.204.245] => (item=conf.d)

ok: [161.202.34.78] => (item=data)
ok: [119.9.108.8] => (item=data)
ok: [52.229.204.245] => (item=data)
changed: [207.46.157.209] => (item=conf.d)
ok: [207.46.157.209] => (item=data)

changed: [47.75.47.9] => (item=html)
changed: [161.202.34.78] => (item=html)
changed: [207.46.157.209] => (item=html)
changed: [52.229.204.245] => (item=html)
changed: [119.9.108.8] => (item=html)


TASK [all_servers : include_vars] **********************************************
ok: [207.46.157.209]
ok: [119.9.108.8]
ok: [161.202.34.78]

ok: [52.229.204.245]
ok: [47.75.47.9]

TASK [all_servers : Notify] ****************************************************
ok: [207.46.157.209] => {

    "msg": "Clearing Nginx Cache for xbet-nginx"
}
ok: [119.9.108.8] => {
    "msg": "Clearing Nginx Cache for xbet-nginx"
}

ok: [161.202.34.78] => {
    "msg": "Clearing Nginx Cache for xbet-nginx"
}
ok: [52.229.204.245] => {
    "msg": "Clearing Nginx Cache for xbet-nginx"

}
ok: [47.75.47.9] => {
    "msg": "Clearing Nginx Cache for xbet-nginx"
}


TASK [all_servers : Copying clear_nginxcache.sh to remote hosts] ***************
ok: [47.75.47.9]
ok: [119.9.108.8]
ok: [207.46.157.209]
ok: [52.229.204.245]

ok: [161.202.34.78]

TASK [all_servers : Nginx Clear Cache] *****************************************
changed: [47.75.47.9]
changed: [119.9.108.8]

changed: [207.46.157.209]
changed: [161.202.34.78]
changed: [52.229.204.245]

TASK [all_servers : debug] *****************************************************

ok: [207.46.157.209] => {
    "script_result.stdout_lines": [
        "-----------------------------------------------------------", 
        "|                 Checking Nginx Config                   |", 
        "-----------------------------------------------------------", 

        "", 
        " nginx -t ", 
        "", 
        "-----------------------------------------------------------", 
        "|                 Stopping Nginx Process                  |", 

        "-----------------------------------------------------------", 
        "", 
        " /usr/bin/killall -9 nginx ", 
        "", 
        "-----------------------------------------------------------", 

        "|                 Clearing Proxy Cache                    |", 
        "-----------------------------------------------------------", 
        "", 
        " /bin/rm -rf /tmp/nginx_cache ", 
        "", 

        "-----------------------------------------------------------", 
        "|                Restarting Nginx Process                 |", 
        "-----------------------------------------------------------", 
        "root      41271  0.0  0.0 106120  1284 ?        S    09:15   0:00 /bin/bash /bak/bin/clear_nginxcache.sh", 
        "root      41283  2.0  3.1 615648 228248 ?       Ss   09:15   0:00 nginx: master process /usr/local/nginx/sbin/nginx", 

        "nobody    41284  1.5  3.4 617576 249196 ?       S    09:15   0:00 nginx: worker process      ", 
        "nobody    41285  1.5  3.4 617576 249068 ?       S    09:15   0:00 nginx: worker process      ", 
        "nobody    41287  2.0  3.4 617576 249080 ?       S    09:15   0:00 nginx: worker process      ", 
        "nobody    41288  2.0  3.5 617576 250232 ?       S    09:15   0:00 nginx: worker process      ", 
        "nobody    41289  1.5  3.4 615648 246024 ?       S    09:15   0:00 nginx: cache manager process", 

        "nobody    41290  1.5  3.4 615648 246004 ?       S    09:15   0:00 nginx: cache loader process", 
        "root      41292  0.0  0.0 103328   856 ?        S    09:15   0:00 grep nginx", 
        "root      80733  0.0  0.0   9120   648 ?        Ss    2018   0:00 /sbin/dhclient -H xbet-nginx1.hk.az.monaco1.me -1 -q -lf /var/lib/dhclient/dhclient-eth0.leases -pf /var/run/dhclient-eth0.pid eth0", 
        "             total       used       free     shared    buffers     cached", 
        "Mem:          6976       5917       1058         19        374        977", 

        "-/+ buffers/cache:       4565       2410", 
        "Swap:            0          0          0", 
        "-----------------------------------------------------------", 
        "|                     Reload SUCCESS!                     |", 
        "-----------------------------------------------------------"

    ]
}
ok: [119.9.108.8] => {
    "script_result.stdout_lines": [
        "-----------------------------------------------------------", 

        "|                 Checking Nginx Config                   |", 
        "-----------------------------------------------------------", 
        "", 
        " nginx -t ", 
        "", 

        "-----------------------------------------------------------", 
        "|                 Stopping Nginx Process                  |", 
        "-----------------------------------------------------------", 
        "", 
        " /usr/bin/killall -9 nginx ", 

        "", 
        "-----------------------------------------------------------", 
        "|                 Clearing Proxy Cache                    |", 
        "-----------------------------------------------------------", 
        "", 

        " /bin/rm -rf /tmp/nginx_cache ", 
        "", 
        "-----------------------------------------------------------", 
        "|                Restarting Nginx Process                 |", 
        "-----------------------------------------------------------", 

        "root     26873  0.0  0.0 106084  1424 ?        S    09:15   0:00 /bin/bash /bak/bin/clear_nginxcache.sh", 
        "root     26883  0.6  5.6 615648 228308 ?       Ss   09:15   0:00 nginx: master process /usr/local/nginx/sbin/nginx", 
        "nobody   26885  1.3  6.0 617576 246336 ?       S    09:15   0:00 nginx: worker process      ", 
        "nobody   26886  1.0  6.0 617576 246240 ?       S    09:15   0:00 nginx: worker process      ", 
        "nobody   26887  0.3  6.0 617576 246084 ?       S    09:15   0:00 nginx: worker process      ", 

        "nobody   26888  0.6  6.0 617576 246056 ?       S    09:15   0:00 nginx: worker process      ", 
        "nobody   26889  0.6  5.9 615648 241992 ?       S    09:15   0:00 nginx: cache manager process", 
        "nobody   26890  0.3  5.9 615648 241972 ?       S    09:15   0:00 nginx: cache loader process", 
        "root     26895  0.0  0.0 103324   884 ?        S    09:15   0:00 grep nginx", 
        "             total       used       free     shared    buffers     cached", 

        "Mem:          3954       2276       1677         15        468        628", 
        "-/+ buffers/cache:       1179       2774", 
        "Swap:            0          0          0", 
        "-----------------------------------------------------------", 
        "|                     Reload SUCCESS!                     |", 

        "-----------------------------------------------------------"
    ]
}
ok: [161.202.34.78] => {
    "script_result.stdout_lines": [

        "-----------------------------------------------------------", 
        "|                 Checking Nginx Config                   |", 
        "-----------------------------------------------------------", 
        "", 
        " nginx -t ", 

        "", 
        "-----------------------------------------------------------", 
        "|                 Stopping Nginx Process                  |", 
        "-----------------------------------------------------------", 
        "", 

        " /usr/bin/killall -9 nginx ", 
        "", 
        "-----------------------------------------------------------", 
        "|                 Clearing Proxy Cache                    |", 
        "-----------------------------------------------------------", 

        "", 
        " /bin/rm -rf /tmp/nginx_cache ", 
        "", 
        "-----------------------------------------------------------", 
        "|                Restarting Nginx Process                 |", 

        "-----------------------------------------------------------", 
        "root      2044  1.9  0.0 106120  1284 ?        S    09:15   0:00 /bin/bash /bak/bin/clear_nginxcache.sh", 
        "root      2056 38.6  5.5 615648 228256 ?       Ss   09:15   0:01 nginx: master process /usr/local/nginx/sbin/nginx", 
        "nobody    2058  2.3  5.8 617576 240540 ?       S    09:15   0:00 nginx: worker process      ", 
        "nobody    2059  3.0  5.8 617576 240476 ?       S    09:15   0:00 nginx: worker process      ", 

        "nobody    2060  3.5  5.8 617576 240488 ?       S    09:15   0:00 nginx: worker process      ", 
        "nobody    2061  3.5  5.8 617576 241660 ?       S    09:15   0:00 nginx: worker process      ", 
        "nobody    2062  2.5  5.7 615648 237432 ?       S    09:15   0:00 nginx: cache manager process", 
        "nobody    2063  2.0  5.7 615648 237332 ?       S    09:15   0:00 nginx: cache loader process", 
        "root      2065  0.0  0.0 103328   840 ?        S    09:15   0:00 grep nginx", 

        "             total       used       free     shared    buffers     cached", 
        "Mem:          4009       3036        973         10        291        720", 
        "-/+ buffers/cache:       2025       1984", 
        "Swap:         2047          0       2047", 
        "-----------------------------------------------------------", 

        "|                     Reload SUCCESS!                     |", 
        "-----------------------------------------------------------"
    ]
}
ok: [52.229.204.245] => {

    "script_result.stdout_lines": [
        "-----------------------------------------------------------", 
        "|                 Checking Nginx Config                   |", 
        "-----------------------------------------------------------", 
        "", 

        " nginx -t ", 
        "", 
        "-----------------------------------------------------------", 
        "|                 Stopping Nginx Process                  |", 
        "-----------------------------------------------------------", 

        "", 
        " /usr/bin/killall -9 nginx ", 
        "", 
        "-----------------------------------------------------------", 
        "|                 Clearing Proxy Cache                    |", 

        "-----------------------------------------------------------", 
        "", 
        " /bin/rm -rf /tmp/nginx_cache ", 
        "", 
        "-----------------------------------------------------------", 

        "|                Restarting Nginx Process                 |", 
        "-----------------------------------------------------------", 
        "root      49270  0.0  0.0 106112  1284 ?        S    09:15   0:00 /bin/bash /bak/bin/clear_nginxcache.sh", 
        "root      49276  1.5  2.8 617532 229396 ?       Ss   09:15   0:00 nginx: master process /usr/local/nginx/sbin/nginx", 
        "nobody    49277  0.5  2.9 619460 238168 ?       S    09:15   0:00 nginx: worker process      ", 

        "nobody    49278  0.5  2.9 619460 239396 ?       S    09:15   0:00 nginx: worker process      ", 
        "nobody    49280  0.5  2.9 619460 239400 ?       S    09:15   0:00 nginx: worker process      ", 
        "nobody    49281  0.0  2.9 619460 238116 ?       S    09:15   0:00 nginx: worker process      ", 
        "nobody    49282  0.0  2.8 617532 235072 ?       S    09:15   0:00 nginx: cache manager process", 
        "nobody    49283  0.0  2.8 617532 235044 ?       S    09:15   0:00 nginx: cache loader process", 

        "root      49285  0.0  0.0 103264   832 ?        S    09:15   0:00 grep nginx", 
        "root      67994  0.0  0.0   9120   644 ?        Ss    2018   0:00 /sbin/dhclient -H xbet-nginx4.hk.az.monaco1.me -1 -q -cf /etc/dhcp/dhclient-eth0.conf -lf /var/lib/dhclient/dhclient-eth0.leases -pf /var/run/dhclient-eth0.pid eth0", 
        "             total       used       free     shared    buffers     cached", 
        "Mem:          7984       7201        782          0        340        636", 
        "-/+ buffers/cache:       6224       1759", 

        "Swap:            0          0          0", 
        "-----------------------------------------------------------", 
        "|                     Reload SUCCESS!                     |", 
        "-----------------------------------------------------------"
    ]

}
ok: [47.75.47.9] => {
    "script_result.stdout_lines": [
        "-----------------------------------------------------------", 
        "|                 Checking Nginx Config                   |", 

        "-----------------------------------------------------------", 
        "", 
        " nginx -t ", 
        "", 
        "-----------------------------------------------------------", 

        "|                 Stopping Nginx Process                  |", 
        "-----------------------------------------------------------", 
        "", 
        " /usr/bin/killall -9 nginx ", 
        "", 

        "-----------------------------------------------------------", 
        "|                 Clearing Proxy Cache                    |", 
        "-----------------------------------------------------------", 
        "", 
        " /bin/rm -rf /tmp/nginx_cache ", 

        "", 
        "-----------------------------------------------------------", 
        "|                Restarting Nginx Process                 |", 
        "-----------------------------------------------------------", 
        "root     15355  0.0  0.0 106080  1428 ?        S    09:15   0:00 /bin/bash /bak/bin/clear_nginxcache.sh", 

        "root     15361  0.6  5.6 619012 229340 ?       Ss   09:15   0:00 nginx: master process /usr/local/nginx/sbin/nginx", 
        "nobody   15363  0.6  6.0 620940 243868 ?       S    09:15   0:00 nginx: worker process      ", 
        "nobody   15364  0.3  6.0 620940 243792 ?       S    09:15   0:00 nginx: worker process      ", 
        "nobody   15365  0.0  5.9 620940 242516 ?       S    09:15   0:00 nginx: worker process      ", 
        "nobody   15366  0.0  6.0 620940 243796 ?       S    09:15   0:00 nginx: worker process      ", 

        "nobody   15367  0.0  5.9 619012 239468 ?       S    09:15   0:00 nginx: cache manager process", 
        "nobody   15368  0.0  5.9 619012 239428 ?       S    09:15   0:00 nginx: cache loader process", 
        "root     15374  0.0  0.0 103320   888 ?        S    09:15   0:00 grep nginx", 
        "             total       used       free     shared    buffers     cached", 
        "Mem:          3961       2929       1031         11        170       1896", 

        "-/+ buffers/cache:        862       3098", 
        "Swap:            0          0          0", 
        "-----------------------------------------------------------", 
        "|                     Reload SUCCESS!                     |", 
        "-----------------------------------------------------------"

    ]
}

PLAY [127.0.0.1] ***************************************************************


TASK [sync_to_git : Synchronizing Nginx To GIT] ********************************
changed: [127.0.0.1]

TASK [sync_to_git : debug] *****************************************************
ok: [127.0.0.1] => {

    "msg": " [u'[master 26f5e36] quincy', u' 28 files changed, 686 insertions(+)', u' create mode 100644 nginx/conf.d/443/neweb.me.conf', u' create mode 100644 nginx/conf.d/include/xbet_weihu.include', u' create mode 120000 nginx/conf.d/ssl/neweb.me', u' create mode 100755 nginx/html/byl_weihu/.idea/encodings.xml', u' create mode 100755 nginx/html/byl_weihu/.idea/misc.xml', u' create mode 100755 nginx/html/byl_weihu/.idea/modules.xml', u' create mode 100755 nginx/html/byl_weihu/.idea/valentine_day.iml', u' create mode 100755 nginx/html/byl_weihu/.idea/workspace.xml', u' create mode 100755 nginx/html/byl_weihu/h5/css/index.css', u' create mode 100755 nginx/html/byl_weihu/h5/css/reset.css', u' create mode 100755 nginx/html/byl_weihu/h5/images/bg.jpg', u' create mode 100755 nginx/html/byl_weihu/h5/images/btn.png', u' create mode 100755 nginx/html/byl_weihu/h5/images/favicon.ico', u' create mode 100755 nginx/html/byl_weihu/h5/images/logo.png', u' create mode 100755 nginx/html/byl_weihu/h5/images/title1.png', u' create mode 100755 nginx/html/byl_weihu/h5/images/title2.png', u' create mode 100755 nginx/html/byl_weihu/h5/index.html', u' create mode 100755 nginx/html/byl_weihu/h5/jquery.min.js', u' create mode 100755 nginx/html/byl_weihu/h5/js/rem.js', u' create mode 100755 nginx/html/byl_weihu/pc/css/index.css', u' create mode 100755 nginx/html/byl_weihu/pc/images/bg.jpg', u' create mode 100755 nginx/html/byl_weihu/pc/images/btn.png', u' create mode 100755 nginx/html/byl_weihu/pc/images/favicon.ico', u' create mode 100755 nginx/html/byl_weihu/pc/images/logo.png', u' create mode 100755 nginx/html/byl_weihu/pc/images/title1.png', u' create mode 100755 nginx/html/byl_weihu/pc/images/title2.png', u' create mode 100755 nginx/html/byl_weihu/pc/index.html', u' create mode 100755 nginx/html/byl_weihu/pc/jquery.min.js', u'Branch master set up to track remote branch master from origin.']"
}

PLAY [xbet-nginx] **************************************************************


PLAY [127.0.0.1] ***************************************************************

PLAY RECAP *********************************************************************
119.9.108.8                : ok=8    changed=2    unreachable=0    failed=0    skipped=0    rescued=0    ignored=0   
127.0.0.1                  : ok=2    changed=1    unreachable=0    failed=0    skipped=0    rescued=0    ignored=0   

161.202.34.78              : ok=8    changed=2    unreachable=0    failed=0    skipped=0    rescued=0    ignored=0   
207.46.157.209             : ok=8    changed=2    unreachable=0    failed=0    skipped=0    rescued=0    ignored=0   
47.75.47.9                 : ok=8    changed=2    unreachable=0    failed=0    skipped=0    rescued=0    ignored=0   
52.229.204.245             : ok=8    changed=2    unreachable=0    failed=0    skipped=0    rescued=0    ignored=0   



