ESYNC_WORKER1_COMMAND_START

PLAY [xbet-nginx] **************************************************************

TASK [nginx_sync : Notify] *****************************************************
ok: [207.46.157.209] => {

    "msg": "Syncing xbet-nginx"
}
ok: [119.9.108.8] => {
    "msg": "Syncing xbet-nginx"
}

ok: [161.202.34.78] => {
    "msg": "Syncing xbet-nginx"
}
ok: [52.229.204.245] => {
    "msg": "Syncing xbet-nginx"

}
ok: [47.75.47.9] => {
    "msg": "Syncing xbet-nginx"
}


TASK [nginx_sync : include_vars] ***********************************************
ok: [207.46.157.209]
ok: [119.9.108.8]
ok: [161.202.34.78]
ok: [52.229.204.245]

ok: [47.75.47.9]

TASK [nginx_sync : Synchronizing Nginx] ****************************************
ok: [52.229.204.245] => (item=conf)
ok: [119.9.108.8] => (item=conf)

ok: [207.46.157.209] => (item=conf)
ok: [47.75.47.9] => (item=conf)
ok: [161.202.34.78] => (item=conf)
changed: [47.75.47.9] => (item=conf.d)
changed: [161.202.34.78] => (item=conf.d)

changed: [119.9.108.8] => (item=conf.d)
ok: [47.75.47.9] => (item=data)
changed: [207.46.157.209] => (item=conf.d)
changed: [52.229.204.245] => (item=conf.d)
ok: [119.9.108.8] => (item=data)

ok: [207.46.157.209] => (item=data)
ok: [47.75.47.9] => (item=html)
ok: [161.202.34.78] => (item=data)
ok: [52.229.204.245] => (item=data)
ok: [119.9.108.8] => (item=html)

ok: [207.46.157.209] => (item=html)
ok: [52.229.204.245] => (item=html)
ok: [161.202.34.78] => (item=html)

TASK [all_servers : include_vars] **********************************************

ok: [207.46.157.209]
ok: [119.9.108.8]
ok: [161.202.34.78]
ok: [52.229.204.245]
ok: [47.75.47.9]


TASK [all_servers : Notify] ****************************************************
ok: [207.46.157.209] => {
    "msg": "Clearing Nginx Cache for xbet-nginx"
}

ok: [119.9.108.8] => {
    "msg": "Clearing Nginx Cache for xbet-nginx"
}
ok: [161.202.34.78] => {
    "msg": "Clearing Nginx Cache for xbet-nginx"

}
ok: [52.229.204.245] => {
    "msg": "Clearing Nginx Cache for xbet-nginx"
}
ok: [47.75.47.9] => {

    "msg": "Clearing Nginx Cache for xbet-nginx"
}

TASK [all_servers : Copying clear_nginxcache.sh to remote hosts] ***************
ok: [119.9.108.8]

ok: [47.75.47.9]
ok: [207.46.157.209]
ok: [52.229.204.245]
ok: [161.202.34.78]


TASK [all_servers : Nginx Clear Cache] *****************************************
changed: [119.9.108.8]
changed: [47.75.47.9]
changed: [207.46.157.209]
changed: [52.229.204.245]

changed: [161.202.34.78]

TASK [all_servers : debug] *****************************************************
ok: [207.46.157.209] => {
    "script_result.stdout_lines": [

        "-----------------------------------------------------------", 
        "|                 Checking Nginx Config                   |", 
        "-----------------------------------------------------------", 
        "", 
        " nginx -t ", 

        "", 
        "-----------------------------------------------------------", 
        "|                 Stopping Nginx Process                  |", 
        "-----------------------------------------------------------", 
        "", 

        " /usr/bin/killall -9 nginx ", 
        "", 
        "-----------------------------------------------------------", 
        "|                 Clearing Proxy Cache                    |", 
        "-----------------------------------------------------------", 

        "", 
        " /bin/rm -rf /tmp/nginx_cache ", 
        "", 
        "-----------------------------------------------------------", 
        "|                Restarting Nginx Process                 |", 

        "-----------------------------------------------------------", 
        "root      52181  0.0  0.0 106120  1280 ?        S    16:49   0:00 /bin/bash /bak/bin/clear_nginxcache.sh", 
        "root      52203  2.0  3.1 614000 226620 ?       Ss   16:50   0:00 nginx: master process /usr/local/nginx/sbin/nginx", 
        "nobody    52204  2.0  3.4 615928 246508 ?       S    16:50   0:00 nginx: worker process      ", 
        "nobody    52206  2.5  3.4 615928 247636 ?       S    16:50   0:00 nginx: worker process      ", 

        "nobody    52207  2.0  3.4 615928 247204 ?       S    16:50   0:00 nginx: worker process      ", 
        "nobody    52208  2.5  3.4 615928 247596 ?       S    16:50   0:00 nginx: worker process      ", 
        "nobody    52209  1.0  3.4 614000 243384 ?       S    16:50   0:00 nginx: cache manager process", 
        "nobody    52210  0.5  3.4 614000 243364 ?       S    16:50   0:00 nginx: cache loader process", 
        "root      52213  0.0  0.0 103332   856 ?        S    16:50   0:00 grep nginx", 

        "root      80733  0.0  0.0   9120   648 ?        Ss    2018   0:00 /sbin/dhclient -H xbet-nginx1.hk.az.monaco1.me -1 -q -lf /var/lib/dhclient/dhclient-eth0.leases -pf /var/run/dhclient-eth0.pid eth0", 
        "             total       used       free     shared    buffers     cached", 
        "Mem:          6976       6136        839         18        399        790", 
        "-/+ buffers/cache:       4946       2029", 
        "Swap:            0          0          0", 

        "-----------------------------------------------------------", 
        "|                     Reload SUCCESS!                     |", 
        "-----------------------------------------------------------"
    ]
}

ok: [119.9.108.8] => {
    "script_result.stdout_lines": [
        "-----------------------------------------------------------", 
        "|                 Checking Nginx Config                   |", 
        "-----------------------------------------------------------", 

        "", 
        " nginx -t ", 
        "", 
        "-----------------------------------------------------------", 
        "|                 Stopping Nginx Process                  |", 

        "-----------------------------------------------------------", 
        "", 
        " /usr/bin/killall -9 nginx ", 
        "", 
        "-----------------------------------------------------------", 

        "|                 Clearing Proxy Cache                    |", 
        "-----------------------------------------------------------", 
        "", 
        " /bin/rm -rf /tmp/nginx_cache ", 
        "", 

        "-----------------------------------------------------------", 
        "|                Restarting Nginx Process                 |", 
        "-----------------------------------------------------------", 
        "root     13138  0.0  0.0 106084  1424 ?        S    16:49   0:00 /bin/bash /bak/bin/clear_nginxcache.sh", 
        "root     13158  0.6  5.5 614000 226672 ?       Ss   16:50   0:00 nginx: master process /usr/local/nginx/sbin/nginx", 

        "nobody   13159  0.6  6.0 615928 243500 ?       S    16:50   0:00 nginx: worker process      ", 
        "nobody   13161  0.3  5.9 615928 242280 ?       S    16:50   0:00 nginx: worker process      ", 
        "nobody   13162  0.3  5.9 615928 242256 ?       S    16:50   0:00 nginx: worker process      ", 
        "nobody   13163  0.6  5.9 615928 242244 ?       S    16:50   0:00 nginx: worker process      ", 
        "nobody   13164  0.3  5.9 614000 239216 ?       S    16:50   0:00 nginx: cache manager process", 

        "nobody   13165  0.3  5.9 614000 239196 ?       S    16:50   0:00 nginx: cache loader process", 
        "root     13178  0.0  0.0 103324   884 ?        S    16:50   0:00 grep nginx", 
        "             total       used       free     shared    buffers     cached", 
        "Mem:          3954       2895       1058         14        524        495", 
        "-/+ buffers/cache:       1875       2078", 

        "Swap:            0          0          0", 
        "-----------------------------------------------------------", 
        "|                     Reload SUCCESS!                     |", 
        "-----------------------------------------------------------"
    ]

}
ok: [161.202.34.78] => {
    "script_result.stdout_lines": [
        "-----------------------------------------------------------", 
        "|                 Checking Nginx Config                   |", 

        "-----------------------------------------------------------", 
        "", 
        " nginx -t ", 
        "", 
        "-----------------------------------------------------------", 

        "|                 Stopping Nginx Process                  |", 
        "-----------------------------------------------------------", 
        "", 
        " /usr/bin/killall -9 nginx ", 
        "", 

        "-----------------------------------------------------------", 
        "|                 Clearing Proxy Cache                    |", 
        "-----------------------------------------------------------", 
        "", 
        " /bin/rm -rf /tmp/nginx_cache ", 

        "", 
        "-----------------------------------------------------------", 
        "|                Restarting Nginx Process                 |", 
        "-----------------------------------------------------------", 
        "root     15135  2.1  0.0 106120  1284 ?        S    16:49   0:00 /bin/bash /bak/bin/clear_nginxcache.sh", 

        "root     15158 45.3  5.5 614000 226612 ?       Ss   16:50   0:01 nginx: master process /usr/local/nginx/sbin/nginx", 
        "nobody   15160  3.6  5.8 615928 239968 ?       S    16:50   0:00 nginx: worker process      ", 
        "nobody   15161  2.6  5.8 615928 238720 ?       S    16:50   0:00 nginx: worker process      ", 
        "nobody   15162  2.3  5.8 615928 238732 ?       S    16:50   0:00 nginx: worker process      ", 
        "nobody   15164  4.0  5.8 615928 238720 ?       S    16:50   0:00 nginx: worker process      ", 

        "nobody   15168  3.0  5.7 614000 235692 ?       S    16:50   0:00 nginx: cache manager process", 
        "nobody   15169  3.0  5.7 614000 235592 ?       S    16:50   0:00 nginx: cache loader process", 
        "root     15171  0.0  0.0 103332   848 ?        S    16:50   0:00 grep nginx", 
        "             total       used       free     shared    buffers     cached", 
        "Mem:          4009       3451        558         10        381        360", 

        "-/+ buffers/cache:       2709       1300", 
        "Swap:         2047          0       2047", 
        "-----------------------------------------------------------", 
        "|                     Reload SUCCESS!                     |", 
        "-----------------------------------------------------------"

    ]
}
ok: [52.229.204.245] => {
    "script_result.stdout_lines": [
        "-----------------------------------------------------------", 

        "|                 Checking Nginx Config                   |", 
        "-----------------------------------------------------------", 
        "", 
        " nginx -t ", 
        "", 

        "-----------------------------------------------------------", 
        "|                 Stopping Nginx Process                  |", 
        "-----------------------------------------------------------", 
        "", 
        " /usr/bin/killall -9 nginx ", 

        "", 
        "-----------------------------------------------------------", 
        "|                 Clearing Proxy Cache                    |", 
        "-----------------------------------------------------------", 
        "", 

        " /bin/rm -rf /tmp/nginx_cache ", 
        "", 
        "-----------------------------------------------------------", 
        "|                Restarting Nginx Process                 |", 
        "-----------------------------------------------------------", 

        "root      25840  0.0  0.0 106112  1280 ?        S    16:49   0:00 /bin/bash /bak/bin/clear_nginxcache.sh", 
        "root      25852  2.0  2.7 615884 227752 ?       Ss   16:50   0:00 nginx: master process /usr/local/nginx/sbin/nginx", 
        "nobody    25853  1.5  2.8 617812 236396 ?       S    16:50   0:00 nginx: worker process      ", 
        "nobody    25855  0.5  2.8 617812 236356 ?       S    16:50   0:00 nginx: worker process      ", 
        "nobody    25856  0.0  2.8 617812 231300 ?       S    16:50   0:00 nginx: worker process      ", 

        "nobody    25857  0.0  2.8 617812 236356 ?       S    16:50   0:00 nginx: worker process      ", 
        "nobody    25858  0.0  2.8 615884 233312 ?       S    16:50   0:00 nginx: cache manager process", 
        "nobody    25859  0.0  2.8 615884 233264 ?       S    16:50   0:00 nginx: cache loader process", 
        "root      25863  0.0  0.0 103264   832 ?        S    16:50   0:00 grep nginx", 
        "root      67994  0.0  0.0   9120   644 ?        Ss    2018   0:00 /sbin/dhclient -H xbet-nginx4.hk.az.monaco1.me -1 -q -cf /etc/dhcp/dhclient-eth0.conf -lf /var/lib/dhclient/dhclient-eth0.leases -pf /var/run/dhclient-eth0.pid eth0", 

        "             total       used       free     shared    buffers     cached", 
        "Mem:          7984       7252        732          0        351        490", 
        "-/+ buffers/cache:       6409       1574", 
        "Swap:            0          0          0", 
        "-----------------------------------------------------------", 

        "|                     Reload SUCCESS!                     |", 
        "-----------------------------------------------------------"
    ]
}
ok: [47.75.47.9] => {

    "script_result.stdout_lines": [
        "-----------------------------------------------------------", 
        "|                 Checking Nginx Config                   |", 
        "-----------------------------------------------------------", 
        "", 

        " nginx -t ", 
        "", 
        "-----------------------------------------------------------", 
        "|                 Stopping Nginx Process                  |", 
        "-----------------------------------------------------------", 

        "", 
        " /usr/bin/killall -9 nginx ", 
        "", 
        "-----------------------------------------------------------", 
        "|                 Clearing Proxy Cache                    |", 

        "-----------------------------------------------------------", 
        "", 
        " /bin/rm -rf /tmp/nginx_cache ", 
        "", 
        "-----------------------------------------------------------", 

        "|                Restarting Nginx Process                 |", 
        "-----------------------------------------------------------", 
        "root     13370  0.0  0.0 106080  1428 ?        S    16:49   0:00 /bin/bash /bak/bin/clear_nginxcache.sh", 
        "root     13398  0.6  5.6 617364 227680 ?       Ss   16:50   0:00 nginx: master process /usr/local/nginx/sbin/nginx", 
        "nobody   13400  0.3  5.9 619292 241900 ?       S    16:50   0:00 nginx: worker process      ", 

        "nobody   13401  0.0  5.9 619292 241804 ?       S    16:50   0:00 nginx: worker process      ", 
        "nobody   13402  0.3  5.9 619292 241832 ?       S    16:50   0:00 nginx: worker process      ", 
        "nobody   13403  0.0  5.9 619292 241828 ?       S    16:50   0:00 nginx: worker process      ", 
        "nobody   13404  0.0  5.8 617364 237508 ?       S    16:50   0:00 nginx: cache manager process", 
        "nobody   13405  0.0  5.8 617364 237488 ?       S    16:50   0:00 nginx: cache loader process", 

        "root     13475  0.0  0.0 103320   884 ?        S    16:50   0:00 grep nginx", 
        "             total       used       free     shared    buffers     cached", 
        "Mem:          3961       2354       1606         11        164        513", 
        "-/+ buffers/cache:       1676       2285", 
        "Swap:            0          0          0", 

        "-----------------------------------------------------------", 
        "|                     Reload SUCCESS!                     |", 
        "-----------------------------------------------------------"
    ]
}


PLAY [127.0.0.1] ***************************************************************

TASK [sync_to_git : Synchronizing Nginx To GIT] ********************************
changed: [127.0.0.1]


TASK [sync_to_git : debug] *****************************************************
ok: [127.0.0.1] => {
    "script_result.stdout_lines": [
        "[master 3da07a7] quincy", 

        " 1 file changed, 9 insertions(+), 1 deletion(-)", 
        "Branch master set up to track remote branch master from origin."
    ]
}


PLAY [xbet-nginx] **************************************************************

PLAY [127.0.0.1] ***************************************************************

PLAY RECAP *********************************************************************

119.9.108.8                : ok=8    changed=2    unreachable=0    failed=0   
127.0.0.1                  : ok=2    changed=1    unreachable=0    failed=0   
161.202.34.78              : ok=8    changed=2    unreachable=0    failed=0   
207.46.157.209             : ok=8    changed=2    unreachable=0    failed=0   
47.75.47.9                 : ok=8    changed=2    unreachable=0    failed=0   

52.229.204.245             : ok=8    changed=2    unreachable=0    failed=0   


ESYNC_WORKER1_COMMAND_END
MAX RETRIES EXECUTED, COMMAND NOT RESPONDING