FILENAME: 80-443/xbet5.com.conf
-  
+  server {
+      listen 80;
+      server_name xbet5.com www.xbet5.com;
+      rewrite ^(.*)$ https://www.xbet5.com$1 permanent;
+  }
+  
+  server {
+      listen 443;
+      server_name xbet5.com www.xbet5.com;
+      ssl on;
+      ssl_certificate /usr/local/nginx/conf.d/ssl/xbet5.com/fullchain.pem;
+      ssl_certificate_key /usr/local/nginx/conf.d/ssl/xbet5.com/privkey.pem;
+  
+      if ($http_host !~* 'www') {
+          rewrite ^(.*)$ https://www.$http_host$1 permanent;
+      }
+  
+      include /usr/local/nginx/conf.d/include/xbet_proxy_official_masterconfig.include;
+  }
+  
+  

