DEBUG 2021-06-20 00:30:02,045 - #########################
DEBUG 2021-06-20 00:30:02,050 - SSRCHECKER STATUS
INFO 2021-06-20 00:30:02,050 - connected to mysql
INFO 2021-06-20 00:30:02,054 - table_name = SSRCHECKER_ssrinithistorymodel
INFO 2021-06-20 00:30:02,060 - ignore = db_count(239) less than db_count_limit(250)
DEBUG 2021-06-20 00:30:02,067 - #########################
DEBUG 2021-06-20 00:30:02,072 - SSRCHECKER STATUS
INFO 2021-06-20 00:30:02,072 - connected to mysql
INFO 2021-06-20 00:30:02,077 - table_name = SSRCHECKER_ssrconfighistorymodel
INFO 2021-06-20 00:30:02,083 - ignore = db_count(228) less than db_count_limit(250)
DEBUG 2021-06-20 00:30:02,090 - #########################
DEBUG 2021-06-20 00:30:02,094 - SSRCHECKER STATUS
INFO 2021-06-20 00:30:02,094 - connected to mysql
INFO 2021-06-20 00:30:02,099 - table_name = SSRCHECKER_ssrmasterconfighistorymodel
INFO 2021-06-20 00:30:02,104 - ignore = db_count(65) less than db_count_limit(250)
DEBUG 2021-06-20 00:30:02,112 - #########################
DEBUG 2021-06-20 00:30:02,117 - SSRCHECKER STATUS
INFO 2021-06-20 00:30:02,117 - connected to mysql
INFO 2021-06-20 00:30:02,121 - table_name = SSRCHECKER_ssrhomehistorymodel
INFO 2021-06-20 00:30:02,128 - ignore = db_count(220) less than db_count_limit(250)
