DEBUG 2021-06-25 00:30:02,086 - #########################
DEBUG 2021-06-25 00:30:02,091 - SSRCHECKER STATUS
INFO 2021-06-25 00:30:02,091 - connected to mysql
INFO 2021-06-25 00:30:02,096 - table_name = SSRCHECKER_ssrinithistorymodel
INFO 2021-06-25 00:30:02,107 - ignore = db_count(239) less than db_count_limit(250)
DEBUG 2021-06-25 00:30:02,115 - #########################
DEBUG 2021-06-25 00:30:02,120 - SSRCHECKER STATUS
INFO 2021-06-25 00:30:02,120 - connected to mysql
INFO 2021-06-25 00:30:02,124 - table_name = SSRCHECKER_ssrconfighistorymodel
INFO 2021-06-25 00:30:02,132 - ignore = db_count(229) less than db_count_limit(250)
DEBUG 2021-06-25 00:30:02,140 - #########################
DEBUG 2021-06-25 00:30:02,146 - SSRCHECKER STATUS
INFO 2021-06-25 00:30:02,146 - connected to mysql
INFO 2021-06-25 00:30:02,153 - table_name = SSRCHECKER_ssrmasterconfighistorymodel
INFO 2021-06-25 00:30:02,160 - ignore = db_count(65) less than db_count_limit(250)
DEBUG 2021-06-25 00:30:02,167 - #########################
DEBUG 2021-06-25 00:30:02,173 - SSRCHECKER STATUS
INFO 2021-06-25 00:30:02,173 - connected to mysql
INFO 2021-06-25 00:30:02,178 - table_name = SSRCHECKER_ssrhomehistorymodel
INFO 2021-06-25 00:30:02,185 - ignore = db_count(213) less than db_count_limit(250)
