DEBUG 2021-07-01 00:30:01,465 - #########################
DEBUG 2021-07-01 00:30:01,472 - SSRCHECKER STATUS
INFO 2021-07-01 00:30:01,472 - connected to mysql
INFO 2021-07-01 00:30:01,478 - table_name = SSRCHECKER_ssrinithistorymodel
INFO 2021-07-01 00:30:01,487 - ignore = db_count(239) less than db_count_limit(250)
DEBUG 2021-07-01 00:30:01,496 - #########################
DEBUG 2021-07-01 00:30:01,502 - SSRCHECKER STATUS
INFO 2021-07-01 00:30:01,502 - connected to mysql
INFO 2021-07-01 00:30:01,507 - table_name = SSRCHECKER_ssrconfighistorymodel
INFO 2021-07-01 00:30:01,514 - ignore = db_count(229) less than db_count_limit(250)
DEBUG 2021-07-01 00:30:01,523 - #########################
DEBUG 2021-07-01 00:30:01,528 - SSRCHECKER STATUS
INFO 2021-07-01 00:30:01,528 - connected to mysql
INFO 2021-07-01 00:30:01,534 - table_name = SSRCHECKER_ssrmasterconfighistorymodel
INFO 2021-07-01 00:30:01,542 - ignore = db_count(65) less than db_count_limit(250)
DEBUG 2021-07-01 00:30:01,550 - #########################
DEBUG 2021-07-01 00:30:01,555 - SSRCHECKER STATUS
INFO 2021-07-01 00:30:01,555 - connected to mysql
INFO 2021-07-01 00:30:01,561 - table_name = SSRCHECKER_ssrhomehistorymodel
INFO 2021-07-01 00:30:01,569 - ignore = db_count(232) less than db_count_limit(250)
