DEBUG 2021-06-28 00:30:01,597 - #########################
DEBUG 2021-06-28 00:30:01,602 - SSRCHECKER STATUS
INFO 2021-06-28 00:30:01,602 - connected to mysql
INFO 2021-06-28 00:30:01,606 - table_name = SSRCHECKER_ssrinithistorymodel
INFO 2021-06-28 00:30:01,615 - ignore = db_count(239) less than db_count_limit(250)
DEBUG 2021-06-28 00:30:01,623 - #########################
DEBUG 2021-06-28 00:30:01,629 - SSRCHECKER STATUS
INFO 2021-06-28 00:30:01,629 - connected to mysql
INFO 2021-06-28 00:30:01,635 - table_name = SSRCHECKER_ssrconfighistorymodel
INFO 2021-06-28 00:30:01,644 - ignore = db_count(229) less than db_count_limit(250)
DEBUG 2021-06-28 00:30:01,654 - #########################
DEBUG 2021-06-28 00:30:01,661 - SSRCHECKER STATUS
INFO 2021-06-28 00:30:01,661 - connected to mysql
INFO 2021-06-28 00:30:01,667 - table_name = SSRCHECKER_ssrmasterconfighistorymodel
INFO 2021-06-28 00:30:01,674 - ignore = db_count(65) less than db_count_limit(250)
DEBUG 2021-06-28 00:30:01,682 - #########################
DEBUG 2021-06-28 00:30:01,689 - SSRCHECKER STATUS
INFO 2021-06-28 00:30:01,689 - connected to mysql
INFO 2021-06-28 00:30:01,696 - table_name = SSRCHECKER_ssrhomehistorymodel
INFO 2021-06-28 00:30:01,704 - ignore = db_count(222) less than db_count_limit(250)
