--- /ansible/nginx/hostgroups/acc-yipay_nginx/nginx/conf.d/other/pms2_yifu.conf	2020-12-07 17:42:44.822533067 +0800
+++ /tmp/pms2_yifu.conf	2021-05-03 12:49:56.243804198 +0800
@@ -17,13 +17,13 @@
 			proxy_set_header        X-Real-IP       $remote_addr;
 			proxy_set_header        referer         "";
 			proxy_set_header        X-Forwarded-For $proxy_add_x_forwarded_for;
-        proxy_cache cache_after;
-        proxy_cache_key    $uri$is_args$args;
+        #proxy_cache cache_after;
+        #proxy_cache_key    $uri$is_args$args;
         add_header X-Cache $upstream_cache_status;
-        proxy_cache_valid 200 10m;
-        proxy_cache_valid 301 302 5m;
-        proxy_cache_valid any 1m;
-        proxy_cache_use_stale error http_500 http_502 http_503 http_504;
+        #proxy_cache_valid 200 10m;
+        #proxy_cache_valid 301 302 5m;
+        #proxy_cache_valid any 1m;
+        #proxy_cache_use_stale error http_500 http_502 http_503 http_504;
 			proxy_connect_timeout   30;
 			proxy_send_timeout      30;
 			proxy_read_timeout      60;
@@ -61,13 +61,13 @@
 			proxy_set_header        X-Real-IP       $remote_addr;
 			proxy_set_header        referer         "";
 			proxy_set_header        X-Forwarded-For $proxy_add_x_forwarded_for;
-        proxy_cache cache_after;
-        proxy_cache_key    $uri$is_args$args;
+        #proxy_cache cache_after;
+        #proxy_cache_key    $uri$is_args$args;
         add_header X-Cache $upstream_cache_status;
-        proxy_cache_valid 200 10m;
-        proxy_cache_valid 301 302 5m;
-        proxy_cache_valid any 1m;
-        proxy_cache_use_stale error http_500 http_502 http_503 http_504;
+        #proxy_cache_valid 200 10m;
+        #proxy_cache_valid 301 302 5m;
+        #proxy_cache_valid any 1m;
+        #proxy_cache_use_stale error http_500 http_502 http_503 http_504;
 			proxy_connect_timeout   30;
 			proxy_send_timeout      30;
 			proxy_read_timeout      60;
@@ -106,13 +106,13 @@
 			proxy_set_header        X-Real-IP       $remote_addr;
 			proxy_set_header        referer         "";
 			proxy_set_header        X-Forwarded-For $proxy_add_x_forwarded_for;
-        proxy_cache cache_after;
-        proxy_cache_key    $uri$is_args$args;
+        #proxy_cache cache_after;
+        #proxy_cache_key    $uri$is_args$args;
         add_header X-Cache $upstream_cache_status;
-        proxy_cache_valid 200 10m;
-        proxy_cache_valid 301 302 5m;
-        proxy_cache_valid any 1m;
-        proxy_cache_use_stale error http_500 http_502 http_503 http_504;
+        #proxy_cache_valid 200 10m;
+        #proxy_cache_valid 301 302 5m;
+        #proxy_cache_valid any 1m;
+        #proxy_cache_use_stale error http_500 http_502 http_503 http_504;
 			proxy_connect_timeout   30;
 			proxy_send_timeout      30;
 			proxy_read_timeout      60;
@@ -152,13 +152,13 @@
 			proxy_set_header        X-Real-IP       $remote_addr;
 			proxy_set_header        referer         "";
 			proxy_set_header        X-Forwarded-For $proxy_add_x_forwarded_for;
-        proxy_cache cache_after;
-        proxy_cache_key    $uri$is_args$args;
+        #proxy_cache cache_after;
+        #proxy_cache_key    $uri$is_args$args;
         add_header X-Cache $upstream_cache_status;
-        proxy_cache_valid 200 10m;
-        proxy_cache_valid 301 302 5m;
-        proxy_cache_valid any 1m;
-        proxy_cache_use_stale error http_500 http_502 http_503 http_504;
+        #proxy_cache_valid 200 10m;
+        #proxy_cache_valid 301 302 5m;
+        #proxy_cache_valid any 1m;
+        #proxy_cache_use_stale error http_500 http_502 http_503 http_504;
 			proxy_connect_timeout   30;
 			proxy_send_timeout      30;
 			proxy_read_timeout      60;
@@ -197,13 +197,13 @@
 			proxy_set_header        X-Real-IP       $remote_addr;
 			proxy_set_header        referer         "";
 			proxy_set_header        X-Forwarded-For $proxy_add_x_forwarded_for;
-        proxy_cache cache_after;
-        proxy_cache_key    $uri$is_args$args;
+        #proxy_cache cache_after;
+        #proxy_cache_key    $uri$is_args$args;
         add_header X-Cache $upstream_cache_status;
-        proxy_cache_valid 200 10m;
-        proxy_cache_valid 301 302 5m;
-        proxy_cache_valid any 1m;
-        proxy_cache_use_stale error http_500 http_502 http_503 http_504;
+        #proxy_cache_valid 200 10m;
+        #proxy_cache_valid 301 302 5m;
+        #proxy_cache_valid any 1m;
+        #proxy_cache_use_stale error http_500 http_502 http_503 http_504;
 			proxy_connect_timeout   30;
 			proxy_send_timeout      30;
 			proxy_read_timeout      60;
@@ -246,13 +246,13 @@
 			proxy_set_header        X-Real-IP       $remote_addr;
 			proxy_set_header        referer         "";
 			proxy_set_header        X-Forwarded-For $proxy_add_x_forwarded_for;
-        proxy_cache cache_after;
-        proxy_cache_key    $uri$is_args$args;
+        #proxy_cache cache_after;
+        #proxy_cache_key    $uri$is_args$args;
         add_header X-Cache $upstream_cache_status;
-        proxy_cache_valid 200 10m;
-        proxy_cache_valid 301 302 5m;
-        proxy_cache_valid any 1m;
-        proxy_cache_use_stale error http_500 http_502 http_503 http_504;
+        #proxy_cache_valid 200 10m;
+        #proxy_cache_valid 301 302 5m;
+        #proxy_cache_valid any 1m;
+        #proxy_cache_use_stale error http_500 http_502 http_503 http_504;
 			proxy_connect_timeout   30;
 			proxy_send_timeout      30;
 			proxy_read_timeout      60;

