--- /ansible/nginx/hostgroups/acc-yipay_nginx/nginx/conf.d/other/pms2_yifu.conf	2019-05-16 09:01:45.278749908 +0800
+++ /tmp/pms2_yifu.conf	2019-05-16 09:04:58.609749908 +0800
@@ -43,6 +43,7 @@
         index   index.jsp index.html index.htm;
         charset utf-8;
         access_log  logs/yifu.access.log main;
+        access_log  logs/yifu.logstash.access.log logstash;
         location ~ ^/(WEB-INF)/ {
             deny all;
          }
@@ -80,6 +81,7 @@
         index   index.jsp index.html index.htm;
         charset utf-8;
         access_log  logs/yifu.access.log main;
+        access_log  logs/yifu.logstash.access.log logstash;
         location ~ ^/(WEB-INF)/ {
             deny all;
          }
@@ -118,6 +120,7 @@
         index   index.jsp index.html index.htm;
         charset utf-8;
         access_log  logs/pms2.access.log main;
+        access_log  logs/pms2.logstash.access.log logstash;
         location / {
 			proxy_redirect          off;
 			proxy_set_header        Host            $host;
@@ -145,6 +148,7 @@
         index   index.jsp index.html index.htm;
         charset utf-8;
         access_log  logs/yifu.access.log main;
+        access_log  logs/yifu.logstash.access.log logstash;
         location ~ ^/(WEB-INF)/ {
             deny all;
          }
@@ -186,6 +190,7 @@
         index   index.jsp index.html index.htm;
         charset utf-8;
         access_log  logs/yifu.access.log main;
+        access_log  logs/yifu.logstash.access.log logstash;
         location ~ ^/(WEB-INF)/ {
             deny all;
          }
@@ -228,6 +233,7 @@
         index   index.jsp index.html index.htm;
         charset utf-8;
         access_log  logs/yifu.access.log main;
+        access_log  logs/yifu.logstash.access.log logstash;
         location ~ ^/(WEB-INF)/ {
             deny all;
          }
@@ -268,6 +274,7 @@
         index   index.jsp index.html index.htm;
         charset utf-8;
         access_log  logs/api.paymehome.co.access.log main;
+        access_log  logs/api.paymehome.co.logstash.access.log logstash;
         ssl on;
         ssl_certificate /usr/local/nginx/conf.d/ssl/paymehome.co/fullchain.pem;
         ssl_certificate_key /usr/local/nginx/conf.d/ssl/paymehome.co/privkey.pem;
@@ -297,6 +304,7 @@
         index   index.jsp index.html index.htm;
         charset utf-8;
         access_log  logs/api.paymeweb.co.access.log main;
+        access_log  logs/api.paymeweb.co.logstash.access.log logstash;
         ssl on;
         ssl_certificate /usr/local/nginx/conf.d/ssl/paymeweb.co/fullchain.pem;
         ssl_certificate_key /usr/local/nginx/conf.d/ssl/paymeweb.co/privkey.pem;
@@ -326,6 +334,7 @@
         index   index.jsp index.html index.htm;
         charset utf-8;
         access_log  logs/api.paystar.site.access.log main;
+        access_log  logs/api.paystar.site.logstash.access.log logstash;
         ssl on;
         ssl_certificate /usr/local/nginx/conf.d/ssl/paystar.site/fullchain.pem;
         ssl_certificate_key /usr/local/nginx/conf.d/ssl/paystar.site/privkey.pem;

