--- /ansible/nginx/hostgroups/acc-yipay_nginx/nginx/conf.d/other/pms2_yifu.conf	2020-02-26 10:28:41.150351945 +0800
+++ /tmp/pms2_yifu.conf	2020-12-03 15:01:32.977972638 +0800
@@ -185,6 +185,9 @@
         ssl_certificate_key /usr/local/nginx/conf.d/ssl/paymehome.co/privkey.pem;
   
   		  location / {
+    		add_header Access-Control-Allow-Origin *;
+    		add_header Access-Control-Allow-Methods 'GET, POST, OPTIONS';
+    		add_header Access-Control-Allow-Headers 'DNT,X-Mx-ReqToken,Keep-Alive,User-Agent,X-Requested-With,If-Modified-Since,Cache-Control,Content-Type,Authorization';
 			proxy_redirect          off;
 			proxy_set_header        Host            $host;
 			proxy_set_header        X-Real-IP       $remote_addr;
@@ -215,6 +218,9 @@
         ssl_certificate_key /usr/local/nginx/conf.d/ssl/paymeweb.co/privkey.pem;
   
   		  location / {
+            add_header Access-Control-Allow-Origin *;
+    		add_header Access-Control-Allow-Methods 'GET, POST, OPTIONS';
+    		add_header Access-Control-Allow-Headers 'DNT,X-Mx-ReqToken,Keep-Alive,User-Agent,X-Requested-With,If-Modified-Since,Cache-Control,Content-Type,Authorization';
 			proxy_redirect          off;
 			proxy_set_header        Host            $host;
 			proxy_set_header        X-Real-IP       $remote_addr;
@@ -245,6 +251,9 @@
         ssl_certificate_key /usr/local/nginx/conf.d/ssl/paystar.site/privkey.pem;
   
   		  location / {
+            add_header Access-Control-Allow-Origin *;
+    		add_header Access-Control-Allow-Methods 'GET, POST, OPTIONS';
+    		add_header Access-Control-Allow-Headers 'DNT,X-Mx-ReqToken,Keep-Alive,User-Agent,X-Requested-With,If-Modified-Since,Cache-Control,Content-Type,Authorization';
 			proxy_redirect          off;
 			proxy_set_header        Host            $host;
 			proxy_set_header        X-Real-IP       $remote_addr;

