ESYNC_WORKER1_COMMAND_START
[WARNING]: Invalid characters were found in group names but not replaced, use
-vvvv to see details

PLAY [acc-yipay_nginx] *********************************************************


TASK [Gathering Facts] *********************************************************
ok: [47.75.181.59]
ok: [119.9.91.13]

TASK [nginx_sync : Change python interpreter] **********************************

skipping: [119.9.91.13]
ok: [47.75.181.59]

TASK [nginx_sync : change python interpreter] **********************************
skipping: [119.9.91.13]

ok: [47.75.181.59]

TASK [nginx_sync : Notify] *****************************************************
ok: [119.9.91.13] => {
    "msg": "Syncing acc-yipay_nginx"

}
ok: [47.75.181.59] => {
    "msg": "Syncing acc-yipay_nginx"
}


TASK [nginx_sync : include_vars] ***********************************************
ok: [119.9.91.13]
ok: [47.75.181.59]

TASK [nginx_sync : Synchronizing Nginx] ****************************************

ok: [119.9.91.13] => (item=conf)
ok: [47.75.181.59] => (item=conf)
changed: [119.9.91.13] => (item=conf.d)
changed: [47.75.181.59] => (item=conf.d)
ok: [119.9.91.13] => (item=data)

ok: [47.75.181.59] => (item=data)
ok: [119.9.91.13] => (item=html)
ok: [47.75.181.59] => (item=html)

TASK [nginx_sync : Set HTML Dir to root] ***************************************

ok: [47.75.181.59]
ok: [119.9.91.13]

TASK [all_servers : include_vars] **********************************************
ok: [119.9.91.13]

ok: [47.75.181.59]

TASK [all_servers : Notify] ****************************************************
ok: [119.9.91.13] => {
    "msg": "Clearing Nginx Cache for acc-yipay_nginx"

}
ok: [47.75.181.59] => {
    "msg": "Clearing Nginx Cache for acc-yipay_nginx"
}


TASK [all_servers : Copying clear_nginxcache.sh to remote hosts] ***************
ok: [47.75.181.59]
ok: [119.9.91.13]

TASK [all_servers : Nginx Clear Cache] *****************************************

changed: [47.75.181.59]
changed: [119.9.91.13]

TASK [all_servers : debug] *****************************************************
ok: [119.9.91.13] => {

    "script_result.stdout_lines": [
        "-----------------------------------------------------------", 
        "|                 Checking Nginx Config                   |", 
        "-----------------------------------------------------------", 
        "", 

        " nginx -t ", 
        "", 
        "-----------------------------------------------------------", 
        "|                 Stopping Nginx Process                  |", 
        "-----------------------------------------------------------", 

        "", 
        " /usr/bin/killall -9 nginx ", 
        "", 
        "-----------------------------------------------------------", 
        "|                 Clearing Proxy Cache                    |", 

        "-----------------------------------------------------------", 
        "", 
        " /bin/rm -rf /tmp/nginx_cache ", 
        "", 
        "-----------------------------------------------------------", 

        "|                Restarting Nginx Process                 |", 
        "-----------------------------------------------------------", 
        "root      3468  1.6  0.0 113288  1484 ?        S    15:41   0:00 /bin/bash /bak/bin/clear_nginxcache.sh", 
        "root      3483  0.0  0.1 298364  3596 ?        Ss   15:41   0:00 nginx: master process /usr/local/nginx/sbin/nginx", 
        "nobody    3484  1.0  0.5 302616  9680 ?        S    15:41   0:00 nginx: worker process", 

        "nobody    3485  0.0  0.5 302616  9676 ?        S    15:41   0:00 nginx: worker process", 
        "nobody    3486  0.5  0.5 302616  9684 ?        S    15:41   0:00 nginx: worker process", 
        "nobody    3487  0.5  0.5 302616  9904 ?        S    15:41   0:00 nginx: worker process", 
        "nobody    3488  0.0  0.2 298364  3988 ?        S    15:41   0:00 nginx: cache manager process", 
        "nobody    3489  0.0  0.2 298364  3988 ?        S    15:41   0:00 nginx: cache loader process", 

        "root      3492  0.0  0.0 112812   948 ?        R    15:41   0:00 grep nginx", 
        "              total        used        free      shared  buff/cache   available", 
        "Mem:           1832         268         864          98         699        1282", 
        "Swap:             0           0           0", 
        "-----------------------------------------------------------", 

        "|                     Reload SUCCESS!                     |", 
        "-----------------------------------------------------------"
    ]
}
ok: [47.75.181.59] => {

    "script_result.stdout_lines": [
        "-----------------------------------------------------------", 
        "|                 Checking Nginx Config                   |", 
        "-----------------------------------------------------------", 
        "", 

        " nginx -t ", 
        "", 
        "-----------------------------------------------------------", 
        "|                 Stopping Nginx Process                  |", 
        "-----------------------------------------------------------", 

        "", 
        " /usr/bin/killall -9 nginx ", 
        "", 
        "-----------------------------------------------------------", 
        "|                 Clearing Proxy Cache                    |", 

        "-----------------------------------------------------------", 
        "", 
        " /bin/rm -rf /tmp/nginx_cache ", 
        "", 
        "-----------------------------------------------------------", 

        "|                Restarting Nginx Process                 |", 
        "-----------------------------------------------------------", 
        "root      1189  0.0  0.2  16232 10388 ?        Sl   Oct16  11:51 ./nginx-vts-exporter -nginx.scrape_uri http://localhost:8088/status/format/json", 
        "root     28819  0.0  0.0 106080  1424 ?        S    15:41   0:00 /bin/bash /bak/bin/clear_nginxcache.sh", 
        "root     28833  0.0  0.0 299036  3568 ?        Ss   15:41   0:00 nginx: master process /usr/local/nginx/sbin/nginx", 

        "nobody   28834  0.0  0.1 303288  8000 ?        S    15:41   0:00 nginx: worker process      ", 
        "nobody   28836  0.0  0.1 303288  8000 ?        S    15:41   0:00 nginx: worker process      ", 
        "nobody   28837  0.0  0.1 303288  8000 ?        S    15:41   0:00 nginx: worker process      ", 
        "nobody   28838  0.0  0.1 303288  8000 ?        S    15:41   0:00 nginx: worker process      ", 
        "nobody   28839  0.0  0.0 299036  3988 ?        S    15:41   0:00 nginx: cache manager process", 

        "nobody   28840  0.0  0.0 299036  3948 ?        S    15:41   0:00 nginx: cache loader process", 
        "root     28842  0.0  0.0 103324   892 ?        S    15:41   0:00 grep nginx", 
        "             total       used       free     shared    buffers     cached", 
        "Mem:          3961       3761        200          1        228       1659", 
        "-/+ buffers/cache:       1873       2087", 

        "Swap:            0          0          0", 
        "-----------------------------------------------------------", 
        "|                     Reload SUCCESS!                     |", 
        "-----------------------------------------------------------"
    ]

}

PLAY [127.0.0.1] ***************************************************************

TASK [sync_to_git : Synchronizing Nginx To GIT] ********************************

changed: [127.0.0.1]

TASK [sync_to_git : debug] *****************************************************
ok: [127.0.0.1] => {
    "msg": " [u'[master 77b3b42] laird', u' 1 file changed, 3 insertions(+), 9 deletions(-)', u'Branch master set up to track remote branch master from origin.']"

}

PLAY [acc-yipay_nginx] *********************************************************

PLAY [127.0.0.1] ***************************************************************


PLAY RECAP *********************************************************************
119.9.91.13                : ok=10   changed=2    unreachable=0    failed=0    skipped=2    rescued=0    ignored=0   
127.0.0.1                  : ok=2    changed=1    unreachable=0    failed=0    skipped=0    rescued=0    ignored=0   
47.75.181.59               : ok=12   changed=2    unreachable=0    failed=0    skipped=0    rescued=0    ignored=0   



ESYNC_WORKER1_COMMAND_END
MAX RETRIES EXECUTED, COMMAND NOT RESPONDING