ESYNC_WORKER1_COMMAND_START

PLAY [acc-yipay_nginx] *********************************************************

TASK [nginx_sync : Notify] *****************************************************
skipping: [119.9.91.13]

skipping: [47.75.181.59]
skipping: [65.52.166.35]

TASK [nginx_sync : include_vars] ***********************************************
skipping: [119.9.91.13]

skipping: [47.75.181.59]
skipping: [65.52.166.35]

TASK [nginx_sync : Synchronizing Nginx] ****************************************
skipping: [119.9.91.13] => (item=conf) 

skipping: [119.9.91.13] => (item=conf.d) 
skipping: [119.9.91.13] => (item=data) 
skipping: [119.9.91.13] => (item=html) 
skipping: [47.75.181.59] => (item=conf) 
skipping: [47.75.181.59] => (item=conf.d) 

skipping: [47.75.181.59] => (item=data) 
skipping: [47.75.181.59] => (item=html) 
skipping: [65.52.166.35] => (item=conf) 
skipping: [65.52.166.35] => (item=conf.d) 
skipping: [65.52.166.35] => (item=data) 

skipping: [65.52.166.35] => (item=html) 

TASK [all_servers : include_vars] **********************************************
ok: [119.9.91.13]
ok: [47.75.181.59]

ok: [65.52.166.35]

TASK [all_servers : Notify] ****************************************************
ok: [119.9.91.13] => {
    "msg": "Clearing Nginx Cache for acc-yipay_nginx"

}
ok: [47.75.181.59] => {
    "msg": "Clearing Nginx Cache for acc-yipay_nginx"
}
ok: [65.52.166.35] => {

    "msg": "Clearing Nginx Cache for acc-yipay_nginx"
}

TASK [all_servers : Copying clear_nginxcache.sh to remote hosts] ***************
ok: [119.9.91.13]

ok: [65.52.166.35]
ok: [47.75.181.59]

TASK [all_servers : Nginx Clear Cache] *****************************************
changed: [119.9.91.13]

changed: [65.52.166.35]
changed: [47.75.181.59]

TASK [all_servers : debug] *****************************************************
ok: [119.9.91.13] => {

    "script_result.stdout_lines": [
        "-----------------------------------------------------------", 
        "|                 Checking Nginx Config                   |", 
        "-----------------------------------------------------------", 
        "", 

        " nginx -t ", 
        "", 
        "-----------------------------------------------------------", 
        "|                 Stopping Nginx Process                  |", 
        "-----------------------------------------------------------", 

        "", 
        " /usr/bin/killall -9 nginx ", 
        "", 
        "-----------------------------------------------------------", 
        "|                 Clearing Proxy Cache                    |", 

        "-----------------------------------------------------------", 
        "", 
        " /bin/rm -rf /tmp/nginx_cache ", 
        "", 
        "-----------------------------------------------------------", 

        "|                Restarting Nginx Process                 |", 
        "-----------------------------------------------------------", 
        "root     31821  0.5  0.0 106080  1424 ?        S    00:35   0:00 /bin/bash /bak/bin/clear_nginxcache.sh", 
        "root     31830  0.0  0.1 295768  3380 ?        Ss   00:35   0:00 nginx: master process /usr/local/nginx/sbin/nginx", 
        "nobody   31832  0.0  0.3 299940  7800 ?        S    00:35   0:00 nginx: worker process      ", 

        "nobody   31833  0.0  0.3 299940  7800 ?        S    00:35   0:00 nginx: worker process      ", 
        "nobody   31834  0.0  0.3 299940  7800 ?        S    00:35   0:00 nginx: worker process      ", 
        "nobody   31835  0.0  0.4 299940  8272 ?        S    00:35   0:00 nginx: worker process      ", 
        "nobody   31836  0.0  0.1 295768  3792 ?        S    00:35   0:00 nginx: cache manager process", 
        "nobody   31837  0.0  0.1 295768  3740 ?        S    00:35   0:00 nginx: cache loader process", 

        "root     31994  0.0  0.0 103320   884 ?        S    00:35   0:00 grep nginx", 
        "             total       used       free     shared    buffers     cached", 
        "Mem:          2000       1915         84          1        103        210", 
        "-/+ buffers/cache:       1602        398", 
        "Swap:            0          0          0", 

        "-----------------------------------------------------------", 
        "|                     Reload SUCCESS!                     |", 
        "-----------------------------------------------------------"
    ]
}

ok: [47.75.181.59] => {
    "script_result.stdout_lines": [
        "-----------------------------------------------------------", 
        "|                 Checking Nginx Config                   |", 
        "-----------------------------------------------------------", 

        "", 
        " nginx -t ", 
        "", 
        "-----------------------------------------------------------", 
        "|                 Stopping Nginx Process                  |", 

        "-----------------------------------------------------------", 
        "", 
        " /usr/bin/killall -9 nginx ", 
        "", 
        "-----------------------------------------------------------", 

        "|                 Clearing Proxy Cache                    |", 
        "-----------------------------------------------------------", 
        "", 
        " /bin/rm -rf /tmp/nginx_cache ", 
        "", 

        "-----------------------------------------------------------", 
        "|                Restarting Nginx Process                 |", 
        "-----------------------------------------------------------", 
        "root     30678  0.0  0.0 106080  1424 ?        S    00:35   0:00 /bin/bash /bak/bin/clear_nginxcache.sh", 
        "root     30684  0.0  0.0 297872  3360 ?        Ss   00:35   0:00 nginx: master process /usr/local/nginx/sbin/nginx", 

        "nobody   30686  0.0  0.1 302124  7924 ?        S    00:35   0:00 nginx: worker process      ", 
        "nobody   30687  0.0  0.2 302124  8148 ?        S    00:35   0:00 nginx: worker process      ", 
        "nobody   30688  0.0  0.2 302124  8268 ?        S    00:35   0:00 nginx: worker process      ", 
        "nobody   30689  0.0  0.2 302124  8244 ?        S    00:35   0:00 nginx: worker process      ", 
        "nobody   30690  0.0  0.0 297872  3788 ?        S    00:35   0:00 nginx: cache manager process", 

        "nobody   30691  0.0  0.0 297872  3736 ?        S    00:35   0:00 nginx: cache loader process", 
        "root     30693  0.0  0.0 103320   884 ?        S    00:35   0:00 grep nginx", 
        "             total       used       free     shared    buffers     cached", 
        "Mem:          3961       3074        886          1        190       1161", 
        "-/+ buffers/cache:       1723       2238", 

        "Swap:            0          0          0", 
        "-----------------------------------------------------------", 
        "|                     Reload SUCCESS!                     |", 
        "-----------------------------------------------------------"
    ]

}
ok: [65.52.166.35] => {
    "script_result.stdout_lines": [
        "-----------------------------------------------------------", 
        "|                 Checking Nginx Config                   |", 

        "-----------------------------------------------------------", 
        "", 
        " nginx -t ", 
        "", 
        "-----------------------------------------------------------", 

        "|                 Stopping Nginx Process                  |", 
        "-----------------------------------------------------------", 
        "", 
        " /usr/bin/killall -9 nginx ", 
        "", 

        "-----------------------------------------------------------", 
        "|                 Clearing Proxy Cache                    |", 
        "-----------------------------------------------------------", 
        "", 
        " /bin/rm -rf /tmp/nginx_cache ", 

        "", 
        "-----------------------------------------------------------", 
        "|                Restarting Nginx Process                 |", 
        "-----------------------------------------------------------", 
        "root      33431  0.0  0.0   9120   688 ?        Ss   Mar19   0:00 /sbin/dhclient -H acc-yipay_nginx2.hk.azure.monaco1.me -1 -q -cf /etc/dhcp/dhclient-eth0.conf -lf /var/lib/dhclient/dhclient-eth0.leases -pf /var/run/dhclient-eth0.pid eth0", 

        "root      73056  0.0  0.0 106112  1284 ?        S    00:35   0:00 /bin/bash /bak/bin/clear_nginxcache.sh", 
        "root      73062  0.0  0.0 296248  3300 ?        Ss   00:35   0:00 nginx: master process /usr/local/nginx/sbin/nginx", 
        "nobody    73064  0.0  0.1 300500  7724 ?        S    00:35   0:00 nginx: worker process      ", 
        "nobody    73065  0.0  0.1 300500  7724 ?        S    00:35   0:00 nginx: worker process      ", 
        "nobody    73066  0.0  0.1 300500  7724 ?        S    00:35   0:00 nginx: worker process      ", 

        "nobody    73067  0.0  0.1 300500  7724 ?        S    00:35   0:00 nginx: worker process      ", 
        "nobody    73068  0.0  0.0 296248  3708 ?        S    00:35   0:00 nginx: cache manager process", 
        "nobody    73069  0.0  0.0 296248  3668 ?        S    00:35   0:00 nginx: cache loader process", 
        "root      73071  0.0  0.0 103268   836 ?        S    00:35   0:00 grep nginx", 
        "             total       used       free     shared    buffers     cached", 

        "Mem:          3944       3815        128          0        254        249", 
        "-/+ buffers/cache:       3311        632", 
        "Swap:            0          0          0", 
        "-----------------------------------------------------------", 
        "|                     Reload SUCCESS!                     |", 

        "-----------------------------------------------------------"
    ]
}

PLAY [127.0.0.1] ***************************************************************


TASK [sync_to_git : Synchronizing Nginx To GIT] ********************************
skipping: [127.0.0.1]

TASK [sync_to_git : debug] *****************************************************

skipping: [127.0.0.1]

PLAY [acc-yipay_nginx] *********************************************************

PLAY [127.0.0.1] ***************************************************************


PLAY RECAP *********************************************************************
119.9.91.13                : ok=5    changed=1    unreachable=0    failed=0   
127.0.0.1                  : ok=0    changed=0    unreachable=0    failed=0   
47.75.181.59               : ok=5    changed=1    unreachable=0    failed=0   

65.52.166.35               : ok=5    changed=1    unreachable=0    failed=0   


ESYNC_WORKER1_COMMAND_END
MAX RETRIES EXECUTED, COMMAND NOT RESPONDING