ESYNC_WORKER1_COMMAND_START
 [WARNING]: Invalid characters were found in group names but not replaced, use
-vvvv to see details

PLAY [xinyinhe-nginx] **********************************************************


TASK [Gathering Facts] *********************************************************
ok: [13.94.57.204]
ok: [47.52.230.109]

TASK [nginx_sync : Change python interpreter] **********************************

skipping: [47.52.230.109]
skipping: [13.94.57.204]

TASK [nginx_sync : change python interpreter] **********************************
skipping: [47.52.230.109]

skipping: [13.94.57.204]

TASK [nginx_sync : Notify] *****************************************************
ok: [47.52.230.109] => {
    "msg": "Syncing xinyinhe-nginx"

}
ok: [13.94.57.204] => {
    "msg": "Syncing xinyinhe-nginx"
}


TASK [nginx_sync : include_vars] ***********************************************
ok: [47.52.230.109]
ok: [13.94.57.204]

TASK [nginx_sync : Synchronizing Nginx] ****************************************

ok: [13.94.57.204] => (item=conf)
ok: [47.52.230.109] => (item=conf)
changed: [13.94.57.204] => (item=conf.d)
changed: [47.52.230.109] => (item=conf.d)
ok: [13.94.57.204] => (item=data)

ok: [47.52.230.109] => (item=data)
ok: [13.94.57.204] => (item=html)
ok: [47.52.230.109] => (item=html)

TASK [all_servers : include_vars] **********************************************

ok: [47.52.230.109]
ok: [13.94.57.204]

TASK [all_servers : Notify] ****************************************************
ok: [47.52.230.109] => {

    "msg": "Clearing Nginx Cache for xinyinhe-nginx"
}
ok: [13.94.57.204] => {
    "msg": "Clearing Nginx Cache for xinyinhe-nginx"
}


TASK [all_servers : Copying clear_nginxcache.sh to remote hosts] ***************
ok: [13.94.57.204]
ok: [47.52.230.109]


TASK [all_servers : Nginx Clear Cache] *****************************************
changed: [13.94.57.204]
changed: [47.52.230.109]

TASK [all_servers : debug] *****************************************************

ok: [47.52.230.109] => {
    "script_result.stdout_lines": [
        "-----------------------------------------------------------", 
        "|                 Checking Nginx Config                   |", 
        "-----------------------------------------------------------", 

        "", 
        " nginx -t ", 
        "", 
        "-----------------------------------------------------------", 
        "|                 Stopping Nginx Process                  |", 

        "-----------------------------------------------------------", 
        "", 
        " /usr/bin/killall -9 nginx ", 
        "", 
        "-----------------------------------------------------------", 

        "|                 Clearing Proxy Cache                    |", 
        "-----------------------------------------------------------", 
        "", 
        " /bin/rm -rf /tmp/nginx_cache ", 
        "", 

        "-----------------------------------------------------------", 
        "|                Restarting Nginx Process                 |", 
        "-----------------------------------------------------------", 
        "root       834  0.0  0.0 107464  2296 ?        Ss   Sep02   0:00 /sbin/dhclient -1 -q -lf /var/lib/dhclient/dhclient--eth0.lease -pf /var/run/dhclient-eth0.pid -H xinyinhe-nginx-proxy-ali-hk eth0", 
        "root     26331  2.4  0.0 113180  1500 ?        S    16:49   0:00 /bin/bash /bak/bin/clear_nginxcache.sh", 

        "root     26338  0.0  0.1 359492  4332 ?        Ss   16:49   0:00 nginx: master process /usr/local/nginx/sbin/nginx", 
        "nobody   26339  0.0  0.2 363744  8692 ?        S    16:49   0:00 nginx: worker process", 
        "nobody   26341  0.0  0.2 363744  8692 ?        S    16:49   0:00 nginx: worker process", 
        "nobody   26342  0.0  0.2 363744  8692 ?        S    16:49   0:00 nginx: worker process", 
        "nobody   26343  0.0  0.2 363744  8692 ?        S    16:49   0:00 nginx: worker process", 

        "nobody   26344  0.0  0.1 359492  4740 ?        S    16:49   0:00 nginx: cache manager process", 
        "nobody   26345  0.0  0.1 359492  4740 ?        S    16:49   0:00 nginx: cache loader process", 
        "root     26347  0.0  0.0 112712   964 ?        S    16:49   0:00 grep nginx", 
        "              total        used        free      shared  buff/cache   available", 
        "Mem:           3789         184         229           2        3375        3304", 

        "Swap:             0           0           0", 
        "-----------------------------------------------------------", 
        "|                     Reload SUCCESS!                     |", 
        "-----------------------------------------------------------"
    ]

}
ok: [13.94.57.204] => {
    "script_result.stdout_lines": [
        "-----------------------------------------------------------", 
        "|                 Checking Nginx Config                   |", 

        "-----------------------------------------------------------", 
        "", 
        " nginx -t ", 
        "", 
        "-----------------------------------------------------------", 

        "|                 Stopping Nginx Process                  |", 
        "-----------------------------------------------------------", 
        "", 
        " /usr/bin/killall -9 nginx ", 
        "", 

        "-----------------------------------------------------------", 
        "|                 Clearing Proxy Cache                    |", 
        "-----------------------------------------------------------", 
        "", 
        " /bin/rm -rf /tmp/nginx_cache ", 

        "", 
        "-----------------------------------------------------------", 
        "|                Restarting Nginx Process                 |", 
        "-----------------------------------------------------------", 
        "root      97956  1.0  0.0 113180  1508 ?        S    16:49   0:00 /bin/bash /bak/bin/clear_nginxcache.sh", 

        "root      97968  0.0  0.1 361184  5204 ?        Ss   16:49   0:00 nginx: master process /usr/local/nginx/sbin/nginx", 
        "nobody    97970  0.0  0.2 365196  8864 ?        S    16:49   0:00 nginx: worker process", 
        "nobody    97971  0.0  0.2 365196  8864 ?        S    16:49   0:00 nginx: worker process", 
        "nobody    97972  0.0  0.2 365196  8864 ?        S    16:49   0:00 nginx: worker process", 
        "nobody    97973  0.0  0.2 365196  8864 ?        S    16:49   0:00 nginx: worker process", 

        "nobody    97974  0.0  0.1 363268  5700 ?        S    16:49   0:00 nginx: cache manager process", 
        "nobody    97975  0.0  0.1 363268  5700 ?        S    16:49   0:00 nginx: cache loader process", 
        "root      97980  0.0  0.0 112708   968 ?        S    16:49   0:00 grep nginx", 
        "              total        used        free      shared  buff/cache   available", 
        "Mem:           3932         267         211          74        3452        3256", 

        "Swap:             0           0           0", 
        "-----------------------------------------------------------", 
        "|                     Reload SUCCESS!                     |", 
        "-----------------------------------------------------------"
    ]

}

PLAY [127.0.0.1] ***************************************************************

TASK [sync_to_git : Synchronizing Nginx To GIT] ********************************

changed: [127.0.0.1]

TASK [sync_to_git : debug] *****************************************************
ok: [127.0.0.1] => {
    "msg": " [u'[master 2ee59ee] thunder', u' 3 files changed, 102 insertions(+), 1 deletion(-)', u' create mode 100644 nginx/conf.d/include/xyh_proxy_official_masterconfig.include', u'Branch master set up to track remote branch master from origin.']"

}

PLAY [xinyinhe-nginx] **********************************************************

PLAY [127.0.0.1] ***************************************************************


PLAY RECAP *********************************************************************
127.0.0.1                  : ok=2    changed=1    unreachable=0    failed=0    skipped=0    rescued=0    ignored=0   
13.94.57.204               : ok=9    changed=2    unreachable=0    failed=0    skipped=2    rescued=0    ignored=0   
47.52.230.109              : ok=9    changed=2    unreachable=0    failed=0    skipped=2    rescued=0    ignored=0   



ESYNC_WORKER1_COMMAND_END
MAX RETRIES EXECUTED, COMMAND NOT RESPONDING