--- /ansible/nginx/hostgroups/xinyinhe-nginx/nginx/conf.d/include/xyh_official_masterconfig.include	2019-09-06 11:06:48.744369320 +0800
+++ /tmp/xyh_official_masterconfig.include	2019-09-06 11:11:18.063369320 +0800
@@ -1,26 +1,25 @@
-
         proxy_intercept_errors  on;
         error_page      404     /404.jsp;
         error_page      500     /500.jsp;
 
         index   index.jsp index.html index.htm;
-        access_log  logs/haomen.access.log main;
-        access_log  logs/haomen.logstash.access.log logstash;
+        access_log  logs/xjw_xyh.access.log main;
+        access_log  logs/xjw_xyh.logstash.access.log logstash;
         if ($http_user_agent ~* "qihu|360|360se|360ee|QIHU 360SE|q(iPhone|iPad|iPod|Linux|android|Android|bb\d+|meego).+mobile|Android|MobileSafari|iPhone|iPad|iPod|Linux|android|avantgo|bada\/|blackberry|blazer|compal|elaine|fennec|hiptop|iemobile|ip(hone|od)|iris|kindle|lge |maemo|midp|mmp|netfront|opera m(ob|in)i|palm( os)?|phone|p(ixi|re)\/|plucker|pocket|psp|series(4|6)0|symbian|treo|up\.(browser|link)|vodafone|wap|windows (ce|phone)|xda|xiino|android 3.0") {
         set $mobile_rewrite perform;
            }
 
         if ( $mobile_rewrite = perform )
-        { set $upstream mobile_haomen-xjw; }
+        { set $upstream pro_xjw_xyh_mobile; }
 
         if ($http_user_agent ~* "(X11)")
         { set $mobile_rewrite per;  }
 
         if ( $mobile_rewrite != perform )
-        { set $upstream desktop_haomen-xjw; }
+        { set $upstream pro_xjw_xyh_web; }
 
         if ($host ~* pc\.(.*))
-        { set $upstream desktop_haomen-xjw; }
+        { set $upstream pro_xjw_xyh_web; }
 
 if ($http_user_agent ~* "qihoobot|Yahoo! Slurp|Yahoo! Slurp China|YoudaoBot|Sosospider|Sogou spider|Sogou web spider|MSNBot|ia_archiver|Tomato Bot")
 {

