ESYNC_WORKER1_COMMAND_START
 [WARNING]: Invalid characters were found in group names but not replaced, use
-vvvv to see details

PLAY [haomen-nginx] ************************************************************


TASK [Gathering Facts] *********************************************************
ok: [52.229.201.74]
ok: [119.81.239.90]
ok: [13.75.90.12]
ok: [23.99.109.84]

ok: [119.9.91.147]

TASK [nginx_sync : Change python interpreter] **********************************
ok: [13.75.90.12]
ok: [23.99.109.84]

skipping: [119.9.91.147]
skipping: [119.81.239.90]
skipping: [52.229.201.74]

TASK [nginx_sync : change python interpreter] **********************************

ok: [13.75.90.12]
ok: [23.99.109.84]
skipping: [119.9.91.147]
skipping: [119.81.239.90]
skipping: [52.229.201.74]


TASK [nginx_sync : Notify] *****************************************************
ok: [13.75.90.12] => {
    "msg": "Syncing haomen-nginx"
}

ok: [23.99.109.84] => {
    "msg": "Syncing haomen-nginx"
}
ok: [119.9.91.147] => {
    "msg": "Syncing haomen-nginx"

}
ok: [119.81.239.90] => {
    "msg": "Syncing haomen-nginx"
}
ok: [52.229.201.74] => {

    "msg": "Syncing haomen-nginx"
}

TASK [nginx_sync : include_vars] ***********************************************
ok: [13.75.90.12]

ok: [23.99.109.84]
ok: [119.9.91.147]
ok: [119.81.239.90]
ok: [52.229.201.74]


TASK [nginx_sync : Synchronizing Nginx] ****************************************
ok: [52.229.201.74] => (item=conf)
ok: [23.99.109.84] => (item=conf)
ok: [13.75.90.12] => (item=conf)
ok: [119.9.91.147] => (item=conf)

ok: [119.81.239.90] => (item=conf)
changed: [52.229.201.74] => (item=conf.d)
changed: [23.99.109.84] => (item=conf.d)
changed: [119.81.239.90] => (item=conf.d)
changed: [13.75.90.12] => (item=conf.d)

changed: [119.9.91.147] => (item=conf.d)
ok: [119.81.239.90] => (item=data)
ok: [52.229.201.74] => (item=data)
ok: [23.99.109.84] => (item=data)
ok: [13.75.90.12] => (item=data)

ok: [119.9.91.147] => (item=data)
ok: [52.229.201.74] => (item=html)
ok: [23.99.109.84] => (item=html)
ok: [119.81.239.90] => (item=html)
ok: [13.75.90.12] => (item=html)

ok: [119.9.91.147] => (item=html)

TASK [all_servers : include_vars] **********************************************
ok: [13.75.90.12]
ok: [23.99.109.84]

ok: [119.9.91.147]
ok: [119.81.239.90]
ok: [52.229.201.74]

TASK [all_servers : Notify] ****************************************************

ok: [13.75.90.12] => {
    "msg": "Clearing Nginx Cache for haomen-nginx"
}
ok: [23.99.109.84] => {
    "msg": "Clearing Nginx Cache for haomen-nginx"

}
ok: [119.9.91.147] => {
    "msg": "Clearing Nginx Cache for haomen-nginx"
}
ok: [119.81.239.90] => {

    "msg": "Clearing Nginx Cache for haomen-nginx"
}
ok: [52.229.201.74] => {
    "msg": "Clearing Nginx Cache for haomen-nginx"
}


TASK [all_servers : Copying clear_nginxcache.sh to remote hosts] ***************
ok: [52.229.201.74]
ok: [119.81.239.90]
ok: [13.75.90.12]

ok: [119.9.91.147]
ok: [23.99.109.84]

TASK [all_servers : Nginx Clear Cache] *****************************************
changed: [52.229.201.74]

changed: [119.81.239.90]
changed: [119.9.91.147]
changed: [13.75.90.12]
changed: [23.99.109.84]


TASK [all_servers : debug] *****************************************************
ok: [13.75.90.12] => {
    "script_result.stdout_lines": [
        "-----------------------------------------------------------", 
        "|                 Checking Nginx Config                   |", 

        "-----------------------------------------------------------", 
        "", 
        " nginx -t ", 
        "", 
        "-----------------------------------------------------------", 

        "|                 Stopping Nginx Process                  |", 
        "-----------------------------------------------------------", 
        "", 
        " /usr/bin/killall -9 nginx ", 
        "", 

        "-----------------------------------------------------------", 
        "|                 Clearing Proxy Cache                    |", 
        "-----------------------------------------------------------", 
        "", 
        " /bin/rm -rf /tmp/nginx_cache ", 

        "", 
        "-----------------------------------------------------------", 
        "|                Restarting Nginx Process                 |", 
        "-----------------------------------------------------------", 
        "root      53254  0.0  0.0 106120  1284 ?        S    16:15   0:00 /bin/bash /bak/bin/clear_nginxcache.sh", 

        "root      53263  0.0  1.4 404564 49792 ?        Ss   16:15   0:00 nginx: master process /usr/local/nginx/sbin/nginx", 
        "nobody    53264  0.0  1.5 406492 54620 ?        S    16:15   0:00 nginx: worker process      ", 
        "nobody    53265  0.0  1.5 406492 53484 ?        S    16:15   0:00 nginx: worker process      ", 
        "nobody    53266  0.0  1.5 406492 53484 ?        S    16:15   0:00 nginx: worker process      ", 
        "nobody    53267  0.5  1.5 406492 54620 ?        S    16:15   0:00 nginx: worker process      ", 

        "nobody    53268  0.0  1.4 404564 50288 ?        S    16:15   0:00 nginx: cache manager process", 
        "nobody    53269  0.0  1.4 404564 50176 ?        S    16:15   0:00 nginx: cache loader process", 
        "root      53272  0.0  0.0 103332   852 ?        S    16:15   0:00 grep nginx", 
        "root      62555  0.0  0.0   9120   532 ?        Ss    2018   0:00 /sbin/dhclient -H haomen-nginx5.hk.az.monaco1.me -1 -q -lf /var/lib/dhclient/dhclient-eth0.leases -pf /var/run/dhclient-eth0.pid eth0", 
        "             total       used       free     shared    buffers     cached", 

        "Mem:          3440       3097        343          2        315        932", 
        "-/+ buffers/cache:       1849       1591", 
        "Swap:            0          0          0", 
        "-----------------------------------------------------------", 
        "|                     Reload SUCCESS!                     |", 

        "-----------------------------------------------------------"
    ]
}
ok: [23.99.109.84] => {
    "script_result.stdout_lines": [

        "-----------------------------------------------------------", 
        "|                 Checking Nginx Config                   |", 
        "-----------------------------------------------------------", 
        "", 
        " nginx -t ", 

        "", 
        "-----------------------------------------------------------", 
        "|                 Stopping Nginx Process                  |", 
        "-----------------------------------------------------------", 
        "", 

        " /usr/bin/killall -9 nginx ", 
        "", 
        "-----------------------------------------------------------", 
        "|                 Clearing Proxy Cache                    |", 
        "-----------------------------------------------------------", 

        "", 
        " /bin/rm -rf /tmp/nginx_cache ", 
        "", 
        "-----------------------------------------------------------", 
        "|                Restarting Nginx Process                 |", 

        "-----------------------------------------------------------", 
        "root      16010  0.0  0.0 106120  1280 ?        S    16:15   0:00 /bin/bash /bak/bin/clear_nginxcache.sh", 
        "root      16019  0.0  1.4 404564 49792 ?        Ss   16:15   0:00 nginx: master process /usr/local/nginx/sbin/nginx", 
        "nobody    16020  0.0  1.5 406492 54620 ?        S    16:15   0:00 nginx: worker process      ", 
        "nobody    16021  1.0  1.5 406492 54620 ?        S    16:15   0:00 nginx: worker process      ", 

        "nobody    16022  1.0  1.5 406492 54344 ?        S    16:15   0:00 nginx: worker process      ", 
        "nobody    16023  0.6  1.5 406492 54620 ?        S    16:15   0:00 nginx: worker process      ", 
        "nobody    16024  0.0  1.4 404564 50288 ?        S    16:15   0:00 nginx: cache manager process", 
        "nobody    16025  0.0  1.4 404564 50176 ?        S    16:15   0:00 nginx: cache loader process", 
        "root      16028  0.0  0.0 103328   844 ?        S    16:15   0:00 grep nginx", 

        "root      79238  0.0  0.0   9120   536 ?        Ss    2018   0:00 /sbin/dhclient -H haomen-nginx7.hk.az.monaco1.me -1 -q -lf /var/lib/dhclient/dhclient-eth0.leases -pf /var/run/dhclient-eth0.pid eth0", 
        "             total       used       free     shared    buffers     cached", 
        "Mem:          3440       2217       1223          2        399        960", 
        "-/+ buffers/cache:        857       2583", 
        "Swap:            0          0          0", 

        "-----------------------------------------------------------", 
        "|                     Reload SUCCESS!                     |", 
        "-----------------------------------------------------------"
    ]
}

ok: [119.9.91.147] => {
    "script_result.stdout_lines": [
        "-----------------------------------------------------------", 
        "|                 Checking Nginx Config                   |", 
        "-----------------------------------------------------------", 

        "", 
        " nginx -t ", 
        "", 
        "-----------------------------------------------------------", 
        "|                 Stopping Nginx Process                  |", 

        "-----------------------------------------------------------", 
        "", 
        " /usr/bin/killall -9 nginx ", 
        "", 
        "-----------------------------------------------------------", 

        "|                 Clearing Proxy Cache                    |", 
        "-----------------------------------------------------------", 
        "", 
        " /bin/rm -rf /tmp/nginx_cache ", 
        "", 

        "-----------------------------------------------------------", 
        "|                Restarting Nginx Process                 |", 
        "-----------------------------------------------------------", 
        "root     19703  2.3  0.0 113180  1500 ?        S    16:15   0:00 /bin/bash /bak/bin/clear_nginxcache.sh", 
        "root     19713  0.0  2.0 394588 38868 ?        Ss   16:15   0:00 nginx: master process /usr/local/nginx/sbin/nginx", 

        "nobody   19715  0.5  2.3 396516 43888 ?        S    16:15   0:00 nginx: worker process", 
        "nobody   19716  0.0  2.2 396516 42460 ?        S    16:15   0:00 nginx: worker process", 
        "nobody   19717  0.0  2.3 396516 43896 ?        R    16:15   0:00 nginx: worker process", 
        "nobody   19718  0.0  2.2 396516 42460 ?        S    16:15   0:00 nginx: worker process", 
        "nobody   19719  0.0  2.0 394588 39288 ?        S    16:15   0:00 nginx: cache manager process", 

        "nobody   19720  0.0  2.0 394588 39288 ?        S    16:15   0:00 nginx: cache loader process", 
        "root     19724  0.0  0.0 112708   968 ?        S    16:15   0:00 grep nginx", 
        "              total        used        free      shared  buff/cache   available", 
        "Mem:           1832         278         318         106        1235        1230", 
        "Swap:             0           0           0", 

        "-----------------------------------------------------------", 
        "|                     Reload SUCCESS!                     |", 
        "-----------------------------------------------------------"
    ]
}

ok: [119.81.239.90] => {
    "script_result.stdout_lines": [
        "-----------------------------------------------------------", 
        "|                 Checking Nginx Config                   |", 
        "-----------------------------------------------------------", 

        "", 
        " nginx -t ", 
        "", 
        "-----------------------------------------------------------", 
        "|                 Stopping Nginx Process                  |", 

        "-----------------------------------------------------------", 
        "", 
        " /usr/bin/killall -9 nginx ", 
        "", 
        "-----------------------------------------------------------", 

        "|                 Clearing Proxy Cache                    |", 
        "-----------------------------------------------------------", 
        "", 
        " /bin/rm -rf /tmp/nginx_cache ", 
        "", 

        "-----------------------------------------------------------", 
        "|                Restarting Nginx Process                 |", 
        "-----------------------------------------------------------", 
        "root     29595  0.6  0.0 113180  1496 ?        S    16:15   0:00 /bin/bash /bak/bin/clear_nginxcache.sh", 
        "root     29608  0.0  1.0 394588 38872 ?        Ss   16:15   0:00 nginx: master process /usr/local/nginx/sbin/nginx", 

        "nobody   29609  0.0  1.0 396516 42220 ?        S    16:15   0:00 nginx: worker process", 
        "nobody   29610  0.0  1.0 396516 42220 ?        S    16:15   0:00 nginx: worker process", 
        "nobody   29611  0.0  1.0 396516 42220 ?        S    16:15   0:00 nginx: worker process", 
        "nobody   29612  0.0  1.0 396516 42220 ?        S    16:15   0:00 nginx: worker process", 
        "nobody   29613  0.0  1.0 394588 39296 ?        S    16:15   0:00 nginx: cache manager process", 

        "nobody   29614  0.0  1.0 394588 39296 ?        S    16:15   0:00 nginx: cache loader process", 
        "root     29618  0.0  0.0 112708   956 ?        S    16:15   0:00 grep nginx", 
        "              total        used        free      shared  buff/cache   available", 
        "Mem:           3783         178         165         201        3439        3098", 
        "Swap:          2047          15        2032", 

        "-----------------------------------------------------------", 
        "|                     Reload SUCCESS!                     |", 
        "-----------------------------------------------------------"
    ]
}

ok: [52.229.201.74] => {
    "script_result.stdout_lines": [
        "-----------------------------------------------------------", 
        "|                 Checking Nginx Config                   |", 
        "-----------------------------------------------------------", 

        "", 
        " nginx -t ", 
        "", 
        "-----------------------------------------------------------", 
        "|                 Stopping Nginx Process                  |", 

        "-----------------------------------------------------------", 
        "", 
        " /usr/bin/killall -9 nginx ", 
        "", 
        "-----------------------------------------------------------", 

        "|                 Clearing Proxy Cache                    |", 
        "-----------------------------------------------------------", 
        "", 
        " /bin/rm -rf /tmp/nginx_cache ", 
        "", 

        "-----------------------------------------------------------", 
        "|                Restarting Nginx Process                 |", 
        "-----------------------------------------------------------", 
        "root     123128  0.8  0.0 113180  1492 ?        S    16:15   0:00 /bin/bash /bak/bin/clear_nginxcache.sh", 
        "root     123135  0.0  0.9 394588 38872 ?        Ss   16:15   0:00 nginx: master process /usr/local/nginx/sbin/nginx", 

        "nobody   123136  0.0  1.0 398600 42296 ?        S    16:15   0:00 nginx: worker process", 
        "nobody   123138  0.0  1.0 398600 42296 ?        S    16:15   0:00 nginx: worker process", 
        "nobody   123139  0.0  1.0 398600 42296 ?        S    16:15   0:00 nginx: worker process", 
        "nobody   123140  0.0  1.0 398600 42296 ?        S    16:15   0:00 nginx: worker process", 
        "nobody   123141  0.0  0.9 396672 39372 ?        S    16:15   0:00 nginx: cache manager process", 

        "nobody   123142  0.0  0.9 396672 39372 ?        S    16:15   0:00 nginx: cache loader process", 
        "root     123144  0.0  0.0 112708   956 ?        S    16:15   0:00 grep nginx", 
        "              total        used        free      shared  buff/cache   available", 
        "Mem:           3934         262         246         203        3424        2946", 
        "Swap:             0           0           0", 

        "-----------------------------------------------------------", 
        "|                     Reload SUCCESS!                     |", 
        "-----------------------------------------------------------"
    ]
}


PLAY [127.0.0.1] ***************************************************************

TASK [sync_to_git : Synchronizing Nginx To GIT] ********************************
changed: [127.0.0.1]


TASK [sync_to_git : debug] *****************************************************
ok: [127.0.0.1] => {
    "msg": " [u'[master e96627d] cyrus.verzola', u' 1 file changed, 6 insertions(+), 6 deletions(-)', u'Branch master set up to track remote branch master from origin.']"
}


PLAY [haomen-nginx] ************************************************************

PLAY [127.0.0.1] ***************************************************************


PLAY RECAP *********************************************************************
119.81.239.90              : ok=9    changed=2    unreachable=0    failed=0    skipped=2    rescued=0    ignored=0   
119.9.91.147               : ok=9    changed=2    unreachable=0    failed=0    skipped=2    rescued=0    ignored=0   
127.0.0.1                  : ok=2    changed=1    unreachable=0    failed=0    skipped=0    rescued=0    ignored=0   
13.75.90.12                : ok=11   changed=2    unreachable=0    failed=0    skipped=0    rescued=0    ignored=0   

23.99.109.84               : ok=11   changed=2    unreachable=0    failed=0    skipped=0    rescued=0    ignored=0   
52.229.201.74              : ok=9    changed=2    unreachable=0    failed=0    skipped=2    rescued=0    ignored=0   


ESYNC_WORKER1_COMMAND_END
MAX RETRIES EXECUTED, COMMAND NOT RESPONDING