ESYNC_WORKER1_COMMAND_START
 [WARNING]: Invalid characters were found in group names but not replaced, use
-vvvv to see details

PLAY [haomen-nginx] ************************************************************


TASK [Gathering Facts] *********************************************************
ok: [52.229.201.74]
ok: [119.81.239.90]
ok: [13.75.90.12]
ok: [23.99.109.84]

ok: [119.9.91.147]

TASK [nginx_sync : Change python interpreter] **********************************
ok: [13.75.90.12]
ok: [23.99.109.84]

skipping: [119.9.91.147]
skipping: [119.81.239.90]
skipping: [52.229.201.74]

TASK [nginx_sync : change python interpreter] **********************************

ok: [13.75.90.12]
ok: [23.99.109.84]
skipping: [119.9.91.147]
skipping: [119.81.239.90]
skipping: [52.229.201.74]


TASK [nginx_sync : Notify] *****************************************************
ok: [13.75.90.12] => {
    "msg": "Syncing haomen-nginx"
}

ok: [23.99.109.84] => {
    "msg": "Syncing haomen-nginx"
}
ok: [119.9.91.147] => {
    "msg": "Syncing haomen-nginx"

}
ok: [119.81.239.90] => {
    "msg": "Syncing haomen-nginx"
}
ok: [52.229.201.74] => {

    "msg": "Syncing haomen-nginx"
}

TASK [nginx_sync : include_vars] ***********************************************
ok: [13.75.90.12]

ok: [23.99.109.84]
ok: [119.9.91.147]
ok: [119.81.239.90]
ok: [52.229.201.74]


TASK [nginx_sync : Synchronizing Nginx] ****************************************
ok: [52.229.201.74] => (item=conf)
ok: [13.75.90.12] => (item=conf)
ok: [23.99.109.84] => (item=conf)
ok: [119.81.239.90] => (item=conf)

ok: [119.9.91.147] => (item=conf)
changed: [119.81.239.90] => (item=conf.d)
changed: [23.99.109.84] => (item=conf.d)
changed: [13.75.90.12] => (item=conf.d)
changed: [52.229.201.74] => (item=conf.d)

changed: [119.9.91.147] => (item=conf.d)
ok: [119.81.239.90] => (item=data)
ok: [23.99.109.84] => (item=data)
ok: [13.75.90.12] => (item=data)
ok: [119.9.91.147] => (item=data)

ok: [52.229.201.74] => (item=data)
ok: [119.81.239.90] => (item=html)
ok: [13.75.90.12] => (item=html)
ok: [23.99.109.84] => (item=html)
ok: [119.9.91.147] => (item=html)

ok: [52.229.201.74] => (item=html)

TASK [all_servers : include_vars] **********************************************
ok: [13.75.90.12]
ok: [23.99.109.84]

ok: [119.9.91.147]
ok: [119.81.239.90]
ok: [52.229.201.74]

TASK [all_servers : Notify] ****************************************************

ok: [13.75.90.12] => {
    "msg": "Clearing Nginx Cache for haomen-nginx"
}
ok: [23.99.109.84] => {
    "msg": "Clearing Nginx Cache for haomen-nginx"

}
ok: [119.9.91.147] => {
    "msg": "Clearing Nginx Cache for haomen-nginx"
}
ok: [119.81.239.90] => {

    "msg": "Clearing Nginx Cache for haomen-nginx"
}
ok: [52.229.201.74] => {
    "msg": "Clearing Nginx Cache for haomen-nginx"
}


TASK [all_servers : Copying clear_nginxcache.sh to remote hosts] ***************
ok: [119.81.239.90]
ok: [119.9.91.147]
ok: [13.75.90.12]

ok: [52.229.201.74]
ok: [23.99.109.84]

TASK [all_servers : Nginx Clear Cache] *****************************************
changed: [119.81.239.90]

changed: [52.229.201.74]
changed: [13.75.90.12]
changed: [23.99.109.84]
changed: [119.9.91.147]


TASK [all_servers : debug] *****************************************************
ok: [13.75.90.12] => {
    "script_result.stdout_lines": [
        "-----------------------------------------------------------", 
        "|                 Checking Nginx Config                   |", 

        "-----------------------------------------------------------", 
        "", 
        " nginx -t ", 
        "", 
        "-----------------------------------------------------------", 

        "|                 Stopping Nginx Process                  |", 
        "-----------------------------------------------------------", 
        "", 
        " /usr/bin/killall -9 nginx ", 
        "", 

        "-----------------------------------------------------------", 
        "|                 Clearing Proxy Cache                    |", 
        "-----------------------------------------------------------", 
        "", 
        " /bin/rm -rf /tmp/nginx_cache ", 

        "", 
        "-----------------------------------------------------------", 
        "|                Restarting Nginx Process                 |", 
        "-----------------------------------------------------------", 
        "root      55872  0.0  0.0 106120  1280 ?        S    16:35   0:00 /bin/bash /bak/bin/clear_nginxcache.sh", 

        "root      55878  0.0  1.4 405036 50260 ?        Ss   16:35   0:00 nginx: master process /usr/local/nginx/sbin/nginx", 
        "nobody    55879  1.0  1.5 406964 55088 ?        S    16:35   0:00 nginx: worker process      ", 
        "nobody    55881  0.5  1.5 406964 55088 ?        S    16:35   0:00 nginx: worker process      ", 
        "nobody    55882  0.0  1.5 406964 54836 ?        S    16:35   0:00 nginx: worker process      ", 
        "nobody    55883  0.0  1.5 406964 54836 ?        S    16:35   0:00 nginx: worker process      ", 

        "nobody    55884  0.0  1.4 405036 50756 ?        S    16:35   0:00 nginx: cache manager process", 
        "nobody    55885  0.0  1.4 405036 50644 ?        S    16:35   0:00 nginx: cache loader process", 
        "root      55890  0.0  0.0 103332   856 ?        S    16:35   0:00 grep nginx", 
        "root      62555  0.0  0.0   9120   532 ?        Ss    2018   0:00 /sbin/dhclient -H haomen-nginx5.hk.az.monaco1.me -1 -q -lf /var/lib/dhclient/dhclient-eth0.leases -pf /var/run/dhclient-eth0.pid eth0", 
        "             total       used       free     shared    buffers     cached", 

        "Mem:          3440       3102        338          2        315        933", 
        "-/+ buffers/cache:       1853       1587", 
        "Swap:            0          0          0", 
        "-----------------------------------------------------------", 
        "|                     Reload SUCCESS!                     |", 

        "-----------------------------------------------------------"
    ]
}
ok: [23.99.109.84] => {
    "script_result.stdout_lines": [

        "-----------------------------------------------------------", 
        "|                 Checking Nginx Config                   |", 
        "-----------------------------------------------------------", 
        "", 
        " nginx -t ", 

        "", 
        "-----------------------------------------------------------", 
        "|                 Stopping Nginx Process                  |", 
        "-----------------------------------------------------------", 
        "", 

        " /usr/bin/killall -9 nginx ", 
        "", 
        "-----------------------------------------------------------", 
        "|                 Clearing Proxy Cache                    |", 
        "-----------------------------------------------------------", 

        "", 
        " /bin/rm -rf /tmp/nginx_cache ", 
        "", 
        "-----------------------------------------------------------", 
        "|                Restarting Nginx Process                 |", 

        "-----------------------------------------------------------", 
        "root      18677  0.0  0.0 106120  1280 ?        S    16:35   0:00 /bin/bash /bak/bin/clear_nginxcache.sh", 
        "root      18690  0.0  1.4 405036 50256 ?        Ss   16:35   0:00 nginx: master process /usr/local/nginx/sbin/nginx", 
        "nobody    18691  0.3  1.5 406964 54732 ?        S    16:35   0:00 nginx: worker process      ", 
        "nobody    18693  0.6  1.5 406964 55084 ?        S    16:35   0:00 nginx: worker process      ", 

        "nobody    18694  0.3  1.5 406964 55084 ?        S    16:35   0:00 nginx: worker process      ", 
        "nobody    18695  0.3  1.5 406964 55084 ?        S    16:35   0:00 nginx: worker process      ", 
        "nobody    18696  0.0  1.4 405036 50752 ?        S    16:35   0:00 nginx: cache manager process", 
        "nobody    18697  0.0  1.4 405036 50640 ?        S    16:35   0:00 nginx: cache loader process", 
        "root      18699  0.0  0.0 103328   848 ?        S    16:35   0:00 grep nginx", 

        "root      79238  0.0  0.0   9120   536 ?        Ss    2018   0:00 /sbin/dhclient -H haomen-nginx7.hk.az.monaco1.me -1 -q -lf /var/lib/dhclient/dhclient-eth0.leases -pf /var/run/dhclient-eth0.pid eth0", 
        "             total       used       free     shared    buffers     cached", 
        "Mem:          3440       2227       1213          2        399        961", 
        "-/+ buffers/cache:        866       2574", 
        "Swap:            0          0          0", 

        "-----------------------------------------------------------", 
        "|                     Reload SUCCESS!                     |", 
        "-----------------------------------------------------------"
    ]
}

ok: [119.9.91.147] => {
    "script_result.stdout_lines": [
        "-----------------------------------------------------------", 
        "|                 Checking Nginx Config                   |", 
        "-----------------------------------------------------------", 

        "", 
        " nginx -t ", 
        "", 
        "-----------------------------------------------------------", 
        "|                 Stopping Nginx Process                  |", 

        "-----------------------------------------------------------", 
        "", 
        " /usr/bin/killall -9 nginx ", 
        "", 
        "-----------------------------------------------------------", 

        "|                 Clearing Proxy Cache                    |", 
        "-----------------------------------------------------------", 
        "", 
        " /bin/rm -rf /tmp/nginx_cache ", 
        "", 

        "-----------------------------------------------------------", 
        "|                Restarting Nginx Process                 |", 
        "-----------------------------------------------------------", 
        "root     22338  2.1  0.0 113180  1496 ?        S    16:35   0:00 /bin/bash /bak/bin/clear_nginxcache.sh", 
        "root     22348  0.0  2.0 394932 39216 ?        Ss   16:35   0:00 nginx: master process /usr/local/nginx/sbin/nginx", 

        "nobody   22349  0.0  2.2 396860 42812 ?        S    16:35   0:00 nginx: worker process", 
        "nobody   22351  0.5  2.2 396860 42812 ?        S    16:35   0:00 nginx: worker process", 
        "nobody   22352  1.0  2.3 396992 44404 ?        S    16:35   0:00 nginx: worker process", 
        "nobody   22353  0.0  2.3 396860 44244 ?        S    16:35   0:00 nginx: worker process", 
        "nobody   22354  0.0  2.1 394932 39636 ?        S    16:35   0:00 nginx: cache manager process", 

        "nobody   22355  0.0  2.1 394932 39636 ?        S    16:35   0:00 nginx: cache loader process", 
        "root     22358  0.0  0.0 112712   960 ?        S    16:35   0:00 grep nginx", 
        "              total        used        free      shared  buff/cache   available", 
        "Mem:           1832         272         318         106        1241        1237", 
        "Swap:             0           0           0", 

        "-----------------------------------------------------------", 
        "|                     Reload SUCCESS!                     |", 
        "-----------------------------------------------------------"
    ]
}

ok: [119.81.239.90] => {
    "script_result.stdout_lines": [
        "-----------------------------------------------------------", 
        "|                 Checking Nginx Config                   |", 
        "-----------------------------------------------------------", 

        "", 
        " nginx -t ", 
        "", 
        "-----------------------------------------------------------", 
        "|                 Stopping Nginx Process                  |", 

        "-----------------------------------------------------------", 
        "", 
        " /usr/bin/killall -9 nginx ", 
        "", 
        "-----------------------------------------------------------", 

        "|                 Clearing Proxy Cache                    |", 
        "-----------------------------------------------------------", 
        "", 
        " /bin/rm -rf /tmp/nginx_cache ", 
        "", 

        "-----------------------------------------------------------", 
        "|                Restarting Nginx Process                 |", 
        "-----------------------------------------------------------", 
        "root     31813  0.8  0.0 113180  1492 ?        S    16:35   0:00 /bin/bash /bak/bin/clear_nginxcache.sh", 
        "root     31826  0.0  1.0 394936 39216 ?        Ss   16:35   0:00 nginx: master process /usr/local/nginx/sbin/nginx", 

        "nobody   31828  0.0  1.0 396864 42564 ?        S    16:35   0:00 nginx: worker process", 
        "nobody   31829  0.0  1.0 396864 42564 ?        S    16:35   0:00 nginx: worker process", 
        "nobody   31830  0.0  1.0 396864 42564 ?        S    16:35   0:00 nginx: worker process", 
        "nobody   31831  0.0  1.0 396864 42564 ?        S    16:35   0:00 nginx: worker process", 
        "nobody   31832  0.0  1.0 394936 39640 ?        S    16:35   0:00 nginx: cache manager process", 

        "nobody   31833  0.0  1.0 394936 39640 ?        S    16:35   0:00 nginx: cache loader process", 
        "root     31835  0.0  0.0 112708   956 ?        S    16:35   0:00 grep nginx", 
        "              total        used        free      shared  buff/cache   available", 
        "Mem:           3783         179         153         201        3451        3098", 
        "Swap:          2047          15        2032", 

        "-----------------------------------------------------------", 
        "|                     Reload SUCCESS!                     |", 
        "-----------------------------------------------------------"
    ]
}

ok: [52.229.201.74] => {
    "script_result.stdout_lines": [
        "-----------------------------------------------------------", 
        "|                 Checking Nginx Config                   |", 
        "-----------------------------------------------------------", 

        "", 
        " nginx -t ", 
        "", 
        "-----------------------------------------------------------", 
        "|                 Stopping Nginx Process                  |", 

        "-----------------------------------------------------------", 
        "", 
        " /usr/bin/killall -9 nginx ", 
        "", 
        "-----------------------------------------------------------", 

        "|                 Clearing Proxy Cache                    |", 
        "-----------------------------------------------------------", 
        "", 
        " /bin/rm -rf /tmp/nginx_cache ", 
        "", 

        "-----------------------------------------------------------", 
        "|                Restarting Nginx Process                 |", 
        "-----------------------------------------------------------", 
        "root     124291  0.6  0.0 113180  1488 ?        S    16:35   0:00 /bin/bash /bak/bin/clear_nginxcache.sh", 
        "root     124298  0.0  0.9 394936 39220 ?        Ss   16:35   0:00 nginx: master process /usr/local/nginx/sbin/nginx", 

        "nobody   124299  0.0  1.0 398948 42648 ?        S    16:35   0:00 nginx: worker process", 
        "nobody   124301  0.0  1.0 398948 42648 ?        S    16:35   0:00 nginx: worker process", 
        "nobody   124302  0.0  1.0 398948 42648 ?        S    16:35   0:00 nginx: worker process", 
        "nobody   124303  0.0  1.0 398948 42648 ?        S    16:35   0:00 nginx: worker process", 
        "nobody   124304  0.0  0.9 397020 39724 ?        S    16:35   0:00 nginx: cache manager process", 

        "nobody   124305  0.0  0.9 397020 39724 ?        S    16:35   0:00 nginx: cache loader process", 
        "root     124307  0.0  0.0 112708   952 ?        S    16:35   0:00 grep nginx", 
        "              total        used        free      shared  buff/cache   available", 
        "Mem:           3934         263         232         203        3437        2945", 
        "Swap:             0           0           0", 

        "-----------------------------------------------------------", 
        "|                     Reload SUCCESS!                     |", 
        "-----------------------------------------------------------"
    ]
}


PLAY [127.0.0.1] ***************************************************************

TASK [sync_to_git : Synchronizing Nginx To GIT] ********************************
changed: [127.0.0.1]


TASK [sync_to_git : debug] *****************************************************
ok: [127.0.0.1] => {
    "msg": " [u'[master 7c20865] emilyn.delacruz', u' 2 files changed, 40 insertions(+)', u' create mode 100644 nginx/conf.d/80-443/81235231.im.conf', u' create mode 100644 nginx/conf.d/80-443/81235237.co.conf', u'Branch master set up to track remote branch master from origin.']"
}


PLAY [haomen-nginx] ************************************************************

PLAY [127.0.0.1] ***************************************************************


PLAY RECAP *********************************************************************
119.81.239.90              : ok=9    changed=2    unreachable=0    failed=0    skipped=2    rescued=0    ignored=0   
119.9.91.147               : ok=9    changed=2    unreachable=0    failed=0    skipped=2    rescued=0    ignored=0   
127.0.0.1                  : ok=2    changed=1    unreachable=0    failed=0    skipped=0    rescued=0    ignored=0   
13.75.90.12                : ok=11   changed=2    unreachable=0    failed=0    skipped=0    rescued=0    ignored=0   

23.99.109.84               : ok=11   changed=2    unreachable=0    failed=0    skipped=0    rescued=0    ignored=0   
52.229.201.74              : ok=9    changed=2    unreachable=0    failed=0    skipped=2    rescued=0    ignored=0   


ESYNC_WORKER1_COMMAND_END
MAX RETRIES EXECUTED, COMMAND NOT RESPONDING