ESYNC_WORKER1_COMMAND_START
[WARNING]: Invalid characters were found in group names but not replaced, use
-vvvv to see details

PLAY [haomen-nginx] ************************************************************


TASK [Gathering Facts] *********************************************************
ok: [13.70.5.137]
ok: [47.74.6.145]
ok: [119.9.91.147]


TASK [nginx_sync : Change python interpreter] **********************************
skipping: [119.9.91.147]
skipping: [47.74.6.145]
skipping: [13.70.5.137]


TASK [nginx_sync : change python interpreter] **********************************
skipping: [119.9.91.147]
skipping: [47.74.6.145]
skipping: [13.70.5.137]


TASK [nginx_sync : Notify] *****************************************************
ok: [119.9.91.147] => {
    "msg": "Syncing haomen-nginx"
}
ok: [47.74.6.145] => {

    "msg": "Syncing haomen-nginx"
}
ok: [13.70.5.137] => {
    "msg": "Syncing haomen-nginx"
}


TASK [nginx_sync : include_vars] ***********************************************
ok: [119.9.91.147]
ok: [47.74.6.145]
ok: [13.70.5.137]


TASK [nginx_sync : Synchronizing Nginx] ****************************************
ok: [13.70.5.137] => (item=conf)
ok: [119.9.91.147] => (item=conf)
changed: [13.70.5.137] => (item=conf.d)

changed: [119.9.91.147] => (item=conf.d)
ok: [47.74.6.145] => (item=conf)
ok: [13.70.5.137] => (item=data)
ok: [119.9.91.147] => (item=data)
changed: [13.70.5.137] => (item=html)

changed: [119.9.91.147] => (item=html)
changed: [47.74.6.145] => (item=conf.d)
ok: [47.74.6.145] => (item=data)
changed: [47.74.6.145] => (item=html)


TASK [nginx_sync : Set HTML Dir to root] ***************************************
changed: [13.70.5.137]
changed: [119.9.91.147]
changed: [47.74.6.145]


TASK [all_servers : include_vars] **********************************************
ok: [119.9.91.147]
ok: [47.74.6.145]
ok: [13.70.5.137]


TASK [all_servers : Notify] ****************************************************
ok: [119.9.91.147] => {
    "msg": "Clearing Nginx Cache for haomen-nginx"
}
ok: [47.74.6.145] => {

    "msg": "Clearing Nginx Cache for haomen-nginx"
}
ok: [13.70.5.137] => {
    "msg": "Clearing Nginx Cache for haomen-nginx"
}


TASK [all_servers : Copying clear_nginxcache.sh to remote hosts] ***************
ok: [13.70.5.137]
ok: [119.9.91.147]
ok: [47.74.6.145]


TASK [all_servers : Nginx Clear Cache] *****************************************
changed: [13.70.5.137]
changed: [119.9.91.147]
changed: [47.74.6.145]


TASK [all_servers : debug] *****************************************************
ok: [119.9.91.147] => {
    "script_result.stdout_lines": [
        "-----------------------------------------------------------", 

        "|                 Checking Nginx Config                   |", 
        "-----------------------------------------------------------", 
        "", 
        " nginx -t ", 
        "", 

        "-----------------------------------------------------------", 
        "|                 Stopping Nginx Process                  |", 
        "-----------------------------------------------------------", 
        "", 
        " /usr/bin/killall -9 nginx ", 

        "", 
        "-----------------------------------------------------------", 
        "|                 Clearing Proxy Cache                    |", 
        "-----------------------------------------------------------", 
        "", 

        " /bin/rm -rf /tmp/nginx_cache ", 
        "", 
        "-----------------------------------------------------------", 
        "|                Restarting Nginx Process                 |", 
        "-----------------------------------------------------------", 

        "root     27140  0.0  0.2 149504  5364 pts/0    S+   15:43   0:00 vim /usr/local/nginx/conf.d/80-443/b1056.com.conf", 
        "root     29601  0.8  0.0 113288  1488 ?        S    15:55   0:00 /bin/bash /bak/bin/clear_nginxcache.sh", 
        "root     29608  0.0  1.6 524772 31364 ?        Ss   15:55   0:00 nginx: master process /usr/local/nginx/sbin/nginx", 
        "nobody   29610  0.5  1.9 671188 36624 ?        S    15:55   0:00 nginx: worker process", 
        "nobody   29611  0.5  1.9 671188 36640 ?        S    15:55   0:00 nginx: worker process", 

        "nobody   29612  0.0  1.9 671188 36512 ?        S    15:55   0:00 nginx: worker process", 
        "nobody   29613  0.0  1.9 671188 36512 ?        S    15:55   0:00 nginx: worker process", 
        "nobody   29614 12.0  9.4 669260 176444 ?       S    15:55   0:00 nginx: cache manager process", 
        "nobody   29615  0.0  1.6 669260 31796 ?        S    15:55   0:00 nginx: cache loader process", 
        "root     29621  0.0  0.0 112812   952 ?        S    15:55   0:00 grep nginx", 

        "              total        used        free      shared  buff/cache   available", 
        "Mem:           1832         327         169         239        1335        1082", 
        "Swap:             0           0           0", 
        "-----------------------------------------------------------", 
        "|                     Reload SUCCESS!                     |", 

        "-----------------------------------------------------------"
    ]
}
ok: [47.74.6.145] => {
    "script_result.stdout_lines": [

        "-----------------------------------------------------------", 
        "|                 Checking Nginx Config                   |", 
        "-----------------------------------------------------------", 
        "", 
        " nginx -t ", 

        "", 
        "-----------------------------------------------------------", 
        "|                 Stopping Nginx Process                  |", 
        "-----------------------------------------------------------", 
        "", 

        " /usr/bin/killall -9 nginx ", 
        "", 
        "-----------------------------------------------------------", 
        "|                 Clearing Proxy Cache                    |", 
        "-----------------------------------------------------------", 

        "", 
        " /bin/rm -rf /tmp/nginx_cache ", 
        "", 
        "-----------------------------------------------------------", 
        "|                Restarting Nginx Process                 |", 

        "-----------------------------------------------------------", 
        "root     30668  0.1  0.0 113188  1480 ?        S    15:55   0:00 /bin/bash /bak/bin/clear_nginxcache.sh", 
        "root     30675  0.0  1.0 531860 40208 ?        Ss   15:55   0:00 nginx: master process /usr/local/nginx/sbin/nginx", 
        "nobody   30676  5.5  4.8 678276 188320 ?       S    15:55   0:00 nginx: worker process", 
        "nobody   30678  0.0  1.1 678276 43904 ?        S    15:55   0:00 nginx: worker process", 

        "nobody   30679  0.0  1.1 678276 43904 ?        S    15:55   0:00 nginx: worker process", 
        "nobody   30680  0.0  1.1 678276 43904 ?        S    15:55   0:00 nginx: worker process", 
        "nobody   30681  0.0  1.0 676348 40632 ?        S    15:55   0:00 nginx: cache manager process", 
        "nobody   30682  0.0  1.0 676348 40632 ?        S    15:55   0:00 nginx: cache loader process", 
        "root     30684  0.0  0.0 112712   936 ?        S    15:55   0:00 grep nginx", 

        "              total        used        free      shared  buff/cache   available", 
        "Mem:           3789         274         373         143        3141        3089", 
        "Swap:             0           0           0", 
        "-----------------------------------------------------------", 
        "|                     Reload SUCCESS!                     |", 

        "-----------------------------------------------------------"
    ]
}
ok: [13.70.5.137] => {
    "script_result.stdout_lines": [

        "-----------------------------------------------------------", 
        "|                 Checking Nginx Config                   |", 
        "-----------------------------------------------------------", 
        "", 
        " nginx -t ", 

        "", 
        "-----------------------------------------------------------", 
        "|                 Stopping Nginx Process                  |", 
        "-----------------------------------------------------------", 
        "", 

        " /usr/bin/killall -9 nginx ", 
        "", 
        "-----------------------------------------------------------", 
        "|                 Clearing Proxy Cache                    |", 
        "-----------------------------------------------------------", 

        "", 
        " /bin/rm -rf /tmp/nginx_cache ", 
        "", 
        "-----------------------------------------------------------", 
        "|                Restarting Nginx Process                 |", 

        "-----------------------------------------------------------", 
        "root     101893  0.6  0.0 113288  1484 ?        S    15:55   0:00 /bin/bash /bak/bin/clear_nginxcache.sh", 
        "root     101900  0.0  0.9 531864 40208 ?        Ss   15:55   0:00 nginx: master process /usr/local/nginx/sbin/nginx", 
        "nobody   101901  0.0  1.0 680364 43992 ?        S    15:55   0:00 nginx: worker process", 
        "nobody   101903  3.0  3.0 680364 121340 ?       D    15:55   0:00 nginx: master process /usr/local/nginx/sbin/nginx", 

        "nobody   101904  0.0  1.0 680364 43992 ?        S    15:55   0:00 nginx: worker process", 
        "nobody   101905  0.0  1.0 680364 43992 ?        S    15:55   0:00 nginx: worker process", 
        "nobody   101906  0.0  1.0 678436 40948 ?        S    15:55   0:00 nginx: cache manager process", 
        "nobody   101907  0.0  1.0 678436 40704 ?        S    15:55   0:00 nginx: cache loader process", 
        "root     101909  0.0  0.0 112816   952 ?        S    15:55   0:00 grep nginx", 

        "              total        used        free      shared  buff/cache   available", 
        "Mem:           3931         444         131         184        3356        3012", 
        "Swap:          2047         135        1912", 
        "-----------------------------------------------------------", 
        "|                     Reload SUCCESS!                     |", 

        "-----------------------------------------------------------"
    ]
}

PLAY [127.0.0.1] ***************************************************************


TASK [sync_to_git : Synchronizing Nginx To GIT] ********************************
changed: [127.0.0.1]

TASK [sync_to_git : debug] *****************************************************

ok: [127.0.0.1] => {
    "msg": " [u'[master 4e41a61] james.cadelina', u' 2 files changed, 35 insertions(+), 3 deletions(-)', u' create mode 100644 nginx/conf.d/other/b1056.com.conf', u'Branch master set up to track remote branch master from origin.']"
}

PLAY [haomen-nginx] ************************************************************


PLAY [127.0.0.1] ***************************************************************

PLAY RECAP *********************************************************************
119.9.91.147               : ok=10   changed=3    unreachable=0    failed=0    skipped=2    rescued=0    ignored=0   

127.0.0.1                  : ok=2    changed=1    unreachable=0    failed=0    skipped=0    rescued=0    ignored=0   
13.70.5.137                : ok=10   changed=3    unreachable=0    failed=0    skipped=2    rescued=0    ignored=0   
47.74.6.145                : ok=10   changed=3    unreachable=0    failed=0    skipped=2    rescued=0    ignored=0   


ESYNC_WORKER1_COMMAND_END
MAX RETRIES EXECUTED, COMMAND NOT RESPONDING