FILENAME: 80-443/12822222.com.conf
-  
+  server {
+      listen 80;
+      server_name 12822222.com www.12822222.com;
+      rewrite ^(.*)$ https://www.12822222.com$1 permanent;
+  }
+  
+  server {
+      listen 443;
+      server_name 12822222.com www.12822222.com;
+      ssl on;
+      ssl_certificate /usr/local/nginx/conf.d/ssl/12822222.com/fullchain.pem;
+      ssl_certificate_key /usr/local/nginx/conf.d/ssl/12822222.com/privkey.pem;
+  
+      if ($http_host !~* 'www') {
+          rewrite ^(.*)$ https://www.$http_host$1 permanent;
+      }
+  
+      include /usr/local/nginx/conf.d/include/haomen_official_masterconfig.include;
+  }
+  
+  

