ESYNC_WORKER1_COMMAND_START
[WARNING]: Invalid characters were found in group names but not replaced, use
-vvvv to see details

PLAY [haomen-nginx] ************************************************************


TASK [Gathering Facts] *********************************************************
ok: [13.70.5.137]
ok: [119.9.91.147]

TASK [nginx_sync : Change python interpreter] **********************************

skipping: [119.9.91.147]
skipping: [13.70.5.137]

TASK [nginx_sync : change python interpreter] **********************************
skipping: [119.9.91.147]

skipping: [13.70.5.137]

TASK [nginx_sync : Notify] *****************************************************
ok: [119.9.91.147] => {
    "msg": "Syncing haomen-nginx"

}
ok: [13.70.5.137] => {
    "msg": "Syncing haomen-nginx"
}


TASK [nginx_sync : include_vars] ***********************************************
ok: [119.9.91.147]
ok: [13.70.5.137]

TASK [nginx_sync : Synchronizing Nginx] ****************************************

ok: [13.70.5.137] => (item=conf)
ok: [119.9.91.147] => (item=conf)
changed: [13.70.5.137] => (item=conf.d)
changed: [119.9.91.147] => (item=conf.d)
changed: [13.70.5.137] => (item=data)

changed: [119.9.91.147] => (item=data)
changed: [13.70.5.137] => (item=html)
changed: [119.9.91.147] => (item=html)

TASK [nginx_sync : Set HTML Dir to root] ***************************************

changed: [13.70.5.137]
changed: [119.9.91.147]

TASK [all_servers : include_vars] **********************************************
ok: [119.9.91.147]

ok: [13.70.5.137]

TASK [all_servers : Notify] ****************************************************
ok: [119.9.91.147] => {
    "msg": "Clearing Nginx Cache for haomen-nginx"

}
ok: [13.70.5.137] => {
    "msg": "Clearing Nginx Cache for haomen-nginx"
}


TASK [all_servers : Copying clear_nginxcache.sh to remote hosts] ***************
ok: [13.70.5.137]
ok: [119.9.91.147]

TASK [all_servers : Nginx Clear Cache] *****************************************

changed: [13.70.5.137]
changed: [119.9.91.147]

TASK [all_servers : debug] *****************************************************
ok: [119.9.91.147] => {

    "script_result.stdout_lines": [
        "-----------------------------------------------------------", 
        "|                 Checking Nginx Config                   |", 
        "-----------------------------------------------------------", 
        "", 

        " nginx -t ", 
        "", 
        "-----------------------------------------------------------", 
        "|                 Stopping Nginx Process                  |", 
        "-----------------------------------------------------------", 

        "", 
        " /usr/bin/killall -9 nginx ", 
        "", 
        "-----------------------------------------------------------", 
        "|                 Clearing Proxy Cache                    |", 

        "-----------------------------------------------------------", 
        "", 
        " /bin/rm -rf /tmp/nginx_cache ", 
        "", 
        "-----------------------------------------------------------", 

        "|                Restarting Nginx Process                 |", 
        "-----------------------------------------------------------", 
        "root     25070  1.4  0.0 113288  1480 ?        S    09:52   0:00 /bin/bash /bak/bin/clear_nginxcache.sh", 
        "root     25083  0.0  1.7 513876 32068 ?        Ss   09:52   0:00 nginx: master process /usr/local/nginx/sbin/nginx", 
        "nobody   25084  0.0  1.8 660292 35524 ?        S    09:52   0:00 nginx: worker process", 

        "nobody   25086  0.0  1.9 660292 35772 ?        S    09:52   0:00 nginx: worker process", 
        "nobody   25087  0.0  1.9 660292 37212 ?        S    09:52   0:00 nginx: worker process", 
        "nobody   25088  0.0  1.8 660292 35524 ?        S    09:52   0:00 nginx: worker process", 
        "nobody   25089  0.0  1.7 658364 32504 ?        S    09:52   0:00 nginx: cache manager process", 
        "nobody   25090  0.0  1.7 658364 32504 ?        S    09:52   0:00 nginx: cache loader process", 

        "root     25095  0.0  0.0 112812   952 ?        S    09:52   0:00 grep nginx", 
        "              total        used        free      shared  buff/cache   available", 
        "Mem:           1832         351         452         239        1028        1077", 
        "Swap:             0           0           0", 
        "-----------------------------------------------------------", 

        "|                     Reload SUCCESS!                     |", 
        "-----------------------------------------------------------"
    ]
}
ok: [13.70.5.137] => {

    "script_result.stdout_lines": [
        "-----------------------------------------------------------", 
        "|                 Checking Nginx Config                   |", 
        "-----------------------------------------------------------", 
        "", 

        " nginx -t ", 
        "", 
        "-----------------------------------------------------------", 
        "|                 Stopping Nginx Process                  |", 
        "-----------------------------------------------------------", 

        "", 
        " /usr/bin/killall -9 nginx ", 
        "", 
        "-----------------------------------------------------------", 
        "|                 Clearing Proxy Cache                    |", 

        "-----------------------------------------------------------", 
        "", 
        " /bin/rm -rf /tmp/nginx_cache ", 
        "", 
        "-----------------------------------------------------------", 

        "|                Restarting Nginx Process                 |", 
        "-----------------------------------------------------------", 
        "root      41167  0.8  0.0 113288  1488 ?        S    09:52   0:00 /bin/bash /bak/bin/clear_nginxcache.sh", 
        "root      41178  0.0  1.0 521188 41124 ?        Ss   09:52   0:00 nginx: master process /usr/local/nginx/sbin/nginx", 
        "nobody    41179  0.0  1.1 669688 44916 ?        S    09:52   0:00 nginx: worker process", 

        "nobody    41181  0.0  1.1 669688 46324 ?        S    09:52   0:00 nginx: worker process", 
        "nobody    41182  0.0  1.1 669688 46324 ?        S    09:52   0:00 nginx: worker process", 
        "nobody    41183  0.0  1.1 669688 46096 ?        S    09:52   0:00 nginx: worker process", 
        "nobody    41184  0.0  1.0 667760 41864 ?        S    09:52   0:00 nginx: cache manager process", 
        "nobody    41185  0.0  1.0 667760 41620 ?        S    09:52   0:00 nginx: cache loader process", 

        "root      41187  0.0  0.0 112812   948 ?        S    09:52   0:00 grep nginx", 
        "              total        used        free      shared  buff/cache   available", 
        "Mem:           3931         483         243          96        3204        3060", 
        "Swap:          2047         280        1767", 
        "-----------------------------------------------------------", 

        "|                     Reload SUCCESS!                     |", 
        "-----------------------------------------------------------"
    ]
}


PLAY [127.0.0.1] ***************************************************************

TASK [sync_to_git : Synchronizing Nginx To GIT] ********************************
changed: [127.0.0.1]


TASK [sync_to_git : debug] *****************************************************
ok: [127.0.0.1] => {
    "msg": " [u'[master 82d2dfb] jerry.lam', u' 1 file changed, 5 insertions(+)', u'Branch master set up to track remote branch master from origin.']"
}


PLAY [haomen-nginx] ************************************************************

PLAY [127.0.0.1] ***************************************************************

PLAY RECAP *********************************************************************

119.9.91.147               : ok=10   changed=3    unreachable=0    failed=0    skipped=2    rescued=0    ignored=0   
127.0.0.1                  : ok=2    changed=1    unreachable=0    failed=0    skipped=0    rescued=0    ignored=0   
13.70.5.137                : ok=10   changed=3    unreachable=0    failed=0    skipped=2    rescued=0    ignored=0   


ESYNC_WORKER1_COMMAND_END
MAX RETRIES EXECUTED, COMMAND NOT RESPONDING