ESYNC_WORKER1_COMMAND_START
[WARNING]: Invalid characters were found in group names but not replaced, use
-vvvv to see details

PLAY [haomen-nginx] ************************************************************


TASK [Gathering Facts] *********************************************************
ok: [13.70.5.137]
ok: [47.74.6.145]
ok: [119.9.91.147]


TASK [nginx_sync : Change python interpreter] **********************************
skipping: [119.9.91.147]
skipping: [47.74.6.145]
skipping: [13.70.5.137]


TASK [nginx_sync : change python interpreter] **********************************
skipping: [119.9.91.147]
skipping: [47.74.6.145]
skipping: [13.70.5.137]


TASK [nginx_sync : Notify] *****************************************************
ok: [119.9.91.147] => {
    "msg": "Syncing haomen-nginx"
}
ok: [47.74.6.145] => {

    "msg": "Syncing haomen-nginx"
}
ok: [13.70.5.137] => {
    "msg": "Syncing haomen-nginx"
}


TASK [nginx_sync : include_vars] ***********************************************
ok: [119.9.91.147]
ok: [47.74.6.145]
ok: [13.70.5.137]


TASK [nginx_sync : Synchronizing Nginx] ****************************************
ok: [13.70.5.137] => (item=conf)
ok: [119.9.91.147] => (item=conf)
changed: [13.70.5.137] => (item=conf.d)

changed: [119.9.91.147] => (item=conf.d)
ok: [47.74.6.145] => (item=conf)
ok: [13.70.5.137] => (item=data)
ok: [119.9.91.147] => (item=data)
changed: [13.70.5.137] => (item=html)

changed: [119.9.91.147] => (item=html)
changed: [47.74.6.145] => (item=conf.d)
ok: [47.74.6.145] => (item=data)
changed: [47.74.6.145] => (item=html)


TASK [nginx_sync : Set HTML Dir to root] ***************************************
changed: [13.70.5.137]
changed: [119.9.91.147]
changed: [47.74.6.145]


TASK [all_servers : include_vars] **********************************************
ok: [119.9.91.147]
ok: [47.74.6.145]
ok: [13.70.5.137]


TASK [all_servers : Notify] ****************************************************
ok: [119.9.91.147] => {
    "msg": "Clearing Nginx Cache for haomen-nginx"
}
ok: [47.74.6.145] => {

    "msg": "Clearing Nginx Cache for haomen-nginx"
}
ok: [13.70.5.137] => {
    "msg": "Clearing Nginx Cache for haomen-nginx"
}


TASK [all_servers : Copying clear_nginxcache.sh to remote hosts] ***************
ok: [13.70.5.137]
ok: [119.9.91.147]
ok: [47.74.6.145]


TASK [all_servers : Nginx Clear Cache] *****************************************
changed: [13.70.5.137]
changed: [47.74.6.145]
changed: [119.9.91.147]


TASK [all_servers : debug] *****************************************************
ok: [119.9.91.147] => {
    "script_result.stdout_lines": [
        "-----------------------------------------------------------", 

        "|                 Checking Nginx Config                   |", 
        "-----------------------------------------------------------", 
        "", 
        " nginx -t ", 
        "", 

        "-----------------------------------------------------------", 
        "|                 Stopping Nginx Process                  |", 
        "-----------------------------------------------------------", 
        "", 
        " /usr/bin/killall -9 nginx ", 

        "", 
        "-----------------------------------------------------------", 
        "|                 Clearing Proxy Cache                    |", 
        "-----------------------------------------------------------", 
        "", 

        " /bin/rm -rf /tmp/nginx_cache ", 
        "", 
        "-----------------------------------------------------------", 
        "|                Restarting Nginx Process                 |", 
        "-----------------------------------------------------------", 

        "root     19390  0.6  0.0 113288  1484 ?        S    14:15   0:00 /bin/bash /bak/bin/clear_nginxcache.sh", 
        "root     19437  0.0  1.6 524476 30224 ?        Ss   14:15   0:00 nginx: master process /usr/local/nginx/sbin/nginx", 
        "nobody   19438  0.1  1.8 670892 35324 ?        S    14:15   0:00 nginx: worker process", 
        "nobody   19439  0.0  1.8 670892 33936 ?        S    14:15   0:00 nginx: worker process", 
        "nobody   19440  0.0  1.8 670892 33940 ?        S    14:15   0:00 nginx: worker process", 

        "nobody   19441  0.1  1.8 670892 35332 ?        S    14:15   0:00 nginx: worker process", 
        "nobody   19442  0.0  1.6 668964 30656 ?        S    14:15   0:00 nginx: cache manager process", 
        "nobody   19443  0.0  1.6 668964 30656 ?        S    14:15   0:00 nginx: cache loader process", 
        "root     19454  0.0  0.0 112812   948 ?        S    14:15   0:00 grep nginx", 
        "              total        used        free      shared  buff/cache   available", 

        "Mem:           1832         291         277         239        1262        1117", 
        "Swap:             0           0           0", 
        "-----------------------------------------------------------", 
        "|                     Reload SUCCESS!                     |", 
        "-----------------------------------------------------------"

    ]
}
ok: [47.74.6.145] => {
    "script_result.stdout_lines": [
        "-----------------------------------------------------------", 

        "|                 Checking Nginx Config                   |", 
        "-----------------------------------------------------------", 
        "", 
        " nginx -t ", 
        "", 

        "-----------------------------------------------------------", 
        "|                 Stopping Nginx Process                  |", 
        "-----------------------------------------------------------", 
        "", 
        " /usr/bin/killall -9 nginx ", 

        "", 
        "-----------------------------------------------------------", 
        "|                 Clearing Proxy Cache                    |", 
        "-----------------------------------------------------------", 
        "", 

        " /bin/rm -rf /tmp/nginx_cache ", 
        "", 
        "-----------------------------------------------------------", 
        "|                Restarting Nginx Process                 |", 
        "-----------------------------------------------------------", 

        "root     10244  0.2  0.0 113188  1480 ?        S    14:15   0:00 /bin/bash /bak/bin/clear_nginxcache.sh", 
        "root     10251  0.0  0.9 531144 38632 ?        Ss   14:15   0:00 nginx: master process /usr/local/nginx/sbin/nginx", 
        "nobody   10252  0.0  1.0 677560 42340 ?        S    14:15   0:00 nginx: worker process", 
        "nobody   10254  0.0  1.0 677560 42340 ?        S    14:15   0:00 nginx: worker process", 
        "nobody   10255  0.0  1.0 677560 42340 ?        S    14:15   0:00 nginx: worker process", 

        "nobody   10256  0.0  1.1 677560 43980 ?        S    14:15   0:00 nginx: worker process", 
        "nobody   10257  0.0  1.0 675632 39056 ?        S    14:15   0:00 nginx: cache manager process", 
        "nobody   10258  0.0  1.0 675632 39056 ?        S    14:15   0:00 nginx: cache loader process", 
        "root     10260  0.0  0.0 112712   936 ?        S    14:15   0:00 grep nginx", 
        "              total        used        free      shared  buff/cache   available", 

        "Mem:           3789         278         208         143        3301        3084", 
        "Swap:             0           0           0", 
        "-----------------------------------------------------------", 
        "|                     Reload SUCCESS!                     |", 
        "-----------------------------------------------------------"

    ]
}
ok: [13.70.5.137] => {
    "script_result.stdout_lines": [
        "-----------------------------------------------------------", 

        "|                 Checking Nginx Config                   |", 
        "-----------------------------------------------------------", 
        "", 
        " nginx -t ", 
        "", 

        "-----------------------------------------------------------", 
        "|                 Stopping Nginx Process                  |", 
        "-----------------------------------------------------------", 
        "", 
        " /usr/bin/killall -9 nginx ", 

        "", 
        "-----------------------------------------------------------", 
        "|                 Clearing Proxy Cache                    |", 
        "-----------------------------------------------------------", 
        "", 

        " /bin/rm -rf /tmp/nginx_cache ", 
        "", 
        "-----------------------------------------------------------", 
        "|                Restarting Nginx Process                 |", 
        "-----------------------------------------------------------", 

        "root       3176  0.5  0.0 113288  1488 ?        S    14:15   0:00 /bin/bash /bak/bin/clear_nginxcache.sh", 
        "root       3183  0.0  0.9 531148 38636 ?        Ss   14:15   0:00 nginx: master process /usr/local/nginx/sbin/nginx", 
        "nobody     3184  0.0  1.0 679648 44084 ?        S    14:15   0:00 nginx: worker process", 
        "nobody     3186  0.0  1.0 679648 42428 ?        S    14:15   0:00 nginx: worker process", 
        "nobody     3187  0.0  1.0 679648 42428 ?        S    14:15   0:00 nginx: worker process", 

        "nobody     3188  0.0  1.0 679648 44084 ?        S    14:15   0:00 nginx: worker process", 
        "nobody     3189  0.0  0.9 677720 39376 ?        S    14:15   0:00 nginx: cache manager process", 
        "nobody     3190  0.0  0.9 677720 39128 ?        S    14:15   0:00 nginx: cache loader process", 
        "root       3192  0.0  0.0 112812   948 ?        S    14:15   0:00 grep nginx", 
        "              total        used        free      shared  buff/cache   available", 

        "Mem:           3931         421         209          97        3300        3122", 
        "Swap:          2047         279        1768", 
        "-----------------------------------------------------------", 
        "|                     Reload SUCCESS!                     |", 
        "-----------------------------------------------------------"

    ]
}

PLAY [127.0.0.1] ***************************************************************


TASK [sync_to_git : Synchronizing Nginx To GIT] ********************************
changed: [127.0.0.1]

TASK [sync_to_git : debug] *****************************************************
ok: [127.0.0.1] => {

    "msg": " [u'[master 9d174cf] laird', u' 1 file changed, 1 deletion(-)', u'Branch master set up to track remote branch master from origin.']"
}

PLAY [haomen-nginx] ************************************************************


PLAY [127.0.0.1] ***************************************************************

PLAY RECAP *********************************************************************
119.9.91.147               : ok=10   changed=3    unreachable=0    failed=0    skipped=2    rescued=0    ignored=0   
127.0.0.1                  : ok=2    changed=1    unreachable=0    failed=0    skipped=0    rescued=0    ignored=0   

13.70.5.137                : ok=10   changed=3    unreachable=0    failed=0    skipped=2    rescued=0    ignored=0   
47.74.6.145                : ok=10   changed=3    unreachable=0    failed=0    skipped=2    rescued=0    ignored=0   


ESYNC_WORKER1_COMMAND_END
MAX RETRIES EXECUTED, COMMAND NOT RESPONDING