ESYNC_WORKER1_COMMAND_START
[WARNING]: Invalid characters were found in group names but not replaced, use
-vvvv to see details

PLAY [haomen-nginx] ************************************************************


TASK [Gathering Facts] *********************************************************
ok: [13.70.5.137]
ok: [119.9.91.147]

TASK [nginx_sync : Change python interpreter] **********************************

skipping: [119.9.91.147]
skipping: [13.70.5.137]

TASK [nginx_sync : change python interpreter] **********************************
skipping: [119.9.91.147]

skipping: [13.70.5.137]

TASK [nginx_sync : Notify] *****************************************************
ok: [119.9.91.147] => {
    "msg": "Syncing haomen-nginx"

}
ok: [13.70.5.137] => {
    "msg": "Syncing haomen-nginx"
}


TASK [nginx_sync : include_vars] ***********************************************
ok: [119.9.91.147]
ok: [13.70.5.137]

TASK [nginx_sync : Synchronizing Nginx] ****************************************

ok: [13.70.5.137] => (item=conf)
ok: [119.9.91.147] => (item=conf)
changed: [13.70.5.137] => (item=conf.d)
changed: [119.9.91.147] => (item=conf.d)
ok: [13.70.5.137] => (item=data)

ok: [119.9.91.147] => (item=data)
changed: [13.70.5.137] => (item=html)
changed: [119.9.91.147] => (item=html)

TASK [nginx_sync : Set HTML Dir to root] ***************************************

changed: [13.70.5.137]
changed: [119.9.91.147]

TASK [all_servers : include_vars] **********************************************
ok: [119.9.91.147]

ok: [13.70.5.137]

TASK [all_servers : Notify] ****************************************************
ok: [119.9.91.147] => {
    "msg": "Clearing Nginx Cache for haomen-nginx"

}
ok: [13.70.5.137] => {
    "msg": "Clearing Nginx Cache for haomen-nginx"
}


TASK [all_servers : Copying clear_nginxcache.sh to remote hosts] ***************
ok: [13.70.5.137]
ok: [119.9.91.147]

TASK [all_servers : Nginx Clear Cache] *****************************************

changed: [13.70.5.137]
changed: [119.9.91.147]

TASK [all_servers : debug] *****************************************************
ok: [119.9.91.147] => {

    "script_result.stdout_lines": [
        "-----------------------------------------------------------", 
        "|                 Checking Nginx Config                   |", 
        "-----------------------------------------------------------", 
        "", 

        " nginx -t ", 
        "", 
        "-----------------------------------------------------------", 
        "|                 Stopping Nginx Process                  |", 
        "-----------------------------------------------------------", 

        "", 
        " /usr/bin/killall -9 nginx ", 
        "", 
        "-----------------------------------------------------------", 
        "|                 Clearing Proxy Cache                    |", 

        "-----------------------------------------------------------", 
        "", 
        " /bin/rm -rf /tmp/nginx_cache ", 
        "", 
        "-----------------------------------------------------------", 

        "|                Restarting Nginx Process                 |", 
        "-----------------------------------------------------------", 
        "root     15581  1.1  0.0 113288  1476 ?        S    09:19   0:00 /bin/bash /bak/bin/clear_nginxcache.sh", 
        "root     15599  0.0  1.7 514492 32068 ?        Ss   09:20   0:00 nginx: master process /usr/local/nginx/sbin/nginx", 
        "nobody   15600  0.0  1.9 660908 37212 ?        S    09:20   0:00 nginx: worker process", 

        "nobody   15601  0.0  1.9 660908 37156 ?        S    09:20   0:00 nginx: worker process", 
        "nobody   15602  0.0  1.9 660908 37172 ?        S    09:20   0:00 nginx: worker process", 
        "nobody   15603  0.0  1.9 660908 37204 ?        S    09:20   0:00 nginx: worker process", 
        "nobody   15604  0.0  1.7 658980 32748 ?        S    09:20   0:00 nginx: cache manager process", 
        "nobody   15605  0.0  1.7 658980 32504 ?        S    09:20   0:00 nginx: cache loader process", 

        "root     15619  0.0  0.0 112812   952 ?        R    09:20   0:00 grep nginx", 
        "              total        used        free      shared  buff/cache   available", 
        "Mem:           1832         384         317         239        1130        1041", 
        "Swap:             0           0           0", 
        "-----------------------------------------------------------", 

        "|                     Reload SUCCESS!                     |", 
        "-----------------------------------------------------------"
    ]
}
ok: [13.70.5.137] => {

    "script_result.stdout_lines": [
        "-----------------------------------------------------------", 
        "|                 Checking Nginx Config                   |", 
        "-----------------------------------------------------------", 
        "", 

        " nginx -t ", 
        "", 
        "-----------------------------------------------------------", 
        "|                 Stopping Nginx Process                  |", 
        "-----------------------------------------------------------", 

        "", 
        " /usr/bin/killall -9 nginx ", 
        "", 
        "-----------------------------------------------------------", 
        "|                 Clearing Proxy Cache                    |", 

        "-----------------------------------------------------------", 
        "", 
        " /bin/rm -rf /tmp/nginx_cache ", 
        "", 
        "-----------------------------------------------------------", 

        "|                Restarting Nginx Process                 |", 
        "-----------------------------------------------------------", 
        "root      15413  0.6  0.0 113288  1484 ?        S    09:19   0:00 /bin/bash /bak/bin/clear_nginxcache.sh", 
        "root      15428  0.0  1.0 521804 41120 ?        Ss   09:20   0:00 nginx: master process /usr/local/nginx/sbin/nginx", 
        "nobody    15429  0.0  1.1 670304 46556 ?        S    09:20   0:00 nginx: worker process", 

        "nobody    15431  0.0  1.1 670304 46580 ?        S    09:20   0:00 nginx: worker process", 
        "nobody    15432  0.0  1.1 670304 44912 ?        S    09:20   0:00 nginx: worker process", 
        "nobody    15433  0.0  1.1 670304 44912 ?        S    09:20   0:00 nginx: worker process", 
        "nobody    15434  0.0  1.0 668376 41860 ?        S    09:20   0:00 nginx: cache manager process", 
        "nobody    15435  0.0  1.0 668376 41616 ?        S    09:20   0:00 nginx: cache loader process", 

        "root      15442  0.0  0.0 112812   952 ?        S    09:20   0:00 grep nginx", 
        "              total        used        free      shared  buff/cache   available", 
        "Mem:           3931         524         246          38        3161        3077", 
        "Swap:          2047         338        1709", 
        "-----------------------------------------------------------", 

        "|                     Reload SUCCESS!                     |", 
        "-----------------------------------------------------------"
    ]
}


PLAY [127.0.0.1] ***************************************************************

TASK [sync_to_git : Synchronizing Nginx To GIT] ********************************
changed: [127.0.0.1]


TASK [sync_to_git : debug] *****************************************************
ok: [127.0.0.1] => {
    "msg": " [u'[master c41ad63] leriza.muralla', u' 1 file changed, 1 insertion(+)', u'Branch master set up to track remote branch master from origin.']"
}


PLAY [haomen-nginx] ************************************************************

PLAY [127.0.0.1] ***************************************************************

PLAY RECAP *********************************************************************

119.9.91.147               : ok=10   changed=3    unreachable=0    failed=0    skipped=2    rescued=0    ignored=0   
127.0.0.1                  : ok=2    changed=1    unreachable=0    failed=0    skipped=0    rescued=0    ignored=0   
13.70.5.137                : ok=10   changed=3    unreachable=0    failed=0    skipped=2    rescued=0    ignored=0   


ESYNC_WORKER1_COMMAND_END
MAX RETRIES EXECUTED, COMMAND NOT RESPONDING