FILENAME: 80-443/baoyunlai88.com.conf
-  
+  server {
+      listen 80;
+      server_name baoyunlai88.com www.baoyunlai88.com;
+      rewrite ^(.*)$ https://www.baoyunlai88.com$1 permanent;
+  }
+  
+  server {
+      listen 443;
+      server_name baoyunlai88.com www.baoyunlai88.com;
+      ssl on;
+      ssl_certificate /usr/local/nginx/conf.d/ssl/baoyunlai88.com/fullchain.pem;
+      ssl_certificate_key /usr/local/nginx/conf.d/ssl/baoyunlai88.com/privkey.pem;
+  
+      if ($http_host !~* 'www') {
+          rewrite ^(.*)$ https://www.$http_host$1 permanent;
+      }
+  
+      include /usr/local/nginx/conf.d/include/haomen_official_masterconfig.include;
+  }
+  
+  

