ESYNC_WORKER1_COMMAND_START
 [WARNING]: Invalid characters were found in group names but not replaced, use
-vvvv to see details

PLAY [haomen-nginx] ************************************************************


TASK [Gathering Facts] *********************************************************
ok: [52.229.201.74]
ok: [119.81.239.90]
ok: [23.99.109.84]
ok: [13.75.90.12]

ok: [47.91.159.75]
ok: [119.9.91.147]

TASK [nginx_sync : Change python interpreter] **********************************
ok: [13.75.90.12]

ok: [23.99.109.84]
skipping: [119.9.91.147]
skipping: [119.81.239.90]
skipping: [52.229.201.74]
skipping: [47.91.159.75]


TASK [nginx_sync : change python interpreter] **********************************
ok: [13.75.90.12]
ok: [23.99.109.84]
skipping: [119.9.91.147]

skipping: [119.81.239.90]
skipping: [52.229.201.74]
skipping: [47.91.159.75]

TASK [nginx_sync : Notify] *****************************************************

ok: [13.75.90.12] => {
    "msg": "Syncing haomen-nginx"
}
ok: [23.99.109.84] => {
    "msg": "Syncing haomen-nginx"

}
ok: [119.9.91.147] => {
    "msg": "Syncing haomen-nginx"
}
ok: [119.81.239.90] => {

    "msg": "Syncing haomen-nginx"
}
ok: [52.229.201.74] => {
    "msg": "Syncing haomen-nginx"
}

ok: [47.91.159.75] => {
    "msg": "Syncing haomen-nginx"
}

TASK [nginx_sync : include_vars] ***********************************************

ok: [13.75.90.12]
ok: [23.99.109.84]
ok: [119.9.91.147]
ok: [119.81.239.90]
ok: [52.229.201.74]

ok: [47.91.159.75]

TASK [nginx_sync : Synchronizing Nginx] ****************************************
ok: [119.81.239.90] => (item=conf)
ok: [52.229.201.74] => (item=conf)

ok: [119.9.91.147] => (item=conf)
ok: [13.75.90.12] => (item=conf)
ok: [23.99.109.84] => (item=conf)
changed: [119.81.239.90] => (item=conf.d)
changed: [52.229.201.74] => (item=conf.d)

changed: [13.75.90.12] => (item=conf.d)
changed: [119.9.91.147] => (item=conf.d)
changed: [23.99.109.84] => (item=conf.d)
ok: [119.81.239.90] => (item=data)
ok: [52.229.201.74] => (item=data)

ok: [13.75.90.12] => (item=data)
ok: [119.9.91.147] => (item=data)
ok: [23.99.109.84] => (item=data)
ok: [119.81.239.90] => (item=html)
ok: [52.229.201.74] => (item=html)

ok: [13.75.90.12] => (item=html)
ok: [119.9.91.147] => (item=html)
ok: [23.99.109.84] => (item=html)
changed: [47.91.159.75] => (item=conf)
changed: [47.91.159.75] => (item=conf.d)

changed: [47.91.159.75] => (item=data)
changed: [47.91.159.75] => (item=html)

TASK [all_servers : include_vars] **********************************************
ok: [13.75.90.12]

ok: [23.99.109.84]
ok: [119.9.91.147]
ok: [119.81.239.90]
ok: [52.229.201.74]
ok: [47.91.159.75]


TASK [all_servers : Notify] ****************************************************
ok: [13.75.90.12] => {
    "msg": "Clearing Nginx Cache for haomen-nginx"
}

ok: [23.99.109.84] => {
    "msg": "Clearing Nginx Cache for haomen-nginx"
}
ok: [119.9.91.147] => {
    "msg": "Clearing Nginx Cache for haomen-nginx"

}
ok: [119.81.239.90] => {
    "msg": "Clearing Nginx Cache for haomen-nginx"
}
ok: [52.229.201.74] => {

    "msg": "Clearing Nginx Cache for haomen-nginx"
}
ok: [47.91.159.75] => {
    "msg": "Clearing Nginx Cache for haomen-nginx"
}


TASK [all_servers : Copying clear_nginxcache.sh to remote hosts] ***************
ok: [119.81.239.90]
ok: [23.99.109.84]
ok: [52.229.201.74]

ok: [119.9.91.147]
ok: [13.75.90.12]
changed: [47.91.159.75]

TASK [all_servers : Nginx Clear Cache] *****************************************

changed: [119.81.239.90]
changed: [119.9.91.147]
changed: [23.99.109.84]
changed: [13.75.90.12]
changed: [52.229.201.74]

changed: [47.91.159.75]

TASK [all_servers : debug] *****************************************************
ok: [13.75.90.12] => {
    "script_result.stdout_lines": [

        "-----------------------------------------------------------", 
        "|                 Checking Nginx Config                   |", 
        "-----------------------------------------------------------", 
        "", 
        " nginx -t ", 

        "", 
        "-----------------------------------------------------------", 
        "|                 Stopping Nginx Process                  |", 
        "-----------------------------------------------------------", 
        "", 

        " /usr/bin/killall -9 nginx ", 
        "", 
        "-----------------------------------------------------------", 
        "|                 Clearing Proxy Cache                    |", 
        "-----------------------------------------------------------", 

        "", 
        " /bin/rm -rf /tmp/nginx_cache ", 
        "", 
        "-----------------------------------------------------------", 
        "|                Restarting Nginx Process                 |", 

        "-----------------------------------------------------------", 
        "root       7703  0.0  0.0 106120  1284 ?        S    14:59   0:00 /bin/bash /bak/bin/clear_nginxcache.sh", 
        "root       7712  0.0  1.4 405036 50256 ?        Ss   14:59   0:00 nginx: master process /usr/local/nginx/sbin/nginx", 
        "nobody     7713  0.5  1.5 406964 55084 ?        S    14:59   0:00 nginx: worker process      ", 
        "nobody     7715  0.0  1.5 406964 54732 ?        S    14:59   0:00 nginx: worker process      ", 

        "nobody     7716  0.0  1.5 406964 55084 ?        S    14:59   0:00 nginx: worker process      ", 
        "nobody     7717  0.0  1.5 406964 55084 ?        S    14:59   0:00 nginx: worker process      ", 
        "nobody     7718  0.0  1.4 405036 50680 ?        S    14:59   0:00 nginx: cache manager process", 
        "nobody     7719  0.0  1.4 405036 50640 ?        S    14:59   0:00 nginx: cache loader process", 
        "root       7724  0.0  0.0 103328   848 ?        S    14:59   0:00 grep nginx", 

        "root      62555  0.0  0.0   9120   532 ?        Ss    2018   0:00 /sbin/dhclient -H haomen-nginx5.hk.az.monaco1.me -1 -q -lf /var/lib/dhclient/dhclient-eth0.leases -pf /var/run/dhclient-eth0.pid eth0", 
        "             total       used       free     shared    buffers     cached", 
        "Mem:          3440       3037        403          2        312        995", 
        "-/+ buffers/cache:       1729       1711", 
        "Swap:            0          0          0", 

        "-----------------------------------------------------------", 
        "|                     Reload SUCCESS!                     |", 
        "-----------------------------------------------------------"
    ]
}

ok: [23.99.109.84] => {
    "script_result.stdout_lines": [
        "-----------------------------------------------------------", 
        "|                 Checking Nginx Config                   |", 
        "-----------------------------------------------------------", 

        "", 
        " nginx -t ", 
        "", 
        "-----------------------------------------------------------", 
        "|                 Stopping Nginx Process                  |", 

        "-----------------------------------------------------------", 
        "", 
        " /usr/bin/killall -9 nginx ", 
        "", 
        "-----------------------------------------------------------", 

        "|                 Clearing Proxy Cache                    |", 
        "-----------------------------------------------------------", 
        "", 
        " /bin/rm -rf /tmp/nginx_cache ", 
        "", 

        "-----------------------------------------------------------", 
        "|                Restarting Nginx Process                 |", 
        "-----------------------------------------------------------", 
        "root      79238  0.0  0.0   9120   536 ?        Ss    2018   0:00 /sbin/dhclient -H haomen-nginx7.hk.az.monaco1.me -1 -q -lf /var/lib/dhclient/dhclient-eth0.leases -pf /var/run/dhclient-eth0.pid eth0", 
        "root     102593  0.1  0.0 106120  1284 ?        S    14:59   0:00 /bin/bash /bak/bin/clear_nginxcache.sh", 

        "root     102602  0.5  1.4 405036 50260 ?        Ss   14:59   0:00 nginx: master process /usr/local/nginx/sbin/nginx", 
        "nobody   102603  0.0  1.5 406964 55088 ?        S    14:59   0:00 nginx: worker process      ", 
        "nobody   102605  0.0  1.5 406964 55060 ?        S    14:59   0:00 nginx: worker process      ", 
        "nobody   102606  0.0  1.5 406964 55088 ?        S    14:59   0:00 nginx: worker process      ", 
        "nobody   102607  0.5  1.5 406964 55088 ?        S    14:59   0:00 nginx: worker process      ", 

        "nobody   102608  0.0  1.4 405036 50684 ?        S    14:59   0:00 nginx: cache manager process", 
        "nobody   102609  0.0  1.4 405036 50644 ?        S    14:59   0:00 nginx: cache loader process", 
        "root     102611  0.0  0.0 103328   848 ?        S    14:59   0:00 grep nginx", 
        "             total       used       free     shared    buffers     cached", 
        "Mem:          3440       2047       1393          2        401       1071", 

        "-/+ buffers/cache:        573       2867", 
        "Swap:            0          0          0", 
        "-----------------------------------------------------------", 
        "|                     Reload SUCCESS!                     |", 
        "-----------------------------------------------------------"

    ]
}
ok: [119.9.91.147] => {
    "script_result.stdout_lines": [
        "-----------------------------------------------------------", 

        "|                 Checking Nginx Config                   |", 
        "-----------------------------------------------------------", 
        "", 
        " nginx -t ", 
        "", 

        "-----------------------------------------------------------", 
        "|                 Stopping Nginx Process                  |", 
        "-----------------------------------------------------------", 
        "", 
        " /usr/bin/killall -9 nginx ", 

        "", 
        "-----------------------------------------------------------", 
        "|                 Clearing Proxy Cache                    |", 
        "-----------------------------------------------------------", 
        "", 

        " /bin/rm -rf /tmp/nginx_cache ", 
        "", 
        "-----------------------------------------------------------", 
        "|                Restarting Nginx Process                 |", 
        "-----------------------------------------------------------", 

        "root     22760  2.1  0.0 113180  1492 ?        S    14:59   0:00 /bin/bash /bak/bin/clear_nginxcache.sh", 
        "root     22770  0.0  2.0 394936 39208 ?        Ss   14:59   0:00 nginx: master process /usr/local/nginx/sbin/nginx", 
        "nobody   22772  0.0  2.2 396864 43052 ?        S    14:59   0:00 nginx: worker process", 
        "nobody   22773  0.0  2.3 396864 44232 ?        S    14:59   0:00 nginx: worker process", 
        "nobody   22774  0.0  2.2 396864 42804 ?        S    14:59   0:00 nginx: worker process", 

        "nobody   22775  0.0  2.2 396864 42552 ?        S    14:59   0:00 nginx: worker process", 
        "nobody   22776  0.0  2.1 394936 39628 ?        S    14:59   0:00 nginx: cache manager process", 
        "nobody   22777  0.0  2.1 394936 39628 ?        S    14:59   0:00 nginx: cache loader process", 
        "root     22781  0.0  0.0 112712   960 ?        S    14:59   0:00 grep nginx", 
        "              total        used        free      shared  buff/cache   available", 

        "Mem:           1832         328         238         106        1265        1179", 
        "Swap:             0           0           0", 
        "-----------------------------------------------------------", 
        "|                     Reload SUCCESS!                     |", 
        "-----------------------------------------------------------"

    ]
}
ok: [119.81.239.90] => {
    "script_result.stdout_lines": [
        "-----------------------------------------------------------", 

        "|                 Checking Nginx Config                   |", 
        "-----------------------------------------------------------", 
        "", 
        " nginx -t ", 
        "", 

        "-----------------------------------------------------------", 
        "|                 Stopping Nginx Process                  |", 
        "-----------------------------------------------------------", 
        "", 
        " /usr/bin/killall -9 nginx ", 

        "", 
        "-----------------------------------------------------------", 
        "|                 Clearing Proxy Cache                    |", 
        "-----------------------------------------------------------", 
        "", 

        " /bin/rm -rf /tmp/nginx_cache ", 
        "", 
        "-----------------------------------------------------------", 
        "|                Restarting Nginx Process                 |", 
        "-----------------------------------------------------------", 

        "root     15922  0.8  0.0 113180  1496 ?        S    14:59   0:00 /bin/bash /bak/bin/clear_nginxcache.sh", 
        "root     15929  0.0  1.0 394936 39212 ?        Ss   14:59   0:00 nginx: master process /usr/local/nginx/sbin/nginx", 
        "nobody   15930  0.0  1.0 396864 42560 ?        S    14:59   0:00 nginx: worker process", 
        "nobody   15932  0.0  1.0 396864 42560 ?        S    14:59   0:00 nginx: worker process", 
        "nobody   15933  0.0  1.0 396864 42560 ?        S    14:59   0:00 nginx: worker process", 

        "nobody   15934  0.0  1.0 396864 42560 ?        S    14:59   0:00 nginx: worker process", 
        "nobody   15935  0.0  1.0 394936 39636 ?        S    14:59   0:00 nginx: cache manager process", 
        "nobody   15936  0.0  1.0 394936 39636 ?        S    14:59   0:00 nginx: cache loader process", 
        "root     15938  0.0  0.0 112708   960 ?        R    14:59   0:00 grep nginx", 
        "              total        used        free      shared  buff/cache   available", 

        "Mem:           3783         215         202         201        3365        3059", 
        "Swap:          2047          16        2030", 
        "-----------------------------------------------------------", 
        "|                     Reload SUCCESS!                     |", 
        "-----------------------------------------------------------"

    ]
}
ok: [52.229.201.74] => {
    "script_result.stdout_lines": [
        "-----------------------------------------------------------", 

        "|                 Checking Nginx Config                   |", 
        "-----------------------------------------------------------", 
        "", 
        " nginx -t ", 
        "", 

        "-----------------------------------------------------------", 
        "|                 Stopping Nginx Process                  |", 
        "-----------------------------------------------------------", 
        "", 
        " /usr/bin/killall -9 nginx ", 

        "", 
        "-----------------------------------------------------------", 
        "|                 Clearing Proxy Cache                    |", 
        "-----------------------------------------------------------", 
        "", 

        " /bin/rm -rf /tmp/nginx_cache ", 
        "", 
        "-----------------------------------------------------------", 
        "|                Restarting Nginx Process                 |", 
        "-----------------------------------------------------------", 

        "root      18071  0.5  0.0 113180  1492 ?        S    14:59   0:00 /bin/bash /bak/bin/clear_nginxcache.sh", 
        "root      18078  0.0  0.9 394936 39224 ?        Ss   14:59   0:00 nginx: master process /usr/local/nginx/sbin/nginx", 
        "nobody    18079  0.0  1.0 398948 42900 ?        S    14:59   0:00 nginx: worker process", 
        "nobody    18081  0.0  1.0 398948 42900 ?        S    14:59   0:00 nginx: worker process", 
        "nobody    18082  0.0  1.0 398948 42900 ?        S    14:59   0:00 nginx: worker process", 

        "nobody    18083  0.0  1.0 398948 43148 ?        S    14:59   0:00 nginx: worker process", 
        "nobody    18084  0.0  0.9 397020 39728 ?        S    14:59   0:00 nginx: cache manager process", 
        "nobody    18085  0.0  0.9 397020 39728 ?        S    14:59   0:00 nginx: cache loader process", 
        "root      18087  0.0  0.0 112708   952 ?        S    14:59   0:00 grep nginx", 
        "              total        used        free      shared  buff/cache   available", 

        "Mem:           3934         294         215         203        3423        2916", 
        "Swap:             0           0           0", 
        "-----------------------------------------------------------", 
        "|                     Reload SUCCESS!                     |", 
        "-----------------------------------------------------------"

    ]
}
ok: [47.91.159.75] => {
    "script_result.stdout_lines": [
        "-----------------------------------------------------------", 

        "|                 Checking Nginx Config                   |", 
        "-----------------------------------------------------------", 
        "", 
        " nginx -t ", 
        "", 

        "-----------------------------------------------------------", 
        "|                 Stopping Nginx Process                  |", 
        "-----------------------------------------------------------", 
        "", 
        " /usr/bin/killall -9 nginx ", 

        "", 
        "-----------------------------------------------------------", 
        "|                 Clearing Proxy Cache                    |", 
        "-----------------------------------------------------------", 
        "", 

        " /bin/rm -rf /tmp/nginx_cache ", 
        "", 
        "-----------------------------------------------------------", 
        "|                Restarting Nginx Process                 |", 
        "-----------------------------------------------------------", 

        "root     17467  0.0  0.4 156288  9072 pts/0    S+   14:53   0:00 vim /usr/local/nginx/conf/nginx.conf", 
        "root     19061  0.3  0.0 113188  1484 ?        S    14:59   0:00 /bin/bash /bak/bin/clear_nginxcache.sh", 
        "root     19070  0.0  2.6 405952 50020 ?        Ss   14:59   0:00 nginx: master process /usr/local/nginx/sbin/nginx", 
        "nobody   19071  0.0  2.8 407880 53360 ?        S    14:59   0:00 nginx: worker process", 
        "nobody   19073  0.0  2.8 407880 53360 ?        S    14:59   0:00 nginx: worker process", 

        "nobody   19074  0.0  2.8 407880 53360 ?        S    14:59   0:00 nginx: worker process", 
        "nobody   19075  0.0  2.8 407880 53360 ?        S    14:59   0:00 nginx: worker process", 
        "nobody   19076  0.0  2.6 405952 50432 ?        S    14:59   0:00 nginx: cache manager process", 
        "nobody   19077  0.0  2.6 405952 50432 ?        S    14:59   0:00 nginx: cache loader process", 
        "root     19080  0.0  0.0 112716   936 ?        S    14:59   0:00 grep nginx", 

        "              total        used        free      shared  buff/cache   available", 
        "Mem:           1837         238         464           2        1134        1413", 
        "Swap:             0           0           0", 
        "-----------------------------------------------------------", 
        "|                     Reload SUCCESS!                     |", 

        "-----------------------------------------------------------"
    ]
}

PLAY [127.0.0.1] ***************************************************************


TASK [sync_to_git : Synchronizing Nginx To GIT] ********************************
changed: [127.0.0.1]

TASK [sync_to_git : debug] *****************************************************

ok: [127.0.0.1] => {
    "msg": " [u'# On branch master', u'# Changes not staged for commit:', u'#   (use \"git add/rm <file>...\" to update what will be committed)', u'#   (use \"git checkout -- <file>...\" to discard changes in working directory)', u'#', u'#\\tdeleted:    nginx/conf.d/80-443/cmbdemo03.com.conf', u'#\\tdeleted:    nginx/conf.d/80-443/cmbdemo04.com.conf', u'#\\tdeleted:    nginx/conf.d/include/haomen_baowangconfig.include', u'#\\tdeleted:    nginx/conf.d/include/haomen_cdnofficial_masterconfig.include', u'#\\tdeleted:    nginx/conf.d/include/haomen_official_masterconfig-bak.include', u'#\\tdeleted:    nginx/conf.d/include/haomen_proxy_masterconfig.include', u'#\\tdeleted:    nginx/conf.d/include/websocket.cdn.include', u'#\\tdeleted:    nginx/conf.d/other/haomen_weihu.conf', u'#\\tdeleted:    nginx/conf.d/other/web.cdn.685728.conf', u'#', u'no changes added to commit (use \"git add\" and/or \"git commit -a\")', u'Branch master set up to track remote branch master from origin.']"
}

PLAY [haomen-nginx] ************************************************************


PLAY [127.0.0.1] ***************************************************************

PLAY RECAP *********************************************************************
119.81.239.90              : ok=9    changed=2    unreachable=0    failed=0    skipped=2    rescued=0    ignored=0   

119.9.91.147               : ok=9    changed=2    unreachable=0    failed=0    skipped=2    rescued=0    ignored=0   
127.0.0.1                  : ok=2    changed=1    unreachable=0    failed=0    skipped=0    rescued=0    ignored=0   
13.75.90.12                : ok=11   changed=2    unreachable=0    failed=0    skipped=0    rescued=0    ignored=0   
23.99.109.84               : ok=11   changed=2    unreachable=0    failed=0    skipped=0    rescued=0    ignored=0   
47.91.159.75               : ok=9    changed=3    unreachable=0    failed=0    skipped=2    rescued=0    ignored=0   

52.229.201.74              : ok=9    changed=2    unreachable=0    failed=0    skipped=2    rescued=0    ignored=0   


ESYNC_WORKER1_COMMAND_END
MAX RETRIES EXECUTED, COMMAND NOT RESPONDING