ESYNC_WORKER1_COMMAND_END
MAX RETRIES EXECUTED, COMMAND NOT RESPONDINGESYNC_WORKER1_COMMAND_START

PLAY [haomen-nginx] ************************************************************

TASK [nginx_sync : Notify] *****************************************************
skipping: [154.223.189.26]

skipping: [119.9.104.70]
skipping: [13.75.90.12]
skipping: [23.99.122.104]
skipping: [23.99.109.84]


TASK [nginx_sync : include_vars] ***********************************************
skipping: [154.223.189.26]
skipping: [119.9.104.70]
skipping: [13.75.90.12]
skipping: [23.99.122.104]

skipping: [23.99.109.84]

TASK [nginx_sync : Synchronizing Nginx] ****************************************
skipping: [154.223.189.26] => (item=conf) 
skipping: [154.223.189.26] => (item=conf.d) 

skipping: [154.223.189.26] => (item=data) 
skipping: [154.223.189.26] => (item=html) 
skipping: [119.9.104.70] => (item=conf) 
skipping: [119.9.104.70] => (item=conf.d) 
skipping: [119.9.104.70] => (item=data) 

skipping: [13.75.90.12] => (item=conf) 
skipping: [119.9.104.70] => (item=html) 
skipping: [13.75.90.12] => (item=conf.d) 
skipping: [13.75.90.12] => (item=data) 
skipping: [13.75.90.12] => (item=html) 

skipping: [23.99.122.104] => (item=conf) 
skipping: [23.99.122.104] => (item=conf.d) 
skipping: [23.99.122.104] => (item=data) 
skipping: [23.99.122.104] => (item=html) 
skipping: [23.99.109.84] => (item=conf) 

skipping: [23.99.109.84] => (item=conf.d) 
skipping: [23.99.109.84] => (item=data) 
skipping: [23.99.109.84] => (item=html) 

TASK [all_servers : include_vars] **********************************************

ok: [154.223.189.26]
ok: [119.9.104.70]
ok: [13.75.90.12]
ok: [23.99.122.104]
ok: [23.99.109.84]


TASK [all_servers : Notify] ****************************************************
ok: [154.223.189.26] => {
    "msg": "Clearing Nginx Cache for haomen-nginx"
}

ok: [119.9.104.70] => {
    "msg": "Clearing Nginx Cache for haomen-nginx"
}
ok: [13.75.90.12] => {
    "msg": "Clearing Nginx Cache for haomen-nginx"

}
ok: [23.99.122.104] => {
    "msg": "Clearing Nginx Cache for haomen-nginx"
}
ok: [23.99.109.84] => {

    "msg": "Clearing Nginx Cache for haomen-nginx"
}

TASK [all_servers : Copying clear_nginxcache.sh to remote hosts] ***************
ok: [23.99.122.104]

ok: [13.75.90.12]
ok: [154.223.189.26]
ok: [119.9.104.70]
ok: [23.99.109.84]


TASK [all_servers : Nginx Clear Cache] *****************************************
changed: [119.9.104.70]
changed: [23.99.109.84]
changed: [23.99.122.104]
changed: [154.223.189.26]

changed: [13.75.90.12]

TASK [all_servers : debug] *****************************************************
ok: [154.223.189.26] => {
    "script_result.stdout_lines": [

        "-----------------------------------------------------------", 
        "|                 Checking Nginx Config                   |", 
        "-----------------------------------------------------------", 
        "", 
        " nginx -t ", 

        "", 
        "-----------------------------------------------------------", 
        "|                 Stopping Nginx Process                  |", 
        "-----------------------------------------------------------", 
        "", 

        " /usr/bin/killall -9 nginx ", 
        "", 
        "-----------------------------------------------------------", 
        "|                 Clearing Proxy Cache                    |", 
        "-----------------------------------------------------------", 

        "", 
        " /bin/rm -rf /tmp/nginx_cache ", 
        "", 
        "-----------------------------------------------------------", 
        "|                Restarting Nginx Process                 |", 

        "-----------------------------------------------------------", 
        "root     32124  0.0  0.0 106084  1408 ?        S    15:07   0:00 /bin/bash /bak/bin/clear_nginxcache.sh", 
        "root     32133  0.0  1.1 811796 46444 ?        Ss   15:07   0:00 nginx: master process /usr/local/nginx/sbin/nginx", 
        "nobody   32134  0.0  1.2 813724 52300 ?        S    15:07   0:00 nginx: worker process      ", 
        "nobody   32136  0.0  1.2 813724 52288 ?        S    15:07   0:00 nginx: worker process      ", 

        "nobody   32137  0.0  1.2 813724 51152 ?        S    15:07   0:00 nginx: worker process      ", 
        "nobody   32138  0.0  1.2 813724 51148 ?        S    15:07   0:00 nginx: worker process      ", 
        "nobody   32139  0.0  1.1 811796 47980 ?        S    15:07   0:00 nginx: cache manager process", 
        "nobody   32140  0.0  1.1 811796 47940 ?        S    15:07   0:00 nginx: cache loader process", 
        "root     32143  0.0  0.0 103324   868 ?        S    15:07   0:00 grep nginx", 

        "             total       used       free     shared    buffers     cached", 
        "Mem:          3961       3759        201          5        208        477", 
        "-/+ buffers/cache:       3073        888", 
        "Swap:         4095         63       4032", 
        "-----------------------------------------------------------", 

        "|                     Reload SUCCESS!                     |", 
        "-----------------------------------------------------------"
    ]
}
ok: [119.9.104.70] => {

    "script_result.stdout_lines": [
        "-----------------------------------------------------------", 
        "|                 Checking Nginx Config                   |", 
        "-----------------------------------------------------------", 
        "", 

        " nginx -t ", 
        "", 
        "-----------------------------------------------------------", 
        "|                 Stopping Nginx Process                  |", 
        "-----------------------------------------------------------", 

        "", 
        " /usr/bin/killall -9 nginx ", 
        "", 
        "-----------------------------------------------------------", 
        "|                 Clearing Proxy Cache                    |", 

        "-----------------------------------------------------------", 
        "", 
        " /bin/rm -rf /tmp/nginx_cache ", 
        "", 
        "-----------------------------------------------------------", 

        "|                Restarting Nginx Process                 |", 
        "-----------------------------------------------------------", 
        "root      3074  0.0  0.0 106084  1440 ?        S    15:07   0:00 /bin/bash /bak/bin/clear_nginxcache.sh", 
        "root      3080  0.0  1.1 811864 46520 ?        Ss   15:07   0:00 nginx: master process /usr/local/nginx/sbin/nginx", 
        "nobody    3081  1.0  1.2 813924 52544 ?        S    15:07   0:00 nginx: worker process      ", 

        "nobody    3083  1.0  1.2 813792 52392 ?        S    15:07   0:00 nginx: worker process      ", 
        "nobody    3084  0.5  1.2 813792 52376 ?        S    15:07   0:00 nginx: worker process      ", 
        "nobody    3085  1.5  1.2 813792 52460 ?        S    15:07   0:00 nginx: worker process      ", 
        "nobody    3086  0.0  1.1 811864 48068 ?        S    15:07   0:00 nginx: cache manager process", 
        "nobody    3087  0.0  1.1 811864 48012 ?        S    15:07   0:00 nginx: cache loader process", 

        "root      3089  0.0  0.0 103324   880 ?        R    15:07   0:00 grep nginx", 
        "             total       used       free     shared    buffers     cached", 
        "Mem:          3954       3594        359          5        202        510", 
        "-/+ buffers/cache:       2880       1073", 
        "Swap:            0          0          0", 

        "-----------------------------------------------------------", 
        "|                     Reload SUCCESS!                     |", 
        "-----------------------------------------------------------"
    ]
}

ok: [13.75.90.12] => {
    "script_result.stdout_lines": [
        "-----------------------------------------------------------", 
        "|                 Checking Nginx Config                   |", 
        "-----------------------------------------------------------", 

        "", 
        " nginx -t ", 
        "", 
        "-----------------------------------------------------------", 
        "|                 Stopping Nginx Process                  |", 

        "-----------------------------------------------------------", 
        "", 
        " /usr/bin/killall -9 nginx ", 
        "", 
        "-----------------------------------------------------------", 

        "|                 Clearing Proxy Cache                    |", 
        "-----------------------------------------------------------", 
        "", 
        " /bin/rm -rf /tmp/nginx_cache ", 
        "", 

        "-----------------------------------------------------------", 
        "|                Restarting Nginx Process                 |", 
        "-----------------------------------------------------------", 
        "root      62555  0.0  0.0   9120   652 ?        Ss    2018   0:00 /sbin/dhclient -H haomen-nginx5.hk.az.monaco1.me -1 -q -lf /var/lib/dhclient/dhclient-eth0.leases -pf /var/run/dhclient-eth0.pid eth0", 
        "root     120249  0.0  0.0 106120  1296 ?        S    15:07   0:00 /bin/bash /bak/bin/clear_nginxcache.sh", 

        "root     120401  0.0  1.3 811864 46444 ?        Ss   15:07   0:00 nginx: master process /usr/local/nginx/sbin/nginx", 
        "nobody   120402  0.1  1.4 813792 52300 ?        S    15:07   0:00 nginx: worker process      ", 
        "nobody   120403  0.3  1.4 813792 52316 ?        S    15:07   0:00 nginx: worker process      ", 
        "nobody   120404  0.8  1.4 813792 52300 ?        S    15:07   0:00 nginx: worker process      ", 
        "nobody   120405  0.3  1.4 813792 52308 ?        S    15:07   0:00 nginx: worker process      ", 

        "nobody   120406  0.0  1.3 811864 47996 ?        S    15:07   0:00 nginx: cache manager process", 
        "nobody   120407  0.0  1.3 811864 47972 ?        S    15:07   0:00 nginx: cache loader process", 
        "root     120437  0.0  0.0 103332   852 ?        S    15:07   0:00 grep nginx", 
        "             total       used       free     shared    buffers     cached", 
        "Mem:          3440       3157        283          5        225        425", 

        "-/+ buffers/cache:       2507        933", 
        "Swap:            0          0          0", 
        "-----------------------------------------------------------", 
        "|                     Reload SUCCESS!                     |", 
        "-----------------------------------------------------------"

    ]
}
ok: [23.99.122.104] => {
    "script_result.stdout_lines": [
        "-----------------------------------------------------------", 

        "|                 Checking Nginx Config                   |", 
        "-----------------------------------------------------------", 
        "", 
        " nginx -t ", 
        "", 

        "-----------------------------------------------------------", 
        "|                 Stopping Nginx Process                  |", 
        "-----------------------------------------------------------", 
        "", 
        " /usr/bin/killall -9 nginx ", 

        "", 
        "-----------------------------------------------------------", 
        "|                 Clearing Proxy Cache                    |", 
        "-----------------------------------------------------------", 
        "", 

        " /bin/rm -rf /tmp/nginx_cache ", 
        "", 
        "-----------------------------------------------------------", 
        "|                Restarting Nginx Process                 |", 
        "-----------------------------------------------------------", 

        "root      21100  0.0  0.1 139184  4904 pts/0    S+   13:37   0:00 vim /usr/local/nginx/conf.d/include/haomen_proxy_masterconfig.include", 
        "root      24897  0.0  0.0 100912   592 pts/1    S+   13:49   0:00 tailf /usr/local/nginx/logs/haomen_proxy.access.log", 
        "root      46042  0.0  0.0 106120  1292 ?        S    15:07   0:00 /bin/bash /bak/bin/clear_nginxcache.sh", 
        "root      46051  0.0  1.3 811864 46456 ?        Ss   15:07   0:00 nginx: master process /usr/local/nginx/sbin/nginx", 
        "nobody    46052  0.0  1.4 813792 52312 ?        S    15:07   0:00 nginx: worker process      ", 

        "nobody    46054  0.0  1.4 813792 52404 ?        S    15:07   0:00 nginx: worker process      ", 
        "nobody    46055  0.0  1.4 813792 51188 ?        S    15:07   0:00 nginx: worker process      ", 
        "nobody    46056  0.0  1.4 813792 51176 ?        S    15:07   0:00 nginx: worker process      ", 
        "nobody    46057  0.0  1.3 811864 48004 ?        S    15:07   0:00 nginx: cache manager process", 
        "nobody    46058  0.0  1.3 811864 47952 ?        S    15:07   0:00 nginx: cache loader process", 

        "root      46060  0.0  0.0 103332   852 ?        S    15:07   0:00 grep nginx", 
        "root      79406  0.0  0.0   9120   652 ?        Ss    2018   0:00 /sbin/dhclient -H haomen-nginx2.hk.az.monaco1.me -1 -q -lf /var/lib/dhclient/dhclient-eth0.leases -pf /var/run/dhclient-eth0.pid eth0", 
        "             total       used       free     shared    buffers     cached", 
        "Mem:          3440       3269        170          5        222        512", 
        "-/+ buffers/cache:       2535        905", 

        "Swap:            0          0          0", 
        "-----------------------------------------------------------", 
        "|                     Reload SUCCESS!                     |", 
        "-----------------------------------------------------------"
    ]

}
ok: [23.99.109.84] => {
    "script_result.stdout_lines": [
        "-----------------------------------------------------------", 
        "|                 Checking Nginx Config                   |", 

        "-----------------------------------------------------------", 
        "", 
        " nginx -t ", 
        "", 
        "-----------------------------------------------------------", 

        "|                 Stopping Nginx Process                  |", 
        "-----------------------------------------------------------", 
        "", 
        " /usr/bin/killall -9 nginx ", 
        "", 

        "-----------------------------------------------------------", 
        "|                 Clearing Proxy Cache                    |", 
        "-----------------------------------------------------------", 
        "", 
        " /bin/rm -rf /tmp/nginx_cache ", 

        "", 
        "-----------------------------------------------------------", 
        "|                Restarting Nginx Process                 |", 
        "-----------------------------------------------------------", 
        "root      79238  0.0  0.0   9120   656 ?        Ss    2018   0:00 /sbin/dhclient -H haomen-nginx7.hk.az.monaco1.me -1 -q -lf /var/lib/dhclient/dhclient-eth0.leases -pf /var/run/dhclient-eth0.pid eth0", 

        "root      94735  0.0  0.0 106120  1296 ?        S    15:07   0:00 /bin/bash /bak/bin/clear_nginxcache.sh", 
        "root      94744  0.3  1.3 811864 46456 ?        Ss   15:07   0:00 nginx: master process /usr/local/nginx/sbin/nginx", 
        "nobody    94746  1.0  1.4 813792 52400 ?        S    15:07   0:00 nginx: worker process      ", 
        "nobody    94747  0.6  1.4 813792 52392 ?        S    15:07   0:00 nginx: worker process      ", 
        "nobody    94748  1.0  1.4 813940 52344 ?        S    15:07   0:00 nginx: worker process      ", 

        "nobody    94749  1.0  1.4 813792 52396 ?        S    15:07   0:00 nginx: worker process      ", 
        "nobody    94750  0.0  1.3 811864 48008 ?        S    15:07   0:00 nginx: cache manager process", 
        "nobody    94751  0.0  1.3 811864 47952 ?        S    15:07   0:00 nginx: cache loader process", 
        "root      94919  0.0  0.0 103332   856 ?        S    15:07   0:00 grep nginx", 
        "             total       used       free     shared    buffers     cached", 

        "Mem:          3440       3253        187          5        221        404", 
        "-/+ buffers/cache:       2627        813", 
        "Swap:            0          0          0", 
        "-----------------------------------------------------------", 
        "|                     Reload SUCCESS!                     |", 

        "-----------------------------------------------------------"
    ]
}

PLAY [127.0.0.1] ***************************************************************


TASK [sync_to_git : Synchronizing Nginx To GIT] ********************************
skipping: [127.0.0.1]

TASK [sync_to_git : debug] *****************************************************

skipping: [127.0.0.1]

PLAY [haomen-nginx] ************************************************************

PLAY [127.0.0.1] ***************************************************************


PLAY RECAP *********************************************************************
119.9.104.70               : ok=5    changed=1    unreachable=0    failed=0   
127.0.0.1                  : ok=0    changed=0    unreachable=0    failed=0   
13.75.90.12                : ok=5    changed=1    unreachable=0    failed=0   

154.223.189.26             : ok=5    changed=1    unreachable=0    failed=0   
23.99.109.84               : ok=5    changed=1    unreachable=0    failed=0   
23.99.122.104              : ok=5    changed=1    unreachable=0    failed=0   


