ESYNC_WORKER1_COMMAND_START

PLAY [haomen-nginx] ************************************************************

TASK [nginx_sync : Notify] *****************************************************
ok: [23.99.122.104] => {

    "msg": "Syncing haomen-nginx"
}
ok: [119.9.104.70] => {
    "msg": "Syncing haomen-nginx"
}

ok: [13.75.90.12] => {
    "msg": "Syncing haomen-nginx"
}
ok: [154.223.189.26] => {
    "msg": "Syncing haomen-nginx"

}
ok: [23.99.109.84] => {
    "msg": "Syncing haomen-nginx"
}


TASK [nginx_sync : include_vars] ***********************************************
ok: [23.99.122.104]
ok: [119.9.104.70]
ok: [13.75.90.12]
ok: [154.223.189.26]

ok: [23.99.109.84]

TASK [nginx_sync : Synchronizing Nginx] ****************************************
ok: [13.75.90.12] => (item=conf)
ok: [23.99.122.104] => (item=conf)

ok: [119.9.104.70] => (item=conf)
ok: [23.99.109.84] => (item=conf)
changed: [13.75.90.12] => (item=conf.d)
changed: [23.99.122.104] => (item=conf.d)
ok: [154.223.189.26] => (item=conf)

changed: [23.99.109.84] => (item=conf.d)
changed: [119.9.104.70] => (item=conf.d)
ok: [13.75.90.12] => (item=data)
ok: [23.99.109.84] => (item=data)
ok: [119.9.104.70] => (item=data)

ok: [13.75.90.12] => (item=html)
changed: [154.223.189.26] => (item=conf.d)
ok: [119.9.104.70] => (item=html)
ok: [23.99.109.84] => (item=html)
ok: [154.223.189.26] => (item=data)

ok: [154.223.189.26] => (item=html)
ok: [23.99.122.104] => (item=data)
ok: [23.99.122.104] => (item=html)

TASK [all_servers : include_vars] **********************************************

ok: [23.99.122.104]
ok: [119.9.104.70]
ok: [13.75.90.12]
ok: [154.223.189.26]
ok: [23.99.109.84]


TASK [all_servers : Notify] ****************************************************
ok: [23.99.122.104] => {
    "msg": "Clearing Nginx Cache for haomen-nginx"
}

ok: [119.9.104.70] => {
    "msg": "Clearing Nginx Cache for haomen-nginx"
}
ok: [13.75.90.12] => {
    "msg": "Clearing Nginx Cache for haomen-nginx"

}
ok: [154.223.189.26] => {
    "msg": "Clearing Nginx Cache for haomen-nginx"
}
ok: [23.99.109.84] => {

    "msg": "Clearing Nginx Cache for haomen-nginx"
}

TASK [all_servers : Copying clear_nginxcache.sh to remote hosts] ***************
ok: [23.99.122.104]

ok: [13.75.90.12]
ok: [23.99.109.84]
ok: [154.223.189.26]
ok: [119.9.104.70]


TASK [all_servers : Nginx Clear Cache] *****************************************
changed: [154.223.189.26]
changed: [13.75.90.12]
changed: [23.99.122.104]
changed: [119.9.104.70]

changed: [23.99.109.84]

TASK [all_servers : debug] *****************************************************
ok: [23.99.122.104] => {
    "script_result.stdout_lines": [

        "-----------------------------------------------------------", 
        "|                 Checking Nginx Config                   |", 
        "-----------------------------------------------------------", 
        "", 
        " nginx -t ", 

        "", 
        "-----------------------------------------------------------", 
        "|                 Stopping Nginx Process                  |", 
        "-----------------------------------------------------------", 
        "", 

        " /usr/bin/killall -9 nginx ", 
        "", 
        "-----------------------------------------------------------", 
        "|                 Clearing Proxy Cache                    |", 
        "-----------------------------------------------------------", 

        "", 
        " /bin/rm -rf /tmp/nginx_cache ", 
        "", 
        "-----------------------------------------------------------", 
        "|                Restarting Nginx Process                 |", 

        "-----------------------------------------------------------", 
        "root      79406  0.0  0.0   9120   652 ?        Ss    2018   0:00 /sbin/dhclient -H haomen-nginx2.hk.az.monaco1.me -1 -q -lf /var/lib/dhclient/dhclient-eth0.leases -pf /var/run/dhclient-eth0.pid eth0", 
        "root      89911  0.0  0.0 106120  1296 ?        S    09:44   0:00 /bin/bash /bak/bin/clear_nginxcache.sh", 
        "root      90063  0.0  1.3 811844 46428 ?        Ss   09:44   0:00 nginx: master process /usr/local/nginx/sbin/nginx", 
        "nobody    90064  0.0  1.4 813772 51148 ?        S    09:44   0:00 nginx: worker process      ", 

        "nobody    90065  0.0  1.4 813772 51144 ?        S    09:44   0:00 nginx: worker process      ", 
        "nobody    90066  0.1  1.4 813772 51144 ?        S    09:44   0:00 nginx: worker process      ", 
        "nobody    90067  0.0  1.4 813772 51144 ?        S    09:44   0:00 nginx: worker process      ", 
        "nobody    90068  0.0  1.3 811844 47988 ?        S    09:44   0:00 nginx: cache manager process", 
        "nobody    90069  0.0  1.3 811844 47920 ?        S    09:44   0:00 nginx: cache loader process", 

        "root      90102  0.0  0.0 103328   848 ?        S    09:44   0:00 grep nginx", 
        "             total       used       free     shared    buffers     cached", 
        "Mem:          3440       1740       1699          5        246        734", 
        "-/+ buffers/cache:        759       2680", 
        "Swap:            0          0          0", 

        "-----------------------------------------------------------", 
        "|                     Reload SUCCESS!                     |", 
        "-----------------------------------------------------------"
    ]
}

ok: [119.9.104.70] => {
    "script_result.stdout_lines": [
        "-----------------------------------------------------------", 
        "|                 Checking Nginx Config                   |", 
        "-----------------------------------------------------------", 

        "", 
        " nginx -t ", 
        "", 
        "-----------------------------------------------------------", 
        "|                 Stopping Nginx Process                  |", 

        "-----------------------------------------------------------", 
        "", 
        " /usr/bin/killall -9 nginx ", 
        "", 
        "-----------------------------------------------------------", 

        "|                 Clearing Proxy Cache                    |", 
        "-----------------------------------------------------------", 
        "", 
        " /bin/rm -rf /tmp/nginx_cache ", 
        "", 

        "-----------------------------------------------------------", 
        "|                Restarting Nginx Process                 |", 
        "-----------------------------------------------------------", 
        "root     13709  0.0  0.0 106084  1436 ?        S    09:44   0:00 /bin/bash /bak/bin/clear_nginxcache.sh", 
        "root     13715  0.0  1.1 811844 46492 ?        Ss   09:44   0:00 nginx: master process /usr/local/nginx/sbin/nginx", 

        "nobody   13716  0.6  1.2 813772 52364 ?        R    09:44   0:00 nginx: worker process      ", 
        "nobody   13718  0.6  1.2 813772 52352 ?        S    09:44   0:00 nginx: worker process      ", 
        "nobody   13719  0.3  1.2 813772 52348 ?        S    09:44   0:00 nginx: worker process      ", 
        "nobody   13720  0.3  1.2 813772 52348 ?        R    09:44   0:00 nginx: worker process      ", 
        "nobody   13721  0.0  1.1 811844 48040 ?        S    09:44   0:00 nginx: cache manager process", 

        "nobody   13722  0.0  1.1 811844 48004 ?        S    09:44   0:00 nginx: cache loader process", 
        "root     13724  0.0  0.0 103324   884 ?        R    09:44   0:00 grep nginx", 
        "             total       used       free     shared    buffers     cached", 
        "Mem:          3954       3350        604          5        227        465", 
        "-/+ buffers/cache:       2656       1297", 

        "Swap:            0          0          0", 
        "-----------------------------------------------------------", 
        "|                     Reload SUCCESS!                     |", 
        "-----------------------------------------------------------"
    ]

}
ok: [13.75.90.12] => {
    "script_result.stdout_lines": [
        "-----------------------------------------------------------", 
        "|                 Checking Nginx Config                   |", 

        "-----------------------------------------------------------", 
        "", 
        " nginx -t ", 
        "", 
        "-----------------------------------------------------------", 

        "|                 Stopping Nginx Process                  |", 
        "-----------------------------------------------------------", 
        "", 
        " /usr/bin/killall -9 nginx ", 
        "", 

        "-----------------------------------------------------------", 
        "|                 Clearing Proxy Cache                    |", 
        "-----------------------------------------------------------", 
        "", 
        " /bin/rm -rf /tmp/nginx_cache ", 

        "", 
        "-----------------------------------------------------------", 
        "|                Restarting Nginx Process                 |", 
        "-----------------------------------------------------------", 
        "root      39951  0.0  0.0 106120  1292 ?        S    09:44   0:00 /bin/bash /bak/bin/clear_nginxcache.sh", 

        "root      39960  0.0  1.3 811844 46432 ?        Ss   09:44   0:00 nginx: master process /usr/local/nginx/sbin/nginx", 
        "nobody    39962  0.5  1.4 813772 52292 ?        S    09:44   0:00 nginx: worker process      ", 
        "nobody    39963  0.0  1.4 813772 52304 ?        S    09:44   0:00 nginx: worker process      ", 
        "nobody    39964  0.5  1.4 813772 52288 ?        S    09:44   0:00 nginx: worker process      ", 
        "nobody    39965  0.5  1.4 813772 52288 ?        S    09:44   0:00 nginx: worker process      ", 

        "nobody    39966  0.0  1.3 811844 48000 ?        S    09:44   0:00 nginx: cache manager process", 
        "nobody    39967  0.0  1.3 811844 47944 ?        S    09:44   0:00 nginx: cache loader process", 
        "root      39969  0.0  0.0 103328   848 ?        S    09:44   0:00 grep nginx", 
        "root      62555  0.0  0.0   9120   644 ?        Ss    2018   0:00 /sbin/dhclient -H haomen-nginx5.hk.az.monaco1.me -1 -q -lf /var/lib/dhclient/dhclient-eth0.leases -pf /var/run/dhclient-eth0.pid eth0", 
        "             total       used       free     shared    buffers     cached", 

        "Mem:          3440       2568        872          5        242        587", 
        "-/+ buffers/cache:       1738       1702", 
        "Swap:            0          0          0", 
        "-----------------------------------------------------------", 
        "|                     Reload SUCCESS!                     |", 

        "-----------------------------------------------------------"
    ]
}
ok: [154.223.189.26] => {
    "script_result.stdout_lines": [

        "-----------------------------------------------------------", 
        "|                 Checking Nginx Config                   |", 
        "-----------------------------------------------------------", 
        "", 
        " nginx -t ", 

        "", 
        "-----------------------------------------------------------", 
        "|                 Stopping Nginx Process                  |", 
        "-----------------------------------------------------------", 
        "", 

        " /usr/bin/killall -9 nginx ", 
        "", 
        "-----------------------------------------------------------", 
        "|                 Clearing Proxy Cache                    |", 
        "-----------------------------------------------------------", 

        "", 
        " /bin/rm -rf /tmp/nginx_cache ", 
        "", 
        "-----------------------------------------------------------", 
        "|                Restarting Nginx Process                 |", 

        "-----------------------------------------------------------", 
        "root      1618  0.0  0.0 106084  1412 ?        S    09:44   0:00 /bin/bash /bak/bin/clear_nginxcache.sh", 
        "root      1624  0.0  1.1 811772 46420 ?        Ss   09:44   0:00 nginx: master process /usr/local/nginx/sbin/nginx", 
        "nobody    1626  0.0  1.2 813700 51144 ?        S    09:44   0:00 nginx: worker process      ", 
        "nobody    1627  0.0  1.2 813700 51124 ?        S    09:44   0:00 nginx: worker process      ", 

        "nobody    1628  0.0  1.2 813700 51124 ?        S    09:44   0:00 nginx: worker process      ", 
        "nobody    1629  0.0  1.2 813700 51124 ?        S    09:44   0:00 nginx: worker process      ", 
        "nobody    1630  0.0  1.1 811772 47972 ?        S    09:44   0:00 nginx: cache manager process", 
        "nobody    1631  0.0  1.1 811772 47920 ?        S    09:44   0:00 nginx: cache loader process", 
        "root      1637  0.0  0.0 103324   864 ?        S    09:44   0:00 grep nginx", 

        "             total       used       free     shared    buffers     cached", 
        "Mem:          3961       3745        216          5        192        512", 
        "-/+ buffers/cache:       3039        922", 
        "Swap:         4095         92       4003", 
        "-----------------------------------------------------------", 

        "|                     Reload SUCCESS!                     |", 
        "-----------------------------------------------------------"
    ]
}
ok: [23.99.109.84] => {

    "script_result.stdout_lines": [
        "-----------------------------------------------------------", 
        "|                 Checking Nginx Config                   |", 
        "-----------------------------------------------------------", 
        "", 

        " nginx -t ", 
        "", 
        "-----------------------------------------------------------", 
        "|                 Stopping Nginx Process                  |", 
        "-----------------------------------------------------------", 

        "", 
        " /usr/bin/killall -9 nginx ", 
        "", 
        "-----------------------------------------------------------", 
        "|                 Clearing Proxy Cache                    |", 

        "-----------------------------------------------------------", 
        "", 
        " /bin/rm -rf /tmp/nginx_cache ", 
        "", 
        "-----------------------------------------------------------", 

        "|                Restarting Nginx Process                 |", 
        "-----------------------------------------------------------", 
        "root      79238  0.0  0.0   9120   572 ?        Ss    2018   0:00 /sbin/dhclient -H haomen-nginx7.hk.az.monaco1.me -1 -q -lf /var/lib/dhclient/dhclient-eth0.leases -pf /var/run/dhclient-eth0.pid eth0", 
        "root     110704  0.2  0.0 106120  1296 ?        S    09:44   0:00 /bin/bash /bak/bin/clear_nginxcache.sh", 
        "root     110856  0.0  1.3 811844 46428 ?        Ss   09:44   0:00 nginx: master process /usr/local/nginx/sbin/nginx", 

        "nobody   110857  0.1  1.4 813772 52280 ?        S    09:44   0:00 nginx: worker process      ", 
        "nobody   110858  0.2  1.4 813920 52336 ?        S    09:44   0:00 nginx: worker process      ", 
        "nobody   110859  0.1  1.4 813772 52280 ?        S    09:44   0:00 nginx: worker process      ", 
        "nobody   110860  0.3  1.4 813772 52300 ?        S    09:44   0:00 nginx: worker process      ", 
        "nobody   110861  0.0  1.3 811844 47972 ?        S    09:44   0:00 nginx: cache manager process", 

        "nobody   110862  0.0  1.3 811844 47936 ?        S    09:44   0:00 nginx: cache loader process", 
        "root     110895  0.0  0.0 103332   856 ?        S    09:44   0:00 grep nginx", 
        "             total       used       free     shared    buffers     cached", 
        "Mem:          3440       3167        272          5        229        544", 
        "-/+ buffers/cache:       2394       1046", 

        "Swap:            0          0          0", 
        "-----------------------------------------------------------", 
        "|                     Reload SUCCESS!                     |", 
        "-----------------------------------------------------------"
    ]

}

PLAY [127.0.0.1] ***************************************************************

TASK [sync_to_git : Synchronizing Nginx To GIT] ********************************

changed: [127.0.0.1]

TASK [sync_to_git : debug] *****************************************************
ok: [127.0.0.1] => {
    "script_result.stdout_lines": [

        "[master f74e6b3] simon.liu", 
        " 1 file changed, 1 insertion(+), 1 deletion(-)", 
        "Branch master set up to track remote branch master from origin."
    ]
}


PLAY [haomen-nginx] ************************************************************

PLAY [127.0.0.1] ***************************************************************


PLAY RECAP *********************************************************************
119.9.104.70               : ok=8    changed=2    unreachable=0    failed=0   
127.0.0.1                  : ok=2    changed=1    unreachable=0    failed=0   
13.75.90.12                : ok=8    changed=2    unreachable=0    failed=0   
154.223.189.26             : ok=8    changed=2    unreachable=0    failed=0   

23.99.109.84               : ok=8    changed=2    unreachable=0    failed=0   
23.99.122.104              : ok=8    changed=2    unreachable=0    failed=0   


ESYNC_WORKER1_COMMAND_END
MAX RETRIES EXECUTED, COMMAND NOT RESPONDING