 server {
        listen       80;#HTTP 的端口
        server_name  api.opusapi.net .authapi.net .loginapi.net test.loginapi.net test99.loginapi.net .gameapi.info .opconapi.net;
        charset utf-8;

        #access_log  logs/loginapi.access.log  main;
        error_log  logs/loginapi.error.log;


		location ~ ^/(WEB-INF)/ {
			deny all;
		}
        location /bsgame { 
            access_log  logs/loginapiBSgame.access.log  main; 
            access_log  logs/loginapiBSgame.access.log.logstash.log logstash; 
            include whiteBSgame.conf; 
            include proxy.conf.gm; 
            proxy_pass http://clientgamecalled; # 反向代理 
        } 

        location /opusgame {  
            access_log  logs/loginapiOPUSgame.access.log  main;  
            access_log  logs/loginapiOPUSgame.access.log.logstash.log logstash;  
            include whiteOPUSgame.conf;  
            include proxy.conf.gm;  
            proxy_pass http://clientgamecalled; # 反向代理  
        }  
 
        location /eagame {   
            access_log  logs/loginapiEAgame.access.log  main;   
            access_log  logs/loginapiEAgame.access.log.logstash.log logstash;   
            include whiteEAgame.conf;   
            include proxy.conf.gm;   
            proxy_pass http://clientgamecalled; # 反向代理   
        }   
 
        location /aggame {   
            access_log  logs/loginapiAGgame.access.log  main;   
            access_log  logs/loginapiAGgame.access.log.logstash.log logstash;   
            include whiteAGgame.conf;   
            include proxy.conf.gm;   
            proxy_pass http://clientgamecalled; # 反向代理   
        }   

        location /sagame {    
            access_log  logs/loginapiSAgame.access.log  main;    
            access_log  logs/loginapiSAgame.access.log.logstash.log logstash;    
            include whiteSAgame.conf;    
            include proxy.conf.gm;    
            proxy_pass http://clientgamecalled; # 反向代理    
        }   

        location /ibsgame {  # this is ISB game. accdg to sir Jay wrong spelling but currently in-use
            access_log  logs/loginapiISBgame.access.log  main;
            access_log  logs/loginapiISBgame.access.log.logstash.log logstash;
            include whiteISBgame.conf;
            include proxy.conf.gm;
            proxy_pass http://clientgamecalled; # 反向代理    
        }

        location /isbgame { # in-use also for the new projects
            access_log  logs/loginapiISBgame.access.log  main;
            access_log  logs/loginapiISBgame.access.log.logstash.log logstash;
            include whiteISBgame.conf;
            include proxy.conf.gm;
            proxy_pass http://clientgamecalled; # 反向代理    
        }

        location /ebetgame {
            access_log  logs/loginapiEBETgame.access.log  main;
            access_log  logs/loginapiEBETgame.access.log.logstash.log logstash;
            include whiteEBETgame.conf;
            include proxy.conf.gm;
            proxy_pass http://clientgamecalled; # 反向代理    
        }

        location / {
        access_log  logs/loginapi.access.log  main;
        access_log  logs/loginapi.access.log.logstash.log logstash;
            include proxy.conf.gm;
            proxy_pass http://clientgamecalled; # 反向代理
        }
        error_page 404 404.jsp;
        error_page 500 502 503 500.jsp;
}	





