ESYNC_COMMAND_START

PLAY [Mirror-CPMS-ClientGameCalled__NginxForward] ******************************

TASK [nginx_sync : Notify] *****************************************************
ok: [23.99.114.30] => {

    "msg": "Syncing Mirror-CPMS-ClientGameCalled__NginxForward"
}
ok: [119.9.110.31] => {
    "msg": "Syncing Mirror-CPMS-ClientGameCalled__NginxForward"
}


TASK [nginx_sync : include_vars] ***********************************************
ok: [23.99.114.30]
ok: [119.9.110.31]


TASK [nginx_sync : Synchronizing Nginx] ****************************************
ok: [119.9.110.31] => (item=conf)
ok: [23.99.114.30] => (item=conf)
changed: [119.9.110.31] => (item=conf.d)
changed: [23.99.114.30] => (item=conf.d)

ok: [119.9.110.31] => (item=data)
ok: [23.99.114.30] => (item=data)
ok: [119.9.110.31] => (item=html)
ok: [23.99.114.30] => (item=html)


TASK [all_servers : include_vars] **********************************************
ok: [23.99.114.30]
ok: [119.9.110.31]

TASK [all_servers : Notify] ****************************************************

ok: [23.99.114.30] => {
    "msg": "Clearing Nginx Cache for Mirror-CPMS-ClientGameCalled__NginxForward"
}
ok: [119.9.110.31] => {
    "msg": "Clearing Nginx Cache for Mirror-CPMS-ClientGameCalled__NginxForward"

}

TASK [all_servers : Copying clear_nginxcache.sh to remote hosts] ***************
ok: [23.99.114.30]
ok: [119.9.110.31]


TASK [all_servers : Nginx Clear Cache] *****************************************
changed: [119.9.110.31]
changed: [23.99.114.30]


TASK [all_servers : debug] *****************************************************
ok: [23.99.114.30] => {
    "script_result.stdout_lines": [
        "-----------------------------------------------------------", 
        "|                 Checking Nginx Config                   |", 

        "-----------------------------------------------------------", 
        "", 
        " nginx -t ", 
        "", 
        "-----------------------------------------------------------", 

        "|                 Stopping Nginx Process                  |", 
        "-----------------------------------------------------------", 
        "", 
        " /usr/bin/killall -9 nginx ", 
        "", 

        "-----------------------------------------------------------", 
        "|                 Clearing Proxy Cache                    |", 
        "-----------------------------------------------------------", 
        "", 
        " /bin/rm -rf /tmp/nginx_cache ", 

        "", 
        "-----------------------------------------------------------", 
        "|                Restarting Nginx Process                 |", 
        "-----------------------------------------------------------", 
        "root      68368  0.0  0.0 106120  1292 ?        S    09:50   0:00 /bin/bash /bak/bin/clear_nginxcache.sh", 

        "root      68374  0.0  0.1 461420  4304 ?        Ss   09:50   0:00 nginx: master process /usr/local/nginx/sbin/nginx", 
        "nobody    68375  0.3  0.3 467988 13084 ?        S    09:50   0:00 nginx: worker process      ", 
        "nobody    68377  0.0  0.3 467988 13084 ?        S    09:50   0:00 nginx: worker process      ", 
        "nobody    68378  0.0  0.3 467988 13092 ?        S    09:50   0:00 nginx: worker process      ", 
        "nobody    68379  0.0  0.3 467988 13104 ?        S    09:50   0:00 nginx: worker process      ", 

        "nobody    68380  0.0  0.1 461420  4720 ?        S    09:50   0:00 nginx: cache manager process", 
        "nobody    68381  0.0  0.1 461420  4668 ?        S    09:50   0:00 nginx: cache loader process", 
        "root      68383  0.0  0.0 103328   844 ?        S    09:50   0:00 grep nginx", 
        "             total       used       free     shared    buffers     cached", 
        "Mem:          3440       3264        175          2        218       2636", 

        "-/+ buffers/cache:        409       3030", 
        "Swap:            0          0          0", 
        "-----------------------------------------------------------", 
        "|                     Reload SUCCESS!                     |", 
        "-----------------------------------------------------------"

    ]
}
ok: [119.9.110.31] => {
    "script_result.stdout_lines": [
        "-----------------------------------------------------------", 

        "|                 Checking Nginx Config                   |", 
        "-----------------------------------------------------------", 
        "", 
        " nginx -t ", 
        "", 

        "-----------------------------------------------------------", 
        "|                 Stopping Nginx Process                  |", 
        "-----------------------------------------------------------", 
        "", 
        " /usr/bin/killall -9 nginx ", 

        "", 
        "-----------------------------------------------------------", 
        "|                 Clearing Proxy Cache                    |", 
        "-----------------------------------------------------------", 
        "", 

        " /bin/rm -rf /tmp/nginx_cache ", 
        "", 
        "-----------------------------------------------------------", 
        "|                Restarting Nginx Process                 |", 
        "-----------------------------------------------------------", 

        "root     25915  0.0  0.0 106064  1436 ?        S    09:50   0:00 /bin/bash /bak/bin/clear_nginxcache.sh", 
        "root     25921  0.0  0.1 461544  4392 ?        Ss   09:50   0:00 nginx: master process /usr/local/nginx/sbin/nginx", 
        "nobody   25922  0.0  0.3 467952 12576 ?        S    09:50   0:00 nginx: worker process      ", 
        "nobody   25924  0.0  0.3 467952 12984 ?        S    09:50   0:00 nginx: worker process      ", 
        "nobody   25925  0.0  0.3 467952 12576 ?        S    09:50   0:00 nginx: worker process      ", 

        "nobody   25926  0.0  0.3 467952 12576 ?        S    09:50   0:00 nginx: worker process      ", 
        "nobody   25927  0.0  0.1 461544  4872 ?        S    09:50   0:00 nginx: cache manager process", 
        "nobody   25928  0.0  0.1 461544  4756 ?        S    09:50   0:00 nginx: cache loader process", 
        "root     25930  0.0  0.0 103244   880 ?        S    09:50   0:00 grep nginx", 
        "             total       used       free     shared    buffers     cached", 

        "Mem:          3954       3112        841          2        711       1175", 
        "-/+ buffers/cache:       1225       2728", 
        "Swap:            0          0          0", 
        "-----------------------------------------------------------", 
        "|                     Reload SUCCESS!                     |", 

        "-----------------------------------------------------------"
    ]
}

PLAY [127.0.0.1] ***************************************************************


TASK [sync_to_git : Synchronizing Nginx To GIT] ********************************
changed: [127.0.0.1]

TASK [sync_to_git : debug] *****************************************************

ok: [127.0.0.1] => {
    "script_result.stdout_lines": [
        "[master 89cd291] jommel.valdez", 
        " 1 file changed, 35 insertions(+)", 
        "Branch master set up to track remote branch master from origin."

    ]
}

PLAY [Mirror-CPMS-ClientGameCalled__NginxForward] ******************************


PLAY [127.0.0.1] ***************************************************************

PLAY RECAP *********************************************************************
119.9.110.31               : ok=8    changed=2    unreachable=0    failed=0   
127.0.0.1                  : ok=2    changed=1    unreachable=0    failed=0   

23.99.114.30               : ok=8    changed=2    unreachable=0    failed=0   


ESYNC_COMMAND_END
MAX RETRIES EXECUTED, COMMAND NOT RESPONDING