ESYNC_COMMAND_START

PLAY [Mirror-CPMS-ClientGameCalled__NginxForward] ******************************

TASK [nginx_sync : Notify] *****************************************************
ok: [23.99.114.30] => {

    "msg": "Syncing Mirror-CPMS-ClientGameCalled__NginxForward"
}
ok: [119.9.110.31] => {
    "msg": "Syncing Mirror-CPMS-ClientGameCalled__NginxForward"
}


TASK [nginx_sync : include_vars] ***********************************************
ok: [23.99.114.30]
ok: [119.9.110.31]


TASK [nginx_sync : Synchronizing Nginx] ****************************************
ok: [119.9.110.31] => (item=conf)
ok: [23.99.114.30] => (item=conf)
changed: [119.9.110.31] => (item=conf.d)
changed: [23.99.114.30] => (item=conf.d)

ok: [119.9.110.31] => (item=data)
ok: [23.99.114.30] => (item=data)
ok: [119.9.110.31] => (item=html)
ok: [23.99.114.30] => (item=html)


TASK [all_servers : include_vars] **********************************************
ok: [23.99.114.30]
ok: [119.9.110.31]

TASK [all_servers : Notify] ****************************************************

ok: [23.99.114.30] => {
    "msg": "Clearing Nginx Cache for Mirror-CPMS-ClientGameCalled__NginxForward"
}
ok: [119.9.110.31] => {
    "msg": "Clearing Nginx Cache for Mirror-CPMS-ClientGameCalled__NginxForward"

}

TASK [all_servers : Copying clear_nginxcache.sh to remote hosts] ***************
ok: [23.99.114.30]
ok: [119.9.110.31]


TASK [all_servers : Nginx Clear Cache] *****************************************
changed: [119.9.110.31]
changed: [23.99.114.30]


TASK [all_servers : debug] *****************************************************
ok: [23.99.114.30] => {
    "script_result.stdout_lines": [
        "-----------------------------------------------------------", 
        "|                 Checking Nginx Config                   |", 

        "-----------------------------------------------------------", 
        "", 
        " nginx -t ", 
        "", 
        "-----------------------------------------------------------", 

        "|                 Stopping Nginx Process                  |", 
        "-----------------------------------------------------------", 
        "", 
        " /usr/bin/killall -9 nginx ", 
        "", 

        "-----------------------------------------------------------", 
        "|                 Clearing Proxy Cache                    |", 
        "-----------------------------------------------------------", 
        "", 
        " /bin/rm -rf /tmp/nginx_cache ", 

        "", 
        "-----------------------------------------------------------", 
        "|                Restarting Nginx Process                 |", 
        "-----------------------------------------------------------", 
        "root      85661  0.0  0.0 106120  1296 ?        S    10:30   0:00 /bin/bash /bak/bin/clear_nginxcache.sh", 

        "root      85667  0.0  0.0 459160  3040 ?        Ss   10:30   0:00 nginx: master process /usr/local/nginx/sbin/nginx", 
        "nobody    85668  0.0  0.3 467652 11704 ?        S    10:30   0:00 nginx: worker process      ", 
        "nobody    85670  0.0  0.3 467652 12216 ?        S    10:30   0:00 nginx: worker process      ", 
        "nobody    85671  0.0  0.3 467652 12216 ?        S    10:30   0:00 nginx: worker process      ", 
        "nobody    85672  0.0  0.3 467652 11704 ?        S    10:30   0:00 nginx: worker process      ", 

        "nobody    85673  0.0  0.0 459160  3456 ?        S    10:30   0:00 nginx: cache manager process", 
        "nobody    85674  0.0  0.0 459160  3404 ?        S    10:30   0:00 nginx: cache loader process", 
        "root      85676  0.0  0.0 103328   848 ?        S    10:30   0:00 grep nginx", 
        "             total       used       free     shared    buffers     cached", 
        "Mem:          3440       3257        182          2        215       2654", 

        "-/+ buffers/cache:        388       3052", 
        "Swap:            0          0          0", 
        "-----------------------------------------------------------", 
        "|                     Reload SUCCESS!                     |", 
        "-----------------------------------------------------------"

    ]
}
ok: [119.9.110.31] => {
    "script_result.stdout_lines": [
        "-----------------------------------------------------------", 

        "|                 Checking Nginx Config                   |", 
        "-----------------------------------------------------------", 
        "", 
        " nginx -t ", 
        "", 

        "-----------------------------------------------------------", 
        "|                 Stopping Nginx Process                  |", 
        "-----------------------------------------------------------", 
        "", 
        " /usr/bin/killall -9 nginx ", 

        "", 
        "-----------------------------------------------------------", 
        "|                 Clearing Proxy Cache                    |", 
        "-----------------------------------------------------------", 
        "", 

        " /bin/rm -rf /tmp/nginx_cache ", 
        "", 
        "-----------------------------------------------------------", 
        "|                Restarting Nginx Process                 |", 
        "-----------------------------------------------------------", 

        "root     30158  0.0  0.0 106064  1428 ?        S    10:30   0:00 /bin/bash /bak/bin/clear_nginxcache.sh", 
        "root     30164  0.0  0.0 459268  3136 ?        Ss   10:30   0:00 nginx: master process /usr/local/nginx/sbin/nginx", 
        "nobody   30165  0.0  0.2 467760 11868 ?        S    10:30   0:00 nginx: worker process      ", 
        "nobody   30167  0.0  0.3 467760 12276 ?        S    10:30   0:00 nginx: worker process      ", 
        "nobody   30168  0.0  0.2 467760 11868 ?        S    10:30   0:00 nginx: worker process      ", 

        "nobody   30169  0.0  0.2 467760 11868 ?        S    10:30   0:00 nginx: worker process      ", 
        "nobody   30170  0.0  0.0 459268  3624 ?        S    10:30   0:00 nginx: cache manager process", 
        "nobody   30171  0.0  0.0 459268  3508 ?        S    10:30   0:00 nginx: cache loader process", 
        "root     30173  0.0  0.0 103244   876 ?        S    10:30   0:00 grep nginx", 
        "             total       used       free     shared    buffers     cached", 

        "Mem:          3954       3196        757          2        708       1263", 
        "-/+ buffers/cache:       1223       2730", 
        "Swap:            0          0          0", 
        "-----------------------------------------------------------", 
        "|                     Reload SUCCESS!                     |", 

        "-----------------------------------------------------------"
    ]
}

PLAY [127.0.0.1] ***************************************************************

ESYNC_COMMAND_END
MAX RETRIES EXECUTED, COMMAND NOT RESPONDING
TASK [sync_to_git : Synchronizing Nginx To GIT] ********************************
changed: [127.0.0.1]

TASK [sync_to_git : debug] *****************************************************

ok: [127.0.0.1] => {
    "script_result.stdout_lines": [
        "[master 867abc5] jommel.valdez", 
        " 1 file changed, 2 insertions(+), 2 deletions(-)", 
        "Branch master set up to track remote branch master from origin."

    ]
}

PLAY [Mirror-CPMS-ClientGameCalled__NginxForward] ******************************


PLAY [127.0.0.1] ***************************************************************

PLAY RECAP *********************************************************************
119.9.110.31               : ok=8    changed=2    unreachable=0    failed=0   
127.0.0.1                  : ok=2    changed=1    unreachable=0    failed=0   

23.99.114.30               : ok=8    changed=2    unreachable=0    failed=0   


