ESYNC_COMMAND_START

PLAY [Mirror-CPMS-ClientGameCalled__NginxForward] ******************************

TASK [nginx_sync : Notify] *****************************************************
ok: [23.99.114.30] => {

    "msg": "Syncing Mirror-CPMS-ClientGameCalled__NginxForward"
}
ok: [119.9.110.31] => {
    "msg": "Syncing Mirror-CPMS-ClientGameCalled__NginxForward"
}


TASK [nginx_sync : include_vars] ***********************************************
ok: [23.99.114.30]
ok: [119.9.110.31]


TASK [nginx_sync : Synchronizing Nginx] ****************************************
ok: [119.9.110.31] => (item=conf)
ok: [23.99.114.30] => (item=conf)
changed: [119.9.110.31] => (item=conf.d)
changed: [23.99.114.30] => (item=conf.d)

ok: [119.9.110.31] => (item=data)
ok: [23.99.114.30] => (item=data)
ok: [119.9.110.31] => (item=html)
ok: [23.99.114.30] => (item=html)


TASK [all_servers : include_vars] **********************************************
ok: [23.99.114.30]
ok: [119.9.110.31]

TASK [all_servers : Notify] ****************************************************

ok: [23.99.114.30] => {
    "msg": "Clearing Nginx Cache for Mirror-CPMS-ClientGameCalled__NginxForward"
}
ok: [119.9.110.31] => {
    "msg": "Clearing Nginx Cache for Mirror-CPMS-ClientGameCalled__NginxForward"

}

TASK [all_servers : Copying clear_nginxcache.sh to remote hosts] ***************
ok: [119.9.110.31]
ok: [23.99.114.30]


TASK [all_servers : Nginx Clear Cache] *****************************************
changed: [23.99.114.30]
changed: [119.9.110.31]


TASK [all_servers : debug] *****************************************************
ok: [23.99.114.30] => {
    "script_result.stdout_lines": [
        "-----------------------------------------------------------", 
        "|                 Checking Nginx Config                   |", 

        "-----------------------------------------------------------", 
        "", 
        " nginx -t ", 
        "", 
        "-----------------------------------------------------------", 

        "|                 Stopping Nginx Process                  |", 
        "-----------------------------------------------------------", 
        "", 
        " /usr/bin/killall -9 nginx ", 
        "", 

        "-----------------------------------------------------------", 
        "|                 Clearing Proxy Cache                    |", 
        "-----------------------------------------------------------", 
        "", 
        " /bin/rm -rf /tmp/nginx_cache ", 

        "", 
        "-----------------------------------------------------------", 
        "|                Restarting Nginx Process                 |", 
        "-----------------------------------------------------------", 
        "root     109664  0.0  0.0 106120  1292 ?        S    14:01   0:00 /bin/bash /bak/bin/clear_nginxcache.sh", 

        "root     109763  0.0  0.1 462000  4880 ?        Ss   14:01   0:00 nginx: master process /usr/local/nginx/sbin/nginx", 
        "nobody   109764  1.0  0.3 468568 13664 ?        S    14:01   0:00 nginx: worker process      ", 
        "nobody   109765  0.0  0.3 468568 13672 ?        S    14:01   0:00 nginx: worker process      ", 
        "nobody   109766  0.5  0.3 468568 13684 ?        S    14:01   0:00 nginx: worker process      ", 
        "nobody   109767  0.5  0.3 468568 13668 ?        S    14:01   0:00 nginx: worker process      ", 

        "nobody   109768  0.0  0.1 462000  5288 ?        S    14:01   0:00 nginx: cache manager process", 
        "nobody   109769  0.0  0.1 462000  5236 ?        S    14:01   0:00 nginx: cache loader process", 
        "root     109834  0.0  0.0 103328   848 ?        S    14:01   0:00 grep nginx", 
        "             total       used       free     shared    buffers     cached", 
        "Mem:          3440       3308        132          2        202       2011", 

        "-/+ buffers/cache:       1093       2346", 
        "Swap:            0          0          0", 
        "-----------------------------------------------------------", 
        "|                     Reload SUCCESS!                     |", 
        "-----------------------------------------------------------"

    ]
}
ok: [119.9.110.31] => {
    "script_result.stdout_lines": [
        "-----------------------------------------------------------", 

        "|                 Checking Nginx Config                   |", 
        "-----------------------------------------------------------", 
        "", 
        " nginx -t ", 
        "", 

        "-----------------------------------------------------------", 
        "|                 Stopping Nginx Process                  |", 
        "-----------------------------------------------------------", 
        "", 
        " /usr/bin/killall -9 nginx ", 

        "", 
        "-----------------------------------------------------------", 
        "|                 Clearing Proxy Cache                    |", 
        "-----------------------------------------------------------", 
        "", 

        " /bin/rm -rf /tmp/nginx_cache ", 
        "", 
        "-----------------------------------------------------------", 
        "|                Restarting Nginx Process                 |", 
        "-----------------------------------------------------------", 

        "root     23451  0.0  0.0 106064  1436 ?        S    14:01   0:00 /bin/bash /bak/bin/clear_nginxcache.sh", 
        "root     23457  0.0  0.1 464132  4996 ?        Ss   14:01   0:00 nginx: master process /usr/local/nginx/sbin/nginx", 
        "nobody   23459  0.0  0.3 470700 13372 ?        S    14:01   0:00 nginx: worker process      ", 
        "nobody   23460  0.0  0.3 470700 13372 ?        S    14:01   0:00 nginx: worker process      ", 
        "nobody   23461  0.0  0.3 470700 13600 ?        S    14:01   0:00 nginx: worker process      ", 

        "nobody   23462  0.0  0.3 470700 13372 ?        S    14:01   0:00 nginx: worker process      ", 
        "nobody   23463  0.0  0.1 464132  5500 ?        S    14:01   0:00 nginx: cache manager process", 
        "nobody   23464  0.0  0.1 464132  5372 ?        S    14:01   0:00 nginx: cache loader process", 
        "root     23482  0.0  0.0 103244   872 ?        R    14:01   0:00 grep nginx", 
        "             total       used       free     shared    buffers     cached", 

        "Mem:          3954       3805        148          2        206       1493", 
        "-/+ buffers/cache:       2106       1847", 
        "Swap:            0          0          0", 
        "-----------------------------------------------------------", 
        "|                     Reload SUCCESS!                     |", 

        "-----------------------------------------------------------"
    ]
}

PLAY [127.0.0.1] ***************************************************************


TASK [sync_to_git : Synchronizing Nginx To GIT] ********************************
changed: [127.0.0.1]

TASK [sync_to_git : debug] *****************************************************

ok: [127.0.0.1] => {
    "script_result.stdout_lines": [
        "[master 64ef8e1] jommel.valdez", 
        " 1 file changed, 37 insertions(+), 1 deletion(-)", 
        "Branch master set up to track remote branch master from origin."

    ]
}

PLAY [Mirror-CPMS-ClientGameCalled__NginxForward] ******************************


PLAY [127.0.0.1] ***************************************************************

PLAY RECAP *********************************************************************
119.9.110.31               : ok=8    changed=2    unreachable=0    failed=0   
127.0.0.1                  : ok=2    changed=1    unreachable=0    failed=0   

23.99.114.30               : ok=8    changed=2    unreachable=0    failed=0   


ESYNC_COMMAND_END
MAX RETRIES EXECUTED, COMMAND NOT RESPONDING