ESYNC_COMMAND_END
MAX RETRIES EXECUTED, COMMAND NOT RESPONDINGESYNC_COMMAND_START

PLAY [Mirror-CPMS-ClientGameCalled__NginxForward] ******************************

TASK [nginx_sync : Notify] *****************************************************
ok: [23.99.114.30] => {

    "msg": "Syncing Mirror-CPMS-ClientGameCalled__NginxForward"
}
ok: [119.9.110.31] => {
    "msg": "Syncing Mirror-CPMS-ClientGameCalled__NginxForward"
}


TASK [nginx_sync : include_vars] ***********************************************
ok: [23.99.114.30]
ok: [119.9.110.31]


TASK [nginx_sync : Synchronizing Nginx] ****************************************
ok: [23.99.114.30] => (item=conf)
ok: [119.9.110.31] => (item=conf)
changed: [119.9.110.31] => (item=conf.d)
changed: [23.99.114.30] => (item=conf.d)

ok: [119.9.110.31] => (item=data)
ok: [23.99.114.30] => (item=data)
ok: [119.9.110.31] => (item=html)
ok: [23.99.114.30] => (item=html)


TASK [all_servers : include_vars] **********************************************
ok: [23.99.114.30]
ok: [119.9.110.31]

TASK [all_servers : Notify] ****************************************************

ok: [23.99.114.30] => {
    "msg": "Clearing Nginx Cache for Mirror-CPMS-ClientGameCalled__NginxForward"
}
ok: [119.9.110.31] => {
    "msg": "Clearing Nginx Cache for Mirror-CPMS-ClientGameCalled__NginxForward"

}

TASK [all_servers : Copying clear_nginxcache.sh to remote hosts] ***************
ok: [119.9.110.31]
ok: [23.99.114.30]


TASK [all_servers : Nginx Clear Cache] *****************************************
changed: [23.99.114.30]
changed: [119.9.110.31]


TASK [all_servers : debug] *****************************************************
ok: [23.99.114.30] => {
    "script_result.stdout_lines": [
        "-----------------------------------------------------------", 
        "|                 Checking Nginx Config                   |", 

        "-----------------------------------------------------------", 
        "", 
        " nginx -t ", 
        "", 
        "-----------------------------------------------------------", 

        "|                 Stopping Nginx Process                  |", 
        "-----------------------------------------------------------", 
        "", 
        " /usr/bin/killall -9 nginx ", 
        "", 

        "-----------------------------------------------------------", 
        "|                 Clearing Proxy Cache                    |", 
        "-----------------------------------------------------------", 
        "", 
        " /bin/rm -rf /tmp/nginx_cache ", 

        "", 
        "-----------------------------------------------------------", 
        "|                Restarting Nginx Process                 |", 
        "-----------------------------------------------------------", 
        "root     104381  0.0  0.0 100960   612 pts/0    S+   16:01   0:00 tail -f /usr/local/nginx/logs/realcpmsfrontptgmr.access.log", 

        "root     105986  0.1  0.0 106120  1292 ?        S    16:06   0:00 /bin/bash /bak/bin/clear_nginxcache.sh", 
        "root     105998  0.0  0.1 461968  4852 ?        Ss   16:06   0:00 nginx: master process /usr/local/nginx/sbin/nginx", 
        "nobody   105999  0.3  0.3 468536 13624 ?        S    16:06   0:00 nginx: worker process      ", 
        "nobody   106001  0.3  0.3 468536 13632 ?        S    16:06   0:00 nginx: worker process      ", 
        "nobody   106002  0.3  0.3 468536 13632 ?        S    16:06   0:00 nginx: worker process      ", 

        "nobody   106003  0.0  0.3 468536 13624 ?        S    16:06   0:00 nginx: worker process      ", 
        "nobody   106004  0.0  0.1 461968  5336 ?        S    16:06   0:00 nginx: cache manager process", 
        "nobody   106005  0.0  0.1 461968  5208 ?        S    16:06   0:00 nginx: cache loader process", 
        "root     106007  0.0  0.0 103328   848 ?        R    16:06   0:00 grep nginx", 
        "             total       used       free     shared    buffers     cached", 

        "Mem:          3440       3167        273          2        188       2229", 
        "-/+ buffers/cache:        749       2691", 
        "Swap:            0          0          0", 
        "-----------------------------------------------------------", 
        "|                     Reload SUCCESS!                     |", 

        "-----------------------------------------------------------"
    ]
}
ok: [119.9.110.31] => {
    "script_result.stdout_lines": [

        "-----------------------------------------------------------", 
        "|                 Checking Nginx Config                   |", 
        "-----------------------------------------------------------", 
        "", 
        " nginx -t ", 

        "", 
        "-----------------------------------------------------------", 
        "|                 Stopping Nginx Process                  |", 
        "-----------------------------------------------------------", 
        "", 

        " /usr/bin/killall -9 nginx ", 
        "", 
        "-----------------------------------------------------------", 
        "|                 Clearing Proxy Cache                    |", 
        "-----------------------------------------------------------", 

        "", 
        " /bin/rm -rf /tmp/nginx_cache ", 
        "", 
        "-----------------------------------------------------------", 
        "|                Restarting Nginx Process                 |", 

        "-----------------------------------------------------------", 
        "root     14171  0.0  0.0 106064  1436 ?        S    16:06   0:00 /bin/bash /bak/bin/clear_nginxcache.sh", 
        "root     14313  0.0  0.1 464100  4968 ?        Ss   16:06   0:00 nginx: master process /usr/local/nginx/sbin/nginx", 
        "nobody   14314  0.0  0.3 470668 13340 ?        S    16:06   0:00 nginx: worker process      ", 
        "nobody   14315  0.0  0.3 470668 13340 ?        S    16:06   0:00 nginx: worker process      ", 

        "nobody   14317  0.0  0.3 470668 13708 ?        S    16:06   0:00 nginx: worker process      ", 
        "nobody   14318  0.0  0.3 470668 13340 ?        S    16:06   0:00 nginx: worker process      ", 
        "nobody   14319  0.0  0.1 464100  5468 ?        S    16:06   0:00 nginx: cache manager process", 
        "nobody   14320  0.0  0.1 464100  5340 ?        S    16:06   0:00 nginx: cache loader process", 
        "root     14322  0.0  0.0 103244   880 ?        S    16:06   0:00 grep nginx", 

        "             total       used       free     shared    buffers     cached", 
        "Mem:          3954       3737        217          2        204       1803", 
        "-/+ buffers/cache:       1729       2224", 
        "Swap:            0          0          0", 
        "-----------------------------------------------------------", 

        "|                     Reload SUCCESS!                     |", 
        "-----------------------------------------------------------"
    ]
}


PLAY [127.0.0.1] ***************************************************************

TASK [sync_to_git : Synchronizing Nginx To GIT] ********************************
changed: [127.0.0.1]


TASK [sync_to_git : debug] *****************************************************
ok: [127.0.0.1] => {
    "script_result.stdout_lines": [
        "[master a188160] louie.delacruz", 
        " 1 file changed, 2 insertions(+), 2 deletions(-)", 

        "Branch master set up to track remote branch master from origin."
    ]
}

PLAY [Mirror-CPMS-ClientGameCalled__NginxForward] ******************************


PLAY [127.0.0.1] ***************************************************************

PLAY RECAP *********************************************************************
119.9.110.31               : ok=8    changed=2    unreachable=0    failed=0   

127.0.0.1                  : ok=2    changed=1    unreachable=0    failed=0   
23.99.114.30               : ok=8    changed=2    unreachable=0    failed=0   


