PUPPET_COMMAND_START
[WARNING]: Invalid characters were found in group names but not replaced, use
-vvvv to see details

PLAY [puppmaster-b2c] **********************************************************


TASK [puppetmaster : get hostname] *********************************************
changed: [puppmaster-b2c]

TASK [puppetmaster : Read hostvars] ********************************************
changed: [puppmaster-b2c]


TASK [puppetmaster : Create Json Template] *************************************
skipping: [puppmaster-b2c]

TASK [puppetmaster : Append Json Data] *****************************************

skipping: [puppmaster-b2c]

TASK [puppetmaster : remove ansible block] *************************************
skipping: [puppmaster-b2c]


TASK [puppetmaster : get value for iptables] ***********************************
changed: [puppmaster-b2c]

TASK [puppetmaster : check data] ***********************************************
ok: [puppmaster-b2c]


TASK [puppetmaster : get value for ssh_keys] ***********************************
changed: [puppmaster-b2c]

TASK [puppetmaster : check data] ***********************************************

ok: [puppmaster-b2c]

TASK [puppetmaster : get value for filebeat] ***********************************
changed: [puppmaster-b2c]


TASK [puppetmaster : check data] ***********************************************
ok: [puppmaster-b2c]

TASK [puppetmaster : stat] *****************************************************
ok: [puppmaster-b2c]


TASK [puppetmaster : debug] ****************************************************
skipping: [puppmaster-b2c]

TASK [puppetmaster : stat] *****************************************************

ok: [puppmaster-b2c]

TASK [puppetmaster : debug] ****************************************************
skipping: [puppmaster-b2c]


TASK [puppetmaster : stat] *****************************************************
ok: [puppmaster-b2c]

TASK [puppetmaster : debug] ****************************************************
skipping: [puppmaster-b2c]


TASK [puppetmaster : stat] *****************************************************
skipping: [puppmaster-b2c]

TASK [puppetmaster : debug] ****************************************************

skipping: [puppmaster-b2c]

TASK [puppetmaster : set_fact] *************************************************
ok: [puppmaster-b2c]


TASK [puppetmaster : include_tasks] ********************************************
included: /docker/ansible/puppet/roles/puppetmaster/tasks/puppetcreate.yml for puppmaster-b2c

TASK [puppetmaster : Create sub directory] *************************************
ok: [puppmaster-b2c] => (item=modules)

ok: [puppmaster-b2c] => (item=manifests)

TASK [puppetmaster : Create IPTABLES Modules Manifests subdirectory] ***********
ok: [puppmaster-b2c] => (item=manifests)
ok: [puppmaster-b2c] => (item=templates)


TASK [puppetmaster : Create SSH_KEYS Modules Manifests subdirectory] ***********
changed: [puppmaster-b2c] => (item=manifests)
changed: [puppmaster-b2c] => (item=templates)


TASK [puppetmaster : Create STDLIB Modules Manifests subdirectory] *************
ok: [puppmaster-b2c]

TASK [puppetmaster : Create Filebeat Modules Manifests subdirectory] ***********
skipping: [puppmaster-b2c] => (item=manifests) 

skipping: [puppmaster-b2c] => (item=templates) 

TASK [puppetmaster : Provide puppet environment] *******************************
ok: [puppmaster-b2c]


TASK [puppetmaster : Check defaults manifests node] ****************************
ok: [puppmaster-b2c]

TASK [puppetmaster : Create defaults manifests] ********************************
skipping: [puppmaster-b2c]


TASK [puppetmaster : iptables modules] *****************************************
included: /docker/ansible/puppet/roles/puppetmaster/tasks/iptables.yml for puppmaster-b2c

TASK [puppetmaster : Get iptables config df] ***********************************

skipping: [puppmaster-b2c]

TASK [puppetmaster : Get iptables config df] ***********************************
skipping: [puppmaster-b2c]


TASK [puppetmaster : Get iptables config k365] *********************************
skipping: [puppmaster-b2c]

TASK [puppetmaster : Get iptables config ebet] *********************************
skipping: [puppmaster-b2c]


TASK [puppetmaster : Get iptables config omcdnnginx] ***************************
skipping: [puppmaster-b2c]

TASK [puppetmaster : Get iptables config 51sipfs] ******************************

skipping: [puppmaster-b2c]

TASK [puppetmaster : Get iptables config qp] ***********************************
skipping: [puppmaster-b2c]


TASK [puppetmaster : Get iptables config v68-test] *****************************
skipping: [puppmaster-b2c]

TASK [puppetmaster : Get iptables config] **************************************
ok: [puppmaster-b2c]


TASK [puppetmaster : Get iptables config cdn] **********************************
skipping: [puppmaster-b2c]

TASK [puppetmaster : Get iptables config cdn] **********************************

skipping: [puppmaster-b2c]

TASK [puppetmaster : Get additional iptables config] ***************************
changed: [puppmaster-b2c]


TASK [puppetmaster : Get iptables puppet] **************************************
ok: [puppmaster-b2c]

TASK [puppetmaster : Get iptables config] **************************************
skipping: [puppmaster-b2c]


TASK [puppetmaster : find iptables.sh] *****************************************
skipping: [puppmaster-b2c]

TASK [puppetmaster : set fact] *************************************************

skipping: [puppmaster-b2c]

TASK [puppetmaster : Get additional iptables config] ***************************
skipping: [puppmaster-b2c]


TASK [puppetmaster : Create append iptables] ***********************************
skipping: [puppmaster-b2c]

TASK [puppetmaster : Append iptables] ******************************************
skipping: [puppmaster-b2c]


TASK [puppetmaster : Get additional iptables config] ***************************
skipping: [puppmaster-b2c]

TASK [puppetmaster : Get iptables puppet] **************************************

skipping: [puppmaster-b2c]

TASK [puppetmaster : ssh_keys modules] *****************************************
included: /docker/ansible/puppet/roles/puppetmaster/tasks/ssh_keys.yml for puppmaster-b2c


TASK [puppetmaster : Get Additional IP] ****************************************
changed: [puppmaster-b2c]

TASK [puppetmaster : User] *****************************************************
ok: [puppmaster-b2c]


TASK [puppetmaster : User] *****************************************************
skipping: [puppmaster-b2c]

TASK [puppetmaster : test fact] ************************************************

ok: [puppmaster-b2c]

TASK [puppetmaster : ssh-password-auth] ****************************************
skipping: [puppmaster-b2c]


TASK [puppetmaster : Append users] *********************************************
ok: [puppmaster-b2c]

TASK [puppetmaster : Append users b2b dc] **************************************
skipping: [puppmaster-b2c]


TASK [puppetmaster : Append users b2b] *****************************************
skipping: [puppmaster-b2c]

TASK [puppetmaster : Get sshd config config] ***********************************

changed: [puppmaster-b2c]

TASK [puppetmaster : Get sshd puppet] ******************************************
changed: [puppmaster-b2c]


TASK [puppetmaster : Get ssh keys] *********************************************
changed: [puppmaster-b2c]

TASK [puppetmaster : Get ssh keys] *********************************************
An exception occurred during task execution. To see the full traceback, use -vvv. The error was: If you are using a module and expect the file to exist on the remote, see the remote_src option

fatal: [puppmaster-b2c]: FAILED! => {"changed": false, "msg": "Could not find or access '/puppet/om-cdn_ftp/templates/authorized_keys' on the Ansible Controller.\nIf you are using a module and expect the file to exist on the remote, see the remote_src option"}

PLAY RECAP *********************************************************************
puppmaster-b2c             : ok=31   changed=11   unreachable=0    failed=1    skipped=32   rescued=0    ignored=0   



PUPPET_COMMAND_END
MAX RETRIES EXECUTED, COMMAND NOT RESPONDING