ESYNC_WORKER1_COMMAND_START
[WARNING]: Invalid characters were found in group names but not replaced, use
-vvvv to see details

PLAY [sabang-prod] *************************************************************


TASK [Gathering Facts] *********************************************************
ok: [18.167.139.195]

TASK [nginx_sync : Change python interpreter] **********************************
skipping: [18.167.139.195]


TASK [nginx_sync : change python interpreter] **********************************
skipping: [18.167.139.195]

TASK [nginx_sync : set_fact] ***************************************************

ok: [18.167.139.195]

TASK [nginx_sync : set_fact] ***************************************************
skipping: [18.167.139.195]


TASK [nginx_sync : Notify] *****************************************************
ok: [18.167.139.195] => {
    "msg": "Syncing sabang-prod"
}


TASK [nginx_sync : include_vars] ***********************************************
ok: [18.167.139.195]

TASK [nginx_sync : Synchronizing Nginx] ****************************************
skipping: [18.167.139.195] => (item=conf) 

skipping: [18.167.139.195] => (item=conf.d) 
skipping: [18.167.139.195] => (item=data) 
skipping: [18.167.139.195] => (item=html) 

TASK [nginx_sync : Synchronizing Nginx Excluding HTML] *************************

ok: [18.167.139.195] => (item=conf)
changed: [18.167.139.195] => (item=conf.d)
ok: [18.167.139.195] => (item=data)

TASK [nginx_sync : Set HTML Dir to root] ***************************************

ok: [18.167.139.195]

TASK [all_servers : include_vars] **********************************************
ok: [18.167.139.195]


TASK [all_servers : Notify] ****************************************************
ok: [18.167.139.195] => {
    "msg": "Clearing Nginx Cache for sabang-prod"
}


TASK [all_servers : Copying clear_nginxcache.sh to remote hosts] ***************
ok: [18.167.139.195]

TASK [all_servers : Nginx Clear Cache] *****************************************
changed: [18.167.139.195]


TASK [all_servers : debug] *****************************************************
ok: [18.167.139.195] => {
    "script_result.stdout_lines": [
        "-----------------------------------------------------------", 

        "|                 Checking Nginx Config                   |", 
        "-----------------------------------------------------------", 
        "", 
        " nginx -t ", 
        "", 

        "-----------------------------------------------------------", 
        "|                 Stopping Nginx Process                  |", 
        "-----------------------------------------------------------", 
        "", 
        " /usr/bin/killall -9 nginx ", 

        "", 
        "-----------------------------------------------------------", 
        "|                 Clearing Proxy Cache                    |", 
        "-----------------------------------------------------------", 
        "", 

        " /bin/rm -rf /tmp/nginx_cache ", 
        "", 
        "-----------------------------------------------------------", 
        "|                Restarting Nginx Process                 |", 
        "-----------------------------------------------------------", 

        "root     13065  0.8  0.0 113288  1484 ?        S    13:07   0:00 /bin/bash /bak/bin/clear_nginxcache.sh", 
        "root     13145  0.5  0.0  32616  3232 pts/0    Ss+  13:07   0:00 nginx: master process /usr/sbin/nginx -g daemon off;", 
        "root     13288  0.5  0.0  32616  3236 pts/0    Ss+  13:07   0:00 nginx: master process /usr/sbin/nginx -g daemon off;", 
        "root     13307  0.5  0.0  32616  3232 pts/0    Ss+  13:07   0:00 nginx: master process /usr/sbin/nginx -g daemon off;", 
        "root     13308  0.7  0.0  32576  3096 pts/0    Ss+  13:07   0:00 nginx: master process nginx -g daemon off;", 

        "root     13309  0.7  0.0  32576  3100 pts/0    Ss+  13:07   0:00 nginx: master process nginx -g daemon off;", 
        "root     13310  0.7  0.0  32616  3228 pts/0    Ss+  13:07   0:00 nginx: master process /usr/sbin/nginx -g daemon off;", 
        "101      13332  0.0  0.0  33068  1604 pts/0    S+   13:07   0:00 nginx: worker process", 
        "101      13377  0.0  0.0  33068  1604 pts/0    S+   13:07   0:00 nginx: worker process", 
        "101      13378  0.0  0.0  32992  1616 pts/0    S+   13:07   0:00 nginx: worker process", 

        "101      13379  0.0  0.0  32992  1612 pts/0    S+   13:07   0:00 nginx: worker process", 
        "101      13380  0.0  0.0  32992  1616 pts/0    S+   13:07   0:00 nginx: worker process", 
        "101      13381  0.0  0.0  32992  1616 pts/0    S+   13:07   0:00 nginx: worker process", 
        "101      13382  0.0  0.0  33068  1608 pts/0    S+   13:07   0:00 nginx: worker process", 
        "101      13383  0.0  0.0  32992  1620 pts/0    S+   13:07   0:00 nginx: worker process", 

        "101      13384  0.0  0.0  32992  1620 pts/0    S+   13:07   0:00 nginx: worker process", 
        "101      13385  0.0  0.0  32992  1620 pts/0    S+   13:07   0:00 nginx: worker process", 
        "101      13386  0.0  0.0  32992  1620 pts/0    S+   13:07   0:00 nginx: worker process", 
        "101      13387  0.0  0.0  33068  1600 pts/0    S+   13:07   0:00 nginx: worker process", 
        "root     13398  0.0  0.0 298088  2740 ?        Ss   13:07   0:00 nginx: master process /usr/local/nginx/sbin/nginx", 

        "nobody   13399  0.0  0.0 302344  7348 ?        S    13:07   0:00 nginx: worker process", 
        "nobody   13401  0.0  0.0 302344  7348 ?        S    13:07   0:00 nginx: worker process", 
        "nobody   13402  0.0  0.0 302344  7836 ?        S    13:07   0:00 nginx: worker process", 
        "nobody   13403  0.0  0.0 302344  7348 ?        S    13:07   0:00 nginx: worker process", 
        "nobody   13404  0.0  0.0 298092  3144 ?        S    13:07   0:00 nginx: cache manager process", 

        "nobody   13405  0.0  0.0 298092  3144 ?        S    13:07   0:00 nginx: cache loader process", 
        "root     13423  0.0  0.0 112816   956 ?        S    13:07   0:00 grep nginx", 
        "              total        used        free      shared  buff/cache   available", 
        "Mem:          31210       16088        2150         380       12971       14350", 
        "Swap:             0           0           0", 

        "-----------------------------------------------------------", 
        "|                     Reload SUCCESS!                     |", 
        "-----------------------------------------------------------"
    ]
}


PLAY [127.0.0.1] ***************************************************************

TASK [sync_to_git : Synchronizing Nginx To GIT] ********************************
changed: [127.0.0.1]


TASK [sync_to_git : debug] *****************************************************
ok: [127.0.0.1] => {
    "msg": " [u'[master 0b676e0] jerry.lam', u' 1 file changed, 2 insertions(+), 2 deletions(-)', u'Branch master set up to track remote branch master from origin.']"
}


PLAY [sabang-prod] *************************************************************

PLAY [127.0.0.1] ***************************************************************


PLAY RECAP *********************************************************************
127.0.0.1                  : ok=2    changed=1    unreachable=0    failed=0    skipped=0    rescued=0    ignored=0   
18.167.139.195             : ok=11   changed=2    unreachable=0    failed=0    skipped=4    rescued=0    ignored=0   


ESYNC_WORKER1_COMMAND_END
MAX RETRIES EXECUTED, COMMAND NOT RESPONDING