ESYNC_WORKER1_COMMAND_START
[WARNING]: Invalid characters were found in group names but not replaced, use
-vvvv to see details

PLAY [sabang-prod] *************************************************************


TASK [Gathering Facts] *********************************************************
ok: [18.167.139.195]

TASK [nginx_sync : Change python interpreter] **********************************
skipping: [18.167.139.195]


TASK [nginx_sync : change python interpreter] **********************************
skipping: [18.167.139.195]

TASK [nginx_sync : Notify] *****************************************************

ok: [18.167.139.195] => {
    "msg": "Syncing sabang-prod"
}

TASK [nginx_sync : include_vars] ***********************************************

ok: [18.167.139.195]

TASK [nginx_sync : Synchronizing Nginx] ****************************************
changed: [18.167.139.195] => (item=conf)
changed: [18.167.139.195] => (item=conf.d)

ok: [18.167.139.195] => (item=data)
ok: [18.167.139.195] => (item=html)

TASK [nginx_sync : Synchronizing Nginx] ****************************************
skipping: [18.167.139.195] => (item=conf) 

skipping: [18.167.139.195] => (item=conf.d) 
skipping: [18.167.139.195] => (item=data) 

TASK [nginx_sync : Set HTML Dir to root] ***************************************
ok: [18.167.139.195]


TASK [all_servers : include_vars] **********************************************
ok: [18.167.139.195]

TASK [all_servers : Notify] ****************************************************

ok: [18.167.139.195] => {
    "msg": "Clearing Nginx Cache for sabang-prod"
}

TASK [all_servers : Copying clear_nginxcache.sh to remote hosts] ***************

ok: [18.167.139.195]

TASK [all_servers : Nginx Clear Cache] *****************************************
changed: [18.167.139.195]


TASK [all_servers : debug] *****************************************************
ok: [18.167.139.195] => {
    "script_result.stdout_lines": [
        "-----------------------------------------------------------", 
        "|                 Checking Nginx Config                   |", 

        "-----------------------------------------------------------", 
        "", 
        " nginx -t ", 
        "", 
        "-----------------------------------------------------------", 

        "|                 Stopping Nginx Process                  |", 
        "-----------------------------------------------------------", 
        "", 
        " /usr/bin/killall -9 nginx ", 
        "", 

        "-----------------------------------------------------------", 
        "|                 Clearing Proxy Cache                    |", 
        "-----------------------------------------------------------", 
        "", 
        " /bin/rm -rf /tmp/nginx_cache ", 

        "", 
        "-----------------------------------------------------------", 
        "|                Restarting Nginx Process                 |", 
        "-----------------------------------------------------------", 
        "root     24865  0.0  0.0  48776  1924 ?        Ss   Apr01   0:00 nginx: master process /usr/local/nginx/sbin/nginx", 

        "nobody   24869  0.0  0.0  49108  2432 ?        S    Apr01   0:00 nginx: worker process", 
        "root     28919  0.2  0.0 113288  1488 ?        S    11:17   0:00 /bin/bash /bak/bin/clear_nginxcache.sh", 
        "root     28929  0.0  0.0 112812   952 ?        S    11:17   0:00 grep nginx", 
        "              total        used        free      shared  buff/cache   available", 
        "Mem:          15420         322       12255          73        2842       14696", 

        "Swap:             0           0           0", 
        "-----------------------------------------------------------", 
        "|                     Reload SUCCESS!                     |", 
        "-----------------------------------------------------------"
    ]

}

PLAY [127.0.0.1] ***************************************************************

TASK [sync_to_git : Synchronizing Nginx To GIT] ********************************

changed: [127.0.0.1]

TASK [sync_to_git : debug] *****************************************************
ok: [127.0.0.1] => {
    "msg": " [u'[master 7374657] jerry.lam', u' 2 files changed, 37 insertions(+)', u' create mode 100644 nginx/conf.d/other/fpms-dj.conf', u' create mode 120000 nginx/conf.d/ssl/fpms8.me', u'Branch master set up to track remote branch master from origin.']"

}

PLAY [sabang-prod] *************************************************************

PLAY [127.0.0.1] ***************************************************************


PLAY RECAP *********************************************************************
127.0.0.1                  : ok=2    changed=1    unreachable=0    failed=0    skipped=0    rescued=0    ignored=0   
18.167.139.195             : ok=10   changed=2    unreachable=0    failed=0    skipped=3    rescued=0    ignored=0   



ESYNC_WORKER1_COMMAND_END
MAX RETRIES EXECUTED, COMMAND NOT RESPONDING