ESYNC_WORKER1_COMMAND_START
[WARNING]: Invalid characters were found in group names but not replaced, use
-vvvv to see details

PLAY [sabang-prod] *************************************************************


TASK [Gathering Facts] *********************************************************
ok: [18.167.139.195]

TASK [nginx_sync : Change python interpreter] **********************************
skipping: [18.167.139.195]


TASK [nginx_sync : change python interpreter] **********************************
skipping: [18.167.139.195]

TASK [nginx_sync : set_fact] ***************************************************

ok: [18.167.139.195]

TASK [nginx_sync : set_fact] ***************************************************
skipping: [18.167.139.195]


TASK [nginx_sync : Notify] *****************************************************
ok: [18.167.139.195] => {
    "msg": "Syncing sabang-prod"
}


TASK [nginx_sync : include_vars] ***********************************************
ok: [18.167.139.195]

TASK [nginx_sync : Synchronizing Nginx] ****************************************
skipping: [18.167.139.195] => (item=conf) 

skipping: [18.167.139.195] => (item=conf.d) 
skipping: [18.167.139.195] => (item=data) 
skipping: [18.167.139.195] => (item=html) 

TASK [nginx_sync : Synchronizing Nginx Excluding HTML] *************************

ok: [18.167.139.195] => (item=conf)
changed: [18.167.139.195] => (item=conf.d)
ok: [18.167.139.195] => (item=data)

TASK [nginx_sync : Set HTML Dir to root] ***************************************

ok: [18.167.139.195]

TASK [all_servers : include_vars] **********************************************
ok: [18.167.139.195]


TASK [all_servers : Notify] ****************************************************
ok: [18.167.139.195] => {
    "msg": "Clearing Nginx Cache for sabang-prod"
}


TASK [all_servers : Copying clear_nginxcache.sh to remote hosts] ***************
ok: [18.167.139.195]

TASK [all_servers : Nginx Clear Cache] *****************************************
changed: [18.167.139.195]


TASK [all_servers : debug] *****************************************************
ok: [18.167.139.195] => {
    "script_result.stdout_lines": [
        "-----------------------------------------------------------", 

        "|                 Checking Nginx Config                   |", 
        "-----------------------------------------------------------", 
        "", 
        " nginx -t ", 
        "", 

        "-----------------------------------------------------------", 
        "|                 Stopping Nginx Process                  |", 
        "-----------------------------------------------------------", 
        "", 
        " /usr/bin/killall -9 nginx ", 

        "", 
        "-----------------------------------------------------------", 
        "|                 Clearing Proxy Cache                    |", 
        "-----------------------------------------------------------", 
        "", 

        " /bin/rm -rf /tmp/nginx_cache ", 
        "", 
        "-----------------------------------------------------------", 
        "|                Restarting Nginx Process                 |", 
        "-----------------------------------------------------------", 

        "root     25359  0.6  0.0 113288  1484 ?        S    19:27   0:00 /bin/bash /bak/bin/clear_nginxcache.sh", 
        "root     25524  0.4  0.0  32616  3232 pts/0    Ss+  19:27   0:00 nginx: master process /usr/sbin/nginx -g daemon off;", 
        "root     25526  0.4  0.0  32616  3232 pts/0    Ss+  19:27   0:00 nginx: master process /usr/sbin/nginx -g daemon off;", 
        "root     25621  0.6  0.0  32616  3228 pts/0    Ss+  19:27   0:00 nginx: master process /usr/sbin/nginx -g daemon off;", 
        "root     25752  0.4  0.0  32616  3236 pts/0    Ss+  19:27   0:00 nginx: master process /usr/sbin/nginx -g daemon off;", 

        "root     25753  0.4  0.0  32616  3228 pts/0    Ss+  19:27   0:00 nginx: master process /usr/sbin/nginx -g daemon off;", 
        "root     25768  0.6  0.0  32616  3232 pts/0    Ss+  19:27   0:00 nginx: master process /usr/sbin/nginx -g daemon off;", 
        "root     25776  0.4  0.0  32616  3232 pts/0    Ss+  19:27   0:00 nginx: master process /usr/sbin/nginx -g daemon off;", 
        "root     25777  0.4  0.0  32616  3236 pts/0    Ss+  19:27   0:00 nginx: master process /usr/sbin/nginx -g daemon off;", 
        "root     25795  0.4  0.0  32576  3100 pts/0    Ss+  19:27   0:00 nginx: master process nginx -g daemon off;", 

        "root     25796  0.6  0.0  32576  3292 pts/0    Ss+  19:27   0:00 nginx: master process nginx -g daemon off;", 
        "101      25827  0.0  0.0  33068  1604 pts/0    S+   19:27   0:00 nginx: worker process", 
        "101      25828  0.0  0.0  33068  1600 pts/0    S+   19:27   0:00 nginx: worker process", 
        "101      25829  0.0  0.0  33068  1604 pts/0    S+   19:27   0:00 nginx: worker process", 
        "101      25847  0.0  0.0  33068  1600 pts/0    S+   19:27   0:00 nginx: worker process", 

        "101      25848  0.0  0.0  33068  1608 pts/0    S+   19:27   0:00 nginx: worker process", 
        "101      25859  0.0  0.0  33068  1608 pts/0    S+   19:27   0:00 nginx: worker process", 
        "101      25893  0.0  0.0  32992  1616 pts/0    S+   19:27   0:00 nginx: worker process", 
        "101      25894  0.0  0.0  33068  1604 pts/0    S+   19:27   0:00 nginx: worker process", 
        "101      25895  0.0  0.0  32992  1616 pts/0    S+   19:27   0:00 nginx: worker process", 

        "101      25896  0.0  0.0  32992  1616 pts/0    S+   19:27   0:00 nginx: worker process", 
        "101      25897  0.0  0.0  33068  1604 pts/0    S+   19:27   0:00 nginx: worker process", 
        "101      25898  0.0  0.0  32992  1620 pts/0    S+   19:27   0:00 nginx: worker process", 
        "101      25899  0.0  0.0  32992  1616 pts/0    S+   19:27   0:00 nginx: worker process", 
        "101      25900  0.0  0.0  32992  1620 pts/0    S+   19:27   0:00 nginx: worker process", 

        "101      25901  0.0  0.0  32992  1620 pts/0    S+   19:27   0:00 nginx: worker process", 
        "101      25902  0.0  0.0  32992  1620 pts/0    S+   19:27   0:00 nginx: worker process", 
        "root     25911  0.0  0.0 300524  4156 ?        Ss   19:27   0:00 nginx: master process /usr/local/nginx/sbin/nginx", 
        "nobody   25912  0.0  0.0 302456  7972 ?        S    19:27   0:00 nginx: worker process", 
        "nobody   25913  0.0  0.0 302456  7972 ?        S    19:27   0:00 nginx: worker process", 

        "nobody   25915  0.0  0.0 302456  8224 ?        S    19:27   0:00 nginx: worker process", 
        "nobody   25916  0.0  0.0 302456  7972 ?        S    19:27   0:00 nginx: worker process", 
        "nobody   25917  0.0  0.0 300528  4556 ?        S    19:27   0:00 nginx: cache manager process", 
        "nobody   25918  0.0  0.0 300528  4556 ?        S    19:27   0:00 nginx: cache loader process", 
        "root     25921  0.0  0.0 112816   952 ?        S    19:27   0:00 grep nginx", 

        "              total        used        free      shared  buff/cache   available", 
        "Mem:          31210       16075        1873         397       13260       14347", 
        "Swap:             0           0           0", 
        "-----------------------------------------------------------", 
        "|                     Reload SUCCESS!                     |", 

        "-----------------------------------------------------------"
    ]
}

PLAY [127.0.0.1] ***************************************************************


TASK [sync_to_git : Synchronizing Nginx To GIT] ********************************
changed: [127.0.0.1]

TASK [sync_to_git : debug] *****************************************************

ok: [127.0.0.1] => {
    "msg": " [u'[master 8915509] jerry.lam', u' 4 files changed, 42 insertions(+), 5 deletions(-)', u' create mode 100644 nginx/conf.d/include/cf392.com.include', u' create mode 120000 nginx/conf.d/ssl/cf392.com', u' create mode 120000 nginx/conf.d/ssl/cf394.com', u'Branch master set up to track remote branch master from origin.']"
}

PLAY [sabang-prod] *************************************************************


PLAY [127.0.0.1] ***************************************************************

PLAY RECAP *********************************************************************
127.0.0.1                  : ok=2    changed=1    unreachable=0    failed=0    skipped=0    rescued=0    ignored=0   

18.167.139.195             : ok=11   changed=2    unreachable=0    failed=0    skipped=4    rescued=0    ignored=0   


ESYNC_WORKER1_COMMAND_END
MAX RETRIES EXECUTED, COMMAND NOT RESPONDING