--- /ansible/nginx/hostgroups/sabang-prod/nginx/conf.d/other/douji-web.conf	2021-05-24 09:54:53.017750971 +0800
+++ /tmp/douji-web.conf	2021-05-24 10:06:40.868528862 +0800
@@ -496,7 +496,7 @@
 
 server {
     listen 443;
-    server_name  cf392.com www.cf392.com *.cf392.com;
+    server_name  cf392.com www.cf392.com *.cf392.com cf393.com www.cf393.com cf890.com www.cf890.com cf891.com www.cf891.com cf892.com www.cf892.com cf893.com www.cf893.com;
           access_log  logs/fpms-web.access.log main;
         access_log  logs/fpms-web.logstash.access.log logstash;
   		error_log   logs/fpms-web.error.log;
@@ -510,7 +510,7 @@
 
 server {
     listen 443;
-    server_name  cf394.com www.cf394.com;
+    server_name  cf394.com www.cf394.com cf894.com www.cf894.com cf895.com www.cf895.com cf812.com www.cf812.com cf813.com www.cf813.com cf814.com www.cf814.com; 
           access_log  logs/fpms-web.access.log main;
         access_log  logs/fpms-web.logstash.access.log logstash;
   		error_log   logs/fpms-web.error.log;
@@ -539,7 +539,7 @@
 
 server {
     listen 443;
-    server_name  cf391.com www.cf391.com;
+    server_name  cf391.com www.cf391.com cf834.com www.cf834.com cf835.com www.cf835.com cf816.com www.cf816.com cf817.com www.cf817.com;
           access_log  logs/fpms-web.access.log main;
         access_log  logs/fpms-web.logstash.access.log logstash;
   		error_log   logs/fpms-web.error.log;
@@ -554,7 +554,7 @@
 
 server {
     listen 443;
-    server_name  cokfigt31.com www.cokfigt31.com;
+    server_name  cokfigt31.com www.cokfigt31.com cokfigt32.com www.cokfigt32.com cokfigt33.com www.cokfigt33.com;
           access_log  logs/fpms-web.access.log main;
         access_log  logs/fpms-web.logstash.access.log logstash;
   		error_log   logs/fpms-web.error.log;

