ESYNC_WORKER1_COMMAND_START
[WARNING]: Invalid characters were found in group names but not replaced, use
-vvvv to see details

PLAY [sabang-prod] *************************************************************


TASK [Gathering Facts] *********************************************************
ok: [18.167.139.195]

TASK [nginx_sync : Change python interpreter] **********************************
skipping: [18.167.139.195]


TASK [nginx_sync : change python interpreter] **********************************
skipping: [18.167.139.195]

TASK [nginx_sync : set_fact] ***************************************************

ok: [18.167.139.195]

TASK [nginx_sync : set_fact] ***************************************************
skipping: [18.167.139.195]


TASK [nginx_sync : Notify] *****************************************************
ok: [18.167.139.195] => {
    "msg": "Syncing sabang-prod"
}


TASK [nginx_sync : include_vars] ***********************************************
ok: [18.167.139.195]

TASK [nginx_sync : Synchronizing Nginx] ****************************************
skipping: [18.167.139.195] => (item=conf) 

skipping: [18.167.139.195] => (item=conf.d) 
skipping: [18.167.139.195] => (item=data) 
skipping: [18.167.139.195] => (item=html) 

TASK [nginx_sync : Synchronizing Nginx Excluding HTML] *************************

ok: [18.167.139.195] => (item=conf)
changed: [18.167.139.195] => (item=conf.d)
ok: [18.167.139.195] => (item=data)

TASK [nginx_sync : Set HTML Dir to root] ***************************************

ok: [18.167.139.195]

TASK [all_servers : include_vars] **********************************************
ok: [18.167.139.195]


TASK [all_servers : Notify] ****************************************************
ok: [18.167.139.195] => {
    "msg": "Clearing Nginx Cache for sabang-prod"
}


TASK [all_servers : Copying clear_nginxcache.sh to remote hosts] ***************
ok: [18.167.139.195]

TASK [all_servers : Nginx Clear Cache] *****************************************
changed: [18.167.139.195]


TASK [all_servers : debug] *****************************************************
ok: [18.167.139.195] => {
    "script_result.stdout_lines": [
        "-----------------------------------------------------------", 

        "|                 Checking Nginx Config                   |", 
        "-----------------------------------------------------------", 
        "", 
        " nginx -t ", 
        "", 

        "-----------------------------------------------------------", 
        "|                 Stopping Nginx Process                  |", 
        "-----------------------------------------------------------", 
        "", 
        " /usr/bin/killall -9 nginx ", 

        "", 
        "-----------------------------------------------------------", 
        "|                 Clearing Proxy Cache                    |", 
        "-----------------------------------------------------------", 
        "", 

        " /bin/rm -rf /tmp/nginx_cache ", 
        "", 
        "-----------------------------------------------------------", 
        "|                Restarting Nginx Process                 |", 
        "-----------------------------------------------------------", 

        "root     12253  0.6  0.0 113288  1484 ?        S    11:16   0:00 /bin/bash /bak/bin/clear_nginxcache.sh", 
        "root     12360  0.4  0.0  32616  3232 pts/0    Ss+  11:16   0:00 nginx: master process /usr/sbin/nginx -g daemon off;", 
        "root     12453  0.4  0.0  32576  3100 pts/0    Ss+  11:16   0:00 nginx: master process nginx -g daemon off;", 
        "root     12491  0.4  0.0  32616  3236 pts/0    Ss+  11:16   0:00 nginx: master process /usr/sbin/nginx -g daemon off;", 
        "root     12502  0.4  0.0  32616  3232 pts/0    Ss+  11:16   0:00 nginx: master process /usr/sbin/nginx -g daemon off;", 

        "root     12503  0.4  0.0  32576  3100 pts/0    Ss+  11:16   0:00 nginx: master process nginx -g daemon off;", 
        "root     12504  0.4  0.0  32616  3232 pts/0    Ss+  11:16   0:00 nginx: master process /usr/sbin/nginx -g daemon off;", 
        "101      12526  0.0  0.0  33068  1604 pts/0    S+   11:16   0:00 nginx: worker process", 
        "101      12537  0.0  0.0  32992  1620 pts/0    S+   11:16   0:00 nginx: worker process", 
        "101      12538  0.0  0.0  32992  1620 pts/0    S+   11:16   0:00 nginx: worker process", 

        "101      12539  0.0  0.0  32992  1620 pts/0    S+   11:16   0:00 nginx: worker process", 
        "101      12540  0.0  0.0  32992  1620 pts/0    S+   11:16   0:00 nginx: worker process", 
        "101      12578  0.0  0.0  33068  1608 pts/0    S+   11:16   0:00 nginx: worker process", 
        "101      12580  0.0  0.0  33068  1604 pts/0    S+   11:16   0:00 nginx: worker process", 
        "101      12581  0.0  0.0  32992  1620 pts/0    S+   11:16   0:00 nginx: worker process", 

        "101      12582  0.0  0.0  33068  1604 pts/0    S+   11:16   0:00 nginx: worker process", 
        "101      12583  0.0  0.0  32992  1620 pts/0    S+   11:16   0:00 nginx: worker process", 
        "101      12584  0.0  0.0  32992  1620 pts/0    S+   11:16   0:00 nginx: worker process", 
        "101      12585  0.0  0.0  32992  1620 pts/0    S+   11:16   0:00 nginx: worker process", 
        "root     12596  0.0  0.0 298088  2736 ?        Ss   11:16   0:00 nginx: master process /usr/local/nginx/sbin/nginx", 

        "nobody   12597  0.0  0.0 302344  7344 ?        S    11:16   0:00 nginx: worker process", 
        "nobody   12599  0.0  0.0 302344  7344 ?        S    11:16   0:00 nginx: worker process", 
        "nobody   12600  0.0  0.0 302344  7344 ?        S    11:16   0:00 nginx: worker process", 
        "nobody   12601  0.0  0.0 302344  7344 ?        S    11:16   0:00 nginx: worker process", 
        "nobody   12602  0.0  0.0 298092  3140 ?        S    11:16   0:00 nginx: cache manager process", 

        "nobody   12603  0.0  0.0 298092  3140 ?        S    11:16   0:00 nginx: cache loader process", 
        "root     12605  0.0  0.0 112816   956 ?        S    11:16   0:00 grep nginx", 
        "              total        used        free      shared  buff/cache   available", 
        "Mem:          31210       16088        2236         348       12885       14382", 
        "Swap:             0           0           0", 

        "-----------------------------------------------------------", 
        "|                     Reload SUCCESS!                     |", 
        "-----------------------------------------------------------"
    ]
}


PLAY [127.0.0.1] ***************************************************************

TASK [sync_to_git : Synchronizing Nginx To GIT] ********************************
changed: [127.0.0.1]


TASK [sync_to_git : debug] *****************************************************
ok: [127.0.0.1] => {
    "msg": " [u'[master cd229e8] jerry.lam', u' 2 files changed, 115 insertions(+), 1 deletion(-)', u' create mode 100644 nginx/conf.d/include/cf381.com.include', u'Branch master set up to track remote branch master from origin.']"
}


PLAY [sabang-prod] *************************************************************

PLAY [127.0.0.1] ***************************************************************


PLAY RECAP *********************************************************************
127.0.0.1                  : ok=2    changed=1    unreachable=0    failed=0    skipped=0    rescued=0    ignored=0   
18.167.139.195             : ok=11   changed=2    unreachable=0    failed=0    skipped=4    rescued=0    ignored=0   


ESYNC_WORKER1_COMMAND_END
MAX RETRIES EXECUTED, COMMAND NOT RESPONDING