ESYNC_WORKER1_COMMAND_START
[WARNING]: Invalid characters were found in group names but not replaced, use
-vvvv to see details

PLAY [sabang-prod] *************************************************************


TASK [Gathering Facts] *********************************************************
ok: [18.167.139.195]

TASK [nginx_sync : Change python interpreter] **********************************
skipping: [18.167.139.195]


TASK [nginx_sync : change python interpreter] **********************************
skipping: [18.167.139.195]

TASK [nginx_sync : set_fact] ***************************************************

ok: [18.167.139.195]

TASK [nginx_sync : set_fact] ***************************************************
skipping: [18.167.139.195]


TASK [nginx_sync : Notify] *****************************************************
ok: [18.167.139.195] => {
    "msg": "Syncing sabang-prod"
}


TASK [nginx_sync : include_vars] ***********************************************
ok: [18.167.139.195]

TASK [nginx_sync : Synchronizing Nginx] ****************************************
skipping: [18.167.139.195] => (item=conf) 

skipping: [18.167.139.195] => (item=conf.d) 
skipping: [18.167.139.195] => (item=data) 
skipping: [18.167.139.195] => (item=html) 

TASK [nginx_sync : Synchronizing Nginx Excluding HTML] *************************

ok: [18.167.139.195] => (item=conf)
changed: [18.167.139.195] => (item=conf.d)
ok: [18.167.139.195] => (item=data)

TASK [nginx_sync : Set HTML Dir to root] ***************************************

ok: [18.167.139.195]

TASK [all_servers : include_vars] **********************************************
ok: [18.167.139.195]


TASK [all_servers : Notify] ****************************************************
ok: [18.167.139.195] => {
    "msg": "Clearing Nginx Cache for sabang-prod"
}


TASK [all_servers : Copying clear_nginxcache.sh to remote hosts] ***************
ok: [18.167.139.195]

TASK [all_servers : Nginx Clear Cache] *****************************************
changed: [18.167.139.195]


TASK [all_servers : debug] *****************************************************
ok: [18.167.139.195] => {
    "script_result.stdout_lines": [
        "-----------------------------------------------------------", 

        "|                 Checking Nginx Config                   |", 
        "-----------------------------------------------------------", 
        "", 
        " nginx -t ", 
        "", 

        "-----------------------------------------------------------", 
        "|                 Stopping Nginx Process                  |", 
        "-----------------------------------------------------------", 
        "", 
        " /usr/bin/killall -9 nginx ", 

        "", 
        "-----------------------------------------------------------", 
        "|                 Clearing Proxy Cache                    |", 
        "-----------------------------------------------------------", 
        "", 

        " /bin/rm -rf /tmp/nginx_cache ", 
        "", 
        "-----------------------------------------------------------", 
        "|                Restarting Nginx Process                 |", 
        "-----------------------------------------------------------", 

        "root     22267  0.6  0.0 113288  1480 ?        S    16:48   0:00 /bin/bash /bak/bin/clear_nginxcache.sh", 
        "root     22411  0.4  0.0  32616  3228 pts/0    Ss+  16:48   0:00 nginx: master process /usr/sbin/nginx -g daemon off;", 
        "root     22481  0.4  0.0  32576  3104 pts/0    Ss+  16:48   0:00 nginx: master process nginx -g daemon off;", 
        "root     22482  0.4  0.0  32616  3232 pts/0    Ss+  16:48   0:00 nginx: master process /usr/sbin/nginx -g daemon off;", 
        "root     22512  0.4  0.0  32616  3228 pts/0    Ss+  16:48   0:00 nginx: master process /usr/sbin/nginx -g daemon off;", 

        "root     22513  0.4  0.0  32576  3100 pts/0    Ss+  16:48   0:00 nginx: master process nginx -g daemon off;", 
        "root     22514  0.4  0.0  32616  3232 pts/0    Ss+  16:48   0:00 nginx: master process /usr/sbin/nginx -g daemon off;", 
        "101      22539  0.0  0.0  33068  1600 pts/0    S+   16:48   0:00 nginx: worker process", 
        "101      22558  0.0  0.0  32992  1624 pts/0    S+   16:48   0:00 nginx: worker process", 
        "101      22559  0.0  0.0  32992  1624 pts/0    S+   16:48   0:00 nginx: worker process", 

        "101      22560  0.0  0.0  32992  1624 pts/0    S+   16:48   0:00 nginx: worker process", 
        "101      22561  0.0  0.0  32992  1624 pts/0    S+   16:48   0:00 nginx: worker process", 
        "101      22562  0.0  0.0  33068  1604 pts/0    S+   16:48   0:00 nginx: worker process", 
        "101      22593  0.0  0.0  32992  1620 pts/0    S+   16:48   0:00 nginx: worker process", 
        "101      22594  0.0  0.0  33068  1600 pts/0    S+   16:48   0:00 nginx: worker process", 

        "101      22595  0.0  0.0  32992  1620 pts/0    S+   16:48   0:00 nginx: worker process", 
        "101      22596  0.0  0.0  32992  1620 pts/0    S+   16:48   0:00 nginx: worker process", 
        "101      22597  0.0  0.0  33068  1604 pts/0    S+   16:48   0:00 nginx: worker process", 
        "101      22598  0.0  0.0  32992  1616 pts/0    S+   16:48   0:00 nginx: worker process", 
        "root     22624  0.0  0.0 297748  2400 ?        Ss   16:48   0:00 nginx: master process /usr/local/nginx/sbin/nginx", 

        "nobody   22625  0.0  0.0 302004  7004 ?        S    16:48   0:00 nginx: worker process", 
        "nobody   22627  0.0  0.0 302004  7004 ?        S    16:48   0:00 nginx: worker process", 
        "nobody   22628  0.0  0.0 302004  7004 ?        S    16:48   0:00 nginx: worker process", 
        "nobody   22629  0.0  0.0 302004  7004 ?        S    16:48   0:00 nginx: worker process", 
        "nobody   22630  0.0  0.0 297752  2804 ?        S    16:48   0:00 nginx: cache manager process", 

        "nobody   22631  0.0  0.0 297752  2804 ?        S    16:48   0:00 nginx: cache loader process", 
        "root     22640  0.0  0.0 112816   956 ?        S    16:48   0:00 grep nginx", 
        "              total        used        free      shared  buff/cache   available", 
        "Mem:          31210       16074        2053         388       13082       14356", 
        "Swap:             0           0           0", 

        "-----------------------------------------------------------", 
        "|                     Reload SUCCESS!                     |", 
        "-----------------------------------------------------------"
    ]
}


PLAY [127.0.0.1] ***************************************************************

TASK [sync_to_git : Synchronizing Nginx To GIT] ********************************
changed: [127.0.0.1]


TASK [sync_to_git : debug] *****************************************************
ok: [127.0.0.1] => {
    "msg": " [u'[master 353bb47] jerry.lam', u' 1 file changed, 1 insertion(+), 1 deletion(-)', u'Branch master set up to track remote branch master from origin.']"
}


PLAY [sabang-prod] *************************************************************

PLAY [127.0.0.1] ***************************************************************


PLAY RECAP *********************************************************************
127.0.0.1                  : ok=2    changed=1    unreachable=0    failed=0    skipped=0    rescued=0    ignored=0   
18.167.139.195             : ok=11   changed=2    unreachable=0    failed=0    skipped=4    rescued=0    ignored=0   


ESYNC_WORKER1_COMMAND_END
MAX RETRIES EXECUTED, COMMAND NOT RESPONDING