--- /ansible/nginx/hostgroups/sabang-prod/nginx/conf.d/include/douji-proxy-web-p.include	2021-05-12 18:59:36.812278799 +0800
+++ /tmp/douji-proxy-web-p.include	2021-06-01 12:49:25.259828726 +0800
@@ -50,16 +50,16 @@
         }
 
        location /websocket {
-#     proxy_set_header X-Forwarded-For $proxy_add_x_forwarded_for;
-#    proxy_set_header X-Real-IP  $remote_addr;
-#    proxy_next_upstream http_502 http_504 http_404 error timeout invalid_header;
-#    proxy_set_header Host $host:$server_port;
+     proxy_set_header X-Forwarded-For $proxy_add_x_forwarded_for;
+    proxy_set_header X-Real-IP  $remote_addr;
+    proxy_next_upstream http_502 http_504 http_404 error timeout invalid_header;
+    proxy_set_header Host $host:$server_port;
     proxy_http_version 1.1;
     proxy_set_header Upgrade $http_upgrade;
     proxy_set_header Connection $connection_upgrade;
-#    proxy_connect_timeout   1800;
-#    proxy_send_timeout      1800;
-#    proxy_read_timeout      1800;
+    proxy_connect_timeout   1800;
+    proxy_send_timeout      1800;
+    proxy_read_timeout      1800;
     proxy_pass http://douji-9280;
  # proxy_pass http://18.167.139.195:9280;
  				# }

