ESYNC_WORKER1_COMMAND_START
[WARNING]: Invalid characters were found in group names but not replaced, use
-vvvv to see details

PLAY [sabang-prod] *************************************************************


TASK [Gathering Facts] *********************************************************
ok: [18.167.139.195]

TASK [nginx_sync : Change python interpreter] **********************************
skipping: [18.167.139.195]


TASK [nginx_sync : change python interpreter] **********************************
skipping: [18.167.139.195]

TASK [nginx_sync : set_fact] ***************************************************

ok: [18.167.139.195]

TASK [nginx_sync : set_fact] ***************************************************
skipping: [18.167.139.195]


TASK [nginx_sync : Notify] *****************************************************
ok: [18.167.139.195] => {
    "msg": "Syncing sabang-prod"
}


TASK [nginx_sync : include_vars] ***********************************************
ok: [18.167.139.195]

TASK [nginx_sync : Synchronizing Nginx] ****************************************
skipping: [18.167.139.195] => (item=conf) 

skipping: [18.167.139.195] => (item=conf.d) 
skipping: [18.167.139.195] => (item=data) 
skipping: [18.167.139.195] => (item=html) 

TASK [nginx_sync : Synchronizing Nginx Excluding HTML] *************************

ok: [18.167.139.195] => (item=conf)
changed: [18.167.139.195] => (item=conf.d)
ok: [18.167.139.195] => (item=data)

TASK [nginx_sync : Set HTML Dir to root] ***************************************

ok: [18.167.139.195]

TASK [all_servers : include_vars] **********************************************
ok: [18.167.139.195]


TASK [all_servers : Notify] ****************************************************
ok: [18.167.139.195] => {
    "msg": "Clearing Nginx Cache for sabang-prod"
}


TASK [all_servers : Copying clear_nginxcache.sh to remote hosts] ***************
ok: [18.167.139.195]

TASK [all_servers : Nginx Clear Cache] *****************************************
changed: [18.167.139.195]


TASK [all_servers : debug] *****************************************************
ok: [18.167.139.195] => {
    "script_result.stdout_lines": [
        "-----------------------------------------------------------", 

        "|                 Checking Nginx Config                   |", 
        "-----------------------------------------------------------", 
        "", 
        " nginx -t ", 
        "", 

        "-----------------------------------------------------------", 
        "|                 Stopping Nginx Process                  |", 
        "-----------------------------------------------------------", 
        "", 
        " /usr/bin/killall -9 nginx ", 

        "", 
        "-----------------------------------------------------------", 
        "|                 Clearing Proxy Cache                    |", 
        "-----------------------------------------------------------", 
        "", 

        " /bin/rm -rf /tmp/nginx_cache ", 
        "", 
        "-----------------------------------------------------------", 
        "|                Restarting Nginx Process                 |", 
        "-----------------------------------------------------------", 

        "root     15428  0.6  0.0 113288  1488 ?        S    17:19   0:00 /bin/bash /bak/bin/clear_nginxcache.sh", 
        "root     15849  0.4  0.0  32616  3228 pts/0    Ss+  17:19   0:00 nginx: master process /usr/sbin/nginx -g daemon off;", 
        "root     15952  0.6  0.0  32616  3228 pts/0    Ss+  17:19   0:00 nginx: master process /usr/sbin/nginx -g daemon off;", 
        "root     15953  0.6  0.0  32616  3232 pts/0    Ss+  17:19   0:00 nginx: master process /usr/sbin/nginx -g daemon off;", 
        "root     15954  0.6  0.0  32616  3232 pts/0    Ss+  17:19   0:00 nginx: master process /usr/sbin/nginx -g daemon off;", 

        "root     15975  0.6  0.0  32616  3232 pts/0    Ss+  17:19   0:00 nginx: master process /usr/sbin/nginx -g daemon off;", 
        "root     15976  0.4  0.0  32616  3232 pts/0    Ss+  17:19   0:00 nginx: master process /usr/sbin/nginx -g daemon off;", 
        "root     15977  0.6  0.0  32616  3232 pts/0    Ss+  17:19   0:00 nginx: master process /usr/sbin/nginx -g daemon off;", 
        "root     16004  0.6  0.0  32576  3096 pts/0    Ss+  17:19   0:00 nginx: master process nginx -g daemon off;", 
        "root     16005  0.6  0.0  32616  3228 pts/0    Ss+  17:19   0:00 nginx: master process /usr/sbin/nginx -g daemon off;", 

        "root     16006  0.6  0.0  32616  3232 pts/0    Ss+  17:19   0:00 nginx: master process /usr/sbin/nginx -g daemon off;", 
        "root     16007  0.6  0.0  32616  3232 pts/0    Ss+  17:19   0:00 nginx: master process /usr/sbin/nginx -g daemon off;", 
        "root     16008  0.6  0.0  32616  3228 pts/0    Ss+  17:19   0:00 nginx: master process /usr/sbin/nginx -g daemon off;", 
        "101      16031  0.0  0.0  33068  1600 pts/0    S+   17:19   0:00 nginx: worker process", 
        "root     16037  0.6  0.0  32616  3232 pts/0    Ss+  17:19   0:00 nginx: master process /usr/sbin/nginx -g daemon off;", 

        "root     16045  0.6  0.0  32576  3244 pts/0    Ss+  17:19   0:00 nginx: master process nginx -g daemon off;", 
        "101      16072  0.0  0.0  33068  1604 pts/0    S+   17:19   0:00 nginx: worker process", 
        "101      16073  0.0  0.0  33068  1604 pts/0    S+   17:19   0:00 nginx: worker process", 
        "101      16079  0.0  0.0  33068  1844 pts/0    S+   17:19   0:00 nginx: worker process", 
        "101      16095  0.0  0.0  33068  1604 pts/0    S+   17:19   0:00 nginx: worker process", 

        "101      16101  0.0  0.0  33068  1604 pts/0    S+   17:19   0:00 nginx: worker process", 
        "101      16154  0.0  0.0  33068  1604 pts/0    S+   17:19   0:00 nginx: worker process", 
        "101      16171  0.0  0.0  33068  1604 pts/0    S+   17:19   0:00 nginx: worker process", 
        "101      16175  0.0  0.0  33068  1604 pts/0    S+   17:19   0:00 nginx: worker process", 
        "101      16178  0.0  0.0  33068  1604 pts/0    S+   17:19   0:00 nginx: worker process", 

        "101      16180  0.0  0.0  32992  1616 pts/0    S+   17:19   0:00 nginx: worker process", 
        "101      16181  0.0  0.0  32992  1616 pts/0    S+   17:19   0:00 nginx: worker process", 
        "101      16182  0.0  0.0  32992  1616 pts/0    S+   17:19   0:00 nginx: worker process", 
        "101      16183  0.0  0.0  32992  1616 pts/0    S+   17:19   0:00 nginx: worker process", 
        "101      16184  0.0  0.0  33068  1600 pts/0    S+   17:19   0:00 nginx: worker process", 

        "101      16185  0.0  0.0  33068  1600 pts/0    S+   17:19   0:00 nginx: worker process", 
        "101      16186  0.0  0.0  32992  1616 pts/0    S+   17:19   0:00 nginx: worker process", 
        "101      16187  0.0  0.0  32992  1616 pts/0    S+   17:19   0:00 nginx: worker process", 
        "101      16188  0.0  0.0  32992  1616 pts/0    S+   17:19   0:00 nginx: worker process", 
        "101      16189  0.0  0.0  32992  1616 pts/0    S+   17:19   0:00 nginx: worker process", 

        "root     16192  0.0  0.0 303000  7664 ?        Ss   17:19   0:00 nginx: master process /usr/local/nginx/sbin/nginx", 
        "nobody   16193  0.0  0.0 307256 12264 ?        S    17:19   0:00 nginx: worker process", 
        "nobody   16194  0.0  0.0 307256 12264 ?        S    17:19   0:00 nginx: worker process", 
        "nobody   16196  0.0  0.0 307256 12264 ?        S    17:19   0:00 nginx: worker process", 
        "nobody   16197  0.0  0.0 307256 13992 ?        S    17:19   0:00 nginx: worker process", 

        "nobody   16198  0.0  0.0 303004  8264 ?        S    17:19   0:00 nginx: cache manager process", 
        "nobody   16199  0.0  0.0 303004  8036 ?        S    17:19   0:00 nginx: cache loader process", 
        "root     16208  0.0  0.0 112816   956 ?        S    17:19   0:00 grep nginx", 
        "              total        used        free      shared  buff/cache   available", 
        "Mem:          31210       15594         442         781       15173       14443", 

        "Swap:             0           0           0", 
        "-----------------------------------------------------------", 
        "|                     Reload SUCCESS!                     |", 
        "-----------------------------------------------------------"
    ]

}

PLAY [127.0.0.1] ***************************************************************

TASK [sync_to_git : Synchronizing Nginx To GIT] ********************************

changed: [127.0.0.1]

TASK [sync_to_git : debug] *****************************************************
ok: [127.0.0.1] => {
    "msg": " [u'[master 9d1441f] jerry.lam', u' 3 files changed, 118 insertions(+)', u' create mode 100644 nginx/conf.d/include/douji-proxy-web-new.include', u' create mode 100644 nginx/conf.d/other/douji-proxy-web-new.conf', u'Branch master set up to track remote branch master from origin.']"

}

PLAY [sabang-prod] *************************************************************

PLAY [127.0.0.1] ***************************************************************


PLAY RECAP *********************************************************************
127.0.0.1                  : ok=2    changed=1    unreachable=0    failed=0    skipped=0    rescued=0    ignored=0   
18.167.139.195             : ok=11   changed=2    unreachable=0    failed=0    skipped=4    rescued=0    ignored=0   



ESYNC_WORKER1_COMMAND_END
MAX RETRIES EXECUTED, COMMAND NOT RESPONDING