--- /ansible/nginx/hostgroups/sabang-prod/nginx/conf.d/other/douji-web.conf	2021-04-21 13:31:31.611914773 +0800
+++ /tmp/douji-web.conf	2021-04-21 16:06:15.723058819 +0800
@@ -1,35 +1,35 @@
 server  {
     listen 80;
-    server_name 1848dj.com;
-    rewrite ^(.*)$ https://1848dj.com$1 permanent;
+    server_name cf380.com;
+    rewrite ^(.*)$ https://cf380.com$1 permanent;
 }
 
 
 server  {
     listen 80;
-    server_name 3288d.com;
-    rewrite ^(.*)$ https://3288d.com$1 permanent;
+    server_name cf381.com;
+    rewrite ^(.*)$ https://cf381.com$1 permanent;
 }
 
 
 server  {
     listen 80;
-    server_name douji98.com;
-    rewrite ^(.*)$ https://douji98.com$1 permanent;
+    server_name cf382.com;
+    rewrite ^(.*)$ https://cf382.com$1 permanent;
 }
 
 
 server  {
     listen 80;
-    server_name ji8898.com;
-    rewrite ^(.*)$ https://ji8898.com$1 permanent;
+    server_name cf383.com;
+    rewrite ^(.*)$ https://cf383.com$1 permanent;
 }
 
 
 server  {
     listen 80;
-    server_name doj88.com;
-    rewrite ^(.*)$ https://doj88.com$1 permanent;
+    server_name cf384.com;
+    rewrite ^(.*)$ https://cf384.com$1 permanent;
 }
 
 
@@ -188,33 +188,33 @@
 
 server  {
     listen 80;
-    server_name www.doj88.com;
-    rewrite ^(.*)$ https://www.doj88.com$1 permanent;
+    server_name www.cf380.com;
+    rewrite ^(.*)$ https://www.cf380.com$1 permanent;
 }
 
 server  {
     listen 80;
-    server_name www.ji8898.com;
-    rewrite ^(.*)$ https://www.ji8898.com$1 permanent;
+    server_name www.cf381.com;
+    rewrite ^(.*)$ https://www.cf381.com$1 permanent;
 }
 
 server  {
     listen 80;
-    server_name www.douji98.com;
-    rewrite ^(.*)$ https://www.douji98.com$1 permanent;
+    server_name www.cf382.com;
+    rewrite ^(.*)$ https://www.cf382.com$1 permanent;
 }
 
 server  {
     listen 80;
-    server_name www.3288d.com;
-    rewrite ^(.*)$ https://www.3288d.com$1 permanent;
+    server_name www.cf383.com;
+    rewrite ^(.*)$ https://www.cf383.com$1 permanent;
 }
 
 
 server  {
     listen 80;
-    server_name www.1848dj.com;
-    rewrite ^(.*)$ https://www.1848dj.com$1 permanent;
+    server_name www.cf384.com;
+    rewrite ^(.*)$ https://www.cf384.com$1 permanent;
 }
 
 
@@ -248,7 +248,7 @@
 
 server {
     listen 88;
-    server_name  doj88.com ji8898.com douji98.com 3288d.com 1848dj.com www.doj88.com www.ji8898.com www.douji98.com www.3288d.com www.1848dj.com;
+    server_name  cf380.com cf381.com cf382.com cf383.com cf384.com www.cf381.com www.cf382.com www.cf383.com www.cf384.com www.cf380.com;
           access_log  logs/fpms-web.access.log main;
         access_log  logs/fpms-web.logstash.access.log logstash;
   		error_log   logs/fpms-web.error.log;

