ESYNC_WORKER1_COMMAND_START
[WARNING]: Invalid characters were found in group names but not replaced, use
-vvvv to see details

PLAY [sabang-prod] *************************************************************


TASK [Gathering Facts] *********************************************************
ok: [18.167.139.195]

TASK [nginx_sync : Change python interpreter] **********************************
skipping: [18.167.139.195]


TASK [nginx_sync : change python interpreter] **********************************
skipping: [18.167.139.195]

TASK [nginx_sync : set_fact] ***************************************************

ok: [18.167.139.195]

TASK [nginx_sync : set_fact] ***************************************************
skipping: [18.167.139.195]


TASK [nginx_sync : Notify] *****************************************************
ok: [18.167.139.195] => {
    "msg": "Syncing sabang-prod"
}


TASK [nginx_sync : include_vars] ***********************************************
ok: [18.167.139.195]

TASK [nginx_sync : Synchronizing Nginx] ****************************************
skipping: [18.167.139.195] => (item=conf) 

skipping: [18.167.139.195] => (item=conf.d) 
skipping: [18.167.139.195] => (item=data) 
skipping: [18.167.139.195] => (item=html) 

TASK [nginx_sync : Synchronizing Nginx Excluding HTML] *************************

ok: [18.167.139.195] => (item=conf)
changed: [18.167.139.195] => (item=conf.d)
ok: [18.167.139.195] => (item=data)

TASK [nginx_sync : Set HTML Dir to root] ***************************************

ok: [18.167.139.195]

TASK [all_servers : include_vars] **********************************************
ok: [18.167.139.195]


TASK [all_servers : Notify] ****************************************************
ok: [18.167.139.195] => {
    "msg": "Clearing Nginx Cache for sabang-prod"
}


TASK [all_servers : Copying clear_nginxcache.sh to remote hosts] ***************
ok: [18.167.139.195]

TASK [all_servers : Nginx Clear Cache] *****************************************
changed: [18.167.139.195]


TASK [all_servers : debug] *****************************************************
ok: [18.167.139.195] => {
    "script_result.stdout_lines": [
        "-----------------------------------------------------------", 

        "|                 Checking Nginx Config                   |", 
        "-----------------------------------------------------------", 
        "", 
        " nginx -t ", 
        "", 

        "-----------------------------------------------------------", 
        "|                 Stopping Nginx Process                  |", 
        "-----------------------------------------------------------", 
        "", 
        " /usr/bin/killall -9 nginx ", 

        "", 
        "-----------------------------------------------------------", 
        "|                 Clearing Proxy Cache                    |", 
        "-----------------------------------------------------------", 
        "", 

        " /bin/rm -rf /tmp/nginx_cache ", 
        "", 
        "-----------------------------------------------------------", 
        "|                Restarting Nginx Process                 |", 
        "-----------------------------------------------------------", 

        "root     18367  0.6  0.0 113288  1488 ?        S    11:31   0:00 /bin/bash /bak/bin/clear_nginxcache.sh", 
        "root     18862  0.7  0.0  32616  3228 ?        Ss+  11:31   0:00 nginx: master process /usr/sbin/nginx -g daemon off;", 
        "root     18946  0.7  0.0  32616  3228 ?        Ss+  11:31   0:00 nginx: master process /usr/sbin/nginx -g daemon off;", 
        "root     18961  0.7  0.0  32616  3228 ?        Ss+  11:31   0:00 nginx: master process /usr/sbin/nginx -g daemon off;", 
        "root     18966  0.7  0.0  32616  3232 ?        Ss+  11:31   0:00 nginx: master process /usr/sbin/nginx -g daemon off;", 

        "root     18967  0.7  0.0  32616  3228 ?        Ss+  11:31   0:00 nginx: master process /usr/sbin/nginx -g daemon off;", 
        "root     18969  0.7  0.0  32616  3232 ?        Ss+  11:31   0:00 nginx: master process /usr/sbin/nginx -g daemon off;", 
        "root     18970  0.7  0.0  32616  3228 ?        Ss+  11:31   0:00 nginx: master process /usr/sbin/nginx -g daemon off;", 
        "root     18971  0.7  0.0  32616  3228 ?        Ss+  11:31   0:00 nginx: master process /usr/sbin/nginx -g daemon off;", 
        "root     18974  0.7  0.0  32576  3100 ?        Ss+  11:31   0:00 nginx: master process nginx -g daemon off;", 

        "root     18976  0.5  0.0  32616  3232 ?        Ss+  11:31   0:00 nginx: master process /usr/sbin/nginx -g daemon off;", 
        "root     19027  0.7  0.0  32576  3100 ?        Ss+  11:31   0:00 nginx: master process nginx -g daemon off;", 
        "root     19028  0.5  0.0  32616  3232 ?        Ss+  11:31   0:00 nginx: master process /usr/sbin/nginx -g daemon off;", 
        "root     19029  0.7  0.0  32616  3232 ?        Ss+  11:31   0:00 nginx: master process /usr/sbin/nginx -g daemon off;", 
        "101      19047  0.0  0.0  33068  1600 ?        S+   11:31   0:00 nginx: worker process", 

        "root     19054  0.5  0.0  32616  3232 ?        Ss+  11:31   0:00 nginx: master process /usr/sbin/nginx -g daemon off;", 
        "101      19060  0.0  0.0  33068  1600 ?        S+   11:31   0:00 nginx: worker process", 
        "101      19069  0.0  0.0  33068  1604 ?        S+   11:31   0:00 nginx: worker process", 
        "101      19151  0.0  0.0  32992  1976 ?        S+   11:31   0:00 nginx: worker process", 
        "101      19155  0.0  0.0  32992  1620 ?        S+   11:31   0:00 nginx: worker process", 

        "101      19156  0.0  0.0  32992  1620 ?        S+   11:31   0:00 nginx: worker process", 
        "101      19161  0.0  0.0  32992  1620 ?        S+   11:31   0:00 nginx: worker process", 
        "101      19171  0.0  0.0  33068  1600 ?        S+   11:31   0:00 nginx: worker process", 
        "101      19183  0.0  0.0  33068  1604 ?        S+   11:31   0:00 nginx: worker process", 
        "101      19185  0.0  0.0  33068  1604 ?        S+   11:31   0:00 nginx: worker process", 

        "101      19187  0.0  0.0  33068  1600 ?        S+   11:31   0:00 nginx: worker process", 
        "101      19188  0.0  0.0  33068  1600 ?        S+   11:31   0:00 nginx: worker process", 
        "101      19189  0.0  0.0  33068  1604 ?        S+   11:31   0:00 nginx: worker process", 
        "101      19190  0.0  0.0  32992  1620 ?        S+   11:31   0:00 nginx: worker process", 
        "101      19191  0.0  0.0  32992  1620 ?        S+   11:31   0:00 nginx: worker process", 

        "101      19192  0.0  0.0  32992  1620 ?        S+   11:31   0:00 nginx: worker process", 
        "101      19193  0.0  0.0  32992  1620 ?        S+   11:31   0:00 nginx: worker process", 
        "101      19194  0.0  0.0  33068  1604 ?        S+   11:31   0:00 nginx: worker process", 
        "101      19195  0.0  0.0  33068  1604 ?        S+   11:31   0:00 nginx: worker process", 
        "101      19196  0.0  0.0  33068  1600 ?        S+   11:31   0:00 nginx: worker process", 

        "root     19199  0.0  0.0 303200  7864 ?        Ss   11:31   0:00 nginx: master process /usr/local/nginx/sbin/nginx", 
        "nobody   19200  0.0  0.0 307456 12700 ?        S    11:31   0:00 nginx: worker process", 
        "nobody   19202  0.0  0.0 307456 12468 ?        S    11:31   0:00 nginx: worker process", 
        "nobody   19203  0.0  0.0 307456 12468 ?        S    11:31   0:00 nginx: worker process", 
        "nobody   19204  0.0  0.0 307456 12468 ?        S    11:31   0:00 nginx: worker process", 

        "nobody   19205  0.0  0.0 303204  8268 ?        S    11:31   0:00 nginx: cache manager process", 
        "nobody   19206  0.0  0.0 303204  8268 ?        S    11:31   0:00 nginx: cache loader process", 
        "root     19208  0.0  0.0 112816   956 ?        S    11:31   0:00 grep nginx", 
        "              total        used        free      shared  buff/cache   available", 
        "Mem:          31210       16123        1252         901       13833       13794", 

        "Swap:             0           0           0", 
        "-----------------------------------------------------------", 
        "|                     Reload SUCCESS!                     |", 
        "-----------------------------------------------------------"
    ]

}

PLAY [127.0.0.1] ***************************************************************

TASK [sync_to_git : Synchronizing Nginx To GIT] ********************************

changed: [127.0.0.1]

TASK [sync_to_git : debug] *****************************************************
ok: [127.0.0.1] => {
    "msg": " [u'[master f9e652e] jerry.lam', u' 1 file changed, 1 insertion(+), 1 deletion(-)', u'Branch master set up to track remote branch master from origin.']"

}

PLAY [sabang-prod] *************************************************************

PLAY [127.0.0.1] ***************************************************************


PLAY RECAP *********************************************************************
127.0.0.1                  : ok=2    changed=1    unreachable=0    failed=0    skipped=0    rescued=0    ignored=0   
18.167.139.195             : ok=11   changed=2    unreachable=0    failed=0    skipped=4    rescued=0    ignored=0   



ESYNC_WORKER1_COMMAND_END
MAX RETRIES EXECUTED, COMMAND NOT RESPONDING