--- /ansible/nginx/hostgroups/sabang-prod/nginx/conf.d/other/douji-proxy.conf	2021-05-06 16:14:29.466458931 +0800
+++ /tmp/douji-proxy.conf	2021-05-06 16:23:05.488177194 +0800
@@ -1,20 +1,4 @@
 
-server {
-    listen 80;
-    server_name agent.wpc88.com;
-    rewrite ^(.*)$ https://agent.wpc88.com$1 permanent;
-}
-
-server {
-    listen 77;
-    server_name agent.wpc88.com;
-  	access_log  logs/douji-proxy.access.log main;
-    access_log  logs/douji-proxy.logstash.access.log logstash;
-    error_log   logs/douji-proxy.error.log;
-   
-    include /usr/local/nginx/conf.d/include/douji-proxy.include;
-}
-
 
 
 server {

