--- /ansible/nginx/hostgroups/sabang-prod/nginx/conf.d/other/douji-web.conf	2021-06-10 16:24:40.923986259 +0800
+++ /tmp/douji-web.conf	2021-06-15 19:00:09.315422754 +0800
@@ -492,7 +492,7 @@
     ssl on;
     ssl_certificate /usr/local/nginx/conf.d/ssl/cf834.com/fullchain.pem;
     ssl_certificate_key /usr/local/nginx/conf.d/ssl/cf834.com/privkey.pem;
-    include /usr/local/nginx/conf.d/include/cf391.com.include;
+    include /usr/local/nginx/conf.d/include/cf389.com.include;
   
  
 }
@@ -506,7 +506,7 @@
     ssl on;
     ssl_certificate /usr/local/nginx/conf.d/ssl/cf835.com/fullchain.pem;
     ssl_certificate_key /usr/local/nginx/conf.d/ssl/cf835.com/privkey.pem;
-    include /usr/local/nginx/conf.d/include/cf391.com.include;
+    include /usr/local/nginx/conf.d/include/cf389.com.include;
   
  
 }
@@ -520,7 +520,7 @@
     ssl on;
     ssl_certificate /usr/local/nginx/conf.d/ssl/cf816.com/fullchain.pem;
     ssl_certificate_key /usr/local/nginx/conf.d/ssl/cf816.com/privkey.pem;
-    include /usr/local/nginx/conf.d/include/cf391.com.include;
+    include /usr/local/nginx/conf.d/include/cf389.com.include;
   
  
 }

