--- /ansible/nginx/hostgroups/sabang-prod/nginx/conf.d/other/douji-web.conf	2021-04-19 14:23:31.395305803 +0800
+++ /tmp/douji-web.conf	2021-04-21 13:31:31.599914773 +0800
@@ -1,3 +1,37 @@
+server  {
+    listen 80;
+    server_name 1848dj.com;
+    rewrite ^(.*)$ https://1848dj.com$1 permanent;
+}
+
+
+server  {
+    listen 80;
+    server_name 3288d.com;
+    rewrite ^(.*)$ https://3288d.com$1 permanent;
+}
+
+
+server  {
+    listen 80;
+    server_name douji98.com;
+    rewrite ^(.*)$ https://douji98.com$1 permanent;
+}
+
+
+server  {
+    listen 80;
+    server_name ji8898.com;
+    rewrite ^(.*)$ https://ji8898.com$1 permanent;
+}
+
+
+server  {
+    listen 80;
+    server_name doj88.com;
+    rewrite ^(.*)$ https://doj88.com$1 permanent;
+}
+
 
 server  {
     listen 80;
@@ -152,6 +186,36 @@
     rewrite ^(.*)$ https://www.wpc87.com$1 permanent;
 }
 
+server  {
+    listen 80;
+    server_name www.doj88.com;
+    rewrite ^(.*)$ https://www.doj88.com$1 permanent;
+}
+
+server  {
+    listen 80;
+    server_name www.ji8898.com;
+    rewrite ^(.*)$ https://www.ji8898.com$1 permanent;
+}
+
+server  {
+    listen 80;
+    server_name www.douji98.com;
+    rewrite ^(.*)$ https://www.douji98.com$1 permanent;
+}
+
+server  {
+    listen 80;
+    server_name www.3288d.com;
+    rewrite ^(.*)$ https://www.3288d.com$1 permanent;
+}
+
+
+server  {
+    listen 80;
+    server_name www.1848dj.com;
+    rewrite ^(.*)$ https://www.1848dj.com$1 permanent;
+}
 
 
 
@@ -181,3 +245,16 @@
 }
 
 
+
+server {
+    listen 88;
+    server_name  doj88.com ji8898.com douji98.com 3288d.com 1848dj.com www.doj88.com www.ji8898.com www.douji98.com www.3288d.com www.1848dj.com;
+          access_log  logs/fpms-web.access.log main;
+        access_log  logs/fpms-web.logstash.access.log logstash;
+  		error_log   logs/fpms-web.error.log;
+#    ssl on;
+#    ssl_certificate /usr/local/nginx/conf.d/ssl/wpc11.com/fullchain.pem;
+#    ssl_certificate_key /usr/local/nginx/conf.d/ssl/wpc11.com/privkey.pem;
+    include /usr/local/nginx/conf.d/include/douji-web-promote.include;
+}
+

