ESYNC_WORKER1_COMMAND_START
[WARNING]: Invalid characters were found in group names but not replaced, use
-vvvv to see details

PLAY [sabang-prod] *************************************************************


TASK [Gathering Facts] *********************************************************
ok: [18.167.139.195]

TASK [nginx_sync : Change python interpreter] **********************************
skipping: [18.167.139.195]


TASK [nginx_sync : change python interpreter] **********************************
skipping: [18.167.139.195]

TASK [nginx_sync : set_fact] ***************************************************

ok: [18.167.139.195]

TASK [nginx_sync : set_fact] ***************************************************
skipping: [18.167.139.195]


TASK [nginx_sync : Notify] *****************************************************
ok: [18.167.139.195] => {
    "msg": "Syncing sabang-prod"
}


TASK [nginx_sync : include_vars] ***********************************************
ok: [18.167.139.195]

TASK [nginx_sync : Synchronizing Nginx] ****************************************
skipping: [18.167.139.195] => (item=conf) 

skipping: [18.167.139.195] => (item=conf.d) 
skipping: [18.167.139.195] => (item=data) 
skipping: [18.167.139.195] => (item=html) 

TASK [nginx_sync : Synchronizing Nginx Excluding HTML] *************************

ok: [18.167.139.195] => (item=conf)
changed: [18.167.139.195] => (item=conf.d)
ok: [18.167.139.195] => (item=data)

TASK [nginx_sync : Set HTML Dir to root] ***************************************

ok: [18.167.139.195]

TASK [all_servers : include_vars] **********************************************
ok: [18.167.139.195]


TASK [all_servers : Notify] ****************************************************
ok: [18.167.139.195] => {
    "msg": "Clearing Nginx Cache for sabang-prod"
}


TASK [all_servers : Copying clear_nginxcache.sh to remote hosts] ***************
ok: [18.167.139.195]

TASK [all_servers : Nginx Clear Cache] *****************************************
changed: [18.167.139.195]


TASK [all_servers : debug] *****************************************************
ok: [18.167.139.195] => {
    "script_result.stdout_lines": [
        "-----------------------------------------------------------", 

        "|                 Checking Nginx Config                   |", 
        "-----------------------------------------------------------", 
        "", 
        " nginx -t ", 
        "", 

        "-----------------------------------------------------------", 
        "|                 Stopping Nginx Process                  |", 
        "-----------------------------------------------------------", 
        "", 
        " /usr/bin/killall -9 nginx ", 

        "", 
        "-----------------------------------------------------------", 
        "|                 Clearing Proxy Cache                    |", 
        "-----------------------------------------------------------", 
        "", 

        " /bin/rm -rf /tmp/nginx_cache ", 
        "", 
        "-----------------------------------------------------------", 
        "|                Restarting Nginx Process                 |", 
        "-----------------------------------------------------------", 

        "root     11372  0.8  0.0 113288  1484 ?        S    17:22   0:00 /bin/bash /bak/bin/clear_nginxcache.sh", 
        "root     11736  0.4  0.0  32576  3100 pts/0    Ss+  17:22   0:00 nginx: master process nginx -g daemon off;", 
        "root     11737  0.4  0.0  32616  3228 pts/0    Ss+  17:22   0:00 nginx: master process /usr/sbin/nginx -g daemon off;", 
        "root     11757  0.6  0.0  32576  3100 pts/0    Ss+  17:22   0:00 nginx: master process nginx -g daemon off;", 
        "root     11766  0.4  0.0  32616  3236 pts/0    Ss+  17:22   0:00 nginx: master process /usr/sbin/nginx -g daemon off;", 

        "root     11769  0.6  0.0  32616  3232 pts/0    Ss+  17:22   0:00 nginx: master process /usr/sbin/nginx -g daemon off;", 
        "root     11772  0.4  0.0  32616  3236 pts/0    Ss+  17:22   0:00 nginx: master process /usr/sbin/nginx -g daemon off;", 
        "root     11773  0.6  0.0  32616  3228 pts/0    Ss+  17:22   0:00 nginx: master process /usr/sbin/nginx -g daemon off;", 
        "root     11774  0.6  0.0  32616  3228 pts/0    Ss+  17:22   0:00 nginx: master process /usr/sbin/nginx -g daemon off;", 
        "root     11775  0.6  0.0  32616  3232 pts/0    Ss+  17:22   0:00 nginx: master process /usr/sbin/nginx -g daemon off;", 

        "root     11783  0.6  0.0  32616  3232 pts/0    Ss+  17:22   0:00 nginx: master process /usr/sbin/nginx -g daemon off;", 
        "101      11833  0.0  0.0  33068  1600 pts/0    S+   17:22   0:00 nginx: worker process", 
        "101      11834  0.0  0.0  32992  1620 pts/0    S+   17:22   0:00 nginx: worker process", 
        "101      11835  0.0  0.0  32992  1620 pts/0    S+   17:22   0:00 nginx: worker process", 
        "101      11836  0.0  0.0  32992  1620 pts/0    S+   17:22   0:00 nginx: worker process", 

        "101      11837  0.0  0.0  32992  1620 pts/0    S+   17:22   0:00 nginx: worker process", 
        "101      11910  0.0  0.0  33068  1600 pts/0    S+   17:22   0:00 nginx: worker process", 
        "101      11911  0.0  0.0  33068  1604 pts/0    S+   17:22   0:00 nginx: worker process", 
        "101      11913  0.0  0.0  33068  1608 pts/0    S+   17:22   0:00 nginx: worker process", 
        "101      11914  0.0  0.0  33068  1604 pts/0    S+   17:22   0:00 nginx: worker process", 

        "101      11915  0.0  0.0  32992  1620 pts/0    S+   17:22   0:00 nginx: worker process", 
        "101      11916  0.0  0.0  32992  1620 pts/0    S+   17:22   0:00 nginx: worker process", 
        "101      11917  0.0  0.0  32992  1620 pts/0    S+   17:22   0:00 nginx: worker process", 
        "101      11918  0.0  0.0  32992  1620 pts/0    S+   17:22   0:00 nginx: worker process", 
        "101      11919  0.0  0.0  33068  1608 pts/0    S+   17:22   0:00 nginx: worker process", 

        "101      11920  0.0  0.0  33068  1600 pts/0    S+   17:22   0:00 nginx: worker process", 
        "101      11921  0.0  0.0  33068  1604 pts/0    S+   17:22   0:00 nginx: worker process", 
        "root     11924  0.0  0.0 300608  4248 ?        Ss   17:22   0:00 nginx: master process /usr/local/nginx/sbin/nginx", 
        "nobody   11925  0.0  0.0 302540  8064 ?        S    17:22   0:00 nginx: worker process", 
        "nobody   11927  0.0  0.0 302540  8064 ?        S    17:22   0:00 nginx: worker process", 

        "nobody   11928  0.0  0.0 302540  8064 ?        S    17:22   0:00 nginx: worker process", 
        "nobody   11929  0.0  0.0 302540  8064 ?        S    17:22   0:00 nginx: worker process", 
        "nobody   11930  0.0  0.0 300612  4652 ?        S    17:22   0:00 nginx: cache manager process", 
        "nobody   11931  0.0  0.0 300612  4652 ?        S    17:22   0:00 nginx: cache loader process", 
        "root     11950  0.0  0.0 112816   952 ?        S    17:22   0:00 grep nginx", 

        "              total        used        free      shared  buff/cache   available", 
        "Mem:          31210       15182        2639         501       13387       15135", 
        "Swap:             0           0           0", 
        "-----------------------------------------------------------", 
        "|                     Reload SUCCESS!                     |", 

        "-----------------------------------------------------------"
    ]
}

PLAY [127.0.0.1] ***************************************************************


TASK [sync_to_git : Synchronizing Nginx To GIT] ********************************
changed: [127.0.0.1]

TASK [sync_to_git : debug] *****************************************************

ok: [127.0.0.1] => {
    "msg": " [u'[master fd18c10] jerry.lam', u' 3 files changed, 28 insertions(+)', u' create mode 100644 nginx/conf.d/include/cf391.com.include', u' create mode 120000 nginx/conf.d/ssl/cf391.com', u'Branch master set up to track remote branch master from origin.']"
}

PLAY [sabang-prod] *************************************************************


PLAY [127.0.0.1] ***************************************************************

PLAY RECAP *********************************************************************
127.0.0.1                  : ok=2    changed=1    unreachable=0    failed=0    skipped=0    rescued=0    ignored=0   

18.167.139.195             : ok=11   changed=2    unreachable=0    failed=0    skipped=4    rescued=0    ignored=0   


ESYNC_WORKER1_COMMAND_END
MAX RETRIES EXECUTED, COMMAND NOT RESPONDING