ESYNC_WORKER1_COMMAND_START
[WARNING]: Invalid characters were found in group names but not replaced, use
-vvvv to see details

PLAY [sabang-prod] *************************************************************


TASK [Gathering Facts] *********************************************************
ok: [18.167.139.195]

TASK [nginx_sync : Change python interpreter] **********************************
skipping: [18.167.139.195]


TASK [nginx_sync : change python interpreter] **********************************
skipping: [18.167.139.195]

TASK [nginx_sync : set_fact] ***************************************************

ok: [18.167.139.195]

TASK [nginx_sync : set_fact] ***************************************************
skipping: [18.167.139.195]


TASK [nginx_sync : Notify] *****************************************************
ok: [18.167.139.195] => {
    "msg": "Syncing sabang-prod"
}


TASK [nginx_sync : include_vars] ***********************************************
ok: [18.167.139.195]

TASK [nginx_sync : Synchronizing Nginx] ****************************************
skipping: [18.167.139.195] => (item=conf) 

skipping: [18.167.139.195] => (item=conf.d) 
skipping: [18.167.139.195] => (item=data) 
skipping: [18.167.139.195] => (item=html) 

TASK [nginx_sync : Synchronizing Nginx Excluding HTML] *************************

ok: [18.167.139.195] => (item=conf)
changed: [18.167.139.195] => (item=conf.d)
ok: [18.167.139.195] => (item=data)

TASK [nginx_sync : Set HTML Dir to root] ***************************************

ok: [18.167.139.195]

TASK [all_servers : include_vars] **********************************************
ok: [18.167.139.195]


TASK [all_servers : Notify] ****************************************************
ok: [18.167.139.195] => {
    "msg": "Clearing Nginx Cache for sabang-prod"
}


TASK [all_servers : Copying clear_nginxcache.sh to remote hosts] ***************
ok: [18.167.139.195]

TASK [all_servers : Nginx Clear Cache] *****************************************
changed: [18.167.139.195]


TASK [all_servers : debug] *****************************************************
ok: [18.167.139.195] => {
    "script_result.stdout_lines": [
        "-----------------------------------------------------------", 

        "|                 Checking Nginx Config                   |", 
        "-----------------------------------------------------------", 
        "", 
        " nginx -t ", 
        "", 

        "-----------------------------------------------------------", 
        "|                 Stopping Nginx Process                  |", 
        "-----------------------------------------------------------", 
        "", 
        " /usr/bin/killall -9 nginx ", 

        "", 
        "-----------------------------------------------------------", 
        "|                 Clearing Proxy Cache                    |", 
        "-----------------------------------------------------------", 
        "", 

        " /bin/rm -rf /tmp/nginx_cache ", 
        "", 
        "-----------------------------------------------------------", 
        "|                Restarting Nginx Process                 |", 
        "-----------------------------------------------------------", 

        "root     22920  0.8  0.0 113288  1484 ?        S    19:16   0:00 /bin/bash /bak/bin/clear_nginxcache.sh", 
        "root     23083  0.6  0.0  32616  3236 pts/0    Ss+  19:16   0:00 nginx: master process /usr/sbin/nginx -g daemon off;", 
        "root     23145  0.4  0.0  32616  3232 pts/0    Ss+  19:16   0:00 nginx: master process /usr/sbin/nginx -g daemon off;", 
        "root     23191  0.4  0.0  32616  3232 pts/0    Ss+  19:16   0:00 nginx: master process /usr/sbin/nginx -g daemon off;", 
        "root     23192  0.6  0.0  32576  3104 pts/0    Ss+  19:16   0:00 nginx: master process nginx -g daemon off;", 

        "root     23212  0.6  0.0  32616  3232 pts/0    Ss+  19:16   0:00 nginx: master process /usr/sbin/nginx -g daemon off;", 
        "root     23283  0.6  0.0  32576  3096 pts/0    Ss+  19:16   0:00 nginx: master process nginx -g daemon off;", 
        "root     23345  0.4  0.0  32616  3232 pts/0    Ss+  19:16   0:00 nginx: master process /usr/sbin/nginx -g daemon off;", 
        "101      23353  0.0  0.0  33068  1608 pts/0    S+   19:16   0:00 nginx: worker process", 
        "root     23358  0.4  0.0  32616  3228 pts/0    Ss+  19:16   0:00 nginx: master process /usr/sbin/nginx -g daemon off;", 

        "root     23359  0.4  0.0  32616  3236 pts/0    Ss+  19:16   0:00 nginx: master process /usr/sbin/nginx -g daemon off;", 
        "root     23360  0.4  0.0  32616  3228 pts/0    Ss+  19:16   0:00 nginx: master process /usr/sbin/nginx -g daemon off;", 
        "101      23396  0.0  0.0  32992  1624 pts/0    S+   19:16   0:00 nginx: worker process", 
        "101      23397  0.0  0.0  32992  1624 pts/0    S+   19:16   0:00 nginx: worker process", 
        "101      23398  0.0  0.0  32992  1624 pts/0    S+   19:16   0:00 nginx: worker process", 

        "101      23399  0.0  0.0  32992  1624 pts/0    S+   19:16   0:00 nginx: worker process", 
        "101      23400  0.0  0.0  33068  1604 pts/0    S+   19:16   0:00 nginx: worker process", 
        "101      23419  0.0  0.0  33068  1604 pts/0    S+   19:16   0:00 nginx: worker process", 
        "101      23425  0.0  0.0  33068  1604 pts/0    S+   19:16   0:00 nginx: worker process", 
        "101      23426  0.0  0.0  32992  1616 pts/0    S+   19:16   0:00 nginx: worker process", 

        "101      23427  0.0  0.0  32992  1616 pts/0    S+   19:16   0:00 nginx: worker process", 
        "101      23428  0.0  0.0  32992  1616 pts/0    S+   19:16   0:00 nginx: worker process", 
        "101      23429  0.0  0.0  32992  1616 pts/0    S+   19:16   0:00 nginx: worker process", 
        "101      23439  0.0  0.0  33068  1604 pts/0    S+   19:16   0:00 nginx: worker process", 
        "101      23466  0.0  0.0  33068  1600 pts/0    S+   19:16   0:00 nginx: worker process", 

        "101      23467  0.0  0.0  33068  1600 pts/0    S+   19:16   0:00 nginx: worker process", 
        "101      23468  0.0  0.0  33068  1608 pts/0    S+   19:16   0:00 nginx: worker process", 
        "root     23471  0.0  0.0 298268  2916 ?        Ss   19:16   0:00 nginx: master process /usr/local/nginx/sbin/nginx", 
        "nobody   23472  0.0  0.0 302524  7520 ?        S    19:16   0:00 nginx: worker process", 
        "nobody   23474  0.0  0.0 302524  7520 ?        S    19:16   0:00 nginx: worker process", 

        "nobody   23475  0.0  0.0 302524  7520 ?        S    19:16   0:00 nginx: worker process", 
        "nobody   23476  0.0  0.0 302524  7520 ?        S    19:16   0:00 nginx: worker process", 
        "nobody   23477  0.0  0.0 298272  3320 ?        S    19:16   0:00 nginx: cache manager process", 
        "nobody   23478  0.0  0.0 298272  3320 ?        S    19:16   0:00 nginx: cache loader process", 
        "root     23480  0.0  0.0 112816   952 ?        S    19:16   0:00 grep nginx", 

        "              total        used        free      shared  buff/cache   available", 
        "Mem:          31210       16144        1799         397       13266       14278", 
        "Swap:             0           0           0", 
        "-----------------------------------------------------------", 
        "|                     Reload SUCCESS!                     |", 

        "-----------------------------------------------------------"
    ]
}

PLAY [127.0.0.1] ***************************************************************


TASK [sync_to_git : Synchronizing Nginx To GIT] ********************************
changed: [127.0.0.1]

TASK [sync_to_git : debug] *****************************************************

ok: [127.0.0.1] => {
    "msg": " [u'[master a3d6ce4] jerry.lam', u' 3 files changed, 31 insertions(+)', u' create mode 100644 nginx/conf.d/include/cf389.com.include', u' create mode 120000 nginx/conf.d/ssl/cf389.com', u'Branch master set up to track remote branch master from origin.']"
}

PLAY [sabang-prod] *************************************************************


PLAY [127.0.0.1] ***************************************************************

PLAY RECAP *********************************************************************
127.0.0.1                  : ok=2    changed=1    unreachable=0    failed=0    skipped=0    rescued=0    ignored=0   

18.167.139.195             : ok=11   changed=2    unreachable=0    failed=0    skipped=4    rescued=0    ignored=0   


ESYNC_WORKER1_COMMAND_END
MAX RETRIES EXECUTED, COMMAND NOT RESPONDING