ESYNC_WORKER1_COMMAND_START
[WARNING]: Invalid characters were found in group names but not replaced, use
-vvvv to see details

PLAY [sabang-prod] *************************************************************


TASK [Gathering Facts] *********************************************************
ok: [18.167.139.195]

TASK [nginx_sync : Change python interpreter] **********************************
skipping: [18.167.139.195]


TASK [nginx_sync : change python interpreter] **********************************
skipping: [18.167.139.195]

TASK [nginx_sync : Notify] *****************************************************

ok: [18.167.139.195] => {
    "msg": "Syncing sabang-prod"
}

TASK [nginx_sync : include_vars] ***********************************************

ok: [18.167.139.195]

TASK [nginx_sync : Synchronizing Nginx] ****************************************
skipping: [18.167.139.195] => (item=conf) 
skipping: [18.167.139.195] => (item=conf.d) 

skipping: [18.167.139.195] => (item=data) 
skipping: [18.167.139.195] => (item=html) 

TASK [nginx_sync : Synchronizing Nginx For Sabang] *****************************
ok: [18.167.139.195] => (item=conf)

changed: [18.167.139.195] => (item=conf.d)
ok: [18.167.139.195] => (item=data)

TASK [nginx_sync : Set HTML Dir to root] ***************************************
ok: [18.167.139.195]


TASK [all_servers : include_vars] **********************************************
ok: [18.167.139.195]

TASK [all_servers : Notify] ****************************************************

ok: [18.167.139.195] => {
    "msg": "Clearing Nginx Cache for sabang-prod"
}

TASK [all_servers : Copying clear_nginxcache.sh to remote hosts] ***************

ok: [18.167.139.195]

TASK [all_servers : Nginx Clear Cache] *****************************************
changed: [18.167.139.195]


TASK [all_servers : debug] *****************************************************
ok: [18.167.139.195] => {
    "script_result.stdout_lines": [
        "-----------------------------------------------------------", 
        "|                 Checking Nginx Config                   |", 

        "-----------------------------------------------------------", 
        "", 
        " nginx -t ", 
        "", 
        "-----------------------------------------------------------", 

        "|                 Stopping Nginx Process                  |", 
        "-----------------------------------------------------------", 
        "", 
        " /usr/bin/killall -9 nginx ", 
        "", 

        "-----------------------------------------------------------", 
        "|                 Clearing Proxy Cache                    |", 
        "-----------------------------------------------------------", 
        "", 
        " /bin/rm -rf /tmp/nginx_cache ", 

        "", 
        "-----------------------------------------------------------", 
        "|                Restarting Nginx Process                 |", 
        "-----------------------------------------------------------", 
        "root     13894  0.5  0.0 113288  1484 ?        S    16:21   0:00 /bin/bash /bak/bin/clear_nginxcache.sh", 

        "root     14020  0.8  0.0  32576  3104 pts/0    Ss+  16:21   0:00 nginx: master process nginx -g daemon off;", 
        "root     14093  0.6  0.0  32576  3100 pts/0    Ss+  16:21   0:00 nginx: master process nginx -g daemon off;", 
        "root     14119  0.6  0.0  32616  3188 pts/0    Ss+  16:21   0:00 nginx: master process /usr/sbin/nginx -g daemon off;", 
        "root     14130  0.6  0.0  32616  3196 pts/0    Ss+  16:21   0:00 nginx: master process /usr/sbin/nginx -g daemon off;", 
        "root     14138  0.8  0.0  32616  3184 pts/0    Ss+  16:21   0:00 nginx: master process /usr/sbin/nginx -g daemon off;", 

        "root     14139  0.6  0.0  32616  3176 pts/0    Ss+  16:21   0:00 nginx: master process /usr/sbin/nginx -g daemon off;", 
        "101      14213  0.0  0.0  32992  1616 pts/0    S+   16:21   0:00 nginx: worker process", 
        "101      14214  0.0  0.0  32992  1620 pts/0    S+   16:21   0:00 nginx: worker process", 
        "101      14215  0.0  0.0  33068  1844 pts/0    S+   16:21   0:00 nginx: worker process", 
        "101      14216  0.0  0.0  32992  1624 pts/0    S+   16:21   0:00 nginx: worker process", 

        "101      14217  0.0  0.0  32992  1620 pts/0    S+   16:21   0:00 nginx: worker process", 
        "101      14218  0.0  0.0  33068  1600 pts/0    S+   16:21   0:00 nginx: worker process", 
        "101      14219  0.0  0.0  32992  1624 pts/0    S+   16:21   0:00 nginx: worker process", 
        "101      14220  0.0  0.0  32992  1620 pts/0    S+   16:21   0:00 nginx: worker process", 
        "101      14221  0.0  0.0  32992  1624 pts/0    S+   16:21   0:00 nginx: worker process", 

        "101      14222  0.0  0.0  32992  1620 pts/0    S+   16:21   0:00 nginx: worker process", 
        "101      14223  0.0  0.0  33068  1604 pts/0    S+   16:21   0:00 nginx: worker process", 
        "101      14224  0.0  0.0  33068  1604 pts/0    S+   16:21   0:00 nginx: worker process", 
        "root     14227  0.0  0.0 297716  2372 ?        Ss   16:21   0:00 nginx: master process /usr/local/nginx/sbin/nginx", 
        "nobody   14228  0.0  0.0 301972  6976 ?        S    16:21   0:00 nginx: worker process", 

        "nobody   14230  0.0  0.0 301972  6976 ?        S    16:21   0:00 nginx: worker process", 
        "nobody   14231  0.0  0.0 301972  7212 ?        S    16:21   0:00 nginx: worker process", 
        "nobody   14232  0.0  0.0 301972  7200 ?        S    16:21   0:00 nginx: worker process", 
        "nobody   14233  0.0  0.0 297720  2776 ?        S    16:21   0:00 nginx: cache manager process", 
        "nobody   14234  0.0  0.0 297720  2776 ?        S    16:21   0:00 nginx: cache loader process", 

        "root     14236  0.0  0.0 112816   956 ?        S    16:21   0:00 grep nginx", 
        "              total        used        free      shared  buff/cache   available", 
        "Mem:          15308       13384         602         252        1321        1343", 
        "Swap:             0           0           0", 
        "-----------------------------------------------------------", 

        "|                     Reload SUCCESS!                     |", 
        "-----------------------------------------------------------"
    ]
}


PLAY [127.0.0.1] ***************************************************************

TASK [sync_to_git : Synchronizing Nginx To GIT] ********************************
changed: [127.0.0.1]


TASK [sync_to_git : debug] *****************************************************
ok: [127.0.0.1] => {
    "msg": " [u'[master cd98ac7] jerry.lam', u' 1 file changed, 9 insertions(+)', u'Branch master set up to track remote branch master from origin.']"
}


PLAY [sabang-prod] *************************************************************

PLAY [127.0.0.1] ***************************************************************

PLAY RECAP *********************************************************************

127.0.0.1                  : ok=2    changed=1    unreachable=0    failed=0    skipped=0    rescued=0    ignored=0   
18.167.139.195             : ok=10   changed=2    unreachable=0    failed=0    skipped=3    rescued=0    ignored=0   


ESYNC_WORKER1_COMMAND_END
MAX RETRIES EXECUTED, COMMAND NOT RESPONDING