--- /ansible/nginx/hostgroups/sabang-prod/nginx/conf.d/include/cf381.com.include	2021-05-12 11:54:26.264427836 +0800
+++ /tmp/cf381.com.include	2021-05-12 11:56:35.216848334 +0800
@@ -21,63 +21,11 @@
         }
 
 
-        if ($http_user_agent ~* "baiduspider") {
-                set $anti_spider $http_user_agent;
-        }
-
-        if ($request_method !~* GET|POST|HEAD) {
-                return 403;
-        }
-       
-        location ~ /\.
-        { return 444; }
-
-	error_page 403 = @403;
-	location @403 {
-		root html;
-		allow all;
-		#if ( $request_uri ~ 'page-404.jsp' ){ rewrite ^(.*)$ /red-map.jpg break; }
-		rewrite ^(.*)$ /red-map.jpg break; 
-	}
-
 
-	location  ~/ {
+	location  / {
   			
             root /sean_marketing/sean-marketing/free-sign-up-4/;
             index index.html index.html;
   			
         }
 
-       location /websocket {
-#     proxy_set_header X-Forwarded-For $proxy_add_x_forwarded_for;
-#    proxy_set_header X-Real-IP  $remote_addr;
-#    proxy_next_upstream http_502 http_504 http_404 error timeout invalid_header;
-#    proxy_set_header Host $host:$server_port;
-    proxy_http_version 1.1;
-    proxy_set_header Upgrade $http_upgrade;
-    proxy_set_header Connection $connection_upgrade;
-#    proxy_connect_timeout   1800;
-#    proxy_send_timeout      1800;
-#    proxy_read_timeout      1800;
-    proxy_pass http://douji-9280;
- # proxy_pass http://18.167.139.195:9280;
- 				# }
-            #proxy_pass http://dev9280;
-            
-        }
-
-	location ~* .*\.(png|jpg|gif|jpeg|bmp|ico|css|js|json|exe)?$ {
-            proxy_next_upstream http_502 http_504 error timeout invalid_header;
-            #proxy_cache cache_after;
-            #proxy_cache_valid  200 304 12h;
-	         #proxy_cache_key $host$uri$query_string;
-            proxy_set_header Host  $host;
-            proxy_set_header X-Forwarded-For  $remote_addr;
-            proxy_set_header X-Forwarded-Proto $scheme ;
-  
-	         proxy_pass http://$upstream;
-            #expires      2h;
-       }
-
-
-

