ESYNC_WORKER1_COMMAND_START
[WARNING]: Invalid characters were found in group names but not replaced, use
-vvvv to see details

PLAY [sabang-prod] *************************************************************


TASK [Gathering Facts] *********************************************************
ok: [18.167.139.195]

TASK [nginx_sync : Change python interpreter] **********************************
skipping: [18.167.139.195]


TASK [nginx_sync : change python interpreter] **********************************
skipping: [18.167.139.195]

TASK [nginx_sync : Notify] *****************************************************

ok: [18.167.139.195] => {
    "msg": "Syncing sabang-prod"
}

TASK [nginx_sync : include_vars] ***********************************************

ok: [18.167.139.195]

TASK [nginx_sync : Synchronizing Nginx] ****************************************
skipping: [18.167.139.195] => (item=conf) 
skipping: [18.167.139.195] => (item=conf.d) 

skipping: [18.167.139.195] => (item=data) 
skipping: [18.167.139.195] => (item=html) 

TASK [nginx_sync : Synchronizing Nginx For Sabang] *****************************
ok: [18.167.139.195] => (item=conf)

changed: [18.167.139.195] => (item=conf.d)
ok: [18.167.139.195] => (item=data)

TASK [nginx_sync : Set HTML Dir to root] ***************************************
ok: [18.167.139.195]


TASK [all_servers : include_vars] **********************************************
ok: [18.167.139.195]

TASK [all_servers : Notify] ****************************************************

ok: [18.167.139.195] => {
    "msg": "Clearing Nginx Cache for sabang-prod"
}

TASK [all_servers : Copying clear_nginxcache.sh to remote hosts] ***************

ok: [18.167.139.195]

TASK [all_servers : Nginx Clear Cache] *****************************************
changed: [18.167.139.195]


TASK [all_servers : debug] *****************************************************
ok: [18.167.139.195] => {
    "script_result.stdout_lines": [
        "-----------------------------------------------------------", 
        "|                 Checking Nginx Config                   |", 

        "-----------------------------------------------------------", 
        "", 
        " nginx -t ", 
        "", 
        "-----------------------------------------------------------", 

        "|                 Stopping Nginx Process                  |", 
        "-----------------------------------------------------------", 
        "", 
        " /usr/bin/killall -9 nginx ", 
        "", 

        "-----------------------------------------------------------", 
        "|                 Clearing Proxy Cache                    |", 
        "-----------------------------------------------------------", 
        "", 
        " /bin/rm -rf /tmp/nginx_cache ", 

        "", 
        "-----------------------------------------------------------", 
        "|                Restarting Nginx Process                 |", 
        "-----------------------------------------------------------", 
        "root      3136  0.0  0.0 297528  2164 ?        Ss   20:21   0:00 nginx: master process /usr/local/nginx/sbin/nginx", 

        "nobody    3137  0.0  0.0 303944  9724 ?        S    20:21   0:00 nginx: worker process", 
        "nobody    3139  0.0  0.0 301784  7752 ?        S    20:21   0:00 nginx: worker process", 
        "nobody    3140  0.0  0.0 302036  7932 ?        S    20:21   0:00 nginx: worker process", 
        "nobody    3142  0.0  0.0 301960  8108 ?        S    20:21   0:00 nginx: worker process", 
        "nobody    3143  0.0  0.0 297532  2804 ?        S    20:21   0:00 nginx: cache manager process", 

        "root      4280  0.0  0.0  32576  3100 ?        Ss+  14:09   0:00 nginx: master process nginx -g daemon off;", 
        "101       4470  0.0  0.0  33600  1968 ?        S+   14:09   0:00 nginx: worker process", 
        "101       4473  0.0  0.0  32992  1620 ?        S+   14:09   0:00 nginx: worker process", 
        "101       4478  0.0  0.0  32992  1620 ?        S+   14:09   0:00 nginx: worker process", 
        "101       4479  0.0  0.0  33600  1964 ?        S+   14:09   0:00 nginx: worker process", 

        "root      4521  0.0  0.0  32576  3100 ?        Ss+  14:09   0:00 nginx: master process nginx -g daemon off;", 
        "101       4614  0.0  0.0  33600  2120 ?        S+   14:09   0:00 nginx: worker process", 
        "101       4615  0.0  0.0  33600  1964 ?        S+   14:09   0:00 nginx: worker process", 
        "101       4616  0.0  0.0  33600  1976 ?        S+   14:09   0:00 nginx: worker process", 
        "101       4617  0.0  0.0  32992  1972 ?        S+   14:09   0:00 nginx: worker process", 

        "root      5289  0.4  0.0 113288  1484 ?        S    20:46   0:00 /bin/bash /bak/bin/clear_nginxcache.sh", 
        "root      5302  0.0  0.0 112816   952 ?        S    20:46   0:00 grep nginx", 
        "root      8677  0.0  0.0  32616  3232 ?        Ss+  14:35   0:00 nginx: master process /usr/sbin/nginx -g daemon off;", 
        "101       8693  0.0  0.0  33068  1844 ?        S+   14:35   0:00 nginx: worker process", 
        "root      8830  0.0  0.0  32616  3232 ?        Ss+  14:35   0:00 nginx: master process /usr/sbin/nginx -g daemon off;", 

        "101       8845  0.0  0.0  33068  1844 ?        S+   14:35   0:00 nginx: worker process", 
        "root     20012  0.0  0.0  32616  3228 ?        Ss+  09:43   0:00 nginx: master process /usr/sbin/nginx -g daemon off;", 
        "root     20026  0.0  0.0  32616  3228 ?        Ss+  09:43   0:00 nginx: master process /usr/sbin/nginx -g daemon off;", 
        "101      20096  0.0  0.0  33068  1852 ?        S+   09:43   0:00 nginx: worker process", 
        "101      20103  0.0  0.0  33068  1836 ?        S+   09:43   0:00 nginx: worker process", 

        "              total        used        free      shared  buff/cache   available", 
        "Mem:          15308       12017         450         180        2840        2782", 
        "Swap:             0           0           0", 
        "-----------------------------------------------------------", 
        "|                     Reload SUCCESS!                     |", 

        "-----------------------------------------------------------"
    ]
}

PLAY [127.0.0.1] ***************************************************************


TASK [sync_to_git : Synchronizing Nginx To GIT] ********************************
changed: [127.0.0.1]

TASK [sync_to_git : debug] *****************************************************

ok: [127.0.0.1] => {
    "msg": " [u'[master 6d78e37] jerry.lam', u' 1 file changed, 1 insertion(+), 1 deletion(-)', u'Branch master set up to track remote branch master from origin.']"
}

PLAY [sabang-prod] *************************************************************


PLAY [127.0.0.1] ***************************************************************

PLAY RECAP *********************************************************************
127.0.0.1                  : ok=2    changed=1    unreachable=0    failed=0    skipped=0    rescued=0    ignored=0   

18.167.139.195             : ok=10   changed=2    unreachable=0    failed=0    skipped=3    rescued=0    ignored=0   


ESYNC_WORKER1_COMMAND_END
MAX RETRIES EXECUTED, COMMAND NOT RESPONDING