ESYNC_WORKER1_COMMAND_START
[WARNING]: Invalid characters were found in group names but not replaced, use
-vvvv to see details

PLAY [sabang-prod] *************************************************************


TASK [Gathering Facts] *********************************************************
ok: [18.167.139.195]

TASK [nginx_sync : Change python interpreter] **********************************
skipping: [18.167.139.195]


TASK [nginx_sync : change python interpreter] **********************************
skipping: [18.167.139.195]

TASK [nginx_sync : set_fact] ***************************************************

ok: [18.167.139.195]

TASK [nginx_sync : set_fact] ***************************************************
skipping: [18.167.139.195]


TASK [nginx_sync : Notify] *****************************************************
ok: [18.167.139.195] => {
    "msg": "Syncing sabang-prod"
}


TASK [nginx_sync : include_vars] ***********************************************
ok: [18.167.139.195]

TASK [nginx_sync : Synchronizing Nginx] ****************************************
skipping: [18.167.139.195] => (item=conf) 

skipping: [18.167.139.195] => (item=conf.d) 
skipping: [18.167.139.195] => (item=data) 
skipping: [18.167.139.195] => (item=html) 

TASK [nginx_sync : Synchronizing Nginx Excluding HTML] *************************

ok: [18.167.139.195] => (item=conf)
changed: [18.167.139.195] => (item=conf.d)
ok: [18.167.139.195] => (item=data)

TASK [nginx_sync : Set HTML Dir to root] ***************************************

ok: [18.167.139.195]

TASK [all_servers : include_vars] **********************************************
ok: [18.167.139.195]


TASK [all_servers : Notify] ****************************************************
ok: [18.167.139.195] => {
    "msg": "Clearing Nginx Cache for sabang-prod"
}


TASK [all_servers : Copying clear_nginxcache.sh to remote hosts] ***************
ok: [18.167.139.195]

TASK [all_servers : Nginx Clear Cache] *****************************************
changed: [18.167.139.195]


TASK [all_servers : debug] *****************************************************
ok: [18.167.139.195] => {
    "script_result.stdout_lines": [
        "-----------------------------------------------------------", 

        "|                 Checking Nginx Config                   |", 
        "-----------------------------------------------------------", 
        "", 
        " nginx -t ", 
        "", 

        "-----------------------------------------------------------", 
        "|                 Stopping Nginx Process                  |", 
        "-----------------------------------------------------------", 
        "", 
        " /usr/bin/killall -9 nginx ", 

        "", 
        "-----------------------------------------------------------", 
        "|                 Clearing Proxy Cache                    |", 
        "-----------------------------------------------------------", 
        "", 

        " /bin/rm -rf /tmp/nginx_cache ", 
        "", 
        "-----------------------------------------------------------", 
        "|                Restarting Nginx Process                 |", 
        "-----------------------------------------------------------", 

        "root       309  0.6  0.0  32576  3096 pts/0    Ss+  12:17   0:00 nginx: master process nginx -g daemon off;", 
        "root       320  0.4  0.0  32616  3232 pts/0    Ss+  12:17   0:00 nginx: master process /usr/sbin/nginx -g daemon off;", 
        "root       327  0.4  0.0  32576  3096 pts/0    Ss+  12:17   0:00 nginx: master process nginx -g daemon off;", 
        "root       329  0.4  0.0  32616  3232 pts/0    Ss+  12:17   0:00 nginx: master process /usr/sbin/nginx -g daemon off;", 
        "root       333  0.4  0.0  32616  3228 pts/0    Ss+  12:17   0:00 nginx: master process /usr/sbin/nginx -g daemon off;", 

        "101        365  0.0  0.0  33068  1600 pts/0    S+   12:17   0:00 nginx: worker process", 
        "101        384  0.0  0.0  32992  1616 pts/0    S+   12:17   0:00 nginx: worker process", 
        "101        385  0.0  0.0  32992  1616 pts/0    S+   12:17   0:00 nginx: worker process", 
        "101        386  0.0  0.0  32992  1616 pts/0    S+   12:17   0:00 nginx: worker process", 
        "101        387  0.0  0.0  32992  1616 pts/0    S+   12:17   0:00 nginx: worker process", 

        "101        419  0.0  0.0  32992  1616 pts/0    S+   12:17   0:00 nginx: worker process", 
        "101        420  0.0  0.0  32992  1616 pts/0    S+   12:17   0:00 nginx: worker process", 
        "101        421  0.0  0.0  32992  1616 pts/0    S+   12:17   0:00 nginx: worker process", 
        "101        422  0.0  0.0  32992  1616 pts/0    S+   12:17   0:00 nginx: worker process", 
        "101        423  0.0  0.0  33068  1604 pts/0    S+   12:17   0:00 nginx: worker process", 

        "101        424  0.0  0.0  33068  1604 pts/0    S+   12:17   0:00 nginx: worker process", 
        "101        425  0.0  0.0  33068  1600 pts/0    S+   12:17   0:00 nginx: worker process", 
        "root       442  0.0  0.0 297924  2580 ?        Ss   12:17   0:00 nginx: master process /usr/local/nginx/sbin/nginx", 
        "nobody     443  0.0  0.0 302180  7188 ?        S    12:17   0:00 nginx: worker process", 
        "nobody     445  0.0  0.0 302180  7188 ?        S    12:17   0:00 nginx: worker process", 

        "nobody     446  0.0  0.0 302180  7188 ?        S    12:17   0:00 nginx: worker process", 
        "nobody     447  0.0  0.0 302180  7188 ?        S    12:17   0:00 nginx: worker process", 
        "nobody     448  0.0  0.0 297928  2984 ?        S    12:17   0:00 nginx: cache manager process", 
        "nobody     449  0.0  0.0 297928  2984 ?        S    12:17   0:00 nginx: cache loader process", 
        "root       452  0.0  0.0 112816   952 ?        S    12:17   0:00 grep nginx", 

        "root     32543  0.6  0.0 113288  1488 ?        S    12:17   0:00 /bin/bash /bak/bin/clear_nginxcache.sh", 
        "root     32631  0.4  0.0  32616  3228 pts/0    Ss+  12:17   0:00 nginx: master process /usr/sbin/nginx -g daemon off;", 
        "              total        used        free      shared  buff/cache   available", 
        "Mem:          31210       16092        2171         372       12946       14354", 
        "Swap:             0           0           0", 

        "-----------------------------------------------------------", 
        "|                     Reload SUCCESS!                     |", 
        "-----------------------------------------------------------"
    ]
}


PLAY [127.0.0.1] ***************************************************************

TASK [sync_to_git : Synchronizing Nginx To GIT] ********************************
changed: [127.0.0.1]


TASK [sync_to_git : debug] *****************************************************
ok: [127.0.0.1] => {
    "msg": " [u'[master 20134f0] jerry.lam', u' 1 file changed, 3 insertions(+), 13 deletions(-)', u'Branch master set up to track remote branch master from origin.']"
}


PLAY [sabang-prod] *************************************************************

PLAY [127.0.0.1] ***************************************************************


PLAY RECAP *********************************************************************
127.0.0.1                  : ok=2    changed=1    unreachable=0    failed=0    skipped=0    rescued=0    ignored=0   
18.167.139.195             : ok=11   changed=2    unreachable=0    failed=0    skipped=4    rescued=0    ignored=0   


ESYNC_WORKER1_COMMAND_END
MAX RETRIES EXECUTED, COMMAND NOT RESPONDING