ESYNC_WORKER1_COMMAND_START
[WARNING]: Invalid characters were found in group names but not replaced, use
-vvvv to see details

PLAY [sabang-prod] *************************************************************


TASK [Gathering Facts] *********************************************************
ok: [18.167.139.195]

TASK [nginx_sync : Change python interpreter] **********************************
skipping: [18.167.139.195]


TASK [nginx_sync : change python interpreter] **********************************
skipping: [18.167.139.195]

TASK [nginx_sync : set_fact] ***************************************************

ok: [18.167.139.195]

TASK [nginx_sync : set_fact] ***************************************************
skipping: [18.167.139.195]


TASK [nginx_sync : Notify] *****************************************************
ok: [18.167.139.195] => {
    "msg": "Syncing sabang-prod"
}


TASK [nginx_sync : include_vars] ***********************************************
ok: [18.167.139.195]

TASK [nginx_sync : Synchronizing Nginx] ****************************************
skipping: [18.167.139.195] => (item=conf) 

skipping: [18.167.139.195] => (item=conf.d) 
skipping: [18.167.139.195] => (item=data) 
skipping: [18.167.139.195] => (item=html) 

TASK [nginx_sync : Synchronizing Nginx Excluding HTML] *************************

ok: [18.167.139.195] => (item=conf)
changed: [18.167.139.195] => (item=conf.d)
ok: [18.167.139.195] => (item=data)

TASK [nginx_sync : Set HTML Dir to root] ***************************************

ok: [18.167.139.195]

TASK [all_servers : include_vars] **********************************************
ok: [18.167.139.195]


TASK [all_servers : Notify] ****************************************************
ok: [18.167.139.195] => {
    "msg": "Clearing Nginx Cache for sabang-prod"
}


TASK [all_servers : Copying clear_nginxcache.sh to remote hosts] ***************
ok: [18.167.139.195]

TASK [all_servers : Nginx Clear Cache] *****************************************
changed: [18.167.139.195]


TASK [all_servers : debug] *****************************************************
ok: [18.167.139.195] => {
    "script_result.stdout_lines": [
        "-----------------------------------------------------------", 

        "|                 Checking Nginx Config                   |", 
        "-----------------------------------------------------------", 
        "", 
        " nginx -t ", 
        "", 

        "-----------------------------------------------------------", 
        "|                 Stopping Nginx Process                  |", 
        "-----------------------------------------------------------", 
        "", 
        " /usr/bin/killall -9 nginx ", 

        "", 
        "-----------------------------------------------------------", 
        "|                 Clearing Proxy Cache                    |", 
        "-----------------------------------------------------------", 
        "", 

        " /bin/rm -rf /tmp/nginx_cache ", 
        "", 
        "-----------------------------------------------------------", 
        "|                Restarting Nginx Process                 |", 
        "-----------------------------------------------------------", 

        "root      3861  0.6  0.0 113288  1488 ?        S    10:07   0:00 /bin/bash /bak/bin/clear_nginxcache.sh", 
        "root      4232  0.6  0.0  32616  3228 ?        Ss+  10:07   0:00 nginx: master process /usr/sbin/nginx -g daemon off;", 
        "root      4233  0.6  0.0  32616  3232 ?        Ss+  10:07   0:00 nginx: master process /usr/sbin/nginx -g daemon off;", 
        "root      4247  0.4  0.0  32616  3228 ?        Ss+  10:07   0:00 nginx: master process /usr/sbin/nginx -g daemon off;", 
        "root      4248  0.4  0.0  32616  3232 ?        Ss+  10:07   0:00 nginx: master process /usr/sbin/nginx -g daemon off;", 

        "root      4249  0.6  0.0  32616  3236 ?        Ss+  10:07   0:00 nginx: master process /usr/sbin/nginx -g daemon off;", 
        "root      4266  0.6  0.0  32616  3236 ?        Ss+  10:07   0:00 nginx: master process /usr/sbin/nginx -g daemon off;", 
        "root      4276  0.7  0.0  32576  3100 ?        Ss+  10:07   0:00 nginx: master process nginx -g daemon off;", 
        "root      4277  0.7  0.0  32576  3104 ?        Ss+  10:07   0:00 nginx: master process nginx -g daemon off;", 
        "root      4278  0.5  0.0  32616  3236 ?        Ss+  10:07   0:00 nginx: master process /usr/sbin/nginx -g daemon off;", 

        "root      4279  0.7  0.0  32616  3236 ?        Ss+  10:07   0:00 nginx: master process /usr/sbin/nginx -g daemon off;", 
        "101       4309  0.0  0.0  33068  1600 ?        S+   10:07   0:00 nginx: worker process", 
        "101       4319  0.0  0.0  33068  1604 ?        S+   10:07   0:00 nginx: worker process", 
        "101       4329  0.0  0.0  33068  1600 ?        S+   10:07   0:00 nginx: worker process", 
        "101       4391  0.0  0.0  33068  1608 ?        S+   10:07   0:00 nginx: worker process", 

        "101       4392  0.0  0.0  33068  1608 ?        S+   10:07   0:00 nginx: worker process", 
        "101       4393  0.0  0.0  33068  1608 ?        S+   10:07   0:00 nginx: worker process", 
        "101       4394  0.0  0.0  32992  1624 ?        S+   10:07   0:00 nginx: worker process", 
        "101       4395  0.0  0.0  33068  1604 ?        S+   10:07   0:00 nginx: worker process", 
        "101       4396  0.0  0.0  32992  1624 ?        S+   10:07   0:00 nginx: worker process", 

        "101       4397  0.0  0.0  32992  1624 ?        S+   10:07   0:00 nginx: worker process", 
        "101       4398  0.0  0.0  32992  1624 ?        S+   10:07   0:00 nginx: worker process", 
        "101       4399  0.0  0.0  32992  1620 ?        S+   10:07   0:00 nginx: worker process", 
        "101       4400  0.0  0.0  32992  1620 ?        S+   10:07   0:00 nginx: worker process", 
        "101       4401  0.0  0.0  32992  1620 ?        S+   10:07   0:00 nginx: worker process", 

        "101       4402  0.0  0.0  33068  1608 ?        S+   10:07   0:00 nginx: worker process", 
        "101       4403  0.0  0.0  32992  1620 ?        S+   10:07   0:00 nginx: worker process", 
        "root      4407  0.0  0.0 301244  5904 ?        Ss   10:07   0:00 nginx: master process /usr/local/nginx/sbin/nginx", 
        "nobody    4408  0.0  0.0 305500 10508 ?        S    10:07   0:00 nginx: worker process", 
        "nobody    4410  0.0  0.0 305500 11468 ?        S    10:07   0:00 nginx: worker process", 

        "nobody    4411  0.0  0.0 305500 12452 ?        S    10:07   0:00 nginx: worker process", 
        "nobody    4412  0.0  0.0 305500 12224 ?        S    10:07   0:00 nginx: worker process", 
        "nobody    4413  0.0  0.0 301248  6308 ?        S    10:07   0:00 nginx: cache manager process", 
        "nobody    4414  0.0  0.0 301248  6308 ?        S    10:07   0:00 nginx: cache loader process", 
        "root      4417  0.0  0.0 112816   956 ?        S    10:07   0:00 grep nginx", 

        "              total        used        free      shared  buff/cache   available", 
        "Mem:          31210       15477        2308         621       13423       14721", 
        "Swap:             0           0           0", 
        "-----------------------------------------------------------", 
        "|                     Reload SUCCESS!                     |", 

        "-----------------------------------------------------------"
    ]
}

PLAY [127.0.0.1] ***************************************************************


TASK [sync_to_git : Synchronizing Nginx To GIT] ********************************
changed: [127.0.0.1]

TASK [sync_to_git : debug] *****************************************************

ok: [127.0.0.1] => {
    "msg": " [u'[master 07115b8] jerry.lam', u' 17 files changed, 125 insertions(+), 4 deletions(-)', u' create mode 120000 nginx/conf.d/ssl/cf393.com', u' create mode 120000 nginx/conf.d/ssl/cf812.com', u' create mode 120000 nginx/conf.d/ssl/cf813.com', u' create mode 120000 nginx/conf.d/ssl/cf814.com', u' create mode 120000 nginx/conf.d/ssl/cf816.com', u' create mode 120000 nginx/conf.d/ssl/cf817.com', u' create mode 120000 nginx/conf.d/ssl/cf834.com', u' create mode 120000 nginx/conf.d/ssl/cf835.com', u' create mode 120000 nginx/conf.d/ssl/cf890.com', u' create mode 120000 nginx/conf.d/ssl/cf891.com', u' create mode 120000 nginx/conf.d/ssl/cf892.com', u' create mode 120000 nginx/conf.d/ssl/cf893.com', u' create mode 120000 nginx/conf.d/ssl/cf894.com', u' create mode 120000 nginx/conf.d/ssl/cf895.com', u' create mode 120000 nginx/conf.d/ssl/cokfigt32.com', u' create mode 120000 nginx/conf.d/ssl/cokfigt33.com', u'Branch master set up to track remote branch master from origin.']"
}

PLAY [sabang-prod] *************************************************************


PLAY [127.0.0.1] ***************************************************************

PLAY RECAP *********************************************************************
127.0.0.1                  : ok=2    changed=1    unreachable=0    failed=0    skipped=0    rescued=0    ignored=0   

18.167.139.195             : ok=11   changed=2    unreachable=0    failed=0    skipped=4    rescued=0    ignored=0   


ESYNC_WORKER1_COMMAND_END
MAX RETRIES EXECUTED, COMMAND NOT RESPONDING