--- /ansible/nginx/hostgroups/sabang-prod/nginx/conf.d/other/douji-web.conf	2021-04-16 16:45:50.011341496 +0800
+++ /tmp/douji-web.conf	2021-04-16 16:47:12.063884330 +0800
@@ -106,8 +106,50 @@
     rewrite ^(.*)$ https://www.wpc89.com$1 permanent;
 }
 
+server  {
+    listen 80;
+    server_name www.wpc81.com;
+    rewrite ^(.*)$ https://www.wpc81.com$1 permanent;
+}
+
+
+server  {
+    listen 80;
+    server_name www.wpc82.com;
+    rewrite ^(.*)$ https://www.wpc82.com$1 permanent;
+}
+
+server  {
+    listen 80;
+    server_name www.wpc83.com;
+    rewrite ^(.*)$ https://www.wpc83.com$1 permanent;
+}
+
+server  {
+    listen 80;
+    server_name www.wpc84.com;
+    rewrite ^(.*)$ https://www.wpc84.com$1 permanent;
+}
+
+
+server  {
+    listen 80;
+    server_name www.wpc85.com;
+    rewrite ^(.*)$ https://www.wpc85.com$1 permanent;
+}
 
 
+server  {
+    listen 80;
+    server_name www.wpc86.com;
+    rewrite ^(.*)$ https://www.wpc86.com$1 permanent;
+}
+
+server  {
+    listen 80;
+    server_name www.wpc87.com;
+    rewrite ^(.*)$ https://www.wpc87.com$1 permanent;
+}
 
 
 

