ESYNC_WORKER1_COMMAND_START
[WARNING]: Invalid characters were found in group names but not replaced, use
-vvvv to see details

PLAY [sabang-prod] *************************************************************


TASK [Gathering Facts] *********************************************************
ok: [18.167.139.195]

TASK [nginx_sync : Change python interpreter] **********************************
skipping: [18.167.139.195]


TASK [nginx_sync : change python interpreter] **********************************
skipping: [18.167.139.195]

TASK [nginx_sync : set_fact] ***************************************************

ok: [18.167.139.195]

TASK [nginx_sync : set_fact] ***************************************************
skipping: [18.167.139.195]


TASK [nginx_sync : Notify] *****************************************************
ok: [18.167.139.195] => {
    "msg": "Syncing sabang-prod"
}


TASK [nginx_sync : include_vars] ***********************************************
ok: [18.167.139.195]

TASK [nginx_sync : Synchronizing Nginx] ****************************************
skipping: [18.167.139.195] => (item=conf) 

skipping: [18.167.139.195] => (item=conf.d) 
skipping: [18.167.139.195] => (item=data) 
skipping: [18.167.139.195] => (item=html) 

TASK [nginx_sync : Synchronizing Nginx Excluding HTML] *************************

ok: [18.167.139.195] => (item=conf)
changed: [18.167.139.195] => (item=conf.d)
ok: [18.167.139.195] => (item=data)

TASK [nginx_sync : Set HTML Dir to root] ***************************************

ok: [18.167.139.195]

TASK [all_servers : include_vars] **********************************************
ok: [18.167.139.195]


TASK [all_servers : Notify] ****************************************************
ok: [18.167.139.195] => {
    "msg": "Clearing Nginx Cache for sabang-prod"
}


TASK [all_servers : Copying clear_nginxcache.sh to remote hosts] ***************
ok: [18.167.139.195]

TASK [all_servers : Nginx Clear Cache] *****************************************
changed: [18.167.139.195]


TASK [all_servers : debug] *****************************************************
ok: [18.167.139.195] => {
    "script_result.stdout_lines": [
        "-----------------------------------------------------------", 

        "|                 Checking Nginx Config                   |", 
        "-----------------------------------------------------------", 
        "", 
        " nginx -t ", 
        "", 

        "-----------------------------------------------------------", 
        "|                 Stopping Nginx Process                  |", 
        "-----------------------------------------------------------", 
        "", 
        " /usr/bin/killall -9 nginx ", 

        "", 
        "-----------------------------------------------------------", 
        "|                 Clearing Proxy Cache                    |", 
        "-----------------------------------------------------------", 
        "", 

        " /bin/rm -rf /tmp/nginx_cache ", 
        "", 
        "-----------------------------------------------------------", 
        "|                Restarting Nginx Process                 |", 
        "-----------------------------------------------------------", 

        "root     19299  0.6  0.0 113288  1488 ?        S    11:37   0:00 /bin/bash /bak/bin/clear_nginxcache.sh", 
        "root     19490  0.4  0.0  32616  3236 pts/0    Ss+  11:37   0:00 nginx: master process /usr/sbin/nginx -g daemon off;", 
        "root     19566  0.4  0.0  32616  3236 pts/0    Ss+  11:37   0:00 nginx: master process /usr/sbin/nginx -g daemon off;", 
        "root     19599  0.4  0.0  32576  3252 pts/0    Ss+  11:37   0:00 nginx: master process nginx -g daemon off;", 
        "root     19616  0.6  0.0  32576  3100 pts/0    Ss+  11:37   0:00 nginx: master process nginx -g daemon off;", 

        "root     19624  0.6  0.0  32616  3236 pts/0    Ss+  11:37   0:00 nginx: master process /usr/sbin/nginx -g daemon off;", 
        "root     19625  0.4  0.0  32616  3232 pts/0    Ss+  11:37   0:00 nginx: master process /usr/sbin/nginx -g daemon off;", 
        "101      19650  0.0  0.0  33068  1608 pts/0    S+   11:37   0:00 nginx: worker process", 
        "101      19663  0.0  0.0  32992  1624 pts/0    S+   11:37   0:00 nginx: worker process", 
        "101      19664  0.0  0.0  32992  1624 pts/0    S+   11:37   0:00 nginx: worker process", 

        "101      19665  0.0  0.0  32992  1624 pts/0    S+   11:37   0:00 nginx: worker process", 
        "101      19666  0.0  0.0  32992  1624 pts/0    S+   11:37   0:00 nginx: worker process", 
        "101      19667  0.0  0.0  33068  1608 pts/0    S+   11:37   0:00 nginx: worker process", 
        "101      19696  0.0  0.0  33068  1604 pts/0    S+   11:37   0:00 nginx: worker process", 
        "101      19697  0.0  0.0  33068  1608 pts/0    S+   11:37   0:00 nginx: worker process", 

        "101      19698  0.0  0.0  32992  1968 pts/0    S+   11:37   0:00 nginx: worker process", 
        "101      19699  0.0  0.0  32992  1620 pts/0    S+   11:37   0:00 nginx: worker process", 
        "101      19700  0.0  0.0  32992  1620 pts/0    S+   11:37   0:00 nginx: worker process", 
        "101      19701  0.0  0.0  32992  1620 pts/0    S+   11:37   0:00 nginx: worker process", 
        "root     19717  0.0  0.0 298088  2736 ?        Ss   11:37   0:00 nginx: master process /usr/local/nginx/sbin/nginx", 

        "nobody   19718  0.0  0.0 302344  7340 ?        S    11:37   0:00 nginx: worker process", 
        "nobody   19720  0.0  0.0 302344  7340 ?        S    11:37   0:00 nginx: worker process", 
        "nobody   19721  0.0  0.0 302344  7340 ?        S    11:37   0:00 nginx: worker process", 
        "nobody   19722  0.0  0.0 302344  7340 ?        S    11:37   0:00 nginx: worker process", 
        "nobody   19723  0.0  0.0 298092  3140 ?        S    11:37   0:00 nginx: cache manager process", 

        "nobody   19724  0.0  0.0 298092  3140 ?        S    11:37   0:00 nginx: cache loader process", 
        "root     19726  0.0  0.0 112816   952 ?        S    11:37   0:00 grep nginx", 
        "              total        used        free      shared  buff/cache   available", 
        "Mem:          31210       16031        2277         356       12901       14431", 
        "Swap:             0           0           0", 

        "-----------------------------------------------------------", 
        "|                     Reload SUCCESS!                     |", 
        "-----------------------------------------------------------"
    ]
}


PLAY [127.0.0.1] ***************************************************************

TASK [sync_to_git : Synchronizing Nginx To GIT] ********************************
changed: [127.0.0.1]


TASK [sync_to_git : debug] *****************************************************
ok: [127.0.0.1] => {
    "msg": " [u'[master e5cc5cb] jerry.lam', u' 2 files changed, 14 insertions(+), 34 deletions(-)', u'Branch master set up to track remote branch master from origin.']"
}


PLAY [sabang-prod] *************************************************************

PLAY [127.0.0.1] ***************************************************************


PLAY RECAP *********************************************************************
127.0.0.1                  : ok=2    changed=1    unreachable=0    failed=0    skipped=0    rescued=0    ignored=0   
18.167.139.195             : ok=11   changed=2    unreachable=0    failed=0    skipped=4    rescued=0    ignored=0   


ESYNC_WORKER1_COMMAND_END
MAX RETRIES EXECUTED, COMMAND NOT RESPONDING