--- /ansible/nginx/hostgroups/sabang-prod/nginx/conf.d/other/douji-web.conf	2021-04-21 16:06:15.737058819 +0800
+++ /tmp/douji-web.conf	2021-04-28 12:43:07.282864333 +0800
@@ -36,76 +36,76 @@
 server  {
     listen 80;
     server_name wpc88.com;
-    rewrite ^(.*)$ https://wpc88.com$1 permanent;
+    rewrite ^(.*)$ https://www.wpc88.com$1 permanent;
 }
 
 
 server  {
     listen 80;
     server_name wpc99.com;
-    rewrite ^(.*)$ https://wpc99.com$1 permanent;
+    rewrite ^(.*)$ https://www.wpc99.com$1 permanent;
 }
 
 server  {
     listen 80;
     server_name wpc11.com;
-    rewrite ^(.*)$ https://wpc11.com$1 permanent;
+    rewrite ^(.*)$ https://www.wpc11.com$1 permanent;
 }
 
 server  {
     listen 80;
     server_name wpc12.com;
-    rewrite ^(.*)$ https://wpc12.com$1 permanent;
+    rewrite ^(.*)$ https://www.wpc12.com$1 permanent;
 }
 
 
 server  {
     listen 80;
     server_name wpc89.com;
-    rewrite ^(.*)$ https://wpc89.com$1 permanent;
+    rewrite ^(.*)$ https://www.wpc89.com$1 permanent;
 }
 
 server  {
     listen 80;
     server_name wpc81.com;
-    rewrite ^(.*)$ https://wpc81.com$1 permanent;
+    rewrite ^(.*)$ https://www.wpc81.com$1 permanent;
 }
 
 
 server  {
     listen 80;
     server_name wpc82.com;
-    rewrite ^(.*)$ https://wpc82.com$1 permanent;
+    rewrite ^(.*)$ https://www.wpc82.com$1 permanent;
 }
 
 server  {
     listen 80;
     server_name wpc83.com;
-    rewrite ^(.*)$ https://wpc83.com$1 permanent;
+    rewrite ^(.*)$ https://www.wpc83.com$1 permanent;
 }
 
 server  {
     listen 80;
     server_name wpc84.com;
-    rewrite ^(.*)$ https://wpc84.com$1 permanent;
+    rewrite ^(.*)$ https://www.wpc84.com$1 permanent;
 }
 
 server  {
     listen 80;
     server_name wpc85.com;
-    rewrite ^(.*)$ https://wpc85.com$1 permanent;
+    rewrite ^(.*)$ https://www.wpc85.com$1 permanent;
 }
 
 server  {
     listen 80;
     server_name wpc86.com;
-    rewrite ^(.*)$ https://wpc86.com$1 permanent;
+    rewrite ^(.*)$ https://www.wpc86.com$1 permanent;
 }
 
 server  {
     listen 80;
     server_name wpc87.com;
-    rewrite ^(.*)$ https://wpc87.com$1 permanent;
+    rewrite ^(.*)$ https://www.wpc87.com$1 permanent;
 }
 
 

