ESYNC_WORKER1_COMMAND_START
[WARNING]: Invalid characters were found in group names but not replaced, use
-vvvv to see details

PLAY [sabang-prod] *************************************************************


TASK [Gathering Facts] *********************************************************
ok: [18.167.139.195]

TASK [nginx_sync : Change python interpreter] **********************************
skipping: [18.167.139.195]


TASK [nginx_sync : change python interpreter] **********************************
skipping: [18.167.139.195]

TASK [nginx_sync : set_fact] ***************************************************

ok: [18.167.139.195]

TASK [nginx_sync : set_fact] ***************************************************
skipping: [18.167.139.195]


TASK [nginx_sync : Notify] *****************************************************
ok: [18.167.139.195] => {
    "msg": "Syncing sabang-prod"
}


TASK [nginx_sync : include_vars] ***********************************************
ok: [18.167.139.195]

TASK [nginx_sync : Synchronizing Nginx] ****************************************
skipping: [18.167.139.195] => (item=conf) 

skipping: [18.167.139.195] => (item=conf.d) 
skipping: [18.167.139.195] => (item=data) 
skipping: [18.167.139.195] => (item=html) 

TASK [nginx_sync : Synchronizing Nginx Excluding HTML] *************************

changed: [18.167.139.195] => (item=conf)
changed: [18.167.139.195] => (item=conf.d)
ok: [18.167.139.195] => (item=data)

TASK [nginx_sync : Set HTML Dir to root] ***************************************

ok: [18.167.139.195]

TASK [all_servers : include_vars] **********************************************
ok: [18.167.139.195]


TASK [all_servers : Notify] ****************************************************
ok: [18.167.139.195] => {
    "msg": "Clearing Nginx Cache for sabang-prod"
}


TASK [all_servers : Copying clear_nginxcache.sh to remote hosts] ***************
ok: [18.167.139.195]

TASK [all_servers : Nginx Clear Cache] *****************************************
changed: [18.167.139.195]


TASK [all_servers : debug] *****************************************************
ok: [18.167.139.195] => {
    "script_result.stdout_lines": [
        "-----------------------------------------------------------", 

        "|                 Checking Nginx Config                   |", 
        "-----------------------------------------------------------", 
        "", 
        " nginx -t ", 
        "", 

        "-----------------------------------------------------------", 
        "|                 Stopping Nginx Process                  |", 
        "-----------------------------------------------------------", 
        "", 
        " /usr/bin/killall -9 nginx ", 

        "", 
        "-----------------------------------------------------------", 
        "|                 Clearing Proxy Cache                    |", 
        "-----------------------------------------------------------", 
        "", 

        " /bin/rm -rf /tmp/nginx_cache ", 
        "", 
        "-----------------------------------------------------------", 
        "|                Restarting Nginx Process                 |", 
        "-----------------------------------------------------------", 

        "root     27494  0.8  0.0 113288  1484 ?        S    14:05   0:00 /bin/bash /bak/bin/clear_nginxcache.sh", 
        "root     27617  0.4  0.0  32616  3232 pts/0    Ss+  14:05   0:00 nginx: master process /usr/sbin/nginx -g daemon off;", 
        "root     27626  0.6  0.0  32576  3100 pts/0    Ss+  14:05   0:00 nginx: master process nginx -g daemon off;", 
        "root     27817  0.6  0.0  32616  3232 pts/0    Ss+  14:05   0:00 nginx: master process /usr/sbin/nginx -g daemon off;", 
        "root     27830  0.4  0.0  32576  3100 pts/0    Ss+  14:05   0:00 nginx: master process nginx -g daemon off;", 

        "root     27832  0.6  0.0  32616  3232 pts/0    Ss+  14:05   0:00 nginx: master process /usr/sbin/nginx -g daemon off;", 
        "root     27833  0.6  0.0  32616  3232 pts/0    Ss+  14:05   0:00 nginx: master process /usr/sbin/nginx -g daemon off;", 
        "101      27863  0.0  0.0  33068  1604 pts/0    S+   14:05   0:00 nginx: worker process", 
        "101      27864  0.0  0.0  32992  1620 pts/0    S+   14:05   0:00 nginx: worker process", 
        "101      27865  0.0  0.0  32992  1620 pts/0    S+   14:05   0:00 nginx: worker process", 

        "101      27866  0.0  0.0  32992  1620 pts/0    S+   14:05   0:00 nginx: worker process", 
        "101      27867  0.0  0.0  32992  1620 pts/0    S+   14:05   0:00 nginx: worker process", 
        "101      27879  0.0  0.0  33068  1604 pts/0    S+   14:05   0:00 nginx: worker process", 
        "101      27911  0.0  0.0  33068  1604 pts/0    S+   14:05   0:00 nginx: worker process", 
        "101      27912  0.0  0.0  32992  1620 pts/0    S+   14:05   0:00 nginx: worker process", 

        "101      27913  0.0  0.0  32992  1620 pts/0    S+   14:05   0:00 nginx: worker process", 
        "101      27914  0.0  0.0  32992  1620 pts/0    S+   14:05   0:00 nginx: worker process", 
        "101      27915  0.0  0.0  32992  1620 pts/0    S+   14:05   0:00 nginx: worker process", 
        "101      27916  0.0  0.0  33068  1604 pts/0    S+   14:05   0:00 nginx: worker process", 
        "root     27919  0.0  0.0 297940  2596 ?        Ss   14:05   0:00 nginx: master process /usr/local/nginx/sbin/nginx", 

        "nobody   27920  0.0  0.0 302196  7204 ?        S    14:05   0:00 nginx: worker process", 
        "nobody   27922  0.0  0.0 302196  7204 ?        S    14:05   0:00 nginx: worker process", 
        "nobody   27923  0.0  0.0 302196  7204 ?        S    14:05   0:00 nginx: worker process", 
        "nobody   27924  0.0  0.0 302196  7204 ?        S    14:05   0:00 nginx: worker process", 
        "nobody   27925  0.0  0.0 297944  3000 ?        S    14:05   0:00 nginx: cache manager process", 

        "nobody   27926  0.0  0.0 297944  3000 ?        S    14:05   0:00 nginx: cache loader process", 
        "root     27929  0.0  0.0 112816   952 ?        S    14:05   0:00 grep nginx", 
        "              total        used        free      shared  buff/cache   available", 
        "Mem:          31210       16053        2180         380       12975       14385", 
        "Swap:             0           0           0", 

        "-----------------------------------------------------------", 
        "|                     Reload SUCCESS!                     |", 
        "-----------------------------------------------------------"
    ]
}


PLAY [127.0.0.1] ***************************************************************

TASK [sync_to_git : Synchronizing Nginx To GIT] ********************************
changed: [127.0.0.1]


TASK [sync_to_git : debug] *****************************************************
ok: [127.0.0.1] => {
    "msg": " [u'[master 07d7ba8] quincy', u' 1 file changed, 8 insertions(+), 84 deletions(-)', u' rewrite nginx/conf.d/include/cf381.com.include (98%)', u'Branch master set up to track remote branch master from origin.']"
}


PLAY [sabang-prod] *************************************************************

PLAY [127.0.0.1] ***************************************************************


PLAY RECAP *********************************************************************
127.0.0.1                  : ok=2    changed=1    unreachable=0    failed=0    skipped=0    rescued=0    ignored=0   
18.167.139.195             : ok=11   changed=2    unreachable=0    failed=0    skipped=4    rescued=0    ignored=0   


ESYNC_WORKER1_COMMAND_END
MAX RETRIES EXECUTED, COMMAND NOT RESPONDING