ESYNC_WORKER1_COMMAND_START
[WARNING]: Invalid characters were found in group names but not replaced, use
-vvvv to see details

PLAY [bbet8-nginx] *************************************************************


TASK [Gathering Facts] *********************************************************
ok: [13.78.65.230]
ok: [119.9.91.166]

TASK [nginx_sync : Change python interpreter] **********************************

skipping: [119.9.91.166]
skipping: [13.78.65.230]

TASK [nginx_sync : change python interpreter] **********************************
skipping: [119.9.91.166]

skipping: [13.78.65.230]

TASK [nginx_sync : Notify] *****************************************************
ok: [119.9.91.166] => {
    "msg": "Syncing bbet8-nginx"

}
ok: [13.78.65.230] => {
    "msg": "Syncing bbet8-nginx"
}


TASK [nginx_sync : include_vars] ***********************************************
ok: [119.9.91.166]
ok: [13.78.65.230]

TASK [nginx_sync : Synchronizing Nginx] ****************************************

ok: [119.9.91.166] => (item=conf)
changed: [119.9.91.166] => (item=conf.d)
ok: [13.78.65.230] => (item=conf)
ok: [119.9.91.166] => (item=data)
changed: [119.9.91.166] => (item=html)

changed: [13.78.65.230] => (item=conf.d)
ok: [13.78.65.230] => (item=data)
changed: [13.78.65.230] => (item=html)

TASK [nginx_sync : Set HTML Dir to root] ***************************************

changed: [119.9.91.166]
changed: [13.78.65.230]

TASK [all_servers : include_vars] **********************************************
ok: [119.9.91.166]

ok: [13.78.65.230]

TASK [all_servers : Notify] ****************************************************
ok: [119.9.91.166] => {
    "msg": "Clearing Nginx Cache for bbet8-nginx"

}
ok: [13.78.65.230] => {
    "msg": "Clearing Nginx Cache for bbet8-nginx"
}


TASK [all_servers : Copying clear_nginxcache.sh to remote hosts] ***************
ok: [119.9.91.166]
ok: [13.78.65.230]

TASK [all_servers : Nginx Clear Cache] *****************************************

changed: [119.9.91.166]
changed: [13.78.65.230]

TASK [all_servers : debug] *****************************************************
ok: [119.9.91.166] => {

    "script_result.stdout_lines": [
        "-----------------------------------------------------------", 
        "|                 Checking Nginx Config                   |", 
        "-----------------------------------------------------------", 
        "", 

        " nginx -t ", 
        "", 
        "-----------------------------------------------------------", 
        "|                 Stopping Nginx Process                  |", 
        "-----------------------------------------------------------", 

        "", 
        " /usr/bin/killall -9 nginx ", 
        "", 
        "-----------------------------------------------------------", 
        "|                 Clearing Proxy Cache                    |", 

        "-----------------------------------------------------------", 
        "", 
        " /bin/rm -rf /tmp/nginx_cache ", 
        "", 
        "-----------------------------------------------------------", 

        "|                Restarting Nginx Process                 |", 
        "-----------------------------------------------------------", 
        "root     15617  0.0  0.2 149656  5412 pts/0    S+   17:56   0:00 vim /usr/local/nginx/logs/bbet8.logstash.access.log", 
        "root     16431  1.3  0.0 113288  1480 ?        S    17:58   0:00 /bin/bash /bak/bin/clear_nginxcache.sh", 
        "root     16441  0.0  3.6 550752 67884 ?        Ss   17:58   0:00 nginx: master process /usr/local/nginx/sbin/nginx", 

        "nobody   16442  0.0  3.8 697168 72516 ?        S    17:58   0:00 nginx: worker process", 
        "nobody   16443  0.0  3.8 697168 72512 ?        S    17:58   0:00 nginx: worker process", 
        "nobody   16444  0.0  3.8 697168 72512 ?        S    17:58   0:00 nginx: worker process", 
        "nobody   16445  0.0  3.8 697168 72512 ?        S    17:58   0:00 nginx: worker process", 
        "nobody   16446  0.0  3.7 695240 69572 ?        S    17:58   0:00 nginx: cache manager process", 

        "nobody   16447  0.0  3.7 695240 69572 ?        S    17:58   0:00 nginx: cache loader process", 
        "root     16460  0.0  0.0 112812   948 ?        R    17:58   0:00 grep nginx", 
        "              total        used        free      shared  buff/cache   available", 
        "Mem:           1832         463         508         240         860         961", 
        "Swap:             0           0           0", 

        "-----------------------------------------------------------", 
        "|                     Reload SUCCESS!                     |", 
        "-----------------------------------------------------------"
    ]
}

ok: [13.78.65.230] => {
    "script_result.stdout_lines": [
        "-----------------------------------------------------------", 
        "|                 Checking Nginx Config                   |", 
        "-----------------------------------------------------------", 

        "", 
        " nginx -t ", 
        "", 
        "-----------------------------------------------------------", 
        "|                 Stopping Nginx Process                  |", 

        "-----------------------------------------------------------", 
        "", 
        " /usr/bin/killall -9 nginx ", 
        "", 
        "-----------------------------------------------------------", 

        "|                 Clearing Proxy Cache                    |", 
        "-----------------------------------------------------------", 
        "", 
        " /bin/rm -rf /tmp/nginx_cache ", 
        "", 

        "-----------------------------------------------------------", 
        "|                Restarting Nginx Process                 |", 
        "-----------------------------------------------------------", 
        "root     122055  0.0  0.1 149480  5356 pts/0    S+   17:45   0:00 vim /usr/local/nginx/conf.d/global/geoip.conf", 
        "root     124491  0.5  0.0 113188  1480 ?        S    17:58   0:00 /bin/bash /bak/bin/clear_nginxcache.sh", 

        "root     124563  0.0  1.6 548760 67828 ?        Ss   17:58   0:00 nginx: master process /usr/local/nginx/sbin/nginx", 
        "nobody   124564  0.0  1.8 697260 74280 ?        S    17:58   0:00 nginx: worker process", 
        "nobody   124565  0.0  1.8 697260 73776 ?        S    17:58   0:00 nginx: worker process", 
        "nobody   124566  0.0  1.8 697260 74252 ?        S    17:58   0:00 nginx: worker process", 
        "nobody   124567  0.0  1.8 697260 73776 ?        S    17:58   0:00 nginx: worker process", 

        "nobody   124568  0.0  1.7 695332 69640 ?        S    17:58   0:00 nginx: cache manager process", 
        "nobody   124569  0.0  1.7 695332 69644 ?        S    17:58   0:00 nginx: cache loader process", 
        "root     124580  0.0  0.0 112716   936 ?        S    17:58   0:00 grep nginx", 
        "              total        used        free      shared  buff/cache   available", 
        "Mem:           3931         458        1055         353        2418        2830", 

        "Swap:             0           0           0", 
        "-----------------------------------------------------------", 
        "|                     Reload SUCCESS!                     |", 
        "-----------------------------------------------------------"
    ]

}

PLAY [127.0.0.1] ***************************************************************

TASK [sync_to_git : Synchronizing Nginx To GIT] ********************************

changed: [127.0.0.1]

TASK [sync_to_git : debug] *****************************************************
ok: [127.0.0.1] => {
    "msg": " [u'[master 5253f15] jerry.lam', u' 1 file changed, 31 insertions(+)', u' create mode 100644 nginx/conf.d/other/deli166.com.conf', u'Branch master set up to track remote branch master from origin.']"

}

PLAY [bbet8-nginx] *************************************************************

PLAY [127.0.0.1] ***************************************************************


PLAY RECAP *********************************************************************
119.9.91.166               : ok=10   changed=3    unreachable=0    failed=0    skipped=2    rescued=0    ignored=0   
127.0.0.1                  : ok=2    changed=1    unreachable=0    failed=0    skipped=0    rescued=0    ignored=0   
13.78.65.230               : ok=10   changed=3    unreachable=0    failed=0    skipped=2    rescued=0    ignored=0   



ESYNC_WORKER1_COMMAND_END
MAX RETRIES EXECUTED, COMMAND NOT RESPONDING