ESYNC_WORKER1_COMMAND_START
[WARNING]: Invalid characters were found in group names but not replaced, use
-vvvv to see details

PLAY [bbet8-nginx] *************************************************************


TASK [Gathering Facts] *********************************************************
ok: [13.78.65.230]
ok: [119.9.91.166]

TASK [nginx_sync : Change python interpreter] **********************************

skipping: [119.9.91.166]
skipping: [13.78.65.230]

TASK [nginx_sync : change python interpreter] **********************************
skipping: [119.9.91.166]

skipping: [13.78.65.230]

TASK [nginx_sync : Notify] *****************************************************
ok: [119.9.91.166] => {
    "msg": "Syncing bbet8-nginx"

}
ok: [13.78.65.230] => {
    "msg": "Syncing bbet8-nginx"
}


TASK [nginx_sync : include_vars] ***********************************************
ok: [119.9.91.166]
ok: [13.78.65.230]

TASK [nginx_sync : Synchronizing Nginx] ****************************************

ok: [119.9.91.166] => (item=conf)
changed: [119.9.91.166] => (item=conf.d)
ok: [13.78.65.230] => (item=conf)
ok: [119.9.91.166] => (item=data)
changed: [119.9.91.166] => (item=html)

changed: [13.78.65.230] => (item=conf.d)
ok: [13.78.65.230] => (item=data)
changed: [13.78.65.230] => (item=html)

TASK [nginx_sync : Set HTML Dir to root] ***************************************

changed: [119.9.91.166]
changed: [13.78.65.230]

TASK [all_servers : include_vars] **********************************************
ok: [119.9.91.166]

ok: [13.78.65.230]

TASK [all_servers : Notify] ****************************************************
ok: [119.9.91.166] => {
    "msg": "Clearing Nginx Cache for bbet8-nginx"

}
ok: [13.78.65.230] => {
    "msg": "Clearing Nginx Cache for bbet8-nginx"
}


TASK [all_servers : Copying clear_nginxcache.sh to remote hosts] ***************
ok: [119.9.91.166]
ok: [13.78.65.230]

TASK [all_servers : Nginx Clear Cache] *****************************************

changed: [119.9.91.166]
changed: [13.78.65.230]

TASK [all_servers : debug] *****************************************************
ok: [119.9.91.166] => {

    "script_result.stdout_lines": [
        "-----------------------------------------------------------", 
        "|                 Checking Nginx Config                   |", 
        "-----------------------------------------------------------", 
        "", 

        " nginx -t ", 
        "", 
        "-----------------------------------------------------------", 
        "|                 Stopping Nginx Process                  |", 
        "-----------------------------------------------------------", 

        "", 
        " /usr/bin/killall -9 nginx ", 
        "", 
        "-----------------------------------------------------------", 
        "|                 Clearing Proxy Cache                    |", 

        "-----------------------------------------------------------", 
        "", 
        " /bin/rm -rf /tmp/nginx_cache ", 
        "", 
        "-----------------------------------------------------------", 

        "|                Restarting Nginx Process                 |", 
        "-----------------------------------------------------------", 
        "root     14480  1.3  0.0 113288  1484 ?        S    15:15   0:00 /bin/bash /bak/bin/clear_nginxcache.sh", 
        "root     14490  0.0  3.5 561852 67268 ?        Ss   15:15   0:00 nginx: master process /usr/local/nginx/sbin/nginx", 
        "nobody   14491  0.0  3.9 708268 73336 ?        S    15:15   0:00 nginx: worker process", 

        "nobody   14493  0.0  3.8 708268 72164 ?        S    15:15   0:00 nginx: worker process", 
        "nobody   14494  0.0  3.9 708268 73332 ?        S    15:15   0:00 nginx: worker process", 
        "nobody   14495  0.0  3.8 708268 71920 ?        S    15:15   0:00 nginx: worker process", 
        "nobody   14496  0.0  3.6 706340 68972 ?        S    15:15   0:00 nginx: cache manager process", 
        "nobody   14497  0.0  3.6 706340 68740 ?        S    15:15   0:00 nginx: cache loader process", 

        "root     14501  0.0  0.0 112812   952 ?        S    15:15   0:00 grep nginx", 
        "              total        used        free      shared  buff/cache   available", 
        "Mem:           1832         361         291         240        1179        1047", 
        "Swap:             0           0           0", 
        "-----------------------------------------------------------", 

        "|                     Reload SUCCESS!                     |", 
        "-----------------------------------------------------------"
    ]
}
ok: [13.78.65.230] => {

    "script_result.stdout_lines": [
        "-----------------------------------------------------------", 
        "|                 Checking Nginx Config                   |", 
        "-----------------------------------------------------------", 
        "", 

        " nginx -t ", 
        "", 
        "-----------------------------------------------------------", 
        "|                 Stopping Nginx Process                  |", 
        "-----------------------------------------------------------", 

        "", 
        " /usr/bin/killall -9 nginx ", 
        "", 
        "-----------------------------------------------------------", 
        "|                 Clearing Proxy Cache                    |", 

        "-----------------------------------------------------------", 
        "", 
        " /bin/rm -rf /tmp/nginx_cache ", 
        "", 
        "-----------------------------------------------------------", 

        "|                Restarting Nginx Process                 |", 
        "-----------------------------------------------------------", 
        "root      54301  0.8  0.0 113188  1480 ?        S    15:15   0:00 /bin/bash /bak/bin/clear_nginxcache.sh", 
        "root      54308  0.0  1.6 559880 67212 ?        Ss   15:15   0:00 nginx: master process /usr/local/nginx/sbin/nginx", 
        "nobody    54309  0.0  1.7 708380 72200 ?        S    15:15   0:00 nginx: worker process", 

        "nobody    54311  0.0  1.7 708380 71964 ?        S    15:15   0:00 nginx: worker process", 
        "nobody    54312  0.0  1.7 708380 71964 ?        S    15:15   0:00 nginx: worker process", 
        "nobody    54313  0.0  1.7 708380 71964 ?        S    15:15   0:00 nginx: worker process", 
        "nobody    54314  0.0  1.7 706452 69016 ?        S    15:15   0:00 nginx: cache manager process", 
        "nobody    54315  0.0  1.7 706452 69024 ?        S    15:15   0:00 nginx: cache loader process", 

        "root      54317  0.0  0.0 112712   940 ?        S    15:15   0:00 grep nginx", 
        "              total        used        free      shared  buff/cache   available", 
        "Mem:           3931         434         364         345        3133        2861", 
        "Swap:             0           0           0", 
        "-----------------------------------------------------------", 

        "|                     Reload SUCCESS!                     |", 
        "-----------------------------------------------------------"
    ]
}


PLAY [127.0.0.1] ***************************************************************

TASK [sync_to_git : Synchronizing Nginx To GIT] ********************************
changed: [127.0.0.1]


TASK [sync_to_git : debug] *****************************************************
ok: [127.0.0.1] => {
    "msg": " [u'[master 5b77ba2] jerry.lam', u' 1 file changed, 3 insertions(+)', u'Branch master set up to track remote branch master from origin.']"
}


PLAY [bbet8-nginx] *************************************************************

PLAY [127.0.0.1] ***************************************************************

PLAY RECAP *********************************************************************

119.9.91.166               : ok=10   changed=3    unreachable=0    failed=0    skipped=2    rescued=0    ignored=0   
127.0.0.1                  : ok=2    changed=1    unreachable=0    failed=0    skipped=0    rescued=0    ignored=0   
13.78.65.230               : ok=10   changed=3    unreachable=0    failed=0    skipped=2    rescued=0    ignored=0   


ESYNC_WORKER1_COMMAND_END
MAX RETRIES EXECUTED, COMMAND NOT RESPONDING