ESYNC_WORKER1_COMMAND_START
[WARNING]: Invalid characters were found in group names but not replaced, use
-vvvv to see details

PLAY [bbet8-nginx] *************************************************************


TASK [Gathering Facts] *********************************************************
ok: [13.78.65.230]
ok: [119.9.91.166]

TASK [nginx_sync : Change python interpreter] **********************************

skipping: [119.9.91.166]
skipping: [13.78.65.230]

TASK [nginx_sync : change python interpreter] **********************************
skipping: [119.9.91.166]

skipping: [13.78.65.230]

TASK [nginx_sync : Notify] *****************************************************
ok: [119.9.91.166] => {
    "msg": "Syncing bbet8-nginx"

}
ok: [13.78.65.230] => {
    "msg": "Syncing bbet8-nginx"
}


TASK [nginx_sync : include_vars] ***********************************************
ok: [119.9.91.166]
ok: [13.78.65.230]

TASK [nginx_sync : Synchronizing Nginx] ****************************************

ok: [119.9.91.166] => (item=conf)
ok: [13.78.65.230] => (item=conf)
changed: [119.9.91.166] => (item=conf.d)
changed: [119.9.91.166] => (item=data)
changed: [119.9.91.166] => (item=html)

changed: [13.78.65.230] => (item=conf.d)
changed: [13.78.65.230] => (item=data)
changed: [13.78.65.230] => (item=html)

TASK [nginx_sync : Set HTML Dir to root] ***************************************

changed: [119.9.91.166]
changed: [13.78.65.230]

TASK [all_servers : include_vars] **********************************************
ok: [119.9.91.166]

ok: [13.78.65.230]

TASK [all_servers : Notify] ****************************************************
ok: [119.9.91.166] => {
    "msg": "Clearing Nginx Cache for bbet8-nginx"

}
ok: [13.78.65.230] => {
    "msg": "Clearing Nginx Cache for bbet8-nginx"
}


TASK [all_servers : Copying clear_nginxcache.sh to remote hosts] ***************
ok: [119.9.91.166]
ok: [13.78.65.230]

TASK [all_servers : Nginx Clear Cache] *****************************************

changed: [119.9.91.166]
changed: [13.78.65.230]

TASK [all_servers : debug] *****************************************************
ok: [119.9.91.166] => {

    "script_result.stdout_lines": [
        "-----------------------------------------------------------", 
        "|                 Checking Nginx Config                   |", 
        "-----------------------------------------------------------", 
        "", 

        " nginx -t ", 
        "", 
        "-----------------------------------------------------------", 
        "|                 Stopping Nginx Process                  |", 
        "-----------------------------------------------------------", 

        "", 
        " /usr/bin/killall -9 nginx ", 
        "", 
        "-----------------------------------------------------------", 
        "|                 Clearing Proxy Cache                    |", 

        "-----------------------------------------------------------", 
        "", 
        " /bin/rm -rf /tmp/nginx_cache ", 
        "", 
        "-----------------------------------------------------------", 

        "|                Restarting Nginx Process                 |", 
        "-----------------------------------------------------------", 
        "root     17867  1.1  0.0 113288  1476 ?        S    10:58   0:00 /bin/bash /bak/bin/clear_nginxcache.sh", 
        "root     17880  0.0  3.6 569104 67916 ?        Ss   10:58   0:00 nginx: master process /usr/local/nginx/sbin/nginx", 
        "nobody   17882  0.0  3.8 715520 72560 ?        S    10:58   0:00 nginx: worker process", 

        "nobody   17883  0.0  3.8 715520 72560 ?        S    10:58   0:00 nginx: worker process", 
        "nobody   17884  0.0  3.8 715520 72560 ?        S    10:58   0:00 nginx: worker process", 
        "nobody   17885  0.0  3.8 715864 72804 ?        S    10:58   0:00 nginx: worker process", 
        "nobody   17886  0.0  3.6 713592 69392 ?        S    10:58   0:00 nginx: cache manager process", 
        "nobody   17887  0.0  3.6 713592 69392 ?        S    10:58   0:00 nginx: cache loader process", 

        "root     17892  0.0  0.0 112816   948 ?        S    10:58   0:00 grep nginx", 
        "              total        used        free      shared  buff/cache   available", 
        "Mem:           1832         363         442         240        1026        1045", 
        "Swap:             0           0           0", 
        "-----------------------------------------------------------", 

        "|                     Reload SUCCESS!                     |", 
        "-----------------------------------------------------------"
    ]
}
ok: [13.78.65.230] => {

    "script_result.stdout_lines": [
        "-----------------------------------------------------------", 
        "|                 Checking Nginx Config                   |", 
        "-----------------------------------------------------------", 
        "", 

        " nginx -t ", 
        "", 
        "-----------------------------------------------------------", 
        "|                 Stopping Nginx Process                  |", 
        "-----------------------------------------------------------", 

        "", 
        " /usr/bin/killall -9 nginx ", 
        "", 
        "-----------------------------------------------------------", 
        "|                 Clearing Proxy Cache                    |", 

        "-----------------------------------------------------------", 
        "", 
        " /bin/rm -rf /tmp/nginx_cache ", 
        "", 
        "-----------------------------------------------------------", 

        "|                Restarting Nginx Process                 |", 
        "-----------------------------------------------------------", 
        "root      80702  0.5  0.0 113188  1480 ?        S    10:58   0:00 /bin/bash /bak/bin/clear_nginxcache.sh", 
        "root      80717  0.0  1.6 567132 67868 ?        Ss   10:58   0:00 nginx: master process /usr/local/nginx/sbin/nginx", 
        "nobody    80718  0.0  1.8 715632 72624 ?        S    10:58   0:00 nginx: worker process", 

        "nobody    80720  0.0  1.8 715632 72620 ?        S    10:58   0:00 nginx: worker process", 
        "nobody    80721  0.0  1.8 715632 72620 ?        S    10:58   0:00 nginx: worker process", 
        "nobody    80722  0.0  1.8 715632 72620 ?        S    10:58   0:00 nginx: worker process", 
        "nobody    80723  3.5  3.6 713704 145196 ?       D    10:58   0:00 nginx: master process /usr/local/nginx/sbin/nginx", 
        "nobody    80724  0.0  1.7 713704 69676 ?        S    10:58   0:00 nginx: cache loader process", 

        "root      80727  0.0  0.0 112712   936 ?        S    10:58   0:00 grep nginx", 
        "              total        used        free      shared  buff/cache   available", 
        "Mem:           3931         433         998         292        2499        2914", 
        "Swap:             0           0           0", 
        "-----------------------------------------------------------", 

        "|                     Reload SUCCESS!                     |", 
        "-----------------------------------------------------------"
    ]
}


PLAY [127.0.0.1] ***************************************************************

TASK [sync_to_git : Synchronizing Nginx To GIT] ********************************
changed: [127.0.0.1]


TASK [sync_to_git : debug] *****************************************************
ok: [127.0.0.1] => {
    "msg": " [u'[master 40d3e5c] jerry.lam', u' 4 files changed, 27 insertions(+)', u' create mode 100644 nginx/conf.d/80/gzqxqy.cn.conf', u' create mode 100644 nginx/conf.d/other/zl.gzqxqy.cn-for-app.conf', u' create mode 120000 nginx/conf.d/ssl/gzqxqy.cn', u'Branch master set up to track remote branch master from origin.']"
}


PLAY [bbet8-nginx] *************************************************************

PLAY [127.0.0.1] ***************************************************************

PLAY RECAP *********************************************************************

119.9.91.166               : ok=10   changed=3    unreachable=0    failed=0    skipped=2    rescued=0    ignored=0   
127.0.0.1                  : ok=2    changed=1    unreachable=0    failed=0    skipped=0    rescued=0    ignored=0   
13.78.65.230               : ok=10   changed=3    unreachable=0    failed=0    skipped=2    rescued=0    ignored=0   


ESYNC_WORKER1_COMMAND_END
MAX RETRIES EXECUTED, COMMAND NOT RESPONDING