ESYNC_WORKER1_COMMAND_START
 [WARNING]: Invalid characters were found in group names but not replaced, use
-vvvv to see details

PLAY [bbet8-nginx] *************************************************************


TASK [Gathering Facts] *********************************************************
ok: [13.70.17.208]
ok: [119.81.239.92]
ok: [137.116.170.159]
ok: [119.9.91.166]

ok: [23.99.121.244]

TASK [nginx_sync : Change python interpreter] **********************************
ok: [23.99.121.244]
ok: [137.116.170.159]

skipping: [119.9.91.166]
skipping: [13.70.17.208]
skipping: [119.81.239.92]

TASK [nginx_sync : change python interpreter] **********************************

ok: [23.99.121.244]
ok: [137.116.170.159]
skipping: [119.9.91.166]
skipping: [13.70.17.208]
skipping: [119.81.239.92]


TASK [nginx_sync : Notify] *****************************************************
ok: [23.99.121.244] => {
    "msg": "Syncing bbet8-nginx"
}

ok: [137.116.170.159] => {
    "msg": "Syncing bbet8-nginx"
}
ok: [119.9.91.166] => {
    "msg": "Syncing bbet8-nginx"

}
ok: [13.70.17.208] => {
    "msg": "Syncing bbet8-nginx"
}
ok: [119.81.239.92] => {

    "msg": "Syncing bbet8-nginx"
}

TASK [nginx_sync : include_vars] ***********************************************
ok: [23.99.121.244]

ok: [137.116.170.159]
ok: [119.9.91.166]
ok: [13.70.17.208]
ok: [119.81.239.92]


TASK [nginx_sync : Synchronizing Nginx] ****************************************
ok: [23.99.121.244] => (item=conf)
ok: [137.116.170.159] => (item=conf)
changed: [13.70.17.208] => (item=conf)
ok: [119.81.239.92] => (item=conf)

ok: [119.9.91.166] => (item=conf)
ok: [119.81.239.92] => (item=conf.d)
ok: [23.99.121.244] => (item=conf.d)
ok: [13.70.17.208] => (item=conf.d)
ok: [119.9.91.166] => (item=conf.d)

ok: [137.116.170.159] => (item=conf.d)
ok: [119.81.239.92] => (item=data)
ok: [137.116.170.159] => (item=data)
ok: [13.70.17.208] => (item=data)
ok: [23.99.121.244] => (item=data)

ok: [119.9.91.166] => (item=data)
ok: [119.81.239.92] => (item=html)
ok: [13.70.17.208] => (item=html)
ok: [23.99.121.244] => (item=html)
ok: [137.116.170.159] => (item=html)

ok: [119.9.91.166] => (item=html)

TASK [all_servers : include_vars] **********************************************
ok: [23.99.121.244]
ok: [137.116.170.159]

ok: [119.9.91.166]
ok: [13.70.17.208]
ok: [119.81.239.92]

TASK [all_servers : Notify] ****************************************************

ok: [23.99.121.244] => {
    "msg": "Clearing Nginx Cache for bbet8-nginx"
}
ok: [137.116.170.159] => {
    "msg": "Clearing Nginx Cache for bbet8-nginx"

}
ok: [119.9.91.166] => {
    "msg": "Clearing Nginx Cache for bbet8-nginx"
}
ok: [13.70.17.208] => {

    "msg": "Clearing Nginx Cache for bbet8-nginx"
}
ok: [119.81.239.92] => {
    "msg": "Clearing Nginx Cache for bbet8-nginx"
}


TASK [all_servers : Copying clear_nginxcache.sh to remote hosts] ***************
ok: [119.81.239.92]
ok: [137.116.170.159]
ok: [119.9.91.166]

ok: [13.70.17.208]
ok: [23.99.121.244]

TASK [all_servers : Nginx Clear Cache] *****************************************
changed: [119.81.239.92]

changed: [13.70.17.208]
changed: [119.9.91.166]
changed: [23.99.121.244]
changed: [137.116.170.159]


TASK [all_servers : debug] *****************************************************
ok: [23.99.121.244] => {
    "script_result.stdout_lines": [
        "-----------------------------------------------------------", 
        "|                 Checking Nginx Config                   |", 

        "-----------------------------------------------------------", 
        "", 
        " nginx -t ", 
        "", 
        "-----------------------------------------------------------", 

        "|                 Stopping Nginx Process                  |", 
        "-----------------------------------------------------------", 
        "", 
        " /usr/bin/killall -9 nginx ", 
        "", 

        "-----------------------------------------------------------", 
        "|                 Clearing Proxy Cache                    |", 
        "-----------------------------------------------------------", 
        "", 
        " /bin/rm -rf /tmp/nginx_cache ", 

        "", 
        "-----------------------------------------------------------", 
        "|                Restarting Nginx Process                 |", 
        "-----------------------------------------------------------", 
        "root      47239  0.0  0.0   9120   648 ?        Ss    2018   0:00 /sbin/dhclient -H bbet8-nginx2.hk.az.monaco1.me -1 -q -lf /var/lib/dhclient/dhclient-eth0.leases -pf /var/run/dhclient-eth0.pid eth0", 

        "root      53544  0.0  0.0 106120  1280 ?        S    13:52   0:00 /bin/bash /bak/bin/clear_nginxcache.sh", 
        "root      53554  0.0  2.2 434284 78548 ?        Ss   13:52   0:00 nginx: master process /usr/local/nginx/sbin/nginx", 
        "nobody    53556  0.6  2.3 436212 84428 ?        S    13:52   0:00 nginx: worker process      ", 
        "nobody    53557  0.3  2.3 436212 84412 ?        S    13:52   0:00 nginx: worker process      ", 
        "nobody    53558  0.3  2.3 436212 84424 ?        S    13:52   0:00 nginx: worker process      ", 

        "nobody    53559  0.3  2.3 436212 84412 ?        S    13:52   0:00 nginx: worker process      ", 
        "nobody    53560  0.0  2.2 434284 80076 ?        S    13:52   0:00 nginx: cache manager process", 
        "nobody    53561  0.0  2.2 434284 80056 ?        S    13:52   0:00 nginx: cache loader process", 
        "root      53563  0.0  0.0 103332   856 ?        S    13:52   0:00 grep nginx", 
        "             total       used       free     shared    buffers     cached", 

        "Mem:          3440       2893        547          3        230        976", 
        "-/+ buffers/cache:       1685       1754", 
        "Swap:            0          0          0", 
        "-----------------------------------------------------------", 
        "|                     Reload SUCCESS!                     |", 

        "-----------------------------------------------------------"
    ]
}
ok: [137.116.170.159] => {
    "script_result.stdout_lines": [

        "-----------------------------------------------------------", 
        "|                 Checking Nginx Config                   |", 
        "-----------------------------------------------------------", 
        "", 
        " nginx -t ", 

        "", 
        "-----------------------------------------------------------", 
        "|                 Stopping Nginx Process                  |", 
        "-----------------------------------------------------------", 
        "", 

        " /usr/bin/killall -9 nginx ", 
        "", 
        "-----------------------------------------------------------", 
        "|                 Clearing Proxy Cache                    |", 
        "-----------------------------------------------------------", 

        "", 
        " /bin/rm -rf /tmp/nginx_cache ", 
        "", 
        "-----------------------------------------------------------", 
        "|                Restarting Nginx Process                 |", 

        "-----------------------------------------------------------", 
        "root       3027  0.0  0.0   9120   532 ?        Ss    2018   0:00 /sbin/dhclient -H bbet8-nginx4.hk.az.monaco1.me -1 -q -lf /var/lib/dhclient/dhclient-eth0.leases -pf /var/run/dhclient-eth0.pid eth0", 
        "root      85994  0.0  0.0 106120  1280 ?        S    13:52   0:00 /bin/bash /bak/bin/clear_nginxcache.sh", 
        "root      86003  0.5  2.2 434284 78544 ?        Ss   13:52   0:00 nginx: master process /usr/local/nginx/sbin/nginx", 
        "nobody    86004  0.5  2.3 436212 84424 ?        S    13:52   0:00 nginx: worker process      ", 

        "nobody    86006  0.0  2.3 436212 84356 ?        S    13:52   0:00 nginx: worker process      ", 
        "nobody    86007  0.0  2.3 436212 83228 ?        S    13:52   0:00 nginx: worker process      ", 
        "nobody    86008  0.5  2.3 436212 84356 ?        S    13:52   0:00 nginx: worker process      ", 
        "nobody    86009  0.0  2.2 434284 80068 ?        S    13:52   0:00 nginx: cache manager process", 
        "nobody    86010  0.0  2.2 434284 80032 ?        S    13:52   0:00 nginx: cache loader process", 

        "root      86012  0.0  0.0 103328   848 ?        R    13:52   0:00 grep nginx", 
        "             total       used       free     shared    buffers     cached", 
        "Mem:          3440       2947        492          3        259        987", 
        "-/+ buffers/cache:       1699       1740", 
        "Swap:            0          0          0", 

        "-----------------------------------------------------------", 
        "|                     Reload SUCCESS!                     |", 
        "-----------------------------------------------------------"
    ]
}

ok: [119.9.91.166] => {
    "script_result.stdout_lines": [
        "-----------------------------------------------------------", 
        "|                 Checking Nginx Config                   |", 
        "-----------------------------------------------------------", 

        "", 
        " nginx -t ", 
        "", 
        "-----------------------------------------------------------", 
        "|                 Stopping Nginx Process                  |", 

        "-----------------------------------------------------------", 
        "", 
        " /usr/bin/killall -9 nginx ", 
        "", 
        "-----------------------------------------------------------", 

        "|                 Clearing Proxy Cache                    |", 
        "-----------------------------------------------------------", 
        "", 
        " /bin/rm -rf /tmp/nginx_cache ", 
        "", 

        "-----------------------------------------------------------", 
        "|                Restarting Nginx Process                 |", 
        "-----------------------------------------------------------", 
        "root      1658  1.3  0.0 113188  1484 ?        S    13:52   0:00 /bin/bash /bak/bin/clear_nginxcache.sh", 
        "root      1669  0.0  4.1 434648 77864 ?        Ss   13:52   0:00 nginx: master process /usr/local/nginx/sbin/nginx", 

        "nobody    1670  1.0  4.4 436860 84000 ?        S    13:52   0:00 nginx: worker process", 
        "nobody    1672  0.0  4.4 436708 83576 ?        S    13:52   0:00 nginx: worker process", 
        "nobody    1673  0.0  4.3 436576 82116 ?        S    13:52   0:00 nginx: worker process", 
        "nobody    1674  0.5  4.4 436708 83532 ?        S    13:52   0:00 nginx: worker process", 
        "nobody    1675  0.0  4.2 434648 79328 ?        S    13:52   0:00 nginx: cache manager process", 

        "nobody    1676  0.0  4.2 434648 79328 ?        S    13:52   0:00 nginx: cache loader process", 
        "root      1678  0.0  0.0 112716   944 ?        S    13:52   0:00 grep nginx", 
        "              total        used        free      shared  buff/cache   available", 
        "Mem:           1832         349         460         107        1022        1192", 
        "Swap:             0           0           0", 

        "-----------------------------------------------------------", 
        "|                     Reload SUCCESS!                     |", 
        "-----------------------------------------------------------"
    ]
}

ok: [13.70.17.208] => {
    "script_result.stdout_lines": [
        "-----------------------------------------------------------", 
        "|                 Checking Nginx Config                   |", 
        "-----------------------------------------------------------", 

        "", 
        " nginx -t ", 
        "", 
        "-----------------------------------------------------------", 
        "|                 Stopping Nginx Process                  |", 

        "-----------------------------------------------------------", 
        "", 
        " /usr/bin/killall -9 nginx ", 
        "", 
        "-----------------------------------------------------------", 

        "|                 Clearing Proxy Cache                    |", 
        "-----------------------------------------------------------", 
        "", 
        " /bin/rm -rf /tmp/nginx_cache ", 
        "", 

        "-----------------------------------------------------------", 
        "|                Restarting Nginx Process                 |", 
        "-----------------------------------------------------------", 
        "root      52336  0.8  0.0 113180  1496 ?        S    13:52   0:00 /bin/bash /bak/bin/clear_nginxcache.sh", 
        "root      52343  0.0  1.9 434640 77880 ?        Ss   13:52   0:00 nginx: master process /usr/local/nginx/sbin/nginx", 

        "nobody    52345  0.0  2.0 438784 83884 ?        S    13:52   0:00 nginx: worker process", 
        "nobody    52346  0.0  2.0 438784 84172 ?        S    13:52   0:00 nginx: worker process", 
        "nobody    52347  0.0  2.0 438784 83924 ?        S    13:52   0:00 nginx: worker process", 
        "nobody    52348  0.0  2.0 438784 83672 ?        S    13:52   0:00 nginx: worker process", 
        "nobody    52349  0.0  1.9 436724 79668 ?        S    13:52   0:00 nginx: cache manager process", 

        "nobody    52350  0.0  1.9 436724 79420 ?        S    13:52   0:00 nginx: cache loader process", 
        "root      52352  0.0  0.0 112708   956 ?        S    13:52   0:00 grep nginx", 
        "              total        used        free      shared  buff/cache   available", 
        "Mem:           3934         323         329         204        3281        2996", 
        "Swap:             0           0           0", 

        "-----------------------------------------------------------", 
        "|                     Reload SUCCESS!                     |", 
        "-----------------------------------------------------------"
    ]
}

ok: [119.81.239.92] => {
    "script_result.stdout_lines": [
        "-----------------------------------------------------------", 
        "|                 Checking Nginx Config                   |", 
        "-----------------------------------------------------------", 

        "", 
        " nginx -t ", 
        "", 
        "-----------------------------------------------------------", 
        "|                 Stopping Nginx Process                  |", 

        "-----------------------------------------------------------", 
        "", 
        " /usr/bin/killall -9 nginx ", 
        "", 
        "-----------------------------------------------------------", 

        "|                 Clearing Proxy Cache                    |", 
        "-----------------------------------------------------------", 
        "", 
        " /bin/rm -rf /tmp/nginx_cache ", 
        "", 

        "-----------------------------------------------------------", 
        "|                Restarting Nginx Process                 |", 
        "-----------------------------------------------------------", 
        "root     11934  1.6  0.0 113180  1504 ?        S    13:52   0:00 /bin/bash /bak/bin/clear_nginxcache.sh", 
        "root     11942  0.0  2.0 434640 77880 ?        Ss   13:52   0:00 nginx: master process /usr/local/nginx/sbin/nginx", 

        "nobody   11944  0.0  2.1 436568 82384 ?        S    13:52   0:00 nginx: worker process", 
        "nobody   11945  0.0  2.1 436568 82132 ?        S    13:52   0:00 nginx: worker process", 
        "nobody   11946  0.0  2.1 436568 82132 ?        S    13:52   0:00 nginx: worker process", 
        "nobody   11947  0.0  2.1 436700 83844 ?        S    13:52   0:00 nginx: worker process", 
        "nobody   11948  0.0  2.0 434640 79344 ?        S    13:52   0:00 nginx: cache manager process", 

        "nobody   11949  0.0  2.0 434640 79344 ?        S    13:52   0:00 nginx: cache loader process", 
        "root     11952  0.0  0.0 112708   964 ?        S    13:52   0:00 grep nginx", 
        "              total        used        free      shared  buff/cache   available", 
        "Mem:           3783         205         452         194        3125        3077", 
        "Swap:          2047          18        2029", 

        "-----------------------------------------------------------", 
        "|                     Reload SUCCESS!                     |", 
        "-----------------------------------------------------------"
    ]
}


PLAY [127.0.0.1] ***************************************************************

TASK [sync_to_git : Synchronizing Nginx To GIT] ********************************
changed: [127.0.0.1]


TASK [sync_to_git : debug] *****************************************************
ok: [127.0.0.1] => {
    "msg": " [u'# On branch master', u'# Changes not staged for commit:', u'#   (use \"git add/rm <file>...\" to update what will be committed)', u'#   (use \"git checkout -- <file>...\" to discard changes in working directory)', u'#', u'#\\tdeleted:    nginx/conf.d/80-443/veligood.com.conf', u'#\\tdeleted:    nginx/conf.d/80-443/xn--9tr9gx15k.com.conf', u'#\\tdeleted:    nginx/conf.d/include/bbet8_veligood_web.include', u'#\\tdeleted:    nginx/conf.d/other/deli2828.com.conf', u'#', u'no changes added to commit (use \"git add\" and/or \"git commit -a\")', u'Branch master set up to track remote branch master from origin.']"
}


PLAY [bbet8-nginx] *************************************************************

PLAY [127.0.0.1] ***************************************************************


PLAY RECAP *********************************************************************
119.81.239.92              : ok=9    changed=1    unreachable=0    failed=0    skipped=2    rescued=0    ignored=0   
119.9.91.166               : ok=9    changed=1    unreachable=0    failed=0    skipped=2    rescued=0    ignored=0   
127.0.0.1                  : ok=2    changed=1    unreachable=0    failed=0    skipped=0    rescued=0    ignored=0   
13.70.17.208               : ok=9    changed=2    unreachable=0    failed=0    skipped=2    rescued=0    ignored=0   

137.116.170.159            : ok=11   changed=1    unreachable=0    failed=0    skipped=0    rescued=0    ignored=0   
23.99.121.244              : ok=11   changed=1    unreachable=0    failed=0    skipped=0    rescued=0    ignored=0   


ESYNC_WORKER1_COMMAND_END
MAX RETRIES EXECUTED, COMMAND NOT RESPONDING