ESYNC_WORKER1_COMMAND_START
[WARNING]: Invalid characters were found in group names but not replaced, use
-vvvv to see details

PLAY [bbet8-nginx] *************************************************************


TASK [Gathering Facts] *********************************************************
ok: [13.78.65.230]
ok: [119.9.91.166]

TASK [nginx_sync : Change python interpreter] **********************************

skipping: [119.9.91.166]
skipping: [13.78.65.230]

TASK [nginx_sync : change python interpreter] **********************************
skipping: [119.9.91.166]

skipping: [13.78.65.230]

TASK [nginx_sync : Notify] *****************************************************
ok: [119.9.91.166] => {
    "msg": "Syncing bbet8-nginx"

}
ok: [13.78.65.230] => {
    "msg": "Syncing bbet8-nginx"
}


TASK [nginx_sync : include_vars] ***********************************************
ok: [119.9.91.166]
ok: [13.78.65.230]

TASK [nginx_sync : Synchronizing Nginx] ****************************************

changed: [119.9.91.166] => (item=conf)
changed: [119.9.91.166] => (item=conf.d)
ok: [13.78.65.230] => (item=conf)
changed: [119.9.91.166] => (item=data)
changed: [119.9.91.166] => (item=html)

changed: [13.78.65.230] => (item=conf.d)
changed: [13.78.65.230] => (item=data)
changed: [13.78.65.230] => (item=html)

TASK [nginx_sync : Set HTML Dir to root] ***************************************

changed: [119.9.91.166]
changed: [13.78.65.230]

TASK [all_servers : include_vars] **********************************************
ok: [119.9.91.166]

ok: [13.78.65.230]

TASK [all_servers : Notify] ****************************************************
ok: [119.9.91.166] => {
    "msg": "Clearing Nginx Cache for bbet8-nginx"

}
ok: [13.78.65.230] => {
    "msg": "Clearing Nginx Cache for bbet8-nginx"
}


TASK [all_servers : Copying clear_nginxcache.sh to remote hosts] ***************
ok: [119.9.91.166]
ok: [13.78.65.230]

TASK [all_servers : Nginx Clear Cache] *****************************************

changed: [119.9.91.166]
changed: [13.78.65.230]

TASK [all_servers : debug] *****************************************************
ok: [119.9.91.166] => {

    "script_result.stdout_lines": [
        "-----------------------------------------------------------", 
        "|                 Checking Nginx Config                   |", 
        "-----------------------------------------------------------", 
        "", 

        " nginx -t ", 
        "", 
        "-----------------------------------------------------------", 
        "|                 Stopping Nginx Process                  |", 
        "-----------------------------------------------------------", 

        "", 
        " /usr/bin/killall -9 nginx ", 
        "", 
        "-----------------------------------------------------------", 
        "|                 Clearing Proxy Cache                    |", 

        "-----------------------------------------------------------", 
        "", 
        " /bin/rm -rf /tmp/nginx_cache ", 
        "", 
        "-----------------------------------------------------------", 

        "|                Restarting Nginx Process                 |", 
        "-----------------------------------------------------------", 
        "root     18789  1.1  0.0 113288  1480 ?        S    14:44   0:00 /bin/bash /bak/bin/clear_nginxcache.sh", 
        "root     18799  0.0  3.6 551636 68164 ?        Ss   14:44   0:00 nginx: master process /usr/local/nginx/sbin/nginx", 
        "nobody   18800  0.0  3.8 698052 72800 ?        S    14:44   0:00 nginx: worker process", 

        "nobody   18801  0.0  3.8 698052 72800 ?        S    14:44   0:00 nginx: worker process", 
        "nobody   18802  0.5  3.9 698052 74188 ?        S    14:44   0:00 nginx: worker process", 
        "nobody   18803 11.5 11.5 698052 217216 ?       S    14:44   0:00 nginx: worker process", 
        "nobody   18804  0.0  3.7 696124 69640 ?        S    14:44   0:00 nginx: cache manager process", 
        "nobody   18805  0.0  3.7 696124 69640 ?        S    14:44   0:00 nginx: cache loader process", 

        "root     18814  0.0  0.0 112812   952 ?        S    14:44   0:00 grep nginx", 
        "              total        used        free      shared  buff/cache   available", 
        "Mem:           1832         411         338         240        1082        1012", 
        "Swap:             0           0           0", 
        "-----------------------------------------------------------", 

        "|                     Reload SUCCESS!                     |", 
        "-----------------------------------------------------------"
    ]
}
ok: [13.78.65.230] => {

    "script_result.stdout_lines": [
        "-----------------------------------------------------------", 
        "|                 Checking Nginx Config                   |", 
        "-----------------------------------------------------------", 
        "", 

        " nginx -t ", 
        "", 
        "-----------------------------------------------------------", 
        "|                 Stopping Nginx Process                  |", 
        "-----------------------------------------------------------", 

        "", 
        " /usr/bin/killall -9 nginx ", 
        "", 
        "-----------------------------------------------------------", 
        "|                 Clearing Proxy Cache                    |", 

        "-----------------------------------------------------------", 
        "", 
        " /bin/rm -rf /tmp/nginx_cache ", 
        "", 
        "-----------------------------------------------------------", 

        "|                Restarting Nginx Process                 |", 
        "-----------------------------------------------------------", 
        "root      74018  0.5  0.0 113188  1480 ?        S    14:44   0:00 /bin/bash /bak/bin/clear_nginxcache.sh", 
        "root      74025  0.0  1.6 549664 68108 ?        Ss   14:44   0:00 nginx: master process /usr/local/nginx/sbin/nginx", 
        "nobody    74026  0.0  1.8 698316 74496 ?        S    14:44   0:00 nginx: worker process", 

        "nobody    74028  0.0  1.8 698164 74264 ?        S    14:44   0:00 nginx: worker process", 
        "nobody    74029  0.0  1.8 698164 74556 ?        S    14:44   0:00 nginx: worker process", 
        "nobody    74030  0.0  1.8 698164 72872 ?        S    14:44   0:00 nginx: worker process", 
        "nobody    74031  0.0  1.7 696236 69916 ?        S    14:44   0:00 nginx: cache manager process", 
        "nobody    74032  0.0  1.7 696236 69916 ?        S    14:44   0:00 nginx: cache loader process", 

        "root      74034  0.0  0.0 112712   936 ?        S    14:44   0:00 grep nginx", 
        "              total        used        free      shared  buff/cache   available", 
        "Mem:           3931         436        1129         345        2366        2859", 
        "Swap:             0           0           0", 
        "-----------------------------------------------------------", 

        "|                     Reload SUCCESS!                     |", 
        "-----------------------------------------------------------"
    ]
}


PLAY [127.0.0.1] ***************************************************************

TASK [sync_to_git : Synchronizing Nginx To GIT] ********************************
changed: [127.0.0.1]


TASK [sync_to_git : debug] *****************************************************
ok: [127.0.0.1] => {
    "msg": " [u'[master cc083b5] leriza.muralla', u' 2 files changed, 1 insertion(+), 16 deletions(-)', u'Branch master set up to track remote branch master from origin.']"
}


PLAY [bbet8-nginx] *************************************************************

PLAY [127.0.0.1] ***************************************************************

PLAY RECAP *********************************************************************

119.9.91.166               : ok=10   changed=3    unreachable=0    failed=0    skipped=2    rescued=0    ignored=0   
127.0.0.1                  : ok=2    changed=1    unreachable=0    failed=0    skipped=0    rescued=0    ignored=0   
13.78.65.230               : ok=10   changed=3    unreachable=0    failed=0    skipped=2    rescued=0    ignored=0   


ESYNC_WORKER1_COMMAND_END
MAX RETRIES EXECUTED, COMMAND NOT RESPONDING