ESYNC_WORKER1_COMMAND_START
[WARNING]: Invalid characters were found in group names but not replaced, use
-vvvv to see details

PLAY [bbet8-nginx] *************************************************************


TASK [Gathering Facts] *********************************************************
ok: [119.9.91.166]
ok: [13.78.65.230]

TASK [nginx_sync : Change python interpreter] **********************************

skipping: [119.9.91.166]
skipping: [13.78.65.230]

TASK [nginx_sync : change python interpreter] **********************************
skipping: [119.9.91.166]

skipping: [13.78.65.230]

TASK [nginx_sync : Notify] *****************************************************
ok: [119.9.91.166] => {
    "msg": "Syncing bbet8-nginx"

}
ok: [13.78.65.230] => {
    "msg": "Syncing bbet8-nginx"
}


TASK [nginx_sync : include_vars] ***********************************************
ok: [119.9.91.166]
ok: [13.78.65.230]

TASK [nginx_sync : Synchronizing Nginx] ****************************************

changed: [119.9.91.166] => (item=conf)
changed: [119.9.91.166] => (item=conf.d)
ok: [13.78.65.230] => (item=conf)
changed: [119.9.91.166] => (item=data)
changed: [119.9.91.166] => (item=html)

changed: [13.78.65.230] => (item=conf.d)
changed: [13.78.65.230] => (item=data)
changed: [13.78.65.230] => (item=html)

TASK [nginx_sync : Set HTML Dir to root] ***************************************

changed: [119.9.91.166]
changed: [13.78.65.230]

TASK [all_servers : include_vars] **********************************************
ok: [119.9.91.166]

ok: [13.78.65.230]

TASK [all_servers : Notify] ****************************************************
ok: [119.9.91.166] => {
    "msg": "Clearing Nginx Cache for bbet8-nginx"

}
ok: [13.78.65.230] => {
    "msg": "Clearing Nginx Cache for bbet8-nginx"
}


TASK [all_servers : Copying clear_nginxcache.sh to remote hosts] ***************
ok: [119.9.91.166]
ok: [13.78.65.230]

TASK [all_servers : Nginx Clear Cache] *****************************************

changed: [119.9.91.166]
changed: [13.78.65.230]

TASK [all_servers : debug] *****************************************************
ok: [119.9.91.166] => {

    "script_result.stdout_lines": [
        "-----------------------------------------------------------", 
        "|                 Checking Nginx Config                   |", 
        "-----------------------------------------------------------", 
        "", 

        " nginx -t ", 
        "", 
        "-----------------------------------------------------------", 
        "|                 Stopping Nginx Process                  |", 
        "-----------------------------------------------------------", 

        "", 
        " /usr/bin/killall -9 nginx ", 
        "", 
        "-----------------------------------------------------------", 
        "|                 Clearing Proxy Cache                    |", 

        "-----------------------------------------------------------", 
        "", 
        " /bin/rm -rf /tmp/nginx_cache ", 
        "", 
        "-----------------------------------------------------------", 

        "|                Restarting Nginx Process                 |", 
        "-----------------------------------------------------------", 
        "root     25296  1.1  0.0 113288  1484 ?        S    12:43   0:00 /bin/bash /bak/bin/clear_nginxcache.sh", 
        "root     25306  0.0  3.5 561724 67260 ?        Ss   12:43   0:00 nginx: master process /usr/local/nginx/sbin/nginx", 
        "nobody   25308  1.0  3.9 708272 73536 ?        S    12:43   0:00 nginx: worker process", 

        "nobody   25309  0.0  3.9 708140 73344 ?        S    12:43   0:00 nginx: worker process", 
        "nobody   25310  0.0  3.9 708140 73328 ?        S    12:43   0:00 nginx: worker process", 
        "nobody   25311  0.0  3.9 708140 73332 ?        S    12:43   0:00 nginx: worker process", 
        "nobody   25312  0.0  3.6 706212 68732 ?        S    12:43   0:00 nginx: cache manager process", 
        "nobody   25313  0.0  3.6 706212 68732 ?        S    12:43   0:00 nginx: cache loader process", 

        "root     25316  0.0  0.0 112812   952 ?        R    12:43   0:00 grep nginx", 
        "              total        used        free      shared  buff/cache   available", 
        "Mem:           1832         331         313         240        1186        1077", 
        "Swap:             0           0           0", 
        "-----------------------------------------------------------", 

        "|                     Reload SUCCESS!                     |", 
        "-----------------------------------------------------------"
    ]
}
ok: [13.78.65.230] => {

    "script_result.stdout_lines": [
        "-----------------------------------------------------------", 
        "|                 Checking Nginx Config                   |", 
        "-----------------------------------------------------------", 
        "", 

        " nginx -t ", 
        "", 
        "-----------------------------------------------------------", 
        "|                 Stopping Nginx Process                  |", 
        "-----------------------------------------------------------", 

        "", 
        " /usr/bin/killall -9 nginx ", 
        "", 
        "-----------------------------------------------------------", 
        "|                 Clearing Proxy Cache                    |", 

        "-----------------------------------------------------------", 
        "", 
        " /bin/rm -rf /tmp/nginx_cache ", 
        "", 
        "-----------------------------------------------------------", 

        "|                Restarting Nginx Process                 |", 
        "-----------------------------------------------------------", 
        "root      46676  0.6  0.0 113188  1480 ?        S    12:43   0:00 /bin/bash /bak/bin/clear_nginxcache.sh", 
        "root      46687  0.0  1.6 559752 67208 ?        Ss   12:43   0:00 nginx: master process /usr/local/nginx/sbin/nginx", 
        "nobody    46688  0.0  1.7 708252 71960 ?        S    12:43   0:00 nginx: worker process", 

        "nobody    46690  0.0  1.8 708252 73640 ?        S    12:43   0:00 nginx: worker process", 
        "nobody    46691  0.0  1.8 708252 73640 ?        S    12:43   0:00 nginx: worker process", 
        "nobody    46692  0.0  1.7 708252 71960 ?        S    12:43   0:00 nginx: worker process", 
        "nobody    46693  0.0  1.7 706324 69016 ?        S    12:43   0:00 nginx: cache manager process", 
        "nobody    46694  0.0  1.7 706324 69016 ?        S    12:43   0:00 nginx: cache loader process", 

        "root      46696  0.0  0.0 112712   936 ?        S    12:43   0:00 grep nginx", 
        "              total        used        free      shared  buff/cache   available", 
        "Mem:           3931         428         643         345        2860        2867", 
        "Swap:             0           0           0", 
        "-----------------------------------------------------------", 

        "|                     Reload SUCCESS!                     |", 
        "-----------------------------------------------------------"
    ]
}


PLAY [127.0.0.1] ***************************************************************

TASK [sync_to_git : Synchronizing Nginx To GIT] ********************************
changed: [127.0.0.1]


TASK [sync_to_git : debug] *****************************************************
ok: [127.0.0.1] => {
    "msg": " [u'[master 7bb48ad] leriza.muralla', u' 9 files changed, 64 insertions(+)', u' create mode 100644 nginx/conf.d/other/58788000.com.conf', u' create mode 100644 nginx/conf.d/other/58988000.com.conf', u' create mode 100644 nginx/conf.d/other/59088000.com.conf', u' create mode 100644 nginx/conf.d/other/59188000.com.conf', u' create mode 120000 nginx/conf.d/ssl/58788000.com', u' create mode 120000 nginx/conf.d/ssl/58988000.com', u' create mode 120000 nginx/conf.d/ssl/59088000.com', u' create mode 120000 nginx/conf.d/ssl/59188000.com', u'Branch master set up to track remote branch master from origin.']"
}


PLAY [bbet8-nginx] *************************************************************

PLAY [127.0.0.1] ***************************************************************

PLAY RECAP *********************************************************************

119.9.91.166               : ok=10   changed=3    unreachable=0    failed=0    skipped=2    rescued=0    ignored=0   
127.0.0.1                  : ok=2    changed=1    unreachable=0    failed=0    skipped=0    rescued=0    ignored=0   
13.78.65.230               : ok=10   changed=3    unreachable=0    failed=0    skipped=2    rescued=0    ignored=0   


ESYNC_WORKER1_COMMAND_END
MAX RETRIES EXECUTED, COMMAND NOT RESPONDING