ESYNC_WORKER1_COMMAND_START

PLAY [bbet8-nginx] *************************************************************

TASK [nginx_sync : Notify] *****************************************************
ok: [23.99.121.244] => {

    "msg": "Syncing bbet8-nginx"
}
ok: [119.9.95.136] => {
    "msg": "Syncing bbet8-nginx"
}

ok: [137.116.170.159] => {
    "msg": "Syncing bbet8-nginx"
}
ok: [23.99.109.154] => {
    "msg": "Syncing bbet8-nginx"

}
ok: [13.94.45.41] => {
    "msg": "Syncing bbet8-nginx"
}


TASK [nginx_sync : include_vars] ***********************************************
ok: [23.99.121.244]
ok: [119.9.95.136]
ok: [137.116.170.159]
ok: [23.99.109.154]

ok: [13.94.45.41]

TASK [nginx_sync : Synchronizing Nginx] ****************************************
ok: [23.99.121.244] => (item=conf)
ok: [13.94.45.41] => (item=conf)

ok: [119.9.95.136] => (item=conf)
ok: [137.116.170.159] => (item=conf)
ok: [23.99.109.154] => (item=conf)
changed: [23.99.121.244] => (item=conf.d)
changed: [119.9.95.136] => (item=conf.d)

changed: [13.94.45.41] => (item=conf.d)
changed: [23.99.109.154] => (item=conf.d)
ok: [23.99.121.244] => (item=data)
ok: [119.9.95.136] => (item=data)
ok: [13.94.45.41] => (item=data)

changed: [137.116.170.159] => (item=conf.d)
ok: [23.99.109.154] => (item=data)
ok: [23.99.121.244] => (item=html)
ok: [119.9.95.136] => (item=html)
ok: [137.116.170.159] => (item=data)

ok: [13.94.45.41] => (item=html)
ok: [23.99.109.154] => (item=html)
ok: [137.116.170.159] => (item=html)

TASK [all_servers : include_vars] **********************************************

ok: [23.99.121.244]
ok: [119.9.95.136]
ok: [137.116.170.159]
ok: [23.99.109.154]
ok: [13.94.45.41]


TASK [all_servers : Notify] ****************************************************
ok: [23.99.121.244] => {
    "msg": "Clearing Nginx Cache for bbet8-nginx"
}

ok: [119.9.95.136] => {
    "msg": "Clearing Nginx Cache for bbet8-nginx"
}
ok: [137.116.170.159] => {
    "msg": "Clearing Nginx Cache for bbet8-nginx"

}
ok: [23.99.109.154] => {
    "msg": "Clearing Nginx Cache for bbet8-nginx"
}
ok: [13.94.45.41] => {

    "msg": "Clearing Nginx Cache for bbet8-nginx"
}

TASK [all_servers : Copying clear_nginxcache.sh to remote hosts] ***************
ok: [119.9.95.136]

ok: [137.116.170.159]
ok: [23.99.121.244]
ok: [13.94.45.41]
ok: [23.99.109.154]


TASK [all_servers : Nginx Clear Cache] *****************************************
changed: [119.9.95.136]
changed: [13.94.45.41]
changed: [137.116.170.159]
changed: [23.99.121.244]

changed: [23.99.109.154]

TASK [all_servers : debug] *****************************************************
ok: [23.99.121.244] => {
    "script_result.stdout_lines": [

        "-----------------------------------------------------------", 
        "|                 Checking Nginx Config                   |", 
        "-----------------------------------------------------------", 
        "", 
        " nginx -t ", 

        "", 
        "-----------------------------------------------------------", 
        "|                 Stopping Nginx Process                  |", 
        "-----------------------------------------------------------", 
        "", 

        " /usr/bin/killall -9 nginx ", 
        "", 
        "-----------------------------------------------------------", 
        "|                 Clearing Proxy Cache                    |", 
        "-----------------------------------------------------------", 

        "", 
        " /bin/rm -rf /tmp/nginx_cache ", 
        "", 
        "-----------------------------------------------------------", 
        "|                Restarting Nginx Process                 |", 

        "-----------------------------------------------------------", 
        "root      27058  0.0  0.0 106120  1284 ?        S    16:08   0:00 /bin/bash /bak/bin/clear_nginxcache.sh", 
        "root      27067  0.3  2.1 431676 75928 ?        Ss   16:08   0:00 nginx: master process /usr/local/nginx/sbin/nginx", 
        "nobody    27069  1.0  2.3 433736 81848 ?        S    16:08   0:00 nginx: worker process      ", 
        "nobody    27070  0.3  2.3 433604 81924 ?        S    16:08   0:00 nginx: worker process      ", 

        "nobody    27071  1.0  2.3 433880 81872 ?        S    16:08   0:00 nginx: worker process      ", 
        "nobody    27072  1.3  2.3 433888 81868 ?        S    16:08   0:00 nginx: worker process      ", 
        "nobody    27073  0.0  2.1 431676 77452 ?        S    16:08   0:00 nginx: cache manager process", 
        "nobody    27074  0.0  2.1 431676 77432 ?        S    16:08   0:00 nginx: cache loader process", 
        "root      27076  0.0  0.0 103332   852 ?        S    16:09   0:00 grep nginx", 

        "root      47239  0.0  0.0   9120   648 ?        Ss    2018   0:00 /sbin/dhclient -H bbet8-nginx2.hk.az.monaco1.me -1 -q -lf /var/lib/dhclient/dhclient-eth0.leases -pf /var/run/dhclient-eth0.pid eth0", 
        "             total       used       free     shared    buffers     cached", 
        "Mem:          3440       3142        298          3        185        484", 
        "-/+ buffers/cache:       2472        968", 
        "Swap:            0          0          0", 

        "-----------------------------------------------------------", 
        "|                     Reload SUCCESS!                     |", 
        "-----------------------------------------------------------"
    ]
}

ok: [119.9.95.136] => {
    "script_result.stdout_lines": [
        "-----------------------------------------------------------", 
        "|                 Checking Nginx Config                   |", 
        "-----------------------------------------------------------", 

        "", 
        " nginx -t ", 
        "", 
        "-----------------------------------------------------------", 
        "|                 Stopping Nginx Process                  |", 

        "-----------------------------------------------------------", 
        "", 
        " /usr/bin/killall -9 nginx ", 
        "", 
        "-----------------------------------------------------------", 

        "|                 Clearing Proxy Cache                    |", 
        "-----------------------------------------------------------", 
        "", 
        " /bin/rm -rf /tmp/nginx_cache ", 
        "", 

        "-----------------------------------------------------------", 
        "|                Restarting Nginx Process                 |", 
        "-----------------------------------------------------------", 
        "root      2330  0.0  0.0 106084  1424 ?        S    16:08   0:00 /bin/bash /bak/bin/clear_nginxcache.sh", 
        "root      2336  0.0  1.8 431680 75996 ?        Ss   16:08   0:00 nginx: master process /usr/local/nginx/sbin/nginx", 

        "nobody    2337  0.0  2.0 433608 81876 ?        S    16:08   0:00 nginx: worker process      ", 
        "nobody    2339  0.5  2.0 433608 81864 ?        S    16:08   0:00 nginx: worker process      ", 
        "nobody    2340  0.0  1.9 433608 80696 ?        S    16:08   0:00 nginx: worker process      ", 
        "nobody    2341  0.0  1.9 433608 80692 ?        S    16:08   0:00 nginx: worker process      ", 
        "nobody    2342  0.0  1.9 431680 77524 ?        S    16:08   0:00 nginx: cache manager process", 

        "nobody    2343  0.0  1.9 431680 77488 ?        S    16:08   0:00 nginx: cache loader process", 
        "root      2345  0.0  0.0 103328   888 ?        S    16:08   0:00 grep nginx", 
        "             total       used       free     shared    buffers     cached", 
        "Mem:          3954       3629        324          3        246        445", 
        "-/+ buffers/cache:       2937       1016", 

        "Swap:            0          0          0", 
        "-----------------------------------------------------------", 
        "|                     Reload SUCCESS!                     |", 
        "-----------------------------------------------------------"
    ]

}
ok: [137.116.170.159] => {
    "script_result.stdout_lines": [
        "-----------------------------------------------------------", 
        "|                 Checking Nginx Config                   |", 

        "-----------------------------------------------------------", 
        "", 
        " nginx -t ", 
        "", 
        "-----------------------------------------------------------", 

        "|                 Stopping Nginx Process                  |", 
        "-----------------------------------------------------------", 
        "", 
        " /usr/bin/killall -9 nginx ", 
        "", 

        "-----------------------------------------------------------", 
        "|                 Clearing Proxy Cache                    |", 
        "-----------------------------------------------------------", 
        "", 
        " /bin/rm -rf /tmp/nginx_cache ", 

        "", 
        "-----------------------------------------------------------", 
        "|                Restarting Nginx Process                 |", 
        "-----------------------------------------------------------", 
        "root       3027  0.0  0.0   9120   532 ?        Ss    2018   0:00 /sbin/dhclient -H bbet8-nginx4.hk.az.monaco1.me -1 -q -lf /var/lib/dhclient/dhclient-eth0.leases -pf /var/run/dhclient-eth0.pid eth0", 

        "root      26446  0.0  0.0 106120  1284 ?        S    16:08   0:00 /bin/bash /bak/bin/clear_nginxcache.sh", 
        "root      26463  0.0  2.1 431676 75932 ?        Ss   16:08   0:00 nginx: master process /usr/local/nginx/sbin/nginx", 
        "nobody    26465  0.3  2.3 433604 81792 ?        S    16:08   0:00 nginx: worker process      ", 
        "nobody    26466  0.3  2.3 433604 81796 ?        S    16:08   0:00 nginx: worker process      ", 
        "nobody    26467  0.3  2.3 433604 81808 ?        S    16:08   0:00 nginx: worker process      ", 

        "nobody    26468  0.6  2.3 433604 81792 ?        S    16:08   0:00 nginx: worker process      ", 
        "nobody    26469  0.0  2.1 431676 77456 ?        S    16:08   0:00 nginx: cache manager process", 
        "nobody    26470  0.0  2.1 431676 77420 ?        S    16:08   0:00 nginx: cache loader process", 
        "root      26472  0.0  0.0 103328   844 ?        S    16:09   0:00 grep nginx", 
        "             total       used       free     shared    buffers     cached", 

        "Mem:          3440       2840        599          3        244        393", 
        "-/+ buffers/cache:       2202       1237", 
        "Swap:            0          0          0", 
        "-----------------------------------------------------------", 
        "|                     Reload SUCCESS!                     |", 

        "-----------------------------------------------------------"
    ]
}
ok: [23.99.109.154] => {
    "script_result.stdout_lines": [

        "-----------------------------------------------------------", 
        "|                 Checking Nginx Config                   |", 
        "-----------------------------------------------------------", 
        "", 
        " nginx -t ", 

        "", 
        "-----------------------------------------------------------", 
        "|                 Stopping Nginx Process                  |", 
        "-----------------------------------------------------------", 
        "", 

        " /usr/bin/killall -9 nginx ", 
        "", 
        "-----------------------------------------------------------", 
        "|                 Clearing Proxy Cache                    |", 
        "-----------------------------------------------------------", 

        "", 
        " /bin/rm -rf /tmp/nginx_cache ", 
        "", 
        "-----------------------------------------------------------", 
        "|                Restarting Nginx Process                 |", 

        "-----------------------------------------------------------", 
        "root      12532  0.0  0.0 106112  1280 ?        S    16:08   0:00 /bin/bash /bak/bin/clear_nginxcache.sh", 
        "root      12538  0.3  2.1 432144 75944 ?        Ss   16:08   0:00 nginx: master process /usr/local/nginx/sbin/nginx", 
        "nobody    12540  0.3  2.2 434072 80640 ?        S    16:08   0:00 nginx: worker process      ", 
        "nobody    12541  0.6  2.3 434072 81864 ?        S    16:08   0:00 nginx: worker process      ", 

        "nobody    12542  0.0  2.3 434072 81864 ?        S    16:08   0:00 nginx: worker process      ", 
        "nobody    12543  0.3  2.3 434072 81848 ?        S    16:08   0:00 nginx: worker process      ", 
        "nobody    12544  0.0  2.1 432144 77468 ?        S    16:08   0:00 nginx: cache manager process", 
        "nobody    12545  0.0  2.1 432144 77432 ?        S    16:08   0:00 nginx: cache loader process", 
        "root      12547  0.0  0.0 103264   832 ?        S    16:09   0:00 grep nginx", 

        "root     116070  0.0  0.0   9120   640 ?        Ss    2018   0:00 /sbin/dhclient -H bbet8-nginx6.hk.az.monaco1.me -1 -q -cf /etc/dhcp/dhclient-eth0.conf -lf /var/lib/dhclient/dhclient-eth0.leases -pf /var/run/dhclient-eth0.pid eth0", 
        "             total       used       free     shared    buffers     cached", 
        "Mem:          3440       3092        347          0        262        302", 
        "-/+ buffers/cache:       2528        912", 
        "Swap:            0          0          0", 

        "-----------------------------------------------------------", 
        "|                     Reload SUCCESS!                     |", 
        "-----------------------------------------------------------"
    ]
}

ok: [13.94.45.41] => {
    "script_result.stdout_lines": [
        "-----------------------------------------------------------", 
        "|                 Checking Nginx Config                   |", 
        "-----------------------------------------------------------", 

        "", 
        " nginx -t ", 
        "", 
        "-----------------------------------------------------------", 
        "|                 Stopping Nginx Process                  |", 

        "-----------------------------------------------------------", 
        "", 
        " /usr/bin/killall -9 nginx ", 
        "", 
        "-----------------------------------------------------------", 

        "|                 Clearing Proxy Cache                    |", 
        "-----------------------------------------------------------", 
        "", 
        " /bin/rm -rf /tmp/nginx_cache ", 
        "", 

        "-----------------------------------------------------------", 
        "|                Restarting Nginx Process                 |", 
        "-----------------------------------------------------------", 
        "root      41470  0.0  0.0   9120   668 ?        Ss    2018   0:00 /sbin/dhclient -H bbet8-nginx7.hk.az.monaco1.me -1 -q -cf /etc/dhcp/dhclient-eth0.conf -lf /var/lib/dhclient/dhclient-eth0.leases -pf /var/run/dhclient-eth0.pid eth0", 
        "root      71351  0.0  0.0 106112  1284 ?        S    16:08   0:00 /bin/bash /bak/bin/clear_nginxcache.sh", 

        "root      71357  0.5  2.1 432140 75928 ?        Ss   16:08   0:00 nginx: master process /usr/local/nginx/sbin/nginx", 
        "nobody    71359  0.0  2.2 434068 80624 ?        S    16:08   0:00 nginx: worker process      ", 
        "nobody    71360  0.0  2.2 434068 80612 ?        S    16:08   0:00 nginx: worker process      ", 
        "nobody    71361  0.0  2.2 434068 80612 ?        S    16:08   0:00 nginx: worker process      ", 
        "nobody    71362  0.0  2.2 434068 80608 ?        S    16:08   0:00 nginx: worker process      ", 

        "nobody    71363  0.0  2.1 432140 77452 ?        S    16:08   0:00 nginx: cache manager process", 
        "nobody    71364  0.0  2.1 432140 77416 ?        S    16:08   0:00 nginx: cache loader process", 
        "root      71366  0.0  0.0 103268   840 ?        S    16:09   0:00 grep nginx", 
        "             total       used       free     shared    buffers     cached", 
        "Mem:          3440       3243        197          0        277        273", 

        "-/+ buffers/cache:       2692        748", 
        "Swap:            0          0          0", 
        "-----------------------------------------------------------", 
        "|                     Reload SUCCESS!                     |", 
        "-----------------------------------------------------------"

    ]
}

PLAY [127.0.0.1] ***************************************************************


TASK [sync_to_git : Synchronizing Nginx To GIT] ********************************
changed: [127.0.0.1]

TASK [sync_to_git : debug] *****************************************************
ok: [127.0.0.1] => {

    "script_result.stdout_lines": [
        "[master cabb65e] quincy", 
        " 1 file changed, 20 insertions(+), 9 deletions(-)", 
        "Branch master set up to track remote branch master from origin."
    ]

}

PLAY [bbet8-nginx] *************************************************************

PLAY [127.0.0.1] ***************************************************************


PLAY RECAP *********************************************************************
119.9.95.136               : ok=8    changed=2    unreachable=0    failed=0   
127.0.0.1                  : ok=2    changed=1    unreachable=0    failed=0   
13.94.45.41                : ok=8    changed=2    unreachable=0    failed=0   

137.116.170.159            : ok=8    changed=2    unreachable=0    failed=0   
23.99.109.154              : ok=8    changed=2    unreachable=0    failed=0   
23.99.121.244              : ok=8    changed=2    unreachable=0    failed=0   


ESYNC_WORKER1_COMMAND_END
MAX RETRIES EXECUTED, COMMAND NOT RESPONDING