FILENAME: 80-443/xindeli09.com.conf
-  
+  server {
+      listen 80;
+      server_name xindeli09.com www.xindeli09.com;
+      rewrite ^(.*)$ https://www.xindeli09.com$1 permanent;
+  }
+  
+  server {
+      listen 443;
+      server_name xindeli09.com www.xindeli09.com;
+      ssl on;
+      ssl_certificate /usr/local/nginx/conf.d/ssl/xindeli09.com/fullchain.pem;
+      ssl_certificate_key /usr/local/nginx/conf.d/ssl/xindeli09.com/privkey.pem;
+  
+      if ($http_host !~* 'www') {
+          rewrite ^(.*)$ https://www.$http_host$1 permanent;
+      }
+  
+      include /usr/local/nginx/conf.d/include/bbet8_official_masterconfig.include;
+  }
+  
+  

