ESYNC_WORKER1_COMMAND_START
 [WARNING]: Invalid characters were found in group names but not replaced, use
-vvvv to see details

PLAY [bbet8-nginx] *************************************************************


TASK [Gathering Facts] *********************************************************
ok: [13.70.17.208]
ok: [119.81.239.92]
ok: [137.116.170.159]
ok: [119.9.91.166]

ok: [23.99.121.244]

TASK [nginx_sync : Change python interpreter] **********************************
ok: [23.99.121.244]
ok: [137.116.170.159]

skipping: [119.9.91.166]
skipping: [13.70.17.208]
skipping: [119.81.239.92]

TASK [nginx_sync : change python interpreter] **********************************

ok: [23.99.121.244]
ok: [137.116.170.159]
skipping: [119.9.91.166]
skipping: [13.70.17.208]
skipping: [119.81.239.92]


TASK [nginx_sync : Notify] *****************************************************
ok: [23.99.121.244] => {
    "msg": "Syncing bbet8-nginx"
}

ok: [137.116.170.159] => {
    "msg": "Syncing bbet8-nginx"
}
ok: [119.9.91.166] => {
    "msg": "Syncing bbet8-nginx"

}
ok: [13.70.17.208] => {
    "msg": "Syncing bbet8-nginx"
}
ok: [119.81.239.92] => {

    "msg": "Syncing bbet8-nginx"
}

TASK [nginx_sync : include_vars] ***********************************************
ok: [23.99.121.244]

ok: [137.116.170.159]
ok: [119.9.91.166]
ok: [13.70.17.208]
ok: [119.81.239.92]


TASK [nginx_sync : Synchronizing Nginx] ****************************************
ok: [137.116.170.159] => (item=conf)
ok: [13.70.17.208] => (item=conf)
ok: [23.99.121.244] => (item=conf)
ok: [119.9.91.166] => (item=conf)

ok: [119.81.239.92] => (item=conf)
changed: [13.70.17.208] => (item=conf.d)
changed: [23.99.121.244] => (item=conf.d)
changed: [119.81.239.92] => (item=conf.d)
changed: [137.116.170.159] => (item=conf.d)

changed: [119.9.91.166] => (item=conf.d)
ok: [13.70.17.208] => (item=data)
ok: [23.99.121.244] => (item=data)
ok: [137.116.170.159] => (item=data)
ok: [119.81.239.92] => (item=data)

ok: [119.9.91.166] => (item=data)
ok: [13.70.17.208] => (item=html)
ok: [23.99.121.244] => (item=html)
ok: [137.116.170.159] => (item=html)
ok: [119.81.239.92] => (item=html)

ok: [119.9.91.166] => (item=html)

TASK [all_servers : include_vars] **********************************************
ok: [23.99.121.244]
ok: [137.116.170.159]

ok: [119.9.91.166]
ok: [13.70.17.208]
ok: [119.81.239.92]

TASK [all_servers : Notify] ****************************************************

ok: [23.99.121.244] => {
    "msg": "Clearing Nginx Cache for bbet8-nginx"
}
ok: [137.116.170.159] => {
    "msg": "Clearing Nginx Cache for bbet8-nginx"

}
ok: [119.9.91.166] => {
    "msg": "Clearing Nginx Cache for bbet8-nginx"
}
ok: [13.70.17.208] => {

    "msg": "Clearing Nginx Cache for bbet8-nginx"
}
ok: [119.81.239.92] => {
    "msg": "Clearing Nginx Cache for bbet8-nginx"
}


TASK [all_servers : Copying clear_nginxcache.sh to remote hosts] ***************
ok: [119.81.239.92]
ok: [23.99.121.244]
ok: [13.70.17.208]

ok: [137.116.170.159]
ok: [119.9.91.166]

TASK [all_servers : Nginx Clear Cache] *****************************************
changed: [119.81.239.92]

changed: [119.9.91.166]
changed: [13.70.17.208]
changed: [137.116.170.159]
changed: [23.99.121.244]


TASK [all_servers : debug] *****************************************************
ok: [23.99.121.244] => {
    "script_result.stdout_lines": [
        "-----------------------------------------------------------", 
        "|                 Checking Nginx Config                   |", 

        "-----------------------------------------------------------", 
        "", 
        " nginx -t ", 
        "", 
        "-----------------------------------------------------------", 

        "|                 Stopping Nginx Process                  |", 
        "-----------------------------------------------------------", 
        "", 
        " /usr/bin/killall -9 nginx ", 
        "", 

        "-----------------------------------------------------------", 
        "|                 Clearing Proxy Cache                    |", 
        "-----------------------------------------------------------", 
        "", 
        " /bin/rm -rf /tmp/nginx_cache ", 

        "", 
        "-----------------------------------------------------------", 
        "|                Restarting Nginx Process                 |", 
        "-----------------------------------------------------------", 
        "root       3746  0.0  0.0 106120  1280 ?        S    10:04   0:00 /bin/bash /bak/bin/clear_nginxcache.sh", 

        "root       3755  0.0  0.8 384076 28292 ?        Ss   10:04   0:00 nginx: master process /usr/local/nginx/sbin/nginx", 
        "nobody     3756  0.0  0.9 386004 33020 ?        S    10:04   0:00 nginx: worker process      ", 
        "nobody     3757  0.0  0.9 386004 33812 ?        S    10:04   0:00 nginx: worker process      ", 
        "nobody     3758  0.3  0.9 386004 34196 ?        S    10:04   0:00 nginx: worker process      ", 
        "nobody     3759  0.3  0.9 386004 33020 ?        S    10:04   0:00 nginx: worker process      ", 

        "nobody     3760  0.0  0.8 384076 29832 ?        S    10:04   0:00 nginx: cache manager process", 
        "nobody     3761  0.0  0.8 384076 29780 ?        S    10:04   0:00 nginx: cache loader process", 
        "root       3765  0.0  0.0 103332   856 ?        S    10:04   0:00 grep nginx", 
        "root      47239  0.0  0.0   9120   648 ?        Ss    2018   0:00 /sbin/dhclient -H bbet8-nginx2.hk.az.monaco1.me -1 -q -lf /var/lib/dhclient/dhclient-eth0.leases -pf /var/run/dhclient-eth0.pid eth0", 
        "             total       used       free     shared    buffers     cached", 

        "Mem:          3440       2824        615          3        230        959", 
        "-/+ buffers/cache:       1634       1805", 
        "Swap:            0          0          0", 
        "-----------------------------------------------------------", 
        "|                     Reload SUCCESS!                     |", 

        "-----------------------------------------------------------"
    ]
}
ok: [137.116.170.159] => {
    "script_result.stdout_lines": [

        "-----------------------------------------------------------", 
        "|                 Checking Nginx Config                   |", 
        "-----------------------------------------------------------", 
        "", 
        " nginx -t ", 

        "", 
        "-----------------------------------------------------------", 
        "|                 Stopping Nginx Process                  |", 
        "-----------------------------------------------------------", 
        "", 

        " /usr/bin/killall -9 nginx ", 
        "", 
        "-----------------------------------------------------------", 
        "|                 Clearing Proxy Cache                    |", 
        "-----------------------------------------------------------", 

        "", 
        " /bin/rm -rf /tmp/nginx_cache ", 
        "", 
        "-----------------------------------------------------------", 
        "|                Restarting Nginx Process                 |", 

        "-----------------------------------------------------------", 
        "root       3027  0.0  0.0   9120   532 ?        Ss    2018   0:00 /sbin/dhclient -H bbet8-nginx4.hk.az.monaco1.me -1 -q -lf /var/lib/dhclient/dhclient-eth0.leases -pf /var/run/dhclient-eth0.pid eth0", 
        "root      36067  0.0  0.0 106120  1280 ?        S    10:04   0:00 /bin/bash /bak/bin/clear_nginxcache.sh", 
        "root      36075  0.0  0.8 384076 28296 ?        Ss   10:04   0:00 nginx: master process /usr/local/nginx/sbin/nginx", 
        "nobody    36076  0.0  0.9 386004 33036 ?        S    10:04   0:00 nginx: worker process      ", 

        "nobody    36078  0.0  0.9 386004 33036 ?        S    10:04   0:00 nginx: worker process      ", 
        "nobody    36079  0.0  0.9 386004 34224 ?        S    10:04   0:00 nginx: worker process      ", 
        "nobody    36080  0.0  0.9 386004 33040 ?        S    10:04   0:00 nginx: worker process      ", 
        "nobody    36081  0.0  0.8 384076 29820 ?        S    10:04   0:00 nginx: cache manager process", 
        "nobody    36082  0.0  0.8 384076 29784 ?        S    10:04   0:00 nginx: cache loader process", 

        "root      36091  0.0  0.0 103332   856 ?        S    10:04   0:00 grep nginx", 
        "             total       used       free     shared    buffers     cached", 
        "Mem:          3440       2861        578          3        259        964", 
        "-/+ buffers/cache:       1637       1803", 
        "Swap:            0          0          0", 

        "-----------------------------------------------------------", 
        "|                     Reload SUCCESS!                     |", 
        "-----------------------------------------------------------"
    ]
}

ok: [119.9.91.166] => {
    "script_result.stdout_lines": [
        "-----------------------------------------------------------", 
        "|                 Checking Nginx Config                   |", 
        "-----------------------------------------------------------", 

        "", 
        " nginx -t ", 
        "", 
        "-----------------------------------------------------------", 
        "|                 Stopping Nginx Process                  |", 

        "-----------------------------------------------------------", 
        "", 
        " /usr/bin/killall -9 nginx ", 
        "", 
        "-----------------------------------------------------------", 

        "|                 Clearing Proxy Cache                    |", 
        "-----------------------------------------------------------", 
        "", 
        " /bin/rm -rf /tmp/nginx_cache ", 
        "", 

        "-----------------------------------------------------------", 
        "|                Restarting Nginx Process                 |", 
        "-----------------------------------------------------------", 
        "root     20366  1.3  0.0 113188  1484 ?        S    10:04   0:00 /bin/bash /bak/bin/clear_nginxcache.sh", 
        "root     20375  0.0  1.5 385336 28260 ?        Ss   10:04   0:00 nginx: master process /usr/local/nginx/sbin/nginx", 

        "nobody   20376  0.0  1.7 387264 33056 ?        S    10:04   0:00 nginx: worker process", 
        "nobody   20377  0.0  1.7 387264 33056 ?        S    10:04   0:00 nginx: worker process", 
        "nobody   20378  0.0  1.7 387264 32800 ?        S    10:04   0:00 nginx: worker process", 
        "nobody   20379  0.0  1.7 387264 32800 ?        S    10:04   0:00 nginx: worker process", 
        "nobody   20380  0.0  1.5 385336 29712 ?        S    10:04   0:00 nginx: cache manager process", 

        "nobody   20381  0.0  1.5 385336 29712 ?        S    10:04   0:00 nginx: cache loader process", 
        "root     20385  0.0  0.0 112712   940 ?        S    10:04   0:00 grep nginx", 
        "              total        used        free      shared  buff/cache   available", 
        "Mem:           1832         309         394         107        1128        1232", 
        "Swap:             0           0           0", 

        "-----------------------------------------------------------", 
        "|                     Reload SUCCESS!                     |", 
        "-----------------------------------------------------------"
    ]
}

ok: [13.70.17.208] => {
    "script_result.stdout_lines": [
        "-----------------------------------------------------------", 
        "|                 Checking Nginx Config                   |", 
        "-----------------------------------------------------------", 

        "", 
        " nginx -t ", 
        "", 
        "-----------------------------------------------------------", 
        "|                 Stopping Nginx Process                  |", 

        "-----------------------------------------------------------", 
        "", 
        " /usr/bin/killall -9 nginx ", 
        "", 
        "-----------------------------------------------------------", 

        "|                 Clearing Proxy Cache                    |", 
        "-----------------------------------------------------------", 
        "", 
        " /bin/rm -rf /tmp/nginx_cache ", 
        "", 

        "-----------------------------------------------------------", 
        "|                Restarting Nginx Process                 |", 
        "-----------------------------------------------------------", 
        "root      88127  1.0  0.0 113180  1504 ?        S    10:04   0:00 /bin/bash /bak/bin/clear_nginxcache.sh", 
        "root      88139  0.0  0.7 385328 28276 ?        Ss   10:04   0:00 nginx: master process /usr/local/nginx/sbin/nginx", 

        "nobody    88141  0.0  0.8 389340 33152 ?        S    10:04   0:00 nginx: worker process", 
        "nobody    88142  0.0  0.8 389340 33152 ?        S    10:04   0:00 nginx: worker process", 
        "nobody    88143  0.5  0.8 389340 33144 ?        S    10:04   0:00 nginx: worker process", 
        "nobody    88144  0.0  0.8 389340 33144 ?        S    10:04   0:00 nginx: worker process", 
        "nobody    88145  0.0  0.7 387412 30048 ?        S    10:04   0:00 nginx: cache manager process", 

        "nobody    88146  0.0  0.7 387412 29804 ?        S    10:04   0:00 nginx: cache loader process", 
        "root      88150  0.0  0.0 112708   956 ?        S    10:04   0:00 grep nginx", 
        "              total        used        free      shared  buff/cache   available", 
        "Mem:           3934         365         334         204        3233        2954", 
        "Swap:             0           0           0", 

        "-----------------------------------------------------------", 
        "|                     Reload SUCCESS!                     |", 
        "-----------------------------------------------------------"
    ]
}

ok: [119.81.239.92] => {
    "script_result.stdout_lines": [
        "-----------------------------------------------------------", 
        "|                 Checking Nginx Config                   |", 
        "-----------------------------------------------------------", 

        "", 
        " nginx -t ", 
        "", 
        "-----------------------------------------------------------", 
        "|                 Stopping Nginx Process                  |", 

        "-----------------------------------------------------------", 
        "", 
        " /usr/bin/killall -9 nginx ", 
        "", 
        "-----------------------------------------------------------", 

        "|                 Clearing Proxy Cache                    |", 
        "-----------------------------------------------------------", 
        "", 
        " /bin/rm -rf /tmp/nginx_cache ", 
        "", 

        "-----------------------------------------------------------", 
        "|                Restarting Nginx Process                 |", 
        "-----------------------------------------------------------", 
        "root      8923  1.4  0.0 113180  1500 ?        S    10:04   0:00 /bin/bash /bak/bin/clear_nginxcache.sh", 
        "root      8930  0.0  0.7 385328 28272 ?        Ss   10:04   0:00 nginx: master process /usr/local/nginx/sbin/nginx", 

        "nobody    8931  0.0  0.8 387256 33060 ?        S    10:04   0:00 nginx: worker process", 
        "nobody    8933  0.0  0.8 387256 33060 ?        S    10:04   0:00 nginx: worker process", 
        "nobody    8934  0.0  0.8 387256 33060 ?        S    10:04   0:00 nginx: worker process", 
        "nobody    8935  0.0  0.8 387256 33060 ?        S    10:04   0:00 nginx: worker process", 
        "nobody    8936  0.0  0.7 385328 29720 ?        S    10:04   0:00 nginx: cache manager process", 

        "nobody    8937  0.0  0.7 385328 29720 ?        S    10:04   0:00 nginx: cache loader process", 
        "root      8939  0.0  0.0 112708   964 ?        S    10:04   0:00 grep nginx", 
        "              total        used        free      shared  buff/cache   available", 
        "Mem:           3783         153         276         202        3354        3121", 
        "Swap:          2047          16        2031", 

        "-----------------------------------------------------------", 
        "|                     Reload SUCCESS!                     |", 
        "-----------------------------------------------------------"
    ]
}


PLAY [127.0.0.1] ***************************************************************

TASK [sync_to_git : Synchronizing Nginx To GIT] ********************************
changed: [127.0.0.1]


TASK [sync_to_git : debug] *****************************************************
ok: [127.0.0.1] => {
    "msg": " [u'[master 487c444] quincy', u' 1 file changed, 7 insertions(+), 94 deletions(-)', u' rewrite nginx/conf.d/include/bbet8_official_masterconfig.include (99%)', u'Branch master set up to track remote branch master from origin.']"
}


PLAY [bbet8-nginx] *************************************************************

PLAY [127.0.0.1] ***************************************************************


PLAY RECAP *********************************************************************
119.81.239.92              : ok=9    changed=2    unreachable=0    failed=0    skipped=2    rescued=0    ignored=0   
119.9.91.166               : ok=9    changed=2    unreachable=0    failed=0    skipped=2    rescued=0    ignored=0   
127.0.0.1                  : ok=2    changed=1    unreachable=0    failed=0    skipped=0    rescued=0    ignored=0   
13.70.17.208               : ok=9    changed=2    unreachable=0    failed=0    skipped=2    rescued=0    ignored=0   

137.116.170.159            : ok=11   changed=2    unreachable=0    failed=0    skipped=0    rescued=0    ignored=0   
23.99.121.244              : ok=11   changed=2    unreachable=0    failed=0    skipped=0    rescued=0    ignored=0   


ESYNC_WORKER1_COMMAND_END
MAX RETRIES EXECUTED, COMMAND NOT RESPONDING