ESYNC_WORKER1_COMMAND_START
 [WARNING]: Invalid characters were found in group names but not replaced, use
-vvvv to see details

PLAY [bbet8-nginx] *************************************************************


TASK [Gathering Facts] *********************************************************
ok: [13.70.17.208]
ok: [119.9.91.166]
ok: [119.81.239.92]
ok: [137.116.170.159]

ok: [23.99.121.244]

TASK [nginx_sync : Change python interpreter] **********************************
ok: [23.99.121.244]
ok: [137.116.170.159]

skipping: [119.9.91.166]
skipping: [13.70.17.208]
skipping: [119.81.239.92]

TASK [nginx_sync : change python interpreter] **********************************

ok: [23.99.121.244]
ok: [137.116.170.159]
skipping: [119.9.91.166]
skipping: [13.70.17.208]
skipping: [119.81.239.92]


TASK [nginx_sync : Notify] *****************************************************
ok: [23.99.121.244] => {
    "msg": "Syncing bbet8-nginx"
}

ok: [137.116.170.159] => {
    "msg": "Syncing bbet8-nginx"
}
ok: [119.9.91.166] => {
    "msg": "Syncing bbet8-nginx"

}
ok: [13.70.17.208] => {
    "msg": "Syncing bbet8-nginx"
}
ok: [119.81.239.92] => {

    "msg": "Syncing bbet8-nginx"
}

TASK [nginx_sync : include_vars] ***********************************************
ok: [23.99.121.244]

ok: [137.116.170.159]
ok: [119.9.91.166]
ok: [13.70.17.208]
ok: [119.81.239.92]


TASK [nginx_sync : Synchronizing Nginx] ****************************************
ok: [13.70.17.208] => (item=conf)
ok: [137.116.170.159] => (item=conf)
ok: [119.9.91.166] => (item=conf)
ok: [119.81.239.92] => (item=conf)

ok: [23.99.121.244] => (item=conf)
changed: [137.116.170.159] => (item=conf.d)
changed: [13.70.17.208] => (item=conf.d)
changed: [119.81.239.92] => (item=conf.d)
changed: [119.9.91.166] => (item=conf.d)

changed: [23.99.121.244] => (item=conf.d)
ok: [13.70.17.208] => (item=data)
ok: [137.116.170.159] => (item=data)
ok: [119.81.239.92] => (item=data)
ok: [23.99.121.244] => (item=data)

ok: [13.70.17.208] => (item=html)
ok: [137.116.170.159] => (item=html)
ok: [119.9.91.166] => (item=data)
ok: [119.81.239.92] => (item=html)
ok: [23.99.121.244] => (item=html)

ok: [119.9.91.166] => (item=html)

TASK [all_servers : include_vars] **********************************************
ok: [23.99.121.244]
ok: [137.116.170.159]

ok: [119.9.91.166]
ok: [13.70.17.208]
ok: [119.81.239.92]

TASK [all_servers : Notify] ****************************************************

ok: [23.99.121.244] => {
    "msg": "Clearing Nginx Cache for bbet8-nginx"
}
ok: [137.116.170.159] => {
    "msg": "Clearing Nginx Cache for bbet8-nginx"

}
ok: [119.9.91.166] => {
    "msg": "Clearing Nginx Cache for bbet8-nginx"
}
ok: [13.70.17.208] => {

    "msg": "Clearing Nginx Cache for bbet8-nginx"
}
ok: [119.81.239.92] => {
    "msg": "Clearing Nginx Cache for bbet8-nginx"
}


TASK [all_servers : Copying clear_nginxcache.sh to remote hosts] ***************
ok: [119.81.239.92]
ok: [137.116.170.159]
ok: [13.70.17.208]

ok: [119.9.91.166]
ok: [23.99.121.244]

TASK [all_servers : Nginx Clear Cache] *****************************************
changed: [119.81.239.92]

changed: [119.9.91.166]
changed: [13.70.17.208]
changed: [137.116.170.159]
changed: [23.99.121.244]


TASK [all_servers : debug] *****************************************************
ok: [23.99.121.244] => {
    "script_result.stdout_lines": [
        "-----------------------------------------------------------", 
        "|                 Checking Nginx Config                   |", 

        "-----------------------------------------------------------", 
        "", 
        " nginx -t ", 
        "", 
        "-----------------------------------------------------------", 

        "|                 Stopping Nginx Process                  |", 
        "-----------------------------------------------------------", 
        "", 
        " /usr/bin/killall -9 nginx ", 
        "", 

        "-----------------------------------------------------------", 
        "|                 Clearing Proxy Cache                    |", 
        "-----------------------------------------------------------", 
        "", 
        " /bin/rm -rf /tmp/nginx_cache ", 

        "", 
        "-----------------------------------------------------------", 
        "|                Restarting Nginx Process                 |", 
        "-----------------------------------------------------------", 
        "root      47239  0.0  0.0   9120   648 ?        Ss    2018   0:00 /sbin/dhclient -H bbet8-nginx2.hk.az.monaco1.me -1 -q -lf /var/lib/dhclient/dhclient-eth0.leases -pf /var/run/dhclient-eth0.pid eth0", 

        "root      79486  0.1  0.0 106120  1280 ?        S    16:56   0:00 /bin/bash /bak/bin/clear_nginxcache.sh", 
        "root      79507  0.0  2.1 431652 75916 ?        Ss   16:57   0:00 nginx: master process /usr/local/nginx/sbin/nginx", 
        "nobody    79509  0.0  2.2 433580 80596 ?        S    16:57   0:00 nginx: worker process      ", 
        "nobody    79510  0.0  2.2 433580 80600 ?        S    16:57   0:00 nginx: worker process      ", 
        "nobody    79511  0.0  2.2 433580 80596 ?        S    16:57   0:00 nginx: worker process      ", 

        "nobody    79512  0.6  2.2 433580 80596 ?        S    16:57   0:00 nginx: worker process      ", 
        "nobody    79513  0.3  2.1 431652 77440 ?        S    16:57   0:00 nginx: cache manager process", 
        "nobody    79514  0.0  2.1 431652 77420 ?        S    16:57   0:00 nginx: cache loader process", 
        "root      79516  0.0  0.0 103328   848 ?        S    16:57   0:00 grep nginx", 
        "             total       used       free     shared    buffers     cached", 

        "Mem:          3440       3129        311          3        228        906", 
        "-/+ buffers/cache:       1994       1446", 
        "Swap:            0          0          0", 
        "-----------------------------------------------------------", 
        "|                     Reload SUCCESS!                     |", 

        "-----------------------------------------------------------"
    ]
}
ok: [137.116.170.159] => {
    "script_result.stdout_lines": [

        "-----------------------------------------------------------", 
        "|                 Checking Nginx Config                   |", 
        "-----------------------------------------------------------", 
        "", 
        " nginx -t ", 

        "", 
        "-----------------------------------------------------------", 
        "|                 Stopping Nginx Process                  |", 
        "-----------------------------------------------------------", 
        "", 

        " /usr/bin/killall -9 nginx ", 
        "", 
        "-----------------------------------------------------------", 
        "|                 Clearing Proxy Cache                    |", 
        "-----------------------------------------------------------", 

        "", 
        " /bin/rm -rf /tmp/nginx_cache ", 
        "", 
        "-----------------------------------------------------------", 
        "|                Restarting Nginx Process                 |", 

        "-----------------------------------------------------------", 
        "root       3027  0.0  0.0   9120   532 ?        Ss    2018   0:00 /sbin/dhclient -H bbet8-nginx4.hk.az.monaco1.me -1 -q -lf /var/lib/dhclient/dhclient-eth0.leases -pf /var/run/dhclient-eth0.pid eth0", 
        "root     112139  0.0  0.0 106120  1280 ?        S    16:56   0:00 /bin/bash /bak/bin/clear_nginxcache.sh", 
        "root     112151  0.0  2.1 431652 75912 ?        Ss   16:57   0:00 nginx: master process /usr/local/nginx/sbin/nginx", 
        "nobody   112152  0.0  2.2 433580 80596 ?        S    16:57   0:00 nginx: worker process      ", 

        "nobody   112153  0.0  2.3 433580 81772 ?        S    16:57   0:00 nginx: worker process      ", 
        "nobody   112154  0.0  2.2 433580 80608 ?        S    16:57   0:00 nginx: worker process      ", 
        "nobody   112155  0.5  2.3 433580 81616 ?        S    16:57   0:00 nginx: worker process      ", 
        "nobody   112156  0.0  2.1 431652 77452 ?        S    16:57   0:00 nginx: cache manager process", 
        "nobody   112157  0.0  2.1 431652 77400 ?        S    16:57   0:00 nginx: cache loader process", 

        "root     112160  0.0  0.0 103332   856 ?        S    16:57   0:00 grep nginx", 
        "             total       used       free     shared    buffers     cached", 
        "Mem:          3440       3083        357          3        262        886", 
        "-/+ buffers/cache:       1933       1506", 
        "Swap:            0          0          0", 

        "-----------------------------------------------------------", 
        "|                     Reload SUCCESS!                     |", 
        "-----------------------------------------------------------"
    ]
}

ok: [119.9.91.166] => {
    "script_result.stdout_lines": [
        "-----------------------------------------------------------", 
        "|                 Checking Nginx Config                   |", 
        "-----------------------------------------------------------", 

        "", 
        " nginx -t ", 
        "", 
        "-----------------------------------------------------------", 
        "|                 Stopping Nginx Process                  |", 

        "-----------------------------------------------------------", 
        "", 
        " /usr/bin/killall -9 nginx ", 
        "", 
        "-----------------------------------------------------------", 

        "|                 Clearing Proxy Cache                    |", 
        "-----------------------------------------------------------", 
        "", 
        " /bin/rm -rf /tmp/nginx_cache ", 
        "", 

        "-----------------------------------------------------------", 
        "|                Restarting Nginx Process                 |", 
        "-----------------------------------------------------------", 
        "root     14102  1.3  0.0 113180  1508 ?        S    16:56   0:00 /bin/bash /bak/bin/clear_nginxcache.sh", 
        "root     14115  0.0  4.0 432044 75280 ?        Ss   16:57   0:00 nginx: master process /usr/local/nginx/sbin/nginx", 

        "nobody   14117  0.0  4.2 433972 79788 ?        S    16:57   0:00 nginx: worker process", 
        "nobody   14118  0.0  4.2 433972 79788 ?        S    16:57   0:00 nginx: worker process", 
        "nobody   14119  0.5  4.3 434120 81260 ?        S    16:57   0:00 nginx: worker process", 
        "nobody   14120  0.0  4.2 433972 79788 ?        S    16:57   0:00 nginx: worker process", 
        "nobody   14121  0.0  4.0 432044 76736 ?        S    16:57   0:00 nginx: cache manager process", 

        "nobody   14122  0.0  4.0 432044 76736 ?        S    16:57   0:00 nginx: cache loader process", 
        "root     14127  0.0  0.0 112708   960 ?        S    16:57   0:00 grep nginx", 
        "              total        used        free      shared  buff/cache   available", 
        "Mem:           1832         323         312         107        1196        1187", 
        "Swap:             0           0           0", 

        "-----------------------------------------------------------", 
        "|                     Reload SUCCESS!                     |", 
        "-----------------------------------------------------------"
    ]
}

ok: [13.70.17.208] => {
    "script_result.stdout_lines": [
        "-----------------------------------------------------------", 
        "|                 Checking Nginx Config                   |", 
        "-----------------------------------------------------------", 

        "", 
        " nginx -t ", 
        "", 
        "-----------------------------------------------------------", 
        "|                 Stopping Nginx Process                  |", 

        "-----------------------------------------------------------", 
        "", 
        " /usr/bin/killall -9 nginx ", 
        "", 
        "-----------------------------------------------------------", 

        "|                 Clearing Proxy Cache                    |", 
        "-----------------------------------------------------------", 
        "", 
        " /bin/rm -rf /tmp/nginx_cache ", 
        "", 

        "-----------------------------------------------------------", 
        "|                Restarting Nginx Process                 |", 
        "-----------------------------------------------------------", 
        "root       7847  0.0  0.1 151444  5180 pts/0    S+   15:47   0:00 vim /usr/local/nginx/conf.d/80-443/deli2828.com.conf", 
        "root      10278  1.0  0.0 113180  1504 ?        S    16:56   0:00 /bin/bash /bak/bin/clear_nginxcache.sh", 

        "root      10285  0.0  1.8 432044 75288 ?        Ss   16:57   0:00 nginx: master process /usr/local/nginx/sbin/nginx", 
        "nobody    10286  0.0  2.0 436204 81596 ?        S    16:57   0:00 nginx: worker process", 
        "nobody    10288  0.0  2.0 436192 81284 ?        R    16:57   0:00 nginx: worker process", 
        "nobody    10289  0.0  1.9 436056 79872 ?        S    16:57   0:00 nginx: worker process", 
        "nobody    10290  0.0  1.9 436056 79876 ?        S    16:57   0:00 nginx: worker process", 

        "nobody    10291  0.0  1.9 434128 76824 ?        S    16:57   0:00 nginx: cache manager process", 
        "nobody    10292  0.0  1.9 434128 76824 ?        S    16:57   0:00 nginx: cache loader process", 
        "root      10300  0.0  0.0 112712   956 ?        S    16:57   0:00 grep nginx", 
        "              total        used        free      shared  buff/cache   available", 
        "Mem:           3934         331         275         204        3327        2986", 

        "Swap:             0           0           0", 
        "-----------------------------------------------------------", 
        "|                     Reload SUCCESS!                     |", 
        "-----------------------------------------------------------"
    ]

}
ok: [119.81.239.92] => {
    "script_result.stdout_lines": [
        "-----------------------------------------------------------", 
        "|                 Checking Nginx Config                   |", 

        "-----------------------------------------------------------", 
        "", 
        " nginx -t ", 
        "", 
        "-----------------------------------------------------------", 

        "|                 Stopping Nginx Process                  |", 
        "-----------------------------------------------------------", 
        "", 
        " /usr/bin/killall -9 nginx ", 
        "", 

        "-----------------------------------------------------------", 
        "|                 Clearing Proxy Cache                    |", 
        "-----------------------------------------------------------", 
        "", 
        " /bin/rm -rf /tmp/nginx_cache ", 

        "", 
        "-----------------------------------------------------------", 
        "|                Restarting Nginx Process                 |", 
        "-----------------------------------------------------------", 
        "root     21773  0.0  0.1 151440  5168 pts/0    S+   15:48   0:00 vim /usr/local/nginx/conf.d/80-443/deli2828.com.conf", 

        "root     26380  1.1  0.0 113180  1504 ?        S    16:56   0:00 /bin/bash /bak/bin/clear_nginxcache.sh", 
        "root     26387  0.0  1.9 432044 75288 ?        Ss   16:57   0:00 nginx: master process /usr/local/nginx/sbin/nginx", 
        "nobody   26388  0.0  2.0 433972 79800 ?        S    16:57   0:00 nginx: worker process", 
        "nobody   26390  0.0  2.0 433972 79800 ?        S    16:57   0:00 nginx: worker process", 
        "nobody   26391  0.0  2.0 433972 79800 ?        S    16:57   0:00 nginx: worker process", 

        "nobody   26392  0.0  2.0 433972 79800 ?        S    16:57   0:00 nginx: worker process", 
        "nobody   26393  0.0  1.9 432044 76748 ?        S    16:57   0:00 nginx: cache manager process", 
        "nobody   26394  0.0  1.9 432044 76748 ?        S    16:57   0:00 nginx: cache loader process", 
        "root     26435  0.0  0.0 112712   960 ?        S    16:57   0:00 grep nginx", 
        "              total        used        free      shared  buff/cache   available", 

        "Mem:           3783         211         212         194        3360        3072", 
        "Swap:          2047          15        2032", 
        "-----------------------------------------------------------", 
        "|                     Reload SUCCESS!                     |", 
        "-----------------------------------------------------------"

    ]
}

PLAY [127.0.0.1] ***************************************************************


TASK [sync_to_git : Synchronizing Nginx To GIT] ********************************
changed: [127.0.0.1]

TASK [sync_to_git : debug] *****************************************************
ok: [127.0.0.1] => {

    "msg": " [u'[master df47eb7] quincy', u' 1 file changed, 22 insertions(+)', u' create mode 100644 nginx/conf.d/other/deli2828.com.conf', u'Branch master set up to track remote branch master from origin.']"
}

PLAY [bbet8-nginx] *************************************************************


PLAY [127.0.0.1] ***************************************************************

PLAY RECAP *********************************************************************
119.81.239.92              : ok=9    changed=2    unreachable=0    failed=0    skipped=2    rescued=0    ignored=0   
119.9.91.166               : ok=9    changed=2    unreachable=0    failed=0    skipped=2    rescued=0    ignored=0   

127.0.0.1                  : ok=2    changed=1    unreachable=0    failed=0    skipped=0    rescued=0    ignored=0   
13.70.17.208               : ok=9    changed=2    unreachable=0    failed=0    skipped=2    rescued=0    ignored=0   
137.116.170.159            : ok=11   changed=2    unreachable=0    failed=0    skipped=0    rescued=0    ignored=0   
23.99.121.244              : ok=11   changed=2    unreachable=0    failed=0    skipped=0    rescued=0    ignored=0   



ESYNC_WORKER1_COMMAND_END
MAX RETRIES EXECUTED, COMMAND NOT RESPONDING