ESYNC_WORKER1_COMMAND_START
 [WARNING]: Invalid characters were found in group names but not replaced, use
-vvvv to see details

PLAY [bbet8-nginx] *************************************************************


TASK [Gathering Facts] *********************************************************
ok: [13.70.17.208]
ok: [23.99.121.244]
ok: [119.81.239.92]
ok: [137.116.170.159]

ok: [119.9.91.166]

TASK [nginx_sync : Change python interpreter] **********************************
ok: [23.99.121.244]
ok: [137.116.170.159]

skipping: [119.9.91.166]
skipping: [13.70.17.208]
skipping: [119.81.239.92]

TASK [nginx_sync : change python interpreter] **********************************

ok: [23.99.121.244]
ok: [137.116.170.159]
skipping: [119.9.91.166]
skipping: [13.70.17.208]
skipping: [119.81.239.92]


TASK [nginx_sync : Notify] *****************************************************
ok: [23.99.121.244] => {
    "msg": "Syncing bbet8-nginx"
}

ok: [137.116.170.159] => {
    "msg": "Syncing bbet8-nginx"
}
ok: [119.9.91.166] => {
    "msg": "Syncing bbet8-nginx"

}
ok: [13.70.17.208] => {
    "msg": "Syncing bbet8-nginx"
}
ok: [119.81.239.92] => {

    "msg": "Syncing bbet8-nginx"
}

TASK [nginx_sync : include_vars] ***********************************************
ok: [23.99.121.244]

ok: [137.116.170.159]
ok: [119.9.91.166]
ok: [13.70.17.208]
ok: [119.81.239.92]


TASK [nginx_sync : Synchronizing Nginx] ****************************************
ok: [119.9.91.166] => (item=conf)
ok: [119.81.239.92] => (item=conf)
ok: [13.70.17.208] => (item=conf)
ok: [137.116.170.159] => (item=conf)

ok: [23.99.121.244] => (item=conf)
changed: [119.81.239.92] => (item=conf.d)
changed: [13.70.17.208] => (item=conf.d)
changed: [119.9.91.166] => (item=conf.d)
changed: [137.116.170.159] => (item=conf.d)

changed: [23.99.121.244] => (item=conf.d)
ok: [119.81.239.92] => (item=data)
ok: [13.70.17.208] => (item=data)
ok: [119.9.91.166] => (item=data)
ok: [137.116.170.159] => (item=data)

ok: [23.99.121.244] => (item=data)
ok: [119.81.239.92] => (item=html)
ok: [13.70.17.208] => (item=html)
ok: [119.9.91.166] => (item=html)
ok: [137.116.170.159] => (item=html)

ok: [23.99.121.244] => (item=html)

TASK [all_servers : include_vars] **********************************************
ok: [23.99.121.244]
ok: [137.116.170.159]

ok: [119.9.91.166]
ok: [13.70.17.208]
ok: [119.81.239.92]

TASK [all_servers : Notify] ****************************************************

ok: [23.99.121.244] => {
    "msg": "Clearing Nginx Cache for bbet8-nginx"
}
ok: [137.116.170.159] => {
    "msg": "Clearing Nginx Cache for bbet8-nginx"

}
ok: [119.9.91.166] => {
    "msg": "Clearing Nginx Cache for bbet8-nginx"
}
ok: [13.70.17.208] => {

    "msg": "Clearing Nginx Cache for bbet8-nginx"
}
ok: [119.81.239.92] => {
    "msg": "Clearing Nginx Cache for bbet8-nginx"
}


TASK [all_servers : Copying clear_nginxcache.sh to remote hosts] ***************
ok: [119.81.239.92]
ok: [119.9.91.166]
ok: [137.116.170.159]

ok: [13.70.17.208]
ok: [23.99.121.244]

TASK [all_servers : Nginx Clear Cache] *****************************************
changed: [119.81.239.92]

changed: [13.70.17.208]
changed: [119.9.91.166]
changed: [137.116.170.159]
changed: [23.99.121.244]


TASK [all_servers : debug] *****************************************************
ok: [23.99.121.244] => {
    "script_result.stdout_lines": [
        "-----------------------------------------------------------", 
        "|                 Checking Nginx Config                   |", 

        "-----------------------------------------------------------", 
        "", 
        " nginx -t ", 
        "", 
        "-----------------------------------------------------------", 

        "|                 Stopping Nginx Process                  |", 
        "-----------------------------------------------------------", 
        "", 
        " /usr/bin/killall -9 nginx ", 
        "", 

        "-----------------------------------------------------------", 
        "|                 Clearing Proxy Cache                    |", 
        "-----------------------------------------------------------", 
        "", 
        " /bin/rm -rf /tmp/nginx_cache ", 

        "", 
        "-----------------------------------------------------------", 
        "|                Restarting Nginx Process                 |", 
        "-----------------------------------------------------------", 
        "root      19048  0.0  0.0 106120  1284 ?        S    16:11   0:00 /bin/bash /bak/bin/clear_nginxcache.sh", 

        "root      19057  0.0  2.2 433892 78180 ?        Ss   16:11   0:00 nginx: master process /usr/local/nginx/sbin/nginx", 
        "nobody    19059  0.3  2.3 435820 84036 ?        S    16:11   0:00 nginx: worker process      ", 
        "nobody    19060  0.3  2.3 435820 84032 ?        S    16:11   0:00 nginx: worker process      ", 
        "nobody    19061  0.0  2.3 435820 83660 ?        S    16:11   0:00 nginx: worker process      ", 
        "nobody    19062  0.0  2.3 435820 83764 ?        S    16:11   0:00 nginx: worker process      ", 

        "nobody    19063  0.0  2.2 433892 79712 ?        S    16:11   0:00 nginx: cache manager process", 
        "nobody    19064  0.0  2.2 433892 79692 ?        S    16:11   0:00 nginx: cache loader process", 
        "root      19069  0.0  0.0 103332   856 ?        S    16:11   0:00 grep nginx", 
        "root      47239  0.0  0.0   9120   648 ?        Ss    2018   0:00 /sbin/dhclient -H bbet8-nginx2.hk.az.monaco1.me -1 -q -lf /var/lib/dhclient/dhclient-eth0.leases -pf /var/run/dhclient-eth0.pid eth0", 
        "             total       used       free     shared    buffers     cached", 

        "Mem:          3440       2794        645          3        262        952", 
        "-/+ buffers/cache:       1578       1861", 
        "Swap:            0          0          0", 
        "-----------------------------------------------------------", 
        "|                     Reload SUCCESS!                     |", 

        "-----------------------------------------------------------"
    ]
}
ok: [137.116.170.159] => {
    "script_result.stdout_lines": [

        "-----------------------------------------------------------", 
        "|                 Checking Nginx Config                   |", 
        "-----------------------------------------------------------", 
        "", 
        " nginx -t ", 

        "", 
        "-----------------------------------------------------------", 
        "|                 Stopping Nginx Process                  |", 
        "-----------------------------------------------------------", 
        "", 

        " /usr/bin/killall -9 nginx ", 
        "", 
        "-----------------------------------------------------------", 
        "|                 Clearing Proxy Cache                    |", 
        "-----------------------------------------------------------", 

        "", 
        " /bin/rm -rf /tmp/nginx_cache ", 
        "", 
        "-----------------------------------------------------------", 
        "|                Restarting Nginx Process                 |", 

        "-----------------------------------------------------------", 
        "root       3027  0.0  0.0   9120   532 ?        Ss    2018   0:00 /sbin/dhclient -H bbet8-nginx4.hk.az.monaco1.me -1 -q -lf /var/lib/dhclient/dhclient-eth0.leases -pf /var/run/dhclient-eth0.pid eth0", 
        "root      50831  0.0  0.0 106120  1284 ?        S    16:11   0:00 /bin/bash /bak/bin/clear_nginxcache.sh", 
        "root      50840  0.6  2.2 433892 78180 ?        Ss   16:11   0:00 nginx: master process /usr/local/nginx/sbin/nginx", 
        "nobody    50842  0.3  2.3 435820 84052 ?        S    16:11   0:00 nginx: worker process      ", 

        "nobody    50843  0.3  2.3 435820 84032 ?        S    16:11   0:00 nginx: worker process      ", 
        "nobody    50844  0.3  2.3 435820 84032 ?        S    16:11   0:00 nginx: worker process      ", 
        "nobody    50845  0.3  2.3 435820 84032 ?        S    16:11   0:00 nginx: worker process      ", 
        "nobody    50846  0.0  2.2 433892 79708 ?        S    16:11   0:00 nginx: cache manager process", 
        "nobody    50847  0.0  2.2 433892 79672 ?        S    16:11   0:00 nginx: cache loader process", 

        "root      50852  0.0  0.0 103332   856 ?        S    16:11   0:00 grep nginx", 
        "             total       used       free     shared    buffers     cached", 
        "Mem:          3440       2879        561          3        257        936", 
        "-/+ buffers/cache:       1685       1755", 
        "Swap:            0          0          0", 

        "-----------------------------------------------------------", 
        "|                     Reload SUCCESS!                     |", 
        "-----------------------------------------------------------"
    ]
}

ok: [119.9.91.166] => {
    "script_result.stdout_lines": [
        "-----------------------------------------------------------", 
        "|                 Checking Nginx Config                   |", 
        "-----------------------------------------------------------", 

        "", 
        " nginx -t ", 
        "", 
        "-----------------------------------------------------------", 
        "|                 Stopping Nginx Process                  |", 

        "-----------------------------------------------------------", 
        "", 
        " /usr/bin/killall -9 nginx ", 
        "", 
        "-----------------------------------------------------------", 

        "|                 Clearing Proxy Cache                    |", 
        "-----------------------------------------------------------", 
        "", 
        " /bin/rm -rf /tmp/nginx_cache ", 
        "", 

        "-----------------------------------------------------------", 
        "|                Restarting Nginx Process                 |", 
        "-----------------------------------------------------------", 
        "root     30866  1.1  0.0 113188  1488 ?        S    16:11   0:00 /bin/bash /bak/bin/clear_nginxcache.sh", 
        "root     30881  0.0  4.1 434272 77496 ?        Ss   16:11   0:00 nginx: master process /usr/local/nginx/sbin/nginx", 

        "nobody   30882  0.0  4.3 436200 81976 ?        S    16:11   0:00 nginx: worker process", 
        "nobody   30884  0.0  4.3 436200 81976 ?        S    16:11   0:00 nginx: worker process", 
        "nobody   30885  0.0  4.3 436200 81976 ?        S    16:11   0:00 nginx: worker process", 
        "nobody   30886  0.0  4.3 436200 81976 ?        S    16:11   0:00 nginx: worker process", 
        "nobody   30887  0.0  4.2 434272 78924 ?        S    16:11   0:00 nginx: cache manager process", 

        "nobody   30888  0.0  4.2 434272 78924 ?        S    16:11   0:00 nginx: cache loader process", 
        "root     30890  0.0  0.0 112712   940 ?        S    16:11   0:00 grep nginx", 
        "              total        used        free      shared  buff/cache   available", 
        "Mem:           1832         357         326         107        1149        1184", 
        "Swap:             0           0           0", 

        "-----------------------------------------------------------", 
        "|                     Reload SUCCESS!                     |", 
        "-----------------------------------------------------------"
    ]
}

ok: [13.70.17.208] => {
    "script_result.stdout_lines": [
        "-----------------------------------------------------------", 
        "|                 Checking Nginx Config                   |", 
        "-----------------------------------------------------------", 

        "", 
        " nginx -t ", 
        "", 
        "-----------------------------------------------------------", 
        "|                 Stopping Nginx Process                  |", 

        "-----------------------------------------------------------", 
        "", 
        " /usr/bin/killall -9 nginx ", 
        "", 
        "-----------------------------------------------------------", 

        "|                 Clearing Proxy Cache                    |", 
        "-----------------------------------------------------------", 
        "", 
        " /bin/rm -rf /tmp/nginx_cache ", 
        "", 

        "-----------------------------------------------------------", 
        "|                Restarting Nginx Process                 |", 
        "-----------------------------------------------------------", 
        "root      59207  1.0  0.0 113180  1500 ?        S    16:11   0:00 /bin/bash /bak/bin/clear_nginxcache.sh", 
        "root      59215  0.0  1.9 434264 77500 ?        Ss   16:11   0:00 nginx: master process /usr/local/nginx/sbin/nginx", 

        "nobody    59217  0.0  2.0 438424 83532 ?        S    16:11   0:00 nginx: worker process", 
        "nobody    59218  0.0  2.0 438276 82072 ?        S    16:11   0:00 nginx: worker process", 
        "nobody    59219  0.0  2.0 438276 82072 ?        S    16:11   0:00 nginx: worker process", 
        "nobody    59220  0.0  2.0 438276 82072 ?        S    16:11   0:00 nginx: worker process", 
        "nobody    59221  0.0  1.9 436348 79264 ?        S    16:11   0:00 nginx: cache manager process", 

        "nobody    59222  0.0  1.9 436348 79260 ?        S    16:11   0:00 nginx: cache loader process", 
        "root      59224  0.0  0.0 112708   960 ?        S    16:11   0:00 grep nginx", 
        "              total        used        free      shared  buff/cache   available", 
        "Mem:           3934         324         349         204        3260        2994", 
        "Swap:             0           0           0", 

        "-----------------------------------------------------------", 
        "|                     Reload SUCCESS!                     |", 
        "-----------------------------------------------------------"
    ]
}

ok: [119.81.239.92] => {
    "script_result.stdout_lines": [
        "-----------------------------------------------------------", 
        "|                 Checking Nginx Config                   |", 
        "-----------------------------------------------------------", 

        "", 
        " nginx -t ", 
        "", 
        "-----------------------------------------------------------", 
        "|                 Stopping Nginx Process                  |", 

        "-----------------------------------------------------------", 
        "", 
        " /usr/bin/killall -9 nginx ", 
        "", 
        "-----------------------------------------------------------", 

        "|                 Clearing Proxy Cache                    |", 
        "-----------------------------------------------------------", 
        "", 
        " /bin/rm -rf /tmp/nginx_cache ", 
        "", 

        "-----------------------------------------------------------", 
        "|                Restarting Nginx Process                 |", 
        "-----------------------------------------------------------", 
        "root     19054  1.4  0.0 113180  1500 ?        S    16:11   0:00 /bin/bash /bak/bin/clear_nginxcache.sh", 
        "root     19070  0.0  2.0 434264 77500 ?        Ss   16:11   0:00 nginx: master process /usr/local/nginx/sbin/nginx", 

        "nobody   19072  0.0  2.1 436192 81988 ?        S    16:11   0:00 nginx: worker process", 
        "nobody   19073  0.0  2.1 436192 81988 ?        S    16:11   0:00 nginx: worker process", 
        "nobody   19074  0.0  2.1 436192 81988 ?        S    16:11   0:00 nginx: worker process", 
        "nobody   19075  0.0  2.1 436192 81988 ?        S    16:11   0:00 nginx: worker process", 
        "nobody   19076  0.0  2.0 434264 78932 ?        S    16:11   0:00 nginx: cache manager process", 

        "nobody   19077  0.0  2.0 434264 78932 ?        S    16:11   0:00 nginx: cache loader process", 
        "root     19080  0.0  0.0 112708   964 ?        S    16:11   0:00 grep nginx", 
        "              total        used        free      shared  buff/cache   available", 
        "Mem:           3783         205         376         202        3201        3069", 
        "Swap:          2047          18        2029", 

        "-----------------------------------------------------------", 
        "|                     Reload SUCCESS!                     |", 
        "-----------------------------------------------------------"
    ]
}


PLAY [127.0.0.1] ***************************************************************

TASK [sync_to_git : Synchronizing Nginx To GIT] ********************************
changed: [127.0.0.1]


TASK [sync_to_git : debug] *****************************************************
ok: [127.0.0.1] => {
    "msg": " [u'[master 9d97aa6] quincy', u' 2 files changed, 9 insertions(+), 4 deletions(-)', u'Branch master set up to track remote branch master from origin.']"
}


PLAY [bbet8-nginx] *************************************************************

PLAY [127.0.0.1] ***************************************************************


PLAY RECAP *********************************************************************
119.81.239.92              : ok=9    changed=2    unreachable=0    failed=0    skipped=2    rescued=0    ignored=0   
119.9.91.166               : ok=9    changed=2    unreachable=0    failed=0    skipped=2    rescued=0    ignored=0   
127.0.0.1                  : ok=2    changed=1    unreachable=0    failed=0    skipped=0    rescued=0    ignored=0   
13.70.17.208               : ok=9    changed=2    unreachable=0    failed=0    skipped=2    rescued=0    ignored=0   

137.116.170.159            : ok=11   changed=2    unreachable=0    failed=0    skipped=0    rescued=0    ignored=0   
23.99.121.244              : ok=11   changed=2    unreachable=0    failed=0    skipped=0    rescued=0    ignored=0   


ESYNC_WORKER1_COMMAND_END
MAX RETRIES EXECUTED, COMMAND NOT RESPONDING