ESYNC_WORKER1_COMMAND_START
[WARNING]: Invalid characters were found in group names but not replaced, use
-vvvv to see details

PLAY [acc-midpay_nginx] ********************************************************


TASK [Gathering Facts] *********************************************************
ok: [119.9.95.28]
ok: [119.9.108.184]

TASK [nginx_sync : Change python interpreter] **********************************

ok: [119.9.95.28]
ok: [119.9.108.184]

TASK [nginx_sync : change python interpreter] **********************************
ok: [119.9.95.28]

ok: [119.9.108.184]

TASK [nginx_sync : Notify] *****************************************************
ok: [119.9.95.28] => {
    "msg": "Syncing acc-midpay_nginx"

}
ok: [119.9.108.184] => {
    "msg": "Syncing acc-midpay_nginx"
}


TASK [nginx_sync : include_vars] ***********************************************
ok: [119.9.95.28]
ok: [119.9.108.184]

TASK [nginx_sync : Synchronizing Nginx] ****************************************

changed: [119.9.95.28] => (item=conf)
changed: [119.9.108.184] => (item=conf)
changed: [119.9.95.28] => (item=conf.d)
changed: [119.9.108.184] => (item=conf.d)
ok: [119.9.95.28] => (item=data)

ok: [119.9.108.184] => (item=data)
ok: [119.9.95.28] => (item=html)
ok: [119.9.108.184] => (item=html)

TASK [nginx_sync : Set HTML Dir to root] ***************************************

ok: [119.9.95.28]
ok: [119.9.108.184]

TASK [all_servers : include_vars] **********************************************
ok: [119.9.95.28]

ok: [119.9.108.184]

TASK [all_servers : Notify] ****************************************************
ok: [119.9.95.28] => {
    "msg": "Clearing Nginx Cache for acc-midpay_nginx"

}
ok: [119.9.108.184] => {
    "msg": "Clearing Nginx Cache for acc-midpay_nginx"
}


TASK [all_servers : Copying clear_nginxcache.sh to remote hosts] ***************
ok: [119.9.95.28]
ok: [119.9.108.184]

TASK [all_servers : Nginx Clear Cache] *****************************************

changed: [119.9.95.28]
changed: [119.9.108.184]

TASK [all_servers : debug] *****************************************************
ok: [119.9.95.28] => {

    "script_result.stdout_lines": [
        "-----------------------------------------------------------", 
        "|                 Checking Nginx Config                   |", 
        "-----------------------------------------------------------", 
        "", 

        " nginx -t ", 
        "", 
        "-----------------------------------------------------------", 
        "|                 Stopping Nginx Process                  |", 
        "-----------------------------------------------------------", 

        "", 
        " /usr/bin/killall -9 nginx ", 
        "", 
        "-----------------------------------------------------------", 
        "|                 Clearing Proxy Cache                    |", 

        "-----------------------------------------------------------", 
        "", 
        " /bin/rm -rf /tmp/nginx_cache ", 
        "", 
        "-----------------------------------------------------------", 

        "|                Restarting Nginx Process                 |", 
        "-----------------------------------------------------------", 
        "root     21161  0.0  0.0 106084  1412 ?        S    11:51   0:00 /bin/bash /bak/bin/clear_nginxcache.sh", 
        "root     21170  0.0  0.0 293208  1688 ?        Ss   11:52   0:00 nginx: master process /usr/local/nginx/sbin/nginx", 
        "nobody   21171  0.0  1.4 320344 29088 ?        S    11:52   0:00 nginx: worker process      ", 

        "nobody   21172  0.5  1.4 320328 29440 ?        S    11:52   0:00 nginx: worker process      ", 
        "nobody   21174  0.0  1.4 320344 29100 ?        S    11:52   0:00 nginx: worker process      ", 
        "nobody   21175  0.0  1.4 320840 29320 ?        S    11:52   0:00 nginx: worker process      ", 
        "nobody   21176  0.0  1.4 320344 29088 ?        S    11:52   0:00 nginx: worker process      ", 
        "nobody   21177  0.0  1.4 320344 29088 ?        S    11:52   0:00 nginx: worker process      ", 

        "nobody   21178  0.0  1.4 320344 29100 ?        S    11:52   0:00 nginx: worker process      ", 
        "nobody   21179  0.5  1.4 320344 29088 ?        S    11:52   0:00 nginx: worker process      ", 
        "nobody   21180  0.0  0.1 293356  2184 ?        S    11:52   0:00 nginx: cache manager process", 
        "nobody   21181  0.0  0.1 293356  2068 ?        S    11:52   0:00 nginx: cache loader process", 
        "root     21183  0.0  0.0 103324   884 ?        S    11:52   0:00 grep nginx", 

        "             total       used       free     shared    buffers     cached", 
        "Mem:          2000       1884        116          1        156        369", 
        "-/+ buffers/cache:       1358        642", 
        "Swap:            0          0          0", 
        "-----------------------------------------------------------", 

        "|                     Reload SUCCESS!                     |", 
        "-----------------------------------------------------------"
    ]
}
ok: [119.9.108.184] => {

    "script_result.stdout_lines": [
        "-----------------------------------------------------------", 
        "|                 Checking Nginx Config                   |", 
        "-----------------------------------------------------------", 
        "", 

        " nginx -t ", 
        "", 
        "-----------------------------------------------------------", 
        "|                 Stopping Nginx Process                  |", 
        "-----------------------------------------------------------", 

        "", 
        " /usr/bin/killall -9 nginx ", 
        "", 
        "-----------------------------------------------------------", 
        "|                 Clearing Proxy Cache                    |", 

        "-----------------------------------------------------------", 
        "", 
        " /bin/rm -rf /tmp/nginx_cache ", 
        "", 
        "-----------------------------------------------------------", 

        "|                Restarting Nginx Process                 |", 
        "-----------------------------------------------------------", 
        "root     24834  0.0  0.0 106084  1416 ?        S    11:51   0:00 /bin/bash /bak/bin/clear_nginxcache.sh", 
        "root     24852  0.0  0.0 293384  1676 ?        Ss   11:52   0:00 nginx: master process /usr/local/nginx/sbin/nginx", 
        "nobody   24853  0.0  0.7 320520 29092 ?        S    11:52   0:00 nginx: worker process      ", 

        "nobody   24855  0.0  0.7 320520 29092 ?        S    11:52   0:00 nginx: worker process      ", 
        "nobody   24856  0.3  0.7 320504 29548 ?        S    11:52   0:00 nginx: worker process      ", 
        "nobody   24857  0.3  0.7 321016 29556 ?        S    11:52   0:00 nginx: worker process      ", 
        "nobody   24858  0.3  0.7 321016 29556 ?        S    11:52   0:00 nginx: worker process      ", 
        "nobody   24859  0.0  0.7 320504 29548 ?        S    11:52   0:00 nginx: worker process      ", 

        "nobody   24860  0.3  0.7 320504 29544 ?        S    11:52   0:00 nginx: worker process      ", 
        "nobody   24861  0.0  0.7 320520 29080 ?        S    11:52   0:00 nginx: worker process      ", 
        "nobody   24862  0.0  0.0 293532  2176 ?        S    11:52   0:00 nginx: cache manager process", 
        "nobody   24863  0.0  0.0 293532  2056 ?        S    11:52   0:00 nginx: cache loader process", 
        "root     24865  0.0  0.0 103328   896 ?        S    11:52   0:00 grep nginx", 

        "             total       used       free     shared    buffers     cached", 
        "Mem:          3954       3797        157          1        189       1289", 
        "-/+ buffers/cache:       2318       1635", 
        "Swap:            0          0          0", 
        "-----------------------------------------------------------", 

        "|                     Reload SUCCESS!                     |", 
        "-----------------------------------------------------------"
    ]
}


PLAY [127.0.0.1] ***************************************************************

TASK [sync_to_git : Synchronizing Nginx To GIT] ********************************
changed: [127.0.0.1]


TASK [sync_to_git : debug] *****************************************************
ok: [127.0.0.1] => {
    "msg": " [u'[master 2d901ab] laird', u' 2 files changed, 17 insertions(+)', u'Branch master set up to track remote branch master from origin.']"
}


PLAY [acc-midpay_nginx] ********************************************************

PLAY [127.0.0.1] ***************************************************************

PLAY RECAP *********************************************************************

119.9.108.184              : ok=12   changed=2    unreachable=0    failed=0    skipped=0    rescued=0    ignored=0   
119.9.95.28                : ok=12   changed=2    unreachable=0    failed=0    skipped=0    rescued=0    ignored=0   
127.0.0.1                  : ok=2    changed=1    unreachable=0    failed=0    skipped=0    rescued=0    ignored=0   


ESYNC_WORKER1_COMMAND_END
MAX RETRIES EXECUTED, COMMAND NOT RESPONDING