ESYNC_WORKER1_COMMAND_START
[WARNING]: Invalid characters were found in group names but not replaced, use
-vvvv to see details

PLAY [acc-midpay_nginx] ********************************************************


TASK [Gathering Facts] *********************************************************
ok: [119.9.95.28]
ok: [119.9.108.184]

TASK [nginx_sync : Change python interpreter] **********************************

ok: [119.9.95.28]
ok: [119.9.108.184]

TASK [nginx_sync : change python interpreter] **********************************
ok: [119.9.95.28]

ok: [119.9.108.184]

TASK [nginx_sync : Notify] *****************************************************
ok: [119.9.95.28] => {
    "msg": "Syncing acc-midpay_nginx"

}
ok: [119.9.108.184] => {
    "msg": "Syncing acc-midpay_nginx"
}


TASK [nginx_sync : include_vars] ***********************************************
ok: [119.9.95.28]
ok: [119.9.108.184]

TASK [nginx_sync : Synchronizing Nginx] ****************************************

changed: [119.9.95.28] => (item=conf)
changed: [119.9.108.184] => (item=conf)
ok: [119.9.95.28] => (item=conf.d)
ok: [119.9.108.184] => (item=conf.d)
ok: [119.9.95.28] => (item=data)

ok: [119.9.108.184] => (item=data)
ok: [119.9.95.28] => (item=html)
ok: [119.9.108.184] => (item=html)

TASK [nginx_sync : Set HTML Dir to root] ***************************************

ok: [119.9.95.28]
ok: [119.9.108.184]

TASK [all_servers : include_vars] **********************************************
ok: [119.9.95.28]

ok: [119.9.108.184]

TASK [all_servers : Notify] ****************************************************
ok: [119.9.95.28] => {
    "msg": "Clearing Nginx Cache for acc-midpay_nginx"

}
ok: [119.9.108.184] => {
    "msg": "Clearing Nginx Cache for acc-midpay_nginx"
}


TASK [all_servers : Copying clear_nginxcache.sh to remote hosts] ***************
ok: [119.9.95.28]
ok: [119.9.108.184]

TASK [all_servers : Nginx Clear Cache] *****************************************

changed: [119.9.108.184]
changed: [119.9.95.28]

TASK [all_servers : debug] *****************************************************
ok: [119.9.95.28] => {

    "script_result.stdout_lines": [
        "-----------------------------------------------------------", 
        "|                 Checking Nginx Config                   |", 
        "-----------------------------------------------------------", 
        "", 

        " nginx -t ", 
        "", 
        "-----------------------------------------------------------", 
        "|                 Stopping Nginx Process                  |", 
        "-----------------------------------------------------------", 

        "", 
        " /usr/bin/killall -9 nginx ", 
        "", 
        "-----------------------------------------------------------", 
        "|                 Clearing Proxy Cache                    |", 

        "-----------------------------------------------------------", 
        "", 
        " /bin/rm -rf /tmp/nginx_cache ", 
        "", 
        "-----------------------------------------------------------", 

        "|                Restarting Nginx Process                 |", 
        "-----------------------------------------------------------", 
        "root     13780  0.0  0.0 106084  1416 ?        S    15:33   0:00 /bin/bash /bak/bin/clear_nginxcache.sh", 
        "root     13790  0.0  0.0 293192  1664 ?        Ss   15:33   0:00 nginx: master process /usr/local/nginx/sbin/nginx", 
        "nobody   13792  0.0  1.4 320328 28992 ?        S    15:33   0:00 nginx: worker process      ", 

        "nobody   13793  0.0  1.4 320328 28992 ?        S    15:33   0:00 nginx: worker process      ", 
        "nobody   13794  0.0  1.4 320328 28992 ?        S    15:33   0:00 nginx: worker process      ", 
        "nobody   13795  0.0  1.4 320328 28992 ?        S    15:33   0:00 nginx: worker process      ", 
        "nobody   13796  0.0  1.4 320328 28992 ?        S    15:33   0:00 nginx: worker process      ", 
        "nobody   13797  0.0  1.4 320328 28992 ?        S    15:33   0:00 nginx: worker process      ", 

        "nobody   13798  0.0  1.4 320328 28992 ?        S    15:33   0:00 nginx: worker process      ", 
        "nobody   13799  0.0  1.4 320328 28992 ?        S    15:33   0:00 nginx: worker process      ", 
        "nobody   13800  0.0  0.1 293340  2088 ?        S    15:33   0:00 nginx: cache manager process", 
        "nobody   13801  0.0  0.0 293340  2044 ?        S    15:33   0:00 nginx: cache loader process", 
        "root     13803  0.0  0.0 103324   884 ?        S    15:33   0:00 grep nginx", 

        "             total       used       free     shared    buffers     cached", 
        "Mem:          2000       1845        154          1        155        340", 
        "-/+ buffers/cache:       1350        650", 
        "Swap:            0          0          0", 
        "-----------------------------------------------------------", 

        "|                     Reload SUCCESS!                     |", 
        "-----------------------------------------------------------"
    ]
}
ok: [119.9.108.184] => {

    "script_result.stdout_lines": [
        "-----------------------------------------------------------", 
        "|                 Checking Nginx Config                   |", 
        "-----------------------------------------------------------", 
        "", 

        " nginx -t ", 
        "", 
        "-----------------------------------------------------------", 
        "|                 Stopping Nginx Process                  |", 
        "-----------------------------------------------------------", 

        "", 
        " /usr/bin/killall -9 nginx ", 
        "", 
        "-----------------------------------------------------------", 
        "|                 Clearing Proxy Cache                    |", 

        "-----------------------------------------------------------", 
        "", 
        " /bin/rm -rf /tmp/nginx_cache ", 
        "", 
        "-----------------------------------------------------------", 

        "|                Restarting Nginx Process                 |", 
        "-----------------------------------------------------------", 
        "root     11846  0.0  0.0 106084  1416 ?        S    15:33   0:00 /bin/bash /bak/bin/clear_nginxcache.sh", 
        "root     11852  0.0  0.0 293368  1652 ?        Ss   15:33   0:00 nginx: master process /usr/local/nginx/sbin/nginx", 
        "nobody   11853  0.0  0.7 320504 28992 ?        S    15:33   0:00 nginx: worker process      ", 

        "nobody   11854  0.0  0.7 320504 28980 ?        S    15:33   0:00 nginx: worker process      ", 
        "nobody   11856  0.0  0.7 320504 28980 ?        S    15:33   0:00 nginx: worker process      ", 
        "nobody   11857  0.0  0.7 320504 28980 ?        S    15:33   0:00 nginx: worker process      ", 
        "nobody   11858  0.0  0.7 320504 28992 ?        S    15:33   0:00 nginx: worker process      ", 
        "nobody   11859  0.0  0.7 320488 29472 ?        S    15:33   0:00 nginx: worker process      ", 

        "nobody   11860  0.0  0.7 320504 28980 ?        S    15:33   0:00 nginx: worker process      ", 
        "nobody   11861  0.0  0.7 320504 28992 ?        S    15:33   0:00 nginx: worker process      ", 
        "nobody   11862  0.0  0.0 293516  2076 ?        S    15:33   0:00 nginx: cache manager process", 
        "nobody   11863  0.0  0.0 293516  2032 ?        S    15:33   0:00 nginx: cache loader process", 
        "root     11865  0.0  0.0 103324   884 ?        S    15:33   0:00 grep nginx", 

        "             total       used       free     shared    buffers     cached", 
        "Mem:          3954       3743        211          1        201        676", 
        "-/+ buffers/cache:       2865       1088", 
        "Swap:            0          0          0", 
        "-----------------------------------------------------------", 

        "|                     Reload SUCCESS!                     |", 
        "-----------------------------------------------------------"
    ]
}


PLAY [127.0.0.1] ***************************************************************

TASK [sync_to_git : Synchronizing Nginx To GIT] ********************************
changed: [127.0.0.1]


TASK [sync_to_git : debug] *****************************************************
ok: [127.0.0.1] => {
    "msg": " [u'# On branch master', u'# Changes not staged for commit:', u'#   (use \"git add/rm <file>...\" to update what will be committed)', u'#   (use \"git checkout -- <file>...\" to discard changes in working directory)', u'#', u'#\\tdeleted:    nginx/conf.d/other/fkttong.conf', u'#\\tdeleted:    nginx/conf.d/other/weichat.conf', u'#', u'no changes added to commit (use \"git add\" and/or \"git commit -a\")', u'Branch master set up to track remote branch master from origin.']"
}


PLAY [acc-midpay_nginx] ********************************************************

PLAY [127.0.0.1] ***************************************************************

PLAY RECAP *********************************************************************

119.9.108.184              : ok=12   changed=2    unreachable=0    failed=0    skipped=0    rescued=0    ignored=0   
119.9.95.28                : ok=12   changed=2    unreachable=0    failed=0    skipped=0    rescued=0    ignored=0   
127.0.0.1                  : ok=2    changed=1    unreachable=0    failed=0    skipped=0    rescued=0    ignored=0   


ESYNC_WORKER1_COMMAND_END
MAX RETRIES EXECUTED, COMMAND NOT RESPONDING