ESYNC_WORKER1_COMMAND_START
 [WARNING]: Invalid characters were found in group names but not replaced, use
-vvvv to see details

PLAY [acc-midpay_nginx] ********************************************************


TASK [Gathering Facts] *********************************************************
ok: [43.231.184.81]
ok: [119.9.95.28]
ok: [119.9.108.184]
ok: [45.192.182.161]


TASK [nginx_sync : Change python interpreter] **********************************
ok: [45.192.182.161]
ok: [119.9.95.28]
ok: [119.9.108.184]

ok: [43.231.184.81]

TASK [nginx_sync : change python interpreter] **********************************
ok: [45.192.182.161]
ok: [119.9.95.28]

ok: [119.9.108.184]
ok: [43.231.184.81]

TASK [nginx_sync : Notify] *****************************************************
ok: [45.192.182.161] => {

    "msg": "Syncing acc-midpay_nginx"
}
ok: [119.9.95.28] => {
    "msg": "Syncing acc-midpay_nginx"
}

ok: [119.9.108.184] => {
    "msg": "Syncing acc-midpay_nginx"
}
ok: [43.231.184.81] => {
    "msg": "Syncing acc-midpay_nginx"

}

TASK [nginx_sync : include_vars] ***********************************************
ok: [45.192.182.161]
ok: [119.9.95.28]

ok: [119.9.108.184]
ok: [43.231.184.81]

TASK [nginx_sync : Synchronizing Nginx] ****************************************
changed: [119.9.95.28] => (item=conf)

changed: [119.9.108.184] => (item=conf)
changed: [43.231.184.81] => (item=conf)
changed: [119.9.108.184] => (item=conf.d)
changed: [119.9.95.28] => (item=conf.d)
changed: [43.231.184.81] => (item=conf.d)

changed: [45.192.182.161] => (item=conf)
ok: [119.9.108.184] => (item=data)
ok: [119.9.95.28] => (item=data)
ok: [43.231.184.81] => (item=data)
changed: [45.192.182.161] => (item=conf.d)

ok: [119.9.108.184] => (item=html)
ok: [119.9.95.28] => (item=html)
ok: [43.231.184.81] => (item=html)
ok: [45.192.182.161] => (item=data)
ok: [45.192.182.161] => (item=html)


TASK [all_servers : include_vars] **********************************************
ok: [45.192.182.161]
ok: [119.9.95.28]
ok: [119.9.108.184]

ok: [43.231.184.81]

TASK [all_servers : Notify] ****************************************************
ok: [45.192.182.161] => {
    "msg": "Clearing Nginx Cache for acc-midpay_nginx"

}
ok: [119.9.95.28] => {
    "msg": "Clearing Nginx Cache for acc-midpay_nginx"
}
ok: [119.9.108.184] => {

    "msg": "Clearing Nginx Cache for acc-midpay_nginx"
}
ok: [43.231.184.81] => {
    "msg": "Clearing Nginx Cache for acc-midpay_nginx"
}


TASK [all_servers : Copying clear_nginxcache.sh to remote hosts] ***************
ok: [119.9.95.28]
ok: [43.231.184.81]
ok: [119.9.108.184]

ok: [45.192.182.161]

TASK [all_servers : Nginx Clear Cache] *****************************************
changed: [45.192.182.161]
changed: [43.231.184.81]

changed: [119.9.108.184]
changed: [119.9.95.28]

TASK [all_servers : debug] *****************************************************
ok: [45.192.182.161] => {

    "script_result.stdout_lines": [
        "-----------------------------------------------------------", 
        "|                 Checking Nginx Config                   |", 
        "-----------------------------------------------------------", 
        "", 

        " nginx -t ", 
        "", 
        "-----------------------------------------------------------", 
        "|                 Stopping Nginx Process                  |", 
        "-----------------------------------------------------------", 

        "", 
        " /usr/bin/killall -9 nginx ", 
        "", 
        "-----------------------------------------------------------", 
        "|                 Clearing Proxy Cache                    |", 

        "-----------------------------------------------------------", 
        "", 
        " /bin/rm -rf /tmp/nginx_cache ", 
        "", 
        "-----------------------------------------------------------", 

        "|                Restarting Nginx Process                 |", 
        "-----------------------------------------------------------", 
        "root     30396  0.0  0.0 106076  1388 ?        S    16:10   0:00 /bin/bash /bak/bin/clear_nginxcache.sh", 
        "root     30406  0.0  0.0 295864  1528 ?        Ss   16:10   0:00 nginx: master process /usr/local/nginx/sbin/nginx", 
        "nobody   30407  0.5  0.7 323056 29356 ?        S    16:10   0:00 nginx: worker process      ", 

        "nobody   30408  0.5  0.7 325880 29664 ?        S    16:10   0:00 nginx: worker process      ", 
        "nobody   30410  0.5  0.7 323000 28852 ?        S    16:10   0:00 nginx: worker process      ", 
        "nobody   30411  0.5  0.7 323000 28840 ?        S    16:10   0:00 nginx: worker process      ", 
        "nobody   30412  0.5  0.7 323000 28852 ?        S    16:10   0:00 nginx: worker process      ", 
        "nobody   30413  0.5  0.7 323056 29376 ?        S    16:10   0:00 nginx: worker process      ", 

        "nobody   30414  0.5  0.7 323000 28840 ?        S    16:10   0:00 nginx: worker process      ", 
        "nobody   30415  0.5  0.7 323000 28840 ?        S    16:10   0:00 nginx: worker process      ", 
        "nobody   30416  0.0  0.0 296036  1932 ?        S    16:10   0:00 nginx: cache manager process", 
        "nobody   30417  0.0  0.0 296036  1888 ?        S    16:10   0:00 nginx: cache loader process", 
        "root     30419  0.0  0.0 103256   840 ?        S    16:10   0:00 grep nginx", 

        "             total       used       free     shared    buffers     cached", 
        "Mem:          3832       3629        203          0        315       2127", 
        "-/+ buffers/cache:       1186       2646", 
        "Swap:         4095         76       4019", 
        "-----------------------------------------------------------", 

        "|                     Reload SUCCESS!                     |", 
        "-----------------------------------------------------------"
    ]
}
ok: [119.9.95.28] => {

    "script_result.stdout_lines": [
        "-----------------------------------------------------------", 
        "|                 Checking Nginx Config                   |", 
        "-----------------------------------------------------------", 
        "", 

        " nginx -t ", 
        "", 
        "-----------------------------------------------------------", 
        "|                 Stopping Nginx Process                  |", 
        "-----------------------------------------------------------", 

        "", 
        " /usr/bin/killall -9 nginx ", 
        "", 
        "-----------------------------------------------------------", 
        "|                 Clearing Proxy Cache                    |", 

        "-----------------------------------------------------------", 
        "", 
        " /bin/rm -rf /tmp/nginx_cache ", 
        "", 
        "-----------------------------------------------------------", 

        "|                Restarting Nginx Process                 |", 
        "-----------------------------------------------------------", 
        "root     31115  0.0  0.0 106084  1408 ?        S    16:10   0:00 /bin/bash /bak/bin/clear_nginxcache.sh", 
        "root     31121  0.0  0.0 292940  1496 ?        Ss   16:10   0:00 nginx: master process /usr/local/nginx/sbin/nginx", 
        "nobody   31123  0.5  1.4 320076 28896 ?        S    16:10   0:00 nginx: worker process      ", 

        "nobody   31124  0.0  1.4 320640 29252 ?        S    16:10   0:00 nginx: worker process      ", 
        "nobody   31125  0.5  1.4 320076 28896 ?        S    16:10   0:00 nginx: worker process      ", 
        "nobody   31126  0.0  1.4 321152 29196 ?        S    16:10   0:00 nginx: worker process      ", 
        "nobody   31127  0.0  1.4 320640 29184 ?        S    16:10   0:00 nginx: worker process      ", 
        "nobody   31128  0.0  1.4 320076 28896 ?        S    16:10   0:00 nginx: worker process      ", 

        "nobody   31129  0.0  1.4 320128 29240 ?        S    16:10   0:00 nginx: worker process      ", 
        "nobody   31130  0.0  1.4 320076 28896 ?        S    16:10   0:00 nginx: worker process      ", 
        "nobody   31131  0.0  0.0 293108  1916 ?        S    16:10   0:00 nginx: cache manager process", 
        "nobody   31132  0.0  0.0 293108  1872 ?        S    16:10   0:00 nginx: cache loader process", 
        "root     31134  0.0  0.0 103324   884 ?        S    16:10   0:00 grep nginx", 

        "             total       used       free     shared    buffers     cached", 
        "Mem:          2000       1878        121          2        253       1221", 
        "-/+ buffers/cache:        404       1596", 
        "Swap:            0          0          0", 
        "-----------------------------------------------------------", 

        "|                     Reload SUCCESS!                     |", 
        "-----------------------------------------------------------"
    ]
}
ok: [119.9.108.184] => {

    "script_result.stdout_lines": [
        "-----------------------------------------------------------", 
        "|                 Checking Nginx Config                   |", 
        "-----------------------------------------------------------", 
        "", 

        " nginx -t ", 
        "", 
        "-----------------------------------------------------------", 
        "|                 Stopping Nginx Process                  |", 
        "-----------------------------------------------------------", 

        "", 
        " /usr/bin/killall -9 nginx ", 
        "", 
        "-----------------------------------------------------------", 
        "|                 Clearing Proxy Cache                    |", 

        "-----------------------------------------------------------", 
        "", 
        " /bin/rm -rf /tmp/nginx_cache ", 
        "", 
        "-----------------------------------------------------------", 

        "|                Restarting Nginx Process                 |", 
        "-----------------------------------------------------------", 
        "root     26047  0.0  0.0 106084  1416 ?        S    16:10   0:00 /bin/bash /bak/bin/clear_nginxcache.sh", 
        "root     26060  0.0  0.0 293116  1480 ?        Ss   16:10   0:00 nginx: master process /usr/local/nginx/sbin/nginx", 
        "nobody   26061  1.3  0.7 320252 28808 ?        S    16:10   0:00 nginx: worker process      ", 

        "nobody   26063  1.3  0.7 320252 28808 ?        S    16:10   0:00 nginx: worker process      ", 
        "nobody   26064  1.3  0.7 320252 28808 ?        S    16:10   0:00 nginx: worker process      ", 
        "nobody   26065  0.3  0.7 324164 30272 ?        S    16:10   0:00 nginx: worker process      ", 
        "nobody   26066  0.3  0.7 324688 30420 ?        S    16:10   0:00 nginx: worker process      ", 
        "nobody   26067  0.3  0.7 324936 30064 ?        S    16:10   0:00 nginx: worker process      ", 

        "nobody   26068  0.3  0.7 321840 29576 ?        S    16:10   0:00 nginx: worker process      ", 
        "nobody   26069  1.3  0.7 320816 29180 ?        S    16:10   0:00 nginx: worker process      ", 
        "nobody   26070  0.0  0.0 293284  1900 ?        S    16:10   0:00 nginx: cache manager process", 
        "nobody   26071  0.0  0.0 293284  1856 ?        S    16:10   0:00 nginx: cache loader process", 
        "root     26074  0.0  0.0 103328   892 ?        S    16:10   0:00 grep nginx", 

        "             total       used       free     shared    buffers     cached", 
        "Mem:          3954       3743        211          2        315       2822", 
        "-/+ buffers/cache:        604       3349", 
        "Swap:            0          0          0", 
        "-----------------------------------------------------------", 

        "|                     Reload SUCCESS!                     |", 
        "-----------------------------------------------------------"
    ]
}
ok: [43.231.184.81] => {

    "script_result.stdout_lines": [
        "-----------------------------------------------------------", 
        "|                 Checking Nginx Config                   |", 
        "-----------------------------------------------------------", 
        "", 

        " nginx -t ", 
        "", 
        "-----------------------------------------------------------", 
        "|                 Stopping Nginx Process                  |", 
        "-----------------------------------------------------------", 

        "", 
        " /usr/bin/killall -9 nginx ", 
        "", 
        "-----------------------------------------------------------", 
        "|                 Clearing Proxy Cache                    |", 

        "-----------------------------------------------------------", 
        "", 
        " /bin/rm -rf /tmp/nginx_cache ", 
        "", 
        "-----------------------------------------------------------", 

        "|                Restarting Nginx Process                 |", 
        "-----------------------------------------------------------", 
        "root      6639  0.0  0.0 106076  1388 ?        S    16:10   0:00 /bin/bash /bak/bin/clear_nginxcache.sh", 
        "root      6667  0.0  0.0 295896  1544 ?        Ss   16:10   0:00 nginx: master process /usr/local/nginx/sbin/nginx", 
        "nobody    6668  1.0  0.7 323032 28856 ?        S    16:10   0:00 nginx: worker process      ", 

        "nobody    6669  1.5  0.7 323032 28856 ?        S    16:10   0:00 nginx: worker process      ", 
        "nobody    6671  1.5  0.7 323032 28944 ?        S    16:10   0:00 nginx: worker process      ", 
        "nobody    6672  2.0  0.7 323032 28944 ?        S    16:10   0:00 nginx: worker process      ", 
        "nobody    6673  1.0  0.7 323032 28944 ?        S    16:10   0:00 nginx: worker process      ", 
        "nobody    6674  1.5  0.7 324112 29232 ?        S    16:10   0:00 nginx: worker process      ", 

        "nobody    6675  1.5  0.7 323032 28856 ?        S    16:10   0:00 nginx: worker process      ", 
        "nobody    6676  2.0  0.7 323032 28856 ?        S    16:10   0:00 nginx: worker process      ", 
        "nobody    6677  0.0  0.0 296068  1948 ?        S    16:10   0:00 nginx: cache manager process", 
        "nobody    6678  0.0  0.0 296068  1908 ?        S    16:10   0:00 nginx: cache loader process", 
        "root      6680  0.0  0.0 103256   840 ?        S    16:10   0:00 grep nginx", 

        "             total       used       free     shared    buffers     cached", 
        "Mem:          3832       3524        307          0        347       1975", 
        "-/+ buffers/cache:       1202       2630", 
        "Swap:         4095        338       3757", 
        "-----------------------------------------------------------", 

        "|                     Reload SUCCESS!                     |", 
        "-----------------------------------------------------------"
    ]
}


PLAY [127.0.0.1] ***************************************************************

TASK [sync_to_git : Synchronizing Nginx To GIT] ********************************
changed: [127.0.0.1]


TASK [sync_to_git : debug] *****************************************************
ok: [127.0.0.1] => {
    "msg": " [u'[master 6451cdb] quincy', u' 2 files changed, 2 insertions(+)', u'Branch master set up to track remote branch master from origin.']"
}


PLAY [acc-midpay_nginx] ********************************************************

PLAY [127.0.0.1] ***************************************************************

PLAY RECAP *********************************************************************

119.9.108.184              : ok=11   changed=2    unreachable=0    failed=0    skipped=0    rescued=0    ignored=0   
119.9.95.28                : ok=11   changed=2    unreachable=0    failed=0    skipped=0    rescued=0    ignored=0   
127.0.0.1                  : ok=2    changed=1    unreachable=0    failed=0    skipped=0    rescued=0    ignored=0   
43.231.184.81              : ok=11   changed=2    unreachable=0    failed=0    skipped=0    rescued=0    ignored=0   
45.192.182.161             : ok=11   changed=2    unreachable=0    failed=0    skipped=0    rescued=0    ignored=0   



ESYNC_WORKER1_COMMAND_END
MAX RETRIES EXECUTED, COMMAND NOT RESPONDING