ESYNC_WORKER1_COMMAND_START

PLAY [acc-midpay_nginx] ********************************************************

TASK [nginx_sync : Notify] *****************************************************
ok: [45.192.182.161] => {

    "msg": "Syncing acc-midpay_nginx"
}
ok: [172.81.245.93] => {
    "msg": "Syncing acc-midpay_nginx"
}

ok: [119.9.95.28] => {
    "msg": "Syncing acc-midpay_nginx"
}
ok: [119.9.108.184] => {
    "msg": "Syncing acc-midpay_nginx"

}
ok: [43.231.184.81] => {
    "msg": "Syncing acc-midpay_nginx"
}
ok: [47.107.33.107] => {

    "msg": "Syncing acc-midpay_nginx"
}

TASK [nginx_sync : include_vars] ***********************************************
ok: [45.192.182.161]

ok: [172.81.245.93]
ok: [119.9.95.28]
ok: [119.9.108.184]
ok: [43.231.184.81]
ok: [47.107.33.107]


TASK [nginx_sync : Synchronizing Nginx] ****************************************
changed: [119.9.108.184] => (item=conf)
changed: [43.231.184.81] => (item=conf)
changed: [119.9.95.28] => (item=conf)

changed: [45.192.182.161] => (item=conf)
changed: [119.9.108.184] => (item=conf.d)
changed: [43.231.184.81] => (item=conf.d)
changed: [119.9.95.28] => (item=conf.d)
changed: [45.192.182.161] => (item=conf.d)

ok: [43.231.184.81] => (item=data)
ok: [119.9.95.28] => (item=data)
ok: [119.9.108.184] => (item=data)
ok: [45.192.182.161] => (item=data)
ok: [119.9.95.28] => (item=html)

ok: [43.231.184.81] => (item=html)
ok: [119.9.108.184] => (item=html)
ok: [45.192.182.161] => (item=html)
changed: [47.107.33.107] => (item=conf)
changed: [172.81.245.93] => (item=conf)

changed: [47.107.33.107] => (item=conf.d)
changed: [172.81.245.93] => (item=conf.d)
ok: [47.107.33.107] => (item=data)
ok: [172.81.245.93] => (item=data)
ok: [47.107.33.107] => (item=html)

ok: [172.81.245.93] => (item=html)

TASK [all_servers : include_vars] **********************************************
ok: [45.192.182.161]
ok: [172.81.245.93]

ok: [119.9.95.28]
ok: [119.9.108.184]
ok: [43.231.184.81]
ok: [47.107.33.107]


TASK [all_servers : Notify] ****************************************************
ok: [45.192.182.161] => {
    "msg": "Clearing Nginx Cache for acc-midpay_nginx"
}
ok: [172.81.245.93] => {

    "msg": "Clearing Nginx Cache for acc-midpay_nginx"
}
ok: [119.9.95.28] => {
    "msg": "Clearing Nginx Cache for acc-midpay_nginx"
}

ok: [119.9.108.184] => {
    "msg": "Clearing Nginx Cache for acc-midpay_nginx"
}
ok: [43.231.184.81] => {
    "msg": "Clearing Nginx Cache for acc-midpay_nginx"

}
ok: [47.107.33.107] => {
    "msg": "Clearing Nginx Cache for acc-midpay_nginx"
}


TASK [all_servers : Copying clear_nginxcache.sh to remote hosts] ***************
ok: [43.231.184.81]
ok: [119.9.108.184]
ok: [119.9.95.28]
ok: [45.192.182.161]

ok: [172.81.245.93]
ok: [47.107.33.107]

TASK [all_servers : Nginx Clear Cache] *****************************************
changed: [119.9.95.28]

changed: [43.231.184.81]
changed: [45.192.182.161]
changed: [119.9.108.184]
changed: [172.81.245.93]
changed: [47.107.33.107]


TASK [all_servers : debug] *****************************************************
ok: [45.192.182.161] => {
    "script_result.stdout_lines": [
        "-----------------------------------------------------------", 

        "|                 Checking Nginx Config                   |", 
        "-----------------------------------------------------------", 
        "", 
        " nginx -t ", 
        "", 

        "-----------------------------------------------------------", 
        "|                 Stopping Nginx Process                  |", 
        "-----------------------------------------------------------", 
        "", 
        " /usr/bin/killall -9 nginx ", 

        "", 
        "-----------------------------------------------------------", 
        "|                 Clearing Proxy Cache                    |", 
        "-----------------------------------------------------------", 
        "", 

        " /bin/rm -rf /tmp/nginx_cache ", 
        "", 
        "-----------------------------------------------------------", 
        "|                Restarting Nginx Process                 |", 
        "-----------------------------------------------------------", 

        "root     21988  0.0  0.0 106076  1384 ?        S    13:21   0:00 /bin/bash /bak/bin/clear_nginxcache.sh", 
        "root     22018  0.0  0.0 295864  1528 ?        Ss   13:21   0:00 nginx: master process /usr/local/nginx/sbin/nginx", 
        "nobody   22019  1.0  0.7 323000 28928 ?        S    13:21   0:00 nginx: worker process      ", 
        "nobody   22020  0.0  0.7 323000 28928 ?        S    13:21   0:00 nginx: worker process      ", 
        "nobody   22022  0.3  0.7 323568 29216 ?        S    13:21   0:00 nginx: worker process      ", 

        "nobody   22023  0.3  0.7 323000 28928 ?        S    13:21   0:00 nginx: worker process      ", 
        "nobody   22024  0.0  0.7 323000 28840 ?        S    13:21   0:00 nginx: worker process      ", 
        "nobody   22025  0.0  0.7 323000 28928 ?        S    13:21   0:00 nginx: worker process      ", 
        "nobody   22026  0.0  0.7 323000 28840 ?        S    13:21   0:00 nginx: worker process      ", 
        "nobody   22027  0.0  0.7 323000 28928 ?        S    13:21   0:00 nginx: worker process      ", 

        "nobody   22028  0.0  0.0 296036  1932 ?        S    13:21   0:00 nginx: cache manager process", 
        "nobody   22029  0.0  0.0 296036  1888 ?        S    13:21   0:00 nginx: cache loader process", 
        "root     22077  0.0  0.0 103256   844 ?        R    13:21   0:00 grep nginx", 
        "             total       used       free     shared    buffers     cached", 
        "Mem:          3832       3723        109          0        304        449", 

        "-/+ buffers/cache:       2969        862", 
        "Swap:         4095         34       4061", 
        "-----------------------------------------------------------", 
        "|                     Reload SUCCESS!                     |", 
        "-----------------------------------------------------------"

    ]
}
ok: [172.81.245.93] => {
    "script_result.stdout_lines": [
        "-----------------------------------------------------------", 

        "|                 Checking Nginx Config                   |", 
        "-----------------------------------------------------------", 
        "", 
        " nginx -t ", 
        "", 

        "-----------------------------------------------------------", 
        "|                 Stopping Nginx Process                  |", 
        "-----------------------------------------------------------", 
        "", 
        " /usr/bin/killall -9 nginx ", 

        "", 
        "-----------------------------------------------------------", 
        "|                 Clearing Proxy Cache                    |", 
        "-----------------------------------------------------------", 
        "", 

        " /bin/rm -rf /tmp/nginx_cache ", 
        "", 
        "-----------------------------------------------------------", 
        "|                Restarting Nginx Process                 |", 
        "-----------------------------------------------------------", 

        "root     21185  0.0  0.0 106120  1268 ?        S    13:21   0:00 /bin/bash /bak/bin/clear_nginxcache.sh", 
        "root     21194  0.0  0.0 297516  1440 ?        Ss   13:21   0:00 nginx: master process /usr/local/nginx/sbin/nginx", 
        "nobody   21195  0.0  0.7 324652 28788 ?        S    13:21   0:00 nginx: worker process      ", 
        "nobody   21197  0.0  0.7 324652 28788 ?        S    13:21   0:00 nginx: worker process      ", 
        "nobody   21198  0.0  0.7 324652 28788 ?        S    13:21   0:00 nginx: worker process      ", 

        "nobody   21199  0.0  0.7 324652 28788 ?        S    13:21   0:00 nginx: worker process      ", 
        "nobody   21200  0.0  0.7 324652 28788 ?        S    13:21   0:00 nginx: worker process      ", 
        "nobody   21201  0.0  0.7 324652 28788 ?        S    13:21   0:00 nginx: worker process      ", 
        "nobody   21202  0.0  0.7 324652 28788 ?        S    13:21   0:00 nginx: worker process      ", 
        "nobody   21203  0.0  0.7 324652 28788 ?        S    13:21   0:00 nginx: worker process      ", 

        "nobody   21204  0.0  0.0 297688  1884 ?        S    13:21   0:00 nginx: cache manager process", 
        "nobody   21205  0.0  0.0 297688  1832 ?        S    13:21   0:00 nginx: cache loader process", 
        "root     21207  0.0  0.0 103328   844 ?        S    13:21   0:00 grep nginx", 
        "             total       used       free     shared    buffers     cached", 
        "Mem:          3830       3631        198          1        187        503", 

        "-/+ buffers/cache:       2941        889", 
        "Swap:            0          0          0", 
        "-----------------------------------------------------------", 
        "|                     Reload SUCCESS!                     |", 
        "-----------------------------------------------------------"

    ]
}
ok: [119.9.95.28] => {
    "script_result.stdout_lines": [
        "-----------------------------------------------------------", 

        "|                 Checking Nginx Config                   |", 
        "-----------------------------------------------------------", 
        "", 
        " nginx -t ", 
        "", 

        "-----------------------------------------------------------", 
        "|                 Stopping Nginx Process                  |", 
        "-----------------------------------------------------------", 
        "", 
        " /usr/bin/killall -9 nginx ", 

        "", 
        "-----------------------------------------------------------", 
        "|                 Clearing Proxy Cache                    |", 
        "-----------------------------------------------------------", 
        "", 

        " /bin/rm -rf /tmp/nginx_cache ", 
        "", 
        "-----------------------------------------------------------", 
        "|                Restarting Nginx Process                 |", 
        "-----------------------------------------------------------", 

        "root     20109  0.0  0.0 106084  1416 ?        S    13:21   0:00 /bin/bash /bak/bin/clear_nginxcache.sh", 
        "root     20141  0.0  0.0 292924  1480 ?        Ss   13:21   0:00 nginx: master process /usr/local/nginx/sbin/nginx", 
        "nobody   20143  0.0  1.4 320640 29228 ?        S    13:21   0:00 nginx: worker process      ", 
        "nobody   20144  0.0  1.4 320640 29112 ?        S    13:21   0:00 nginx: worker process      ", 
        "nobody   20145  0.0  1.4 320128 29288 ?        S    13:21   0:00 nginx: worker process      ", 

        "nobody   20146  0.0  1.4 321928 29476 ?        S    13:21   0:00 nginx: worker process      ", 
        "nobody   20147  0.0  1.4 320060 28808 ?        S    13:21   0:00 nginx: worker process      ", 
        "nobody   20148  0.0  1.4 321928 29464 ?        S    13:21   0:00 nginx: worker process      ", 
        "nobody   20149  0.0  1.4 320640 29232 ?        S    13:21   0:00 nginx: worker process      ", 
        "nobody   20150  0.0  1.4 320128 29224 ?        S    13:21   0:00 nginx: worker process      ", 

        "nobody   20151  0.0  0.0 293108  1904 ?        S    13:21   0:00 nginx: cache manager process", 
        "nobody   20152  0.0  0.0 293108  1860 ?        S    13:21   0:00 nginx: cache loader process", 
        "root     20203  0.0  0.0 103324   884 ?        S    13:21   0:00 grep nginx", 
        "             total       used       free     shared    buffers     cached", 
        "Mem:          2000       1899        100          2        100        710", 

        "-/+ buffers/cache:       1088        912", 
        "Swap:            0          0          0", 
        "-----------------------------------------------------------", 
        "|                     Reload SUCCESS!                     |", 
        "-----------------------------------------------------------"

    ]
}
ok: [119.9.108.184] => {
    "script_result.stdout_lines": [
        "-----------------------------------------------------------", 

        "|                 Checking Nginx Config                   |", 
        "-----------------------------------------------------------", 
        "", 
        " nginx -t ", 
        "", 

        "-----------------------------------------------------------", 
        "|                 Stopping Nginx Process                  |", 
        "-----------------------------------------------------------", 
        "", 
        " /usr/bin/killall -9 nginx ", 

        "", 
        "-----------------------------------------------------------", 
        "|                 Clearing Proxy Cache                    |", 
        "-----------------------------------------------------------", 
        "", 

        " /bin/rm -rf /tmp/nginx_cache ", 
        "", 
        "-----------------------------------------------------------", 
        "|                Restarting Nginx Process                 |", 
        "-----------------------------------------------------------", 

        "root      9294  0.0  0.0 106084  1412 ?        S    13:21   0:00 /bin/bash /bak/bin/clear_nginxcache.sh", 
        "root      9368  0.0  0.0 293100  1464 ?        Ss   13:21   0:00 nginx: master process /usr/local/nginx/sbin/nginx", 
        "nobody    9369  0.0  0.7 320816 29172 ?        S    13:21   0:00 nginx: worker process      ", 
        "nobody    9370  0.0  0.7 320304 29328 ?        S    13:21   0:00 nginx: worker process      ", 
        "nobody    9372  0.0  0.7 320304 29336 ?        S    13:21   0:00 nginx: worker process      ", 

        "nobody    9373  0.0  0.7 320236 28880 ?        S    13:21   0:00 nginx: worker process      ", 
        "nobody    9374  0.0  0.7 320816 29172 ?        S    13:21   0:00 nginx: worker process      ", 
        "nobody    9375  0.3  0.7 320816 29164 ?        S    13:21   0:00 nginx: worker process      ", 
        "nobody    9376  0.0  0.7 320816 29276 ?        S    13:21   0:00 nginx: worker process      ", 
        "nobody    9377  0.0  0.7 320236 28868 ?        S    13:21   0:00 nginx: worker process      ", 

        "nobody    9378  0.0  0.0 293284  1964 ?        S    13:21   0:00 nginx: cache manager process", 
        "nobody    9379  0.0  0.0 293284  1844 ?        S    13:21   0:00 nginx: cache loader process", 
        "root      9411  0.0  0.0 103324   884 ?        S    13:21   0:00 grep nginx", 
        "             total       used       free     shared    buffers     cached", 
        "Mem:          3954       3656        298          2        191       1582", 

        "-/+ buffers/cache:       1881       2072", 
        "Swap:            0          0          0", 
        "-----------------------------------------------------------", 
        "|                     Reload SUCCESS!                     |", 
        "-----------------------------------------------------------"

    ]
}
ok: [43.231.184.81] => {
    "script_result.stdout_lines": [
        "-----------------------------------------------------------", 

        "|                 Checking Nginx Config                   |", 
        "-----------------------------------------------------------", 
        "", 
        " nginx -t ", 
        "", 

        "-----------------------------------------------------------", 
        "|                 Stopping Nginx Process                  |", 
        "-----------------------------------------------------------", 
        "", 
        " /usr/bin/killall -9 nginx ", 

        "", 
        "-----------------------------------------------------------", 
        "|                 Clearing Proxy Cache                    |", 
        "-----------------------------------------------------------", 
        "", 

        " /bin/rm -rf /tmp/nginx_cache ", 
        "", 
        "-----------------------------------------------------------", 
        "|                Restarting Nginx Process                 |", 
        "-----------------------------------------------------------", 

        "root     20425  0.0  0.0 106076  1384 ?        S    13:21   0:00 /bin/bash /bak/bin/clear_nginxcache.sh", 
        "root     20478  0.0  0.0 295880  1532 ?        Ss   13:21   0:00 nginx: master process /usr/local/nginx/sbin/nginx", 
        "nobody   20479  1.0  0.7 323016 28920 ?        S    13:21   0:00 nginx: worker process      ", 
        "nobody   20480  1.5  0.7 323016 28920 ?        S    13:21   0:00 nginx: worker process      ", 
        "nobody   20482  1.5  0.7 323016 28920 ?        S    13:21   0:00 nginx: worker process      ", 

        "nobody   20483  3.0  0.7 323016 28920 ?        S    13:21   0:00 nginx: worker process      ", 
        "nobody   20484  1.5  0.7 323016 28920 ?        S    13:21   0:00 nginx: worker process      ", 
        "nobody   20485  1.5  0.7 323016 28920 ?        S    13:21   0:00 nginx: worker process      ", 
        "nobody   20486  3.5  0.7 323016 28920 ?        S    13:21   0:00 nginx: worker process      ", 
        "nobody   20487  1.5  0.7 323016 28920 ?        S    13:21   0:00 nginx: worker process      ", 

        "nobody   20488  0.0  0.0 296052  1936 ?        S    13:21   0:00 nginx: cache manager process", 
        "nobody   20489  0.0  0.0 296052  1896 ?        S    13:21   0:00 nginx: cache loader process", 
        "root     20541  0.0  0.0 103256   844 ?        S    13:21   0:00 grep nginx", 
        "             total       used       free     shared    buffers     cached", 
        "Mem:          3832       3672        159          0        328        723", 

        "-/+ buffers/cache:       2620       1212", 
        "Swap:         4095        267       3828", 
        "-----------------------------------------------------------", 
        "|                     Reload SUCCESS!                     |", 
        "-----------------------------------------------------------"

    ]
}
ok: [47.107.33.107] => {
    "script_result.stdout_lines": [
        "-----------------------------------------------------------", 

        "|                 Checking Nginx Config                   |", 
        "-----------------------------------------------------------", 
        "", 
        " nginx -t ", 
        "", 

        "-----------------------------------------------------------", 
        "|                 Stopping Nginx Process                  |", 
        "-----------------------------------------------------------", 
        "", 
        " /usr/bin/killall -9 nginx ", 

        "", 
        "-----------------------------------------------------------", 
        "|                 Clearing Proxy Cache                    |", 
        "-----------------------------------------------------------", 
        "", 

        " /bin/rm -rf /tmp/nginx_cache ", 
        "", 
        "-----------------------------------------------------------", 
        "|                Restarting Nginx Process                 |", 
        "-----------------------------------------------------------", 

        "root       927  0.0  0.0   9116   716 ?        Ss   Apr15   0:00 /sbin/dhclient -H midpay-nginx6 -1 -q -cf /etc/dhcp/dhclient-eth0.conf -lf /var/lib/dhclient/dhclient-eth0.leases -pf /var/run/dhclient-eth0.pid eth0", 
        "root     29342  0.0  0.0 106080  1412 ?        S    13:21   0:00 /bin/bash /bak/bin/clear_nginxcache.sh", 
        "root     29351  0.0  0.0 295220  1508 ?        Ss   13:21   0:00 nginx: master process /usr/local/nginx/sbin/nginx", 
        "nobody   29352  0.0  0.7 322356 28832 ?        S    13:21   0:00 nginx: worker process      ", 
        "nobody   29354  0.0  0.7 322356 28832 ?        S    13:21   0:00 nginx: worker process      ", 

        "nobody   29355  0.0  0.7 322356 28832 ?        S    13:21   0:00 nginx: worker process      ", 
        "nobody   29356  0.0  0.7 322356 28832 ?        S    13:21   0:00 nginx: worker process      ", 
        "nobody   29357  0.0  0.7 322356 28832 ?        S    13:21   0:00 nginx: worker process      ", 
        "nobody   29358  0.0  0.7 322356 28832 ?        S    13:21   0:00 nginx: worker process      ", 
        "nobody   29359  0.0  0.7 322356 28832 ?        S    13:21   0:00 nginx: worker process      ", 

        "nobody   29360  0.0  0.7 322356 28832 ?        S    13:21   0:00 nginx: worker process      ", 
        "nobody   29361  0.0  0.0 295388  1924 ?        S    13:21   0:00 nginx: cache manager process", 
        "nobody   29362  0.0  0.0 295388  1876 ?        S    13:21   0:00 nginx: cache loader process", 
        "root     29364  0.0  0.0 103324   892 ?        S    13:21   0:00 grep nginx", 
        "             total       used       free     shared    buffers     cached", 

        "Mem:          3961       3831        129          1        157        357", 
        "-/+ buffers/cache:       3316        645", 
        "Swap:            0          0          0", 
        "-----------------------------------------------------------", 
        "|                     Reload SUCCESS!                     |", 

        "-----------------------------------------------------------"
    ]
}

PLAY [127.0.0.1] ***************************************************************


TASK [sync_to_git : Synchronizing Nginx To GIT] ********************************
changed: [127.0.0.1]

TASK [sync_to_git : debug] *****************************************************

ok: [127.0.0.1] => {
    "script_result.stdout_lines": [
        "[master 8472923] quincy", 
        " 2 files changed, 6 insertions(+)", 
        "Branch master set up to track remote branch master from origin."

    ]
}

PLAY [acc-midpay_nginx] ********************************************************


PLAY [127.0.0.1] ***************************************************************

PLAY RECAP *********************************************************************
119.9.108.184              : ok=8    changed=2    unreachable=0    failed=0   
119.9.95.28                : ok=8    changed=2    unreachable=0    failed=0   

127.0.0.1                  : ok=2    changed=1    unreachable=0    failed=0   
172.81.245.93              : ok=8    changed=2    unreachable=0    failed=0   
43.231.184.81              : ok=8    changed=2    unreachable=0    failed=0   
45.192.182.161             : ok=8    changed=2    unreachable=0    failed=0   
47.107.33.107              : ok=8    changed=2    unreachable=0    failed=0   



ESYNC_WORKER1_COMMAND_END
MAX RETRIES EXECUTED, COMMAND NOT RESPONDING