ESYNC_WORKER1_COMMAND_START
 [WARNING]: Invalid characters were found in group names but not replaced, use
-vvvv to see details

PLAY [acc-midpay_nginx] ********************************************************


TASK [Gathering Facts] *********************************************************
ok: [119.9.95.28]
ok: [119.9.108.184]
ok: [43.231.184.81]
ok: [45.192.182.161]


TASK [nginx_sync : Change python interpreter] **********************************
ok: [45.192.182.161]
ok: [119.9.95.28]
ok: [119.9.108.184]

ok: [43.231.184.81]

TASK [nginx_sync : change python interpreter] **********************************
ok: [45.192.182.161]
ok: [119.9.95.28]

ok: [119.9.108.184]
ok: [43.231.184.81]

TASK [nginx_sync : Notify] *****************************************************
ok: [45.192.182.161] => {

    "msg": "Syncing acc-midpay_nginx"
}
ok: [119.9.95.28] => {
    "msg": "Syncing acc-midpay_nginx"
}

ok: [119.9.108.184] => {
    "msg": "Syncing acc-midpay_nginx"
}
ok: [43.231.184.81] => {
    "msg": "Syncing acc-midpay_nginx"

}

TASK [nginx_sync : include_vars] ***********************************************
ok: [45.192.182.161]
ok: [119.9.95.28]

ok: [119.9.108.184]
ok: [43.231.184.81]

TASK [nginx_sync : Synchronizing Nginx] ****************************************
changed: [119.9.108.184] => (item=conf)

changed: [119.9.95.28] => (item=conf)
changed: [43.231.184.81] => (item=conf)
changed: [45.192.182.161] => (item=conf)
changed: [119.9.95.28] => (item=conf.d)
changed: [43.231.184.81] => (item=conf.d)

changed: [119.9.108.184] => (item=conf.d)
changed: [45.192.182.161] => (item=conf.d)
ok: [119.9.95.28] => (item=data)
ok: [119.9.108.184] => (item=data)
ok: [43.231.184.81] => (item=data)

ok: [45.192.182.161] => (item=data)
ok: [119.9.95.28] => (item=html)
ok: [119.9.108.184] => (item=html)
ok: [43.231.184.81] => (item=html)
ok: [45.192.182.161] => (item=html)


TASK [all_servers : include_vars] **********************************************
ok: [45.192.182.161]
ok: [119.9.95.28]
ok: [119.9.108.184]

ok: [43.231.184.81]

TASK [all_servers : Notify] ****************************************************
ok: [45.192.182.161] => {
    "msg": "Clearing Nginx Cache for acc-midpay_nginx"

}
ok: [119.9.95.28] => {
    "msg": "Clearing Nginx Cache for acc-midpay_nginx"
}
ok: [119.9.108.184] => {

    "msg": "Clearing Nginx Cache for acc-midpay_nginx"
}
ok: [43.231.184.81] => {
    "msg": "Clearing Nginx Cache for acc-midpay_nginx"
}


TASK [all_servers : Copying clear_nginxcache.sh to remote hosts] ***************
ok: [43.231.184.81]
ok: [119.9.95.28]
ok: [119.9.108.184]

ok: [45.192.182.161]

TASK [all_servers : Nginx Clear Cache] *****************************************
changed: [119.9.108.184]
changed: [119.9.95.28]

changed: [43.231.184.81]
changed: [45.192.182.161]

TASK [all_servers : debug] *****************************************************
ok: [45.192.182.161] => {

    "script_result.stdout_lines": [
        "-----------------------------------------------------------", 
        "|                 Checking Nginx Config                   |", 
        "-----------------------------------------------------------", 
        "", 

        " nginx -t ", 
        "", 
        "-----------------------------------------------------------", 
        "|                 Stopping Nginx Process                  |", 
        "-----------------------------------------------------------", 

        "", 
        " /usr/bin/killall -9 nginx ", 
        "", 
        "-----------------------------------------------------------", 
        "|                 Clearing Proxy Cache                    |", 

        "-----------------------------------------------------------", 
        "", 
        " /bin/rm -rf /tmp/nginx_cache ", 
        "", 
        "-----------------------------------------------------------", 

        "|                Restarting Nginx Process                 |", 
        "-----------------------------------------------------------", 
        "root     16119  0.0  0.0 106076  1388 ?        S    15:27   0:00 /bin/bash /bak/bin/clear_nginxcache.sh", 
        "root     16138  0.0  0.0 295864  1524 ?        Ss   15:27   0:00 nginx: master process /usr/local/nginx/sbin/nginx", 
        "nobody   16139  0.3  0.7 323000 28836 ?        S    15:27   0:00 nginx: worker process      ", 

        "nobody   16140  0.3  0.7 323000 28836 ?        S    15:27   0:00 nginx: worker process      ", 
        "nobody   16142  0.3  0.7 323000 28836 ?        S    15:27   0:00 nginx: worker process      ", 
        "nobody   16143  0.3  0.7 323000 28836 ?        S    15:27   0:00 nginx: worker process      ", 
        "nobody   16144  0.6  0.7 323000 28836 ?        S    15:27   0:00 nginx: worker process      ", 
        "nobody   16145  0.3  0.7 323000 28836 ?        S    15:27   0:00 nginx: worker process      ", 

        "nobody   16146  1.0  0.7 323000 28836 ?        S    15:27   0:00 nginx: worker process      ", 
        "nobody   16147  1.0  0.7 323000 28836 ?        S    15:27   0:00 nginx: worker process      ", 
        "nobody   16148  0.0  0.0 296036  1928 ?        S    15:27   0:00 nginx: cache manager process", 
        "nobody   16149  0.0  0.0 296036  1884 ?        S    15:27   0:00 nginx: cache loader process", 
        "root     16151  0.0  0.0 103256   844 ?        S    15:27   0:00 grep nginx", 

        "             total       used       free     shared    buffers     cached", 
        "Mem:          3832       3664        168          0        354       2389", 
        "-/+ buffers/cache:        919       2912", 
        "Swap:         4095         94       4001", 
        "-----------------------------------------------------------", 

        "|                     Reload SUCCESS!                     |", 
        "-----------------------------------------------------------"
    ]
}
ok: [119.9.95.28] => {

    "script_result.stdout_lines": [
        "-----------------------------------------------------------", 
        "|                 Checking Nginx Config                   |", 
        "-----------------------------------------------------------", 
        "", 

        " nginx -t ", 
        "", 
        "-----------------------------------------------------------", 
        "|                 Stopping Nginx Process                  |", 
        "-----------------------------------------------------------", 

        "", 
        " /usr/bin/killall -9 nginx ", 
        "", 
        "-----------------------------------------------------------", 
        "|                 Clearing Proxy Cache                    |", 

        "-----------------------------------------------------------", 
        "", 
        " /bin/rm -rf /tmp/nginx_cache ", 
        "", 
        "-----------------------------------------------------------", 

        "|                Restarting Nginx Process                 |", 
        "-----------------------------------------------------------", 
        "root     14434  0.0  0.0 106084  1412 ?        S    15:26   0:00 /bin/bash /bak/bin/clear_nginxcache.sh", 
        "root     14440  0.0  0.0 292940  1496 ?        Ss   15:26   0:00 nginx: master process /usr/local/nginx/sbin/nginx", 
        "nobody   14441  0.5  1.4 320076 28908 ?        S    15:26   0:00 nginx: worker process      ", 

        "nobody   14443  0.0  1.4 320896 29216 ?        S    15:26   0:00 nginx: worker process      ", 
        "nobody   14444  0.0  1.4 320128 29240 ?        S    15:26   0:00 nginx: worker process      ", 
        "nobody   14445  0.0  1.4 320640 29128 ?        S    15:26   0:00 nginx: worker process      ", 
        "nobody   14446  0.0  1.4 320076 28824 ?        S    15:26   0:00 nginx: worker process      ", 
        "nobody   14447  0.5  1.4 320128 29244 ?        S    15:26   0:00 nginx: worker process      ", 

        "nobody   14448  0.0  1.4 320640 29188 ?        S    15:26   0:00 nginx: worker process      ", 
        "nobody   14449  0.0  1.4 320128 29208 ?        S    15:26   0:00 nginx: worker process      ", 
        "nobody   14450  0.0  0.0 293108  1916 ?        S    15:26   0:00 nginx: cache manager process", 
        "nobody   14451  0.0  0.0 293108  1872 ?        S    15:26   0:00 nginx: cache loader process", 
        "root     14453  0.0  0.0 103324   888 ?        S    15:26   0:00 grep nginx", 

        "             total       used       free     shared    buffers     cached", 
        "Mem:          2000       1879        121          2        291       1177", 
        "-/+ buffers/cache:        409       1591", 
        "Swap:            0          0          0", 
        "-----------------------------------------------------------", 

        "|                     Reload SUCCESS!                     |", 
        "-----------------------------------------------------------"
    ]
}
ok: [119.9.108.184] => {

    "script_result.stdout_lines": [
        "-----------------------------------------------------------", 
        "|                 Checking Nginx Config                   |", 
        "-----------------------------------------------------------", 
        "", 

        " nginx -t ", 
        "", 
        "-----------------------------------------------------------", 
        "|                 Stopping Nginx Process                  |", 
        "-----------------------------------------------------------", 

        "", 
        " /usr/bin/killall -9 nginx ", 
        "", 
        "-----------------------------------------------------------", 
        "|                 Clearing Proxy Cache                    |", 

        "-----------------------------------------------------------", 
        "", 
        " /bin/rm -rf /tmp/nginx_cache ", 
        "", 
        "-----------------------------------------------------------", 

        "|                Restarting Nginx Process                 |", 
        "-----------------------------------------------------------", 
        "root       360  0.0  0.0 106084  1412 ?        S    15:26   0:00 /bin/bash /bak/bin/clear_nginxcache.sh", 
        "root       366  0.0  0.0 293116  1484 ?        Ss   15:26   0:00 nginx: master process /usr/local/nginx/sbin/nginx", 
        "nobody     367  0.3  0.7 324408 30172 ?        S    15:26   0:00 nginx: worker process      ", 

        "nobody     369  0.3  0.7 320304 29288 ?        S    15:26   0:00 nginx: worker process      ", 
        "nobody     370  0.3  0.7 324928 30284 ?        S    15:26   0:00 nginx: worker process      ", 
        "nobody     371  0.3  0.7 321328 29548 ?        S    15:26   0:00 nginx: worker process      ", 
        "nobody     372  0.3  0.7 320816 29296 ?        S    15:26   0:00 nginx: worker process      ", 
        "nobody     373  0.3  0.7 320304 29288 ?        S    15:26   0:00 nginx: worker process      ", 

        "nobody     374  0.0  0.7 320304 29352 ?        S    15:26   0:00 nginx: worker process      ", 
        "nobody     375  0.3  0.7 320304 29300 ?        S    15:26   0:00 nginx: worker process      ", 
        "nobody     376  0.0  0.0 293284  1980 ?        S    15:26   0:00 nginx: cache manager process", 
        "nobody     377  0.0  0.0 293284  1860 ?        S    15:26   0:00 nginx: cache loader process", 
        "root       379  0.0  0.0 103324   884 ?        S    15:26   0:00 grep nginx", 

        "             total       used       free     shared    buffers     cached", 
        "Mem:          3954       3657        296          2        351       2713", 
        "-/+ buffers/cache:        592       3361", 
        "Swap:            0          0          0", 
        "-----------------------------------------------------------", 

        "|                     Reload SUCCESS!                     |", 
        "-----------------------------------------------------------"
    ]
}
ok: [43.231.184.81] => {

    "script_result.stdout_lines": [
        "-----------------------------------------------------------", 
        "|                 Checking Nginx Config                   |", 
        "-----------------------------------------------------------", 
        "", 

        " nginx -t ", 
        "", 
        "-----------------------------------------------------------", 
        "|                 Stopping Nginx Process                  |", 
        "-----------------------------------------------------------", 

        "", 
        " /usr/bin/killall -9 nginx ", 
        "", 
        "-----------------------------------------------------------", 
        "|                 Clearing Proxy Cache                    |", 

        "-----------------------------------------------------------", 
        "", 
        " /bin/rm -rf /tmp/nginx_cache ", 
        "", 
        "-----------------------------------------------------------", 

        "|                Restarting Nginx Process                 |", 
        "-----------------------------------------------------------", 
        "root      6911  0.0  0.0 106076  1388 ?        S    15:26   0:00 /bin/bash /bak/bin/clear_nginxcache.sh", 
        "root      6926  0.0  0.0 295896  1544 ?        Ss   15:26   0:00 nginx: master process /usr/local/nginx/sbin/nginx", 
        "nobody    6927  3.0  0.7 323032 28856 ?        S    15:26   0:00 nginx: worker process      ", 

        "nobody    6929  1.0  0.7 323032 28856 ?        S    15:26   0:00 nginx: worker process      ", 
        "nobody    6930  1.0  0.7 323032 28856 ?        S    15:26   0:00 nginx: worker process      ", 
        "nobody    6931  2.0  0.7 323032 28856 ?        S    15:26   0:00 nginx: worker process      ", 
        "nobody    6932  1.5  0.7 323032 28856 ?        S    15:26   0:00 nginx: worker process      ", 
        "nobody    6933  3.0  0.7 323032 28856 ?        S    15:26   0:00 nginx: worker process      ", 

        "nobody    6934  1.0  0.7 323032 28856 ?        S    15:26   0:00 nginx: worker process      ", 
        "nobody    6935  1.5  0.7 323032 28856 ?        S    15:26   0:00 nginx: worker process      ", 
        "nobody    6936  0.0  0.0 296068  1948 ?        S    15:26   0:00 nginx: cache manager process", 
        "nobody    6937  0.0  0.0 296068  1908 ?        S    15:26   0:00 nginx: cache loader process", 
        "root      6939  0.0  0.0 103256   844 ?        S    15:26   0:00 grep nginx", 

        "             total       used       free     shared    buffers     cached", 
        "Mem:          3832       3291        541          0        361       1739", 
        "-/+ buffers/cache:       1189       2642", 
        "Swap:         4095        364       3731", 
        "-----------------------------------------------------------", 

        "|                     Reload SUCCESS!                     |", 
        "-----------------------------------------------------------"
    ]
}


PLAY [127.0.0.1] ***************************************************************

TASK [sync_to_git : Synchronizing Nginx To GIT] ********************************
changed: [127.0.0.1]


TASK [sync_to_git : debug] *****************************************************
ok: [127.0.0.1] => {
    "msg": " [u'[master 12b89b9] quincy', u' 2 files changed, 5 insertions(+)', u'Branch master set up to track remote branch master from origin.']"
}


PLAY [acc-midpay_nginx] ********************************************************

PLAY [127.0.0.1] ***************************************************************

PLAY RECAP *********************************************************************

119.9.108.184              : ok=11   changed=2    unreachable=0    failed=0    skipped=0    rescued=0    ignored=0   
119.9.95.28                : ok=11   changed=2    unreachable=0    failed=0    skipped=0    rescued=0    ignored=0   
127.0.0.1                  : ok=2    changed=1    unreachable=0    failed=0    skipped=0    rescued=0    ignored=0   
43.231.184.81              : ok=11   changed=2    unreachable=0    failed=0    skipped=0    rescued=0    ignored=0   
45.192.182.161             : ok=11   changed=2    unreachable=0    failed=0    skipped=0    rescued=0    ignored=0   



ESYNC_WORKER1_COMMAND_END
MAX RETRIES EXECUTED, COMMAND NOT RESPONDING