ESYNC_WORKER1_COMMAND_START
 [WARNING]: Invalid characters were found in group names but not replaced, use
-vvvv to see details

PLAY [acc-midpay_nginx] ********************************************************


TASK [Gathering Facts] *********************************************************
ok: [43.231.184.81]
ok: [119.9.95.28]
ok: [119.9.108.184]
ok: [45.192.182.161]


TASK [nginx_sync : Change python interpreter] **********************************
ok: [45.192.182.161]
ok: [119.9.95.28]
ok: [119.9.108.184]

ok: [43.231.184.81]

TASK [nginx_sync : change python interpreter] **********************************
ok: [45.192.182.161]
ok: [119.9.95.28]

ok: [119.9.108.184]
ok: [43.231.184.81]

TASK [nginx_sync : Notify] *****************************************************
ok: [45.192.182.161] => {

    "msg": "Syncing acc-midpay_nginx"
}
ok: [119.9.95.28] => {
    "msg": "Syncing acc-midpay_nginx"
}

ok: [119.9.108.184] => {
    "msg": "Syncing acc-midpay_nginx"
}
ok: [43.231.184.81] => {
    "msg": "Syncing acc-midpay_nginx"

}

TASK [nginx_sync : include_vars] ***********************************************
ok: [45.192.182.161]
ok: [119.9.95.28]

ok: [119.9.108.184]
ok: [43.231.184.81]

TASK [nginx_sync : Synchronizing Nginx] ****************************************
changed: [119.9.95.28] => (item=conf)

changed: [119.9.108.184] => (item=conf)
changed: [43.231.184.81] => (item=conf)
changed: [45.192.182.161] => (item=conf)
changed: [119.9.95.28] => (item=conf.d)
changed: [119.9.108.184] => (item=conf.d)

changed: [43.231.184.81] => (item=conf.d)
changed: [45.192.182.161] => (item=conf.d)
ok: [119.9.95.28] => (item=data)
ok: [119.9.108.184] => (item=data)
ok: [43.231.184.81] => (item=data)

ok: [45.192.182.161] => (item=data)
ok: [119.9.95.28] => (item=html)
ok: [119.9.108.184] => (item=html)
ok: [43.231.184.81] => (item=html)
ok: [45.192.182.161] => (item=html)


TASK [all_servers : include_vars] **********************************************
ok: [45.192.182.161]
ok: [119.9.95.28]
ok: [119.9.108.184]

ok: [43.231.184.81]

TASK [all_servers : Notify] ****************************************************
ok: [45.192.182.161] => {
    "msg": "Clearing Nginx Cache for acc-midpay_nginx"

}
ok: [119.9.95.28] => {
    "msg": "Clearing Nginx Cache for acc-midpay_nginx"
}
ok: [119.9.108.184] => {

    "msg": "Clearing Nginx Cache for acc-midpay_nginx"
}
ok: [43.231.184.81] => {
    "msg": "Clearing Nginx Cache for acc-midpay_nginx"
}


TASK [all_servers : Copying clear_nginxcache.sh to remote hosts] ***************
ok: [119.9.108.184]
ok: [43.231.184.81]
ok: [119.9.95.28]

ok: [45.192.182.161]

TASK [all_servers : Nginx Clear Cache] *****************************************
changed: [43.231.184.81]
changed: [119.9.108.184]

changed: [45.192.182.161]
changed: [119.9.95.28]

TASK [all_servers : debug] *****************************************************
ok: [45.192.182.161] => {

    "script_result.stdout_lines": [
        "-----------------------------------------------------------", 
        "|                 Checking Nginx Config                   |", 
        "-----------------------------------------------------------", 
        "", 

        " nginx -t ", 
        "", 
        "-----------------------------------------------------------", 
        "|                 Stopping Nginx Process                  |", 
        "-----------------------------------------------------------", 

        "", 
        " /usr/bin/killall -9 nginx ", 
        "", 
        "-----------------------------------------------------------", 
        "|                 Clearing Proxy Cache                    |", 

        "-----------------------------------------------------------", 
        "", 
        " /bin/rm -rf /tmp/nginx_cache ", 
        "", 
        "-----------------------------------------------------------", 

        "|                Restarting Nginx Process                 |", 
        "-----------------------------------------------------------", 
        "root      9875  0.0  0.0 106076  1384 ?        S    11:59   0:00 /bin/bash /bak/bin/clear_nginxcache.sh", 
        "root      9894  0.0  0.0 295864  1528 ?        Ss   11:59   0:00 nginx: master process /usr/local/nginx/sbin/nginx", 
        "nobody    9895  0.3  0.7 323000 28840 ?        S    11:59   0:00 nginx: worker process      ", 

        "nobody    9896  2.3  0.7 323000 28840 ?        S    11:59   0:00 nginx: worker process      ", 
        "nobody    9898  0.3  0.7 323000 28840 ?        S    11:59   0:00 nginx: worker process      ", 
        "nobody    9899  0.3  0.7 323000 28840 ?        S    11:59   0:00 nginx: worker process      ", 
        "nobody    9900  2.0  0.7 323000 28840 ?        S    11:59   0:00 nginx: worker process      ", 
        "nobody    9901  0.3  0.7 323000 28840 ?        S    11:59   0:00 nginx: worker process      ", 

        "nobody    9902  0.0  0.7 323000 28840 ?        S    11:59   0:00 nginx: worker process      ", 
        "nobody    9903  0.3  0.7 323000 28840 ?        S    11:59   0:00 nginx: worker process      ", 
        "nobody    9904  0.0  0.0 296036  1932 ?        S    11:59   0:00 nginx: cache manager process", 
        "nobody    9905  0.0  0.0 296036  1888 ?        S    11:59   0:00 nginx: cache loader process", 
        "root      9907  0.0  0.0 103256   844 ?        S    11:59   0:00 grep nginx", 

        "             total       used       free     shared    buffers     cached", 
        "Mem:          3832       3637        195          0        345       2430", 
        "-/+ buffers/cache:        861       2970", 
        "Swap:         4095         86       4009", 
        "-----------------------------------------------------------", 

        "|                     Reload SUCCESS!                     |", 
        "-----------------------------------------------------------"
    ]
}
ok: [119.9.95.28] => {

    "script_result.stdout_lines": [
        "-----------------------------------------------------------", 
        "|                 Checking Nginx Config                   |", 
        "-----------------------------------------------------------", 
        "", 

        " nginx -t ", 
        "", 
        "-----------------------------------------------------------", 
        "|                 Stopping Nginx Process                  |", 
        "-----------------------------------------------------------", 

        "", 
        " /usr/bin/killall -9 nginx ", 
        "", 
        "-----------------------------------------------------------", 
        "|                 Clearing Proxy Cache                    |", 

        "-----------------------------------------------------------", 
        "", 
        " /bin/rm -rf /tmp/nginx_cache ", 
        "", 
        "-----------------------------------------------------------", 

        "|                Restarting Nginx Process                 |", 
        "-----------------------------------------------------------", 
        "root      2973  0.0  0.0 106084  1412 ?        S    11:59   0:00 /bin/bash /bak/bin/clear_nginxcache.sh", 
        "root      2979  0.0  0.0 292940  1496 ?        Ss   11:59   0:00 nginx: master process /usr/local/nginx/sbin/nginx", 
        "nobody    2980  0.0  1.4 320128 29180 ?        S    11:59   0:00 nginx: worker process      ", 

        "nobody    2981  0.0  1.4 320128 29344 ?        S    11:59   0:00 nginx: worker process      ", 
        "nobody    2983  0.0  1.4 320128 29288 ?        S    11:59   0:00 nginx: worker process      ", 
        "nobody    2984  0.0  1.4 320128 29180 ?        S    11:59   0:00 nginx: worker process      ", 
        "nobody    2985  0.5  1.4 320128 29348 ?        S    11:59   0:00 nginx: worker process      ", 
        "nobody    2986  0.5  1.4 320640 29296 ?        S    11:59   0:00 nginx: worker process      ", 

        "nobody    2987  0.0  1.4 320640 29188 ?        S    11:59   0:00 nginx: worker process      ", 
        "nobody    2988  0.0  1.4 320076 28896 ?        S    11:59   0:00 nginx: worker process      ", 
        "nobody    2989  0.0  0.0 293108  1988 ?        S    11:59   0:00 nginx: cache manager process", 
        "nobody    2990  0.0  0.0 293108  1872 ?        S    11:59   0:00 nginx: cache loader process", 
        "root      2996  0.0  0.0 103324   884 ?        S    11:59   0:00 grep nginx", 

        "             total       used       free     shared    buffers     cached", 
        "Mem:          2000       1880        120          2        272       1190", 
        "-/+ buffers/cache:        417       1583", 
        "Swap:            0          0          0", 
        "-----------------------------------------------------------", 

        "|                     Reload SUCCESS!                     |", 
        "-----------------------------------------------------------"
    ]
}
ok: [119.9.108.184] => {

    "script_result.stdout_lines": [
        "-----------------------------------------------------------", 
        "|                 Checking Nginx Config                   |", 
        "-----------------------------------------------------------", 
        "", 

        " nginx -t ", 
        "", 
        "-----------------------------------------------------------", 
        "|                 Stopping Nginx Process                  |", 
        "-----------------------------------------------------------", 

        "", 
        " /usr/bin/killall -9 nginx ", 
        "", 
        "-----------------------------------------------------------", 
        "|                 Clearing Proxy Cache                    |", 

        "-----------------------------------------------------------", 
        "", 
        " /bin/rm -rf /tmp/nginx_cache ", 
        "", 
        "-----------------------------------------------------------", 

        "|                Restarting Nginx Process                 |", 
        "-----------------------------------------------------------", 
        "root      9562  0.0  0.0 106084  1412 ?        S    11:59   0:00 /bin/bash /bak/bin/clear_nginxcache.sh", 
        "root      9568  0.0  0.0 293116  1484 ?        Ss   11:59   0:00 nginx: master process /usr/local/nginx/sbin/nginx", 
        "nobody    9569  0.0  0.7 320304 29292 ?        S    11:59   0:00 nginx: worker process      ", 

        "nobody    9571  0.3  0.7 320252 28888 ?        S    11:59   0:00 nginx: worker process      ", 
        "nobody    9572  0.3  0.7 320252 28888 ?        S    11:59   0:00 nginx: worker process      ", 
        "nobody    9573  0.0  0.7 320252 28888 ?        S    11:59   0:00 nginx: worker process      ", 
        "nobody    9574  0.0  0.7 320252 28900 ?        S    11:59   0:00 nginx: worker process      ", 
        "nobody    9575  0.0  0.7 320816 29192 ?        S    11:59   0:00 nginx: worker process      ", 

        "nobody    9576  0.0  0.7 320304 29288 ?        S    11:59   0:00 nginx: worker process      ", 
        "nobody    9577  0.0  0.7 320252 28888 ?        S    11:59   0:00 nginx: worker process      ", 
        "nobody    9578  0.0  0.0 293284  1980 ?        S    11:59   0:00 nginx: cache manager process", 
        "nobody    9579  0.0  0.0 293284  1860 ?        S    11:59   0:00 nginx: cache loader process", 
        "root      9581  0.0  0.0 103324   880 ?        R    11:59   0:00 grep nginx", 

        "             total       used       free     shared    buffers     cached", 
        "Mem:          3954       3750        204          2        336       2814", 
        "-/+ buffers/cache:        598       3355", 
        "Swap:            0          0          0", 
        "-----------------------------------------------------------", 

        "|                     Reload SUCCESS!                     |", 
        "-----------------------------------------------------------"
    ]
}
ok: [43.231.184.81] => {

    "script_result.stdout_lines": [
        "-----------------------------------------------------------", 
        "|                 Checking Nginx Config                   |", 
        "-----------------------------------------------------------", 
        "", 

        " nginx -t ", 
        "", 
        "-----------------------------------------------------------", 
        "|                 Stopping Nginx Process                  |", 
        "-----------------------------------------------------------", 

        "", 
        " /usr/bin/killall -9 nginx ", 
        "", 
        "-----------------------------------------------------------", 
        "|                 Clearing Proxy Cache                    |", 

        "-----------------------------------------------------------", 
        "", 
        " /bin/rm -rf /tmp/nginx_cache ", 
        "", 
        "-----------------------------------------------------------", 

        "|                Restarting Nginx Process                 |", 
        "-----------------------------------------------------------", 
        "root     30452  0.0  0.0 106076  1384 ?        S    11:59   0:00 /bin/bash /bak/bin/clear_nginxcache.sh", 
        "root     30467  0.0  0.0 295896  1544 ?        Ss   11:59   0:00 nginx: master process /usr/local/nginx/sbin/nginx", 
        "nobody   30468  1.0  0.7 323032 28944 ?        S    11:59   0:00 nginx: worker process      ", 

        "nobody   30469  2.0  0.7 323032 28944 ?        S    11:59   0:00 nginx: worker process      ", 
        "nobody   30470  2.0  0.7 323032 28932 ?        S    11:59   0:00 nginx: worker process      ", 
        "nobody   30472  1.5  0.7 323088 29328 ?        S    11:59   0:00 nginx: worker process      ", 
        "nobody   30473  1.5  0.7 323032 28944 ?        S    11:59   0:00 nginx: worker process      ", 
        "nobody   30474  2.0  0.7 323032 28932 ?        S    11:59   0:00 nginx: worker process      ", 

        "nobody   30475  1.0  0.7 323088 29328 ?        S    11:59   0:00 nginx: worker process      ", 
        "nobody   30476  2.0  0.7 323032 28944 ?        S    11:59   0:00 nginx: worker process      ", 
        "nobody   30477  0.0  0.0 296068  1948 ?        S    11:59   0:00 nginx: cache manager process", 
        "nobody   30478  0.0  0.0 296068  1908 ?        S    11:59   0:00 nginx: cache loader process", 
        "root     30480  0.0  0.0 103260   848 ?        S    11:59   0:00 grep nginx", 

        "             total       used       free     shared    buffers     cached", 
        "Mem:          3832       3537        294          0        357       2058", 
        "-/+ buffers/cache:       1121       2711", 
        "Swap:         4095        360       3735", 
        "-----------------------------------------------------------", 

        "|                     Reload SUCCESS!                     |", 
        "-----------------------------------------------------------"
    ]
}


PLAY [127.0.0.1] ***************************************************************

TASK [sync_to_git : Synchronizing Nginx To GIT] ********************************
changed: [127.0.0.1]


TASK [sync_to_git : debug] *****************************************************
ok: [127.0.0.1] => {
    "msg": " [u'[master bf395de] quincy', u' 2 files changed, 5 insertions(+)', u'Branch master set up to track remote branch master from origin.']"
}


PLAY [acc-midpay_nginx] ********************************************************

PLAY [127.0.0.1] ***************************************************************

PLAY RECAP *********************************************************************

119.9.108.184              : ok=11   changed=2    unreachable=0    failed=0    skipped=0    rescued=0    ignored=0   
119.9.95.28                : ok=11   changed=2    unreachable=0    failed=0    skipped=0    rescued=0    ignored=0   
127.0.0.1                  : ok=2    changed=1    unreachable=0    failed=0    skipped=0    rescued=0    ignored=0   
43.231.184.81              : ok=11   changed=2    unreachable=0    failed=0    skipped=0    rescued=0    ignored=0   
45.192.182.161             : ok=11   changed=2    unreachable=0    failed=0    skipped=0    rescued=0    ignored=0   



ESYNC_WORKER1_COMMAND_END
MAX RETRIES EXECUTED, COMMAND NOT RESPONDING