ESYNC_WORKER1_COMMAND_START
 [WARNING]: Invalid characters were found in group names but not replaced, use
-vvvv to see details

PLAY [acc-midpay_nginx] ********************************************************


TASK [Gathering Facts] *********************************************************
ok: [119.9.108.184]
ok: [119.9.95.28]
ok: [43.231.184.81]
ok: [45.192.182.161]


TASK [nginx_sync : Change python interpreter] **********************************
ok: [45.192.182.161]
ok: [119.9.95.28]
ok: [119.9.108.184]

ok: [43.231.184.81]

TASK [nginx_sync : change python interpreter] **********************************
ok: [45.192.182.161]
ok: [119.9.95.28]

ok: [119.9.108.184]
ok: [43.231.184.81]

TASK [nginx_sync : Notify] *****************************************************
ok: [45.192.182.161] => {

    "msg": "Syncing acc-midpay_nginx"
}
ok: [119.9.95.28] => {
    "msg": "Syncing acc-midpay_nginx"
}

ok: [119.9.108.184] => {
    "msg": "Syncing acc-midpay_nginx"
}
ok: [43.231.184.81] => {
    "msg": "Syncing acc-midpay_nginx"

}

TASK [nginx_sync : include_vars] ***********************************************
ok: [45.192.182.161]
ok: [119.9.95.28]

ok: [119.9.108.184]
ok: [43.231.184.81]

TASK [nginx_sync : Synchronizing Nginx] ****************************************
changed: [119.9.108.184] => (item=conf)

changed: [119.9.95.28] => (item=conf)
changed: [43.231.184.81] => (item=conf)
changed: [45.192.182.161] => (item=conf)
changed: [119.9.108.184] => (item=conf.d)
changed: [43.231.184.81] => (item=conf.d)

changed: [119.9.95.28] => (item=conf.d)
ok: [119.9.108.184] => (item=data)
ok: [43.231.184.81] => (item=data)
changed: [45.192.182.161] => (item=conf.d)
ok: [119.9.108.184] => (item=html)

ok: [119.9.95.28] => (item=data)
ok: [43.231.184.81] => (item=html)
ok: [45.192.182.161] => (item=data)
ok: [119.9.95.28] => (item=html)
ok: [45.192.182.161] => (item=html)


TASK [all_servers : include_vars] **********************************************
ok: [45.192.182.161]
ok: [119.9.95.28]
ok: [119.9.108.184]

ok: [43.231.184.81]

TASK [all_servers : Notify] ****************************************************
ok: [45.192.182.161] => {
    "msg": "Clearing Nginx Cache for acc-midpay_nginx"

}
ok: [119.9.95.28] => {
    "msg": "Clearing Nginx Cache for acc-midpay_nginx"
}
ok: [119.9.108.184] => {

    "msg": "Clearing Nginx Cache for acc-midpay_nginx"
}
ok: [43.231.184.81] => {
    "msg": "Clearing Nginx Cache for acc-midpay_nginx"
}


TASK [all_servers : Copying clear_nginxcache.sh to remote hosts] ***************
ok: [119.9.95.28]
ok: [119.9.108.184]
ok: [43.231.184.81]

ok: [45.192.182.161]

TASK [all_servers : Nginx Clear Cache] *****************************************
changed: [45.192.182.161]
changed: [119.9.108.184]

changed: [43.231.184.81]
changed: [119.9.95.28]

TASK [all_servers : debug] *****************************************************
ok: [45.192.182.161] => {

    "script_result.stdout_lines": [
        "-----------------------------------------------------------", 
        "|                 Checking Nginx Config                   |", 
        "-----------------------------------------------------------", 
        "", 

        " nginx -t ", 
        "", 
        "-----------------------------------------------------------", 
        "|                 Stopping Nginx Process                  |", 
        "-----------------------------------------------------------", 

        "", 
        " /usr/bin/killall -9 nginx ", 
        "", 
        "-----------------------------------------------------------", 
        "|                 Clearing Proxy Cache                    |", 

        "-----------------------------------------------------------", 
        "", 
        " /bin/rm -rf /tmp/nginx_cache ", 
        "", 
        "-----------------------------------------------------------", 

        "|                Restarting Nginx Process                 |", 
        "-----------------------------------------------------------", 
        "root      4600  0.0  0.0 106076  1384 ?        S    09:33   0:00 /bin/bash /bak/bin/clear_nginxcache.sh", 
        "root      4619  0.0  0.0 295864  1532 ?        Ss   09:33   0:00 nginx: master process /usr/local/nginx/sbin/nginx", 
        "nobody    4620  0.0  0.7 323000 28844 ?        S    09:33   0:00 nginx: worker process      ", 

        "nobody    4622  0.0  0.7 323000 28844 ?        S    09:33   0:00 nginx: worker process      ", 
        "nobody    4623  0.0  0.7 323000 28844 ?        S    09:33   0:00 nginx: worker process      ", 
        "nobody    4624  0.0  0.7 323000 28844 ?        S    09:33   0:00 nginx: worker process      ", 
        "nobody    4625  0.0  0.7 323000 28844 ?        S    09:33   0:00 nginx: worker process      ", 
        "nobody    4626  0.0  0.7 323000 28844 ?        S    09:33   0:00 nginx: worker process      ", 

        "nobody    4627  0.0  0.7 323000 28844 ?        S    09:33   0:00 nginx: worker process      ", 
        "nobody    4628  0.3  0.7 323000 28844 ?        S    09:33   0:00 nginx: worker process      ", 
        "nobody    4629  0.0  0.0 296036  1936 ?        S    09:33   0:00 nginx: cache manager process", 
        "nobody    4630  0.0  0.0 296036  1892 ?        S    09:33   0:00 nginx: cache loader process", 
        "root      4636  0.0  0.0 103256   836 ?        R    09:33   0:00 grep nginx", 

        "             total       used       free     shared    buffers     cached", 
        "Mem:          3832       3629        202          0        329       1842", 
        "-/+ buffers/cache:       1458       2374", 
        "Swap:         4095         63       4032", 
        "-----------------------------------------------------------", 

        "|                     Reload SUCCESS!                     |", 
        "-----------------------------------------------------------"
    ]
}
ok: [119.9.95.28] => {

    "script_result.stdout_lines": [
        "-----------------------------------------------------------", 
        "|                 Checking Nginx Config                   |", 
        "-----------------------------------------------------------", 
        "", 

        " nginx -t ", 
        "", 
        "-----------------------------------------------------------", 
        "|                 Stopping Nginx Process                  |", 
        "-----------------------------------------------------------", 

        "", 
        " /usr/bin/killall -9 nginx ", 
        "", 
        "-----------------------------------------------------------", 
        "|                 Clearing Proxy Cache                    |", 

        "-----------------------------------------------------------", 
        "", 
        " /bin/rm -rf /tmp/nginx_cache ", 
        "", 
        "-----------------------------------------------------------", 

        "|                Restarting Nginx Process                 |", 
        "-----------------------------------------------------------", 
        "root      5661  0.0  0.2 139284  5336 pts/0    S+   09:30   0:00 vim /usr/local/nginx/conf.d/other/others.conf", 
        "root      5991  0.0  0.0 106084  1412 ?        S    09:32   0:00 /bin/bash /bak/bin/clear_nginxcache.sh", 
        "root      6005  0.0  0.0 292940  1492 ?        Ss   09:33   0:00 nginx: master process /usr/local/nginx/sbin/nginx", 

        "nobody    6006  0.0  1.4 320076 28892 ?        S    09:33   0:00 nginx: worker process      ", 
        "nobody    6008  0.0  1.4 320640 29116 ?        S    09:33   0:00 nginx: worker process      ", 
        "nobody    6009  0.0  1.4 320076 28892 ?        S    09:33   0:00 nginx: worker process      ", 
        "nobody    6010  0.0  1.4 320076 28892 ?        S    09:33   0:00 nginx: worker process      ", 
        "nobody    6011  0.0  1.4 320076 28904 ?        S    09:33   0:00 nginx: worker process      ", 

        "nobody    6012  0.0  1.4 320076 28892 ?        S    09:33   0:00 nginx: worker process      ", 
        "nobody    6013  0.0  1.4 320076 28892 ?        S    09:33   0:00 nginx: worker process      ", 
        "nobody    6014  0.0  1.4 320640 29180 ?        S    09:33   0:00 nginx: worker process      ", 
        "nobody    6015  0.0  0.0 293108  1984 ?        S    09:33   0:00 nginx: cache manager process", 
        "nobody    6016  0.0  0.0 293108  1868 ?        S    09:33   0:00 nginx: cache loader process", 

        "root      6018  0.0  0.0 103328   892 ?        S    09:33   0:00 grep nginx", 
        "             total       used       free     shared    buffers     cached", 
        "Mem:          2000       1881        119          2        220       1254", 
        "-/+ buffers/cache:        406       1594", 
        "Swap:            0          0          0", 

        "-----------------------------------------------------------", 
        "|                     Reload SUCCESS!                     |", 
        "-----------------------------------------------------------"
    ]
}

ok: [119.9.108.184] => {
    "script_result.stdout_lines": [
        "-----------------------------------------------------------", 
        "|                 Checking Nginx Config                   |", 
        "-----------------------------------------------------------", 

        "", 
        " nginx -t ", 
        "", 
        "-----------------------------------------------------------", 
        "|                 Stopping Nginx Process                  |", 

        "-----------------------------------------------------------", 
        "", 
        " /usr/bin/killall -9 nginx ", 
        "", 
        "-----------------------------------------------------------", 

        "|                 Clearing Proxy Cache                    |", 
        "-----------------------------------------------------------", 
        "", 
        " /bin/rm -rf /tmp/nginx_cache ", 
        "", 

        "-----------------------------------------------------------", 
        "|                Restarting Nginx Process                 |", 
        "-----------------------------------------------------------", 
        "root     19171  0.0  0.0 106084  1412 ?        S    09:32   0:00 /bin/bash /bak/bin/clear_nginxcache.sh", 
        "root     19182  0.0  0.0 293116  1480 ?        Ss   09:33   0:00 nginx: master process /usr/local/nginx/sbin/nginx", 

        "nobody   19183  0.0  0.7 322104 29612 ?        S    09:33   0:00 nginx: worker process      ", 
        "nobody   19185  0.0  0.7 322616 29620 ?        S    09:33   0:00 nginx: worker process      ", 
        "nobody   19186  0.0  0.7 320816 29352 ?        S    09:33   0:00 nginx: worker process      ", 
        "nobody   19187  0.0  0.7 320252 28820 ?        S    09:33   0:00 nginx: worker process      ", 
        "nobody   19188  0.0  0.7 322616 29620 ?        S    09:33   0:00 nginx: worker process      ", 

        "nobody   19189  0.0  0.7 320304 29340 ?        S    09:33   0:00 nginx: worker process      ", 
        "nobody   19190  0.0  0.7 320252 28820 ?        S    09:33   0:00 nginx: worker process      ", 
        "nobody   19191  0.0  0.7 323128 29816 ?        R    09:33   0:00 nginx: worker process      ", 
        "nobody   19192  0.0  0.0 293284  1900 ?        S    09:33   0:00 nginx: cache manager process", 
        "nobody   19193  0.0  0.0 293284  1856 ?        S    09:33   0:00 nginx: cache loader process", 

        "root     19197  0.0  0.0 103324   888 ?        S    09:33   0:00 grep nginx", 
        "             total       used       free     shared    buffers     cached", 
        "Mem:          3954       3755        199          2        289       2867", 
        "-/+ buffers/cache:        598       3356", 
        "Swap:            0          0          0", 

        "-----------------------------------------------------------", 
        "|                     Reload SUCCESS!                     |", 
        "-----------------------------------------------------------"
    ]
}

ok: [43.231.184.81] => {
    "script_result.stdout_lines": [
        "-----------------------------------------------------------", 
        "|                 Checking Nginx Config                   |", 
        "-----------------------------------------------------------", 

        "", 
        " nginx -t ", 
        "", 
        "-----------------------------------------------------------", 
        "|                 Stopping Nginx Process                  |", 

        "-----------------------------------------------------------", 
        "", 
        " /usr/bin/killall -9 nginx ", 
        "", 
        "-----------------------------------------------------------", 

        "|                 Clearing Proxy Cache                    |", 
        "-----------------------------------------------------------", 
        "", 
        " /bin/rm -rf /tmp/nginx_cache ", 
        "", 

        "-----------------------------------------------------------", 
        "|                Restarting Nginx Process                 |", 
        "-----------------------------------------------------------", 
        "root     18334  0.0  0.0 106076  1388 ?        S    09:33   0:00 /bin/bash /bak/bin/clear_nginxcache.sh", 
        "root     18342  0.0  0.0 295896  1548 ?        Ss   09:33   0:00 nginx: master process /usr/local/nginx/sbin/nginx", 

        "nobody   18343  1.5  0.7 323032 28860 ?        S    09:33   0:00 nginx: worker process      ", 
        "nobody   18344  3.0  0.7 323032 28860 ?        S    09:33   0:00 nginx: worker process      ", 
        "nobody   18345  2.5  0.7 323032 28860 ?        S    09:33   0:00 nginx: worker process      ", 
        "nobody   18346  3.0  0.7 323032 28860 ?        S    09:33   0:00 nginx: worker process      ", 
        "nobody   18348  2.0  0.7 323032 28860 ?        S    09:33   0:00 nginx: worker process      ", 

        "nobody   18349  2.5  0.7 323032 28860 ?        S    09:33   0:00 nginx: worker process      ", 
        "nobody   18350  3.5  0.7 323032 28860 ?        S    09:33   0:00 nginx: worker process      ", 
        "nobody   18351  2.5  0.7 323032 28860 ?        S    09:33   0:00 nginx: worker process      ", 
        "nobody   18352  0.0  0.0 296068  1952 ?        S    09:33   0:00 nginx: cache manager process", 
        "nobody   18353  0.0  0.0 296068  1912 ?        S    09:33   0:00 nginx: cache loader process", 

        "root     18364  0.0  0.0 103256   844 ?        S    09:33   0:00 grep nginx", 
        "             total       used       free     shared    buffers     cached", 
        "Mem:          3832       3526        305          0        337       1888", 
        "-/+ buffers/cache:       1300       2531", 
        "Swap:         4095        318       3777", 

        "-----------------------------------------------------------", 
        "|                     Reload SUCCESS!                     |", 
        "-----------------------------------------------------------"
    ]
}


PLAY [127.0.0.1] ***************************************************************

TASK [sync_to_git : Synchronizing Nginx To GIT] ********************************
changed: [127.0.0.1]


TASK [sync_to_git : debug] *****************************************************
ok: [127.0.0.1] => {
    "msg": " [u'[master e46bdc5] quincy', u' 2 files changed, 2 insertions(+)', u'Branch master set up to track remote branch master from origin.']"
}


PLAY [acc-midpay_nginx] ********************************************************

PLAY [127.0.0.1] ***************************************************************


PLAY RECAP *********************************************************************
119.9.108.184              : ok=11   changed=2    unreachable=0    failed=0    skipped=0    rescued=0    ignored=0   
119.9.95.28                : ok=11   changed=2    unreachable=0    failed=0    skipped=0    rescued=0    ignored=0   
127.0.0.1                  : ok=2    changed=1    unreachable=0    failed=0    skipped=0    rescued=0    ignored=0   
43.231.184.81              : ok=11   changed=2    unreachable=0    failed=0    skipped=0    rescued=0    ignored=0   

45.192.182.161             : ok=11   changed=2    unreachable=0    failed=0    skipped=0    rescued=0    ignored=0   


ESYNC_WORKER1_COMMAND_END
MAX RETRIES EXECUTED, COMMAND NOT RESPONDING