ESYNC_WORKER1_COMMAND_START
 [WARNING]: Invalid characters were found in group names but not replaced, use
-vvvv to see details

PLAY [acc-midpay_nginx] ********************************************************


ESYNC_WORKER1_COMMAND_END
MAX RETRIES EXECUTED, COMMAND NOT RESPONDINGTASK [Gathering Facts] *********************************************************
ok: [43.231.184.81]
ok: [119.9.95.28]
ok: [45.192.182.161]
ok: [119.9.108.184]

ok: [172.81.245.93]
ok: [47.107.33.107]

TASK [nginx_sync : Change python interpreter] **********************************
ok: [45.192.182.161]

ok: [172.81.245.93]
ok: [119.9.95.28]
ok: [119.9.108.184]
ok: [43.231.184.81]
ok: [47.107.33.107]


TASK [nginx_sync : change python interpreter] **********************************
ok: [45.192.182.161]
ok: [172.81.245.93]
ok: [119.9.95.28]

ok: [119.9.108.184]
ok: [43.231.184.81]
ok: [47.107.33.107]

TASK [nginx_sync : Notify] *****************************************************

ok: [45.192.182.161] => {
    "msg": "Syncing acc-midpay_nginx"
}
ok: [172.81.245.93] => {
    "msg": "Syncing acc-midpay_nginx"

}
ok: [119.9.95.28] => {
    "msg": "Syncing acc-midpay_nginx"
}
ok: [119.9.108.184] => {

    "msg": "Syncing acc-midpay_nginx"
}
ok: [43.231.184.81] => {
    "msg": "Syncing acc-midpay_nginx"
}

ok: [47.107.33.107] => {
    "msg": "Syncing acc-midpay_nginx"
}

TASK [nginx_sync : include_vars] ***********************************************

ok: [45.192.182.161]
ok: [172.81.245.93]
ok: [119.9.95.28]
ok: [119.9.108.184]
ok: [43.231.184.81]

ok: [47.107.33.107]

TASK [nginx_sync : Synchronizing Nginx] ****************************************
changed: [119.9.95.28] => (item=conf)
changed: [45.192.182.161] => (item=conf)

changed: [119.9.108.184] => (item=conf)
changed: [43.231.184.81] => (item=conf)
changed: [172.81.245.93] => (item=conf)
changed: [119.9.95.28] => (item=conf.d)
changed: [45.192.182.161] => (item=conf.d)

changed: [119.9.108.184] => (item=conf.d)
changed: [43.231.184.81] => (item=conf.d)
ok: [119.9.95.28] => (item=data)
ok: [119.9.108.184] => (item=data)
ok: [45.192.182.161] => (item=data)

ok: [43.231.184.81] => (item=data)
changed: [172.81.245.93] => (item=conf.d)
ok: [119.9.95.28] => (item=html)
ok: [119.9.108.184] => (item=html)
ok: [45.192.182.161] => (item=html)

ok: [43.231.184.81] => (item=html)
ok: [172.81.245.93] => (item=data)
changed: [47.107.33.107] => (item=conf)
changed: [47.107.33.107] => (item=conf.d)
ok: [172.81.245.93] => (item=html)

ok: [47.107.33.107] => (item=data)
ok: [47.107.33.107] => (item=html)

TASK [all_servers : include_vars] **********************************************
ok: [45.192.182.161]

ok: [172.81.245.93]
ok: [119.9.95.28]
ok: [119.9.108.184]
ok: [43.231.184.81]
ok: [47.107.33.107]


TASK [all_servers : Notify] ****************************************************
ok: [45.192.182.161] => {
    "msg": "Clearing Nginx Cache for acc-midpay_nginx"
}

ok: [172.81.245.93] => {
    "msg": "Clearing Nginx Cache for acc-midpay_nginx"
}
ok: [119.9.95.28] => {
    "msg": "Clearing Nginx Cache for acc-midpay_nginx"

}
ok: [119.9.108.184] => {
    "msg": "Clearing Nginx Cache for acc-midpay_nginx"
}
ok: [43.231.184.81] => {

    "msg": "Clearing Nginx Cache for acc-midpay_nginx"
}
ok: [47.107.33.107] => {
    "msg": "Clearing Nginx Cache for acc-midpay_nginx"
}


TASK [all_servers : Copying clear_nginxcache.sh to remote hosts] ***************
ok: [43.231.184.81]
ok: [119.9.95.28]
ok: [119.9.108.184]

ok: [172.81.245.93]
ok: [45.192.182.161]
ok: [47.107.33.107]

TASK [all_servers : Nginx Clear Cache] *****************************************

changed: [45.192.182.161]
changed: [43.231.184.81]
changed: [119.9.95.28]
changed: [119.9.108.184]
changed: [172.81.245.93]

changed: [47.107.33.107]

TASK [all_servers : debug] *****************************************************
ok: [45.192.182.161] => {
    "script_result.stdout_lines": [

        "-----------------------------------------------------------", 
        "|                 Checking Nginx Config                   |", 
        "-----------------------------------------------------------", 
        "", 
        " nginx -t ", 

        "", 
        "-----------------------------------------------------------", 
        "|                 Stopping Nginx Process                  |", 
        "-----------------------------------------------------------", 
        "", 

        " /usr/bin/killall -9 nginx ", 
        "", 
        "-----------------------------------------------------------", 
        "|                 Clearing Proxy Cache                    |", 
        "-----------------------------------------------------------", 

        "", 
        " /bin/rm -rf /tmp/nginx_cache ", 
        "", 
        "-----------------------------------------------------------", 
        "|                Restarting Nginx Process                 |", 

        "-----------------------------------------------------------", 
        "root      3447  0.0  0.0 106076  1380 ?        S    14:12   0:00 /bin/bash /bak/bin/clear_nginxcache.sh", 
        "root      3457  0.0  0.0 295868  1528 ?        Ss   14:12   0:00 nginx: master process /usr/local/nginx/sbin/nginx", 
        "nobody    3458  0.3  0.7 323060 29348 ?        S    14:12   0:00 nginx: worker process      ", 
        "nobody    3459  0.3  0.7 323004 28852 ?        S    14:12   0:00 nginx: worker process      ", 

        "nobody    3461  0.3  0.7 323004 28840 ?        S    14:12   0:00 nginx: worker process      ", 
        "nobody    3462  0.0  0.7 323004 28952 ?        S    14:12   0:00 nginx: worker process      ", 
        "nobody    3463  0.0  0.7 323004 28928 ?        S    14:12   0:00 nginx: worker process      ", 
        "nobody    3464  0.0  0.7 323004 28928 ?        S    14:12   0:00 nginx: worker process      ", 
        "nobody    3465  0.0  0.7 323004 28852 ?        S    14:12   0:00 nginx: worker process      ", 

        "nobody    3466  0.3  0.7 323004 28928 ?        S    14:12   0:00 nginx: worker process      ", 
        "nobody    3467  0.0  0.0 296040  1932 ?        S    14:12   0:00 nginx: cache manager process", 
        "nobody    3468  0.0  0.0 296040  1888 ?        S    14:12   0:00 nginx: cache loader process", 
        "root      3470  0.0  0.0 103256   840 ?        R    14:13   0:00 grep nginx", 
        "             total       used       free     shared    buffers     cached", 

        "Mem:          3832       3569        262          0        316       2002", 
        "-/+ buffers/cache:       1250       2581", 
        "Swap:         4095         43       4052", 
        "-----------------------------------------------------------", 
        "|                     Reload SUCCESS!                     |", 

        "-----------------------------------------------------------"
    ]
}
ok: [172.81.245.93] => {
    "script_result.stdout_lines": [

        "-----------------------------------------------------------", 
        "|                 Checking Nginx Config                   |", 
        "-----------------------------------------------------------", 
        "", 
        " nginx -t ", 

        "", 
        "-----------------------------------------------------------", 
        "|                 Stopping Nginx Process                  |", 
        "-----------------------------------------------------------", 
        "", 

        " /usr/bin/killall -9 nginx ", 
        "", 
        "-----------------------------------------------------------", 
        "|                 Clearing Proxy Cache                    |", 
        "-----------------------------------------------------------", 

        "", 
        " /bin/rm -rf /tmp/nginx_cache ", 
        "", 
        "-----------------------------------------------------------", 
        "|                Restarting Nginx Process                 |", 

        "-----------------------------------------------------------", 
        "root      4420  0.0  0.0 106120  1268 ?        S    14:12   0:00 /bin/bash /bak/bin/clear_nginxcache.sh", 
        "root      4439  0.0  0.0 297536  1456 ?        Ss   14:12   0:00 nginx: master process /usr/local/nginx/sbin/nginx", 
        "nobody    4440  0.0  0.7 324672 28872 ?        S    14:12   0:00 nginx: worker process      ", 
        "nobody    4441  0.0  0.7 324672 28872 ?        S    14:12   0:00 nginx: worker process      ", 

        "nobody    4443  0.3  0.7 324672 28872 ?        S    14:12   0:00 nginx: worker process      ", 
        "nobody    4444  0.0  0.7 324672 28872 ?        S    14:12   0:00 nginx: worker process      ", 
        "nobody    4445  0.0  0.7 324672 28872 ?        S    14:12   0:00 nginx: worker process      ", 
        "nobody    4446  0.0  0.7 324672 28872 ?        S    14:12   0:00 nginx: worker process      ", 
        "nobody    4447  0.0  0.7 324672 28872 ?        S    14:12   0:00 nginx: worker process      ", 

        "nobody    4448  0.0  0.7 324672 28872 ?        S    14:12   0:00 nginx: worker process      ", 
        "nobody    4449  0.0  0.0 297708  1968 ?        S    14:12   0:00 nginx: cache manager process", 
        "nobody    4450  0.0  0.0 297708  1848 ?        S    14:13   0:00 nginx: cache loader process", 
        "root      4455  0.0  0.0 103332   848 ?        S    14:13   0:00 grep nginx", 
        "             total       used       free     shared    buffers     cached", 

        "Mem:          3830       1640       2189          1        191        601", 
        "-/+ buffers/cache:        848       2982", 
        "Swap:            0          0          0", 
        "-----------------------------------------------------------", 
        "|                     Reload SUCCESS!                     |", 

        "-----------------------------------------------------------"
    ]
}
ok: [119.9.95.28] => {
    "script_result.stdout_lines": [

        "-----------------------------------------------------------", 
        "|                 Checking Nginx Config                   |", 
        "-----------------------------------------------------------", 
        "", 
        " nginx -t ", 

        "", 
        "-----------------------------------------------------------", 
        "|                 Stopping Nginx Process                  |", 
        "-----------------------------------------------------------", 
        "", 

        " /usr/bin/killall -9 nginx ", 
        "", 
        "-----------------------------------------------------------", 
        "|                 Clearing Proxy Cache                    |", 
        "-----------------------------------------------------------", 

        "", 
        " /bin/rm -rf /tmp/nginx_cache ", 
        "", 
        "-----------------------------------------------------------", 
        "|                Restarting Nginx Process                 |", 

        "-----------------------------------------------------------", 
        "root     15827  0.0  0.0 106084  1416 ?        S    14:12   0:00 /bin/bash /bak/bin/clear_nginxcache.sh", 
        "root     15833  0.0  0.0 292944  1500 ?        Ss   14:12   0:00 nginx: master process /usr/local/nginx/sbin/nginx", 
        "nobody   15834  0.0  1.4 320080 28828 ?        S    14:12   0:00 nginx: worker process      ", 
        "nobody   15836  0.0  1.4 320132 29248 ?        S    14:12   0:00 nginx: worker process      ", 

        "nobody   15837  0.0  1.4 320080 28912 ?        S    14:12   0:00 nginx: worker process      ", 
        "nobody   15838  0.0  1.4 320080 28828 ?        S    14:12   0:00 nginx: worker process      ", 
        "nobody   15839  0.0  1.4 320080 28828 ?        S    14:12   0:00 nginx: worker process      ", 
        "nobody   15840  0.0  1.4 320080 28828 ?        S    14:12   0:00 nginx: worker process      ", 
        "nobody   15841  0.0  1.4 320132 29244 ?        S    14:12   0:00 nginx: worker process      ", 

        "nobody   15842  0.0  1.4 320080 28828 ?        S    14:12   0:00 nginx: worker process      ", 
        "nobody   15843  0.0  0.0 293112  1920 ?        S    14:12   0:00 nginx: cache manager process", 
        "nobody   15844  0.0  0.0 293112  1876 ?        S    14:12   0:00 nginx: cache loader process", 
        "root     15846  0.0  0.0 103324   880 ?        R    14:13   0:00 grep nginx", 
        "             total       used       free     shared    buffers     cached", 

        "Mem:          2000       1881        119          2        153       1324", 
        "-/+ buffers/cache:        403       1597", 
        "Swap:            0          0          0", 
        "-----------------------------------------------------------", 
        "|                     Reload SUCCESS!                     |", 

        "-----------------------------------------------------------"
    ]
}
ok: [119.9.108.184] => {
    "script_result.stdout_lines": [

        "-----------------------------------------------------------", 
        "|                 Checking Nginx Config                   |", 
        "-----------------------------------------------------------", 
        "", 
        " nginx -t ", 

        "", 
        "-----------------------------------------------------------", 
        "|                 Stopping Nginx Process                  |", 
        "-----------------------------------------------------------", 
        "", 

        " /usr/bin/killall -9 nginx ", 
        "", 
        "-----------------------------------------------------------", 
        "|                 Clearing Proxy Cache                    |", 
        "-----------------------------------------------------------", 

        "", 
        " /bin/rm -rf /tmp/nginx_cache ", 
        "", 
        "-----------------------------------------------------------", 
        "|                Restarting Nginx Process                 |", 

        "-----------------------------------------------------------", 
        "root      6718  0.0  0.0 106084  1412 ?        S    14:12   0:00 /bin/bash /bak/bin/clear_nginxcache.sh", 
        "root      6727  0.0  0.0 293120  1488 ?        Ss   14:12   0:00 nginx: master process /usr/local/nginx/sbin/nginx", 
        "nobody    6728  0.3  0.7 320256 28828 ?        S    14:12   0:00 nginx: worker process      ", 
        "nobody    6730  0.0  0.7 320820 29300 ?        S    14:12   0:00 nginx: worker process      ", 

        "nobody    6731  0.0  0.7 321332 29196 ?        S    14:12   0:00 nginx: worker process      ", 
        "nobody    6732  0.0  0.7 322108 29580 ?        S    14:12   0:00 nginx: worker process      ", 
        "nobody    6733  0.0  0.7 320820 29352 ?        S    14:12   0:00 nginx: worker process      ", 
        "nobody    6734  0.0  0.7 320256 28904 ?        S    14:12   0:00 nginx: worker process      ", 
        "nobody    6735  0.0  0.7 320308 29352 ?        S    14:12   0:00 nginx: worker process      ", 

        "nobody    6736  0.0  0.7 320820 29188 ?        S    14:12   0:00 nginx: worker process      ", 
        "nobody    6737  0.0  0.0 293288  1908 ?        S    14:12   0:00 nginx: cache manager process", 
        "nobody    6738  0.0  0.0 293288  1864 ?        S    14:12   0:00 nginx: cache loader process", 
        "root      6747  0.0  0.0 103324   884 ?        R    14:13   0:00 grep nginx", 
        "             total       used       free     shared    buffers     cached", 

        "Mem:          3954       3112        841          2        192       2372", 
        "-/+ buffers/cache:        547       3406", 
        "Swap:            0          0          0", 
        "-----------------------------------------------------------", 
        "|                     Reload SUCCESS!                     |", 

        "-----------------------------------------------------------"
    ]
}
ok: [43.231.184.81] => {
    "script_result.stdout_lines": [

        "-----------------------------------------------------------", 
        "|                 Checking Nginx Config                   |", 
        "-----------------------------------------------------------", 
        "", 
        " nginx -t ", 

        "", 
        "-----------------------------------------------------------", 
        "|                 Stopping Nginx Process                  |", 
        "-----------------------------------------------------------", 
        "", 

        " /usr/bin/killall -9 nginx ", 
        "", 
        "-----------------------------------------------------------", 
        "|                 Clearing Proxy Cache                    |", 
        "-----------------------------------------------------------", 

        "", 
        " /bin/rm -rf /tmp/nginx_cache ", 
        "", 
        "-----------------------------------------------------------", 
        "|                Restarting Nginx Process                 |", 

        "-----------------------------------------------------------", 
        "root     26814  0.0  0.0 106076  1384 ?        S    14:12   0:00 /bin/bash /bak/bin/clear_nginxcache.sh", 
        "root     26833  0.0  0.0 295900  1548 ?        Ss   14:12   0:00 nginx: master process /usr/local/nginx/sbin/nginx", 
        "nobody   26834  0.6  0.7 323036 28948 ?        S    14:12   0:00 nginx: worker process      ", 
        "nobody   26835  1.3  0.7 323036 28948 ?        S    14:12   0:00 nginx: worker process      ", 

        "nobody   26836  1.0  0.7 323036 28948 ?        S    14:12   0:00 nginx: worker process      ", 
        "nobody   26838  0.6  0.7 323604 29232 ?        S    14:12   0:00 nginx: worker process      ", 
        "nobody   26839  1.3  0.7 323036 28860 ?        S    14:12   0:00 nginx: worker process      ", 
        "nobody   26840  1.3  0.7 323036 28860 ?        S    14:12   0:00 nginx: worker process      ", 
        "nobody   26841  1.0  0.7 323604 29232 ?        S    14:12   0:00 nginx: worker process      ", 

        "nobody   26842  1.3  0.7 323036 28860 ?        S    14:12   0:00 nginx: worker process      ", 
        "nobody   26843  0.0  0.0 296072  1952 ?        S    14:12   0:00 nginx: cache manager process", 
        "nobody   26844  0.0  0.0 296072  1912 ?        S    14:12   0:00 nginx: cache loader process", 
        "root     26848  0.0  0.0 103256   840 ?        S    14:13   0:00 grep nginx", 
        "             total       used       free     shared    buffers     cached", 

        "Mem:          3832       3107        724          0        323       1493", 
        "-/+ buffers/cache:       1290       2541", 
        "Swap:         4095        281       3814", 
        "-----------------------------------------------------------", 
        "|                     Reload SUCCESS!                     |", 

        "-----------------------------------------------------------"
    ]
}
ok: [47.107.33.107] => {
    "script_result.stdout_lines": [

        "-----------------------------------------------------------", 
        "|                 Checking Nginx Config                   |", 
        "-----------------------------------------------------------", 
        "", 
        " nginx -t ", 

        "", 
        "-----------------------------------------------------------", 
        "|                 Stopping Nginx Process                  |", 
        "-----------------------------------------------------------", 
        "", 

        " /usr/bin/killall -9 nginx ", 
        "", 
        "-----------------------------------------------------------", 
        "|                 Clearing Proxy Cache                    |", 
        "-----------------------------------------------------------", 

        "", 
        " /bin/rm -rf /tmp/nginx_cache ", 
        "", 
        "-----------------------------------------------------------", 
        "|                Restarting Nginx Process                 |", 

        "-----------------------------------------------------------", 
        "root       933  0.0  0.0   9116   716 ?        Ss   Jun17   0:00 /sbin/dhclient -H midpay-nginx6 -1 -q -cf /etc/dhcp/dhclient-eth0.conf -lf /var/lib/dhclient/dhclient-eth0.leases -pf /var/run/dhclient-eth0.pid eth0", 
        "root      1078  0.0  0.0 106080  1412 ?        S    14:13   0:00 /bin/bash /bak/bin/clear_nginxcache.sh", 
        "root      1094  0.0  0.0 295240  1532 ?        Ss   14:13   0:00 nginx: master process /usr/local/nginx/sbin/nginx", 
        "nobody    1095  0.0  0.7 322376 28928 ?        S    14:13   0:00 nginx: worker process      ", 

        "nobody    1101  0.0  0.7 322376 28928 ?        S    14:13   0:00 nginx: worker process      ", 
        "nobody    1102  0.0  0.7 322376 28928 ?        S    14:13   0:00 nginx: worker process      ", 
        "nobody    1103  0.0  0.7 322376 28928 ?        S    14:13   0:00 nginx: worker process      ", 
        "nobody    1104  0.0  0.7 322376 28928 ?        S    14:13   0:00 nginx: worker process      ", 
        "nobody    1105  0.0  0.7 322376 28928 ?        S    14:13   0:00 nginx: worker process      ", 

        "nobody    1106  0.0  0.7 322376 28928 ?        S    14:13   0:00 nginx: worker process      ", 
        "nobody    1107  0.0  0.7 322376 28928 ?        S    14:13   0:00 nginx: worker process      ", 
        "nobody    1108  0.0  0.0 295408  2016 ?        S    14:13   0:00 nginx: cache manager process", 
        "nobody    1109  0.0  0.0 295408  1896 ?        S    14:13   0:00 nginx: cache loader process", 
        "root      1111  0.0  0.0 103324   888 ?        R    14:13   0:00 grep nginx", 

        "             total       used       free     shared    buffers     cached", 
        "Mem:          3961       2120       1840          1        168        437", 
        "-/+ buffers/cache:       1514       2447", 
        "Swap:            0          0          0", 
        "-----------------------------------------------------------", 

        "|                     Reload SUCCESS!                     |", 
        "-----------------------------------------------------------"
    ]
}


PLAY [127.0.0.1] ***************************************************************

TASK [sync_to_git : Synchronizing Nginx To GIT] ********************************
changed: [127.0.0.1]


TASK [sync_to_git : debug] *****************************************************
ok: [127.0.0.1] => {
    "msg": " [u'[master c332acf] quincy', u' 1 file changed, 2 insertions(+)', u'Branch master set up to track remote branch master from origin.']"
}


PLAY [acc-midpay_nginx] ********************************************************

PLAY [127.0.0.1] ***************************************************************

PLAY RECAP *********************************************************************

119.9.108.184              : ok=11   changed=2    unreachable=0    failed=0    skipped=0    rescued=0    ignored=0   
119.9.95.28                : ok=11   changed=2    unreachable=0    failed=0    skipped=0    rescued=0    ignored=0   
127.0.0.1                  : ok=2    changed=1    unreachable=0    failed=0    skipped=0    rescued=0    ignored=0   
172.81.245.93              : ok=11   changed=2    unreachable=0    failed=0    skipped=0    rescued=0    ignored=0   
43.231.184.81              : ok=11   changed=2    unreachable=0    failed=0    skipped=0    rescued=0    ignored=0   

45.192.182.161             : ok=11   changed=2    unreachable=0    failed=0    skipped=0    rescued=0    ignored=0   
47.107.33.107              : ok=11   changed=2    unreachable=0    failed=0    skipped=0    rescued=0    ignored=0   


