ESYNC_WORKER1_COMMAND_START
 [WARNING]: Invalid characters were found in group names but not replaced, use
-vvvv to see details

PLAY [acc-midpay_nginx] ********************************************************


TASK [Gathering Facts] *********************************************************
ok: [43.231.184.81]
ok: [119.9.108.184]
ok: [45.192.182.161]
ok: [119.9.95.28]


TASK [nginx_sync : Change python interpreter] **********************************
ok: [45.192.182.161]
ok: [119.9.95.28]
ok: [119.9.108.184]

ok: [43.231.184.81]

TASK [nginx_sync : change python interpreter] **********************************
ok: [45.192.182.161]
ok: [119.9.95.28]

ok: [119.9.108.184]
ok: [43.231.184.81]

TASK [nginx_sync : Notify] *****************************************************
ok: [45.192.182.161] => {

    "msg": "Syncing acc-midpay_nginx"
}
ok: [119.9.95.28] => {
    "msg": "Syncing acc-midpay_nginx"
}

ok: [119.9.108.184] => {
    "msg": "Syncing acc-midpay_nginx"
}
ok: [43.231.184.81] => {
    "msg": "Syncing acc-midpay_nginx"

}

TASK [nginx_sync : include_vars] ***********************************************
ok: [45.192.182.161]
ok: [119.9.95.28]

ok: [119.9.108.184]
ok: [43.231.184.81]

TASK [nginx_sync : Synchronizing Nginx] ****************************************
changed: [119.9.108.184] => (item=conf)

changed: [119.9.95.28] => (item=conf)
changed: [43.231.184.81] => (item=conf)
changed: [45.192.182.161] => (item=conf)
changed: [119.9.95.28] => (item=conf.d)
changed: [119.9.108.184] => (item=conf.d)

changed: [43.231.184.81] => (item=conf.d)
changed: [45.192.182.161] => (item=conf.d)
ok: [119.9.108.184] => (item=data)
ok: [119.9.95.28] => (item=data)
ok: [43.231.184.81] => (item=data)

ok: [45.192.182.161] => (item=data)
ok: [119.9.108.184] => (item=html)
ok: [119.9.95.28] => (item=html)
ok: [43.231.184.81] => (item=html)
ok: [45.192.182.161] => (item=html)


TASK [all_servers : include_vars] **********************************************
ok: [45.192.182.161]
ok: [119.9.95.28]
ok: [119.9.108.184]

ok: [43.231.184.81]

TASK [all_servers : Notify] ****************************************************
ok: [45.192.182.161] => {
    "msg": "Clearing Nginx Cache for acc-midpay_nginx"

}
ok: [119.9.95.28] => {
    "msg": "Clearing Nginx Cache for acc-midpay_nginx"
}
ok: [119.9.108.184] => {

    "msg": "Clearing Nginx Cache for acc-midpay_nginx"
}
ok: [43.231.184.81] => {
    "msg": "Clearing Nginx Cache for acc-midpay_nginx"
}


TASK [all_servers : Copying clear_nginxcache.sh to remote hosts] ***************
ok: [119.9.108.184]
ok: [43.231.184.81]
ok: [119.9.95.28]

ok: [45.192.182.161]

TASK [all_servers : Nginx Clear Cache] *****************************************
changed: [119.9.95.28]
changed: [43.231.184.81]

changed: [119.9.108.184]
changed: [45.192.182.161]

TASK [all_servers : debug] *****************************************************
ok: [45.192.182.161] => {

    "script_result.stdout_lines": [
        "-----------------------------------------------------------", 
        "|                 Checking Nginx Config                   |", 
        "-----------------------------------------------------------", 
        "", 

        " nginx -t ", 
        "", 
        "-----------------------------------------------------------", 
        "|                 Stopping Nginx Process                  |", 
        "-----------------------------------------------------------", 

        "", 
        " /usr/bin/killall -9 nginx ", 
        "", 
        "-----------------------------------------------------------", 
        "|                 Clearing Proxy Cache                    |", 

        "-----------------------------------------------------------", 
        "", 
        " /bin/rm -rf /tmp/nginx_cache ", 
        "", 
        "-----------------------------------------------------------", 

        "|                Restarting Nginx Process                 |", 
        "-----------------------------------------------------------", 
        "root      8004  0.0  0.0 106076  1384 ?        S    14:41   0:00 /bin/bash /bak/bin/clear_nginxcache.sh", 
        "root      8023  0.0  0.0 295868  1532 ?        Ss   14:41   0:00 nginx: master process /usr/local/nginx/sbin/nginx", 
        "nobody    8024  0.0  0.7 324116 29312 ?        S    14:41   0:00 nginx: worker process      ", 

        "nobody    8025  0.0  0.7 323092 29316 ?        S    14:41   0:00 nginx: worker process      ", 
        "nobody    8027  0.0  0.7 323004 28844 ?        S    14:41   0:00 nginx: worker process      ", 
        "nobody    8028  0.5  0.7 323604 29328 ?        S    14:41   0:00 nginx: worker process      ", 
        "nobody    8029  0.5  0.7 324116 29232 ?        S    14:41   0:00 nginx: worker process      ", 
        "nobody    8030  0.0  0.7 323092 29260 ?        S    14:41   0:00 nginx: worker process      ", 

        "nobody    8031  0.0  0.7 323004 28932 ?        S    14:41   0:00 nginx: worker process      ", 
        "nobody    8032  0.5  0.7 323092 29368 ?        S    14:41   0:00 nginx: worker process      ", 
        "nobody    8033  0.0  0.0 296072  1944 ?        S    14:41   0:00 nginx: cache manager process", 
        "nobody    8034  0.0  0.0 296072  1900 ?        S    14:41   0:00 nginx: cache loader process", 
        "root      8045  0.0  0.0 103256   836 ?        R    14:41   0:00 grep nginx", 

        "             total       used       free     shared    buffers     cached", 
        "Mem:          3832       3596        235          0        330       1546", 
        "-/+ buffers/cache:       1720       2112", 
        "Swap:         4095         57       4038", 
        "-----------------------------------------------------------", 

        "|                     Reload SUCCESS!                     |", 
        "-----------------------------------------------------------"
    ]
}
ok: [119.9.95.28] => {

    "script_result.stdout_lines": [
        "-----------------------------------------------------------", 
        "|                 Checking Nginx Config                   |", 
        "-----------------------------------------------------------", 
        "", 

        " nginx -t ", 
        "", 
        "-----------------------------------------------------------", 
        "|                 Stopping Nginx Process                  |", 
        "-----------------------------------------------------------", 

        "", 
        " /usr/bin/killall -9 nginx ", 
        "", 
        "-----------------------------------------------------------", 
        "|                 Clearing Proxy Cache                    |", 

        "-----------------------------------------------------------", 
        "", 
        " /bin/rm -rf /tmp/nginx_cache ", 
        "", 
        "-----------------------------------------------------------", 

        "|                Restarting Nginx Process                 |", 
        "-----------------------------------------------------------", 
        "root     15299  0.0  0.0 106084  1412 ?        S    14:41   0:00 /bin/bash /bak/bin/clear_nginxcache.sh", 
        "root     15305  0.0  0.0 292944  1504 ?        Ss   14:41   0:00 nginx: master process /usr/local/nginx/sbin/nginx", 
        "nobody   15307  0.0  1.4 320080 28832 ?        S    14:41   0:00 nginx: worker process      ", 

        "nobody   15308  0.0  1.4 322448 29492 ?        S    14:41   0:00 nginx: worker process      ", 
        "nobody   15309  0.0  1.4 320648 29128 ?        S    14:41   0:00 nginx: worker process      ", 
        "nobody   15310  0.0  1.4 320080 28832 ?        S    14:41   0:00 nginx: worker process      ", 
        "nobody   15311  0.0  1.4 320080 28832 ?        S    14:41   0:00 nginx: worker process      ", 
        "nobody   15312  0.0  1.4 320648 29128 ?        S    14:41   0:00 nginx: worker process      ", 

        "nobody   15313  0.0  1.4 320080 28832 ?        S    14:41   0:00 nginx: worker process      ", 
        "nobody   15314  0.0  1.4 320648 29260 ?        S    14:41   0:00 nginx: worker process      ", 
        "nobody   15315  0.0  0.0 293116  1924 ?        S    14:41   0:00 nginx: cache manager process", 
        "nobody   15316  0.0  0.0 293116  1880 ?        S    14:41   0:00 nginx: cache loader process", 
        "root     15318  0.0  0.0 103328   892 ?        S    14:41   0:00 grep nginx", 

        "             total       used       free     shared    buffers     cached", 
        "Mem:          2000       1876        123          2        190       1291", 
        "-/+ buffers/cache:        394       1605", 
        "Swap:            0          0          0", 
        "-----------------------------------------------------------", 

        "|                     Reload SUCCESS!                     |", 
        "-----------------------------------------------------------"
    ]
}
ok: [119.9.108.184] => {

    "script_result.stdout_lines": [
        "-----------------------------------------------------------", 
        "|                 Checking Nginx Config                   |", 
        "-----------------------------------------------------------", 
        "", 

        " nginx -t ", 
        "", 
        "-----------------------------------------------------------", 
        "|                 Stopping Nginx Process                  |", 
        "-----------------------------------------------------------", 

        "", 
        " /usr/bin/killall -9 nginx ", 
        "", 
        "-----------------------------------------------------------", 
        "|                 Clearing Proxy Cache                    |", 

        "-----------------------------------------------------------", 
        "", 
        " /bin/rm -rf /tmp/nginx_cache ", 
        "", 
        "-----------------------------------------------------------", 

        "|                Restarting Nginx Process                 |", 
        "-----------------------------------------------------------", 
        "root     15690  0.0  0.0 106084  1416 ?        S    14:41   0:00 /bin/bash /bak/bin/clear_nginxcache.sh", 
        "root     15696  0.0  0.0 293120  1492 ?        Ss   14:41   0:00 nginx: master process /usr/local/nginx/sbin/nginx", 
        "nobody   15697  0.0  0.7 320256 28820 ?        S    14:41   0:00 nginx: worker process      ", 

        "nobody   15698  0.0  0.7 320824 29376 ?        S    14:41   0:00 nginx: worker process      ", 
        "nobody   15700  0.0  0.7 320256 28908 ?        S    14:41   0:00 nginx: worker process      ", 
        "nobody   15701  0.0  0.7 320824 29192 ?        S    14:41   0:00 nginx: worker process      ", 
        "nobody   15702  0.0  0.7 320256 28820 ?        S    14:41   0:00 nginx: worker process      ", 
        "nobody   15703  0.0  0.7 320256 28908 ?        S    14:41   0:00 nginx: worker process      ", 

        "nobody   15704  0.0  0.7 320256 28820 ?        S    14:41   0:00 nginx: worker process      ", 
        "nobody   15705  0.0  0.7 320824 29192 ?        S    14:41   0:00 nginx: worker process      ", 
        "nobody   15706  0.0  0.0 293292  1912 ?        S    14:41   0:00 nginx: cache manager process", 
        "nobody   15707  0.0  0.0 293292  1868 ?        S    14:41   0:00 nginx: cache loader process", 
        "root     15709  0.0  0.0 103324   884 ?        S    14:41   0:00 grep nginx", 

        "             total       used       free     shared    buffers     cached", 
        "Mem:          3954       3761        192          2        258       2976", 
        "-/+ buffers/cache:        526       3427", 
        "Swap:            0          0          0", 
        "-----------------------------------------------------------", 

        "|                     Reload SUCCESS!                     |", 
        "-----------------------------------------------------------"
    ]
}
ok: [43.231.184.81] => {

    "script_result.stdout_lines": [
        "-----------------------------------------------------------", 
        "|                 Checking Nginx Config                   |", 
        "-----------------------------------------------------------", 
        "", 

        " nginx -t ", 
        "", 
        "-----------------------------------------------------------", 
        "|                 Stopping Nginx Process                  |", 
        "-----------------------------------------------------------", 

        "", 
        " /usr/bin/killall -9 nginx ", 
        "", 
        "-----------------------------------------------------------", 
        "|                 Clearing Proxy Cache                    |", 

        "-----------------------------------------------------------", 
        "", 
        " /bin/rm -rf /tmp/nginx_cache ", 
        "", 
        "-----------------------------------------------------------", 

        "|                Restarting Nginx Process                 |", 
        "-----------------------------------------------------------", 
        "root     23156  0.0  0.0 106076  1384 ?        S    14:41   0:00 /bin/bash /bak/bin/clear_nginxcache.sh", 
        "root     23163  0.0  0.0 295900  1548 ?        Ss   14:41   0:00 nginx: master process /usr/local/nginx/sbin/nginx", 
        "nobody   23164  1.0  0.7 323036 28860 ?        S    14:41   0:00 nginx: worker process      ", 

        "nobody   23165  1.5  0.7 323036 28860 ?        S    14:41   0:00 nginx: worker process      ", 
        "nobody   23167  1.0  0.7 323036 28860 ?        S    14:41   0:00 nginx: worker process      ", 
        "nobody   23168  1.5  0.7 323036 28860 ?        S    14:41   0:00 nginx: worker process      ", 
        "nobody   23169  1.0  0.7 323036 28860 ?        S    14:41   0:00 nginx: worker process      ", 
        "nobody   23170  1.0  0.7 323036 28860 ?        S    14:41   0:00 nginx: worker process      ", 

        "nobody   23171  1.0  0.7 323036 28860 ?        S    14:41   0:00 nginx: worker process      ", 
        "nobody   23172  1.0  0.7 323036 28860 ?        S    14:41   0:00 nginx: worker process      ", 
        "nobody   23173  0.0  0.0 296072  1952 ?        S    14:41   0:00 nginx: cache manager process", 
        "nobody   23174  0.0  0.0 296072  1912 ?        S    14:41   0:00 nginx: cache loader process", 
        "root     23176  0.0  0.0 103256   844 ?        S    14:41   0:00 grep nginx", 

        "             total       used       free     shared    buffers     cached", 
        "Mem:          3832       3580        252          0        329       1522", 
        "-/+ buffers/cache:       1727       2104", 
        "Swap:         4095        306       3789", 
        "-----------------------------------------------------------", 

        "|                     Reload SUCCESS!                     |", 
        "-----------------------------------------------------------"
    ]
}


PLAY [127.0.0.1] ***************************************************************

TASK [sync_to_git : Synchronizing Nginx To GIT] ********************************
changed: [127.0.0.1]


TASK [sync_to_git : debug] *****************************************************
ok: [127.0.0.1] => {
    "msg": " [u'[master f408cdb] quincy', u' 2 files changed, 9 insertions(+)', u'Branch master set up to track remote branch master from origin.']"
}


PLAY [acc-midpay_nginx] ********************************************************

PLAY [127.0.0.1] ***************************************************************

PLAY RECAP *********************************************************************

119.9.108.184              : ok=11   changed=2    unreachable=0    failed=0    skipped=0    rescued=0    ignored=0   
119.9.95.28                : ok=11   changed=2    unreachable=0    failed=0    skipped=0    rescued=0    ignored=0   
127.0.0.1                  : ok=2    changed=1    unreachable=0    failed=0    skipped=0    rescued=0    ignored=0   
43.231.184.81              : ok=11   changed=2    unreachable=0    failed=0    skipped=0    rescued=0    ignored=0   
45.192.182.161             : ok=11   changed=2    unreachable=0    failed=0    skipped=0    rescued=0    ignored=0   



ESYNC_WORKER1_COMMAND_END
MAX RETRIES EXECUTED, COMMAND NOT RESPONDING