ESYNC_WORKER1_COMMAND_START
 [WARNING]: Invalid characters were found in group names but not replaced, use
-vvvv to see details

PLAY [acc-midpay_nginx] ********************************************************


TASK [Gathering Facts] *********************************************************
ok: [119.9.108.184]
ok: [43.231.184.81]
ok: [119.9.95.28]
ok: [45.192.182.161]


TASK [nginx_sync : Change python interpreter] **********************************
ok: [45.192.182.161]
ok: [119.9.95.28]
ok: [119.9.108.184]

ok: [43.231.184.81]

TASK [nginx_sync : change python interpreter] **********************************
ok: [45.192.182.161]
ok: [119.9.95.28]

ok: [119.9.108.184]
ok: [43.231.184.81]

TASK [nginx_sync : Notify] *****************************************************
ok: [45.192.182.161] => {

    "msg": "Syncing acc-midpay_nginx"
}
ok: [119.9.95.28] => {
    "msg": "Syncing acc-midpay_nginx"
}

ok: [119.9.108.184] => {
    "msg": "Syncing acc-midpay_nginx"
}
ok: [43.231.184.81] => {
    "msg": "Syncing acc-midpay_nginx"

}

TASK [nginx_sync : include_vars] ***********************************************
ok: [45.192.182.161]
ok: [119.9.95.28]

ok: [119.9.108.184]
ok: [43.231.184.81]

TASK [nginx_sync : Synchronizing Nginx] ****************************************
changed: [119.9.95.28] => (item=conf)

changed: [119.9.108.184] => (item=conf)
changed: [43.231.184.81] => (item=conf)
changed: [45.192.182.161] => (item=conf)
changed: [119.9.95.28] => (item=conf.d)
changed: [119.9.108.184] => (item=conf.d)

changed: [43.231.184.81] => (item=conf.d)
changed: [45.192.182.161] => (item=conf.d)
ok: [119.9.95.28] => (item=data)
ok: [119.9.108.184] => (item=data)
ok: [43.231.184.81] => (item=data)

ok: [45.192.182.161] => (item=data)
ok: [119.9.95.28] => (item=html)
ok: [119.9.108.184] => (item=html)
ok: [43.231.184.81] => (item=html)
ok: [45.192.182.161] => (item=html)


TASK [all_servers : include_vars] **********************************************
ok: [45.192.182.161]
ok: [119.9.95.28]
ok: [119.9.108.184]

ok: [43.231.184.81]

TASK [all_servers : Notify] ****************************************************
ok: [45.192.182.161] => {
    "msg": "Clearing Nginx Cache for acc-midpay_nginx"

}
ok: [119.9.95.28] => {
    "msg": "Clearing Nginx Cache for acc-midpay_nginx"
}
ok: [119.9.108.184] => {

    "msg": "Clearing Nginx Cache for acc-midpay_nginx"
}
ok: [43.231.184.81] => {
    "msg": "Clearing Nginx Cache for acc-midpay_nginx"
}


TASK [all_servers : Copying clear_nginxcache.sh to remote hosts] ***************
ok: [119.9.95.28]
ok: [119.9.108.184]
ok: [43.231.184.81]

ok: [45.192.182.161]

TASK [all_servers : Nginx Clear Cache] *****************************************
changed: [43.231.184.81]
changed: [119.9.108.184]

changed: [119.9.95.28]
changed: [45.192.182.161]

TASK [all_servers : debug] *****************************************************
ok: [45.192.182.161] => {

    "script_result.stdout_lines": [
        "-----------------------------------------------------------", 
        "|                 Checking Nginx Config                   |", 
        "-----------------------------------------------------------", 
        "", 

        " nginx -t ", 
        "", 
        "-----------------------------------------------------------", 
        "|                 Stopping Nginx Process                  |", 
        "-----------------------------------------------------------", 

        "", 
        " /usr/bin/killall -9 nginx ", 
        "", 
        "-----------------------------------------------------------", 
        "|                 Clearing Proxy Cache                    |", 

        "-----------------------------------------------------------", 
        "", 
        " /bin/rm -rf /tmp/nginx_cache ", 
        "", 
        "-----------------------------------------------------------", 

        "|                Restarting Nginx Process                 |", 
        "-----------------------------------------------------------", 
        "root     15026  0.0  0.0 106076  1384 ?        S    17:13   0:00 /bin/bash /bak/bin/clear_nginxcache.sh", 
        "root     15036  0.0  0.0 295864  1524 ?        Ss   17:13   0:00 nginx: master process /usr/local/nginx/sbin/nginx", 
        "nobody   15037  0.0  0.7 323000 28836 ?        S    17:13   0:00 nginx: worker process      ", 

        "nobody   15038  2.0  0.7 323000 28924 ?        S    17:13   0:00 nginx: worker process      ", 
        "nobody   15039  2.5  0.7 323000 28836 ?        S    17:13   0:00 nginx: worker process      ", 
        "nobody   15041  2.5  0.7 323000 28924 ?        S    17:13   0:00 nginx: worker process      ", 
        "nobody   15042  2.0  0.7 323000 28924 ?        S    17:13   0:00 nginx: worker process      ", 
        "nobody   15043  0.5  0.7 323056 29344 ?        S    17:13   0:00 nginx: worker process      ", 

        "nobody   15044  0.0  0.7 323000 28924 ?        S    17:13   0:00 nginx: worker process      ", 
        "nobody   15045  2.5  0.7 323000 28924 ?        S    17:13   0:00 nginx: worker process      ", 
        "nobody   15046  0.0  0.0 296036  1928 ?        S    17:13   0:00 nginx: cache manager process", 
        "nobody   15047  0.0  0.0 296036  1884 ?        S    17:13   0:00 nginx: cache loader process", 
        "root     15062  0.0  0.0 103256   844 ?        S    17:13   0:00 grep nginx", 

        "             total       used       free     shared    buffers     cached", 
        "Mem:          3832       3643        189          0        316       2146", 
        "-/+ buffers/cache:       1180       2651", 
        "Swap:         4095         76       4019", 
        "-----------------------------------------------------------", 

        "|                     Reload SUCCESS!                     |", 
        "-----------------------------------------------------------"
    ]
}
ok: [119.9.95.28] => {

    "script_result.stdout_lines": [
        "-----------------------------------------------------------", 
        "|                 Checking Nginx Config                   |", 
        "-----------------------------------------------------------", 
        "", 

        " nginx -t ", 
        "", 
        "-----------------------------------------------------------", 
        "|                 Stopping Nginx Process                  |", 
        "-----------------------------------------------------------", 

        "", 
        " /usr/bin/killall -9 nginx ", 
        "", 
        "-----------------------------------------------------------", 
        "|                 Clearing Proxy Cache                    |", 

        "-----------------------------------------------------------", 
        "", 
        " /bin/rm -rf /tmp/nginx_cache ", 
        "", 
        "-----------------------------------------------------------", 

        "|                Restarting Nginx Process                 |", 
        "-----------------------------------------------------------", 
        "root     24251  0.0  0.0 106084  1412 ?        S    17:13   0:00 /bin/bash /bak/bin/clear_nginxcache.sh", 
        "root     24257  0.0  0.0 292940  1496 ?        Ss   17:13   0:00 nginx: master process /usr/local/nginx/sbin/nginx", 
        "nobody   24258  0.5  1.4 320076 28824 ?        S    17:13   0:00 nginx: worker process      ", 

        "nobody   24260  0.0  1.4 320076 28824 ?        S    17:13   0:00 nginx: worker process      ", 
        "nobody   24261  0.5  1.4 323472 29548 ?        S    17:13   0:00 nginx: worker process      ", 
        "nobody   24262  0.0  1.4 320076 28824 ?        S    17:13   0:00 nginx: worker process      ", 
        "nobody   24263  0.0  1.4 320640 29120 ?        S    17:13   0:00 nginx: worker process      ", 
        "nobody   24264  0.0  1.4 320076 28824 ?        S    17:13   0:00 nginx: worker process      ", 

        "nobody   24265  0.0  1.4 320640 29120 ?        S    17:13   0:00 nginx: worker process      ", 
        "nobody   24266  0.0  1.4 320076 28824 ?        S    17:13   0:00 nginx: worker process      ", 
        "nobody   24267  0.0  0.0 293108  1916 ?        S    17:13   0:00 nginx: cache manager process", 
        "nobody   24268  0.0  0.0 293108  1872 ?        S    17:13   0:00 nginx: cache loader process", 
        "root     24270  0.0  0.0 103324   888 ?        S    17:13   0:00 grep nginx", 

        "             total       used       free     shared    buffers     cached", 
        "Mem:          2000       1879        121          2        254       1218", 
        "-/+ buffers/cache:        405       1594", 
        "Swap:            0          0          0", 
        "-----------------------------------------------------------", 

        "|                     Reload SUCCESS!                     |", 
        "-----------------------------------------------------------"
    ]
}
ok: [119.9.108.184] => {

    "script_result.stdout_lines": [
        "-----------------------------------------------------------", 
        "|                 Checking Nginx Config                   |", 
        "-----------------------------------------------------------", 
        "", 

        " nginx -t ", 
        "", 
        "-----------------------------------------------------------", 
        "|                 Stopping Nginx Process                  |", 
        "-----------------------------------------------------------", 

        "", 
        " /usr/bin/killall -9 nginx ", 
        "", 
        "-----------------------------------------------------------", 
        "|                 Clearing Proxy Cache                    |", 

        "-----------------------------------------------------------", 
        "", 
        " /bin/rm -rf /tmp/nginx_cache ", 
        "", 
        "-----------------------------------------------------------", 

        "|                Restarting Nginx Process                 |", 
        "-----------------------------------------------------------", 
        "root     19928  0.0  0.0 106084  1412 ?        S    17:13   0:00 /bin/bash /bak/bin/clear_nginxcache.sh", 
        "root     19935  0.0  0.0 293116  1480 ?        Ss   17:13   0:00 nginx: master process /usr/local/nginx/sbin/nginx", 
        "nobody   19936  0.3  0.7 323388 29440 ?        S    17:13   0:00 nginx: worker process      ", 

        "nobody   19938  0.3  0.7 324412 29568 ?        S    17:13   0:00 nginx: worker process      ", 
        "nobody   19939  0.0  0.7 324932 30008 ?        S    17:13   0:00 nginx: worker process      ", 
        "nobody   19940  0.3  0.7 320304 29472 ?        S    17:13   0:00 nginx: worker process      ", 
        "nobody   19941  0.0  0.7 320252 28820 ?        S    17:13   0:00 nginx: worker process      ", 
        "nobody   19942  0.0  0.7 320252 28808 ?        S    17:13   0:00 nginx: worker process      ", 

        "nobody   19943  0.3  0.7 320252 28808 ?        S    17:13   0:00 nginx: worker process      ", 
        "nobody   19944  0.0  0.7 320252 28808 ?        S    17:13   0:00 nginx: worker process      ", 
        "nobody   19945  0.0  0.0 293284  1900 ?        S    17:13   0:00 nginx: cache manager process", 
        "nobody   19946  0.0  0.0 293284  1856 ?        S    17:13   0:00 nginx: cache loader process", 
        "root     19950  0.0  0.0 103324   884 ?        S    17:13   0:00 grep nginx", 

        "             total       used       free     shared    buffers     cached", 
        "Mem:          3954       3745        208          2        317       2826", 
        "-/+ buffers/cache:        601       3352", 
        "Swap:            0          0          0", 
        "-----------------------------------------------------------", 

        "|                     Reload SUCCESS!                     |", 
        "-----------------------------------------------------------"
    ]
}
ok: [43.231.184.81] => {

    "script_result.stdout_lines": [
        "-----------------------------------------------------------", 
        "|                 Checking Nginx Config                   |", 
        "-----------------------------------------------------------", 
        "", 

        " nginx -t ", 
        "", 
        "-----------------------------------------------------------", 
        "|                 Stopping Nginx Process                  |", 
        "-----------------------------------------------------------", 

        "", 
        " /usr/bin/killall -9 nginx ", 
        "", 
        "-----------------------------------------------------------", 
        "|                 Clearing Proxy Cache                    |", 

        "-----------------------------------------------------------", 
        "", 
        " /bin/rm -rf /tmp/nginx_cache ", 
        "", 
        "-----------------------------------------------------------", 

        "|                Restarting Nginx Process                 |", 
        "-----------------------------------------------------------", 
        "root     31851  0.0  0.0 106076  1384 ?        S    17:13   0:00 /bin/bash /bak/bin/clear_nginxcache.sh", 
        "root     31857  0.0  0.0 295896  1544 ?        Ss   17:13   0:00 nginx: master process /usr/local/nginx/sbin/nginx", 
        "nobody   31858  1.0  0.7 324888 29632 ?        S    17:13   0:00 nginx: worker process      ", 

        "nobody   31860  3.3  0.7 325400 29844 ?        S    17:13   0:00 nginx: worker process      ", 
        "nobody   31861  3.3  0.7 324888 29664 ?        S    17:13   0:00 nginx: worker process      ", 
        "nobody   31862  3.6  0.7 323600 29384 ?        S    17:13   0:00 nginx: worker process      ", 
        "nobody   31863  5.6  0.7 325416 29688 ?        S    17:13   0:00 nginx: worker process      ", 
        "nobody   31864  3.3  0.7 323032 28856 ?        S    17:13   0:00 nginx: worker process      ", 

        "nobody   31865  3.6  0.7 323088 29380 ?        S    17:13   0:00 nginx: worker process      ", 
        "nobody   31866  3.3  0.7 323032 28856 ?        S    17:13   0:00 nginx: worker process      ", 
        "nobody   31867  0.0  0.0 296068  1948 ?        S    17:13   0:00 nginx: cache manager process", 
        "nobody   31868  0.0  0.0 296068  1908 ?        S    17:13   0:00 nginx: cache loader process", 
        "root     31879  0.0  0.0 103256   844 ?        R    17:13   0:00 grep nginx", 

        "             total       used       free     shared    buffers     cached", 
        "Mem:          3832       3489        343          0        347       1950", 
        "-/+ buffers/cache:       1191       2640", 
        "Swap:         4095        340       3755", 
        "-----------------------------------------------------------", 

        "|                     Reload SUCCESS!                     |", 
        "-----------------------------------------------------------"
    ]
}


PLAY [127.0.0.1] ***************************************************************

TASK [sync_to_git : Synchronizing Nginx To GIT] ********************************
changed: [127.0.0.1]


TASK [sync_to_git : debug] *****************************************************
ok: [127.0.0.1] => {
    "msg": " [u'[master c8e0116] quincy', u' 2 files changed, 5 insertions(+)', u'Branch master set up to track remote branch master from origin.']"
}


PLAY [acc-midpay_nginx] ********************************************************

PLAY [127.0.0.1] ***************************************************************

PLAY RECAP *********************************************************************

119.9.108.184              : ok=11   changed=2    unreachable=0    failed=0    skipped=0    rescued=0    ignored=0   
119.9.95.28                : ok=11   changed=2    unreachable=0    failed=0    skipped=0    rescued=0    ignored=0   
127.0.0.1                  : ok=2    changed=1    unreachable=0    failed=0    skipped=0    rescued=0    ignored=0   
43.231.184.81              : ok=11   changed=2    unreachable=0    failed=0    skipped=0    rescued=0    ignored=0   
45.192.182.161             : ok=11   changed=2    unreachable=0    failed=0    skipped=0    rescued=0    ignored=0   



ESYNC_WORKER1_COMMAND_END
MAX RETRIES EXECUTED, COMMAND NOT RESPONDING