ESYNC_WORKER1_COMMAND_START
 [WARNING]: Invalid characters were found in group names but not replaced, use
-vvvv to see details

PLAY [acc-midpay_nginx] ********************************************************


TASK [Gathering Facts] *********************************************************
ok: [45.192.182.161]
ok: [43.231.184.81]
ok: [119.9.108.184]
ok: [119.9.95.28]


TASK [nginx_sync : Change python interpreter] **********************************
ok: [45.192.182.161]
ok: [119.9.95.28]
ok: [119.9.108.184]

ok: [43.231.184.81]

TASK [nginx_sync : change python interpreter] **********************************
ok: [45.192.182.161]
ok: [119.9.95.28]

ok: [119.9.108.184]
ok: [43.231.184.81]

TASK [nginx_sync : Notify] *****************************************************
ok: [45.192.182.161] => {

    "msg": "Syncing acc-midpay_nginx"
}
ok: [119.9.95.28] => {
    "msg": "Syncing acc-midpay_nginx"
}

ok: [119.9.108.184] => {
    "msg": "Syncing acc-midpay_nginx"
}
ok: [43.231.184.81] => {
    "msg": "Syncing acc-midpay_nginx"

}

TASK [nginx_sync : include_vars] ***********************************************
ok: [45.192.182.161]
ok: [119.9.95.28]

ok: [119.9.108.184]
ok: [43.231.184.81]

TASK [nginx_sync : Synchronizing Nginx] ****************************************
changed: [119.9.108.184] => (item=conf)

changed: [45.192.182.161] => (item=conf)
changed: [119.9.95.28] => (item=conf)
changed: [43.231.184.81] => (item=conf)
changed: [119.9.108.184] => (item=conf.d)
changed: [43.231.184.81] => (item=conf.d)

changed: [45.192.182.161] => (item=conf.d)
changed: [119.9.95.28] => (item=conf.d)
ok: [119.9.108.184] => (item=data)
ok: [43.231.184.81] => (item=data)
ok: [45.192.182.161] => (item=data)

ok: [119.9.95.28] => (item=data)
ok: [119.9.108.184] => (item=html)
ok: [43.231.184.81] => (item=html)
ok: [45.192.182.161] => (item=html)
ok: [119.9.95.28] => (item=html)


TASK [nginx_sync : Set HTML Dir to root] ***************************************
ok: [43.231.184.81]
ok: [45.192.182.161]
ok: [119.9.108.184]

ok: [119.9.95.28]

TASK [all_servers : include_vars] **********************************************
ok: [45.192.182.161]
ok: [119.9.95.28]

ok: [119.9.108.184]
ok: [43.231.184.81]

TASK [all_servers : Notify] ****************************************************
ok: [45.192.182.161] => {

    "msg": "Clearing Nginx Cache for acc-midpay_nginx"
}
ok: [119.9.95.28] => {
    "msg": "Clearing Nginx Cache for acc-midpay_nginx"
}

ok: [119.9.108.184] => {
    "msg": "Clearing Nginx Cache for acc-midpay_nginx"
}
ok: [43.231.184.81] => {
    "msg": "Clearing Nginx Cache for acc-midpay_nginx"

}

TASK [all_servers : Copying clear_nginxcache.sh to remote hosts] ***************
ok: [119.9.95.28]
ok: [43.231.184.81]

ok: [45.192.182.161]
ok: [119.9.108.184]

TASK [all_servers : Nginx Clear Cache] *****************************************
changed: [119.9.95.28]

changed: [119.9.108.184]
changed: [45.192.182.161]
changed: [43.231.184.81]

TASK [all_servers : debug] *****************************************************

ok: [45.192.182.161] => {
    "script_result.stdout_lines": [
        "-----------------------------------------------------------", 
        "|                 Checking Nginx Config                   |", 
        "-----------------------------------------------------------", 

        "", 
        " nginx -t ", 
        "", 
        "-----------------------------------------------------------", 
        "|                 Stopping Nginx Process                  |", 

        "-----------------------------------------------------------", 
        "", 
        " /usr/bin/killall -9 nginx ", 
        "", 
        "-----------------------------------------------------------", 

        "|                 Clearing Proxy Cache                    |", 
        "-----------------------------------------------------------", 
        "", 
        " /bin/rm -rf /tmp/nginx_cache ", 
        "", 

        "-----------------------------------------------------------", 
        "|                Restarting Nginx Process                 |", 
        "-----------------------------------------------------------", 
        "root     16577  0.0  0.0 106076  1384 ?        S    12:40   0:00 /bin/bash /bak/bin/clear_nginxcache.sh", 
        "root     16605  0.0  0.0 296020  1624 ?        Ss   12:40   0:00 nginx: master process /usr/local/nginx/sbin/nginx", 

        "nobody   16606  0.5  0.7 323156 28936 ?        S    12:40   0:00 nginx: worker process      ", 
        "nobody   16608  0.5  0.7 323156 28936 ?        S    12:40   0:00 nginx: worker process      ", 
        "nobody   16609  0.5  0.7 323156 28936 ?        S    12:40   0:00 nginx: worker process      ", 
        "nobody   16610  0.5  0.7 323156 28936 ?        S    12:40   0:00 nginx: worker process      ", 
        "nobody   16611  1.0  0.7 323156 28936 ?        S    12:40   0:00 nginx: worker process      ", 

        "nobody   16612  1.0  0.7 323156 28936 ?        S    12:40   0:00 nginx: worker process      ", 
        "nobody   16613  1.0  0.7 323156 28936 ?        S    12:40   0:00 nginx: worker process      ", 
        "nobody   16614  1.0  0.7 323156 28936 ?        S    12:40   0:00 nginx: worker process      ", 
        "nobody   16615  0.0  0.0 296188  2032 ?        S    12:40   0:00 nginx: cache manager process", 
        "nobody   16616  0.0  0.0 296188  1988 ?        S    12:40   0:00 nginx: cache loader process", 

        "root     16618  0.0  0.0 103256   836 ?        R    12:40   0:00 grep nginx", 
        "             total       used       free     shared    buffers     cached", 
        "Mem:          3832       3555        277          0        345       1913", 
        "-/+ buffers/cache:       1295       2536", 
        "Swap:         4095        129       3966", 

        "-----------------------------------------------------------", 
        "|                     Reload SUCCESS!                     |", 
        "-----------------------------------------------------------"
    ]
}

ok: [119.9.95.28] => {
    "script_result.stdout_lines": [
        "-----------------------------------------------------------", 
        "|                 Checking Nginx Config                   |", 
        "-----------------------------------------------------------", 

        "", 
        " nginx -t ", 
        "", 
        "-----------------------------------------------------------", 
        "|                 Stopping Nginx Process                  |", 

        "-----------------------------------------------------------", 
        "", 
        " /usr/bin/killall -9 nginx ", 
        "", 
        "-----------------------------------------------------------", 

        "|                 Clearing Proxy Cache                    |", 
        "-----------------------------------------------------------", 
        "", 
        " /bin/rm -rf /tmp/nginx_cache ", 
        "", 

        "-----------------------------------------------------------", 
        "|                Restarting Nginx Process                 |", 
        "-----------------------------------------------------------", 
        "root      3549  0.0  0.0 106084  1412 ?        S    12:40   0:00 /bin/bash /bak/bin/clear_nginxcache.sh", 
        "root      3555  0.0  0.0 293092  1588 ?        Ss   12:40   0:00 nginx: master process /usr/local/nginx/sbin/nginx", 

        "nobody    3556  0.0  1.4 320228 28916 ?        S    12:40   0:00 nginx: worker process      ", 
        "nobody    3558  0.0  1.4 320744 29340 ?        S    12:40   0:00 nginx: worker process      ", 
        "nobody    3559  0.0  1.4 320228 28916 ?        S    12:40   0:00 nginx: worker process      ", 
        "nobody    3560  0.0  1.4 320228 28916 ?        S    12:40   0:00 nginx: worker process      ", 
        "nobody    3561  0.0  1.4 320228 28916 ?        S    12:40   0:00 nginx: worker process      ", 

        "nobody    3562  0.0  1.4 320228 28916 ?        S    12:40   0:00 nginx: worker process      ", 
        "nobody    3563  0.0  1.4 320228 28916 ?        S    12:40   0:00 nginx: worker process      ", 
        "nobody    3564  0.0  1.4 320228 29000 ?        S    12:40   0:00 nginx: worker process      ", 
        "nobody    3565  0.0  0.0 293260  2012 ?        S    12:40   0:00 nginx: cache manager process", 
        "nobody    3566  0.0  0.0 293260  1968 ?        S    12:40   0:00 nginx: cache loader process", 

        "root      3568  0.0  0.0 103328   892 ?        S    12:40   0:00 grep nginx", 
        "             total       used       free     shared    buffers     cached", 
        "Mem:          2000       1881        119          1        171       1313", 
        "-/+ buffers/cache:        395       1604", 
        "Swap:            0          0          0", 

        "-----------------------------------------------------------", 
        "|                     Reload SUCCESS!                     |", 
        "-----------------------------------------------------------"
    ]
}

ok: [119.9.108.184] => {
    "script_result.stdout_lines": [
        "-----------------------------------------------------------", 
        "|                 Checking Nginx Config                   |", 
        "-----------------------------------------------------------", 

        "", 
        " nginx -t ", 
        "", 
        "-----------------------------------------------------------", 
        "|                 Stopping Nginx Process                  |", 

        "-----------------------------------------------------------", 
        "", 
        " /usr/bin/killall -9 nginx ", 
        "", 
        "-----------------------------------------------------------", 

        "|                 Clearing Proxy Cache                    |", 
        "-----------------------------------------------------------", 
        "", 
        " /bin/rm -rf /tmp/nginx_cache ", 
        "", 

        "-----------------------------------------------------------", 
        "|                Restarting Nginx Process                 |", 
        "-----------------------------------------------------------", 
        "root     16584  0.0  0.0 106084  1416 ?        S    12:40   0:00 /bin/bash /bak/bin/clear_nginxcache.sh", 
        "root     16590  0.0  0.0 293268  1576 ?        Ss   12:40   0:00 nginx: master process /usr/local/nginx/sbin/nginx", 

        "nobody   16591  0.0  0.7 320404 28992 ?        S    12:40   0:00 nginx: worker process      ", 
        "nobody   16593  0.0  0.7 320408 29440 ?        S    12:40   0:00 nginx: worker process      ", 
        "nobody   16594  0.0  0.7 320404 28992 ?        S    12:40   0:00 nginx: worker process      ", 
        "nobody   16595  0.0  0.7 320404 28980 ?        S    12:40   0:00 nginx: worker process      ", 
        "nobody   16596  0.0  0.7 320404 28980 ?        S    12:40   0:00 nginx: worker process      ", 

        "nobody   16597  0.0  0.7 320404 28992 ?        S    12:40   0:00 nginx: worker process      ", 
        "nobody   16598  0.0  0.7 320404 28992 ?        S    12:40   0:00 nginx: worker process      ", 
        "nobody   16599  0.0  0.7 320404 28980 ?        S    12:40   0:00 nginx: worker process      ", 
        "nobody   16600  0.0  0.0 293436  2076 ?        S    12:40   0:00 nginx: cache manager process", 
        "nobody   16601  0.0  0.0 293436  1956 ?        S    12:40   0:00 nginx: cache loader process", 

        "root     16603  0.0  0.0 103324   884 ?        S    12:40   0:00 grep nginx", 
        "             total       used       free     shared    buffers     cached", 
        "Mem:          3954       3749        205          1        215       3058", 
        "-/+ buffers/cache:        475       3478", 
        "Swap:            0          0          0", 

        "-----------------------------------------------------------", 
        "|                     Reload SUCCESS!                     |", 
        "-----------------------------------------------------------"
    ]
}

ok: [43.231.184.81] => {
    "script_result.stdout_lines": [
        "-----------------------------------------------------------", 
        "|                 Checking Nginx Config                   |", 
        "-----------------------------------------------------------", 

        "", 
        " nginx -t ", 
        "", 
        "-----------------------------------------------------------", 
        "|                 Stopping Nginx Process                  |", 

        "-----------------------------------------------------------", 
        "", 
        " /usr/bin/killall -9 nginx ", 
        "", 
        "-----------------------------------------------------------", 

        "|                 Clearing Proxy Cache                    |", 
        "-----------------------------------------------------------", 
        "", 
        " /bin/rm -rf /tmp/nginx_cache ", 
        "", 

        "-----------------------------------------------------------", 
        "|                Restarting Nginx Process                 |", 
        "-----------------------------------------------------------", 
        "root     15132  0.0  0.0 106076  1384 ?        S    12:40   0:00 /bin/bash /bak/bin/clear_nginxcache.sh", 
        "root     15160  0.0  0.0 296052  1644 ?        Ss   12:40   0:00 nginx: master process /usr/local/nginx/sbin/nginx", 

        "nobody   15161  1.5  0.7 323188 28956 ?        S    12:40   0:00 nginx: worker process      ", 
        "nobody   15162  1.5  0.7 323188 28956 ?        S    12:40   0:00 nginx: worker process      ", 
        "nobody   15164  4.5  0.7 323188 28956 ?        S    12:40   0:00 nginx: worker process      ", 
        "nobody   15165  1.5  0.7 323188 28956 ?        S    12:40   0:00 nginx: worker process      ", 
        "nobody   15166  4.5  0.7 323188 28956 ?        S    12:40   0:00 nginx: worker process      ", 

        "nobody   15167  1.5  0.7 323188 28956 ?        S    12:40   0:00 nginx: worker process      ", 
        "nobody   15168  4.5  0.7 323188 28956 ?        S    12:40   0:00 nginx: worker process      ", 
        "nobody   15169  1.5  0.7 323188 28956 ?        S    12:40   0:00 nginx: worker process      ", 
        "nobody   15170  0.0  0.0 296220  2052 ?        S    12:40   0:00 nginx: cache manager process", 
        "nobody   15171  0.0  0.0 296220  2012 ?        S    12:40   0:00 nginx: cache loader process", 

        "root     15173  0.0  0.0 103256   840 ?        S    12:40   0:00 grep nginx", 
        "             total       used       free     shared    buffers     cached", 
        "Mem:          3832       3623        209          0        396       1090", 
        "-/+ buffers/cache:       2135       1696", 
        "Swap:         4095        375       3720", 

        "-----------------------------------------------------------", 
        "|                     Reload SUCCESS!                     |", 
        "-----------------------------------------------------------"
    ]
}


PLAY [127.0.0.1] ***************************************************************

TASK [sync_to_git : Synchronizing Nginx To GIT] ********************************
changed: [127.0.0.1]


TASK [sync_to_git : debug] *****************************************************
ok: [127.0.0.1] => {
    "msg": " [u'[master 7b4f5fd] quincy', u' 2 files changed, 4 insertions(+)', u'Branch master set up to track remote branch master from origin.']"
}


PLAY [acc-midpay_nginx] ********************************************************

PLAY [127.0.0.1] ***************************************************************


PLAY RECAP *********************************************************************
119.9.108.184              : ok=12   changed=2    unreachable=0    failed=0    skipped=0    rescued=0    ignored=0   
119.9.95.28                : ok=12   changed=2    unreachable=0    failed=0    skipped=0    rescued=0    ignored=0   
127.0.0.1                  : ok=2    changed=1    unreachable=0    failed=0    skipped=0    rescued=0    ignored=0   
43.231.184.81              : ok=12   changed=2    unreachable=0    failed=0    skipped=0    rescued=0    ignored=0   

45.192.182.161             : ok=12   changed=2    unreachable=0    failed=0    skipped=0    rescued=0    ignored=0   


ESYNC_WORKER1_COMMAND_END
MAX RETRIES EXECUTED, COMMAND NOT RESPONDING