ESYNC_WORKER1_COMMAND_START
 [WARNING]: Invalid characters were found in group names but not replaced, use
-vvvv to see details

PLAY [acc-midpay_nginx] ********************************************************


TASK [Gathering Facts] *********************************************************
ok: [119.9.108.184]
ok: [119.9.95.28]
ok: [43.231.184.81]
ok: [47.107.33.107]

ok: [45.192.182.161]

TASK [nginx_sync : Change python interpreter] **********************************
ok: [45.192.182.161]
ok: [119.9.95.28]

ok: [119.9.108.184]
ok: [43.231.184.81]
ok: [47.107.33.107]

TASK [nginx_sync : change python interpreter] **********************************

ok: [45.192.182.161]
ok: [119.9.95.28]
ok: [119.9.108.184]
ok: [43.231.184.81]
ok: [47.107.33.107]


TASK [nginx_sync : Notify] *****************************************************
ok: [45.192.182.161] => {
    "msg": "Syncing acc-midpay_nginx"
}

ok: [119.9.95.28] => {
    "msg": "Syncing acc-midpay_nginx"
}
ok: [119.9.108.184] => {
    "msg": "Syncing acc-midpay_nginx"

}
ok: [43.231.184.81] => {
    "msg": "Syncing acc-midpay_nginx"
}
ok: [47.107.33.107] => {

    "msg": "Syncing acc-midpay_nginx"
}

TASK [nginx_sync : include_vars] ***********************************************
ok: [45.192.182.161]

ok: [119.9.95.28]
ok: [119.9.108.184]
ok: [43.231.184.81]
ok: [47.107.33.107]


TASK [nginx_sync : Synchronizing Nginx] ****************************************
changed: [119.9.95.28] => (item=conf)
changed: [45.192.182.161] => (item=conf)
changed: [119.9.108.184] => (item=conf)
changed: [43.231.184.81] => (item=conf)

changed: [47.107.33.107] => (item=conf)
changed: [119.9.95.28] => (item=conf.d)
changed: [45.192.182.161] => (item=conf.d)
changed: [119.9.108.184] => (item=conf.d)
changed: [43.231.184.81] => (item=conf.d)

ok: [119.9.95.28] => (item=data)
ok: [45.192.182.161] => (item=data)
changed: [47.107.33.107] => (item=conf.d)
ok: [119.9.108.184] => (item=data)
ok: [43.231.184.81] => (item=data)

ok: [119.9.95.28] => (item=html)
ok: [45.192.182.161] => (item=html)
ok: [119.9.108.184] => (item=html)
ok: [47.107.33.107] => (item=data)
ok: [43.231.184.81] => (item=html)

ok: [47.107.33.107] => (item=html)

TASK [all_servers : include_vars] **********************************************
ok: [45.192.182.161]
ok: [119.9.95.28]

ok: [119.9.108.184]
ok: [43.231.184.81]
ok: [47.107.33.107]

TASK [all_servers : Notify] ****************************************************

ok: [45.192.182.161] => {
    "msg": "Clearing Nginx Cache for acc-midpay_nginx"
}
ok: [119.9.95.28] => {
    "msg": "Clearing Nginx Cache for acc-midpay_nginx"

}
ok: [119.9.108.184] => {
    "msg": "Clearing Nginx Cache for acc-midpay_nginx"
}
ok: [43.231.184.81] => {

    "msg": "Clearing Nginx Cache for acc-midpay_nginx"
}
ok: [47.107.33.107] => {
    "msg": "Clearing Nginx Cache for acc-midpay_nginx"
}


TASK [all_servers : Copying clear_nginxcache.sh to remote hosts] ***************
ok: [47.107.33.107]
ok: [119.9.108.184]
ok: [43.231.184.81]

ok: [119.9.95.28]
ok: [45.192.182.161]

TASK [all_servers : Nginx Clear Cache] *****************************************
changed: [119.9.108.184]

changed: [43.231.184.81]
changed: [45.192.182.161]
changed: [119.9.95.28]
changed: [47.107.33.107]


TASK [all_servers : debug] *****************************************************
ok: [45.192.182.161] => {
    "script_result.stdout_lines": [
        "-----------------------------------------------------------", 
        "|                 Checking Nginx Config                   |", 

        "-----------------------------------------------------------", 
        "", 
        " nginx -t ", 
        "", 
        "-----------------------------------------------------------", 

        "|                 Stopping Nginx Process                  |", 
        "-----------------------------------------------------------", 
        "", 
        " /usr/bin/killall -9 nginx ", 
        "", 

        "-----------------------------------------------------------", 
        "|                 Clearing Proxy Cache                    |", 
        "-----------------------------------------------------------", 
        "", 
        " /bin/rm -rf /tmp/nginx_cache ", 

        "", 
        "-----------------------------------------------------------", 
        "|                Restarting Nginx Process                 |", 
        "-----------------------------------------------------------", 
        "root     22394  0.0  0.0 106076  1384 ?        S    12:50   0:00 /bin/bash /bak/bin/clear_nginxcache.sh", 

        "root     22413  0.0  0.0 295868  1528 ?        Ss   12:51   0:00 nginx: master process /usr/local/nginx/sbin/nginx", 
        "nobody   22414  0.0  0.7 323588 29208 ?        S    12:51   0:00 nginx: worker process      ", 
        "nobody   22415  0.0  0.7 323004 28928 ?        S    12:51   0:00 nginx: worker process      ", 
        "nobody   22417  1.0  0.7 323004 28928 ?        S    12:51   0:00 nginx: worker process      ", 
        "nobody   22418  0.0  0.7 323004 28928 ?        S    12:51   0:00 nginx: worker process      ", 

        "nobody   22419  0.3  0.7 323004 28840 ?        S    12:51   0:00 nginx: worker process      ", 
        "nobody   22420  1.3  0.7 323004 28840 ?        S    12:51   0:00 nginx: worker process      ", 
        "nobody   22421  0.3  0.7 323004 28928 ?        S    12:51   0:00 nginx: worker process      ", 
        "nobody   22422  0.3  0.7 323004 28928 ?        S    12:51   0:00 nginx: worker process      ", 
        "nobody   22423  0.0  0.0 296056  1940 ?        S    12:51   0:00 nginx: cache manager process", 

        "nobody   22424  0.0  0.0 296056  1896 ?        S    12:51   0:00 nginx: cache loader process", 
        "root     22426  0.0  0.0 103256   840 ?        S    12:51   0:00 grep nginx", 
        "             total       used       free     shared    buffers     cached", 
        "Mem:          3832       3469        363          0        318       2119", 
        "-/+ buffers/cache:       1031       2801", 

        "Swap:         4095         45       4050", 
        "-----------------------------------------------------------", 
        "|                     Reload SUCCESS!                     |", 
        "-----------------------------------------------------------"
    ]

}
ok: [119.9.95.28] => {
    "script_result.stdout_lines": [
        "-----------------------------------------------------------", 
        "|                 Checking Nginx Config                   |", 

        "-----------------------------------------------------------", 
        "", 
        " nginx -t ", 
        "", 
        "-----------------------------------------------------------", 

        "|                 Stopping Nginx Process                  |", 
        "-----------------------------------------------------------", 
        "", 
        " /usr/bin/killall -9 nginx ", 
        "", 

        "-----------------------------------------------------------", 
        "|                 Clearing Proxy Cache                    |", 
        "-----------------------------------------------------------", 
        "", 
        " /bin/rm -rf /tmp/nginx_cache ", 

        "", 
        "-----------------------------------------------------------", 
        "|                Restarting Nginx Process                 |", 
        "-----------------------------------------------------------", 
        "root      5668  0.0  0.0 106084  1416 ?        S    12:50   0:00 /bin/bash /bak/bin/clear_nginxcache.sh", 

        "root      5678  0.0  0.0 292944  1500 ?        Ss   12:51   0:00 nginx: master process /usr/local/nginx/sbin/nginx", 
        "nobody    5679  0.0  1.4 320080 28828 ?        S    12:51   0:00 nginx: worker process      ", 
        "nobody    5680  0.0  1.4 322444 29728 ?        S    12:51   0:00 nginx: worker process      ", 
        "nobody    5682  0.0  1.4 320080 28828 ?        S    12:51   0:00 nginx: worker process      ", 
        "nobody    5683  0.0  1.4 320644 29124 ?        S    12:51   0:00 nginx: worker process      ", 

        "nobody    5684  0.0  1.4 320080 28828 ?        S    12:51   0:00 nginx: worker process      ", 
        "nobody    5685  0.0  1.4 320080 28828 ?        S    12:51   0:00 nginx: worker process      ", 
        "nobody    5686  0.0  1.4 320132 29240 ?        S    12:51   0:00 nginx: worker process      ", 
        "nobody    5687  0.0  1.4 320080 28828 ?        S    12:51   0:00 nginx: worker process      ", 
        "nobody    5688  0.0  0.0 293112  1920 ?        S    12:51   0:00 nginx: cache manager process", 

        "nobody    5689  0.0  0.0 293112  1876 ?        S    12:51   0:00 nginx: cache loader process", 
        "root      5691  0.0  0.0 103328   892 ?        S    12:51   0:00 grep nginx", 
        "             total       used       free     shared    buffers     cached", 
        "Mem:          2000       1890        110          2        147       1331", 
        "-/+ buffers/cache:        411       1589", 

        "Swap:            0          0          0", 
        "-----------------------------------------------------------", 
        "|                     Reload SUCCESS!                     |", 
        "-----------------------------------------------------------"
    ]

}
ok: [119.9.108.184] => {
    "script_result.stdout_lines": [
        "-----------------------------------------------------------", 
        "|                 Checking Nginx Config                   |", 

        "-----------------------------------------------------------", 
        "", 
        " nginx -t ", 
        "", 
        "-----------------------------------------------------------", 

        "|                 Stopping Nginx Process                  |", 
        "-----------------------------------------------------------", 
        "", 
        " /usr/bin/killall -9 nginx ", 
        "", 

        "-----------------------------------------------------------", 
        "|                 Clearing Proxy Cache                    |", 
        "-----------------------------------------------------------", 
        "", 
        " /bin/rm -rf /tmp/nginx_cache ", 

        "", 
        "-----------------------------------------------------------", 
        "|                Restarting Nginx Process                 |", 
        "-----------------------------------------------------------", 
        "root      6580  0.0  0.0 106084  1412 ?        S    12:50   0:00 /bin/bash /bak/bin/clear_nginxcache.sh", 

        "root      6590  0.0  0.0 293120  1488 ?        Ss   12:51   0:00 nginx: master process /usr/local/nginx/sbin/nginx", 
        "nobody    6591  0.0  0.7 323384 29236 ?        S    12:51   0:00 nginx: worker process      ", 
        "nobody    6593  0.0  0.7 320820 29188 ?        S    12:51   0:00 nginx: worker process      ", 
        "nobody    6594  0.0  0.7 320256 28904 ?        S    12:51   0:00 nginx: worker process      ", 
        "nobody    6595  0.0  0.7 320820 29188 ?        S    12:51   0:00 nginx: worker process      ", 

        "nobody    6596  0.0  0.7 320308 29348 ?        S    12:51   0:00 nginx: worker process      ", 
        "nobody    6597  0.0  0.7 320256 28904 ?        S    12:51   0:00 nginx: worker process      ", 
        "nobody    6598  0.0  0.7 321844 29320 ?        S    12:51   0:00 nginx: worker process      ", 
        "nobody    6599  0.0  0.7 320256 28816 ?        S    12:51   0:00 nginx: worker process      ", 
        "nobody    6600  0.0  0.0 293288  1908 ?        S    12:51   0:00 nginx: cache manager process", 

        "nobody    6601  0.0  0.0 293288  1864 ?        S    12:51   0:00 nginx: cache loader process", 
        "root      6603  0.0  0.0 103324   884 ?        R    12:51   0:00 grep nginx", 
        "             total       used       free     shared    buffers     cached", 
        "Mem:          3954       3204        750          2        202       2445", 
        "-/+ buffers/cache:        556       3398", 

        "Swap:            0          0          0", 
        "-----------------------------------------------------------", 
        "|                     Reload SUCCESS!                     |", 
        "-----------------------------------------------------------"
    ]

}
ok: [43.231.184.81] => {
    "script_result.stdout_lines": [
        "-----------------------------------------------------------", 
        "|                 Checking Nginx Config                   |", 

        "-----------------------------------------------------------", 
        "", 
        " nginx -t ", 
        "", 
        "-----------------------------------------------------------", 

        "|                 Stopping Nginx Process                  |", 
        "-----------------------------------------------------------", 
        "", 
        " /usr/bin/killall -9 nginx ", 
        "", 

        "-----------------------------------------------------------", 
        "|                 Clearing Proxy Cache                    |", 
        "-----------------------------------------------------------", 
        "", 
        " /bin/rm -rf /tmp/nginx_cache ", 

        "", 
        "-----------------------------------------------------------", 
        "|                Restarting Nginx Process                 |", 
        "-----------------------------------------------------------", 
        "root      3671  0.1  0.0 106076  1384 ?        S    12:50   0:00 /bin/bash /bak/bin/clear_nginxcache.sh", 

        "root      3681  0.0  0.0 295900  1552 ?        Ss   12:51   0:00 nginx: master process /usr/local/nginx/sbin/nginx", 
        "nobody    3683  1.5  0.7 323604 29228 ?        S    12:51   0:00 nginx: worker process      ", 
        "nobody    3684  4.0  0.7 323036 28864 ?        S    12:51   0:00 nginx: worker process      ", 
        "nobody    3685  7.0  0.7 323036 28864 ?        S    12:51   0:00 nginx: worker process      ", 
        "nobody    3686  4.0  0.7 323036 28864 ?        S    12:51   0:00 nginx: worker process      ", 

        "nobody    3687  4.5  0.7 323036 28864 ?        S    12:51   0:00 nginx: worker process      ", 
        "nobody    3688  2.5  0.7 323036 28952 ?        S    12:51   0:00 nginx: worker process      ", 
        "nobody    3689  6.0  0.7 323036 28864 ?        S    12:51   0:00 nginx: worker process      ", 
        "nobody    3690  4.0  0.7 323092 29384 ?        S    12:51   0:00 nginx: worker process      ", 
        "nobody    3691  0.0  0.0 296072  1956 ?        S    12:51   0:00 nginx: cache manager process", 

        "nobody    3692  0.0  0.0 296072  1916 ?        S    12:51   0:00 nginx: cache loader process", 
        "root      3694  0.0  0.0 103256   840 ?        S    12:51   0:00 grep nginx", 
        "             total       used       free     shared    buffers     cached", 
        "Mem:          3832       3329        503          0        325       1731", 
        "-/+ buffers/cache:       1272       2560", 

        "Swap:         4095        286       3809", 
        "-----------------------------------------------------------", 
        "|                     Reload SUCCESS!                     |", 
        "-----------------------------------------------------------"
    ]

}
ok: [47.107.33.107] => {
    "script_result.stdout_lines": [
        "-----------------------------------------------------------", 
        "|                 Checking Nginx Config                   |", 

        "-----------------------------------------------------------", 
        "", 
        " nginx -t ", 
        "", 
        "-----------------------------------------------------------", 

        "|                 Stopping Nginx Process                  |", 
        "-----------------------------------------------------------", 
        "", 
        " /usr/bin/killall -9 nginx ", 
        "", 

        "-----------------------------------------------------------", 
        "|                 Clearing Proxy Cache                    |", 
        "-----------------------------------------------------------", 
        "", 
        " /bin/rm -rf /tmp/nginx_cache ", 

        "", 
        "-----------------------------------------------------------", 
        "|                Restarting Nginx Process                 |", 
        "-----------------------------------------------------------", 
        "root       933  0.0  0.0   9116   716 ?        Ss   Jun17   0:00 /sbin/dhclient -H midpay-nginx6 -1 -q -cf /etc/dhcp/dhclient-eth0.conf -lf /var/lib/dhclient/dhclient-eth0.leases -pf /var/run/dhclient-eth0.pid eth0", 

        "root     15412  0.0  0.0 106080  1416 ?        S    12:50   0:00 /bin/bash /bak/bin/clear_nginxcache.sh", 
        "root     15426  0.0  0.0 295240  1528 ?        Ss   12:51   0:00 nginx: master process /usr/local/nginx/sbin/nginx", 
        "nobody   15427  0.0  0.7 322376 28852 ?        S    12:51   0:00 nginx: worker process      ", 
        "nobody   15429  0.0  0.7 322376 28852 ?        S    12:51   0:00 nginx: worker process      ", 
        "nobody   15430  0.0  0.7 322376 28852 ?        S    12:51   0:00 nginx: worker process      ", 

        "nobody   15431  0.0  0.7 322376 28852 ?        S    12:51   0:00 nginx: worker process      ", 
        "nobody   15432  0.0  0.7 322376 28852 ?        S    12:51   0:00 nginx: worker process      ", 
        "nobody   15433  0.0  0.7 322376 28852 ?        S    12:51   0:00 nginx: worker process      ", 
        "nobody   15434  0.0  0.7 322376 28852 ?        S    12:51   0:00 nginx: worker process      ", 
        "nobody   15435  0.0  0.7 322376 28852 ?        S    12:51   0:00 nginx: worker process      ", 

        "nobody   15436  0.0  0.0 295408  1940 ?        S    12:51   0:00 nginx: cache manager process", 
        "nobody   15437  0.0  0.0 295408  1892 ?        S    12:51   0:00 nginx: cache loader process", 
        "root     15445  0.0  0.0 103324   888 ?        S    12:51   0:00 grep nginx", 
        "             total       used       free     shared    buffers     cached", 
        "Mem:          3961       2285       1676          1        173        539", 

        "-/+ buffers/cache:       1571       2389", 
        "Swap:            0          0          0", 
        "-----------------------------------------------------------", 
        "|                     Reload SUCCESS!                     |", 
        "-----------------------------------------------------------"

    ]
}

PLAY [127.0.0.1] ***************************************************************


TASK [sync_to_git : Synchronizing Nginx To GIT] ********************************
changed: [127.0.0.1]

TASK [sync_to_git : debug] *****************************************************
ok: [127.0.0.1] => {

    "msg": " [u'[master a631ad8] quincy', u' 2 files changed, 6 insertions(+)', u'Branch master set up to track remote branch master from origin.']"
}

PLAY [acc-midpay_nginx] ********************************************************


PLAY [127.0.0.1] ***************************************************************

PLAY RECAP *********************************************************************
119.9.108.184              : ok=11   changed=2    unreachable=0    failed=0    skipped=0    rescued=0    ignored=0   
119.9.95.28                : ok=11   changed=2    unreachable=0    failed=0    skipped=0    rescued=0    ignored=0   

127.0.0.1                  : ok=2    changed=1    unreachable=0    failed=0    skipped=0    rescued=0    ignored=0   
43.231.184.81              : ok=11   changed=2    unreachable=0    failed=0    skipped=0    rescued=0    ignored=0   
45.192.182.161             : ok=11   changed=2    unreachable=0    failed=0    skipped=0    rescued=0    ignored=0   
47.107.33.107              : ok=11   changed=2    unreachable=0    failed=0    skipped=0    rescued=0    ignored=0   



ESYNC_WORKER1_COMMAND_END
MAX RETRIES EXECUTED, COMMAND NOT RESPONDING