ESYNC_WORKER1_COMMAND_START
 [WARNING]: Invalid characters were found in group names but not replaced, use
-vvvv to see details

PLAY [acc-midpay_nginx] ********************************************************


TASK [Gathering Facts] *********************************************************
ok: [119.9.108.184]
ok: [43.231.184.81]
ok: [119.9.95.28]
ok: [45.192.182.161]


TASK [nginx_sync : Change python interpreter] **********************************
ok: [45.192.182.161]
ok: [119.9.95.28]
ok: [119.9.108.184]

ok: [43.231.184.81]

TASK [nginx_sync : change python interpreter] **********************************
ok: [45.192.182.161]
ok: [119.9.95.28]

ok: [119.9.108.184]
ok: [43.231.184.81]

TASK [nginx_sync : Notify] *****************************************************
ok: [45.192.182.161] => {

    "msg": "Syncing acc-midpay_nginx"
}
ok: [119.9.95.28] => {
    "msg": "Syncing acc-midpay_nginx"
}

ok: [119.9.108.184] => {
    "msg": "Syncing acc-midpay_nginx"
}
ok: [43.231.184.81] => {
    "msg": "Syncing acc-midpay_nginx"

}

TASK [nginx_sync : include_vars] ***********************************************
ok: [45.192.182.161]
ok: [119.9.95.28]

ok: [119.9.108.184]
ok: [43.231.184.81]

TASK [nginx_sync : Synchronizing Nginx] ****************************************
changed: [43.231.184.81] => (item=conf)

changed: [119.9.108.184] => (item=conf)
changed: [45.192.182.161] => (item=conf)
changed: [119.9.95.28] => (item=conf)
changed: [43.231.184.81] => (item=conf.d)
changed: [119.9.108.184] => (item=conf.d)

changed: [119.9.95.28] => (item=conf.d)
changed: [45.192.182.161] => (item=conf.d)
ok: [119.9.108.184] => (item=data)
ok: [43.231.184.81] => (item=data)
ok: [119.9.95.28] => (item=data)

ok: [45.192.182.161] => (item=data)
ok: [119.9.108.184] => (item=html)
ok: [119.9.95.28] => (item=html)
ok: [43.231.184.81] => (item=html)
ok: [45.192.182.161] => (item=html)


TASK [all_servers : include_vars] **********************************************
ok: [45.192.182.161]
ok: [119.9.95.28]
ok: [119.9.108.184]

ok: [43.231.184.81]

TASK [all_servers : Notify] ****************************************************
ok: [45.192.182.161] => {
    "msg": "Clearing Nginx Cache for acc-midpay_nginx"

}
ok: [119.9.95.28] => {
    "msg": "Clearing Nginx Cache for acc-midpay_nginx"
}
ok: [119.9.108.184] => {

    "msg": "Clearing Nginx Cache for acc-midpay_nginx"
}
ok: [43.231.184.81] => {
    "msg": "Clearing Nginx Cache for acc-midpay_nginx"
}


TASK [all_servers : Copying clear_nginxcache.sh to remote hosts] ***************
ok: [119.9.95.28]
ok: [119.9.108.184]
ok: [43.231.184.81]

ok: [45.192.182.161]

TASK [all_servers : Nginx Clear Cache] *****************************************
changed: [119.9.95.28]
changed: [119.9.108.184]

changed: [43.231.184.81]
changed: [45.192.182.161]

TASK [all_servers : debug] *****************************************************
ok: [45.192.182.161] => {

    "script_result.stdout_lines": [
        "-----------------------------------------------------------", 
        "|                 Checking Nginx Config                   |", 
        "-----------------------------------------------------------", 
        "", 

        " nginx -t ", 
        "", 
        "-----------------------------------------------------------", 
        "|                 Stopping Nginx Process                  |", 
        "-----------------------------------------------------------", 

        "", 
        " /usr/bin/killall -9 nginx ", 
        "", 
        "-----------------------------------------------------------", 
        "|                 Clearing Proxy Cache                    |", 

        "-----------------------------------------------------------", 
        "", 
        " /bin/rm -rf /tmp/nginx_cache ", 
        "", 
        "-----------------------------------------------------------", 

        "|                Restarting Nginx Process                 |", 
        "-----------------------------------------------------------", 
        "root     10193  0.0  0.0 106076  1384 ?        S    11:26   0:00 /bin/bash /bak/bin/clear_nginxcache.sh", 
        "root     10203  0.0  0.0 295864  1528 ?        Ss   11:26   0:00 nginx: master process /usr/local/nginx/sbin/nginx", 
        "nobody   10204  1.0  0.7 323000 28916 ?        S    11:26   0:00 nginx: worker process      ", 

        "nobody   10205  1.0  0.7 323000 28928 ?        S    11:26   0:00 nginx: worker process      ", 
        "nobody   10207  1.0  0.7 323056 29304 ?        S    11:26   0:00 nginx: worker process      ", 
        "nobody   10208  0.6  0.7 323000 28916 ?        S    11:26   0:00 nginx: worker process      ", 
        "nobody   10209  0.0  0.7 323000 28916 ?        S    11:26   0:00 nginx: worker process      ", 
        "nobody   10210  0.6  0.7 323000 28916 ?        S    11:26   0:00 nginx: worker process      ", 

        "nobody   10211  1.0  0.7 323000 28928 ?        S    11:26   0:00 nginx: worker process      ", 
        "nobody   10212  0.3  0.7 323000 28916 ?        S    11:26   0:00 nginx: worker process      ", 
        "nobody   10213  0.0  0.0 296036  2008 ?        S    11:26   0:00 nginx: cache manager process", 
        "nobody   10214  0.0  0.0 296036  1888 ?        S    11:26   0:00 nginx: cache loader process", 
        "root     10223  0.0  0.0 103256   844 ?        S    11:26   0:00 grep nginx", 

        "             total       used       free     shared    buffers     cached", 
        "Mem:          3832       3654        177          0        353       2378", 
        "-/+ buffers/cache:        922       2910", 
        "Swap:         4095         91       4004", 
        "-----------------------------------------------------------", 

        "|                     Reload SUCCESS!                     |", 
        "-----------------------------------------------------------"
    ]
}
ok: [119.9.95.28] => {

    "script_result.stdout_lines": [
        "-----------------------------------------------------------", 
        "|                 Checking Nginx Config                   |", 
        "-----------------------------------------------------------", 
        "", 

        " nginx -t ", 
        "", 
        "-----------------------------------------------------------", 
        "|                 Stopping Nginx Process                  |", 
        "-----------------------------------------------------------", 

        "", 
        " /usr/bin/killall -9 nginx ", 
        "", 
        "-----------------------------------------------------------", 
        "|                 Clearing Proxy Cache                    |", 

        "-----------------------------------------------------------", 
        "", 
        " /bin/rm -rf /tmp/nginx_cache ", 
        "", 
        "-----------------------------------------------------------", 

        "|                Restarting Nginx Process                 |", 
        "-----------------------------------------------------------", 
        "root     18392  0.0  0.0 106084  1412 ?        S    11:26   0:00 /bin/bash /bak/bin/clear_nginxcache.sh", 
        "root     18398  0.0  0.0 292940  1496 ?        Ss   11:26   0:00 nginx: master process /usr/local/nginx/sbin/nginx", 
        "nobody   18400  0.0  1.4 320076 28824 ?        S    11:26   0:00 nginx: worker process      ", 

        "nobody   18401  0.0  1.4 320640 29184 ?        S    11:26   0:00 nginx: worker process      ", 
        "nobody   18402  0.0  1.4 320640 29180 ?        S    11:26   0:00 nginx: worker process      ", 
        "nobody   18403  0.0  1.4 320076 28824 ?        S    11:26   0:00 nginx: worker process      ", 
        "nobody   18404  0.5  1.4 320076 28824 ?        S    11:26   0:00 nginx: worker process      ", 
        "nobody   18405  0.0  1.4 320128 29176 ?        S    11:26   0:00 nginx: worker process      ", 

        "nobody   18406  0.0  1.4 320076 28824 ?        S    11:26   0:00 nginx: worker process      ", 
        "nobody   18407  0.0  1.4 320128 29176 ?        S    11:26   0:00 nginx: worker process      ", 
        "nobody   18408  0.0  0.0 293108  1916 ?        S    11:26   0:00 nginx: cache manager process", 
        "nobody   18409  0.0  0.0 293108  1872 ?        S    11:26   0:00 nginx: cache loader process", 
        "root     18411  0.0  0.0 103324   884 ?        S    11:26   0:00 grep nginx", 

        "             total       used       free     shared    buffers     cached", 
        "Mem:          2000       1875        124          2        289       1173", 
        "-/+ buffers/cache:        412       1588", 
        "Swap:            0          0          0", 
        "-----------------------------------------------------------", 

        "|                     Reload SUCCESS!                     |", 
        "-----------------------------------------------------------"
    ]
}
ok: [119.9.108.184] => {

    "script_result.stdout_lines": [
        "-----------------------------------------------------------", 
        "|                 Checking Nginx Config                   |", 
        "-----------------------------------------------------------", 
        "", 

        " nginx -t ", 
        "", 
        "-----------------------------------------------------------", 
        "|                 Stopping Nginx Process                  |", 
        "-----------------------------------------------------------", 

        "", 
        " /usr/bin/killall -9 nginx ", 
        "", 
        "-----------------------------------------------------------", 
        "|                 Clearing Proxy Cache                    |", 

        "-----------------------------------------------------------", 
        "", 
        " /bin/rm -rf /tmp/nginx_cache ", 
        "", 
        "-----------------------------------------------------------", 

        "|                Restarting Nginx Process                 |", 
        "-----------------------------------------------------------", 
        "root      3448  0.0  0.0 106084  1412 ?        S    11:26   0:00 /bin/bash /bak/bin/clear_nginxcache.sh", 
        "root      3458  0.0  0.0 293116  1480 ?        Ss   11:26   0:00 nginx: master process /usr/local/nginx/sbin/nginx", 
        "nobody    3459  0.0  0.7 320252 28808 ?        S    11:26   0:00 nginx: worker process      ", 

        "nobody    3460  0.3  0.7 320304 29300 ?        S    11:26   0:00 nginx: worker process      ", 
        "nobody    3462  0.0  0.7 320252 28808 ?        S    11:26   0:00 nginx: worker process      ", 
        "nobody    3463  0.0  0.7 322352 29528 ?        S    11:26   0:00 nginx: worker process      ", 
        "nobody    3464  0.3  0.7 320816 29352 ?        S    11:26   0:00 nginx: worker process      ", 
        "nobody    3465  0.3  0.7 325712 30228 ?        S    11:26   0:00 nginx: worker process      ", 

        "nobody    3466  0.3  0.7 320304 29356 ?        S    11:26   0:00 nginx: worker process      ", 
        "nobody    3467  0.0  0.7 320252 28808 ?        S    11:26   0:00 nginx: worker process      ", 
        "nobody    3468  0.0  0.0 293284  1900 ?        S    11:26   0:00 nginx: cache manager process", 
        "nobody    3469  0.0  0.0 293284  1856 ?        S    11:26   0:00 nginx: cache loader process", 
        "root      3471  0.0  0.0 103324   868 ?        R    11:26   0:00 grep nginx", 

        "             total       used       free     shared    buffers     cached", 
        "Mem:          3954       3778        175          2        349       2828", 
        "-/+ buffers/cache:        600       3353", 
        "Swap:            0          0          0", 
        "-----------------------------------------------------------", 

        "|                     Reload SUCCESS!                     |", 
        "-----------------------------------------------------------"
    ]
}
ok: [43.231.184.81] => {

    "script_result.stdout_lines": [
        "-----------------------------------------------------------", 
        "|                 Checking Nginx Config                   |", 
        "-----------------------------------------------------------", 
        "", 

        " nginx -t ", 
        "", 
        "-----------------------------------------------------------", 
        "|                 Stopping Nginx Process                  |", 
        "-----------------------------------------------------------", 

        "", 
        " /usr/bin/killall -9 nginx ", 
        "", 
        "-----------------------------------------------------------", 
        "|                 Clearing Proxy Cache                    |", 

        "-----------------------------------------------------------", 
        "", 
        " /bin/rm -rf /tmp/nginx_cache ", 
        "", 
        "-----------------------------------------------------------", 

        "|                Restarting Nginx Process                 |", 
        "-----------------------------------------------------------", 
        "root     28129  0.0  0.0 106076  1384 ?        S    11:26   0:00 /bin/bash /bak/bin/clear_nginxcache.sh", 
        "root     28144  0.0  0.0 295896  1544 ?        Ss   11:26   0:00 nginx: master process /usr/local/nginx/sbin/nginx", 
        "nobody   28145  3.5  0.7 323032 28856 ?        S    11:26   0:00 nginx: worker process      ", 

        "nobody   28147  1.5  0.7 323032 28944 ?        S    11:26   0:00 nginx: worker process      ", 
        "nobody   28148  1.5  0.7 323032 28944 ?        S    11:26   0:00 nginx: worker process      ", 
        "nobody   28149  1.5  0.7 323032 28944 ?        S    11:26   0:00 nginx: worker process      ", 
        "nobody   28150  4.5  0.7 323032 28944 ?        S    11:26   0:00 nginx: worker process      ", 
        "nobody   28151  1.5  0.7 323032 28856 ?        S    11:26   0:00 nginx: worker process      ", 

        "nobody   28152  3.0  0.7 323088 29328 ?        S    11:26   0:00 nginx: worker process      ", 
        "nobody   28153  5.0  0.7 323032 28856 ?        S    11:26   0:00 nginx: worker process      ", 
        "nobody   28154  0.0  0.0 296068  1948 ?        S    11:26   0:00 nginx: cache manager process", 
        "nobody   28155  0.0  0.0 296068  1908 ?        S    11:26   0:00 nginx: cache loader process", 
        "root     28161  0.0  0.0 103256   840 ?        S    11:26   0:00 grep nginx", 

        "             total       used       free     shared    buffers     cached", 
        "Mem:          3832       3257        575          0        362       1710", 
        "-/+ buffers/cache:       1184       2647", 
        "Swap:         4095        364       3731", 
        "-----------------------------------------------------------", 

        "|                     Reload SUCCESS!                     |", 
        "-----------------------------------------------------------"
    ]
}


PLAY [127.0.0.1] ***************************************************************

TASK [sync_to_git : Synchronizing Nginx To GIT] ********************************
changed: [127.0.0.1]


TASK [sync_to_git : debug] *****************************************************
ok: [127.0.0.1] => {
    "msg": " [u'[master 2863ba3] quincy', u' 2 files changed, 6 insertions(+)', u'Branch master set up to track remote branch master from origin.']"
}


PLAY [acc-midpay_nginx] ********************************************************

PLAY [127.0.0.1] ***************************************************************

PLAY RECAP *********************************************************************

119.9.108.184              : ok=11   changed=2    unreachable=0    failed=0    skipped=0    rescued=0    ignored=0   
119.9.95.28                : ok=11   changed=2    unreachable=0    failed=0    skipped=0    rescued=0    ignored=0   
127.0.0.1                  : ok=2    changed=1    unreachable=0    failed=0    skipped=0    rescued=0    ignored=0   
43.231.184.81              : ok=11   changed=2    unreachable=0    failed=0    skipped=0    rescued=0    ignored=0   
45.192.182.161             : ok=11   changed=2    unreachable=0    failed=0    skipped=0    rescued=0    ignored=0   



ESYNC_WORKER1_COMMAND_END
MAX RETRIES EXECUTED, COMMAND NOT RESPONDING