ESYNC_WORKER1_COMMAND_START
 [WARNING]: Invalid characters were found in group names but not replaced, use
-vvvv to see details

PLAY [acc-midpay_nginx] ********************************************************


TASK [Gathering Facts] *********************************************************
ok: [119.9.108.184]
ok: [43.231.184.81]
ok: [119.9.95.28]
ok: [47.107.33.107]

ok: [45.192.182.161]

TASK [nginx_sync : Change python interpreter] **********************************
ok: [45.192.182.161]
ok: [119.9.95.28]

ok: [119.9.108.184]
ok: [43.231.184.81]
ok: [47.107.33.107]

TASK [nginx_sync : change python interpreter] **********************************

ok: [45.192.182.161]
ok: [119.9.95.28]
ok: [119.9.108.184]
ok: [43.231.184.81]
ok: [47.107.33.107]


TASK [nginx_sync : Notify] *****************************************************
ok: [45.192.182.161] => {
    "msg": "Syncing acc-midpay_nginx"
}

ok: [119.9.95.28] => {
    "msg": "Syncing acc-midpay_nginx"
}
ok: [119.9.108.184] => {
    "msg": "Syncing acc-midpay_nginx"

}
ok: [43.231.184.81] => {
    "msg": "Syncing acc-midpay_nginx"
}
ok: [47.107.33.107] => {

    "msg": "Syncing acc-midpay_nginx"
}

TASK [nginx_sync : include_vars] ***********************************************
ok: [45.192.182.161]

ok: [119.9.95.28]
ok: [119.9.108.184]
ok: [43.231.184.81]
ok: [47.107.33.107]


TASK [nginx_sync : Synchronizing Nginx] ****************************************
changed: [119.9.108.184] => (item=conf)
changed: [119.9.95.28] => (item=conf)
changed: [45.192.182.161] => (item=conf)
changed: [43.231.184.81] => (item=conf)

changed: [47.107.33.107] => (item=conf)
changed: [119.9.95.28] => (item=conf.d)
changed: [119.9.108.184] => (item=conf.d)
changed: [45.192.182.161] => (item=conf.d)
changed: [43.231.184.81] => (item=conf.d)

changed: [47.107.33.107] => (item=conf.d)
ok: [119.9.108.184] => (item=data)
ok: [119.9.95.28] => (item=data)
ok: [45.192.182.161] => (item=data)
ok: [43.231.184.81] => (item=data)

ok: [47.107.33.107] => (item=data)
ok: [119.9.108.184] => (item=html)
ok: [119.9.95.28] => (item=html)
ok: [45.192.182.161] => (item=html)
ok: [43.231.184.81] => (item=html)

ok: [47.107.33.107] => (item=html)

TASK [all_servers : include_vars] **********************************************
ok: [45.192.182.161]
ok: [119.9.95.28]

ok: [119.9.108.184]
ok: [43.231.184.81]
ok: [47.107.33.107]

TASK [all_servers : Notify] ****************************************************

ok: [45.192.182.161] => {
    "msg": "Clearing Nginx Cache for acc-midpay_nginx"
}
ok: [119.9.95.28] => {
    "msg": "Clearing Nginx Cache for acc-midpay_nginx"

}
ok: [119.9.108.184] => {
    "msg": "Clearing Nginx Cache for acc-midpay_nginx"
}
ok: [43.231.184.81] => {

    "msg": "Clearing Nginx Cache for acc-midpay_nginx"
}
ok: [47.107.33.107] => {
    "msg": "Clearing Nginx Cache for acc-midpay_nginx"
}


TASK [all_servers : Copying clear_nginxcache.sh to remote hosts] ***************
ok: [119.9.108.184]
ok: [119.9.95.28]
ok: [43.231.184.81]

ok: [47.107.33.107]
ok: [45.192.182.161]

TASK [all_servers : Nginx Clear Cache] *****************************************
changed: [47.107.33.107]

changed: [119.9.95.28]
changed: [119.9.108.184]
changed: [45.192.182.161]
changed: [43.231.184.81]


TASK [all_servers : debug] *****************************************************
ok: [45.192.182.161] => {
    "script_result.stdout_lines": [
        "-----------------------------------------------------------", 
        "|                 Checking Nginx Config                   |", 

        "-----------------------------------------------------------", 
        "", 
        " nginx -t ", 
        "", 
        "-----------------------------------------------------------", 

        "|                 Stopping Nginx Process                  |", 
        "-----------------------------------------------------------", 
        "", 
        " /usr/bin/killall -9 nginx ", 
        "", 

        "-----------------------------------------------------------", 
        "|                 Clearing Proxy Cache                    |", 
        "-----------------------------------------------------------", 
        "", 
        " /bin/rm -rf /tmp/nginx_cache ", 

        "", 
        "-----------------------------------------------------------", 
        "|                Restarting Nginx Process                 |", 
        "-----------------------------------------------------------", 
        "root     23861  0.0  0.0 106076  1384 ?        S    10:14   0:00 /bin/bash /bak/bin/clear_nginxcache.sh", 

        "root     23877  0.0  0.0 295868  1532 ?        Ss   10:15   0:00 nginx: master process /usr/local/nginx/sbin/nginx", 
        "nobody   23878  0.3  0.7 323004 28844 ?        S    10:15   0:00 nginx: worker process      ", 
        "nobody   23879  0.3  0.7 323004 28932 ?        S    10:15   0:00 nginx: worker process      ", 
        "nobody   23881  0.3  0.7 323004 28844 ?        S    10:15   0:00 nginx: worker process      ", 
        "nobody   23882  0.0  0.7 323004 28932 ?        S    10:15   0:00 nginx: worker process      ", 

        "nobody   23883  0.3  0.7 323060 29312 ?        S    10:15   0:00 nginx: worker process      ", 
        "nobody   23884  0.3  0.7 323004 28932 ?        S    10:15   0:00 nginx: worker process      ", 
        "nobody   23885  0.0  0.7 323004 28844 ?        S    10:15   0:00 nginx: worker process      ", 
        "nobody   23886  0.0  0.7 323004 28932 ?        S    10:15   0:00 nginx: worker process      ", 
        "nobody   23887  0.0  0.0 296040  1936 ?        S    10:15   0:00 nginx: cache manager process", 

        "nobody   23888  0.0  0.0 296040  1892 ?        S    10:15   0:00 nginx: cache loader process", 
        "root     23893  0.0  0.0 103256   840 ?        S    10:15   0:00 grep nginx", 
        "             total       used       free     shared    buffers     cached", 
        "Mem:          3832       3575        256          0        318       2075", 
        "-/+ buffers/cache:       1181       2650", 

        "Swap:         4095         44       4051", 
        "-----------------------------------------------------------", 
        "|                     Reload SUCCESS!                     |", 
        "-----------------------------------------------------------"
    ]

}
ok: [119.9.95.28] => {
    "script_result.stdout_lines": [
        "-----------------------------------------------------------", 
        "|                 Checking Nginx Config                   |", 

        "-----------------------------------------------------------", 
        "", 
        " nginx -t ", 
        "", 
        "-----------------------------------------------------------", 

        "|                 Stopping Nginx Process                  |", 
        "-----------------------------------------------------------", 
        "", 
        " /usr/bin/killall -9 nginx ", 
        "", 

        "-----------------------------------------------------------", 
        "|                 Clearing Proxy Cache                    |", 
        "-----------------------------------------------------------", 
        "", 
        " /bin/rm -rf /tmp/nginx_cache ", 

        "", 
        "-----------------------------------------------------------", 
        "|                Restarting Nginx Process                 |", 
        "-----------------------------------------------------------", 
        "root      3302  0.0  0.0 106084  1416 ?        S    10:14   0:00 /bin/bash /bak/bin/clear_nginxcache.sh", 

        "root      3311  0.0  0.0 292944  1500 ?        Ss   10:15   0:00 nginx: master process /usr/local/nginx/sbin/nginx", 
        "nobody    3312  0.0  1.4 320644 29124 ?        S    10:15   0:00 nginx: worker process      ", 
        "nobody    3314  0.0  1.4 320644 29124 ?        S    10:15   0:00 nginx: worker process      ", 
        "nobody    3315  0.0  1.4 320132 29244 ?        S    10:15   0:00 nginx: worker process      ", 
        "nobody    3316  0.0  1.4 320644 29124 ?        S    10:15   0:00 nginx: worker process      ", 

        "nobody    3317  0.0  1.4 320080 28828 ?        S    10:15   0:00 nginx: worker process      ", 
        "nobody    3318  0.0  1.4 320132 29256 ?        S    10:15   0:00 nginx: worker process      ", 
        "nobody    3319  0.0  1.4 320644 29124 ?        S    10:15   0:00 nginx: worker process      ", 
        "nobody    3320  0.0  1.4 320132 29240 ?        S    10:15   0:00 nginx: worker process      ", 
        "nobody    3321  0.0  0.0 293112  1920 ?        S    10:15   0:00 nginx: cache manager process", 

        "nobody    3322  0.0  0.0 293112  1876 ?        S    10:15   0:00 nginx: cache loader process", 
        "root      3331  0.0  0.0 103328   888 ?        S    10:15   0:00 grep nginx", 
        "             total       used       free     shared    buffers     cached", 
        "Mem:          2000       1885        114          2        137       1347", 
        "-/+ buffers/cache:        400       1600", 

        "Swap:            0          0          0", 
        "-----------------------------------------------------------", 
        "|                     Reload SUCCESS!                     |", 
        "-----------------------------------------------------------"
    ]

}
ok: [119.9.108.184] => {
    "script_result.stdout_lines": [
        "-----------------------------------------------------------", 
        "|                 Checking Nginx Config                   |", 

        "-----------------------------------------------------------", 
        "", 
        " nginx -t ", 
        "", 
        "-----------------------------------------------------------", 

        "|                 Stopping Nginx Process                  |", 
        "-----------------------------------------------------------", 
        "", 
        " /usr/bin/killall -9 nginx ", 
        "", 

        "-----------------------------------------------------------", 
        "|                 Clearing Proxy Cache                    |", 
        "-----------------------------------------------------------", 
        "", 
        " /bin/rm -rf /tmp/nginx_cache ", 

        "", 
        "-----------------------------------------------------------", 
        "|                Restarting Nginx Process                 |", 
        "-----------------------------------------------------------", 
        "root     30427  0.0  0.0 106084  1412 ?        S    10:14   0:00 /bin/bash /bak/bin/clear_nginxcache.sh", 

        "root     30435  0.0  0.0 293120  1488 ?        Ss   10:15   0:00 nginx: master process /usr/local/nginx/sbin/nginx", 
        "nobody   30436  0.0  0.7 320256 28904 ?        S    10:15   0:00 nginx: worker process      ", 
        "nobody   30438  0.0  0.7 320256 28904 ?        S    10:15   0:00 nginx: worker process      ", 
        "nobody   30439  0.0  0.7 320256 28816 ?        S    10:15   0:00 nginx: worker process      ", 
        "nobody   30440  0.0  0.7 322108 29592 ?        S    10:15   0:00 nginx: worker process      ", 

        "nobody   30441  0.3  0.7 320308 29348 ?        S    10:15   0:00 nginx: worker process      ", 
        "nobody   30442  0.0  0.7 320256 28816 ?        S    10:15   0:00 nginx: worker process      ", 
        "nobody   30443  0.0  0.7 320256 28904 ?        S    10:15   0:00 nginx: worker process      ", 
        "nobody   30444  0.0  0.7 320308 29352 ?        S    10:15   0:00 nginx: worker process      ", 
        "nobody   30445  0.0  0.0 293288  1908 ?        S    10:15   0:00 nginx: cache manager process", 

        "nobody   30446  0.0  0.0 293288  1864 ?        S    10:15   0:00 nginx: cache loader process", 
        "root     30450  0.0  0.0 103328   896 ?        S    10:15   0:00 grep nginx", 
        "             total       used       free     shared    buffers     cached", 
        "Mem:          3954       3173        781          2        194       2430", 
        "-/+ buffers/cache:        548       3406", 

        "Swap:            0          0          0", 
        "-----------------------------------------------------------", 
        "|                     Reload SUCCESS!                     |", 
        "-----------------------------------------------------------"
    ]

}
ok: [43.231.184.81] => {
    "script_result.stdout_lines": [
        "-----------------------------------------------------------", 
        "|                 Checking Nginx Config                   |", 

        "-----------------------------------------------------------", 
        "", 
        " nginx -t ", 
        "", 
        "-----------------------------------------------------------", 

        "|                 Stopping Nginx Process                  |", 
        "-----------------------------------------------------------", 
        "", 
        " /usr/bin/killall -9 nginx ", 
        "", 

        "-----------------------------------------------------------", 
        "|                 Clearing Proxy Cache                    |", 
        "-----------------------------------------------------------", 
        "", 
        " /bin/rm -rf /tmp/nginx_cache ", 

        "", 
        "-----------------------------------------------------------", 
        "|                Restarting Nginx Process                 |", 
        "-----------------------------------------------------------", 
        "root     31490  0.0  0.0 106076  1384 ?        S    10:14   0:00 /bin/bash /bak/bin/clear_nginxcache.sh", 

        "root     31498  0.0  0.0 295900  1548 ?        Ss   10:15   0:00 nginx: master process /usr/local/nginx/sbin/nginx", 
        "nobody   31499  1.5  0.7 323092 29388 ?        S    10:15   0:00 nginx: worker process      ", 
        "nobody   31500  2.5  0.7 323036 28936 ?        S    10:15   0:00 nginx: worker process      ", 
        "nobody   31502  2.5  0.7 323092 29388 ?        S    10:15   0:00 nginx: worker process      ", 
        "nobody   31503  2.0  0.7 323036 28936 ?        S    10:15   0:00 nginx: worker process      ", 

        "nobody   31504  1.5  0.7 323036 28936 ?        S    10:15   0:00 nginx: worker process      ", 
        "nobody   31505  1.5  0.7 323036 28948 ?        S    10:15   0:00 nginx: worker process      ", 
        "nobody   31506  2.5  0.7 323036 28936 ?        S    10:15   0:00 nginx: worker process      ", 
        "nobody   31507  2.5  0.7 323036 28948 ?        S    10:15   0:00 nginx: worker process      ", 
        "nobody   31508  0.0  0.0 296072  1952 ?        S    10:15   0:00 nginx: cache manager process", 

        "nobody   31509  0.0  0.0 296072  1912 ?        S    10:15   0:00 nginx: cache loader process", 
        "root     31513  0.0  0.0 103256   840 ?        R    10:15   0:00 grep nginx", 
        "             total       used       free     shared    buffers     cached", 
        "Mem:          3832       3209        622          0        328       1593", 
        "-/+ buffers/cache:       1287       2545", 

        "Swap:         4095        283       3812", 
        "-----------------------------------------------------------", 
        "|                     Reload SUCCESS!                     |", 
        "-----------------------------------------------------------"
    ]

}
ok: [47.107.33.107] => {
    "script_result.stdout_lines": [
        "-----------------------------------------------------------", 
        "|                 Checking Nginx Config                   |", 

        "-----------------------------------------------------------", 
        "", 
        " nginx -t ", 
        "", 
        "-----------------------------------------------------------", 

        "|                 Stopping Nginx Process                  |", 
        "-----------------------------------------------------------", 
        "", 
        " /usr/bin/killall -9 nginx ", 
        "", 

        "-----------------------------------------------------------", 
        "|                 Clearing Proxy Cache                    |", 
        "-----------------------------------------------------------", 
        "", 
        " /bin/rm -rf /tmp/nginx_cache ", 

        "", 
        "-----------------------------------------------------------", 
        "|                Restarting Nginx Process                 |", 
        "-----------------------------------------------------------", 
        "root       933  0.0  0.0   9116   716 ?        Ss   Jun17   0:00 /sbin/dhclient -H midpay-nginx6 -1 -q -cf /etc/dhcp/dhclient-eth0.conf -lf /var/lib/dhclient/dhclient-eth0.leases -pf /var/run/dhclient-eth0.pid eth0", 

        "root      3009  0.0  0.0 106080  1416 ?        S    10:14   0:00 /bin/bash /bak/bin/clear_nginxcache.sh", 
        "root      3017  0.0  0.0 295240  1532 ?        Ss   10:15   0:00 nginx: master process /usr/local/nginx/sbin/nginx", 
        "nobody    3018  0.0  0.7 322376 28856 ?        S    10:15   0:00 nginx: worker process      ", 
        "nobody    3020  0.0  0.7 322376 28856 ?        S    10:15   0:00 nginx: worker process      ", 
        "nobody    3021  0.0  0.7 322376 28856 ?        S    10:15   0:00 nginx: worker process      ", 

        "nobody    3022  0.0  0.7 322376 28856 ?        S    10:15   0:00 nginx: worker process      ", 
        "nobody    3023  0.0  0.7 322376 28856 ?        S    10:15   0:00 nginx: worker process      ", 
        "nobody    3024  0.0  0.7 322376 28856 ?        S    10:15   0:00 nginx: worker process      ", 
        "nobody    3025  0.0  0.7 322376 28856 ?        S    10:15   0:00 nginx: worker process      ", 
        "nobody    3026  0.0  0.7 322376 28856 ?        S    10:15   0:00 nginx: worker process      ", 

        "nobody    3027  0.0  0.0 295408  1944 ?        S    10:15   0:00 nginx: cache manager process", 
        "nobody    3028  0.0  0.0 295408  1896 ?        S    10:15   0:00 nginx: cache loader process", 
        "root      3035  0.0  0.0 103324   888 ?        S    10:15   0:00 grep nginx", 
        "             total       used       free     shared    buffers     cached", 
        "Mem:          3961       2187       1774          1        170        483", 

        "-/+ buffers/cache:       1533       2428", 
        "Swap:            0          0          0", 
        "-----------------------------------------------------------", 
        "|                     Reload SUCCESS!                     |", 
        "-----------------------------------------------------------"

    ]
}

PLAY [127.0.0.1] ***************************************************************


TASK [sync_to_git : Synchronizing Nginx To GIT] ********************************
changed: [127.0.0.1]

TASK [sync_to_git : debug] *****************************************************
ok: [127.0.0.1] => {

    "msg": " [u'[master fa53a1a] roni', u' 2 files changed, 3 insertions(+), 1 deletion(-)', u'Branch master set up to track remote branch master from origin.']"
}

PLAY [acc-midpay_nginx] ********************************************************


PLAY [127.0.0.1] ***************************************************************

PLAY RECAP *********************************************************************
119.9.108.184              : ok=11   changed=2    unreachable=0    failed=0    skipped=0    rescued=0    ignored=0   
119.9.95.28                : ok=11   changed=2    unreachable=0    failed=0    skipped=0    rescued=0    ignored=0   

127.0.0.1                  : ok=2    changed=1    unreachable=0    failed=0    skipped=0    rescued=0    ignored=0   
43.231.184.81              : ok=11   changed=2    unreachable=0    failed=0    skipped=0    rescued=0    ignored=0   
45.192.182.161             : ok=11   changed=2    unreachable=0    failed=0    skipped=0    rescued=0    ignored=0   
47.107.33.107              : ok=11   changed=2    unreachable=0    failed=0    skipped=0    rescued=0    ignored=0   



ESYNC_WORKER1_COMMAND_END
MAX RETRIES EXECUTED, COMMAND NOT RESPONDING