ESYNC_WORKER1_COMMAND_START
[WARNING]: Invalid characters were found in group names but not replaced, use
-vvvv to see details

PLAY [acc-midpay_nginx] ********************************************************


TASK [Gathering Facts] *********************************************************
ok: [119.9.95.28]
ok: [119.9.108.184]

TASK [nginx_sync : Change python interpreter] **********************************

ok: [119.9.95.28]
ok: [119.9.108.184]

TASK [nginx_sync : change python interpreter] **********************************
ok: [119.9.95.28]

ok: [119.9.108.184]

TASK [nginx_sync : Notify] *****************************************************
ok: [119.9.95.28] => {
    "msg": "Syncing acc-midpay_nginx"

}
ok: [119.9.108.184] => {
    "msg": "Syncing acc-midpay_nginx"
}


TASK [nginx_sync : include_vars] ***********************************************
ok: [119.9.95.28]
ok: [119.9.108.184]

TASK [nginx_sync : Synchronizing Nginx] ****************************************

changed: [119.9.95.28] => (item=conf)
changed: [119.9.108.184] => (item=conf)
changed: [119.9.95.28] => (item=conf.d)
changed: [119.9.108.184] => (item=conf.d)
ok: [119.9.95.28] => (item=data)

ok: [119.9.108.184] => (item=data)
ok: [119.9.95.28] => (item=html)
ok: [119.9.108.184] => (item=html)

TASK [nginx_sync : Set HTML Dir to root] ***************************************

ok: [119.9.95.28]
ok: [119.9.108.184]

TASK [all_servers : include_vars] **********************************************
ok: [119.9.95.28]

ok: [119.9.108.184]

TASK [all_servers : Notify] ****************************************************
ok: [119.9.95.28] => {
    "msg": "Clearing Nginx Cache for acc-midpay_nginx"

}
ok: [119.9.108.184] => {
    "msg": "Clearing Nginx Cache for acc-midpay_nginx"
}


TASK [all_servers : Copying clear_nginxcache.sh to remote hosts] ***************
ok: [119.9.95.28]
ok: [119.9.108.184]

TASK [all_servers : Nginx Clear Cache] *****************************************

changed: [119.9.95.28]
changed: [119.9.108.184]

TASK [all_servers : debug] *****************************************************
ok: [119.9.95.28] => {

    "script_result.stdout_lines": [
        "-----------------------------------------------------------", 
        "|                 Checking Nginx Config                   |", 
        "-----------------------------------------------------------", 
        "", 

        " nginx -t ", 
        "", 
        "-----------------------------------------------------------", 
        "|                 Stopping Nginx Process                  |", 
        "-----------------------------------------------------------", 

        "", 
        " /usr/bin/killall -9 nginx ", 
        "", 
        "-----------------------------------------------------------", 
        "|                 Clearing Proxy Cache                    |", 

        "-----------------------------------------------------------", 
        "", 
        " /bin/rm -rf /tmp/nginx_cache ", 
        "", 
        "-----------------------------------------------------------", 

        "|                Restarting Nginx Process                 |", 
        "-----------------------------------------------------------", 
        "root      9533  0.0  0.0 106084  1412 ?        S    17:04   0:00 /bin/bash /bak/bin/clear_nginxcache.sh", 
        "root      9539  0.0  0.0 293220  1732 ?        Ss   17:04   0:00 nginx: master process /usr/local/nginx/sbin/nginx", 
        "nobody    9540  0.0  1.4 320356 29060 ?        S    17:04   0:00 nginx: worker process      ", 

        "nobody    9542  0.0  1.4 320360 29476 ?        S    17:04   0:00 nginx: worker process      ", 
        "nobody    9543  0.0  1.4 320356 29060 ?        S    17:04   0:00 nginx: worker process      ", 
        "nobody    9544  0.0  1.4 320356 29060 ?        S    17:04   0:00 nginx: worker process      ", 
        "nobody    9545  0.0  1.4 320356 29060 ?        S    17:04   0:00 nginx: worker process      ", 
        "nobody    9546  0.0  1.4 320360 29476 ?        S    17:04   0:00 nginx: worker process      ", 

        "nobody    9547  0.0  1.4 320356 29060 ?        S    17:04   0:00 nginx: worker process      ", 
        "nobody    9548  0.0  1.4 320356 29144 ?        S    17:04   0:00 nginx: worker process      ", 
        "nobody    9549  0.0  0.1 293388  2156 ?        S    17:04   0:00 nginx: cache manager process", 
        "nobody    9550  0.0  0.1 293388  2112 ?        S    17:04   0:00 nginx: cache loader process", 
        "root      9552  0.0  0.0 103324   884 ?        S    17:04   0:00 grep nginx", 

        "             total       used       free     shared    buffers     cached", 
        "Mem:          2000       1820        180          1        137        323", 
        "-/+ buffers/cache:       1360        640", 
        "Swap:            0          0          0", 
        "-----------------------------------------------------------", 

        "|                     Reload SUCCESS!                     |", 
        "-----------------------------------------------------------"
    ]
}
ok: [119.9.108.184] => {

    "script_result.stdout_lines": [
        "-----------------------------------------------------------", 
        "|                 Checking Nginx Config                   |", 
        "-----------------------------------------------------------", 
        "", 

        " nginx -t ", 
        "", 
        "-----------------------------------------------------------", 
        "|                 Stopping Nginx Process                  |", 
        "-----------------------------------------------------------", 

        "", 
        " /usr/bin/killall -9 nginx ", 
        "", 
        "-----------------------------------------------------------", 
        "|                 Clearing Proxy Cache                    |", 

        "-----------------------------------------------------------", 
        "", 
        " /bin/rm -rf /tmp/nginx_cache ", 
        "", 
        "-----------------------------------------------------------", 

        "|                Restarting Nginx Process                 |", 
        "-----------------------------------------------------------", 
        "root     21816  0.0  0.0 106084  1412 ?        S    17:04   0:00 /bin/bash /bak/bin/clear_nginxcache.sh", 
        "root     21825  0.0  0.0 293396  1720 ?        Ss   17:04   0:00 nginx: master process /usr/local/nginx/sbin/nginx", 
        "nobody   21826  0.5  0.7 320532 29136 ?        S    17:04   0:00 nginx: worker process      ", 

        "nobody   21827  0.0  0.7 320532 29136 ?        S    17:04   0:00 nginx: worker process      ", 
        "nobody   21829  0.0  0.7 321048 29596 ?        S    17:04   0:00 nginx: worker process      ", 
        "nobody   21830  0.0  0.7 320536 29588 ?        S    17:04   0:00 nginx: worker process      ", 
        "nobody   21831  0.0  0.7 320532 29136 ?        S    17:04   0:00 nginx: worker process      ", 
        "nobody   21832  0.0  0.7 320532 29136 ?        S    17:04   0:00 nginx: worker process      ", 

        "nobody   21833  0.0  0.7 320532 29136 ?        S    17:04   0:00 nginx: worker process      ", 
        "nobody   21834  0.0  0.7 320532 29136 ?        S    17:04   0:00 nginx: worker process      ", 
        "nobody   21835  0.0  0.0 293564  2144 ?        S    17:04   0:00 nginx: cache manager process", 
        "nobody   21836  0.0  0.0 293564  2100 ?        S    17:04   0:00 nginx: cache loader process", 
        "root     21843  0.0  0.0 103324   884 ?        S    17:04   0:00 grep nginx", 

        "             total       used       free     shared    buffers     cached", 
        "Mem:          3954       3141        812          1        193       1912", 
        "-/+ buffers/cache:       1035       2918", 
        "Swap:            0          0          0", 
        "-----------------------------------------------------------", 

        "|                     Reload SUCCESS!                     |", 
        "-----------------------------------------------------------"
    ]
}


PLAY [127.0.0.1] ***************************************************************

TASK [sync_to_git : Synchronizing Nginx To GIT] ********************************
changed: [127.0.0.1]


TASK [sync_to_git : debug] *****************************************************
ok: [127.0.0.1] => {
    "msg": " [u'[master 6528c72] teckxiu', u' 1 file changed, 2 insertions(+)', u'Branch master set up to track remote branch master from origin.']"
}


PLAY [acc-midpay_nginx] ********************************************************

PLAY [127.0.0.1] ***************************************************************

PLAY RECAP *********************************************************************

119.9.108.184              : ok=12   changed=2    unreachable=0    failed=0    skipped=0    rescued=0    ignored=0   
119.9.95.28                : ok=12   changed=2    unreachable=0    failed=0    skipped=0    rescued=0    ignored=0   
127.0.0.1                  : ok=2    changed=1    unreachable=0    failed=0    skipped=0    rescued=0    ignored=0   


ESYNC_WORKER1_COMMAND_END
MAX RETRIES EXECUTED, COMMAND NOT RESPONDING