ESYNC_WORKER1_COMMAND_START
[WARNING]: Invalid characters were found in group names but not replaced, use
-vvvv to see details

PLAY [acc-midpay_nginx] ********************************************************


TASK [Gathering Facts] *********************************************************
ok: [119.9.95.28]
ok: [119.9.108.184]

TASK [nginx_sync : Change python interpreter] **********************************

ok: [119.9.95.28]
ok: [119.9.108.184]

TASK [nginx_sync : change python interpreter] **********************************
ok: [119.9.95.28]

ok: [119.9.108.184]

TASK [nginx_sync : Notify] *****************************************************
ok: [119.9.95.28] => {
    "msg": "Syncing acc-midpay_nginx"

}
ok: [119.9.108.184] => {
    "msg": "Syncing acc-midpay_nginx"
}


TASK [nginx_sync : include_vars] ***********************************************
ok: [119.9.95.28]
ok: [119.9.108.184]

TASK [nginx_sync : Synchronizing Nginx] ****************************************

changed: [119.9.108.184] => (item=conf)
changed: [119.9.95.28] => (item=conf)
changed: [119.9.108.184] => (item=conf.d)
changed: [119.9.95.28] => (item=conf.d)
ok: [119.9.95.28] => (item=data)

ok: [119.9.108.184] => (item=data)
ok: [119.9.95.28] => (item=html)
ok: [119.9.108.184] => (item=html)

TASK [nginx_sync : Set HTML Dir to root] ***************************************

ok: [119.9.95.28]
ok: [119.9.108.184]

TASK [all_servers : include_vars] **********************************************
ok: [119.9.95.28]

ok: [119.9.108.184]

TASK [all_servers : Notify] ****************************************************
ok: [119.9.95.28] => {
    "msg": "Clearing Nginx Cache for acc-midpay_nginx"

}
ok: [119.9.108.184] => {
    "msg": "Clearing Nginx Cache for acc-midpay_nginx"
}


TASK [all_servers : Copying clear_nginxcache.sh to remote hosts] ***************
ok: [119.9.95.28]
ok: [119.9.108.184]

TASK [all_servers : Nginx Clear Cache] *****************************************

changed: [119.9.95.28]
changed: [119.9.108.184]

TASK [all_servers : debug] *****************************************************
ok: [119.9.95.28] => {

    "script_result.stdout_lines": [
        "-----------------------------------------------------------", 
        "|                 Checking Nginx Config                   |", 
        "-----------------------------------------------------------", 
        "", 

        " nginx -t ", 
        "", 
        "-----------------------------------------------------------", 
        "|                 Stopping Nginx Process                  |", 
        "-----------------------------------------------------------", 

        "", 
        " /usr/bin/killall -9 nginx ", 
        "", 
        "-----------------------------------------------------------", 
        "|                 Clearing Proxy Cache                    |", 

        "-----------------------------------------------------------", 
        "", 
        " /bin/rm -rf /tmp/nginx_cache ", 
        "", 
        "-----------------------------------------------------------", 

        "|                Restarting Nginx Process                 |", 
        "-----------------------------------------------------------", 
        "root     16080  0.0  0.0 106084  1412 ?        S    18:39   0:00 /bin/bash /bak/bin/clear_nginxcache.sh", 
        "root     16088  0.0  0.1 295148  2408 ?        Ss   18:39   0:00 nginx: master process /usr/local/nginx/sbin/nginx", 
        "nobody   16089  0.0  1.4 322268 30136 ?        S    18:39   0:00 nginx: worker process      ", 

        "nobody   16091  0.0  1.4 322284 29824 ?        S    18:39   0:00 nginx: worker process      ", 
        "nobody   16092  0.0  1.4 322268 30196 ?        S    18:39   0:00 nginx: worker process      ", 
        "nobody   16093  0.0  1.4 322284 29740 ?        S    18:39   0:00 nginx: worker process      ", 
        "nobody   16094  0.0  1.4 322284 29740 ?        S    18:39   0:00 nginx: worker process      ", 
        "nobody   16095  0.0  1.4 322284 29740 ?        S    18:39   0:00 nginx: worker process      ", 

        "nobody   16096  0.0  1.4 322284 29824 ?        S    18:39   0:00 nginx: worker process      ", 
        "nobody   16097  0.0  1.4 322284 29740 ?        S    18:39   0:00 nginx: worker process      ", 
        "nobody   16098  0.0  0.1 295296  2836 ?        S    18:39   0:00 nginx: cache manager process", 
        "nobody   16099  0.0  0.1 295296  2792 ?        S    18:39   0:00 nginx: cache loader process", 
        "root     16102  0.0  0.0 103324   884 ?        S    18:39   0:00 grep nginx", 

        "             total       used       free     shared    buffers     cached", 
        "Mem:          2000       1836        164          1        141        352", 
        "-/+ buffers/cache:       1342        658", 
        "Swap:            0          0          0", 
        "-----------------------------------------------------------", 

        "|                     Reload SUCCESS!                     |", 
        "-----------------------------------------------------------"
    ]
}
ok: [119.9.108.184] => {

    "script_result.stdout_lines": [
        "-----------------------------------------------------------", 
        "|                 Checking Nginx Config                   |", 
        "-----------------------------------------------------------", 
        "", 

        " nginx -t ", 
        "", 
        "-----------------------------------------------------------", 
        "|                 Stopping Nginx Process                  |", 
        "-----------------------------------------------------------", 

        "", 
        " /usr/bin/killall -9 nginx ", 
        "", 
        "-----------------------------------------------------------", 
        "|                 Clearing Proxy Cache                    |", 

        "-----------------------------------------------------------", 
        "", 
        " /bin/rm -rf /tmp/nginx_cache ", 
        "", 
        "-----------------------------------------------------------", 

        "|                Restarting Nginx Process                 |", 
        "-----------------------------------------------------------", 
        "root     17990  0.0  0.0 106084  1416 ?        S    18:39   0:00 /bin/bash /bak/bin/clear_nginxcache.sh", 
        "root     17996  0.0  0.0 295060  2392 ?        Ss   18:39   0:00 nginx: master process /usr/local/nginx/sbin/nginx", 
        "nobody   17997  0.0  0.7 322196 29732 ?        S    18:39   0:00 nginx: worker process      ", 

        "nobody   17999  0.0  0.7 322196 29732 ?        S    18:39   0:00 nginx: worker process      ", 
        "nobody   18000  0.0  0.7 322196 29732 ?        S    18:39   0:00 nginx: worker process      ", 
        "nobody   18001  0.0  0.7 322196 29732 ?        S    18:39   0:00 nginx: worker process      ", 
        "nobody   18002  0.0  0.7 322196 29732 ?        S    18:39   0:00 nginx: worker process      ", 
        "nobody   18003  0.0  0.7 322196 29732 ?        S    18:39   0:00 nginx: worker process      ", 

        "nobody   18004  0.0  0.7 322196 29732 ?        S    18:39   0:00 nginx: worker process      ", 
        "nobody   18005  0.0  0.7 322196 29732 ?        S    18:39   0:00 nginx: worker process      ", 
        "nobody   18006  0.0  0.0 295208  2824 ?        S    18:39   0:00 nginx: cache manager process", 
        "nobody   18007  0.0  0.0 295208  2784 ?        S    18:39   0:00 nginx: cache loader process", 
        "root     18009  0.0  0.0 103328   892 ?        S    18:39   0:00 grep nginx", 

        "             total       used       free     shared    buffers     cached", 
        "Mem:          3954       3570        383          1        206        839", 
        "-/+ buffers/cache:       2525       1428", 
        "Swap:            0          0          0", 
        "-----------------------------------------------------------", 

        "|                     Reload SUCCESS!                     |", 
        "-----------------------------------------------------------"
    ]
}


PLAY [127.0.0.1] ***************************************************************

TASK [sync_to_git : Synchronizing Nginx To GIT] ********************************
changed: [127.0.0.1]


TASK [sync_to_git : debug] *****************************************************
ok: [127.0.0.1] => {
    "msg": " [u'[master 0c3a0e5] teckxiu', u' 2 files changed, 2 insertions(+)', u'Branch master set up to track remote branch master from origin.']"
}


PLAY [acc-midpay_nginx] ********************************************************

PLAY [127.0.0.1] ***************************************************************

PLAY RECAP *********************************************************************

119.9.108.184              : ok=12   changed=2    unreachable=0    failed=0    skipped=0    rescued=0    ignored=0   
119.9.95.28                : ok=12   changed=2    unreachable=0    failed=0    skipped=0    rescued=0    ignored=0   
127.0.0.1                  : ok=2    changed=1    unreachable=0    failed=0    skipped=0    rescued=0    ignored=0   


ESYNC_WORKER1_COMMAND_END
MAX RETRIES EXECUTED, COMMAND NOT RESPONDING