ESYNC_WORKER1_COMMAND_START
[WARNING]: Invalid characters were found in group names but not replaced, use
-vvvv to see details

PLAY [acc-midpay_nginx] ********************************************************


TASK [Gathering Facts] *********************************************************
ok: [119.9.95.28]
ok: [119.9.108.184]

TASK [nginx_sync : Change python interpreter] **********************************

ok: [119.9.95.28]
ok: [119.9.108.184]

TASK [nginx_sync : change python interpreter] **********************************
ok: [119.9.95.28]

ok: [119.9.108.184]

TASK [nginx_sync : Notify] *****************************************************
ok: [119.9.95.28] => {
    "msg": "Syncing acc-midpay_nginx"

}
ok: [119.9.108.184] => {
    "msg": "Syncing acc-midpay_nginx"
}


TASK [nginx_sync : include_vars] ***********************************************
ok: [119.9.95.28]
ok: [119.9.108.184]

TASK [nginx_sync : Synchronizing Nginx] ****************************************

changed: [119.9.95.28] => (item=conf)
changed: [119.9.108.184] => (item=conf)
changed: [119.9.108.184] => (item=conf.d)
changed: [119.9.95.28] => (item=conf.d)
ok: [119.9.95.28] => (item=data)

ok: [119.9.108.184] => (item=data)
ok: [119.9.95.28] => (item=html)
ok: [119.9.108.184] => (item=html)

TASK [nginx_sync : Set HTML Dir to root] ***************************************

ok: [119.9.95.28]
ok: [119.9.108.184]

TASK [all_servers : include_vars] **********************************************
ok: [119.9.95.28]

ok: [119.9.108.184]

TASK [all_servers : Notify] ****************************************************
ok: [119.9.95.28] => {
    "msg": "Clearing Nginx Cache for acc-midpay_nginx"

}
ok: [119.9.108.184] => {
    "msg": "Clearing Nginx Cache for acc-midpay_nginx"
}


TASK [all_servers : Copying clear_nginxcache.sh to remote hosts] ***************
ok: [119.9.95.28]
ok: [119.9.108.184]

TASK [all_servers : Nginx Clear Cache] *****************************************

changed: [119.9.95.28]
changed: [119.9.108.184]

TASK [all_servers : debug] *****************************************************
ok: [119.9.95.28] => {

    "script_result.stdout_lines": [
        "-----------------------------------------------------------", 
        "|                 Checking Nginx Config                   |", 
        "-----------------------------------------------------------", 
        "", 

        " nginx -t ", 
        "", 
        "-----------------------------------------------------------", 
        "|                 Stopping Nginx Process                  |", 
        "-----------------------------------------------------------", 

        "", 
        " /usr/bin/killall -9 nginx ", 
        "", 
        "-----------------------------------------------------------", 
        "|                 Clearing Proxy Cache                    |", 

        "-----------------------------------------------------------", 
        "", 
        " /bin/rm -rf /tmp/nginx_cache ", 
        "", 
        "-----------------------------------------------------------", 

        "|                Restarting Nginx Process                 |", 
        "-----------------------------------------------------------", 
        "root     13036  0.0  0.0 106084  1416 ?        S    12:36   0:00 /bin/bash /bak/bin/clear_nginxcache.sh", 
        "root     13042  0.0  0.1 295188  2488 ?        Ss   12:36   0:00 nginx: master process /usr/local/nginx/sbin/nginx", 
        "nobody   13043  0.0  1.4 322324 29820 ?        S    12:36   0:00 nginx: worker process      ", 

        "nobody   13045  0.0  1.4 323372 30468 ?        S    12:36   0:00 nginx: worker process      ", 
        "nobody   13046  0.0  1.4 322324 29832 ?        S    12:36   0:00 nginx: worker process      ", 
        "nobody   13047  0.0  1.4 322324 29820 ?        S    12:36   0:00 nginx: worker process      ", 
        "nobody   13048  0.0  1.4 322324 29820 ?        S    12:36   0:00 nginx: worker process      ", 
        "nobody   13049  0.0  1.4 322324 29820 ?        S    12:36   0:00 nginx: worker process      ", 

        "nobody   13050  0.0  1.4 322324 29820 ?        S    12:36   0:00 nginx: worker process      ", 
        "nobody   13051  0.0  1.4 322324 29820 ?        S    12:36   0:00 nginx: worker process      ", 
        "nobody   13052  0.0  0.1 295328  2916 ?        S    12:36   0:00 nginx: cache manager process", 
        "nobody   13053  0.0  0.1 295328  2872 ?        S    12:36   0:00 nginx: cache loader process", 
        "root     13055  0.0  0.0 103328   892 ?        S    12:36   0:00 grep nginx", 

        "             total       used       free     shared    buffers     cached", 
        "Mem:          2000       1847        153          1        142        330", 
        "-/+ buffers/cache:       1374        626", 
        "Swap:            0          0          0", 
        "-----------------------------------------------------------", 

        "|                     Reload SUCCESS!                     |", 
        "-----------------------------------------------------------"
    ]
}
ok: [119.9.108.184] => {

    "script_result.stdout_lines": [
        "-----------------------------------------------------------", 
        "|                 Checking Nginx Config                   |", 
        "-----------------------------------------------------------", 
        "", 

        " nginx -t ", 
        "", 
        "-----------------------------------------------------------", 
        "|                 Stopping Nginx Process                  |", 
        "-----------------------------------------------------------", 

        "", 
        " /usr/bin/killall -9 nginx ", 
        "", 
        "-----------------------------------------------------------", 
        "|                 Clearing Proxy Cache                    |", 

        "-----------------------------------------------------------", 
        "", 
        " /bin/rm -rf /tmp/nginx_cache ", 
        "", 
        "-----------------------------------------------------------", 

        "|                Restarting Nginx Process                 |", 
        "-----------------------------------------------------------", 
        "root     21615  0.0  0.0 106084  1412 ?        S    12:36   0:00 /bin/bash /bak/bin/clear_nginxcache.sh", 
        "root     21621  0.0  0.0 295100  2476 ?        Ss   12:36   0:00 nginx: master process /usr/local/nginx/sbin/nginx", 
        "nobody   21622  0.0  0.7 322236 29896 ?        S    12:36   0:00 nginx: worker process      ", 

        "nobody   21623  0.0  0.7 322236 29912 ?        S    12:36   0:00 nginx: worker process      ", 
        "nobody   21625  0.0  0.7 322260 30304 ?        S    12:36   0:00 nginx: worker process      ", 
        "nobody   21626  0.0  0.7 322236 29816 ?        S    12:36   0:00 nginx: worker process      ", 
        "nobody   21627  0.0  0.7 322236 29896 ?        S    12:36   0:00 nginx: worker process      ", 
        "nobody   21628  0.0  0.7 322236 29896 ?        S    12:36   0:00 nginx: worker process      ", 

        "nobody   21629  0.0  0.7 322236 29816 ?        S    12:36   0:00 nginx: worker process      ", 
        "nobody   21630  0.0  0.7 322236 29896 ?        S    12:36   0:00 nginx: worker process      ", 
        "nobody   21631  0.0  0.0 295240  2908 ?        S    12:36   0:00 nginx: cache manager process", 
        "nobody   21632  0.0  0.0 295240  2868 ?        S    12:36   0:00 nginx: cache loader process", 
        "root     21634  0.0  0.0 103328   896 ?        S    12:36   0:00 grep nginx", 

        "             total       used       free     shared    buffers     cached", 
        "Mem:          3954       3749        204          1        206        937", 
        "-/+ buffers/cache:       2605       1348", 
        "Swap:            0          0          0", 
        "-----------------------------------------------------------", 

        "|                     Reload SUCCESS!                     |", 
        "-----------------------------------------------------------"
    ]
}


PLAY [127.0.0.1] ***************************************************************

TASK [sync_to_git : Synchronizing Nginx To GIT] ********************************
changed: [127.0.0.1]


TASK [sync_to_git : debug] *****************************************************
ok: [127.0.0.1] => {
    "msg": " [u'[master db41e65] teckxiu', u' 2 files changed, 10 insertions(+), 4 deletions(-)', u'Branch master set up to track remote branch master from origin.']"
}


PLAY [acc-midpay_nginx] ********************************************************

PLAY [127.0.0.1] ***************************************************************

PLAY RECAP *********************************************************************

119.9.108.184              : ok=12   changed=2    unreachable=0    failed=0    skipped=0    rescued=0    ignored=0   
119.9.95.28                : ok=12   changed=2    unreachable=0    failed=0    skipped=0    rescued=0    ignored=0   
127.0.0.1                  : ok=2    changed=1    unreachable=0    failed=0    skipped=0    rescued=0    ignored=0   


ESYNC_WORKER1_COMMAND_END
MAX RETRIES EXECUTED, COMMAND NOT RESPONDING