ESYNC_WORKER1_COMMAND_START
[WARNING]: Invalid characters were found in group names but not replaced, use
-vvvv to see details

PLAY [acc-midpay_nginx] ********************************************************


TASK [Gathering Facts] *********************************************************
ok: [119.9.95.28]
ok: [119.9.108.184]

TASK [nginx_sync : Change python interpreter] **********************************

ok: [119.9.95.28]
ok: [119.9.108.184]

TASK [nginx_sync : change python interpreter] **********************************
ok: [119.9.95.28]

ok: [119.9.108.184]

TASK [nginx_sync : Notify] *****************************************************
ok: [119.9.95.28] => {
    "msg": "Syncing acc-midpay_nginx"

}
ok: [119.9.108.184] => {
    "msg": "Syncing acc-midpay_nginx"
}


TASK [nginx_sync : include_vars] ***********************************************
ok: [119.9.95.28]
ok: [119.9.108.184]

TASK [nginx_sync : Synchronizing Nginx] ****************************************

changed: [119.9.95.28] => (item=conf)
changed: [119.9.108.184] => (item=conf)
changed: [119.9.95.28] => (item=conf.d)
changed: [119.9.108.184] => (item=conf.d)
ok: [119.9.95.28] => (item=data)

ok: [119.9.108.184] => (item=data)
ok: [119.9.95.28] => (item=html)
ok: [119.9.108.184] => (item=html)

TASK [nginx_sync : Set HTML Dir to root] ***************************************

ok: [119.9.95.28]
ok: [119.9.108.184]

TASK [all_servers : include_vars] **********************************************
ok: [119.9.95.28]

ok: [119.9.108.184]

TASK [all_servers : Notify] ****************************************************
ok: [119.9.95.28] => {
    "msg": "Clearing Nginx Cache for acc-midpay_nginx"

}
ok: [119.9.108.184] => {
    "msg": "Clearing Nginx Cache for acc-midpay_nginx"
}


TASK [all_servers : Copying clear_nginxcache.sh to remote hosts] ***************
ok: [119.9.95.28]
ok: [119.9.108.184]

TASK [all_servers : Nginx Clear Cache] *****************************************

changed: [119.9.95.28]
changed: [119.9.108.184]

TASK [all_servers : debug] *****************************************************
ok: [119.9.95.28] => {

    "script_result.stdout_lines": [
        "-----------------------------------------------------------", 
        "|                 Checking Nginx Config                   |", 
        "-----------------------------------------------------------", 
        "", 

        " nginx -t ", 
        "", 
        "-----------------------------------------------------------", 
        "|                 Stopping Nginx Process                  |", 
        "-----------------------------------------------------------", 

        "", 
        " /usr/bin/killall -9 nginx ", 
        "", 
        "-----------------------------------------------------------", 
        "|                 Clearing Proxy Cache                    |", 

        "-----------------------------------------------------------", 
        "", 
        " /bin/rm -rf /tmp/nginx_cache ", 
        "", 
        "-----------------------------------------------------------", 

        "|                Restarting Nginx Process                 |", 
        "-----------------------------------------------------------", 
        "root      4854  0.0  0.0 106084  1416 ?        S    15:30   0:00 /bin/bash /bak/bin/clear_nginxcache.sh", 
        "root      4860  0.0  0.1 294892  2140 ?        Ss   15:30   0:00 nginx: master process /usr/local/nginx/sbin/nginx", 
        "nobody    4861  0.0  1.4 322028 29472 ?        S    15:30   0:00 nginx: worker process      ", 

        "nobody    4862  0.0  1.4 322028 29932 ?        S    15:30   0:00 nginx: worker process      ", 
        "nobody    4864  0.0  1.4 322028 29812 ?        S    15:30   0:00 nginx: worker process      ", 
        "nobody    4865  0.0  1.4 322028 29820 ?        S    15:30   0:00 nginx: worker process      ", 
        "nobody    4866  0.0  1.4 322028 29472 ?        S    15:30   0:00 nginx: worker process      ", 
        "nobody    4867  0.0  1.4 322028 29472 ?        S    15:30   0:00 nginx: worker process      ", 

        "nobody    4868  0.0  1.4 322028 29932 ?        S    15:30   0:00 nginx: worker process      ", 
        "nobody    4869  0.0  1.4 322028 29556 ?        S    15:30   0:00 nginx: worker process      ", 
        "nobody    4870  0.0  0.1 295056  2572 ?        S    15:30   0:00 nginx: cache manager process", 
        "nobody    4871  0.0  0.1 295056  2528 ?        S    15:30   0:00 nginx: cache loader process", 
        "root      4873  0.0  0.0 103324   884 ?        S    15:30   0:00 grep nginx", 

        "             total       used       free     shared    buffers     cached", 
        "Mem:          2000       1881        119          1        127       1307", 
        "-/+ buffers/cache:        446       1553", 
        "Swap:            0          0          0", 
        "-----------------------------------------------------------", 

        "|                     Reload SUCCESS!                     |", 
        "-----------------------------------------------------------"
    ]
}
ok: [119.9.108.184] => {

    "script_result.stdout_lines": [
        "-----------------------------------------------------------", 
        "|                 Checking Nginx Config                   |", 
        "-----------------------------------------------------------", 
        "", 

        " nginx -t ", 
        "", 
        "-----------------------------------------------------------", 
        "|                 Stopping Nginx Process                  |", 
        "-----------------------------------------------------------", 

        "", 
        " /usr/bin/killall -9 nginx ", 
        "", 
        "-----------------------------------------------------------", 
        "|                 Clearing Proxy Cache                    |", 

        "-----------------------------------------------------------", 
        "", 
        " /bin/rm -rf /tmp/nginx_cache ", 
        "", 
        "-----------------------------------------------------------", 

        "|                Restarting Nginx Process                 |", 
        "-----------------------------------------------------------", 
        "root     30734  0.0  0.0 106084  1412 ?        S    15:30   0:00 /bin/bash /bak/bin/clear_nginxcache.sh", 
        "root     30740  0.0  0.0 294804  2124 ?        Ss   15:30   0:00 nginx: master process /usr/local/nginx/sbin/nginx", 
        "nobody   30741  0.3  0.7 322708 29968 ?        S    15:30   0:00 nginx: worker process      ", 

        "nobody   30742  0.3  0.7 321940 29888 ?        S    15:30   0:00 nginx: worker process      ", 
        "nobody   30744  0.0  0.7 321940 29464 ?        S    15:30   0:00 nginx: worker process      ", 
        "nobody   30745  0.0  0.7 321940 29464 ?        S    15:30   0:00 nginx: worker process      ", 
        "nobody   30746  0.0  0.7 321940 29464 ?        S    15:30   0:00 nginx: worker process      ", 
        "nobody   30747  0.0  0.7 321940 29476 ?        S    15:30   0:00 nginx: worker process      ", 

        "nobody   30748  0.3  0.7 321940 29476 ?        S    15:30   0:00 nginx: worker process      ", 
        "nobody   30749  0.0  0.7 321940 29476 ?        S    15:30   0:00 nginx: worker process      ", 
        "nobody   30750  0.0  0.0 294968  2560 ?        S    15:30   0:00 nginx: cache manager process", 
        "nobody   30751  0.0  0.0 294968  2520 ?        S    15:30   0:00 nginx: cache loader process", 
        "root     30753  0.0  0.0 103328   892 ?        S    15:30   0:00 grep nginx", 

        "             total       used       free     shared    buffers     cached", 
        "Mem:          3954       3495        458          1        180       2509", 
        "-/+ buffers/cache:        805       3148", 
        "Swap:            0          0          0", 
        "-----------------------------------------------------------", 

        "|                     Reload SUCCESS!                     |", 
        "-----------------------------------------------------------"
    ]
}


PLAY [127.0.0.1] ***************************************************************

TASK [sync_to_git : Synchronizing Nginx To GIT] ********************************
changed: [127.0.0.1]


TASK [sync_to_git : debug] *****************************************************
ok: [127.0.0.1] => {
    "msg": " [u'[master 028087b] teckxiu', u' 2 files changed, 12 insertions(+)', u'Branch master set up to track remote branch master from origin.']"
}


PLAY [acc-midpay_nginx] ********************************************************

PLAY [127.0.0.1] ***************************************************************

PLAY RECAP *********************************************************************

119.9.108.184              : ok=12   changed=2    unreachable=0    failed=0    skipped=0    rescued=0    ignored=0   
119.9.95.28                : ok=12   changed=2    unreachable=0    failed=0    skipped=0    rescued=0    ignored=0   
127.0.0.1                  : ok=2    changed=1    unreachable=0    failed=0    skipped=0    rescued=0    ignored=0   


ESYNC_WORKER1_COMMAND_END
MAX RETRIES EXECUTED, COMMAND NOT RESPONDING