ESYNC_WORKER1_COMMAND_START
[WARNING]: Invalid characters were found in group names but not replaced, use
-vvvv to see details

PLAY [acc-midpay_nginx] ********************************************************


TASK [Gathering Facts] *********************************************************
ok: [119.9.108.184]
ok: [119.9.95.28]

TASK [nginx_sync : Change python interpreter] **********************************

ok: [119.9.95.28]
ok: [119.9.108.184]

TASK [nginx_sync : change python interpreter] **********************************
ok: [119.9.95.28]

ok: [119.9.108.184]

TASK [nginx_sync : Notify] *****************************************************
ok: [119.9.95.28] => {
    "msg": "Syncing acc-midpay_nginx"

}
ok: [119.9.108.184] => {
    "msg": "Syncing acc-midpay_nginx"
}


TASK [nginx_sync : include_vars] ***********************************************
ok: [119.9.95.28]
ok: [119.9.108.184]

TASK [nginx_sync : Synchronizing Nginx] ****************************************

changed: [119.9.95.28] => (item=conf)
changed: [119.9.108.184] => (item=conf)
changed: [119.9.108.184] => (item=conf.d)
changed: [119.9.95.28] => (item=conf.d)
ok: [119.9.95.28] => (item=data)

ok: [119.9.108.184] => (item=data)
ok: [119.9.95.28] => (item=html)
ok: [119.9.108.184] => (item=html)

TASK [nginx_sync : Set HTML Dir to root] ***************************************

ok: [119.9.95.28]
ok: [119.9.108.184]

TASK [all_servers : include_vars] **********************************************
ok: [119.9.95.28]

ok: [119.9.108.184]

TASK [all_servers : Notify] ****************************************************
ok: [119.9.95.28] => {
    "msg": "Clearing Nginx Cache for acc-midpay_nginx"

}
ok: [119.9.108.184] => {
    "msg": "Clearing Nginx Cache for acc-midpay_nginx"
}


TASK [all_servers : Copying clear_nginxcache.sh to remote hosts] ***************
ok: [119.9.95.28]
ok: [119.9.108.184]

TASK [all_servers : Nginx Clear Cache] *****************************************

changed: [119.9.95.28]
changed: [119.9.108.184]

TASK [all_servers : debug] *****************************************************
ok: [119.9.95.28] => {

    "script_result.stdout_lines": [
        "-----------------------------------------------------------", 
        "|                 Checking Nginx Config                   |", 
        "-----------------------------------------------------------", 
        "", 

        " nginx -t ", 
        "", 
        "-----------------------------------------------------------", 
        "|                 Stopping Nginx Process                  |", 
        "-----------------------------------------------------------", 

        "", 
        " /usr/bin/killall -9 nginx ", 
        "", 
        "-----------------------------------------------------------", 
        "|                 Clearing Proxy Cache                    |", 

        "-----------------------------------------------------------", 
        "", 
        " /bin/rm -rf /tmp/nginx_cache ", 
        "", 
        "-----------------------------------------------------------", 

        "|                Restarting Nginx Process                 |", 
        "-----------------------------------------------------------", 
        "root     20404  0.0  0.0 106084  1416 ?        S    10:06   0:00 /bin/bash /bak/bin/clear_nginxcache.sh", 
        "root     20510  0.0  0.1 295332  2628 ?        Ss   10:06   0:00 nginx: master process /usr/local/nginx/sbin/nginx", 
        "nobody   20512  0.0  1.4 322468 29960 ?        S    10:06   0:00 nginx: worker process      ", 

        "nobody   20513  0.0  1.4 322468 30044 ?        S    10:06   0:00 nginx: worker process      ", 
        "nobody   20514  0.0  1.4 322468 29960 ?        S    10:06   0:00 nginx: worker process      ", 
        "nobody   20515  0.5  1.4 323004 30276 ?        S    10:06   0:00 nginx: worker process      ", 
        "nobody   20516  0.0  1.4 322468 29960 ?        S    10:06   0:00 nginx: worker process      ", 
        "nobody   20517  0.5  1.4 322468 29960 ?        S    10:06   0:00 nginx: worker process      ", 

        "nobody   20518  0.0  1.4 322468 29960 ?        S    10:06   0:00 nginx: worker process      ", 
        "nobody   20519  0.5  1.4 322468 29960 ?        S    10:06   0:00 nginx: worker process      ", 
        "nobody   20520  0.0  0.1 295472  3056 ?        S    10:06   0:00 nginx: cache manager process", 
        "nobody   20521  0.0  0.1 295472  3012 ?        S    10:06   0:00 nginx: cache loader process", 
        "root     20576  0.0  0.0 103328   892 ?        S    10:06   0:00 grep nginx", 

        "             total       used       free     shared    buffers     cached", 
        "Mem:          2000       1840        160          1        152        374", 
        "-/+ buffers/cache:       1312        687", 
        "Swap:            0          0          0", 
        "-----------------------------------------------------------", 

        "|                     Reload SUCCESS!                     |", 
        "-----------------------------------------------------------"
    ]
}
ok: [119.9.108.184] => {

    "script_result.stdout_lines": [
        "-----------------------------------------------------------", 
        "|                 Checking Nginx Config                   |", 
        "-----------------------------------------------------------", 
        "", 

        " nginx -t ", 
        "", 
        "-----------------------------------------------------------", 
        "|                 Stopping Nginx Process                  |", 
        "-----------------------------------------------------------", 

        "", 
        " /usr/bin/killall -9 nginx ", 
        "", 
        "-----------------------------------------------------------", 
        "|                 Clearing Proxy Cache                    |", 

        "-----------------------------------------------------------", 
        "", 
        " /bin/rm -rf /tmp/nginx_cache ", 
        "", 
        "-----------------------------------------------------------", 

        "|                Restarting Nginx Process                 |", 
        "-----------------------------------------------------------", 
        "root     29952  0.0  0.0 106084  1408 ?        S    10:06   0:00 /bin/bash /bak/bin/clear_nginxcache.sh", 
        "root     30083  0.0  0.0 295228  2612 ?        Ss   10:06   0:00 nginx: master process /usr/local/nginx/sbin/nginx", 
        "nobody   30084  0.1  0.7 322916 30432 ?        S    10:06   0:00 nginx: worker process      ", 

        "nobody   30085  0.0  0.7 322364 29952 ?        S    10:06   0:00 nginx: worker process      ", 
        "nobody   30086  0.0  0.7 322364 30032 ?        S    10:06   0:00 nginx: worker process      ", 
        "nobody   30087  0.0  0.7 322404 30428 ?        S    10:06   0:00 nginx: worker process      ", 
        "nobody   30088  0.0  0.7 322364 30032 ?        S    10:06   0:00 nginx: worker process      ", 
        "nobody   30089  0.0  0.7 322364 29952 ?        S    10:06   0:00 nginx: worker process      ", 

        "nobody   30090  0.0  0.7 322364 30032 ?        S    10:06   0:00 nginx: worker process      ", 
        "nobody   30091  0.0  0.7 322916 30436 ?        S    10:06   0:00 nginx: worker process      ", 
        "nobody   30092  0.0  0.0 295384  3044 ?        S    10:06   0:00 nginx: cache manager process", 
        "nobody   30093  0.0  0.0 295384  3004 ?        S    10:06   0:00 nginx: cache loader process", 
        "root     30120  0.0  0.0 103328   896 ?        S    10:06   0:00 grep nginx", 

        "             total       used       free     shared    buffers     cached", 
        "Mem:          3954       3756        197          1        203        856", 
        "-/+ buffers/cache:       2696       1257", 
        "Swap:            0          0          0", 
        "-----------------------------------------------------------", 

        "|                     Reload SUCCESS!                     |", 
        "-----------------------------------------------------------"
    ]
}


PLAY [127.0.0.1] ***************************************************************

TASK [sync_to_git : Synchronizing Nginx To GIT] ********************************
changed: [127.0.0.1]


TASK [sync_to_git : debug] *****************************************************
ok: [127.0.0.1] => {
    "msg": " [u'[master 308dfb5] teckxiu', u' 2 files changed, 2 insertions(+)', u'Branch master set up to track remote branch master from origin.']"
}


PLAY [acc-midpay_nginx] ********************************************************

PLAY [127.0.0.1] ***************************************************************

PLAY RECAP *********************************************************************

119.9.108.184              : ok=12   changed=2    unreachable=0    failed=0    skipped=0    rescued=0    ignored=0   
119.9.95.28                : ok=12   changed=2    unreachable=0    failed=0    skipped=0    rescued=0    ignored=0   
127.0.0.1                  : ok=2    changed=1    unreachable=0    failed=0    skipped=0    rescued=0    ignored=0   


ESYNC_WORKER1_COMMAND_END
MAX RETRIES EXECUTED, COMMAND NOT RESPONDING