ESYNC_WORKER1_COMMAND_START
[WARNING]: Invalid characters were found in group names but not replaced, use
-vvvv to see details

PLAY [acc-midpay_nginx] ********************************************************


TASK [Gathering Facts] *********************************************************
ok: [119.9.95.28]
ok: [119.9.108.184]

TASK [nginx_sync : Change python interpreter] **********************************

ok: [119.9.95.28]
ok: [119.9.108.184]

TASK [nginx_sync : change python interpreter] **********************************
ok: [119.9.95.28]

ok: [119.9.108.184]

TASK [nginx_sync : Notify] *****************************************************
ok: [119.9.95.28] => {
    "msg": "Syncing acc-midpay_nginx"

}
ok: [119.9.108.184] => {
    "msg": "Syncing acc-midpay_nginx"
}


TASK [nginx_sync : include_vars] ***********************************************
ok: [119.9.95.28]
ok: [119.9.108.184]

TASK [nginx_sync : Synchronizing Nginx] ****************************************

changed: [119.9.95.28] => (item=conf)
changed: [119.9.108.184] => (item=conf)
changed: [119.9.95.28] => (item=conf.d)
changed: [119.9.108.184] => (item=conf.d)
ok: [119.9.95.28] => (item=data)

ok: [119.9.108.184] => (item=data)
ok: [119.9.95.28] => (item=html)
ok: [119.9.108.184] => (item=html)

TASK [nginx_sync : Set HTML Dir to root] ***************************************

ok: [119.9.108.184]
ok: [119.9.95.28]

TASK [all_servers : include_vars] **********************************************
ok: [119.9.95.28]

ok: [119.9.108.184]

TASK [all_servers : Notify] ****************************************************
ok: [119.9.95.28] => {
    "msg": "Clearing Nginx Cache for acc-midpay_nginx"

}
ok: [119.9.108.184] => {
    "msg": "Clearing Nginx Cache for acc-midpay_nginx"
}


TASK [all_servers : Copying clear_nginxcache.sh to remote hosts] ***************
ok: [119.9.95.28]
ok: [119.9.108.184]

TASK [all_servers : Nginx Clear Cache] *****************************************

changed: [119.9.95.28]
changed: [119.9.108.184]

TASK [all_servers : debug] *****************************************************
ok: [119.9.95.28] => {

    "script_result.stdout_lines": [
        "-----------------------------------------------------------", 
        "|                 Checking Nginx Config                   |", 
        "-----------------------------------------------------------", 
        "", 

        " nginx -t ", 
        "", 
        "-----------------------------------------------------------", 
        "|                 Stopping Nginx Process                  |", 
        "-----------------------------------------------------------", 

        "", 
        " /usr/bin/killall -9 nginx ", 
        "", 
        "-----------------------------------------------------------", 
        "|                 Clearing Proxy Cache                    |", 

        "-----------------------------------------------------------", 
        "", 
        " /bin/rm -rf /tmp/nginx_cache ", 
        "", 
        "-----------------------------------------------------------", 

        "|                Restarting Nginx Process                 |", 
        "-----------------------------------------------------------", 
        "root     15421  0.0  0.0 106084  1412 ?        S    16:33   0:00 /bin/bash /bak/bin/clear_nginxcache.sh", 
        "root     15432  0.0  0.1 295332  2632 ?        Ss   16:33   0:00 nginx: master process /usr/local/nginx/sbin/nginx", 
        "nobody   15434  0.0  1.4 322468 29964 ?        S    16:33   0:00 nginx: worker process      ", 

        "nobody   15435  0.5  1.4 322468 29964 ?        S    16:33   0:00 nginx: worker process      ", 
        "nobody   15436  0.0  1.4 322468 29964 ?        S    16:33   0:00 nginx: worker process      ", 
        "nobody   15437  0.0  1.4 322468 29964 ?        S    16:33   0:00 nginx: worker process      ", 
        "nobody   15438  0.0  1.4 322468 29964 ?        S    16:33   0:00 nginx: worker process      ", 
        "nobody   15439  0.5  1.4 322468 29964 ?        S    16:33   0:00 nginx: worker process      ", 

        "nobody   15440  0.0  1.4 322468 29964 ?        S    16:33   0:00 nginx: worker process      ", 
        "nobody   15441  0.5  1.4 322468 29964 ?        S    16:33   0:00 nginx: worker process      ", 
        "nobody   15442  0.0  0.1 295472  3060 ?        S    16:33   0:00 nginx: cache manager process", 
        "nobody   15443  0.0  0.1 295472  3016 ?        S    16:33   0:00 nginx: cache loader process", 
        "root     15445  0.0  0.0 103328   888 ?        S    16:33   0:00 grep nginx", 

        "             total       used       free     shared    buffers     cached", 
        "Mem:          2000       1884        116          1        152        377", 
        "-/+ buffers/cache:       1353        646", 
        "Swap:            0          0          0", 
        "-----------------------------------------------------------", 

        "|                     Reload SUCCESS!                     |", 
        "-----------------------------------------------------------"
    ]
}
ok: [119.9.108.184] => {

    "script_result.stdout_lines": [
        "-----------------------------------------------------------", 
        "|                 Checking Nginx Config                   |", 
        "-----------------------------------------------------------", 
        "", 

        " nginx -t ", 
        "", 
        "-----------------------------------------------------------", 
        "|                 Stopping Nginx Process                  |", 
        "-----------------------------------------------------------", 

        "", 
        " /usr/bin/killall -9 nginx ", 
        "", 
        "-----------------------------------------------------------", 
        "|                 Clearing Proxy Cache                    |", 

        "-----------------------------------------------------------", 
        "", 
        " /bin/rm -rf /tmp/nginx_cache ", 
        "", 
        "-----------------------------------------------------------", 

        "|                Restarting Nginx Process                 |", 
        "-----------------------------------------------------------", 
        "root     25151  0.0  0.0 106084  1412 ?        S    16:33   0:00 /bin/bash /bak/bin/clear_nginxcache.sh", 
        "root     25162  0.0  0.0 295244  2616 ?        Ss   16:33   0:00 nginx: master process /usr/local/nginx/sbin/nginx", 
        "nobody   25163  0.0  0.7 322380 30036 ?        S    16:33   0:00 nginx: worker process      ", 

        "nobody   25165  0.0  0.7 322380 29956 ?        S    16:33   0:00 nginx: worker process      ", 
        "nobody   25166  0.0  0.7 322380 30036 ?        S    16:33   0:00 nginx: worker process      ", 
        "nobody   25167  0.0  0.7 322380 29956 ?        S    16:33   0:00 nginx: worker process      ", 
        "nobody   25168  0.0  0.7 322380 30036 ?        S    16:33   0:00 nginx: worker process      ", 
        "nobody   25169  0.0  0.7 322380 29956 ?        S    16:33   0:00 nginx: worker process      ", 

        "nobody   25170  0.0  0.7 322380 30036 ?        S    16:33   0:00 nginx: worker process      ", 
        "nobody   25171  0.0  0.7 322404 30436 ?        S    16:33   0:00 nginx: worker process      ", 
        "nobody   25172  0.0  0.0 295384  3048 ?        S    16:33   0:00 nginx: cache manager process", 
        "nobody   25173  0.0  0.0 295384  3008 ?        S    16:33   0:00 nginx: cache loader process", 
        "root     25175  0.0  0.0 103324   888 ?        R    16:33   0:00 grep nginx", 

        "             total       used       free     shared    buffers     cached", 
        "Mem:          3954       3786        168          1        203        849", 
        "-/+ buffers/cache:       2733       1220", 
        "Swap:            0          0          0", 
        "-----------------------------------------------------------", 

        "|                     Reload SUCCESS!                     |", 
        "-----------------------------------------------------------"
    ]
}


PLAY [127.0.0.1] ***************************************************************

TASK [sync_to_git : Synchronizing Nginx To GIT] ********************************
changed: [127.0.0.1]


TASK [sync_to_git : debug] *****************************************************
ok: [127.0.0.1] => {
    "msg": " [u'[master e04382e] teckxiu', u' 2 files changed, 2 deletions(-)', u'Branch master set up to track remote branch master from origin.']"
}


PLAY [acc-midpay_nginx] ********************************************************

PLAY [127.0.0.1] ***************************************************************

PLAY RECAP *********************************************************************

119.9.108.184              : ok=12   changed=2    unreachable=0    failed=0    skipped=0    rescued=0    ignored=0   
119.9.95.28                : ok=12   changed=2    unreachable=0    failed=0    skipped=0    rescued=0    ignored=0   
127.0.0.1                  : ok=2    changed=1    unreachable=0    failed=0    skipped=0    rescued=0    ignored=0   


ESYNC_WORKER1_COMMAND_END
MAX RETRIES EXECUTED, COMMAND NOT RESPONDING