ESYNC_WORKER1_COMMAND_START
[WARNING]: Invalid characters were found in group names but not replaced, use
-vvvv to see details

PLAY [acc-midpay_nginx] ********************************************************


TASK [Gathering Facts] *********************************************************
ok: [119.9.108.184]
ok: [119.9.95.28]

TASK [nginx_sync : Change python interpreter] **********************************

ok: [119.9.95.28]
ok: [119.9.108.184]

TASK [nginx_sync : change python interpreter] **********************************
ok: [119.9.95.28]

ok: [119.9.108.184]

TASK [nginx_sync : Notify] *****************************************************
ok: [119.9.95.28] => {
    "msg": "Syncing acc-midpay_nginx"

}
ok: [119.9.108.184] => {
    "msg": "Syncing acc-midpay_nginx"
}


TASK [nginx_sync : include_vars] ***********************************************
ok: [119.9.95.28]
ok: [119.9.108.184]

TASK [nginx_sync : Synchronizing Nginx] ****************************************

changed: [119.9.95.28] => (item=conf)
changed: [119.9.108.184] => (item=conf)
changed: [119.9.95.28] => (item=conf.d)
changed: [119.9.108.184] => (item=conf.d)
ok: [119.9.95.28] => (item=data)

ok: [119.9.108.184] => (item=data)
ok: [119.9.95.28] => (item=html)
ok: [119.9.108.184] => (item=html)

TASK [nginx_sync : Set HTML Dir to root] ***************************************

ok: [119.9.95.28]
ok: [119.9.108.184]

TASK [all_servers : include_vars] **********************************************
ok: [119.9.95.28]

ok: [119.9.108.184]

TASK [all_servers : Notify] ****************************************************
ok: [119.9.95.28] => {
    "msg": "Clearing Nginx Cache for acc-midpay_nginx"

}
ok: [119.9.108.184] => {
    "msg": "Clearing Nginx Cache for acc-midpay_nginx"
}


TASK [all_servers : Copying clear_nginxcache.sh to remote hosts] ***************
ok: [119.9.95.28]
ok: [119.9.108.184]

TASK [all_servers : Nginx Clear Cache] *****************************************

changed: [119.9.95.28]
changed: [119.9.108.184]

TASK [all_servers : debug] *****************************************************
ok: [119.9.95.28] => {

    "script_result.stdout_lines": [
        "-----------------------------------------------------------", 
        "|                 Checking Nginx Config                   |", 
        "-----------------------------------------------------------", 
        "", 

        " nginx -t ", 
        "", 
        "-----------------------------------------------------------", 
        "|                 Stopping Nginx Process                  |", 
        "-----------------------------------------------------------", 

        "", 
        " /usr/bin/killall -9 nginx ", 
        "", 
        "-----------------------------------------------------------", 
        "|                 Clearing Proxy Cache                    |", 

        "-----------------------------------------------------------", 
        "", 
        " /bin/rm -rf /tmp/nginx_cache ", 
        "", 
        "-----------------------------------------------------------", 

        "|                Restarting Nginx Process                 |", 
        "-----------------------------------------------------------", 
        "root      1245  0.0  0.0 106084  1412 ?        S    15:10   0:00 /bin/bash /bak/bin/clear_nginxcache.sh", 
        "root      1255  0.0  0.1 295412  2744 ?        Ss   15:10   0:00 nginx: master process /usr/local/nginx/sbin/nginx", 
        "nobody    1256  0.0  1.4 322548 30076 ?        S    15:10   0:00 nginx: worker process      ", 

        "nobody    1258  0.5  1.4 322604 30536 ?        S    15:10   0:00 nginx: worker process      ", 
        "nobody    1259  0.0  1.4 323116 30384 ?        S    15:10   0:00 nginx: worker process      ", 
        "nobody    1260  0.5  1.4 322548 30076 ?        S    15:10   0:00 nginx: worker process      ", 
        "nobody    1261  0.0  1.4 322548 30076 ?        S    15:10   0:00 nginx: worker process      ", 
        "nobody    1262  0.5  1.4 322604 30424 ?        S    15:10   0:00 nginx: worker process      ", 

        "nobody    1263  0.0  1.4 322548 30076 ?        S    15:10   0:00 nginx: worker process      ", 
        "nobody    1266  0.0  1.4 322548 30076 ?        S    15:10   0:00 nginx: worker process      ", 
        "nobody    1267  0.0  0.1 295584  3172 ?        S    15:10   0:00 nginx: cache manager process", 
        "nobody    1269  0.0  0.1 295584  3128 ?        S    15:10   0:00 nginx: cache loader process", 
        "root      1273  0.0  0.0 103324   880 ?        S    15:10   0:00 grep nginx", 

        "             total       used       free     shared    buffers     cached", 
        "Mem:          2000       1866        133          1        145        561", 
        "-/+ buffers/cache:       1160        840", 
        "Swap:            0          0          0", 
        "-----------------------------------------------------------", 

        "|                     Reload SUCCESS!                     |", 
        "-----------------------------------------------------------"
    ]
}
ok: [119.9.108.184] => {

    "script_result.stdout_lines": [
        "-----------------------------------------------------------", 
        "|                 Checking Nginx Config                   |", 
        "-----------------------------------------------------------", 
        "", 

        " nginx -t ", 
        "", 
        "-----------------------------------------------------------", 
        "|                 Stopping Nginx Process                  |", 
        "-----------------------------------------------------------", 

        "", 
        " /usr/bin/killall -9 nginx ", 
        "", 
        "-----------------------------------------------------------", 
        "|                 Clearing Proxy Cache                    |", 

        "-----------------------------------------------------------", 
        "", 
        " /bin/rm -rf /tmp/nginx_cache ", 
        "", 
        "-----------------------------------------------------------", 

        "|                Restarting Nginx Process                 |", 
        "-----------------------------------------------------------", 
        "root     28536  0.0  0.0 106084  1416 ?        S    15:10   0:00 /bin/bash /bak/bin/clear_nginxcache.sh", 
        "root     28546  0.0  0.0 295324  2736 ?        Ss   15:10   0:00 nginx: master process /usr/local/nginx/sbin/nginx", 
        "nobody   28547  0.5  0.7 323540 30492 ?        S    15:10   0:00 nginx: worker process      ", 

        "nobody   28549  0.5  0.7 322516 30552 ?        S    15:10   0:00 nginx: worker process      ", 
        "nobody   28550  0.0  0.7 322460 30076 ?        S    15:10   0:00 nginx: worker process      ", 
        "nobody   28551  0.0  0.7 322516 30552 ?        S    15:10   0:00 nginx: worker process      ", 
        "nobody   28552  0.0  0.7 322460 30076 ?        S    15:10   0:00 nginx: worker process      ", 
        "nobody   28553  0.5  0.7 322516 30552 ?        S    15:10   0:00 nginx: worker process      ", 

        "nobody   28554  0.0  0.7 323028 30484 ?        S    15:10   0:00 nginx: worker process      ", 
        "nobody   28555  0.0  0.7 322460 30076 ?        S    15:10   0:00 nginx: worker process      ", 
        "nobody   28556  0.0  0.0 295496  3168 ?        S    15:10   0:00 nginx: cache manager process", 
        "nobody   28557  0.0  0.0 295496  3128 ?        S    15:10   0:00 nginx: cache loader process", 
        "root     28559  0.0  0.0 103328   892 ?        S    15:10   0:00 grep nginx", 

        "             total       used       free     shared    buffers     cached", 
        "Mem:          3954       3199        754          1        200       1089", 
        "-/+ buffers/cache:       1909       2044", 
        "Swap:            0          0          0", 
        "-----------------------------------------------------------", 

        "|                     Reload SUCCESS!                     |", 
        "-----------------------------------------------------------"
    ]
}


PLAY [127.0.0.1] ***************************************************************

TASK [sync_to_git : Synchronizing Nginx To GIT] ********************************
changed: [127.0.0.1]


TASK [sync_to_git : debug] *****************************************************
ok: [127.0.0.1] => {
    "msg": " [u'[master 7e9c7f1] teckxiu', u' 4 files changed, 77 insertions(+)', u'Branch master set up to track remote branch master from origin.']"
}


PLAY [acc-midpay_nginx] ********************************************************

PLAY [127.0.0.1] ***************************************************************

PLAY RECAP *********************************************************************

119.9.108.184              : ok=12   changed=2    unreachable=0    failed=0    skipped=0    rescued=0    ignored=0   
119.9.95.28                : ok=12   changed=2    unreachable=0    failed=0    skipped=0    rescued=0    ignored=0   
127.0.0.1                  : ok=2    changed=1    unreachable=0    failed=0    skipped=0    rescued=0    ignored=0   


ESYNC_WORKER1_COMMAND_END
MAX RETRIES EXECUTED, COMMAND NOT RESPONDING