ESYNC_WORKER1_COMMAND_START
[WARNING]: Invalid characters were found in group names but not replaced, use
-vvvv to see details

PLAY [acc-midpay_nginx] ********************************************************


TASK [Gathering Facts] *********************************************************
ok: [119.9.95.28]
ok: [119.9.108.184]

TASK [nginx_sync : Change python interpreter] **********************************

ok: [119.9.95.28]
ok: [119.9.108.184]

TASK [nginx_sync : change python interpreter] **********************************
ok: [119.9.95.28]

ok: [119.9.108.184]

TASK [nginx_sync : Notify] *****************************************************
ok: [119.9.95.28] => {
    "msg": "Syncing acc-midpay_nginx"

}
ok: [119.9.108.184] => {
    "msg": "Syncing acc-midpay_nginx"
}


TASK [nginx_sync : include_vars] ***********************************************
ok: [119.9.95.28]
ok: [119.9.108.184]

TASK [nginx_sync : Synchronizing Nginx] ****************************************

changed: [119.9.95.28] => (item=conf)
changed: [119.9.108.184] => (item=conf)
changed: [119.9.95.28] => (item=conf.d)
changed: [119.9.108.184] => (item=conf.d)
ok: [119.9.95.28] => (item=data)

ok: [119.9.108.184] => (item=data)
ok: [119.9.95.28] => (item=html)
ok: [119.9.108.184] => (item=html)

TASK [nginx_sync : Set HTML Dir to root] ***************************************

ok: [119.9.95.28]
ok: [119.9.108.184]

TASK [all_servers : include_vars] **********************************************
ok: [119.9.95.28]

ok: [119.9.108.184]

TASK [all_servers : Notify] ****************************************************
ok: [119.9.95.28] => {
    "msg": "Clearing Nginx Cache for acc-midpay_nginx"

}
ok: [119.9.108.184] => {
    "msg": "Clearing Nginx Cache for acc-midpay_nginx"
}


TASK [all_servers : Copying clear_nginxcache.sh to remote hosts] ***************
ok: [119.9.95.28]
ok: [119.9.108.184]

TASK [all_servers : Nginx Clear Cache] *****************************************

changed: [119.9.95.28]
changed: [119.9.108.184]

TASK [all_servers : debug] *****************************************************
ok: [119.9.95.28] => {

    "script_result.stdout_lines": [
        "-----------------------------------------------------------", 
        "|                 Checking Nginx Config                   |", 
        "-----------------------------------------------------------", 
        "", 

        " nginx -t ", 
        "", 
        "-----------------------------------------------------------", 
        "|                 Stopping Nginx Process                  |", 
        "-----------------------------------------------------------", 

        "", 
        " /usr/bin/killall -9 nginx ", 
        "", 
        "-----------------------------------------------------------", 
        "|                 Clearing Proxy Cache                    |", 

        "-----------------------------------------------------------", 
        "", 
        " /bin/rm -rf /tmp/nginx_cache ", 
        "", 
        "-----------------------------------------------------------", 

        "|                Restarting Nginx Process                 |", 
        "-----------------------------------------------------------", 
        "root     16108  0.0  0.0 106084  1416 ?        S    10:52   0:00 /bin/bash /bak/bin/clear_nginxcache.sh", 
        "root     16115  0.0  0.1 294868  2204 ?        Ss   10:52   0:00 nginx: master process /usr/local/nginx/sbin/nginx", 
        "nobody   16116  0.0  1.4 322004 29620 ?        S    10:52   0:00 nginx: worker process      ", 

        "nobody   16117  0.0  1.4 322060 29988 ?        S    10:52   0:00 nginx: worker process      ", 
        "nobody   16119  0.0  1.4 322004 29620 ?        S    10:52   0:00 nginx: worker process      ", 
        "nobody   16120  0.0  1.4 322004 29536 ?        S    10:52   0:00 nginx: worker process      ", 
        "nobody   16121  0.0  1.4 322004 29536 ?        S    10:52   0:00 nginx: worker process      ", 
        "nobody   16122  0.0  1.4 322004 29536 ?        S    10:52   0:00 nginx: worker process      ", 

        "nobody   16123  0.0  1.4 322060 29996 ?        S    10:52   0:00 nginx: worker process      ", 
        "nobody   16124  0.5  1.4 322060 29988 ?        S    10:52   0:00 nginx: worker process      ", 
        "nobody   16125  0.0  0.1 295040  2632 ?        S    10:52   0:00 nginx: cache manager process", 
        "nobody   16126  0.0  0.1 295040  2588 ?        S    10:52   0:00 nginx: cache loader process", 
        "root     16132  0.0  0.0 103328   888 ?        S    10:52   0:00 grep nginx", 

        "             total       used       free     shared    buffers     cached", 
        "Mem:          2000       1844        156          1        138        284", 
        "-/+ buffers/cache:       1421        578", 
        "Swap:            0          0          0", 
        "-----------------------------------------------------------", 

        "|                     Reload SUCCESS!                     |", 
        "-----------------------------------------------------------"
    ]
}
ok: [119.9.108.184] => {

    "script_result.stdout_lines": [
        "-----------------------------------------------------------", 
        "|                 Checking Nginx Config                   |", 
        "-----------------------------------------------------------", 
        "", 

        " nginx -t ", 
        "", 
        "-----------------------------------------------------------", 
        "|                 Stopping Nginx Process                  |", 
        "-----------------------------------------------------------", 

        "", 
        " /usr/bin/killall -9 nginx ", 
        "", 
        "-----------------------------------------------------------", 
        "|                 Clearing Proxy Cache                    |", 

        "-----------------------------------------------------------", 
        "", 
        " /bin/rm -rf /tmp/nginx_cache ", 
        "", 
        "-----------------------------------------------------------", 

        "|                Restarting Nginx Process                 |", 
        "-----------------------------------------------------------", 
        "root     11383  0.0  0.0 106084  1416 ?        S    10:52   0:00 /bin/bash /bak/bin/clear_nginxcache.sh", 
        "root     11389  0.0  0.0 294780  2192 ?        Ss   10:52   0:00 nginx: master process /usr/local/nginx/sbin/nginx", 
        "nobody   11390  0.0  0.7 321916 29612 ?        S    10:52   0:00 nginx: worker process      ", 

        "nobody   11392  0.5  0.7 321916 29612 ?        S    10:52   0:00 nginx: worker process      ", 
        "nobody   11393  0.5  0.7 321916 29532 ?        S    10:52   0:00 nginx: worker process      ", 
        "nobody   11394  0.0  0.7 321916 29532 ?        S    10:52   0:00 nginx: worker process      ", 
        "nobody   11395  0.5  0.7 321916 29612 ?        S    10:52   0:00 nginx: worker process      ", 
        "nobody   11396  0.5  0.7 321972 30008 ?        S    10:52   0:00 nginx: worker process      ", 

        "nobody   11397  0.5  0.7 321916 29532 ?        S    10:52   0:00 nginx: worker process      ", 
        "nobody   11398  0.5  0.7 321916 29532 ?        S    10:52   0:00 nginx: worker process      ", 
        "nobody   11399  0.0  0.0 294952  2624 ?        S    10:52   0:00 nginx: cache manager process", 
        "nobody   11400  0.0  0.0 294952  2584 ?        S    10:52   0:00 nginx: cache loader process", 
        "root     11402  0.0  0.0 103324   888 ?        S    10:52   0:00 grep nginx", 

        "             total       used       free     shared    buffers     cached", 
        "Mem:          3954       3685        268          1        194       1541", 
        "-/+ buffers/cache:       1949       2004", 
        "Swap:            0          0          0", 
        "-----------------------------------------------------------", 

        "|                     Reload SUCCESS!                     |", 
        "-----------------------------------------------------------"
    ]
}


PLAY [127.0.0.1] ***************************************************************

TASK [sync_to_git : Synchronizing Nginx To GIT] ********************************
changed: [127.0.0.1]


TASK [sync_to_git : debug] *****************************************************
ok: [127.0.0.1] => {
    "msg": " [u'[master 226111f] teckxiu', u' 2 files changed, 70 insertions(+)', u'Branch master set up to track remote branch master from origin.']"
}


PLAY [acc-midpay_nginx] ********************************************************

PLAY [127.0.0.1] ***************************************************************

PLAY RECAP *********************************************************************

119.9.108.184              : ok=12   changed=2    unreachable=0    failed=0    skipped=0    rescued=0    ignored=0   
119.9.95.28                : ok=12   changed=2    unreachable=0    failed=0    skipped=0    rescued=0    ignored=0   
127.0.0.1                  : ok=2    changed=1    unreachable=0    failed=0    skipped=0    rescued=0    ignored=0   


ESYNC_WORKER1_COMMAND_END
MAX RETRIES EXECUTED, COMMAND NOT RESPONDING