ESYNC_COMMAND_START

PLAY [Product-RUIBO__NginxForward] *********************************************

TASK [nginx_sync : Notify] *****************************************************
ok: [23.99.120.65] => {

    "msg": "Syncing Product-RUIBO__NginxForward"
}
ok: [119.81.239.92] => {
    "msg": "Syncing Product-RUIBO__NginxForward"
}

ok: [119.9.108.253] => {
    "msg": "Syncing Product-RUIBO__NginxForward"
}
ok: [161.202.34.66] => {
    "msg": "Syncing Product-RUIBO__NginxForward"

}
ok: [168.63.221.64] => {
    "msg": "Syncing Product-RUIBO__NginxForward"
}
ok: [23.99.98.137] => {

    "msg": "Syncing Product-RUIBO__NginxForward"
}
ok: [161.202.34.67] => {
    "msg": "Syncing Product-RUIBO__NginxForward"
}

ok: [23.99.116.82] => {
    "msg": "Syncing Product-RUIBO__NginxForward"
}
ok: [119.9.91.157] => {
    "msg": "Syncing Product-RUIBO__NginxForward"

}

TASK [nginx_sync : include_vars] ***********************************************
ok: [23.99.120.65]
ok: [119.81.239.92]

ok: [119.9.108.253]
ok: [161.202.34.66]
ok: [168.63.221.64]
ok: [23.99.98.137]
ok: [161.202.34.67]

ok: [23.99.116.82]
ok: [119.9.91.157]

TASK [nginx_sync : Synchronizing Nginx] ****************************************
ok: [23.99.120.65] => (item=conf)

ok: [119.9.108.253] => (item=conf)
ok: [161.202.34.66] => (item=conf)
ok: [168.63.221.64] => (item=conf)
ok: [119.81.239.92] => (item=conf)
changed: [23.99.120.65] => (item=conf.d)

changed: [161.202.34.66] => (item=conf.d)
changed: [168.63.221.64] => (item=conf.d)
changed: [119.81.239.92] => (item=conf.d)
ok: [23.99.120.65] => (item=data)
ok: [168.63.221.64] => (item=data)

ok: [161.202.34.66] => (item=data)
ok: [119.81.239.92] => (item=data)
ok: [23.99.120.65] => (item=html)
ok: [168.63.221.64] => (item=html)
ok: [161.202.34.66] => (item=html)

changed: [119.9.108.253] => (item=conf.d)
ok: [119.81.239.92] => (item=html)
ok: [23.99.98.137] => (item=conf)
ok: [161.202.34.67] => (item=conf)
ok: [23.99.116.82] => (item=conf)

ok: [119.9.108.253] => (item=data)
ok: [119.9.91.157] => (item=conf)
changed: [23.99.98.137] => (item=conf.d)
ok: [119.9.108.253] => (item=html)
changed: [161.202.34.67] => (item=conf.d)

changed: [23.99.116.82] => (item=conf.d)
changed: [119.9.91.157] => (item=conf.d)
ok: [23.99.98.137] => (item=data)
ok: [23.99.116.82] => (item=data)
ok: [161.202.34.67] => (item=data)

ok: [119.9.91.157] => (item=data)
ok: [23.99.98.137] => (item=html)
ok: [23.99.116.82] => (item=html)
ok: [161.202.34.67] => (item=html)
ok: [119.9.91.157] => (item=html)


TASK [all_servers : include_vars] **********************************************
ok: [23.99.120.65]
ok: [119.81.239.92]
ok: [119.9.108.253]

ok: [161.202.34.66]
ok: [168.63.221.64]
ok: [23.99.98.137]
ok: [161.202.34.67]
ok: [23.99.116.82]

ok: [119.9.91.157]

TASK [all_servers : Notify] ****************************************************
ok: [23.99.120.65] => {
    "msg": "Clearing Nginx Cache for Product-RUIBO__NginxForward"

}
ok: [119.81.239.92] => {
    "msg": "Clearing Nginx Cache for Product-RUIBO__NginxForward"
}
ok: [119.9.108.253] => {

    "msg": "Clearing Nginx Cache for Product-RUIBO__NginxForward"
}
ok: [161.202.34.66] => {
    "msg": "Clearing Nginx Cache for Product-RUIBO__NginxForward"
}

ok: [168.63.221.64] => {
    "msg": "Clearing Nginx Cache for Product-RUIBO__NginxForward"
}
ok: [23.99.98.137] => {
    "msg": "Clearing Nginx Cache for Product-RUIBO__NginxForward"

}
ok: [161.202.34.67] => {
    "msg": "Clearing Nginx Cache for Product-RUIBO__NginxForward"
}
ok: [23.99.116.82] => {

    "msg": "Clearing Nginx Cache for Product-RUIBO__NginxForward"
}
ok: [119.9.91.157] => {
    "msg": "Clearing Nginx Cache for Product-RUIBO__NginxForward"
}


TASK [all_servers : Copying clear_nginxcache.sh to remote hosts] ***************
changed: [23.99.120.65]
changed: [119.9.108.253]
changed: [119.81.239.92]

changed: [161.202.34.66]
changed: [23.99.98.137]
changed: [161.202.34.67]
changed: [119.9.91.157]
changed: [23.99.116.82]

changed: [168.63.221.64]

TASK [all_servers : Nginx Clear Cache] *****************************************
changed: [119.9.108.253]
changed: [23.99.120.65]

changed: [168.63.221.64]
changed: [119.81.239.92]
changed: [161.202.34.66]
changed: [23.99.98.137]
changed: [161.202.34.67]

changed: [23.99.116.82]
changed: [119.9.91.157]

TASK [all_servers : debug] *****************************************************
ok: [23.99.120.65] => {

    "script_result.stdout_lines": [
        "-----------------------------------------------------------", 
        "|                 Checking Nginx Config                   |", 
        "-----------------------------------------------------------", 
        "", 

        " nginx -t ", 
        "", 
        "-----------------------------------------------------------", 
        "|                 Stopping Nginx Process                  |", 
        "-----------------------------------------------------------", 

        "", 
        " /usr/bin/killall -9 nginx ", 
        "", 
        "-----------------------------------------------------------", 
        "|                 Clearing Proxy Cache                    |", 

        "-----------------------------------------------------------", 
        "", 
        " /bin/rm -rf /tmp/nginx_cache ", 
        "", 
        "-----------------------------------------------------------", 

        "|                Restarting Nginx Process                 |", 
        "-----------------------------------------------------------", 
        "root      59060  0.0  0.0 106120  1280 ?        S    15:14   0:00 /bin/bash /bak/bin/clear_nginxcache.sh", 
        "root      59066  0.5  2.5 478284 88808 ?        Ss   15:14   0:00 nginx: master process /usr/local/nginx/sbin/nginx", 
        "nobody    59068  0.0  2.6 480212 94000 ?        S    15:14   0:00 nginx: worker process      ", 

        "nobody    59069  0.0  2.6 480212 94004 ?        S    15:14   0:00 nginx: worker process      ", 
        "nobody    59070  0.0  2.6 480212 94000 ?        S    15:14   0:00 nginx: worker process      ", 
        "nobody    59071  0.0  2.6 480212 94000 ?        S    15:14   0:00 nginx: worker process      ", 
        "nobody    59072  0.0  2.5 478284 90932 ?        S    15:14   0:00 nginx: cache manager process", 
        "nobody    59073  0.0  2.5 478284 90892 ?        S    15:14   0:00 nginx: cache loader process", 

        "root      59075  0.0  0.0 103328   848 ?        S    15:14   0:00 grep nginx", 
        "             total       used       free     shared    buffers     cached", 
        "Mem:          3440       1710       1730          3        254        853", 
        "-/+ buffers/cache:        602       2838", 
        "Swap:            0          0          0", 

        "-----------------------------------------------------------", 
        "|                     Reload SUCCESS!                     |", 
        "-----------------------------------------------------------"
    ]
}

ok: [119.81.239.92] => {
    "script_result.stdout_lines": [
        "-----------------------------------------------------------", 
        "|                 Checking Nginx Config                   |", 
        "-----------------------------------------------------------", 

        "", 
        " nginx -t ", 
        "", 
        "-----------------------------------------------------------", 
        "|                 Stopping Nginx Process                  |", 

        "-----------------------------------------------------------", 
        "", 
        " /usr/bin/killall -9 nginx ", 
        "", 
        "-----------------------------------------------------------", 

        "|                 Clearing Proxy Cache                    |", 
        "-----------------------------------------------------------", 
        "", 
        " /bin/rm -rf /tmp/nginx_cache ", 
        "", 

        "-----------------------------------------------------------", 
        "|                Restarting Nginx Process                 |", 
        "-----------------------------------------------------------", 
        "root     18820  0.5  0.0 106120  1280 ?        S    15:14   0:00 /bin/bash /bak/bin/clear_nginxcache.sh", 
        "root     18826 11.5  2.1 478284 88808 ?        Ss   15:14   0:00 nginx: master process /usr/local/nginx/sbin/nginx", 

        "nobody   18828  1.0  2.3 480212 94816 ?        S    15:14   0:00 nginx: worker process      ", 
        "nobody   18829  0.5  2.3 480212 94784 ?        S    15:14   0:00 nginx: worker process      ", 
        "nobody   18830  0.0  2.3 480212 94784 ?        S    15:14   0:00 nginx: worker process      ", 
        "nobody   18831  0.5  2.3 480212 94784 ?        S    15:14   0:00 nginx: worker process      ", 
        "nobody   18832  0.0  2.2 478284 91692 ?        S    15:14   0:00 nginx: cache manager process", 

        "nobody   18833  0.0  2.2 478284 91656 ?        S    15:14   0:00 nginx: cache loader process", 
        "root     18835  0.0  0.0 103328   840 ?        S    15:14   0:00 grep nginx", 
        "             total       used       free     shared    buffers     cached", 
        "Mem:          4010       3100        909          4        739       1114", 
        "-/+ buffers/cache:       1246       2763", 

        "Swap:         2047          1       2046", 
        "-----------------------------------------------------------", 
        "|                     Reload SUCCESS!                     |", 
        "-----------------------------------------------------------"
    ]

}
ok: [119.9.108.253] => {
    "script_result.stdout_lines": [
        "-----------------------------------------------------------", 
        "|                 Checking Nginx Config                   |", 

        "-----------------------------------------------------------", 
        "", 
        " nginx -t ", 
        "", 
        "-----------------------------------------------------------", 

        "|                 Stopping Nginx Process                  |", 
        "-----------------------------------------------------------", 
        "", 
        " /usr/bin/killall -9 nginx ", 
        "", 

        "-----------------------------------------------------------", 
        "|                 Clearing Proxy Cache                    |", 
        "-----------------------------------------------------------", 
        "", 
        " /bin/rm -rf /tmp/nginx_cache ", 

        "", 
        "-----------------------------------------------------------", 
        "|                Restarting Nginx Process                 |", 
        "-----------------------------------------------------------", 
        "root      4157  0.0  0.0 106084  1424 ?        S    15:14   0:00 /bin/bash /bak/bin/clear_nginxcache.sh", 

        "root      4163  1.0  1.0 478288 88872 ?        Ss   15:14   0:00 nginx: master process /usr/local/nginx/sbin/nginx", 
        "nobody    4165  3.0  1.2 480500 99412 ?        S    15:14   0:00 nginx: worker process      ", 
        "nobody    4166  4.5  1.2 480644 99448 ?        R    15:14   0:00 nginx: worker process      ", 
        "nobody    4167  4.0  1.2 480512 99528 ?        S    15:14   0:00 nginx: worker process      ", 
        "nobody    4168  4.5  1.2 480652 99448 ?        R    15:14   0:00 nginx: worker process      ", 

        "nobody    4169  0.5  1.1 478288 95004 ?        S    15:14   0:00 nginx: cache manager process", 
        "nobody    4170  0.0  1.1 478288 94984 ?        S    15:14   0:00 nginx: cache loader process", 
        "root      4172  0.0  0.0 103324   888 ?        S    15:14   0:00 grep nginx", 
        "             total       used       free     shared    buffers     cached", 
        "Mem:          7994       5482       2511          8        754       2522", 

        "-/+ buffers/cache:       2205       5788", 
        "Swap:            0          0          0", 
        "-----------------------------------------------------------", 
        "|                     Reload SUCCESS!                     |", 
        "-----------------------------------------------------------"

    ]
}
ok: [161.202.34.66] => {
    "script_result.stdout_lines": [
        "-----------------------------------------------------------", 

        "|                 Checking Nginx Config                   |", 
        "-----------------------------------------------------------", 
        "", 
        " nginx -t ", 
        "", 

        "-----------------------------------------------------------", 
        "|                 Stopping Nginx Process                  |", 
        "-----------------------------------------------------------", 
        "", 
        " /usr/bin/killall -9 nginx ", 

        "", 
        "-----------------------------------------------------------", 
        "|                 Clearing Proxy Cache                    |", 
        "-----------------------------------------------------------", 
        "", 

        " /bin/rm -rf /tmp/nginx_cache ", 
        "", 
        "-----------------------------------------------------------", 
        "|                Restarting Nginx Process                 |", 
        "-----------------------------------------------------------", 

        "root      8796  1.4  0.0 106120  1284 ?        S    15:14   0:00 /bin/bash /bak/bin/clear_nginxcache.sh", 
        "root      8802 19.5  2.1 478284 88812 ?        Ss   15:14   0:00 nginx: master process /usr/local/nginx/sbin/nginx", 
        "nobody    8804  0.5  2.2 480212 93728 ?        S    15:14   0:00 nginx: worker process      ", 
        "nobody    8805  0.5  2.2 480212 93704 ?        S    15:14   0:00 nginx: worker process      ", 
        "nobody    8806  0.5  2.2 480212 93704 ?        S    15:14   0:00 nginx: worker process      ", 

        "nobody    8807  0.5  2.2 480212 93704 ?        S    15:14   0:00 nginx: worker process      ", 
        "nobody    8808  0.0  2.2 478284 90612 ?        S    15:14   0:00 nginx: cache manager process", 
        "nobody    8809  0.0  2.2 478284 90576 ?        S    15:14   0:00 nginx: cache loader process", 
        "root      8811  0.0  0.0 103328   844 ?        S    15:14   0:00 grep nginx", 
        "             total       used       free     shared    buffers     cached", 

        "Mem:          4010       1476       2533          3        235        739", 
        "-/+ buffers/cache:        501       3508", 
        "Swap:         2047          0       2047", 
        "-----------------------------------------------------------", 
        "|                     Reload SUCCESS!                     |", 

        "-----------------------------------------------------------"
    ]
}
ok: [168.63.221.64] => {
    "script_result.stdout_lines": [

        "-----------------------------------------------------------", 
        "|                 Checking Nginx Config                   |", 
        "-----------------------------------------------------------", 
        "", 
        " nginx -t ", 

        "", 
        "-----------------------------------------------------------", 
        "|                 Stopping Nginx Process                  |", 
        "-----------------------------------------------------------", 
        "", 

        " /usr/bin/killall -9 nginx ", 
        "", 
        "-----------------------------------------------------------", 
        "|                 Clearing Proxy Cache                    |", 
        "-----------------------------------------------------------", 

        "", 
        " /bin/rm -rf /tmp/nginx_cache ", 
        "", 
        "-----------------------------------------------------------", 
        "|                Restarting Nginx Process                 |", 

        "-----------------------------------------------------------", 
        "root      98554  0.0  0.0 106120  1280 ?        S    15:14   0:00 /bin/bash /bak/bin/clear_nginxcache.sh", 
        "root      98560  0.5  2.5 478284 88808 ?        Ss   15:14   0:00 nginx: master process /usr/local/nginx/sbin/nginx", 
        "nobody    98562  1.5  2.7 480548 96204 ?        S    15:14   0:00 nginx: worker process      ", 
        "nobody    98563  1.0  2.7 480212 95760 ?        S    15:14   0:00 nginx: worker process      ", 

        "nobody    98564  1.0  2.7 480212 95572 ?        S    15:14   0:00 nginx: worker process      ", 
        "nobody    98565  0.0  2.7 480212 95784 ?        S    15:14   0:00 nginx: worker process      ", 
        "nobody    98566  0.0  2.5 478284 91564 ?        S    15:14   0:00 nginx: cache manager process", 
        "nobody    98567  0.0  2.5 478284 91548 ?        S    15:14   0:00 nginx: cache loader process", 
        "root      98569  0.0  0.0 103328   848 ?        S    15:14   0:00 grep nginx", 

        "             total       used       free     shared    buffers     cached", 
        "Mem:          3440       1946       1493          4        263       1047", 
        "-/+ buffers/cache:        635       2804", 
        "Swap:            0          0          0", 
        "-----------------------------------------------------------", 

        "|                     Reload SUCCESS!                     |", 
        "-----------------------------------------------------------"
    ]
}
ok: [23.99.98.137] => {

    "script_result.stdout_lines": [
        "-----------------------------------------------------------", 
        "|                 Checking Nginx Config                   |", 
        "-----------------------------------------------------------", 
        "", 

        " nginx -t ", 
        "", 
        "-----------------------------------------------------------", 
        "|                 Stopping Nginx Process                  |", 
        "-----------------------------------------------------------", 

        "", 
        " /usr/bin/killall -9 nginx ", 
        "", 
        "-----------------------------------------------------------", 
        "|                 Clearing Proxy Cache                    |", 

        "-----------------------------------------------------------", 
        "", 
        " /bin/rm -rf /tmp/nginx_cache ", 
        "", 
        "-----------------------------------------------------------", 

        "|                Restarting Nginx Process                 |", 
        "-----------------------------------------------------------", 
        "root      79578  0.0  0.0 106120  1284 ?        S    15:14   0:00 /bin/bash /bak/bin/clear_nginxcache.sh", 
        "root      79602  0.0  2.5 478284 88816 ?        Ss   15:14   0:00 nginx: master process /usr/local/nginx/sbin/nginx", 
        "nobody    79603  0.3  2.7 480212 97232 ?        S    15:14   0:00 nginx: worker process      ", 

        "nobody    79604  1.0  2.7 480212 97204 ?        S    15:14   0:00 nginx: worker process      ", 
        "nobody    79605  1.6  2.7 480488 97288 ?        S    15:14   0:00 nginx: worker process      ", 
        "nobody    79606  2.0  2.7 480348 97228 ?        S    15:14   0:00 nginx: worker process      ", 
        "nobody    79607  0.0  2.6 478284 92928 ?        S    15:14   0:00 nginx: cache manager process", 
        "nobody    79608  0.0  2.6 478284 92908 ?        S    15:14   0:00 nginx: cache loader process", 

        "root      79723  0.0  0.0 103328   844 ?        S    15:14   0:00 grep nginx", 
        "             total       used       free     shared    buffers     cached", 
        "Mem:          3440       1628       1812          5        245        843", 
        "-/+ buffers/cache:        538       2902", 
        "Swap:            0          0          0", 

        "-----------------------------------------------------------", 
        "|                     Reload SUCCESS!                     |", 
        "-----------------------------------------------------------"
    ]
}

ok: [161.202.34.67] => {
    "script_result.stdout_lines": [
        "-----------------------------------------------------------", 
        "|                 Checking Nginx Config                   |", 
        "-----------------------------------------------------------", 

        "", 
        " nginx -t ", 
        "", 
        "-----------------------------------------------------------", 
        "|                 Stopping Nginx Process                  |", 

        "-----------------------------------------------------------", 
        "", 
        " /usr/bin/killall -9 nginx ", 
        "", 
        "-----------------------------------------------------------", 

        "|                 Clearing Proxy Cache                    |", 
        "-----------------------------------------------------------", 
        "", 
        " /bin/rm -rf /tmp/nginx_cache ", 
        "", 

        "-----------------------------------------------------------", 
        "|                Restarting Nginx Process                 |", 
        "-----------------------------------------------------------", 
        "root     29255  1.1  0.0 106112  1276 ?        S    15:14   0:00 /bin/bash /bak/bin/clear_nginxcache.sh", 
        "root     29261 11.0  2.2 478292 88816 ?        Ss   15:14   0:00 nginx: master process /usr/local/nginx/sbin/nginx", 

        "nobody   29263  1.0  2.3 480220 94956 ?        S    15:14   0:00 nginx: worker process      ", 
        "nobody   29264  0.5  2.3 480220 95348 ?        S    15:14   0:00 nginx: worker process      ", 
        "nobody   29265  0.5  2.3 480220 94936 ?        S    15:14   0:00 nginx: worker process      ", 
        "nobody   29266  0.5  2.3 480220 94924 ?        S    15:14   0:00 nginx: worker process      ", 
        "nobody   29267  0.0  2.3 478292 91832 ?        S    15:14   0:00 nginx: cache manager process", 

        "nobody   29268  0.0  2.3 478292 91796 ?        S    15:14   0:00 nginx: cache loader process", 
        "root     29270  0.0  0.0 103316   836 ?        S    15:14   0:00 grep nginx", 
        "             total       used       free     shared    buffers     cached", 
        "Mem:          3880       1278       2602          4        271        568", 
        "-/+ buffers/cache:        438       3442", 

        "Swap:         2047          0       2047", 
        "-----------------------------------------------------------", 
        "|                     Reload SUCCESS!                     |", 
        "-----------------------------------------------------------"
    ]

}
ok: [23.99.116.82] => {
    "script_result.stdout_lines": [
        "-----------------------------------------------------------", 
        "|                 Checking Nginx Config                   |", 

        "-----------------------------------------------------------", 
        "", 
        " nginx -t ", 
        "", 
        "-----------------------------------------------------------", 

        "|                 Stopping Nginx Process                  |", 
        "-----------------------------------------------------------", 
        "", 
        " /usr/bin/killall -9 nginx ", 
        "", 

        "-----------------------------------------------------------", 
        "|                 Clearing Proxy Cache                    |", 
        "-----------------------------------------------------------", 
        "", 
        " /bin/rm -rf /tmp/nginx_cache ", 

        "", 
        "-----------------------------------------------------------", 
        "|                Restarting Nginx Process                 |", 
        "-----------------------------------------------------------", 
        "root      50021  0.0  0.0 106112  1284 ?        S    15:14   0:00 /bin/bash /bak/bin/clear_nginxcache.sh", 

        "root      50027  0.3  2.5 478756 88820 ?        Ss   15:14   0:00 nginx: master process /usr/local/nginx/sbin/nginx", 
        "nobody    50028  0.3  2.7 480684 96324 ?        S    15:14   0:00 nginx: worker process      ", 
        "nobody    50029  0.0  2.7 480684 96356 ?        S    15:14   0:00 nginx: worker process      ", 
        "nobody    50030  0.0  2.7 480684 96348 ?        S    15:14   0:00 nginx: worker process      ", 
        "nobody    50031  0.0  2.7 480684 96324 ?        S    15:14   0:00 nginx: worker process      ", 

        "nobody    50033  0.0  2.6 478756 93232 ?        S    15:14   0:00 nginx: cache manager process", 
        "nobody    50034  0.0  2.6 478756 93212 ?        S    15:14   0:00 nginx: cache loader process", 
        "root      50036  0.0  0.0 103264   828 ?        S    15:14   0:00 grep nginx", 
        "             total       used       free     shared    buffers     cached", 
        "Mem:          3440       1290       2150          0        229        573", 

        "-/+ buffers/cache:        488       2952", 
        "Swap:            0          0          0", 
        "-----------------------------------------------------------", 
        "|                     Reload SUCCESS!                     |", 
        "-----------------------------------------------------------"

    ]
}
ok: [119.9.91.157] => {
    "script_result.stdout_lines": [
        "-----------------------------------------------------------", 

        "|                 Checking Nginx Config                   |", 
        "-----------------------------------------------------------", 
        "", 
        " nginx -t ", 
        "", 

        "-----------------------------------------------------------", 
        "|                 Stopping Nginx Process                  |", 
        "-----------------------------------------------------------", 
        "", 
        " /usr/bin/killall -9 nginx ", 

        "", 
        "-----------------------------------------------------------", 
        "|                 Clearing Proxy Cache                    |", 
        "-----------------------------------------------------------", 
        "", 

        " /bin/rm -rf /tmp/nginx_cache ", 
        "", 
        "-----------------------------------------------------------", 
        "|                Restarting Nginx Process                 |", 
        "-----------------------------------------------------------", 

        "root     17170  0.3  0.0 106080  1428 ?        S    15:14   0:00 /bin/bash /bak/bin/clear_nginxcache.sh", 
        "root     17208  0.0  4.3 478284 88872 ?        Ss   15:14   0:00 nginx: master process /usr/local/nginx/sbin/nginx", 
        "nobody   17210  0.0  4.5 480212 93940 ?        S    15:14   0:00 nginx: worker process      ", 
        "nobody   17211  0.0  4.5 480212 93920 ?        S    15:14   0:00 nginx: worker process      ", 
        "nobody   17212  0.0  4.5 480212 93916 ?        S    15:14   0:00 nginx: worker process      ", 

        "nobody   17213  0.0  4.5 480212 93920 ?        S    15:14   0:00 nginx: worker process      ", 
        "nobody   17214  0.0  4.4 478284 90832 ?        S    15:14   0:00 nginx: cache manager process", 
        "nobody   17215  0.0  4.4 478284 90812 ?        S    15:14   0:00 nginx: cache loader process", 
        "root     17219  0.0  0.0 103324   892 ?        S    15:14   0:00 grep nginx", 
        "             total       used       free     shared    buffers     cached", 

        "Mem:          2000       1334        665          3        204        432", 
        "-/+ buffers/cache:        697       1302", 
        "Swap:            0          0          0", 
        "-----------------------------------------------------------", 
        "|                     Reload SUCCESS!                     |", 

        "-----------------------------------------------------------"
    ]
}

PLAY [127.0.0.1] ***************************************************************


TASK [sync_to_git : Synchronizing Nginx To GIT] ********************************
changed: [127.0.0.1]

TASK [sync_to_git : debug] *****************************************************

ok: [127.0.0.1] => {
    "script_result.stdout_lines": [
        "[master 51af476] aaron.navarro", 
        " 3 files changed, 3 insertions(+), 3 deletions(-)", 
        "Branch master set up to track remote branch master from origin."

    ]
}

PLAY RECAP *********************************************************************
119.81.239.92              : ok=8    changed=3    unreachable=0    failed=0   

119.9.108.253              : ok=8    changed=3    unreachable=0    failed=0   
119.9.91.157               : ok=8    changed=3    unreachable=0    failed=0   
127.0.0.1                  : ok=2    changed=1    unreachable=0    failed=0   
161.202.34.66              : ok=8    changed=3    unreachable=0    failed=0   
161.202.34.67              : ok=8    changed=3    unreachable=0    failed=0   

168.63.221.64              : ok=8    changed=3    unreachable=0    failed=0   
23.99.116.82               : ok=8    changed=3    unreachable=0    failed=0   
23.99.120.65               : ok=8    changed=3    unreachable=0    failed=0   
23.99.98.137               : ok=8    changed=3    unreachable=0    failed=0   



ESYNC_COMMAND_END
MAX RETRIES EXECUTED, COMMAND NOT RESPONDING