ESYNC_COMMAND_START

PLAY [Product-RUIBO__NginxForward] *********************************************

TASK [nginx_sync : Notify] *****************************************************
ok: [23.99.120.65] => {

    "msg": "Syncing Product-RUIBO__NginxForward"
}
ok: [119.81.239.92] => {
    "msg": "Syncing Product-RUIBO__NginxForward"
}

ok: [119.9.108.253] => {
    "msg": "Syncing Product-RUIBO__NginxForward"
}
ok: [161.202.34.66] => {
    "msg": "Syncing Product-RUIBO__NginxForward"

}
ok: [168.63.221.64] => {
    "msg": "Syncing Product-RUIBO__NginxForward"
}
ok: [23.99.98.137] => {

    "msg": "Syncing Product-RUIBO__NginxForward"
}
ok: [161.202.34.67] => {
    "msg": "Syncing Product-RUIBO__NginxForward"
}

ok: [23.99.116.82] => {
    "msg": "Syncing Product-RUIBO__NginxForward"
}
ok: [119.9.91.157] => {
    "msg": "Syncing Product-RUIBO__NginxForward"

}

TASK [nginx_sync : include_vars] ***********************************************
ok: [23.99.120.65]
ok: [119.81.239.92]

ESYNC_COMMAND_END
MAX RETRIES EXECUTED, COMMAND NOT RESPONDINGok: [119.9.108.253]
ok: [161.202.34.66]
ok: [168.63.221.64]
ok: [23.99.98.137]
ok: [161.202.34.67]

ok: [23.99.116.82]
ok: [119.9.91.157]

TASK [nginx_sync : Synchronizing Nginx] ****************************************
ok: [119.9.108.253] => (item=conf)

ok: [119.81.239.92] => (item=conf)
ok: [23.99.120.65] => (item=conf)
ok: [168.63.221.64] => (item=conf)
ok: [161.202.34.66] => (item=conf)
changed: [119.9.108.253] => (item=conf.d)

changed: [119.81.239.92] => (item=conf.d)
ok: [119.9.108.253] => (item=data)
changed: [161.202.34.66] => (item=conf.d)
changed: [23.99.120.65] => (item=conf.d)
ok: [119.81.239.92] => (item=data)

ok: [119.9.108.253] => (item=html)
ok: [23.99.120.65] => (item=data)
ok: [161.202.34.66] => (item=data)
ok: [119.81.239.92] => (item=html)
changed: [23.99.98.137] => (item=conf)

ok: [23.99.120.65] => (item=html)
ok: [161.202.34.66] => (item=html)
ok: [161.202.34.67] => (item=conf)
ok: [23.99.116.82] => (item=conf)
ok: [119.9.91.157] => (item=conf)

changed: [168.63.221.64] => (item=conf.d)
ok: [168.63.221.64] => (item=data)
ok: [168.63.221.64] => (item=html)
changed: [23.99.98.137] => (item=conf.d)
ok: [23.99.98.137] => (item=data)

ok: [23.99.98.137] => (item=html)
changed: [119.9.91.157] => (item=conf.d)
ok: [119.9.91.157] => (item=data)
ok: [119.9.91.157] => (item=html)
changed: [23.99.116.82] => (item=conf.d)

changed: [161.202.34.67] => (item=conf.d)
ok: [23.99.116.82] => (item=data)
ok: [161.202.34.67] => (item=data)
ok: [23.99.116.82] => (item=html)
ok: [161.202.34.67] => (item=html)


TASK [all_servers : include_vars] **********************************************
ok: [23.99.120.65]
ok: [119.81.239.92]
ok: [119.9.108.253]

ok: [161.202.34.66]
ok: [168.63.221.64]
ok: [23.99.98.137]
ok: [161.202.34.67]
ok: [23.99.116.82]

ok: [119.9.91.157]

TASK [all_servers : Notify] ****************************************************
ok: [23.99.120.65] => {
    "msg": "Clearing Nginx Cache for Product-RUIBO__NginxForward"

}
ok: [119.81.239.92] => {
    "msg": "Clearing Nginx Cache for Product-RUIBO__NginxForward"
}
ok: [119.9.108.253] => {

    "msg": "Clearing Nginx Cache for Product-RUIBO__NginxForward"
}
ok: [161.202.34.66] => {
    "msg": "Clearing Nginx Cache for Product-RUIBO__NginxForward"
}

ok: [168.63.221.64] => {
    "msg": "Clearing Nginx Cache for Product-RUIBO__NginxForward"
}
ok: [23.99.98.137] => {
    "msg": "Clearing Nginx Cache for Product-RUIBO__NginxForward"

}
ok: [161.202.34.67] => {
    "msg": "Clearing Nginx Cache for Product-RUIBO__NginxForward"
}
ok: [23.99.116.82] => {

    "msg": "Clearing Nginx Cache for Product-RUIBO__NginxForward"
}
ok: [119.9.91.157] => {
    "msg": "Clearing Nginx Cache for Product-RUIBO__NginxForward"
}


TASK [all_servers : Copying clear_nginxcache.sh to remote hosts] ***************
ok: [119.9.108.253]
ok: [168.63.221.64]
ok: [23.99.120.65]

ok: [161.202.34.66]
ok: [119.81.239.92]
ok: [23.99.98.137]
ok: [119.9.91.157]
ok: [23.99.116.82]

ok: [161.202.34.67]

TASK [all_servers : Nginx Clear Cache] *****************************************
changed: [119.9.108.253]
changed: [23.99.120.65]

changed: [168.63.221.64]
changed: [23.99.98.137]
changed: [119.81.239.92]
changed: [161.202.34.66]
changed: [23.99.116.82]

changed: [161.202.34.67]
changed: [119.9.91.157]

TASK [all_servers : debug] *****************************************************
ok: [23.99.120.65] => {

    "script_result.stdout_lines": [
        "-----------------------------------------------------------", 
        "|                 Checking Nginx Config                   |", 
        "-----------------------------------------------------------", 
        "", 

        " nginx -t ", 
        "", 
        "-----------------------------------------------------------", 
        "|                 Stopping Nginx Process                  |", 
        "-----------------------------------------------------------", 

        "", 
        " /usr/bin/killall -9 nginx ", 
        "", 
        "-----------------------------------------------------------", 
        "|                 Clearing Proxy Cache                    |", 

        "-----------------------------------------------------------", 
        "", 
        " /bin/rm -rf /tmp/nginx_cache ", 
        "", 
        "-----------------------------------------------------------", 

        "|                Restarting Nginx Process                 |", 
        "-----------------------------------------------------------", 
        "root     109459  0.0  0.0 106120  1284 ?        S    15:39   0:00 /bin/bash /bak/bin/clear_nginxcache.sh", 
        "root     109468  0.5  2.5 478628 89152 ?        Ss   15:39   0:00 nginx: master process /usr/local/nginx/sbin/nginx", 
        "nobody   109470  0.0  2.6 480556 94564 ?        S    15:39   0:00 nginx: worker process      ", 

        "nobody   109471  0.5  2.6 480556 94584 ?        S    15:39   0:00 nginx: worker process      ", 
        "nobody   109472  0.0  2.6 480556 94584 ?        S    15:39   0:00 nginx: worker process      ", 
        "nobody   109473  0.0  2.6 480556 94560 ?        S    15:39   0:00 nginx: worker process      ", 
        "nobody   109474  0.0  2.5 478628 91468 ?        S    15:39   0:00 nginx: cache manager process", 
        "nobody   109475  0.0  2.5 478628 91432 ?        S    15:39   0:00 nginx: cache loader process", 

        "root     109480  0.0  0.0 103328   848 ?        S    15:39   0:00 grep nginx", 
        "             total       used       free     shared    buffers     cached", 
        "Mem:          3440       3095        344          3        269        707", 
        "-/+ buffers/cache:       2118       1321", 
        "Swap:            0          0          0", 

        "-----------------------------------------------------------", 
        "|                     Reload SUCCESS!                     |", 
        "-----------------------------------------------------------"
    ]
}

ok: [119.81.239.92] => {
    "script_result.stdout_lines": [
        "-----------------------------------------------------------", 
        "|                 Checking Nginx Config                   |", 
        "-----------------------------------------------------------", 

        "", 
        " nginx -t ", 
        "", 
        "-----------------------------------------------------------", 
        "|                 Stopping Nginx Process                  |", 

        "-----------------------------------------------------------", 
        "", 
        " /usr/bin/killall -9 nginx ", 
        "", 
        "-----------------------------------------------------------", 

        "|                 Clearing Proxy Cache                    |", 
        "-----------------------------------------------------------", 
        "", 
        " /bin/rm -rf /tmp/nginx_cache ", 
        "", 

        "-----------------------------------------------------------", 
        "|                Restarting Nginx Process                 |", 
        "-----------------------------------------------------------", 
        "root       382  9.0  2.1 478628 89152 ?        Ss   15:39   0:00 nginx: master process /usr/local/nginx/sbin/nginx", 
        "nobody     383  0.6  2.3 480556 95332 ?        S    15:39   0:00 nginx: worker process      ", 

        "nobody     393  0.4  2.3 480556 95304 ?        S    15:39   0:00 nginx: worker process      ", 
        "nobody     403  0.5  2.3 480556 95304 ?        S    15:39   0:00 nginx: worker process      ", 
        "nobody     408  0.5  2.3 480556 95304 ?        S    15:39   0:00 nginx: worker process      ", 
        "nobody     409  0.2  2.2 478628 92212 ?        S    15:39   0:00 nginx: cache manager process", 
        "nobody     411  0.2  2.2 478628 92176 ?        S    15:39   0:00 nginx: cache loader process", 

        "root       414  0.0  0.0 103328   832 ?        S    15:39   0:00 grep nginx", 
        "root     32696  1.1  0.0 106120  1284 ?        S    15:39   0:00 /bin/bash /bak/bin/clear_nginxcache.sh", 
        "             total       used       free     shared    buffers     cached", 
        "Mem:          4010       3384        625          4        882        850", 
        "-/+ buffers/cache:       1651       2358", 

        "Swap:         2047          0       2047", 
        "-----------------------------------------------------------", 
        "|                     Reload SUCCESS!                     |", 
        "-----------------------------------------------------------"
    ]

}
ok: [119.9.108.253] => {
    "script_result.stdout_lines": [
        "-----------------------------------------------------------", 
        "|                 Checking Nginx Config                   |", 

        "-----------------------------------------------------------", 
        "", 
        " nginx -t ", 
        "", 
        "-----------------------------------------------------------", 

        "|                 Stopping Nginx Process                  |", 
        "-----------------------------------------------------------", 
        "", 
        " /usr/bin/killall -9 nginx ", 
        "", 

        "-----------------------------------------------------------", 
        "|                 Clearing Proxy Cache                    |", 
        "-----------------------------------------------------------", 
        "", 
        " /bin/rm -rf /tmp/nginx_cache ", 

        "", 
        "-----------------------------------------------------------", 
        "|                Restarting Nginx Process                 |", 
        "-----------------------------------------------------------", 
        "root      9885  0.0  0.0 106084  1428 ?        S    15:39   0:00 /bin/bash /bak/bin/clear_nginxcache.sh", 

        "root      9891  0.0  1.0 478632 89212 ?        Ss   15:39   0:00 nginx: master process /usr/local/nginx/sbin/nginx", 
        "nobody    9893  0.5  1.2 480560 100472 ?       S    15:39   0:00 nginx: worker process      ", 
        "nobody    9894  1.5  1.2 480560 101580 ?       S    15:39   0:00 nginx: worker process      ", 
        "nobody    9895  2.0  1.2 480696 101632 ?       S    15:39   0:00 nginx: worker process      ", 
        "nobody    9896  3.0  1.2 480860 101684 ?       S    15:39   0:00 nginx: worker process      ", 

        "nobody    9897  0.5  1.1 478632 97308 ?        S    15:39   0:00 nginx: cache manager process", 
        "nobody    9898  0.5  1.1 478632 97288 ?        S    15:39   0:00 nginx: cache loader process", 
        "root      9900  0.0  0.0 103324   888 ?        S    15:39   0:00 grep nginx", 
        "             total       used       free     shared    buffers     cached", 
        "Mem:          7994       6635       1358         10        581        774", 

        "-/+ buffers/cache:       5280       2714", 
        "Swap:            0          0          0", 
        "-----------------------------------------------------------", 
        "|                     Reload SUCCESS!                     |", 
        "-----------------------------------------------------------"

    ]
}
ok: [161.202.34.66] => {
    "script_result.stdout_lines": [
        "-----------------------------------------------------------", 

        "|                 Checking Nginx Config                   |", 
        "-----------------------------------------------------------", 
        "", 
        " nginx -t ", 
        "", 

        "-----------------------------------------------------------", 
        "|                 Stopping Nginx Process                  |", 
        "-----------------------------------------------------------", 
        "", 
        " /usr/bin/killall -9 nginx ", 

        "", 
        "-----------------------------------------------------------", 
        "|                 Clearing Proxy Cache                    |", 
        "-----------------------------------------------------------", 
        "", 

        " /bin/rm -rf /tmp/nginx_cache ", 
        "", 
        "-----------------------------------------------------------", 
        "|                Restarting Nginx Process                 |", 
        "-----------------------------------------------------------", 

        "root     27409  1.0  0.0 106120  1280 ?        S    15:39   0:00 /bin/bash /bak/bin/clear_nginxcache.sh", 
        "root     27490 20.0  2.1 478628 89148 ?        Ss   15:39   0:00 nginx: master process /usr/local/nginx/sbin/nginx", 
        "nobody   27502  1.0  2.2 480556 94240 ?        S    15:39   0:00 nginx: worker process      ", 
        "nobody   27507  0.5  2.2 480556 94212 ?        S    15:39   0:00 nginx: worker process      ", 
        "nobody   27520  0.5  2.2 480556 94212 ?        S    15:39   0:00 nginx: worker process      ", 

        "nobody   27528  0.5  2.2 480556 94212 ?        S    15:39   0:00 nginx: worker process      ", 
        "nobody   27536  0.0  2.2 478628 91120 ?        S    15:39   0:00 nginx: cache manager process", 
        "nobody   27545  0.0  2.2 478628 91084 ?        S    15:39   0:00 nginx: cache loader process", 
        "root     27604  0.0  0.0 103328   844 ?        S    15:39   0:00 grep nginx", 
        "             total       used       free     shared    buffers     cached", 

        "Mem:          4010       3794        215          3        273        929", 
        "-/+ buffers/cache:       2591       1418", 
        "Swap:         2047          0       2047", 
        "-----------------------------------------------------------", 
        "|                     Reload SUCCESS!                     |", 

        "-----------------------------------------------------------"
    ]
}
ok: [168.63.221.64] => {
    "script_result.stdout_lines": [

        "-----------------------------------------------------------", 
        "|                 Checking Nginx Config                   |", 
        "-----------------------------------------------------------", 
        "", 
        " nginx -t ", 

        "", 
        "-----------------------------------------------------------", 
        "|                 Stopping Nginx Process                  |", 
        "-----------------------------------------------------------", 
        "", 

        " /usr/bin/killall -9 nginx ", 
        "", 
        "-----------------------------------------------------------", 
        "|                 Clearing Proxy Cache                    |", 
        "-----------------------------------------------------------", 

        "", 
        " /bin/rm -rf /tmp/nginx_cache ", 
        "", 
        "-----------------------------------------------------------", 
        "|                Restarting Nginx Process                 |", 

        "-----------------------------------------------------------", 
        "root      11107  0.0  0.0 106120  1284 ?        S    15:39   0:00 /bin/bash /bak/bin/clear_nginxcache.sh", 
        "root      11129  0.0  2.5 478628 89152 ?        Ss   15:39   0:00 nginx: master process /usr/local/nginx/sbin/nginx", 
        "nobody    11131  0.6  2.7 480556 96424 ?        S    15:39   0:00 nginx: worker process      ", 
        "nobody    11132  0.3  2.7 480556 96332 ?        S    15:39   0:00 nginx: worker process      ", 

        "nobody    11133  0.3  2.7 480556 96280 ?        S    15:39   0:00 nginx: worker process      ", 
        "nobody    11134  1.0  2.7 480556 96332 ?        S    15:39   0:00 nginx: worker process      ", 
        "nobody    11135  0.0  2.6 478628 92088 ?        S    15:39   0:00 nginx: cache manager process", 
        "nobody    11136  0.0  2.6 478628 92024 ?        S    15:39   0:00 nginx: cache loader process", 
        "root      11141  0.0  0.0 103328   844 ?        S    15:39   0:00 grep nginx", 

        "             total       used       free     shared    buffers     cached", 
        "Mem:          3440       2962        477          4        278        604", 
        "-/+ buffers/cache:       2079       1360", 
        "Swap:            0          0          0", 
        "-----------------------------------------------------------", 

        "|                     Reload SUCCESS!                     |", 
        "-----------------------------------------------------------"
    ]
}
ok: [23.99.98.137] => {

    "script_result.stdout_lines": [
        "-----------------------------------------------------------", 
        "|                 Checking Nginx Config                   |", 
        "-----------------------------------------------------------", 
        "", 

        " nginx -t ", 
        "", 
        "-----------------------------------------------------------", 
        "|                 Stopping Nginx Process                  |", 
        "-----------------------------------------------------------", 

        "", 
        " /usr/bin/killall -9 nginx ", 
        "", 
        "-----------------------------------------------------------", 
        "|                 Clearing Proxy Cache                    |", 

        "-----------------------------------------------------------", 
        "", 
        " /bin/rm -rf /tmp/nginx_cache ", 
        "", 
        "-----------------------------------------------------------", 

        "|                Restarting Nginx Process                 |", 
        "-----------------------------------------------------------", 
        "root      14979  0.0  0.0 106120  1280 ?        S    15:39   0:00 /bin/bash /bak/bin/clear_nginxcache.sh", 
        "root      14988  0.3  2.5 478628 89152 ?        Ss   15:39   0:00 nginx: master process /usr/local/nginx/sbin/nginx", 
        "nobody    14990  0.6  2.7 480556 98064 ?        S    15:39   0:00 nginx: worker process      ", 

        "nobody    14991  0.3  2.7 480556 98008 ?        S    15:39   0:00 nginx: worker process      ", 
        "nobody    14992  0.3  2.7 480556 96892 ?        S    15:39   0:00 nginx: worker process      ", 
        "nobody    14993  0.3  2.7 480556 98032 ?        S    15:39   0:00 nginx: worker process      ", 
        "nobody    14994  0.0  2.6 478628 93764 ?        S    15:39   0:00 nginx: cache manager process", 
        "nobody    14995  0.0  2.6 478628 93744 ?        S    15:39   0:00 nginx: cache loader process", 

        "root      14997  0.0  0.0 103328   844 ?        S    15:39   0:00 grep nginx", 
        "             total       used       free     shared    buffers     cached", 
        "Mem:          3440       3046        393          6        290        670", 
        "-/+ buffers/cache:       2085       1355", 
        "Swap:            0          0          0", 

        "-----------------------------------------------------------", 
        "|                     Reload SUCCESS!                     |", 
        "-----------------------------------------------------------"
    ]
}

ok: [161.202.34.67] => {
    "script_result.stdout_lines": [
        "-----------------------------------------------------------", 
        "|                 Checking Nginx Config                   |", 
        "-----------------------------------------------------------", 

        "", 
        " nginx -t ", 
        "", 
        "-----------------------------------------------------------", 
        "|                 Stopping Nginx Process                  |", 

        "-----------------------------------------------------------", 
        "", 
        " /usr/bin/killall -9 nginx ", 
        "", 
        "-----------------------------------------------------------", 

        "|                 Clearing Proxy Cache                    |", 
        "-----------------------------------------------------------", 
        "", 
        " /bin/rm -rf /tmp/nginx_cache ", 
        "", 

        "-----------------------------------------------------------", 
        "|                Restarting Nginx Process                 |", 
        "-----------------------------------------------------------", 
        "root      9087  1.5  0.0 106112  1276 ?        S    15:39   0:00 /bin/bash /bak/bin/clear_nginxcache.sh", 
        "root      9096 21.5  2.2 478636 89164 ?        Ss   15:39   0:00 nginx: master process /usr/local/nginx/sbin/nginx", 

        "nobody    9098  1.0  2.4 480564 95416 ?        S    15:39   0:00 nginx: worker process      ", 
        "nobody    9099  1.0  2.4 480564 95384 ?        S    15:39   0:00 nginx: worker process      ", 
        "nobody    9100  1.0  2.4 480564 95384 ?        S    15:39   0:00 nginx: worker process      ", 
        "nobody    9101  0.5  2.4 480564 95384 ?        S    15:39   0:00 nginx: worker process      ", 
        "nobody    9102  0.5  2.3 478636 92292 ?        S    15:39   0:00 nginx: cache manager process", 

        "nobody    9103  0.5  2.3 478636 92256 ?        S    15:39   0:00 nginx: cache loader process", 
        "root      9105  0.0  0.0 103316   836 ?        S    15:39   0:00 grep nginx", 
        "             total       used       free     shared    buffers     cached", 
        "Mem:          3880       3600        280          4        330        574", 
        "-/+ buffers/cache:       2695       1185", 

        "Swap:         2047          0       2047", 
        "-----------------------------------------------------------", 
        "|                     Reload SUCCESS!                     |", 
        "-----------------------------------------------------------"
    ]

}
ok: [23.99.116.82] => {
    "script_result.stdout_lines": [
        "-----------------------------------------------------------", 
        "|                 Checking Nginx Config                   |", 

        "-----------------------------------------------------------", 
        "", 
        " nginx -t ", 
        "", 
        "-----------------------------------------------------------", 

        "|                 Stopping Nginx Process                  |", 
        "-----------------------------------------------------------", 
        "", 
        " /usr/bin/killall -9 nginx ", 
        "", 

        "-----------------------------------------------------------", 
        "|                 Clearing Proxy Cache                    |", 
        "-----------------------------------------------------------", 
        "", 
        " /bin/rm -rf /tmp/nginx_cache ", 

        "", 
        "-----------------------------------------------------------", 
        "|                Restarting Nginx Process                 |", 
        "-----------------------------------------------------------", 
        "root      78361  0.0  0.0 106112  1280 ?        S    15:39   0:00 /bin/bash /bak/bin/clear_nginxcache.sh", 

        "root      78367  0.6  2.5 479100 89164 ?        Ss   15:39   0:00 nginx: master process /usr/local/nginx/sbin/nginx", 
        "nobody    78369  0.0  2.7 481028 97856 ?        S    15:39   0:00 nginx: worker process      ", 
        "nobody    78370  0.0  2.7 481028 97836 ?        S    15:39   0:00 nginx: worker process      ", 
        "nobody    78371  0.3  2.7 481028 97840 ?        S    15:39   0:00 nginx: worker process      ", 
        "nobody    78372  0.0  2.7 481028 98620 ?        S    15:39   0:00 nginx: worker process      ", 

        "nobody    78373  0.3  2.6 479100 94720 ?        S    15:39   0:00 nginx: cache manager process", 
        "nobody    78374  0.0  2.6 479100 94700 ?        S    15:39   0:00 nginx: cache loader process", 
        "root      78376  0.0  0.0 103264   828 ?        S    15:39   0:00 grep nginx", 
        "             total       used       free     shared    buffers     cached", 
        "Mem:          3440       3222        218          0        326        515", 

        "-/+ buffers/cache:       2381       1059", 
        "Swap:            0          0          0", 
        "-----------------------------------------------------------", 
        "|                     Reload SUCCESS!                     |", 
        "-----------------------------------------------------------"

    ]
}
ok: [119.9.91.157] => {
    "script_result.stdout_lines": [
        "-----------------------------------------------------------", 

        "|                 Checking Nginx Config                   |", 
        "-----------------------------------------------------------", 
        "", 
        " nginx -t ", 
        "", 

        "-----------------------------------------------------------", 
        "|                 Stopping Nginx Process                  |", 
        "-----------------------------------------------------------", 
        "", 
        " /usr/bin/killall -9 nginx ", 

        "", 
        "-----------------------------------------------------------", 
        "|                 Clearing Proxy Cache                    |", 
        "-----------------------------------------------------------", 
        "", 

        " /bin/rm -rf /tmp/nginx_cache ", 
        "", 
        "-----------------------------------------------------------", 
        "|                Restarting Nginx Process                 |", 
        "-----------------------------------------------------------", 

        "root     12141  0.4  0.0 106080  1424 ?        S    15:39   0:00 /bin/bash /bak/bin/clear_nginxcache.sh", 
        "root     12151  0.0  4.3 478628 89212 ?        Ss   15:39   0:00 nginx: master process /usr/local/nginx/sbin/nginx", 
        "nobody   12153  0.0  4.6 480556 94436 ?        S    15:39   0:00 nginx: worker process      ", 
        "nobody   12154  0.0  4.6 480556 94412 ?        S    15:39   0:00 nginx: worker process      ", 
        "nobody   12155  0.0  4.6 480556 94416 ?        S    15:39   0:00 nginx: worker process      ", 

        "nobody   12156  0.0  4.6 480556 94416 ?        S    15:39   0:00 nginx: worker process      ", 
        "nobody   12157  0.0  4.4 478628 91320 ?        S    15:39   0:00 nginx: cache manager process", 
        "nobody   12158  0.0  4.4 478628 91300 ?        S    15:39   0:00 nginx: cache loader process", 
        "root     12162  0.0  0.0 103324   888 ?        S    15:39   0:00 grep nginx", 
        "             total       used       free     shared    buffers     cached", 

        "Mem:          2000       1834        165          3        139        250", 
        "-/+ buffers/cache:       1444        556", 
        "Swap:            0          0          0", 
        "-----------------------------------------------------------", 
        "|                     Reload SUCCESS!                     |", 

        "-----------------------------------------------------------"
    ]
}

PLAY [127.0.0.1] ***************************************************************


TASK [sync_to_git : Synchronizing Nginx To GIT] ********************************
changed: [127.0.0.1]

TASK [sync_to_git : debug] *****************************************************

ok: [127.0.0.1] => {
    "script_result.stdout_lines": [
        "[master 6114e8a] aaron.navarro", 
        " 1 file changed, 1 insertion(+)", 
        "Branch master set up to track remote branch master from origin."

    ]
}

PLAY [Product-RUIBO__NginxForward] *********************************************


PLAY [127.0.0.1] ***************************************************************

PLAY RECAP *********************************************************************
119.81.239.92              : ok=8    changed=2    unreachable=0    failed=0   
119.9.108.253              : ok=8    changed=2    unreachable=0    failed=0   

119.9.91.157               : ok=8    changed=2    unreachable=0    failed=0   
127.0.0.1                  : ok=2    changed=1    unreachable=0    failed=0   
161.202.34.66              : ok=8    changed=2    unreachable=0    failed=0   
161.202.34.67              : ok=8    changed=2    unreachable=0    failed=0   
168.63.221.64              : ok=8    changed=2    unreachable=0    failed=0   

23.99.116.82               : ok=8    changed=2    unreachable=0    failed=0   
23.99.120.65               : ok=8    changed=2    unreachable=0    failed=0   
23.99.98.137               : ok=8    changed=2    unreachable=0    failed=0   


