FILENAME: 80-443/kblwxmi.com.conf
-  
+  server {
+      listen 80;
+      server_name kblwxmi.com www.kblwxmi.com;
+      rewrite ^(.*)$ https://www.kblwxmi.com$1 permanent;
+  }
+  
+  server {
+      listen 443;
+      server_name kblwxmi.com www.kblwxmi.com;
+      ssl on;
+      ssl_certificate /usr/local/nginx/conf.d/ssl/kblwxmi.com/fullchain.pem;
+      ssl_certificate_key /usr/local/nginx/conf.d/ssl/kblwxmi.com/privkey.pem;
+  
+      if ($http_host !~* 'www') {
+          rewrite ^(.*)$ https://www.$http_host$1 permanent;
+      }
+  
+      include /usr/local/nginx/conf.d/include/ruibo_brsong_masterconfig.include;
+  }
+  
+  

