ESYNC_COMMAND_START

PLAY [Product-RUIBO__NginxForward] *********************************************

TASK [nginx_sync : Notify] *****************************************************
ok: [23.99.120.65] => {

    "msg": "Syncing Product-RUIBO__NginxForward"
}
ok: [119.81.239.92] => {
    "msg": "Syncing Product-RUIBO__NginxForward"
}

ok: [119.9.108.253] => {
    "msg": "Syncing Product-RUIBO__NginxForward"
}
ok: [161.202.34.66] => {
    "msg": "Syncing Product-RUIBO__NginxForward"

}
ok: [168.63.221.64] => {
    "msg": "Syncing Product-RUIBO__NginxForward"
}
ok: [23.99.98.137] => {

    "msg": "Syncing Product-RUIBO__NginxForward"
}
ok: [161.202.34.67] => {
    "msg": "Syncing Product-RUIBO__NginxForward"
}

ok: [23.99.116.82] => {
    "msg": "Syncing Product-RUIBO__NginxForward"
}
ok: [119.9.91.157] => {
    "msg": "Syncing Product-RUIBO__NginxForward"

}

TASK [nginx_sync : include_vars] ***********************************************
ok: [23.99.120.65]
ok: [119.81.239.92]

ok: [119.9.108.253]
ok: [161.202.34.66]
ok: [168.63.221.64]
ok: [23.99.98.137]
ok: [161.202.34.67]

ok: [23.99.116.82]
ok: [119.9.91.157]

TASK [nginx_sync : Synchronizing Nginx] ****************************************
ok: [23.99.120.65] => (item=conf)

ok: [119.9.108.253] => (item=conf)
ok: [168.63.221.64] => (item=conf)
ok: [161.202.34.66] => (item=conf)
ok: [119.81.239.92] => (item=conf)
changed: [119.9.108.253] => (item=conf.d)

changed: [23.99.120.65] => (item=conf.d)
changed: [161.202.34.66] => (item=conf.d)
changed: [119.81.239.92] => (item=conf.d)
ok: [119.9.108.253] => (item=data)
ok: [23.99.120.65] => (item=data)

ok: [161.202.34.66] => (item=data)
changed: [168.63.221.64] => (item=conf.d)
ok: [119.81.239.92] => (item=data)
ok: [119.9.108.253] => (item=html)
ok: [23.99.120.65] => (item=html)

ok: [168.63.221.64] => (item=data)
ok: [161.202.34.66] => (item=html)
ok: [119.81.239.92] => (item=html)
ok: [23.99.98.137] => (item=conf)
ok: [168.63.221.64] => (item=html)

ok: [161.202.34.67] => (item=conf)
ok: [23.99.116.82] => (item=conf)
ok: [119.9.91.157] => (item=conf)
changed: [23.99.98.137] => (item=conf.d)
changed: [161.202.34.67] => (item=conf.d)

ok: [23.99.98.137] => (item=data)
changed: [23.99.116.82] => (item=conf.d)
changed: [119.9.91.157] => (item=conf.d)
ok: [23.99.98.137] => (item=html)
ok: [161.202.34.67] => (item=data)

ok: [23.99.116.82] => (item=data)
ok: [119.9.91.157] => (item=data)
ok: [23.99.116.82] => (item=html)
ok: [161.202.34.67] => (item=html)
ok: [119.9.91.157] => (item=html)


TASK [all_servers : include_vars] **********************************************
ok: [23.99.120.65]
ok: [119.81.239.92]
ok: [119.9.108.253]

ok: [161.202.34.66]
ok: [168.63.221.64]
ok: [23.99.98.137]
ok: [161.202.34.67]
ok: [23.99.116.82]

ok: [119.9.91.157]

TASK [all_servers : Notify] ****************************************************
ok: [23.99.120.65] => {
    "msg": "Clearing Nginx Cache for Product-RUIBO__NginxForward"

}
ok: [119.81.239.92] => {
    "msg": "Clearing Nginx Cache for Product-RUIBO__NginxForward"
}
ok: [119.9.108.253] => {

    "msg": "Clearing Nginx Cache for Product-RUIBO__NginxForward"
}
ok: [161.202.34.66] => {
    "msg": "Clearing Nginx Cache for Product-RUIBO__NginxForward"
}

ok: [168.63.221.64] => {
    "msg": "Clearing Nginx Cache for Product-RUIBO__NginxForward"
}
ok: [23.99.98.137] => {
    "msg": "Clearing Nginx Cache for Product-RUIBO__NginxForward"

}
ok: [161.202.34.67] => {
    "msg": "Clearing Nginx Cache for Product-RUIBO__NginxForward"
}
ok: [23.99.116.82] => {

    "msg": "Clearing Nginx Cache for Product-RUIBO__NginxForward"
}
ok: [119.9.91.157] => {
    "msg": "Clearing Nginx Cache for Product-RUIBO__NginxForward"
}


TASK [all_servers : Copying clear_nginxcache.sh to remote hosts] ***************
ok: [119.9.108.253]
ok: [23.99.120.65]
ok: [161.202.34.66]

ok: [119.81.239.92]
ok: [23.99.98.137]
ok: [161.202.34.67]
ok: [23.99.116.82]
ok: [119.9.91.157]

ok: [168.63.221.64]

TASK [all_servers : Nginx Clear Cache] *****************************************
changed: [23.99.120.65]
changed: [161.202.34.66]

changed: [168.63.221.64]
changed: [119.9.108.253]
changed: [119.81.239.92]
changed: [23.99.98.137]
changed: [161.202.34.67]

changed: [119.9.91.157]
changed: [23.99.116.82]

TASK [all_servers : debug] *****************************************************
ok: [23.99.120.65] => {

    "script_result.stdout_lines": [
        "-----------------------------------------------------------", 
        "|                 Checking Nginx Config                   |", 
        "-----------------------------------------------------------", 
        "", 

        " nginx -t ", 
        "", 
        "-----------------------------------------------------------", 
        "|                 Stopping Nginx Process                  |", 
        "-----------------------------------------------------------", 

        "", 
        " /usr/bin/killall -9 nginx ", 
        "", 
        "-----------------------------------------------------------", 
        "|                 Clearing Proxy Cache                    |", 

        "-----------------------------------------------------------", 
        "", 
        " /bin/rm -rf /tmp/nginx_cache ", 
        "", 
        "-----------------------------------------------------------", 

        "|                Restarting Nginx Process                 |", 
        "-----------------------------------------------------------", 
        "root      20319  0.0  0.0 106120  1280 ?        S    15:20   0:00 /bin/bash /bak/bin/clear_nginxcache.sh", 
        "root      20325  0.0  2.5 478804 89328 ?        Ss   15:20   0:00 nginx: master process /usr/local/nginx/sbin/nginx", 
        "nobody    20327  0.0  2.6 480732 94628 ?        S    15:20   0:00 nginx: worker process      ", 

        "nobody    20328  0.0  2.6 480732 94660 ?        S    15:20   0:00 nginx: worker process      ", 
        "nobody    20329  0.0  2.6 480732 94892 ?        S    15:20   0:00 nginx: worker process      ", 
        "nobody    20330  0.0  2.7 480732 95772 ?        S    15:20   0:00 nginx: worker process      ", 
        "nobody    20331  0.0  2.5 478804 91564 ?        S    15:20   0:00 nginx: cache manager process", 
        "nobody    20332  0.0  2.5 478804 91500 ?        S    15:20   0:00 nginx: cache loader process", 

        "root      20335  0.0  0.0 103328   844 ?        S    15:20   0:00 grep nginx", 
        "             total       used       free     shared    buffers     cached", 
        "Mem:          3440       1917       1523          3        266        975", 
        "-/+ buffers/cache:        675       2765", 
        "Swap:            0          0          0", 

        "-----------------------------------------------------------", 
        "|                     Reload SUCCESS!                     |", 
        "-----------------------------------------------------------"
    ]
}

ok: [119.81.239.92] => {
    "script_result.stdout_lines": [
        "-----------------------------------------------------------", 
        "|                 Checking Nginx Config                   |", 
        "-----------------------------------------------------------", 

        "", 
        " nginx -t ", 
        "", 
        "-----------------------------------------------------------", 
        "|                 Stopping Nginx Process                  |", 

        "-----------------------------------------------------------", 
        "", 
        " /usr/bin/killall -9 nginx ", 
        "", 
        "-----------------------------------------------------------", 

        "|                 Clearing Proxy Cache                    |", 
        "-----------------------------------------------------------", 
        "", 
        " /bin/rm -rf /tmp/nginx_cache ", 
        "", 

        "-----------------------------------------------------------", 
        "|                Restarting Nginx Process                 |", 
        "-----------------------------------------------------------", 
        "root     22519  1.4  0.0 106120  1284 ?        S    15:20   0:00 /bin/bash /bak/bin/clear_nginxcache.sh", 
        "root     22526 14.6  2.1 478804 89332 ?        Ss   15:20   0:00 nginx: master process /usr/local/nginx/sbin/nginx", 

        "nobody   22528  0.6  2.3 480732 95392 ?        S    15:20   0:00 nginx: worker process      ", 
        "nobody   22529  0.6  2.3 480732 95364 ?        S    15:20   0:00 nginx: worker process      ", 
        "nobody   22530  0.6  2.3 480732 95364 ?        S    15:20   0:00 nginx: worker process      ", 
        "nobody   22531  1.0  2.3 480732 95364 ?        S    15:20   0:00 nginx: worker process      ", 
        "nobody   22532  0.5  2.2 478804 92272 ?        S    15:20   0:00 nginx: cache manager process", 

        "nobody   22533  0.0  2.2 478804 92236 ?        S    15:20   0:00 nginx: cache loader process", 
        "root     22535  0.0  0.0 103328   844 ?        S    15:20   0:00 grep nginx", 
        "             total       used       free     shared    buffers     cached", 
        "Mem:          4010       1600       2409          4        745        477", 
        "-/+ buffers/cache:        377       3632", 

        "Swap:         2047          0       2047", 
        "-----------------------------------------------------------", 
        "|                     Reload SUCCESS!                     |", 
        "-----------------------------------------------------------"
    ]

}
ok: [119.9.108.253] => {
    "script_result.stdout_lines": [
        "-----------------------------------------------------------", 
        "|                 Checking Nginx Config                   |", 

        "-----------------------------------------------------------", 
        "", 
        " nginx -t ", 
        "", 
        "-----------------------------------------------------------", 

        "|                 Stopping Nginx Process                  |", 
        "-----------------------------------------------------------", 
        "", 
        " /usr/bin/killall -9 nginx ", 
        "", 

        "-----------------------------------------------------------", 
        "|                 Clearing Proxy Cache                    |", 
        "-----------------------------------------------------------", 
        "", 
        " /bin/rm -rf /tmp/nginx_cache ", 

        "", 
        "-----------------------------------------------------------", 
        "|                Restarting Nginx Process                 |", 
        "-----------------------------------------------------------", 
        "root     30415  0.0  0.0 106084  1436 ?        S    15:20   0:00 /bin/bash /bak/bin/clear_nginxcache.sh", 

        "root     30509  0.1  1.0 478804 89388 ?        Ss   15:20   0:00 nginx: master process /usr/local/nginx/sbin/nginx", 
        "nobody   30510  1.1  1.2 481760 101704 ?       S    15:20   0:00 nginx: worker process      ", 
        "nobody   30511  1.2  1.2 482060 101812 ?       S    15:20   0:00 nginx: worker process      ", 
        "nobody   30512  1.2  1.2 481752 101616 ?       S    15:20   0:00 nginx: worker process      ", 
        "nobody   30513  1.3  1.2 482144 101832 ?       S    15:20   0:00 nginx: worker process      ", 

        "nobody   30514  0.1  1.1 478804 96828 ?        S    15:20   0:00 nginx: cache manager process", 
        "nobody   30515  0.1  1.1 478804 96808 ?        S    15:20   0:00 nginx: cache loader process", 
        "root     30554  0.0  0.0 103324   884 ?        R    15:20   0:00 grep nginx", 
        "             total       used       free     shared    buffers     cached", 
        "Mem:          7994       5760       2234          9        799       2665", 

        "-/+ buffers/cache:       2294       5699", 
        "Swap:            0          0          0", 
        "-----------------------------------------------------------", 
        "|                     Reload SUCCESS!                     |", 
        "-----------------------------------------------------------"

    ]
}
ok: [161.202.34.66] => {
    "script_result.stdout_lines": [
        "-----------------------------------------------------------", 

        "|                 Checking Nginx Config                   |", 
        "-----------------------------------------------------------", 
        "", 
        " nginx -t ", 
        "", 

        "-----------------------------------------------------------", 
        "|                 Stopping Nginx Process                  |", 
        "-----------------------------------------------------------", 
        "", 
        " /usr/bin/killall -9 nginx ", 

        "", 
        "-----------------------------------------------------------", 
        "|                 Clearing Proxy Cache                    |", 
        "-----------------------------------------------------------", 
        "", 

        " /bin/rm -rf /tmp/nginx_cache ", 
        "", 
        "-----------------------------------------------------------", 
        "|                Restarting Nginx Process                 |", 
        "-----------------------------------------------------------", 

        "root     11088  2.4  0.0 106120  1284 ?        S    15:20   0:00 /bin/bash /bak/bin/clear_nginxcache.sh", 
        "root     11094 19.5  2.1 478804 89332 ?        Ss   15:20   0:00 nginx: master process /usr/local/nginx/sbin/nginx", 
        "nobody   11096  0.5  2.2 480732 94300 ?        S    15:20   0:00 nginx: worker process      ", 
        "nobody   11097  0.5  2.2 480732 94276 ?        S    15:20   0:00 nginx: worker process      ", 
        "nobody   11098  0.5  2.2 480732 94276 ?        S    15:20   0:00 nginx: worker process      ", 

        "nobody   11099  0.5  2.2 480732 94276 ?        S    15:20   0:00 nginx: worker process      ", 
        "nobody   11100  0.0  2.2 478804 91184 ?        S    15:20   0:00 nginx: cache manager process", 
        "nobody   11101  0.0  2.2 478804 91148 ?        S    15:20   0:00 nginx: cache loader process", 
        "root     11103  0.0  0.0 103328   844 ?        S    15:20   0:00 grep nginx", 
        "             total       used       free     shared    buffers     cached", 

        "Mem:          4010       1682       2327          3        252        864", 
        "-/+ buffers/cache:        566       3443", 
        "Swap:         2047          0       2047", 
        "-----------------------------------------------------------", 
        "|                     Reload SUCCESS!                     |", 

        "-----------------------------------------------------------"
    ]
}
ok: [168.63.221.64] => {
    "script_result.stdout_lines": [

        "-----------------------------------------------------------", 
        "|                 Checking Nginx Config                   |", 
        "-----------------------------------------------------------", 
        "", 
        " nginx -t ", 

        "", 
        "-----------------------------------------------------------", 
        "|                 Stopping Nginx Process                  |", 
        "-----------------------------------------------------------", 
        "", 

        " /usr/bin/killall -9 nginx ", 
        "", 
        "-----------------------------------------------------------", 
        "|                 Clearing Proxy Cache                    |", 
        "-----------------------------------------------------------", 

        "", 
        " /bin/rm -rf /tmp/nginx_cache ", 
        "", 
        "-----------------------------------------------------------", 
        "|                Restarting Nginx Process                 |", 

        "-----------------------------------------------------------", 
        "root      59028  0.0  0.0 106120  1284 ?        S    15:20   0:00 /bin/bash /bak/bin/clear_nginxcache.sh", 
        "root      59119  0.5  2.5 478804 89332 ?        Ss   15:20   0:00 nginx: master process /usr/local/nginx/sbin/nginx", 
        "nobody    59120  0.5  2.7 480732 96432 ?        S    15:20   0:00 nginx: worker process      ", 
        "nobody    59122  1.0  2.7 481068 96780 ?        S    15:20   0:00 nginx: worker process      ", 

        "nobody    59123  0.5  2.7 480732 96440 ?        S    15:20   0:00 nginx: worker process      ", 
        "nobody    59124  0.5  2.7 480732 96416 ?        S    15:20   0:00 nginx: worker process      ", 
        "nobody    59125  0.0  2.6 478804 92140 ?        S    15:20   0:00 nginx: cache manager process", 
        "nobody    59126  0.0  2.6 478804 92104 ?        S    15:20   0:00 nginx: cache loader process", 
        "root      59134  0.0  0.0 103328   840 ?        R    15:20   0:00 grep nginx", 

        "             total       used       free     shared    buffers     cached", 
        "Mem:          3440       2530        909          4        287       1430", 
        "-/+ buffers/cache:        812       2627", 
        "Swap:            0          0          0", 
        "-----------------------------------------------------------", 

        "|                     Reload SUCCESS!                     |", 
        "-----------------------------------------------------------"
    ]
}
ok: [23.99.98.137] => {

    "script_result.stdout_lines": [
        "-----------------------------------------------------------", 
        "|                 Checking Nginx Config                   |", 
        "-----------------------------------------------------------", 
        "", 

        " nginx -t ", 
        "", 
        "-----------------------------------------------------------", 
        "|                 Stopping Nginx Process                  |", 
        "-----------------------------------------------------------", 

        "", 
        " /usr/bin/killall -9 nginx ", 
        "", 
        "-----------------------------------------------------------", 
        "|                 Clearing Proxy Cache                    |", 

        "-----------------------------------------------------------", 
        "", 
        " /bin/rm -rf /tmp/nginx_cache ", 
        "", 
        "-----------------------------------------------------------", 

        "|                Restarting Nginx Process                 |", 
        "-----------------------------------------------------------", 
        "root      42388  0.0  0.0 106120  1280 ?        S    15:20   0:00 /bin/bash /bak/bin/clear_nginxcache.sh", 
        "root      42394  0.3  2.5 478804 89328 ?        Ss   15:20   0:00 nginx: master process /usr/local/nginx/sbin/nginx", 
        "nobody    42395  1.0  2.7 480732 97972 ?        S    15:20   0:00 nginx: worker process      ", 

        "nobody    42396  1.0  2.7 480732 98016 ?        S    15:20   0:00 nginx: worker process      ", 
        "nobody    42397  1.0  2.7 481068 98400 ?        S    15:20   0:00 nginx: worker process      ", 
        "nobody    42399  0.3  2.7 480732 97608 ?        S    15:20   0:00 nginx: worker process      ", 
        "nobody    42400  0.0  2.6 478804 93724 ?        S    15:20   0:00 nginx: cache manager process", 
        "nobody    42401  0.0  2.6 478804 93708 ?        S    15:20   0:00 nginx: cache loader process", 

        "root      42407  0.0  0.0 103328   848 ?        S    15:20   0:00 grep nginx", 
        "             total       used       free     shared    buffers     cached", 
        "Mem:          3440       1944       1496          5        263       1052", 
        "-/+ buffers/cache:        628       2812", 
        "Swap:            0          0          0", 

        "-----------------------------------------------------------", 
        "|                     Reload SUCCESS!                     |", 
        "-----------------------------------------------------------"
    ]
}

ok: [161.202.34.67] => {
    "script_result.stdout_lines": [
        "-----------------------------------------------------------", 
        "|                 Checking Nginx Config                   |", 
        "-----------------------------------------------------------", 

        "", 
        " nginx -t ", 
        "", 
        "-----------------------------------------------------------", 
        "|                 Stopping Nginx Process                  |", 

        "-----------------------------------------------------------", 
        "", 
        " /usr/bin/killall -9 nginx ", 
        "", 
        "-----------------------------------------------------------", 

        "|                 Clearing Proxy Cache                    |", 
        "-----------------------------------------------------------", 
        "", 
        " /bin/rm -rf /tmp/nginx_cache ", 
        "", 

        "-----------------------------------------------------------", 
        "|                Restarting Nginx Process                 |", 
        "-----------------------------------------------------------", 
        "root     31908  2.8  0.0 106112  1280 ?        S    15:20   0:00 /bin/bash /bak/bin/clear_nginxcache.sh", 
        "root     31914 22.5  2.2 478812 89336 ?        Ss   15:20   0:00 nginx: master process /usr/local/nginx/sbin/nginx", 

        "nobody   31916  2.0  2.4 480740 95524 ?        S    15:20   0:00 nginx: worker process      ", 
        "nobody   31917  1.5  2.4 480740 95496 ?        S    15:20   0:00 nginx: worker process      ", 
        "nobody   31918  1.0  2.4 480740 95492 ?        S    15:20   0:00 nginx: worker process      ", 
        "nobody   31919  1.0  2.4 480740 95492 ?        S    15:20   0:00 nginx: worker process      ", 
        "nobody   31920  0.0  2.3 478812 92400 ?        S    15:20   0:00 nginx: cache manager process", 

        "nobody   31921  0.5  2.3 478812 92364 ?        S    15:20   0:00 nginx: cache loader process", 
        "root     31923  0.0  0.0 103316   836 ?        S    15:20   0:00 grep nginx", 
        "             total       used       free     shared    buffers     cached", 
        "Mem:          3880        986       2894          4        235        405", 
        "-/+ buffers/cache:        345       3535", 

        "Swap:         2047          0       2047", 
        "-----------------------------------------------------------", 
        "|                     Reload SUCCESS!                     |", 
        "-----------------------------------------------------------"
    ]

}
ok: [23.99.116.82] => {
    "script_result.stdout_lines": [
        "-----------------------------------------------------------", 
        "|                 Checking Nginx Config                   |", 

        "-----------------------------------------------------------", 
        "", 
        " nginx -t ", 
        "", 
        "-----------------------------------------------------------", 

        "|                 Stopping Nginx Process                  |", 
        "-----------------------------------------------------------", 
        "", 
        " /usr/bin/killall -9 nginx ", 
        "", 

        "-----------------------------------------------------------", 
        "|                 Clearing Proxy Cache                    |", 
        "-----------------------------------------------------------", 
        "", 
        " /bin/rm -rf /tmp/nginx_cache ", 

        "", 
        "-----------------------------------------------------------", 
        "|                Restarting Nginx Process                 |", 
        "-----------------------------------------------------------", 
        "root      31706  0.0  0.0 106112  1284 ?        S    15:20   0:00 /bin/bash /bak/bin/clear_nginxcache.sh", 

        "root      31841  0.0  2.5 479276 89340 ?        Ss   15:20   0:00 nginx: master process /usr/local/nginx/sbin/nginx", 
        "nobody    31842  0.0  2.7 481204 97928 ?        S    15:20   0:00 nginx: worker process      ", 
        "nobody    31843  0.0  2.7 481204 97304 ?        S    15:20   0:00 nginx: worker process      ", 
        "nobody    31844  0.0  2.7 481204 97308 ?        S    15:20   0:00 nginx: worker process      ", 
        "nobody    31845  0.1  2.7 481204 98496 ?        S    15:20   0:00 nginx: worker process      ", 

        "nobody    31846  0.0  2.6 479276 94212 ?        S    15:20   0:00 nginx: cache manager process", 
        "nobody    31847  0.1  2.6 479276 94184 ?        S    15:20   0:00 nginx: cache loader process", 
        "root      31869  0.0  0.0 103264   832 ?        S    15:20   0:00 grep nginx", 
        "             total       used       free     shared    buffers     cached", 
        "Mem:          3440       1513       1926          0        258        710", 

        "-/+ buffers/cache:        544       2895", 
        "Swap:            0          0          0", 
        "-----------------------------------------------------------", 
        "|                     Reload SUCCESS!                     |", 
        "-----------------------------------------------------------"

    ]
}
ok: [119.9.91.157] => {
    "script_result.stdout_lines": [
        "-----------------------------------------------------------", 

        "|                 Checking Nginx Config                   |", 
        "-----------------------------------------------------------", 
        "", 
        " nginx -t ", 
        "", 

        "-----------------------------------------------------------", 
        "|                 Stopping Nginx Process                  |", 
        "-----------------------------------------------------------", 
        "", 
        " /usr/bin/killall -9 nginx ", 

        "", 
        "-----------------------------------------------------------", 
        "|                 Clearing Proxy Cache                    |", 
        "-----------------------------------------------------------", 
        "", 

        " /bin/rm -rf /tmp/nginx_cache ", 
        "", 
        "-----------------------------------------------------------", 
        "|                Restarting Nginx Process                 |", 
        "-----------------------------------------------------------", 

        "root     20402  0.3  0.0 106080  1424 ?        S    15:20   0:00 /bin/bash /bak/bin/clear_nginxcache.sh", 
        "root     20412  0.0  4.3 478800 89392 ?        Ss   15:20   0:00 nginx: master process /usr/local/nginx/sbin/nginx", 
        "nobody   20413  0.0  4.6 480728 94528 ?        S    15:20   0:00 nginx: worker process      ", 
        "nobody   20415  0.0  4.6 480728 94508 ?        S    15:20   0:00 nginx: worker process      ", 
        "nobody   20416  0.0  4.6 480728 94508 ?        S    15:20   0:00 nginx: worker process      ", 

        "nobody   20417  0.0  4.6 480728 94508 ?        S    15:20   0:00 nginx: worker process      ", 
        "nobody   20418  0.0  4.4 478800 91416 ?        S    15:20   0:00 nginx: cache manager process", 
        "nobody   20419  0.0  4.4 478800 91396 ?        S    15:20   0:00 nginx: cache loader process", 
        "root     20423  0.0  0.0 103324   888 ?        S    15:20   0:00 grep nginx", 
        "             total       used       free     shared    buffers     cached", 

        "Mem:          2000       1662        337          3        250        631", 
        "-/+ buffers/cache:        780       1219", 
        "Swap:            0          0          0", 
        "-----------------------------------------------------------", 
        "|                     Reload SUCCESS!                     |", 

        "-----------------------------------------------------------"
    ]
}

PLAY [127.0.0.1] ***************************************************************


TASK [sync_to_git : Synchronizing Nginx To GIT] ********************************
changed: [127.0.0.1]

TASK [sync_to_git : debug] *****************************************************

ok: [127.0.0.1] => {
    "script_result.stdout_lines": [
        "[master f7cd43f] aaron.bu", 
        " 1 file changed, 3 insertions(+), 3 deletions(-)", 
        "Branch master set up to track remote branch master from origin."

    ]
}

PLAY [Product-RUIBO__NginxForward] *********************************************


PLAY [127.0.0.1] ***************************************************************

PLAY RECAP *********************************************************************
119.81.239.92              : ok=8    changed=2    unreachable=0    failed=0   
119.9.108.253              : ok=8    changed=2    unreachable=0    failed=0   

119.9.91.157               : ok=8    changed=2    unreachable=0    failed=0   
127.0.0.1                  : ok=2    changed=1    unreachable=0    failed=0   
161.202.34.66              : ok=8    changed=2    unreachable=0    failed=0   
161.202.34.67              : ok=8    changed=2    unreachable=0    failed=0   
168.63.221.64              : ok=8    changed=2    unreachable=0    failed=0   

23.99.116.82               : ok=8    changed=2    unreachable=0    failed=0   
23.99.120.65               : ok=8    changed=2    unreachable=0    failed=0   
23.99.98.137               : ok=8    changed=2    unreachable=0    failed=0   


ESYNC_COMMAND_END
MAX RETRIES EXECUTED, COMMAND NOT RESPONDING