ESYNC_COMMAND_START

PLAY [Product-RUIBO__NginxForward] *********************************************

TASK [nginx_sync : Notify] *****************************************************
ok: [23.99.120.65] => {

    "msg": "Syncing Product-RUIBO__NginxForward"
}
ok: [119.81.239.92] => {
    "msg": "Syncing Product-RUIBO__NginxForward"
}

ok: [119.9.108.253] => {
    "msg": "Syncing Product-RUIBO__NginxForward"
}
ok: [161.202.34.66] => {
    "msg": "Syncing Product-RUIBO__NginxForward"

}
ok: [168.63.221.64] => {
    "msg": "Syncing Product-RUIBO__NginxForward"
}
ok: [23.99.98.137] => {

    "msg": "Syncing Product-RUIBO__NginxForward"
}
ok: [161.202.34.67] => {
    "msg": "Syncing Product-RUIBO__NginxForward"
}

ok: [23.99.116.82] => {
    "msg": "Syncing Product-RUIBO__NginxForward"
}
ok: [119.9.91.157] => {
    "msg": "Syncing Product-RUIBO__NginxForward"

}

TASK [nginx_sync : include_vars] ***********************************************
ok: [23.99.120.65]
ok: [119.81.239.92]

ok: [119.9.108.253]
ok: [161.202.34.66]
ok: [168.63.221.64]
ok: [23.99.98.137]
ok: [161.202.34.67]

ok: [23.99.116.82]
ok: [119.9.91.157]

TASK [nginx_sync : Synchronizing Nginx] ****************************************
ok: [119.9.108.253] => (item=conf)

ok: [161.202.34.66] => (item=conf)
ok: [23.99.120.65] => (item=conf)
ok: [119.81.239.92] => (item=conf)
ok: [168.63.221.64] => (item=conf)
changed: [23.99.120.65] => (item=conf.d)

changed: [161.202.34.66] => (item=conf.d)
changed: [119.9.108.253] => (item=conf.d)
changed: [119.81.239.92] => (item=conf.d)
changed: [168.63.221.64] => (item=conf.d)
ok: [119.9.108.253] => (item=data)

ok: [23.99.120.65] => (item=data)
ok: [161.202.34.66] => (item=data)
ok: [168.63.221.64] => (item=data)
ok: [119.81.239.92] => (item=data)
ok: [23.99.120.65] => (item=html)

ok: [161.202.34.66] => (item=html)
ok: [119.9.108.253] => (item=html)
ok: [168.63.221.64] => (item=html)
ok: [119.81.239.92] => (item=html)
ok: [23.99.98.137] => (item=conf)

ok: [161.202.34.67] => (item=conf)
ok: [23.99.116.82] => (item=conf)
ok: [119.9.91.157] => (item=conf)
changed: [23.99.98.137] => (item=conf.d)
changed: [23.99.116.82] => (item=conf.d)

changed: [161.202.34.67] => (item=conf.d)
changed: [119.9.91.157] => (item=conf.d)
ok: [23.99.98.137] => (item=data)
ok: [23.99.116.82] => (item=data)
ok: [161.202.34.67] => (item=data)

ok: [119.9.91.157] => (item=data)
ok: [23.99.98.137] => (item=html)
ok: [23.99.116.82] => (item=html)
ok: [161.202.34.67] => (item=html)
ok: [119.9.91.157] => (item=html)


TASK [all_servers : include_vars] **********************************************
ok: [23.99.120.65]
ok: [119.81.239.92]
ok: [119.9.108.253]

ok: [161.202.34.66]
ok: [168.63.221.64]
ok: [23.99.98.137]
ok: [161.202.34.67]
ok: [23.99.116.82]

ok: [119.9.91.157]

TASK [all_servers : Notify] ****************************************************
ok: [23.99.120.65] => {
    "msg": "Clearing Nginx Cache for Product-RUIBO__NginxForward"

}
ok: [119.81.239.92] => {
    "msg": "Clearing Nginx Cache for Product-RUIBO__NginxForward"
}
ok: [119.9.108.253] => {

    "msg": "Clearing Nginx Cache for Product-RUIBO__NginxForward"
}
ok: [161.202.34.66] => {
    "msg": "Clearing Nginx Cache for Product-RUIBO__NginxForward"
}

ok: [168.63.221.64] => {
    "msg": "Clearing Nginx Cache for Product-RUIBO__NginxForward"
}
ok: [23.99.98.137] => {
    "msg": "Clearing Nginx Cache for Product-RUIBO__NginxForward"

}
ok: [161.202.34.67] => {
    "msg": "Clearing Nginx Cache for Product-RUIBO__NginxForward"
}
ok: [23.99.116.82] => {

    "msg": "Clearing Nginx Cache for Product-RUIBO__NginxForward"
}
ok: [119.9.91.157] => {
    "msg": "Clearing Nginx Cache for Product-RUIBO__NginxForward"
}


TASK [all_servers : Copying clear_nginxcache.sh to remote hosts] ***************
ok: [119.9.108.253]
ok: [23.99.120.65]
ok: [161.202.34.66]

ok: [119.81.239.92]
ok: [23.99.98.137]
ok: [168.63.221.64]
ok: [161.202.34.67]
ok: [23.99.116.82]

ok: [119.9.91.157]

TASK [all_servers : Nginx Clear Cache] *****************************************
changed: [119.9.108.253]
changed: [23.99.120.65]

changed: [161.202.34.66]
changed: [119.81.239.92]
changed: [168.63.221.64]
changed: [23.99.98.137]
changed: [161.202.34.67]

changed: [119.9.91.157]
changed: [23.99.116.82]

TASK [all_servers : debug] *****************************************************
ok: [23.99.120.65] => {

    "script_result.stdout_lines": [
        "-----------------------------------------------------------", 
        "|                 Checking Nginx Config                   |", 
        "-----------------------------------------------------------", 
        "", 

        " nginx -t ", 
        "", 
        "-----------------------------------------------------------", 
        "|                 Stopping Nginx Process                  |", 
        "-----------------------------------------------------------", 

        "", 
        " /usr/bin/killall -9 nginx ", 
        "", 
        "-----------------------------------------------------------", 
        "|                 Clearing Proxy Cache                    |", 

        "-----------------------------------------------------------", 
        "", 
        " /bin/rm -rf /tmp/nginx_cache ", 
        "", 
        "-----------------------------------------------------------", 

        "|                Restarting Nginx Process                 |", 
        "-----------------------------------------------------------", 
        "root      49715  0.0  0.0 106120  1280 ?        S    10:36   0:00 /bin/bash /bak/bin/clear_nginxcache.sh", 
        "root      49721  0.5  2.5 478676 89200 ?        Ss   10:36   0:00 nginx: master process /usr/local/nginx/sbin/nginx", 
        "nobody    49722  0.0  2.6 480604 94552 ?        S    10:36   0:00 nginx: worker process      ", 

        "nobody    49723  0.0  2.6 480604 94572 ?        S    10:36   0:00 nginx: worker process      ", 
        "nobody    49724  0.5  2.6 480604 94912 ?        S    10:36   0:00 nginx: worker process      ", 
        "nobody    49725  0.0  2.6 480604 94552 ?        S    10:36   0:00 nginx: worker process      ", 
        "nobody    49726  0.0  2.5 478676 91484 ?        S    10:36   0:00 nginx: cache manager process", 
        "nobody    49728  0.0  2.5 478676 91444 ?        S    10:36   0:00 nginx: cache loader process", 

        "root      49751  0.0  0.0 106120   436 ?        R    10:36   0:00 /bin/bash /bak/bin/clear_nginxcache.sh", 
        "             total       used       free     shared    buffers     cached", 
        "Mem:          3440       1723       1717          3        256        767", 
        "-/+ buffers/cache:        698       2741", 
        "Swap:            0          0          0", 

        "-----------------------------------------------------------", 
        "|                     Reload SUCCESS!                     |", 
        "-----------------------------------------------------------"
    ]
}

ok: [119.81.239.92] => {
    "script_result.stdout_lines": [
        "-----------------------------------------------------------", 
        "|                 Checking Nginx Config                   |", 
        "-----------------------------------------------------------", 

        "", 
        " nginx -t ", 
        "", 
        "-----------------------------------------------------------", 
        "|                 Stopping Nginx Process                  |", 

        "-----------------------------------------------------------", 
        "", 
        " /usr/bin/killall -9 nginx ", 
        "", 
        "-----------------------------------------------------------", 

        "|                 Clearing Proxy Cache                    |", 
        "-----------------------------------------------------------", 
        "", 
        " /bin/rm -rf /tmp/nginx_cache ", 
        "", 

        "-----------------------------------------------------------", 
        "|                Restarting Nginx Process                 |", 
        "-----------------------------------------------------------", 
        "root     21386  2.3  0.0 106120  1280 ?        S    10:36   0:00 /bin/bash /bak/bin/clear_nginxcache.sh", 
        "root     21392 14.6  2.1 478676 89204 ?        Ss   10:36   0:00 nginx: master process /usr/local/nginx/sbin/nginx", 

        "nobody   21394  1.5  2.3 480604 95692 ?        S    10:36   0:00 nginx: worker process      ", 
        "nobody   21395  1.0  2.3 480604 95308 ?        S    10:36   0:00 nginx: worker process      ", 
        "nobody   21396  1.0  2.3 480604 95308 ?        S    10:36   0:00 nginx: worker process      ", 
        "nobody   21397  1.0  2.3 480604 95308 ?        S    10:36   0:00 nginx: worker process      ", 
        "nobody   21398  2.0  2.2 478676 92220 ?        S    10:36   0:00 nginx: cache manager process", 

        "nobody   21399  0.5  2.2 478676 92180 ?        S    10:36   0:00 nginx: cache loader process", 
        "root     21401  0.0  0.0 103328   844 ?        S    10:36   0:00 grep nginx", 
        "             total       used       free     shared    buffers     cached", 
        "Mem:          4010       2003       2007          4        790        732", 
        "-/+ buffers/cache:        480       3530", 

        "Swap:         2047          0       2047", 
        "-----------------------------------------------------------", 
        "|                     Reload SUCCESS!                     |", 
        "-----------------------------------------------------------"
    ]

}
ok: [119.9.108.253] => {
    "script_result.stdout_lines": [
        "-----------------------------------------------------------", 
        "|                 Checking Nginx Config                   |", 

        "-----------------------------------------------------------", 
        "", 
        " nginx -t ", 
        "", 
        "-----------------------------------------------------------", 

        "|                 Stopping Nginx Process                  |", 
        "-----------------------------------------------------------", 
        "", 
        " /usr/bin/killall -9 nginx ", 
        "", 

        "-----------------------------------------------------------", 
        "|                 Clearing Proxy Cache                    |", 
        "-----------------------------------------------------------", 
        "", 
        " /bin/rm -rf /tmp/nginx_cache ", 

        "", 
        "-----------------------------------------------------------", 
        "|                Restarting Nginx Process                 |", 
        "-----------------------------------------------------------", 
        "root     32467  0.0  0.0 106084  1428 ?        S    10:36   0:00 /bin/bash /bak/bin/clear_nginxcache.sh", 

        "root     32473  0.0  1.0 478680 89260 ?        Ss   10:36   0:00 nginx: master process /usr/local/nginx/sbin/nginx", 
        "nobody   32475  1.0  1.2 480608 100876 ?       S    10:36   0:00 nginx: worker process      ", 
        "nobody   32476  1.5  1.2 480744 100912 ?       S    10:36   0:00 nginx: worker process      ", 
        "nobody   32477  1.0  1.2 480608 101196 ?       S    10:36   0:00 nginx: worker process      ", 
        "nobody   32478  2.5  1.2 480748 101288 ?       S    10:36   0:00 nginx: worker process      ", 

        "nobody   32479  1.0  1.1 478680 96932 ?        S    10:36   0:00 nginx: cache manager process", 
        "nobody   32480  0.5  1.1 478680 96912 ?        S    10:36   0:00 nginx: cache loader process", 
        "root     32482  0.0  0.0 103324   892 ?        S    10:36   0:00 grep nginx", 
        "             total       used       free     shared    buffers     cached", 
        "Mem:          7994       5860       2134          9        839       2608", 

        "-/+ buffers/cache:       2412       5582", 
        "Swap:            0          0          0", 
        "-----------------------------------------------------------", 
        "|                     Reload SUCCESS!                     |", 
        "-----------------------------------------------------------"

    ]
}
ok: [161.202.34.66] => {
    "script_result.stdout_lines": [
        "-----------------------------------------------------------", 

        "|                 Checking Nginx Config                   |", 
        "-----------------------------------------------------------", 
        "", 
        " nginx -t ", 
        "", 

        "-----------------------------------------------------------", 
        "|                 Stopping Nginx Process                  |", 
        "-----------------------------------------------------------", 
        "", 
        " /usr/bin/killall -9 nginx ", 

        "", 
        "-----------------------------------------------------------", 
        "|                 Clearing Proxy Cache                    |", 
        "-----------------------------------------------------------", 
        "", 

        " /bin/rm -rf /tmp/nginx_cache ", 
        "", 
        "-----------------------------------------------------------", 
        "|                Restarting Nginx Process                 |", 
        "-----------------------------------------------------------", 

        "root      9030  2.2  0.0 106120  1280 ?        S    10:36   0:00 /bin/bash /bak/bin/clear_nginxcache.sh", 
        "root      9037 13.3  2.1 478676 89200 ?        Ss   10:36   0:00 nginx: master process /usr/local/nginx/sbin/nginx", 
        "nobody    9039  0.3  2.2 480604 94208 ?        S    10:36   0:00 nginx: worker process      ", 
        "nobody    9040  0.3  2.2 480604 94184 ?        S    10:36   0:00 nginx: worker process      ", 
        "nobody    9041  0.3  2.2 480604 94184 ?        S    10:36   0:00 nginx: worker process      ", 

        "nobody    9042  0.3  2.3 480604 94544 ?        S    10:36   0:00 nginx: worker process      ", 
        "nobody    9043  0.0  2.2 478676 91092 ?        S    10:36   0:00 nginx: cache manager process", 
        "nobody    9044  0.0  2.2 478676 91056 ?        S    10:36   0:00 nginx: cache loader process", 
        "root      9046  0.0  0.0 103328   840 ?        S    10:36   0:00 grep nginx", 
        "             total       used       free     shared    buffers     cached", 

        "Mem:          4010       1905       2104          3        262        979", 
        "-/+ buffers/cache:        662       3347", 
        "Swap:         2047          0       2047", 
        "-----------------------------------------------------------", 
        "|                     Reload SUCCESS!                     |", 

        "-----------------------------------------------------------"
    ]
}
ok: [168.63.221.64] => {
    "script_result.stdout_lines": [

        "-----------------------------------------------------------", 
        "|                 Checking Nginx Config                   |", 
        "-----------------------------------------------------------", 
        "", 
        " nginx -t ", 

        "", 
        "-----------------------------------------------------------", 
        "|                 Stopping Nginx Process                  |", 
        "-----------------------------------------------------------", 
        "", 

        " /usr/bin/killall -9 nginx ", 
        "", 
        "-----------------------------------------------------------", 
        "|                 Clearing Proxy Cache                    |", 
        "-----------------------------------------------------------", 

        "", 
        " /bin/rm -rf /tmp/nginx_cache ", 
        "", 
        "-----------------------------------------------------------", 
        "|                Restarting Nginx Process                 |", 

        "-----------------------------------------------------------", 
        "root      33286  0.0  0.0 105472   952 pts/0    S+   09:59   0:00 less /usr/local/nginx/conf.d/global/upstream.conf", 
        "root      41644  0.0  0.0 106120  1280 ?        S    10:36   0:00 /bin/bash /bak/bin/clear_nginxcache.sh", 
        "root      41795  0.1  2.5 478676 89200 ?        Ss   10:36   0:00 nginx: master process /usr/local/nginx/sbin/nginx", 
        "nobody    41796  0.0  2.7 480604 96332 ?        S    10:36   0:00 nginx: worker process      ", 

        "nobody    41797  0.5  2.7 480744 96424 ?        S    10:36   0:00 nginx: worker process      ", 
        "nobody    41798  0.5  2.7 480892 96432 ?        S    10:36   0:00 nginx: worker process      ", 
        "nobody    41799  0.5  2.7 481012 96528 ?        S    10:36   0:00 nginx: worker process      ", 
        "nobody    41800  0.0  2.6 478676 92056 ?        S    10:36   0:00 nginx: cache manager process", 
        "nobody    41801  0.0  2.6 478676 92020 ?        S    10:36   0:00 nginx: cache loader process", 

        "root      41832  0.0  0.0 103328   848 ?        S    10:36   0:00 grep nginx", 
        "             total       used       free     shared    buffers     cached", 
        "Mem:          3440       1891       1548          4        308        848", 
        "-/+ buffers/cache:        734       2706", 
        "Swap:            0          0          0", 

        "-----------------------------------------------------------", 
        "|                     Reload SUCCESS!                     |", 
        "-----------------------------------------------------------"
    ]
}

ok: [23.99.98.137] => {
    "script_result.stdout_lines": [
        "-----------------------------------------------------------", 
        "|                 Checking Nginx Config                   |", 
        "-----------------------------------------------------------", 

        "", 
        " nginx -t ", 
        "", 
        "-----------------------------------------------------------", 
        "|                 Stopping Nginx Process                  |", 

        "-----------------------------------------------------------", 
        "", 
        " /usr/bin/killall -9 nginx ", 
        "", 
        "-----------------------------------------------------------", 

        "|                 Clearing Proxy Cache                    |", 
        "-----------------------------------------------------------", 
        "", 
        " /bin/rm -rf /tmp/nginx_cache ", 
        "", 

        "-----------------------------------------------------------", 
        "|                Restarting Nginx Process                 |", 
        "-----------------------------------------------------------", 
        "root      67743  0.0  0.0 106120  1280 ?        S    10:36   0:00 /bin/bash /bak/bin/clear_nginxcache.sh", 
        "root      67752  0.3  2.5 478676 89200 ?        Ss   10:36   0:00 nginx: master process /usr/local/nginx/sbin/nginx", 

        "nobody    67754  0.3  2.7 480604 97952 ?        S    10:36   0:00 nginx: worker process      ", 
        "nobody    67755  0.3  2.7 480604 98060 ?        R    10:36   0:00 nginx: worker process      ", 
        "nobody    67756  0.3  2.7 480604 97704 ?        S    10:36   0:00 nginx: worker process      ", 
        "nobody    67757  0.6  2.7 480604 98040 ?        S    10:36   0:00 nginx: worker process      ", 
        "nobody    67758  0.0  2.6 478676 93732 ?        S    10:36   0:00 nginx: cache manager process", 

        "nobody    67759  0.0  2.6 478676 93684 ?        S    10:36   0:00 nginx: cache loader process", 
        "root      67798  0.0  0.0 103332   856 ?        S    10:36   0:00 grep nginx", 
        "             total       used       free     shared    buffers     cached", 
        "Mem:          3440       1782       1658          6        288        840", 
        "-/+ buffers/cache:        653       2787", 

        "Swap:            0          0          0", 
        "-----------------------------------------------------------", 
        "|                     Reload SUCCESS!                     |", 
        "-----------------------------------------------------------"
    ]

}
ok: [161.202.34.67] => {
    "script_result.stdout_lines": [
        "-----------------------------------------------------------", 
        "|                 Checking Nginx Config                   |", 

        "-----------------------------------------------------------", 
        "", 
        " nginx -t ", 
        "", 
        "-----------------------------------------------------------", 

        "|                 Stopping Nginx Process                  |", 
        "-----------------------------------------------------------", 
        "", 
        " /usr/bin/killall -9 nginx ", 
        "", 

        "-----------------------------------------------------------", 
        "|                 Clearing Proxy Cache                    |", 
        "-----------------------------------------------------------", 
        "", 
        " /bin/rm -rf /tmp/nginx_cache ", 

        "", 
        "-----------------------------------------------------------", 
        "|                Restarting Nginx Process                 |", 
        "-----------------------------------------------------------", 
        "root     21628  2.8  0.0 106112  1280 ?        S    10:36   0:00 /bin/bash /bak/bin/clear_nginxcache.sh", 

        "root     21634 21.0  2.2 478684 89208 ?        Ss   10:36   0:00 nginx: master process /usr/local/nginx/sbin/nginx", 
        "nobody   21636  0.5  2.4 480612 95424 ?        S    10:36   0:00 nginx: worker process      ", 
        "nobody   21637  0.5  2.4 480612 95396 ?        S    10:36   0:00 nginx: worker process      ", 
        "nobody   21638  0.5  2.4 480612 95396 ?        S    10:36   0:00 nginx: worker process      ", 
        "nobody   21639  1.0  2.4 480612 95396 ?        S    10:36   0:00 nginx: worker process      ", 

        "nobody   21640  0.5  2.3 478684 92304 ?        S    10:36   0:00 nginx: cache manager process", 
        "nobody   21641  1.0  2.3 478684 92284 ?        S    10:36   0:00 nginx: cache loader process", 
        "root     21643  0.0  0.0 103316   832 ?        S    10:36   0:00 grep nginx", 
        "             total       used       free     shared    buffers     cached", 
        "Mem:          3880       1233       2647          4        277        522", 

        "-/+ buffers/cache:        432       3447", 
        "Swap:         2047          0       2047", 
        "-----------------------------------------------------------", 
        "|                     Reload SUCCESS!                     |", 
        "-----------------------------------------------------------"

    ]
}
ok: [23.99.116.82] => {
    "script_result.stdout_lines": [
        "-----------------------------------------------------------", 

        "|                 Checking Nginx Config                   |", 
        "-----------------------------------------------------------", 
        "", 
        " nginx -t ", 
        "", 

        "-----------------------------------------------------------", 
        "|                 Stopping Nginx Process                  |", 
        "-----------------------------------------------------------", 
        "", 
        " /usr/bin/killall -9 nginx ", 

        "", 
        "-----------------------------------------------------------", 
        "|                 Clearing Proxy Cache                    |", 
        "-----------------------------------------------------------", 
        "", 

        " /bin/rm -rf /tmp/nginx_cache ", 
        "", 
        "-----------------------------------------------------------", 
        "|                Restarting Nginx Process                 |", 
        "-----------------------------------------------------------", 

        "root      66367  0.0  0.0 106112  1280 ?        S    10:36   0:00 /bin/bash /bak/bin/clear_nginxcache.sh", 
        "root      66373  0.0  2.5 479148 89208 ?        Ss   10:36   0:00 nginx: master process /usr/local/nginx/sbin/nginx", 
        "nobody    66374  0.5  2.8 481076 98932 ?        S    10:36   0:00 nginx: worker process      ", 
        "nobody    66376  0.5  2.8 481224 98760 ?        S    10:36   0:00 nginx: worker process      ", 
        "nobody    66377  0.0  2.7 481076 97704 ?        S    10:36   0:00 nginx: worker process      ", 

        "nobody    66378  0.0  2.8 481076 98712 ?        S    10:36   0:00 nginx: worker process      ", 
        "nobody    66379  0.0  2.6 479148 94580 ?        S    10:36   0:00 nginx: cache manager process", 
        "nobody    66380  0.5  2.6 479148 94560 ?        S    10:36   0:00 nginx: cache loader process", 
        "root      66382  0.0  0.0 103264   832 ?        S    10:36   0:00 grep nginx", 
        "             total       used       free     shared    buffers     cached", 

        "Mem:          3440       1755       1685          0        290        822", 
        "-/+ buffers/cache:        642       2798", 
        "Swap:            0          0          0", 
        "-----------------------------------------------------------", 
        "|                     Reload SUCCESS!                     |", 

        "-----------------------------------------------------------"
    ]
}
ok: [119.9.91.157] => {
    "script_result.stdout_lines": [

        "-----------------------------------------------------------", 
        "|                 Checking Nginx Config                   |", 
        "-----------------------------------------------------------", 
        "", 
        " nginx -t ", 

        "", 
        "-----------------------------------------------------------", 
        "|                 Stopping Nginx Process                  |", 
        "-----------------------------------------------------------", 
        "", 

        " /usr/bin/killall -9 nginx ", 
        "", 
        "-----------------------------------------------------------", 
        "|                 Clearing Proxy Cache                    |", 
        "-----------------------------------------------------------", 

        "", 
        " /bin/rm -rf /tmp/nginx_cache ", 
        "", 
        "-----------------------------------------------------------", 
        "|                Restarting Nginx Process                 |", 

        "-----------------------------------------------------------", 
        "root     20626  0.2  0.0 106080  1428 ?        S    10:36   0:00 /bin/bash /bak/bin/clear_nginxcache.sh", 
        "root     20636  0.0  4.3 478676 89260 ?        Ss   10:36   0:00 nginx: master process /usr/local/nginx/sbin/nginx", 
        "nobody   20637  0.0  4.6 480604 94460 ?        S    10:36   0:00 nginx: worker process      ", 
        "nobody   20639  0.0  4.6 480604 94436 ?        S    10:36   0:00 nginx: worker process      ", 

        "nobody   20640  0.0  4.6 480604 94436 ?        S    10:36   0:00 nginx: worker process      ", 
        "nobody   20641  0.0  4.6 480604 94436 ?        S    10:36   0:00 nginx: worker process      ", 
        "nobody   20642  0.0  4.4 478676 91340 ?        S    10:36   0:00 nginx: cache manager process", 
        "nobody   20643  0.0  4.4 478676 91304 ?        S    10:36   0:00 nginx: cache loader process", 
        "root     20647  0.0  0.0 103324   888 ?        S    10:36   0:00 grep nginx", 

        "             total       used       free     shared    buffers     cached", 
        "Mem:          2000       1840        159          3        239        706", 
        "-/+ buffers/cache:        894       1105", 
        "Swap:            0          0          0", 
        "-----------------------------------------------------------", 

        "|                     Reload SUCCESS!                     |", 
        "-----------------------------------------------------------"
    ]
}


PLAY [127.0.0.1] ***************************************************************

TASK [sync_to_git : Synchronizing Nginx To GIT] ********************************
changed: [127.0.0.1]


TASK [sync_to_git : debug] *****************************************************
ok: [127.0.0.1] => {
    "script_result.stdout_lines": [
        "[master a4bce04] ben.tian", 
        " 1 file changed, 2 insertions(+), 2 deletions(-)", 

        "Branch master set up to track remote branch master from origin."
    ]
}

PLAY [Product-RUIBO__NginxForward] *********************************************


PLAY [127.0.0.1] ***************************************************************

PLAY RECAP *********************************************************************
119.81.239.92              : ok=8    changed=2    unreachable=0    failed=0   

119.9.108.253              : ok=8    changed=2    unreachable=0    failed=0   
119.9.91.157               : ok=8    changed=2    unreachable=0    failed=0   
127.0.0.1                  : ok=2    changed=1    unreachable=0    failed=0   
161.202.34.66              : ok=8    changed=2    unreachable=0    failed=0   
161.202.34.67              : ok=8    changed=2    unreachable=0    failed=0   

168.63.221.64              : ok=8    changed=2    unreachable=0    failed=0   
23.99.116.82               : ok=8    changed=2    unreachable=0    failed=0   
23.99.120.65               : ok=8    changed=2    unreachable=0    failed=0   
23.99.98.137               : ok=8    changed=2    unreachable=0    failed=0   



ESYNC_COMMAND_END
MAX RETRIES EXECUTED, COMMAND NOT RESPONDING