FILENAME: 80-443/jbl8100.com.conf
-  server {
-      listen 80;
-      server_name jbl8100.com www.jbl8100.com;
-      rewrite ^(.*)$ https://www.jbl8100.com$1 permanent;
-  }
-  
-  server {
-      listen 443;
-      server_name jbl8100.com www.jbl8100.com;
-      ssl on;
-      ssl_certificate /usr/local/nginx/conf.d/ssl/jbl8100.com/fullchain.pem;
-      ssl_certificate_key /usr/local/nginx/conf.d/ssl/jbl8100.com/privkey.pem;
-  
-      if ($http_host !~* 'www') {
-          rewrite ^(.*)$ https://www.$http_host$1 permanent;
-      }
-  
-      include /usr/local/nginx/conf.d/include/ruibo_brsong_masterconfig.include;
-  }
-  
-  
+  server {
+      listen 80;
+      server_name jbl8100.com www.jbl8100.com;
+      rewrite ^(.*)$ https://www.jbl8100.com$1 permanent;
+  }
+  
+  server {
+      listen 443;
+      server_name jbl8100.com www.jbl8100.com;
+      ssl on;
+      ssl_certificate /usr/local/nginx/conf.d/ssl/jbl8100.com/fullchain.pem;
+      ssl_certificate_key /usr/local/nginx/conf.d/ssl/jbl8100.com/privkey.pem;
+  
+      if ($http_host !~* 'www') {
+          rewrite ^(.*)$ https://www.$http_host$1 permanent;
+      }
+  
+      include /usr/local/nginx/conf.d/include/ruibo_spzhao_masterconfig.include;
+  }
+  
+  

