===================================/srv/JINSHENG-TIANHE__NginxForward/nginx/conf.d===================================192.168.11.126 | SUCCESS => {
    "changed": true, 
    "cmd": "/usr/bin/rsync --delay-updates -F --compress --delete-after --copy-links --archive --rsh=/usr/bin/ssh -S none -o Port=2556 -o StrictHostKeyChecking=no -o UserKnownHostsFile=/dev/null --out-format=<<CHANGED>>%i %n%L /srv/JINSHENG-TIANHE__NginxForward/nginx/conf.d root@192.168.11.126:/usr/local/nginx/", 
    "msg": "<f.st...... conf.d/include/gabo_proxy_masterconfig.include\n", 
    "rc": 0, 
    "stdout_lines": [
        "<f.st...... conf.d/include/gabo_proxy_masterconfig.include"
    ]
}
192.168.11.127 | SUCCESS => {
    "changed": true, 
    "cmd": "/usr/bin/rsync --delay-updates -F --compress --delete-after --copy-links --archive --rsh=/usr/bin/ssh -S none -o Port=2556 -o StrictHostKeyChecking=no -o UserKnownHostsFile=/dev/null --out-format=<<CHANGED>>%i %n%L /srv/JINSHENG-TIANHE__NginxForward/nginx/conf.d root@192.168.11.127:/usr/local/nginx/", 
    "msg": "<f.st...... conf.d/include/gabo_proxy_masterconfig.include\n", 
    "rc": 0, 
    "stdout_lines": [
        "<f.st...... conf.d/include/gabo_proxy_masterconfig.include"
    ]
}

====================================/srv/JINSHENG-TIANHE__NginxForward/nginx/conf====================================192.168.11.127 | SUCCESS => {
    "changed": false, 
    "cmd": "/usr/bin/rsync --delay-updates -F --compress --delete-after --copy-links --archive --rsh=/usr/bin/ssh -S none -o Port=2556 -o StrictHostKeyChecking=no -o UserKnownHostsFile=/dev/null --out-format=<<CHANGED>>%i %n%L /srv/JINSHENG-TIANHE__NginxForward/nginx/conf root@192.168.11.127:/usr/local/nginx/", 
    "msg": "", 
    "rc": 0, 
    "stdout_lines": []
}
192.168.11.126 | SUCCESS => {
    "changed": false, 
    "cmd": "/usr/bin/rsync --delay-updates -F --compress --delete-after --copy-links --archive --rsh=/usr/bin/ssh -S none -o Port=2556 -o StrictHostKeyChecking=no -o UserKnownHostsFile=/dev/null --out-format=<<CHANGED>>%i %n%L /srv/JINSHENG-TIANHE__NginxForward/nginx/conf root@192.168.11.126:/usr/local/nginx/", 
    "msg": "", 
    "rc": 0, 
    "stdout_lines": []
}

====================================/srv/JINSHENG-TIANHE__NginxForward/nginx/html====================================192.168.11.127 | SUCCESS => {
    "changed": false, 
    "cmd": "/usr/bin/rsync --delay-updates -F --compress --delete-after --copy-links --archive --rsh=/usr/bin/ssh -S none -o Port=2556 -o StrictHostKeyChecking=no -o UserKnownHostsFile=/dev/null --out-format=<<CHANGED>>%i %n%L /srv/JINSHENG-TIANHE__NginxForward/nginx/html root@192.168.11.127:/usr/local/nginx/", 
    "msg": "", 
    "rc": 0, 
    "stdout_lines": []
}
192.168.11.126 | SUCCESS => {
    "changed": false, 
    "cmd": "/usr/bin/rsync --delay-updates -F --compress --delete-after --copy-links --archive --rsh=/usr/bin/ssh -S none -o Port=2556 -o StrictHostKeyChecking=no -o UserKnownHostsFile=/dev/null --out-format=<<CHANGED>>%i %n%L /srv/JINSHENG-TIANHE__NginxForward/nginx/html root@192.168.11.126:/usr/local/nginx/", 
    "msg": "", 
    "rc": 0, 
    "stdout_lines": []
}

====================================/srv/JINSHENG-TIANHE__NginxForward/nginx/data====================================192.168.11.127 | SUCCESS => {
    "changed": false, 
    "cmd": "/usr/bin/rsync --delay-updates -F --compress --delete-after --copy-links --archive --rsh=/usr/bin/ssh -S none -o Port=2556 -o StrictHostKeyChecking=no -o UserKnownHostsFile=/dev/null --out-format=<<CHANGED>>%i %n%L /srv/JINSHENG-TIANHE__NginxForward/nginx/data root@192.168.11.127:/usr/local/nginx/", 
    "msg": "", 
    "rc": 0, 
    "stdout_lines": []
}
192.168.11.126 | SUCCESS => {
    "changed": false, 
    "cmd": "/usr/bin/rsync --delay-updates -F --compress --delete-after --copy-links --archive --rsh=/usr/bin/ssh -S none -o Port=2556 -o StrictHostKeyChecking=no -o UserKnownHostsFile=/dev/null --out-format=<<CHANGED>>%i %n%L /srv/JINSHENG-TIANHE__NginxForward/nginx/data root@192.168.11.126:/usr/local/nginx/", 
    "msg": "", 
    "rc": 0, 
    "stdout_lines": []
}

==================================================CLEAR NGINX CACHE==================================================192.168.11.127 | FAILED | rc=1 >>

 check nginx config

NGINX CONFIG ERROR!!!!!!!!!!!!!!!!!!!!!!!!!!!nginx: [emerg] unknown directive "vhost_traffic_status_zone" in /usr/local/nginx/conf/nginx.conf:54
nginx: configuration file /usr/local/nginx/conf/nginx.conf test failednon-zero return code
192.168.11.126 | SUCCESS | rc=0 >>

 check nginx config


 stop nginx 


 Deleting proxy cache...

 Deleted Cache Files...Folders below should be empty.

 Restarting nginx worker process....
root     10635  0.0  0.2 106116  1280 ?        S    11:17   0:00 /bin/bash /bak/bin/clear_nginxcache.sh
root     10642  0.0  4.1 787112 20908 ?        Ss   11:18   0:00 nginx: master process /usr/local/nginx/sbin/nginx
nobody   10644  0.0  4.8 789040 24520 ?        S    11:18   0:00 nginx: worker process      
nobody   10645  0.0  4.8 789040 24520 ?        S    11:18   0:00 nginx: worker process      
nobody   10646  0.0  4.8 789040 24520 ?        S    11:18   0:00 nginx: worker process      
nobody   10647  0.0  4.8 789040 24520 ?        S    11:18   0:00 nginx: worker process      
nobody   10648  0.0  4.2 787112 21340 ?        S    11:18   0:00 nginx: cache manager process
nobody   10649  0.0  4.2 787112 21272 ?        S    11:18   0:00 nginx: cache loader process
root     10651  0.0  0.1 103272   836 ?        S    11:18   0:00 grep nginxnginx: the configuration file /usr/local/nginx/conf/nginx.conf syntax is ok
nginx: configuration file /usr/local/nginx/conf/nginx.conf test is successful
ls: cannot access /tmp/nginx_cache/*: No such file or directory

