===================================/srv/JINSHENG-TIANHE__NginxForward/nginx/conf.d===================================13.75.115.53 | SUCCESS => {
    "changed": false, 
    "cmd": "/usr/bin/rsync --delay-updates -F --compress --delete-after --copy-links --archive --rsh=/usr/bin/ssh -S none -o Port=2556 -o StrictHostKeyChecking=no -o UserKnownHostsFile=/dev/null --out-format=<<CHANGED>>%i %n%L /srv/JINSHENG-TIANHE__NginxForward/nginx/conf.d root@13.75.115.53:/usr/local/nginx/", 
    "msg": "", 
    "rc": 0, 
    "stdout_lines": []
}
13.94.46.10 | SUCCESS => {
    "changed": false, 
    "cmd": "/usr/bin/rsync --delay-updates -F --compress --delete-after --copy-links --archive --rsh=/usr/bin/ssh -S none -o Port=2556 -o StrictHostKeyChecking=no -o UserKnownHostsFile=/dev/null --out-format=<<CHANGED>>%i %n%L /srv/JINSHENG-TIANHE__NginxForward/nginx/conf.d root@13.94.46.10:/usr/local/nginx/", 
    "msg": "", 
    "rc": 0, 
    "stdout_lines": []
}
23.99.123.167 | SUCCESS => {
    "changed": false, 
    "cmd": "/usr/bin/rsync --delay-updates -F --compress --delete-after --copy-links --archive --rsh=/usr/bin/ssh -S none -o Port=2556 -o StrictHostKeyChecking=no -o UserKnownHostsFile=/dev/null --out-format=<<CHANGED>>%i %n%L /srv/JINSHENG-TIANHE__NginxForward/nginx/conf.d root@23.99.123.167:/usr/local/nginx/", 
    "msg": "", 
    "rc": 0, 
    "stdout_lines": []
}
119.81.239.181 | SUCCESS => {
    "changed": false, 
    "cmd": "/usr/bin/rsync --delay-updates -F --compress --delete-after --copy-links --archive --rsh=/usr/bin/ssh -S none -o Port=2556 -o StrictHostKeyChecking=no -o UserKnownHostsFile=/dev/null --out-format=<<CHANGED>>%i %n%L /srv/JINSHENG-TIANHE__NginxForward/nginx/conf.d root@119.81.239.181:/usr/local/nginx/", 
    "msg": "", 
    "rc": 0, 
    "stdout_lines": []
}
52.193.114.82 | SUCCESS => {
    "changed": false, 
    "cmd": "/usr/bin/rsync --delay-updates -F --compress --delete-after --copy-links --archive --rsh=/usr/bin/ssh -S none -o Port=2556 -o StrictHostKeyChecking=no -o UserKnownHostsFile=/dev/null --out-format=<<CHANGED>>%i %n%L /srv/JINSHENG-TIANHE__NginxForward/nginx/conf.d root@52.193.114.82:/usr/local/nginx/", 
    "msg": "", 
    "rc": 0, 
    "stdout_lines": []
}

====================================/srv/JINSHENG-TIANHE__NginxForward/nginx/conf====================================13.75.115.53 | SUCCESS => {
    "changed": false, 
    "cmd": "/usr/bin/rsync --delay-updates -F --compress --delete-after --copy-links --archive --rsh=/usr/bin/ssh -S none -o Port=2556 -o StrictHostKeyChecking=no -o UserKnownHostsFile=/dev/null --out-format=<<CHANGED>>%i %n%L /srv/JINSHENG-TIANHE__NginxForward/nginx/conf root@13.75.115.53:/usr/local/nginx/", 
    "msg": "", 
    "rc": 0, 
    "stdout_lines": []
}
23.99.123.167 | SUCCESS => {
    "changed": true, 
    "cmd": "/usr/bin/rsync --delay-updates -F --compress --delete-after --copy-links --archive --rsh=/usr/bin/ssh -S none -o Port=2556 -o StrictHostKeyChecking=no -o UserKnownHostsFile=/dev/null --out-format=<<CHANGED>>%i %n%L /srv/JINSHENG-TIANHE__NginxForward/nginx/conf root@23.99.123.167:/usr/local/nginx/", 
    "msg": ".d..t...... conf/\n<f+++++++++ conf/fastcgi.conf\n<f+++++++++ conf/fastcgi.conf.default\n<f+++++++++ conf/fastcgi_params\n<f+++++++++ conf/fastcgi_params.default\n<f+++++++++ conf/koi-utf\n<f+++++++++ conf/koi-win\n<f..t...... conf/mime.types\n<f+++++++++ conf/mime.types.default\n<f.st...... conf/nginx.conf\n<f+++++++++ conf/nginx.conf.default\n<f+++++++++ conf/scgi_params\n<f+++++++++ conf/scgi_params.default\n<f+++++++++ conf/uwsgi_params\n<f+++++++++ conf/uwsgi_params.default\n<f+++++++++ conf/win-utf\n", 
    "rc": 0, 
    "stdout_lines": [
        ".d..t...... conf/", 
        "<f+++++++++ conf/fastcgi.conf", 
        "<f+++++++++ conf/fastcgi.conf.default", 
        "<f+++++++++ conf/fastcgi_params", 
        "<f+++++++++ conf/fastcgi_params.default", 
        "<f+++++++++ conf/koi-utf", 
        "<f+++++++++ conf/koi-win", 
        "<f..t...... conf/mime.types", 
        "<f+++++++++ conf/mime.types.default", 
        "<f.st...... conf/nginx.conf", 
        "<f+++++++++ conf/nginx.conf.default", 
        "<f+++++++++ conf/scgi_params", 
        "<f+++++++++ conf/scgi_params.default", 
        "<f+++++++++ conf/uwsgi_params", 
        "<f+++++++++ conf/uwsgi_params.default", 
        "<f+++++++++ conf/win-utf"
    ]
}
13.94.46.10 | SUCCESS => {
    "changed": false, 
    "cmd": "/usr/bin/rsync --delay-updates -F --compress --delete-after --copy-links --archive --rsh=/usr/bin/ssh -S none -o Port=2556 -o StrictHostKeyChecking=no -o UserKnownHostsFile=/dev/null --out-format=<<CHANGED>>%i %n%L /srv/JINSHENG-TIANHE__NginxForward/nginx/conf root@13.94.46.10:/usr/local/nginx/", 
    "msg": "", 
    "rc": 0, 
    "stdout_lines": []
}
119.81.239.181 | SUCCESS => {
    "changed": true, 
    "cmd": "/usr/bin/rsync --delay-updates -F --compress --delete-after --copy-links --archive --rsh=/usr/bin/ssh -S none -o Port=2556 -o StrictHostKeyChecking=no -o UserKnownHostsFile=/dev/null --out-format=<<CHANGED>>%i %n%L /srv/JINSHENG-TIANHE__NginxForward/nginx/conf root@119.81.239.181:/usr/local/nginx/", 
    "msg": ".d..t...... conf/\n<f+++++++++ conf/fastcgi.conf\n<f+++++++++ conf/fastcgi.conf.default\n<f+++++++++ conf/fastcgi_params\n<f+++++++++ conf/fastcgi_params.default\n<f+++++++++ conf/koi-utf\n<f+++++++++ conf/koi-win\n<f..t...... conf/mime.types\n<f+++++++++ conf/mime.types.default\n<f.st...... conf/nginx.conf\n<f+++++++++ conf/nginx.conf.default\n<f+++++++++ conf/scgi_params\n<f+++++++++ conf/scgi_params.default\n<f+++++++++ conf/uwsgi_params\n<f+++++++++ conf/uwsgi_params.default\n<f+++++++++ conf/win-utf\n", 
    "rc": 0, 
    "stdout_lines": [
        ".d..t...... conf/", 
        "<f+++++++++ conf/fastcgi.conf", 
        "<f+++++++++ conf/fastcgi.conf.default", 
        "<f+++++++++ conf/fastcgi_params", 
        "<f+++++++++ conf/fastcgi_params.default", 
        "<f+++++++++ conf/koi-utf", 
        "<f+++++++++ conf/koi-win", 
        "<f..t...... conf/mime.types", 
        "<f+++++++++ conf/mime.types.default", 
        "<f.st...... conf/nginx.conf", 
        "<f+++++++++ conf/nginx.conf.default", 
        "<f+++++++++ conf/scgi_params", 
        "<f+++++++++ conf/scgi_params.default", 
        "<f+++++++++ conf/uwsgi_params", 
        "<f+++++++++ conf/uwsgi_params.default", 
        "<f+++++++++ conf/win-utf"
    ]
}
52.193.114.82 | SUCCESS => {
    "changed": false, 
    "cmd": "/usr/bin/rsync --delay-updates -F --compress --delete-after --copy-links --archive --rsh=/usr/bin/ssh -S none -o Port=2556 -o StrictHostKeyChecking=no -o UserKnownHostsFile=/dev/null --out-format=<<CHANGED>>%i %n%L /srv/JINSHENG-TIANHE__NginxForward/nginx/conf root@52.193.114.82:/usr/local/nginx/", 
    "msg": "", 
    "rc": 0, 
    "stdout_lines": []
}

====================================/srv/JINSHENG-TIANHE__NginxForward/nginx/html====================================13.94.46.10 | SUCCESS => {
    "changed": false, 
    "cmd": "/usr/bin/rsync --delay-updates -F --compress --delete-after --copy-links --archive --rsh=/usr/bin/ssh -S none -o Port=2556 -o StrictHostKeyChecking=no -o UserKnownHostsFile=/dev/null --out-format=<<CHANGED>>%i %n%L /srv/JINSHENG-TIANHE__NginxForward/nginx/html root@13.94.46.10:/usr/local/nginx/", 
    "msg": "", 
    "rc": 0, 
    "stdout_lines": []
}
13.75.115.53 | SUCCESS => {
    "changed": false, 
    "cmd": "/usr/bin/rsync --delay-updates -F --compress --delete-after --copy-links --archive --rsh=/usr/bin/ssh -S none -o Port=2556 -o StrictHostKeyChecking=no -o UserKnownHostsFile=/dev/null --out-format=<<CHANGED>>%i %n%L /srv/JINSHENG-TIANHE__NginxForward/nginx/html root@13.75.115.53:/usr/local/nginx/", 
    "msg": "", 
    "rc": 0, 
    "stdout_lines": []
}
119.81.239.181 | SUCCESS => {
    "changed": true, 
    "cmd": "/usr/bin/rsync --delay-updates -F --compress --delete-after --copy-links --archive --rsh=/usr/bin/ssh -S none -o Port=2556 -o StrictHostKeyChecking=no -o UserKnownHostsFile=/dev/null --out-format=<<CHANGED>>%i %n%L /srv/JINSHENG-TIANHE__NginxForward/nginx/html root@119.81.239.181:/usr/local/nginx/", 
    "msg": ".d..t...... html/\n<f..tp..... html/GeoIP-106_20160719.dat\n<f..tp..... html/blockmsg.html\n<f..tp..... html/red-map.jpg\n.d..t...... html/GeoIP-106_20161011/\n<f..tp..... html/GeoIP-106_20161011/COPYRIGHT.txt\n<f..tp..... html/GeoIP-106_20161011/GeoIP-106_20161011.dat\n<f..tp..... html/GeoIP-106_20161011/INSTALL.txt\n<f..tp..... html/GeoIP-106_20161011/LICENSE.txt\n.d..t...... html/GeoIP-106_20171017/\n<f..tp..... html/GeoIP-106_20171017/COPYRIGHT.txt\n<f..tp..... html/GeoIP-106_20171017/GeoIP-106_20171017.dat\n<f..tp..... html/GeoIP-106_20171017/INSTALL.txt\n<f..tp..... html/GeoIP-106_20171017/LICENSE.txt\n.d..t...... html/jiabodaili/\n.d..t...... html/jiabodaili/jiabodaili11.jiabo886.com/\n<f..tp..... html/jiabodaili/jiabodaili11.jiabo886.com/index.html\n.d..t...... html/jiabodaili/jiabodaili12.jiabo1.com/\n<f..tp..... html/jiabodaili/jiabodaili12.jiabo1.com/index.html\n.d..t...... html/jiabodaili/jiabodaili13.jiabo2.com/\n<f..tp..... html/jiabodaili/jiabodaili13.jiabo2.com/index.html\n.d..t...... html/jiabodaili/jiabodaili14.jiabo3.com/\n<f..tp..... html/jiabodaili/jiabodaili14.jiabo3.com/index.html\n.d..t...... html/jiabodaili/jiabodaili15.jiabo4.com/\n<f..tp..... html/jiabodaili/jiabodaili15.jiabo4.com/index.html\n.d..t...... html/jiabodaili/jiabodaili3.jiabo18.net/\n<f..tp..... html/jiabodaili/jiabodaili3.jiabo18.net/index.html\n.d..t...... html/jiabodaili/jiabodaili4.jiabo18.com/\n<f..tp..... html/jiabodaili/jiabodaili4.jiabo18.com/index.html\n.d..t...... html/jiabodaili/jiabodaili5.jiabo588.net/\n<f..tp..... html/jiabodaili/jiabodaili5.jiabo588.net/index.html\n.d..t...... html/jiabodaili/jiabodaili6.jiabo988.com/\n<f..tp..... html/jiabodaili/jiabodaili6.jiabo988.com/index.html\n.d..t...... html/jiabodaili/jiabodaili7.jiabo988.net/\n<f..tp..... html/jiabodaili/jiabodaili7.jiabo988.net/index.html\n.d..t...... html/jiabodaili/jiabodaili9.jiabo588.com/\n<f..tp..... html/jiabodaili/jiabodaili9.jiabo588.com/index.html\n.d..t...... html/test/\n<f..tp..... html/test/big\n<f..tp..... html/test/small\n*deleting   html/test/small.txt\n*deleting   html/test/big.txt\n", 
    "rc": 0, 
    "stdout_lines": [
        ".d..t...... html/", 
        "<f..tp..... html/GeoIP-106_20160719.dat", 
        "<f..tp..... html/blockmsg.html", 
        "<f..tp..... html/red-map.jpg", 
        ".d..t...... html/GeoIP-106_20161011/", 
        "<f..tp..... html/GeoIP-106_20161011/COPYRIGHT.txt", 
        "<f..tp..... html/GeoIP-106_20161011/GeoIP-106_20161011.dat", 
        "<f..tp..... html/GeoIP-106_20161011/INSTALL.txt", 
        "<f..tp..... html/GeoIP-106_20161011/LICENSE.txt", 
        ".d..t...... html/GeoIP-106_20171017/", 
        "<f..tp..... html/GeoIP-106_20171017/COPYRIGHT.txt", 
        "<f..tp..... html/GeoIP-106_20171017/GeoIP-106_20171017.dat", 
        "<f..tp..... html/GeoIP-106_20171017/INSTALL.txt", 
        "<f..tp..... html/GeoIP-106_20171017/LICENSE.txt", 
        ".d..t...... html/jiabodaili/", 
        ".d..t...... html/jiabodaili/jiabodaili11.jiabo886.com/", 
        "<f..tp..... html/jiabodaili/jiabodaili11.jiabo886.com/index.html", 
        ".d..t...... html/jiabodaili/jiabodaili12.jiabo1.com/", 
        "<f..tp..... html/jiabodaili/jiabodaili12.jiabo1.com/index.html", 
        ".d..t...... html/jiabodaili/jiabodaili13.jiabo2.com/", 
        "<f..tp..... html/jiabodaili/jiabodaili13.jiabo2.com/index.html", 
        ".d..t...... html/jiabodaili/jiabodaili14.jiabo3.com/", 
        "<f..tp..... html/jiabodaili/jiabodaili14.jiabo3.com/index.html", 
        ".d..t...... html/jiabodaili/jiabodaili15.jiabo4.com/", 
        "<f..tp..... html/jiabodaili/jiabodaili15.jiabo4.com/index.html", 
        ".d..t...... html/jiabodaili/jiabodaili3.jiabo18.net/", 
        "<f..tp..... html/jiabodaili/jiabodaili3.jiabo18.net/index.html", 
        ".d..t...... html/jiabodaili/jiabodaili4.jiabo18.com/", 
        "<f..tp..... html/jiabodaili/jiabodaili4.jiabo18.com/index.html", 
        ".d..t...... html/jiabodaili/jiabodaili5.jiabo588.net/", 
        "<f..tp..... html/jiabodaili/jiabodaili5.jiabo588.net/index.html", 
        ".d..t...... html/jiabodaili/jiabodaili6.jiabo988.com/", 
        "<f..tp..... html/jiabodaili/jiabodaili6.jiabo988.com/index.html", 
        ".d..t...... html/jiabodaili/jiabodaili7.jiabo988.net/", 
        "<f..tp..... html/jiabodaili/jiabodaili7.jiabo988.net/index.html", 
        ".d..t...... html/jiabodaili/jiabodaili9.jiabo588.com/", 
        "<f..tp..... html/jiabodaili/jiabodaili9.jiabo588.com/index.html", 
        ".d..t...... html/test/", 
        "<f..tp..... html/test/big", 
        "<f..tp..... html/test/small", 
        "*deleting   html/test/small.txt", 
        "*deleting   html/test/big.txt"
    ]
}
23.99.123.167 | SUCCESS => {
    "changed": true, 
    "cmd": "/usr/bin/rsync --delay-updates -F --compress --delete-after --copy-links --archive --rsh=/usr/bin/ssh -S none -o Port=2556 -o StrictHostKeyChecking=no -o UserKnownHostsFile=/dev/null --out-format=<<CHANGED>>%i %n%L /srv/JINSHENG-TIANHE__NginxForward/nginx/html root@23.99.123.167:/usr/local/nginx/", 
    "msg": ".d..t...... html/\n<f..tp..... html/GeoIP-106_20160719.dat\n<f..tp..... html/blockmsg.html\n<f..tp..... html/red-map.jpg\n.d..t...... html/GeoIP-106_20161011/\n<f..tp..... html/GeoIP-106_20161011/COPYRIGHT.txt\n<f..tp..... html/GeoIP-106_20161011/GeoIP-106_20161011.dat\n<f..tp..... html/GeoIP-106_20161011/INSTALL.txt\n<f..tp..... html/GeoIP-106_20161011/LICENSE.txt\n.d..t...... html/GeoIP-106_20171017/\n<f..tp..... html/GeoIP-106_20171017/COPYRIGHT.txt\n<f..tp..... html/GeoIP-106_20171017/GeoIP-106_20171017.dat\n<f..tp..... html/GeoIP-106_20171017/INSTALL.txt\n<f..tp..... html/GeoIP-106_20171017/LICENSE.txt\n.d..t...... html/jiabodaili/\n.d..t...... html/jiabodaili/jiabodaili11.jiabo886.com/\n<f..tp..... html/jiabodaili/jiabodaili11.jiabo886.com/index.html\n.d..t...... html/jiabodaili/jiabodaili12.jiabo1.com/\n<f..tp..... html/jiabodaili/jiabodaili12.jiabo1.com/index.html\n.d..t...... html/jiabodaili/jiabodaili13.jiabo2.com/\n<f..tp..... html/jiabodaili/jiabodaili13.jiabo2.com/index.html\n.d..t...... html/jiabodaili/jiabodaili14.jiabo3.com/\n<f..tp..... html/jiabodaili/jiabodaili14.jiabo3.com/index.html\n.d..t...... html/jiabodaili/jiabodaili15.jiabo4.com/\n<f..tp..... html/jiabodaili/jiabodaili15.jiabo4.com/index.html\n.d..t...... html/jiabodaili/jiabodaili3.jiabo18.net/\n<f..tp..... html/jiabodaili/jiabodaili3.jiabo18.net/index.html\n.d..t...... html/jiabodaili/jiabodaili4.jiabo18.com/\n<f..tp..... html/jiabodaili/jiabodaili4.jiabo18.com/index.html\n.d..t...... html/jiabodaili/jiabodaili5.jiabo588.net/\n<f..tp..... html/jiabodaili/jiabodaili5.jiabo588.net/index.html\n.d..t...... html/jiabodaili/jiabodaili6.jiabo988.com/\n<f..tp..... html/jiabodaili/jiabodaili6.jiabo988.com/index.html\n.d..t...... html/jiabodaili/jiabodaili7.jiabo988.net/\n<f..tp..... html/jiabodaili/jiabodaili7.jiabo988.net/index.html\n.d..t...... html/jiabodaili/jiabodaili9.jiabo588.com/\n<f..tp..... html/jiabodaili/jiabodaili9.jiabo588.com/index.html\n.d..t...... html/test/\n<f..tp..... html/test/big\n<f..tp..... html/test/small\n", 
    "rc": 0, 
    "stdout_lines": [
        ".d..t...... html/", 
        "<f..tp..... html/GeoIP-106_20160719.dat", 
        "<f..tp..... html/blockmsg.html", 
        "<f..tp..... html/red-map.jpg", 
        ".d..t...... html/GeoIP-106_20161011/", 
        "<f..tp..... html/GeoIP-106_20161011/COPYRIGHT.txt", 
        "<f..tp..... html/GeoIP-106_20161011/GeoIP-106_20161011.dat", 
        "<f..tp..... html/GeoIP-106_20161011/INSTALL.txt", 
        "<f..tp..... html/GeoIP-106_20161011/LICENSE.txt", 
        ".d..t...... html/GeoIP-106_20171017/", 
        "<f..tp..... html/GeoIP-106_20171017/COPYRIGHT.txt", 
        "<f..tp..... html/GeoIP-106_20171017/GeoIP-106_20171017.dat", 
        "<f..tp..... html/GeoIP-106_20171017/INSTALL.txt", 
        "<f..tp..... html/GeoIP-106_20171017/LICENSE.txt", 
        ".d..t...... html/jiabodaili/", 
        ".d..t...... html/jiabodaili/jiabodaili11.jiabo886.com/", 
        "<f..tp..... html/jiabodaili/jiabodaili11.jiabo886.com/index.html", 
        ".d..t...... html/jiabodaili/jiabodaili12.jiabo1.com/", 
        "<f..tp..... html/jiabodaili/jiabodaili12.jiabo1.com/index.html", 
        ".d..t...... html/jiabodaili/jiabodaili13.jiabo2.com/", 
        "<f..tp..... html/jiabodaili/jiabodaili13.jiabo2.com/index.html", 
        ".d..t...... html/jiabodaili/jiabodaili14.jiabo3.com/", 
        "<f..tp..... html/jiabodaili/jiabodaili14.jiabo3.com/index.html", 
        ".d..t...... html/jiabodaili/jiabodaili15.jiabo4.com/", 
        "<f..tp..... html/jiabodaili/jiabodaili15.jiabo4.com/index.html", 
        ".d..t...... html/jiabodaili/jiabodaili3.jiabo18.net/", 
        "<f..tp..... html/jiabodaili/jiabodaili3.jiabo18.net/index.html", 
        ".d..t...... html/jiabodaili/jiabodaili4.jiabo18.com/", 
        "<f..tp..... html/jiabodaili/jiabodaili4.jiabo18.com/index.html", 
        ".d..t...... html/jiabodaili/jiabodaili5.jiabo588.net/", 
        "<f..tp..... html/jiabodaili/jiabodaili5.jiabo588.net/index.html", 
        ".d..t...... html/jiabodaili/jiabodaili6.jiabo988.com/", 
        "<f..tp..... html/jiabodaili/jiabodaili6.jiabo988.com/index.html", 
        ".d..t...... html/jiabodaili/jiabodaili7.jiabo988.net/", 
        "<f..tp..... html/jiabodaili/jiabodaili7.jiabo988.net/index.html", 
        ".d..t...... html/jiabodaili/jiabodaili9.jiabo588.com/", 
        "<f..tp..... html/jiabodaili/jiabodaili9.jiabo588.com/index.html", 
        ".d..t...... html/test/", 
        "<f..tp..... html/test/big", 
        "<f..tp..... html/test/small"
    ]
}
52.193.114.82 | SUCCESS => {
    "changed": false, 
    "cmd": "/usr/bin/rsync --delay-updates -F --compress --delete-after --copy-links --archive --rsh=/usr/bin/ssh -S none -o Port=2556 -o StrictHostKeyChecking=no -o UserKnownHostsFile=/dev/null --out-format=<<CHANGED>>%i %n%L /srv/JINSHENG-TIANHE__NginxForward/nginx/html root@52.193.114.82:/usr/local/nginx/", 
    "msg": "", 
    "rc": 0, 
    "stdout_lines": []
}

====================================/srv/JINSHENG-TIANHE__NginxForward/nginx/data====================================13.75.115.53 | SUCCESS => {
    "changed": false, 
    "cmd": "/usr/bin/rsync --delay-updates -F --compress --delete-after --copy-links --archive --rsh=/usr/bin/ssh -S none -o Port=2556 -o StrictHostKeyChecking=no -o UserKnownHostsFile=/dev/null --out-format=<<CHANGED>>%i %n%L /srv/JINSHENG-TIANHE__NginxForward/nginx/data root@13.75.115.53:/usr/local/nginx/", 
    "msg": "", 
    "rc": 0, 
    "stdout_lines": []
}
13.94.46.10 | SUCCESS => {
    "changed": false, 
    "cmd": "/usr/bin/rsync --delay-updates -F --compress --delete-after --copy-links --archive --rsh=/usr/bin/ssh -S none -o Port=2556 -o StrictHostKeyChecking=no -o UserKnownHostsFile=/dev/null --out-format=<<CHANGED>>%i %n%L /srv/JINSHENG-TIANHE__NginxForward/nginx/data root@13.94.46.10:/usr/local/nginx/", 
    "msg": "", 
    "rc": 0, 
    "stdout_lines": []
}
52.193.114.82 | SUCCESS => {
    "changed": false, 
    "cmd": "/usr/bin/rsync --delay-updates -F --compress --delete-after --copy-links --archive --rsh=/usr/bin/ssh -S none -o Port=2556 -o StrictHostKeyChecking=no -o UserKnownHostsFile=/dev/null --out-format=<<CHANGED>>%i %n%L /srv/JINSHENG-TIANHE__NginxForward/nginx/data root@52.193.114.82:/usr/local/nginx/", 
    "msg": "", 
    "rc": 0, 
    "stdout_lines": []
}
119.81.239.181 | SUCCESS => {
    "changed": true, 
    "cmd": "/usr/bin/rsync --delay-updates -F --compress --delete-after --copy-links --archive --rsh=/usr/bin/ssh -S none -o Port=2556 -o StrictHostKeyChecking=no -o UserKnownHostsFile=/dev/null --out-format=<<CHANGED>>%i %n%L /srv/JINSHENG-TIANHE__NginxForward/nginx/data root@119.81.239.181:/usr/local/nginx/", 
    "msg": "cd+++++++++ data/\n<f+++++++++ data/GeoIP-106_20171017.dat\n", 
    "rc": 0, 
    "stdout_lines": [
        "cd+++++++++ data/", 
        "<f+++++++++ data/GeoIP-106_20171017.dat"
    ]
}
23.99.123.167 | SUCCESS => {
    "changed": true, 
    "cmd": "/usr/bin/rsync --delay-updates -F --compress --delete-after --copy-links --archive --rsh=/usr/bin/ssh -S none -o Port=2556 -o StrictHostKeyChecking=no -o UserKnownHostsFile=/dev/null --out-format=<<CHANGED>>%i %n%L /srv/JINSHENG-TIANHE__NginxForward/nginx/data root@23.99.123.167:/usr/local/nginx/", 
    "msg": "cd+++++++++ data/\n<f+++++++++ data/GeoIP-106_20171017.dat\n", 
    "rc": 0, 
    "stdout_lines": [
        "cd+++++++++ data/", 
        "<f+++++++++ data/GeoIP-106_20171017.dat"
    ]
}

==================================================CLEAR NGINX CACHE==================================================119.81.239.181 | SUCCESS | rc=0 >>

 check nginx config


 stop nginx 


 Deleting proxy cache...

 Deleted Cache Files...Folders below should be empty.

 Restarting nginx worker process....
root     19217  1.0  0.0 106120  1280 ?        S    16:10   0:00 /bin/bash /bak/bin/clear_nginxcache.sh
root     19229  1.6  0.5 786140 20696 ?        Ss   16:10   0:00 nginx: master process /usr/local/nginx/sbin/nginx
nobody   19231  0.0  0.5 788068 24404 ?        S    16:10   0:00 nginx: worker process      
nobody   19232  0.0  0.5 788068 24404 ?        S    16:10   0:00 nginx: worker process      
nobody   19233  0.0  0.5 788068 24404 ?        S    16:10   0:00 nginx: worker process      
nobody   19234  0.0  0.5 788068 24404 ?        S    16:10   0:00 nginx: worker process      
nobody   19235  0.0  0.5 786140 21204 ?        S    16:10   0:00 nginx: cache manager process
nobody   19236  0.0  0.5 786140 21076 ?        S    16:10   0:00 nginx: cache loader process
root     19238  0.0  0.0 103328   840 ?        S    16:10   0:00 grep nginxnginx: the configuration file /usr/local/nginx/conf/nginx.conf syntax is ok
nginx: configuration file /usr/local/nginx/conf/nginx.conf test is successful
ls: cannot access /tmp/nginx_cache/*: No such file or directory
13.75.115.53 | SUCCESS | rc=0 >>

 check nginx config


 stop nginx 


 Deleting proxy cache...

 Deleted Cache Files...Folders below should be empty.

 Restarting nginx worker process....
root      19223  0.0  0.0 106112  1284 ?        S    16:10   0:00 /bin/bash /bak/bin/clear_nginxcache.sh
root      19230  0.0  0.5 786604 20712 ?        Ss   16:10   0:00 nginx: master process /usr/local/nginx/sbin/nginx
nobody    19231  0.0  0.6 788532 24348 ?        S    16:10   0:00 nginx: worker process      
nobody    19232  0.0  0.6 788532 24348 ?        S    16:10   0:00 nginx: worker process      
nobody    19234  0.0  0.6 788532 24348 ?        S    16:10   0:00 nginx: worker process      
nobody    19235  0.0  0.6 788532 24348 ?        S    16:10   0:00 nginx: worker process      
nobody    19236  0.0  0.6 786604 21148 ?        S    16:10   0:00 nginx: cache manager process
nobody    19237  0.0  0.5 786604 21092 ?        S    16:10   0:00 nginx: cache loader process
root      19239  0.0  0.0 103264   832 ?        S    16:10   0:00 grep nginxnginx: the configuration file /usr/local/nginx/conf/nginx.conf syntax is ok
nginx: configuration file /usr/local/nginx/conf/nginx.conf test is successful
ls: cannot access /tmp/nginx_cache/*: No such file or directory
52.193.114.82 | SUCCESS | rc=0 >>

 check nginx config


 stop nginx 


 Deleting proxy cache...

 Deleted Cache Files...Folders below should be empty.

 Restarting nginx worker process....
root     32412  0.6  0.0 106084  1424 ?        S    16:10   0:00 /bin/bash /bak/bin/clear_nginxcache.sh
root     32419  2.0  0.1 786140 20756 ?        Ss   16:10   0:00 nginx: master process /usr/local/nginx/sbin/nginx
nobody   32421  0.0  0.1 788068 24392 ?        S    16:10   0:00 nginx: worker process      
nobody   32422  0.5  0.1 788068 24392 ?        S    16:10   0:00 nginx: worker process      
nobody   32423  0.0  0.1 788068 24392 ?        S    16:10   0:00 nginx: worker process      
nobody   32424  0.5  0.1 788068 24392 ?        S    16:10   0:00 nginx: worker process      
nobody   32425  0.0  0.1 786140 21192 ?        S    16:10   0:00 nginx: cache manager process
nobody   32426  0.0  0.1 786140 21136 ?        S    16:10   0:00 nginx: cache loader process
root     32428  0.0  0.0 103328   892 ?        S    16:10   0:00 grep nginxnginx: the configuration file /usr/local/nginx/conf/nginx.conf syntax is ok
nginx: configuration file /usr/local/nginx/conf/nginx.conf test is successful
ls: cannot access /tmp/nginx_cache/*: No such file or directory
23.99.123.167 | SUCCESS | rc=0 >>

 check nginx config


 stop nginx 


 Deleting proxy cache...

 Deleted Cache Files...Folders below should be empty.

 Restarting nginx worker process....
root      13243  0.0  0.0 106116  1248 ?        S    16:10   0:00 /bin/bash /bak/bin/clear_nginxcache.sh
root      13251  0.0  0.5 786144 20700 ?        Ss   16:10   0:00 nginx: master process /usr/local/nginx/sbin/nginx
nobody    13252  0.0  0.6 788072 24328 ?        S    16:10   0:00 nginx: worker process      
nobody    13253  0.0  0.6 788072 24328 ?        S    16:10   0:00 nginx: worker process      
nobody    13255  0.0  0.6 788072 24328 ?        S    16:10   0:00 nginx: worker process      
nobody    13256  0.0  0.6 788072 24328 ?        S    16:10   0:00 nginx: worker process      
nobody    13257  0.0  0.5 786144 21128 ?        S    16:10   0:00 nginx: cache manager process
nobody    13258  0.0  0.5 786144 21072 ?        S    16:10   0:00 nginx: cache loader process
root      13260  0.0  0.0 103324   820 ?        S    16:10   0:00 grep nginxnginx: the configuration file /usr/local/nginx/conf/nginx.conf syntax is ok
nginx: configuration file /usr/local/nginx/conf/nginx.conf test is successful
ls: cannot access /tmp/nginx_cache/*: No such file or directory
13.94.46.10 | SUCCESS | rc=0 >>

 check nginx config


 stop nginx 


 Deleting proxy cache...

 Deleted Cache Files...Folders below should be empty.

 Restarting nginx worker process....
root      38737  0.0  0.0 106112  1280 ?        S    16:10   0:00 /bin/bash /bak/bin/clear_nginxcache.sh
root      38744  0.0  0.5 786604 20712 ?        Ss   16:10   0:00 nginx: master process /usr/local/nginx/sbin/nginx
nobody    38745  0.0  0.6 788532 24348 ?        S    16:10   0:00 nginx: worker process      
nobody    38747  0.0  0.6 788532 24348 ?        S    16:10   0:00 nginx: worker process      
nobody    38748  0.0  0.6 788532 24348 ?        S    16:10   0:00 nginx: worker process      
nobody    38749  0.0  0.6 788532 24348 ?        S    16:10   0:00 nginx: worker process      
nobody    38750  0.0  0.6 786604 21148 ?        S    16:10   0:00 nginx: cache manager process
nobody    38751  0.0  0.5 786604 21092 ?        S    16:10   0:00 nginx: cache loader process
root      38753  0.0  0.0 103264   832 ?        S    16:10   0:00 grep nginxnginx: the configuration file /usr/local/nginx/conf/nginx.conf syntax is ok
nginx: configuration file /usr/local/nginx/conf/nginx.conf test is successful
ls: cannot access /tmp/nginx_cache/*: No such file or directory

