===================================/srv/JINSHENG-TIANHE__NginxForward/nginx/conf.d===================================13.94.46.10 | SUCCESS => {
    "changed": false, 
    "cmd": "/usr/bin/rsync --delay-updates -F --compress --delete-after --copy-links --archive --rsh=/usr/bin/ssh -S none -o Port=2556 -o StrictHostKeyChecking=no -o UserKnownHostsFile=/dev/null --out-format=<<CHANGED>>%i %n%L /srv/JINSHENG-TIANHE__NginxForward/nginx/conf.d root@13.94.46.10:/usr/local/nginx/", 
    "msg": "", 
    "rc": 0, 
    "stdout_lines": []
}
23.99.123.167 | SUCCESS => {
    "changed": false, 
    "cmd": "/usr/bin/rsync --delay-updates -F --compress --delete-after --copy-links --archive --rsh=/usr/bin/ssh -S none -o Port=2556 -o StrictHostKeyChecking=no -o UserKnownHostsFile=/dev/null --out-format=<<CHANGED>>%i %n%L /srv/JINSHENG-TIANHE__NginxForward/nginx/conf.d root@23.99.123.167:/usr/local/nginx/", 
    "msg": "", 
    "rc": 0, 
    "stdout_lines": []
}
13.75.115.53 | SUCCESS => {
    "changed": false, 
    "cmd": "/usr/bin/rsync --delay-updates -F --compress --delete-after --copy-links --archive --rsh=/usr/bin/ssh -S none -o Port=2556 -o StrictHostKeyChecking=no -o UserKnownHostsFile=/dev/null --out-format=<<CHANGED>>%i %n%L /srv/JINSHENG-TIANHE__NginxForward/nginx/conf.d root@13.75.115.53:/usr/local/nginx/", 
    "msg": "", 
    "rc": 0, 
    "stdout_lines": []
}
119.81.239.181 | SUCCESS => {
    "changed": false, 
    "cmd": "/usr/bin/rsync --delay-updates -F --compress --delete-after --copy-links --archive --rsh=/usr/bin/ssh -S none -o Port=2556 -o StrictHostKeyChecking=no -o UserKnownHostsFile=/dev/null --out-format=<<CHANGED>>%i %n%L /srv/JINSHENG-TIANHE__NginxForward/nginx/conf.d root@119.81.239.181:/usr/local/nginx/", 
    "msg": "", 
    "rc": 0, 
    "stdout_lines": []
}
119.9.108.232 | SUCCESS => {
    "changed": false, 
    "cmd": "/usr/bin/rsync --delay-updates -F --compress --delete-after --copy-links --archive --rsh=/usr/bin/ssh -S none -o Port=2556 -o StrictHostKeyChecking=no -o UserKnownHostsFile=/dev/null --out-format=<<CHANGED>>%i %n%L /srv/JINSHENG-TIANHE__NginxForward/nginx/conf.d root@119.9.108.232:/usr/local/nginx/", 
    "msg": "", 
    "rc": 0, 
    "stdout_lines": []
}
52.175.19.240 | SUCCESS => {
    "changed": false, 
    "cmd": "/usr/bin/rsync --delay-updates -F --compress --delete-after --copy-links --archive --rsh=/usr/bin/ssh -S none -o Port=2556 -o StrictHostKeyChecking=no -o UserKnownHostsFile=/dev/null --out-format=<<CHANGED>>%i %n%L /srv/JINSHENG-TIANHE__NginxForward/nginx/conf.d root@52.175.19.240:/usr/local/nginx/", 
    "msg": "", 
    "rc": 0, 
    "stdout_lines": []
}
52.193.114.82 | SUCCESS => {
    "changed": false, 
    "cmd": "/usr/bin/rsync --delay-updates -F --compress --delete-after --copy-links --archive --rsh=/usr/bin/ssh -S none -o Port=2556 -o StrictHostKeyChecking=no -o UserKnownHostsFile=/dev/null --out-format=<<CHANGED>>%i %n%L /srv/JINSHENG-TIANHE__NginxForward/nginx/conf.d root@52.193.114.82:/usr/local/nginx/", 
    "msg": "", 
    "rc": 0, 
    "stdout_lines": []
}

====================================/srv/JINSHENG-TIANHE__NginxForward/nginx/conf====================================23.99.123.167 | SUCCESS => {
    "changed": false, 
    "cmd": "/usr/bin/rsync --delay-updates -F --compress --delete-after --copy-links --archive --rsh=/usr/bin/ssh -S none -o Port=2556 -o StrictHostKeyChecking=no -o UserKnownHostsFile=/dev/null --out-format=<<CHANGED>>%i %n%L /srv/JINSHENG-TIANHE__NginxForward/nginx/conf root@23.99.123.167:/usr/local/nginx/", 
    "msg": "", 
    "rc": 0, 
    "stdout_lines": []
}
13.75.115.53 | SUCCESS => {
    "changed": false, 
    "cmd": "/usr/bin/rsync --delay-updates -F --compress --delete-after --copy-links --archive --rsh=/usr/bin/ssh -S none -o Port=2556 -o StrictHostKeyChecking=no -o UserKnownHostsFile=/dev/null --out-format=<<CHANGED>>%i %n%L /srv/JINSHENG-TIANHE__NginxForward/nginx/conf root@13.75.115.53:/usr/local/nginx/", 
    "msg": "", 
    "rc": 0, 
    "stdout_lines": []
}
13.94.46.10 | SUCCESS => {
    "changed": false, 
    "cmd": "/usr/bin/rsync --delay-updates -F --compress --delete-after --copy-links --archive --rsh=/usr/bin/ssh -S none -o Port=2556 -o StrictHostKeyChecking=no -o UserKnownHostsFile=/dev/null --out-format=<<CHANGED>>%i %n%L /srv/JINSHENG-TIANHE__NginxForward/nginx/conf root@13.94.46.10:/usr/local/nginx/", 
    "msg": "", 
    "rc": 0, 
    "stdout_lines": []
}
119.81.239.181 | SUCCESS => {
    "changed": false, 
    "cmd": "/usr/bin/rsync --delay-updates -F --compress --delete-after --copy-links --archive --rsh=/usr/bin/ssh -S none -o Port=2556 -o StrictHostKeyChecking=no -o UserKnownHostsFile=/dev/null --out-format=<<CHANGED>>%i %n%L /srv/JINSHENG-TIANHE__NginxForward/nginx/conf root@119.81.239.181:/usr/local/nginx/", 
    "msg": "", 
    "rc": 0, 
    "stdout_lines": []
}
119.9.108.232 | SUCCESS => {
    "changed": true, 
    "cmd": "/usr/bin/rsync --delay-updates -F --compress --delete-after --copy-links --archive --rsh=/usr/bin/ssh -S none -o Port=2556 -o StrictHostKeyChecking=no -o UserKnownHostsFile=/dev/null --out-format=<<CHANGED>>%i %n%L /srv/JINSHENG-TIANHE__NginxForward/nginx/conf root@119.9.108.232:/usr/local/nginx/", 
    "msg": ".d..t...... conf/\n<f+++++++++ conf/fastcgi.conf\n<f+++++++++ conf/fastcgi.conf.default\n<f+++++++++ conf/fastcgi_params\n<f+++++++++ conf/fastcgi_params.default\n<f+++++++++ conf/koi-utf\n<f+++++++++ conf/koi-win\n<f..t...... conf/mime.types\n<f+++++++++ conf/mime.types.default\n<f.st...... conf/nginx.conf\n<f+++++++++ conf/nginx.conf.default\n<f+++++++++ conf/scgi_params\n<f+++++++++ conf/scgi_params.default\n<f+++++++++ conf/uwsgi_params\n<f+++++++++ conf/uwsgi_params.default\n<f+++++++++ conf/win-utf\n", 
    "rc": 0, 
    "stdout_lines": [
        ".d..t...... conf/", 
        "<f+++++++++ conf/fastcgi.conf", 
        "<f+++++++++ conf/fastcgi.conf.default", 
        "<f+++++++++ conf/fastcgi_params", 
        "<f+++++++++ conf/fastcgi_params.default", 
        "<f+++++++++ conf/koi-utf", 
        "<f+++++++++ conf/koi-win", 
        "<f..t...... conf/mime.types", 
        "<f+++++++++ conf/mime.types.default", 
        "<f.st...... conf/nginx.conf", 
        "<f+++++++++ conf/nginx.conf.default", 
        "<f+++++++++ conf/scgi_params", 
        "<f+++++++++ conf/scgi_params.default", 
        "<f+++++++++ conf/uwsgi_params", 
        "<f+++++++++ conf/uwsgi_params.default", 
        "<f+++++++++ conf/win-utf"
    ]
}
52.175.19.240 | SUCCESS => {
    "changed": true, 
    "cmd": "/usr/bin/rsync --delay-updates -F --compress --delete-after --copy-links --archive --rsh=/usr/bin/ssh -S none -o Port=2556 -o StrictHostKeyChecking=no -o UserKnownHostsFile=/dev/null --out-format=<<CHANGED>>%i %n%L /srv/JINSHENG-TIANHE__NginxForward/nginx/conf root@52.175.19.240:/usr/local/nginx/", 
    "msg": ".d..t...... conf/\n<f+++++++++ conf/fastcgi.conf\n<f+++++++++ conf/fastcgi.conf.default\n<f+++++++++ conf/fastcgi_params\n<f+++++++++ conf/fastcgi_params.default\n<f+++++++++ conf/koi-utf\n<f+++++++++ conf/koi-win\n<f..t...... conf/mime.types\n<f+++++++++ conf/mime.types.default\n<f.st...... conf/nginx.conf\n<f+++++++++ conf/nginx.conf.default\n<f+++++++++ conf/scgi_params\n<f+++++++++ conf/scgi_params.default\n<f+++++++++ conf/uwsgi_params\n<f+++++++++ conf/uwsgi_params.default\n<f+++++++++ conf/win-utf\n", 
    "rc": 0, 
    "stdout_lines": [
        ".d..t...... conf/", 
        "<f+++++++++ conf/fastcgi.conf", 
        "<f+++++++++ conf/fastcgi.conf.default", 
        "<f+++++++++ conf/fastcgi_params", 
        "<f+++++++++ conf/fastcgi_params.default", 
        "<f+++++++++ conf/koi-utf", 
        "<f+++++++++ conf/koi-win", 
        "<f..t...... conf/mime.types", 
        "<f+++++++++ conf/mime.types.default", 
        "<f.st...... conf/nginx.conf", 
        "<f+++++++++ conf/nginx.conf.default", 
        "<f+++++++++ conf/scgi_params", 
        "<f+++++++++ conf/scgi_params.default", 
        "<f+++++++++ conf/uwsgi_params", 
        "<f+++++++++ conf/uwsgi_params.default", 
        "<f+++++++++ conf/win-utf"
    ]
}
52.193.114.82 | SUCCESS => {
    "changed": false, 
    "cmd": "/usr/bin/rsync --delay-updates -F --compress --delete-after --copy-links --archive --rsh=/usr/bin/ssh -S none -o Port=2556 -o StrictHostKeyChecking=no -o UserKnownHostsFile=/dev/null --out-format=<<CHANGED>>%i %n%L /srv/JINSHENG-TIANHE__NginxForward/nginx/conf root@52.193.114.82:/usr/local/nginx/", 
    "msg": "", 
    "rc": 0, 
    "stdout_lines": []
}

====================================/srv/JINSHENG-TIANHE__NginxForward/nginx/html====================================13.94.46.10 | SUCCESS => {
    "changed": false, 
    "cmd": "/usr/bin/rsync --delay-updates -F --compress --delete-after --copy-links --archive --rsh=/usr/bin/ssh -S none -o Port=2556 -o StrictHostKeyChecking=no -o UserKnownHostsFile=/dev/null --out-format=<<CHANGED>>%i %n%L /srv/JINSHENG-TIANHE__NginxForward/nginx/html root@13.94.46.10:/usr/local/nginx/", 
    "msg": "", 
    "rc": 0, 
    "stdout_lines": []
}
23.99.123.167 | SUCCESS => {
    "changed": false, 
    "cmd": "/usr/bin/rsync --delay-updates -F --compress --delete-after --copy-links --archive --rsh=/usr/bin/ssh -S none -o Port=2556 -o StrictHostKeyChecking=no -o UserKnownHostsFile=/dev/null --out-format=<<CHANGED>>%i %n%L /srv/JINSHENG-TIANHE__NginxForward/nginx/html root@23.99.123.167:/usr/local/nginx/", 
    "msg": "", 
    "rc": 0, 
    "stdout_lines": []
}
13.75.115.53 | SUCCESS => {
    "changed": false, 
    "cmd": "/usr/bin/rsync --delay-updates -F --compress --delete-after --copy-links --archive --rsh=/usr/bin/ssh -S none -o Port=2556 -o StrictHostKeyChecking=no -o UserKnownHostsFile=/dev/null --out-format=<<CHANGED>>%i %n%L /srv/JINSHENG-TIANHE__NginxForward/nginx/html root@13.75.115.53:/usr/local/nginx/", 
    "msg": "", 
    "rc": 0, 
    "stdout_lines": []
}
119.81.239.181 | SUCCESS => {
    "changed": false, 
    "cmd": "/usr/bin/rsync --delay-updates -F --compress --delete-after --copy-links --archive --rsh=/usr/bin/ssh -S none -o Port=2556 -o StrictHostKeyChecking=no -o UserKnownHostsFile=/dev/null --out-format=<<CHANGED>>%i %n%L /srv/JINSHENG-TIANHE__NginxForward/nginx/html root@119.81.239.181:/usr/local/nginx/", 
    "msg": "", 
    "rc": 0, 
    "stdout_lines": []
}
119.9.108.232 | SUCCESS => {
    "changed": true, 
    "cmd": "/usr/bin/rsync --delay-updates -F --compress --delete-after --copy-links --archive --rsh=/usr/bin/ssh -S none -o Port=2556 -o StrictHostKeyChecking=no -o UserKnownHostsFile=/dev/null --out-format=<<CHANGED>>%i %n%L /srv/JINSHENG-TIANHE__NginxForward/nginx/html root@119.9.108.232:/usr/local/nginx/", 
    "msg": ".d..t...... html/\n<f..tp..... html/GeoIP-106_20160719.dat\n<f..tp..... html/blockmsg.html\n<f..tp..... html/red-map.jpg\n.d..t...... html/GeoIP-106_20161011/\n<f..tp..... html/GeoIP-106_20161011/COPYRIGHT.txt\n<f..tp..... html/GeoIP-106_20161011/GeoIP-106_20161011.dat\n<f..tp..... html/GeoIP-106_20161011/INSTALL.txt\n<f..tp..... html/GeoIP-106_20161011/LICENSE.txt\n.d..t...... html/GeoIP-106_20171017/\n<f..tp..... html/GeoIP-106_20171017/COPYRIGHT.txt\n<f..tp..... html/GeoIP-106_20171017/GeoIP-106_20171017.dat\n<f..tp..... html/GeoIP-106_20171017/INSTALL.txt\n<f..tp..... html/GeoIP-106_20171017/LICENSE.txt\n.d..t...... html/jiabodaili/\n.d..t...... html/jiabodaili/jiabodaili11.jiabo886.com/\n<f..tp..... html/jiabodaili/jiabodaili11.jiabo886.com/index.html\n.d..t...... html/jiabodaili/jiabodaili12.jiabo1.com/\n<f..tp..... html/jiabodaili/jiabodaili12.jiabo1.com/index.html\n.d..t...... html/jiabodaili/jiabodaili13.jiabo2.com/\n<f..tp..... html/jiabodaili/jiabodaili13.jiabo2.com/index.html\n.d..t...... html/jiabodaili/jiabodaili14.jiabo3.com/\n<f..tp..... html/jiabodaili/jiabodaili14.jiabo3.com/index.html\n.d..t...... html/jiabodaili/jiabodaili15.jiabo4.com/\n<f..tp..... html/jiabodaili/jiabodaili15.jiabo4.com/index.html\n.d..t...... html/jiabodaili/jiabodaili3.jiabo18.net/\n<f..tp..... html/jiabodaili/jiabodaili3.jiabo18.net/index.html\n.d..t...... html/jiabodaili/jiabodaili4.jiabo18.com/\n<f..tp..... html/jiabodaili/jiabodaili4.jiabo18.com/index.html\n.d..t...... html/jiabodaili/jiabodaili5.jiabo588.net/\n<f..tp..... html/jiabodaili/jiabodaili5.jiabo588.net/index.html\n.d..t...... html/jiabodaili/jiabodaili6.jiabo988.com/\n<f..tp..... html/jiabodaili/jiabodaili6.jiabo988.com/index.html\n.d..t...... html/jiabodaili/jiabodaili7.jiabo988.net/\n<f..tp..... html/jiabodaili/jiabodaili7.jiabo988.net/index.html\n.d..t...... html/jiabodaili/jiabodaili9.jiabo588.com/\n<f..tp..... html/jiabodaili/jiabodaili9.jiabo588.com/index.html\n.d..t...... html/test/\n<f..tp..... html/test/big\n<f..tp..... html/test/small\n*deleting   html/test/small.txt\n*deleting   html/test/big.txt\n", 
    "rc": 0, 
    "stdout_lines": [
        ".d..t...... html/", 
        "<f..tp..... html/GeoIP-106_20160719.dat", 
        "<f..tp..... html/blockmsg.html", 
        "<f..tp..... html/red-map.jpg", 
        ".d..t...... html/GeoIP-106_20161011/", 
        "<f..tp..... html/GeoIP-106_20161011/COPYRIGHT.txt", 
        "<f..tp..... html/GeoIP-106_20161011/GeoIP-106_20161011.dat", 
        "<f..tp..... html/GeoIP-106_20161011/INSTALL.txt", 
        "<f..tp..... html/GeoIP-106_20161011/LICENSE.txt", 
        ".d..t...... html/GeoIP-106_20171017/", 
        "<f..tp..... html/GeoIP-106_20171017/COPYRIGHT.txt", 
        "<f..tp..... html/GeoIP-106_20171017/GeoIP-106_20171017.dat", 
        "<f..tp..... html/GeoIP-106_20171017/INSTALL.txt", 
        "<f..tp..... html/GeoIP-106_20171017/LICENSE.txt", 
        ".d..t...... html/jiabodaili/", 
        ".d..t...... html/jiabodaili/jiabodaili11.jiabo886.com/", 
        "<f..tp..... html/jiabodaili/jiabodaili11.jiabo886.com/index.html", 
        ".d..t...... html/jiabodaili/jiabodaili12.jiabo1.com/", 
        "<f..tp..... html/jiabodaili/jiabodaili12.jiabo1.com/index.html", 
        ".d..t...... html/jiabodaili/jiabodaili13.jiabo2.com/", 
        "<f..tp..... html/jiabodaili/jiabodaili13.jiabo2.com/index.html", 
        ".d..t...... html/jiabodaili/jiabodaili14.jiabo3.com/", 
        "<f..tp..... html/jiabodaili/jiabodaili14.jiabo3.com/index.html", 
        ".d..t...... html/jiabodaili/jiabodaili15.jiabo4.com/", 
        "<f..tp..... html/jiabodaili/jiabodaili15.jiabo4.com/index.html", 
        ".d..t...... html/jiabodaili/jiabodaili3.jiabo18.net/", 
        "<f..tp..... html/jiabodaili/jiabodaili3.jiabo18.net/index.html", 
        ".d..t...... html/jiabodaili/jiabodaili4.jiabo18.com/", 
        "<f..tp..... html/jiabodaili/jiabodaili4.jiabo18.com/index.html", 
        ".d..t...... html/jiabodaili/jiabodaili5.jiabo588.net/", 
        "<f..tp..... html/jiabodaili/jiabodaili5.jiabo588.net/index.html", 
        ".d..t...... html/jiabodaili/jiabodaili6.jiabo988.com/", 
        "<f..tp..... html/jiabodaili/jiabodaili6.jiabo988.com/index.html", 
        ".d..t...... html/jiabodaili/jiabodaili7.jiabo988.net/", 
        "<f..tp..... html/jiabodaili/jiabodaili7.jiabo988.net/index.html", 
        ".d..t...... html/jiabodaili/jiabodaili9.jiabo588.com/", 
        "<f..tp..... html/jiabodaili/jiabodaili9.jiabo588.com/index.html", 
        ".d..t...... html/test/", 
        "<f..tp..... html/test/big", 
        "<f..tp..... html/test/small", 
        "*deleting   html/test/small.txt", 
        "*deleting   html/test/big.txt"
    ]
}
52.175.19.240 | SUCCESS => {
    "changed": true, 
    "cmd": "/usr/bin/rsync --delay-updates -F --compress --delete-after --copy-links --archive --rsh=/usr/bin/ssh -S none -o Port=2556 -o StrictHostKeyChecking=no -o UserKnownHostsFile=/dev/null --out-format=<<CHANGED>>%i %n%L /srv/JINSHENG-TIANHE__NginxForward/nginx/html root@52.175.19.240:/usr/local/nginx/", 
    "msg": ".d..t...... html/\n<f..tp..... html/GeoIP-106_20160719.dat\n<f..tp..... html/blockmsg.html\n<f..tp..... html/red-map.jpg\n.d..t...... html/GeoIP-106_20161011/\n<f..tp..... html/GeoIP-106_20161011/COPYRIGHT.txt\n<f..tp..... html/GeoIP-106_20161011/GeoIP-106_20161011.dat\n<f..tp..... html/GeoIP-106_20161011/INSTALL.txt\n<f..tp..... html/GeoIP-106_20161011/LICENSE.txt\n.d..t...... html/GeoIP-106_20171017/\n<f..tp..... html/GeoIP-106_20171017/COPYRIGHT.txt\n<f..tp..... html/GeoIP-106_20171017/GeoIP-106_20171017.dat\n<f..tp..... html/GeoIP-106_20171017/INSTALL.txt\n<f..tp..... html/GeoIP-106_20171017/LICENSE.txt\n.d..t...... html/jiabodaili/\n.d..t...... html/jiabodaili/jiabodaili11.jiabo886.com/\n<f..tp..... html/jiabodaili/jiabodaili11.jiabo886.com/index.html\n.d..t...... html/jiabodaili/jiabodaili12.jiabo1.com/\n<f..tp..... html/jiabodaili/jiabodaili12.jiabo1.com/index.html\n.d..t...... html/jiabodaili/jiabodaili13.jiabo2.com/\n<f..tp..... html/jiabodaili/jiabodaili13.jiabo2.com/index.html\n.d..t...... html/jiabodaili/jiabodaili14.jiabo3.com/\n<f..tp..... html/jiabodaili/jiabodaili14.jiabo3.com/index.html\n.d..t...... html/jiabodaili/jiabodaili15.jiabo4.com/\n<f..tp..... html/jiabodaili/jiabodaili15.jiabo4.com/index.html\n.d..t...... html/jiabodaili/jiabodaili3.jiabo18.net/\n<f..tp..... html/jiabodaili/jiabodaili3.jiabo18.net/index.html\n.d..t...... html/jiabodaili/jiabodaili4.jiabo18.com/\n<f..tp..... html/jiabodaili/jiabodaili4.jiabo18.com/index.html\n.d..t...... html/jiabodaili/jiabodaili5.jiabo588.net/\n<f..tp..... html/jiabodaili/jiabodaili5.jiabo588.net/index.html\n.d..t...... html/jiabodaili/jiabodaili6.jiabo988.com/\n<f..tp..... html/jiabodaili/jiabodaili6.jiabo988.com/index.html\n.d..t...... html/jiabodaili/jiabodaili7.jiabo988.net/\n<f..tp..... html/jiabodaili/jiabodaili7.jiabo988.net/index.html\n.d..t...... html/jiabodaili/jiabodaili9.jiabo588.com/\n<f..tp..... html/jiabodaili/jiabodaili9.jiabo588.com/index.html\n.d..t...... html/test/\n<f..tp..... html/test/big\n<f..tp..... html/test/small\n", 
    "rc": 0, 
    "stdout_lines": [
        ".d..t...... html/", 
        "<f..tp..... html/GeoIP-106_20160719.dat", 
        "<f..tp..... html/blockmsg.html", 
        "<f..tp..... html/red-map.jpg", 
        ".d..t...... html/GeoIP-106_20161011/", 
        "<f..tp..... html/GeoIP-106_20161011/COPYRIGHT.txt", 
        "<f..tp..... html/GeoIP-106_20161011/GeoIP-106_20161011.dat", 
        "<f..tp..... html/GeoIP-106_20161011/INSTALL.txt", 
        "<f..tp..... html/GeoIP-106_20161011/LICENSE.txt", 
        ".d..t...... html/GeoIP-106_20171017/", 
        "<f..tp..... html/GeoIP-106_20171017/COPYRIGHT.txt", 
        "<f..tp..... html/GeoIP-106_20171017/GeoIP-106_20171017.dat", 
        "<f..tp..... html/GeoIP-106_20171017/INSTALL.txt", 
        "<f..tp..... html/GeoIP-106_20171017/LICENSE.txt", 
        ".d..t...... html/jiabodaili/", 
        ".d..t...... html/jiabodaili/jiabodaili11.jiabo886.com/", 
        "<f..tp..... html/jiabodaili/jiabodaili11.jiabo886.com/index.html", 
        ".d..t...... html/jiabodaili/jiabodaili12.jiabo1.com/", 
        "<f..tp..... html/jiabodaili/jiabodaili12.jiabo1.com/index.html", 
        ".d..t...... html/jiabodaili/jiabodaili13.jiabo2.com/", 
        "<f..tp..... html/jiabodaili/jiabodaili13.jiabo2.com/index.html", 
        ".d..t...... html/jiabodaili/jiabodaili14.jiabo3.com/", 
        "<f..tp..... html/jiabodaili/jiabodaili14.jiabo3.com/index.html", 
        ".d..t...... html/jiabodaili/jiabodaili15.jiabo4.com/", 
        "<f..tp..... html/jiabodaili/jiabodaili15.jiabo4.com/index.html", 
        ".d..t...... html/jiabodaili/jiabodaili3.jiabo18.net/", 
        "<f..tp..... html/jiabodaili/jiabodaili3.jiabo18.net/index.html", 
        ".d..t...... html/jiabodaili/jiabodaili4.jiabo18.com/", 
        "<f..tp..... html/jiabodaili/jiabodaili4.jiabo18.com/index.html", 
        ".d..t...... html/jiabodaili/jiabodaili5.jiabo588.net/", 
        "<f..tp..... html/jiabodaili/jiabodaili5.jiabo588.net/index.html", 
        ".d..t...... html/jiabodaili/jiabodaili6.jiabo988.com/", 
        "<f..tp..... html/jiabodaili/jiabodaili6.jiabo988.com/index.html", 
        ".d..t...... html/jiabodaili/jiabodaili7.jiabo988.net/", 
        "<f..tp..... html/jiabodaili/jiabodaili7.jiabo988.net/index.html", 
        ".d..t...... html/jiabodaili/jiabodaili9.jiabo588.com/", 
        "<f..tp..... html/jiabodaili/jiabodaili9.jiabo588.com/index.html", 
        ".d..t...... html/test/", 
        "<f..tp..... html/test/big", 
        "<f..tp..... html/test/small"
    ]
}
52.193.114.82 | SUCCESS => {
    "changed": false, 
    "cmd": "/usr/bin/rsync --delay-updates -F --compress --delete-after --copy-links --archive --rsh=/usr/bin/ssh -S none -o Port=2556 -o StrictHostKeyChecking=no -o UserKnownHostsFile=/dev/null --out-format=<<CHANGED>>%i %n%L /srv/JINSHENG-TIANHE__NginxForward/nginx/html root@52.193.114.82:/usr/local/nginx/", 
    "msg": "", 
    "rc": 0, 
    "stdout_lines": []
}

====================================/srv/JINSHENG-TIANHE__NginxForward/nginx/data====================================13.94.46.10 | SUCCESS => {
    "changed": false, 
    "cmd": "/usr/bin/rsync --delay-updates -F --compress --delete-after --copy-links --archive --rsh=/usr/bin/ssh -S none -o Port=2556 -o StrictHostKeyChecking=no -o UserKnownHostsFile=/dev/null --out-format=<<CHANGED>>%i %n%L /srv/JINSHENG-TIANHE__NginxForward/nginx/data root@13.94.46.10:/usr/local/nginx/", 
    "msg": "", 
    "rc": 0, 
    "stdout_lines": []
}
23.99.123.167 | SUCCESS => {
    "changed": false, 
    "cmd": "/usr/bin/rsync --delay-updates -F --compress --delete-after --copy-links --archive --rsh=/usr/bin/ssh -S none -o Port=2556 -o StrictHostKeyChecking=no -o UserKnownHostsFile=/dev/null --out-format=<<CHANGED>>%i %n%L /srv/JINSHENG-TIANHE__NginxForward/nginx/data root@23.99.123.167:/usr/local/nginx/", 
    "msg": "", 
    "rc": 0, 
    "stdout_lines": []
}
119.81.239.181 | SUCCESS => {
    "changed": false, 
    "cmd": "/usr/bin/rsync --delay-updates -F --compress --delete-after --copy-links --archive --rsh=/usr/bin/ssh -S none -o Port=2556 -o StrictHostKeyChecking=no -o UserKnownHostsFile=/dev/null --out-format=<<CHANGED>>%i %n%L /srv/JINSHENG-TIANHE__NginxForward/nginx/data root@119.81.239.181:/usr/local/nginx/", 
    "msg": "", 
    "rc": 0, 
    "stdout_lines": []
}
13.75.115.53 | SUCCESS => {
    "changed": false, 
    "cmd": "/usr/bin/rsync --delay-updates -F --compress --delete-after --copy-links --archive --rsh=/usr/bin/ssh -S none -o Port=2556 -o StrictHostKeyChecking=no -o UserKnownHostsFile=/dev/null --out-format=<<CHANGED>>%i %n%L /srv/JINSHENG-TIANHE__NginxForward/nginx/data root@13.75.115.53:/usr/local/nginx/", 
    "msg": "", 
    "rc": 0, 
    "stdout_lines": []
}
52.193.114.82 | SUCCESS => {
    "changed": false, 
    "cmd": "/usr/bin/rsync --delay-updates -F --compress --delete-after --copy-links --archive --rsh=/usr/bin/ssh -S none -o Port=2556 -o StrictHostKeyChecking=no -o UserKnownHostsFile=/dev/null --out-format=<<CHANGED>>%i %n%L /srv/JINSHENG-TIANHE__NginxForward/nginx/data root@52.193.114.82:/usr/local/nginx/", 
    "msg": "", 
    "rc": 0, 
    "stdout_lines": []
}
52.175.19.240 | SUCCESS => {
    "changed": true, 
    "cmd": "/usr/bin/rsync --delay-updates -F --compress --delete-after --copy-links --archive --rsh=/usr/bin/ssh -S none -o Port=2556 -o StrictHostKeyChecking=no -o UserKnownHostsFile=/dev/null --out-format=<<CHANGED>>%i %n%L /srv/JINSHENG-TIANHE__NginxForward/nginx/data root@52.175.19.240:/usr/local/nginx/", 
    "msg": "cd+++++++++ data/\n<f+++++++++ data/GeoIP-106_20171017.dat\n", 
    "rc": 0, 
    "stdout_lines": [
        "cd+++++++++ data/", 
        "<f+++++++++ data/GeoIP-106_20171017.dat"
    ]
}
119.9.108.232 | SUCCESS => {
    "changed": true, 
    "cmd": "/usr/bin/rsync --delay-updates -F --compress --delete-after --copy-links --archive --rsh=/usr/bin/ssh -S none -o Port=2556 -o StrictHostKeyChecking=no -o UserKnownHostsFile=/dev/null --out-format=<<CHANGED>>%i %n%L /srv/JINSHENG-TIANHE__NginxForward/nginx/data root@119.9.108.232:/usr/local/nginx/", 
    "msg": "cd+++++++++ data/\n<f+++++++++ data/GeoIP-106_20171017.dat\n", 
    "rc": 0, 
    "stdout_lines": [
        "cd+++++++++ data/", 
        "<f+++++++++ data/GeoIP-106_20171017.dat"
    ]
}

==================================================CLEAR NGINX CACHE==================================================119.81.239.181 | SUCCESS | rc=0 >>

 check nginx config


 stop nginx 


 Deleting proxy cache...

 Deleted Cache Files...Folders below should be empty.

 Restarting nginx worker process....
root     20151  1.4  0.0 106120  1280 ?        S    16:13   0:00 /bin/bash /bak/bin/clear_nginxcache.sh
root     20158  2.5  0.5 786140 20700 ?        Ss   16:13   0:00 nginx: master process /usr/local/nginx/sbin/nginx
nobody   20160  0.0  0.5 788068 24336 ?        S    16:13   0:00 nginx: worker process      
nobody   20161  0.0  0.5 788068 24336 ?        S    16:13   0:00 nginx: worker process      
nobody   20162  0.0  0.5 788068 24336 ?        S    16:13   0:00 nginx: worker process      
nobody   20163  0.0  0.6 788068 24732 ?        S    16:13   0:00 nginx: worker process      
nobody   20164  0.0  0.5 786140 21136 ?        S    16:13   0:00 nginx: cache manager process
nobody   20165  0.0  0.5 786140 21080 ?        S    16:13   0:00 nginx: cache loader process
root     20167  0.0  0.0 103328   840 ?        S    16:13   0:00 grep nginxnginx: the configuration file /usr/local/nginx/conf/nginx.conf syntax is ok
nginx: configuration file /usr/local/nginx/conf/nginx.conf test is successful
ls: cannot access /tmp/nginx_cache/*: No such file or directory
13.94.46.10 | SUCCESS | rc=0 >>

 check nginx config


 stop nginx 


 Deleting proxy cache...

 Deleted Cache Files...Folders below should be empty.

 Restarting nginx worker process....
root      39513  0.0  0.0 106112  1284 ?        S    16:13   0:00 /bin/bash /bak/bin/clear_nginxcache.sh
root      39520  0.0  0.5 786604 20708 ?        Ss   16:13   0:00 nginx: master process /usr/local/nginx/sbin/nginx
nobody    39521  0.0  0.6 788532 24344 ?        S    16:13   0:00 nginx: worker process      
nobody    39523  0.0  0.6 788532 24344 ?        S    16:13   0:00 nginx: worker process      
nobody    39524  0.0  0.6 788532 24344 ?        S    16:13   0:00 nginx: worker process      
nobody    39525  0.0  0.6 788532 24344 ?        S    16:13   0:00 nginx: worker process      
nobody    39526  0.0  0.6 786604 21144 ?        S    16:13   0:00 nginx: cache manager process
nobody    39527  0.0  0.5 786604 21088 ?        S    16:13   0:00 nginx: cache loader process
root      39530  0.0  0.0 103264   828 ?        S    16:13   0:00 grep nginxnginx: the configuration file /usr/local/nginx/conf/nginx.conf syntax is ok
nginx: configuration file /usr/local/nginx/conf/nginx.conf test is successful
ls: cannot access /tmp/nginx_cache/*: No such file or directory
13.75.115.53 | SUCCESS | rc=0 >>

 check nginx config


 stop nginx 


 Deleting proxy cache...

 Deleted Cache Files...Folders below should be empty.

 Restarting nginx worker process....
root      20090  0.0  0.0 106112  1280 ?        S    16:13   0:00 /bin/bash /bak/bin/clear_nginxcache.sh
root      20097  0.0  0.5 786604 20704 ?        Ss   16:13   0:00 nginx: master process /usr/local/nginx/sbin/nginx
nobody    20098  0.0  0.6 788532 24412 ?        S    16:13   0:00 nginx: worker process      
nobody    20099  0.0  0.6 788532 24412 ?        S    16:13   0:00 nginx: worker process      
nobody    20100  0.3  0.6 788532 24412 ?        S    16:13   0:00 nginx: worker process      
nobody    20101  0.0  0.6 788532 24412 ?        S    16:13   0:00 nginx: worker process      
nobody    20102  0.0  0.6 786604 21212 ?        S    16:13   0:00 nginx: cache manager process
nobody    20103  0.0  0.5 786604 21084 ?        S    16:13   0:00 nginx: cache loader process
root      20106  0.0  0.0 103264   832 ?        S    16:13   0:00 grep nginxnginx: the configuration file /usr/local/nginx/conf/nginx.conf syntax is ok
nginx: configuration file /usr/local/nginx/conf/nginx.conf test is successful
ls: cannot access /tmp/nginx_cache/*: No such file or directory
52.193.114.82 | SUCCESS | rc=0 >>

 check nginx config


 stop nginx 


 Deleting proxy cache...

 Deleted Cache Files...Folders below should be empty.

 Restarting nginx worker process....
nobody     300  0.3  0.1 788068 24396 ?        S    16:13   0:00 nginx: worker process      
nobody     301  0.0  0.1 788068 24396 ?        S    16:13   0:00 nginx: worker process      
nobody     302  0.3  0.1 788068 24396 ?        S    16:13   0:00 nginx: worker process      
nobody     303  0.0  0.1 786140 21196 ?        S    16:13   0:00 nginx: cache manager process
nobody     304  0.0  0.1 786140 21140 ?        S    16:13   0:00 nginx: cache loader process
root       306  0.0  0.0 103324   880 ?        S    16:13   0:00 grep nginx
root     32758  0.6  0.0 106084  1424 ?        S    16:13   0:00 /bin/bash /bak/bin/clear_nginxcache.sh
root     32765  1.3  0.1 786140 20760 ?        Ss   16:13   0:00 nginx: master process /usr/local/nginx/sbin/nginx
nobody   32767  0.0  0.1 788068 24396 ?        S    16:13   0:00 nginx: worker process      nginx: the configuration file /usr/local/nginx/conf/nginx.conf syntax is ok
nginx: configuration file /usr/local/nginx/conf/nginx.conf test is successful
ls: cannot access /tmp/nginx_cache/*: No such file or directory
23.99.123.167 | SUCCESS | rc=0 >>

 check nginx config


 stop nginx 


 Deleting proxy cache...

 Deleted Cache Files...Folders below should be empty.

 Restarting nginx worker process....
root      14117  0.0  0.0 106116  1252 ?        S    16:13   0:00 /bin/bash /bak/bin/clear_nginxcache.sh
root      14178  0.0  0.5 786140 20700 ?        Ss   16:13   0:00 nginx: master process /usr/local/nginx/sbin/nginx
nobody    14179  0.0  0.7 788068 25580 ?        S    16:13   0:00 nginx: worker process      
nobody    14180  0.0  0.6 788068 24408 ?        S    16:13   0:00 nginx: worker process      
nobody    14181  0.0  0.6 788068 24328 ?        S    16:13   0:00 nginx: worker process      
nobody    14182  0.0  0.6 788068 24328 ?        S    16:13   0:00 nginx: worker process      
nobody    14183  0.0  0.5 786140 21128 ?        S    16:13   0:00 nginx: cache manager process
nobody    14184  0.0  0.5 786140 21072 ?        S    16:13   0:00 nginx: cache loader process
root      14221  0.0  0.0 103324   820 ?        S    16:13   0:00 grep nginxnginx: the configuration file /usr/local/nginx/conf/nginx.conf syntax is ok
nginx: configuration file /usr/local/nginx/conf/nginx.conf test is successful
ls: cannot access /tmp/nginx_cache/*: No such file or directory
nginx: [emerg] bind() to 0.0.0.0:999 failed (98: Address already in use)
nginx: [emerg] bind() to 0.0.0.0:80 failed (98: Address already in use)
nginx: [emerg] bind() to 0.0.0.0:443 failed (98: Address already in use)
nginx: [emerg] bind() to 0.0.0.0:999 failed (98: Address already in use)
nginx: [emerg] bind() to 0.0.0.0:80 failed (98: Address already in use)
nginx: [emerg] bind() to 0.0.0.0:443 failed (98: Address already in use)
nginx: [emerg] bind() to 0.0.0.0:999 failed (98: Address already in use)
nginx: [emerg] bind() to 0.0.0.0:80 failed (98: Address already in use)
nginx: [emerg] bind() to 0.0.0.0:443 failed (98: Address already in use)
nginx: [emerg] bind() to 0.0.0.0:999 failed (98: Address already in use)
nginx: [emerg] bind() to 0.0.0.0:80 failed (98: Address already in use)
nginx: [emerg] bind() to 0.0.0.0:443 failed (98: Address already in use)
nginx: [emerg] bind() to 0.0.0.0:999 failed (98: Address already in use)
nginx: [emerg] bind() to 0.0.0.0:80 failed (98: Address already in use)
nginx: [emerg] bind() to 0.0.0.0:443 failed (98: Address already in use)
nginx: [emerg] still could not bind()
119.9.108.232 | SUCCESS | rc=0 >>

 check nginx config


 stop nginx 


 Deleting proxy cache...

 Deleted Cache Files...Folders below should be empty.

 Restarting nginx worker process....
root     22918  0.0  0.0 106084  1424 ?        S    16:13   0:00 /bin/bash /bak/bin/clear_nginxcache.sh
root     22927  0.0  1.0 786144 20760 ?        Ss   16:13   0:00 nginx: master process /usr/local/nginx/sbin/nginx
nobody   22929  0.0  1.1 788072 24396 ?        S    16:13   0:00 nginx: worker process      
nobody   22930  0.0  1.1 788072 24396 ?        S    16:13   0:00 nginx: worker process      
nobody   22931  0.0  1.1 788072 24396 ?        S    16:13   0:00 nginx: worker process      
nobody   22932  0.0  1.1 788072 24396 ?        S    16:13   0:00 nginx: worker process      
nobody   22933  0.0  1.0 786144 21196 ?        S    16:13   0:00 nginx: cache manager process
nobody   22934  0.0  1.0 786144 21140 ?        S    16:13   0:00 nginx: cache loader process
root     22936  0.0  0.0 103328   888 ?        S    16:13   0:00 grep nginxnginx: the configuration file /usr/local/nginx/conf/nginx.conf syntax is ok
nginx: configuration file /usr/local/nginx/conf/nginx.conf test is successful
ls: cannot access /tmp/nginx_cache/*: No such file or directory
52.175.19.240 | SUCCESS | rc=0 >>

 check nginx config


 stop nginx 


 Deleting proxy cache...

 Deleted Cache Files...Folders below should be empty.

 Restarting nginx worker process....
root       7202  0.0  0.0 106112  1284 ?        S    16:13   0:00 /bin/bash /bak/bin/clear_nginxcache.sh
root       7213  0.0  0.5 786604 20704 ?        Ss   16:13   0:00 nginx: master process /usr/local/nginx/sbin/nginx
nobody     7214  0.0  0.6 788532 24408 ?        S    16:13   0:00 nginx: worker process      
nobody     7216  0.0  0.6 788532 24408 ?        S    16:13   0:00 nginx: worker process      
nobody     7217  0.0  0.6 788532 24408 ?        S    16:13   0:00 nginx: worker process      
nobody     7218  0.0  0.6 788532 24408 ?        S    16:13   0:00 nginx: worker process      
nobody     7219  0.0  0.6 786604 21216 ?        S    16:13   0:00 nginx: cache manager process
nobody     7220  0.0  0.5 786604 21088 ?        S    16:13   0:00 nginx: cache loader process
root       7225  0.0  0.0 103264   828 ?        S    16:13   0:00 grep nginxnginx: the configuration file /usr/local/nginx/conf/nginx.conf syntax is ok
nginx: configuration file /usr/local/nginx/conf/nginx.conf test is successful
ls: cannot access /tmp/nginx_cache/*: No such file or directory

