PUPPET_COMMAND_START
 [WARNING]: Invalid characters were found in group names but not replaced, use
-vvvv to see details

PLAY [puppmaster-b2b] **********************************************************


TASK [puppetmaster : Read hostvars] ********************************************
changed: [puppmaster-b2b -> localhost]

TASK [puppetmaster : Create Json Template] *************************************
skipping: [puppmaster-b2b]


TASK [puppetmaster : Append Json Data] *****************************************
skipping: [puppmaster-b2b]

TASK [puppetmaster : remove ansible block] *************************************

skipping: [puppmaster-b2b]

TASK [puppetmaster : get value for iptables] ***********************************
changed: [puppmaster-b2b -> localhost]


TASK [puppetmaster : check data] ***********************************************
ok: [puppmaster-b2b -> localhost]

TASK [puppetmaster : get value for ssh_keys] ***********************************
changed: [puppmaster-b2b -> localhost]


TASK [puppetmaster : check data] ***********************************************
ok: [puppmaster-b2b -> localhost]

TASK [puppetmaster : get value for filebeat] ***********************************

changed: [puppmaster-b2b -> localhost]

TASK [puppetmaster : check data] ***********************************************
ok: [puppmaster-b2b -> localhost]


TASK [puppetmaster : stat] *****************************************************
skipping: [puppmaster-b2b]

TASK [puppetmaster : debug] ****************************************************
skipping: [puppmaster-b2b]


TASK [puppetmaster : stat] *****************************************************
ok: [puppmaster-b2b -> localhost]

TASK [puppetmaster : debug] ****************************************************

skipping: [puppmaster-b2b]

TASK [puppetmaster : stat] *****************************************************
ok: [puppmaster-b2b -> localhost]


TASK [puppetmaster : debug] ****************************************************
skipping: [puppmaster-b2b]

TASK [puppetmaster : stat] *****************************************************
skipping: [puppmaster-b2b]


TASK [puppetmaster : debug] ****************************************************
skipping: [puppmaster-b2b]

TASK [puppetmaster : set_fact] *************************************************

ok: [puppmaster-b2b]

TASK [puppetmaster : include_tasks] ********************************************
included: /ansible/puppet/roles/puppetmaster/tasks/puppetcreate.yml for puppmaster-b2b


TASK [puppetmaster : Create sub directory] *************************************
changed: [puppmaster-b2b] => (item=modules)
changed: [puppmaster-b2b] => (item=manifests)

TASK [puppetmaster : Create IPTABLES Modules Manifests subdirectory] ***********

skipping: [puppmaster-b2b] => (item=manifests) 
skipping: [puppmaster-b2b] => (item=templates) 

TASK [puppetmaster : Create SSH_KEYS Modules Manifests subdirectory] ***********
changed: [puppmaster-b2b] => (item=manifests)

changed: [puppmaster-b2b] => (item=templates)

TASK [puppetmaster : Create STDLIB Modules Manifests subdirectory] *************
changed: [puppmaster-b2b]


TASK [puppetmaster : Create Filebeat Modules Manifests subdirectory] ***********
skipping: [puppmaster-b2b] => (item=manifests) 
skipping: [puppmaster-b2b] => (item=templates) 

TASK [puppetmaster : Provide puppet environment] *******************************

changed: [puppmaster-b2b]

TASK [puppetmaster : Check defaults manifests node] ****************************
ok: [puppmaster-b2b]


TASK [puppetmaster : Create defaults manifests] ********************************
changed: [puppmaster-b2b]

TASK [puppetmaster : iptables modules] *****************************************
skipping: [puppmaster-b2b]


TASK [puppetmaster : ssh_keys modules] *****************************************
included: /ansible/puppet/roles/puppetmaster/tasks/ssh_keys.yml for puppmaster-b2b

TASK [puppetmaster : Get Additional IP] ****************************************

changed: [puppmaster-b2b -> localhost]

TASK [puppetmaster : User] *****************************************************
ok: [puppmaster-b2b]


TASK [puppetmaster : User] *****************************************************
ok: [puppmaster-b2b]

TASK [puppetmaster : ssh-password-auth] ****************************************
skipping: [puppmaster-b2b]


TASK [puppetmaster : Append users] *********************************************
skipping: [puppmaster-b2b]

TASK [puppetmaster : Append users b2b dc] **************************************

ok: [puppmaster-b2b]

TASK [puppetmaster : Append users b2b] *****************************************
skipping: [puppmaster-b2b]


TASK [puppetmaster : Get sshd config config] ***********************************
changed: [puppmaster-b2b]

TASK [puppetmaster : Get sshd puppet] ******************************************
changed: [puppmaster-b2b]


TASK [puppetmaster : Get ssh keys] *********************************************
changed: [puppmaster-b2b]

TASK [puppetmaster : Get ssh keys] *********************************************

changed: [puppmaster-b2b]

TASK [puppetmaster : Get ssh root keys] ****************************************
changed: [puppmaster-b2b]


TASK [puppetmaster : filebeat modules] *****************************************
skipping: [puppmaster-b2b]

PLAY [b2b-docker_bstbaccarat] **************************************************


TASK [Gathering Facts] *********************************************************
ok: [172.16.122.142]
ok: [172.16.122.144]
ok: [172.16.122.143]


TASK [add-repo : set_fact] *****************************************************
skipping: [172.16.122.142]
skipping: [172.16.122.143]
skipping: [172.16.122.144]


TASK [add-repo : Read hostvars] ************************************************
changed: [172.16.122.142 -> localhost]

TASK [add-repo : Create Json Template] *****************************************
skipping: [172.16.122.142]


TASK [add-repo : Append Json Data] *********************************************
skipping: [172.16.122.142]

TASK [add-repo : remove ansible block] *****************************************

skipping: [172.16.122.142]

TASK [add-repo : get value for iptables] ***************************************
changed: [172.16.122.142 -> localhost]


TASK [add-repo : check data] ***************************************************
ok: [172.16.122.142 -> localhost]

TASK [add-repo : get value for ssh_keys] ***************************************
changed: [172.16.122.142 -> localhost]


TASK [add-repo : check data] ***************************************************
ok: [172.16.122.142 -> localhost]

TASK [add-repo : get value for filebeat] ***************************************

changed: [172.16.122.142 -> localhost]

TASK [add-repo : check data] ***************************************************
ok: [172.16.122.142 -> localhost]


TASK [add-repo : Copy Centos Base Repo] ****************************************
skipping: [172.16.122.142]
skipping: [172.16.122.143]
skipping: [172.16.122.144]


MAX RETRIES EXECUTED, COMMAND NOT RESPONDING