ESYNC_WORKER1_COMMAND_START
[WARNING]: Invalid characters were found in group names but not replaced, use
-vvvv to see details

PLAY [om-weixin_nginx] *********************************************************


TASK [Gathering Facts] *********************************************************
ok: [13.75.92.62]

TASK [nginx_sync : Change python interpreter] **********************************
skipping: [13.75.92.62]


TASK [nginx_sync : change python interpreter] **********************************
skipping: [13.75.92.62]

TASK [nginx_sync : set_fact] ***************************************************

ok: [13.75.92.62]

TASK [nginx_sync : set_fact] ***************************************************
ok: [13.75.92.62]


TASK [nginx_sync : Notify] *****************************************************
ok: [13.75.92.62] => {
    "msg": "Syncing om-weixin_nginx"
}


TASK [nginx_sync : include_vars] ***********************************************
ok: [13.75.92.62]

TASK [nginx_sync : Synchronizing Nginx] ****************************************
ok: [13.75.92.62] => (item=conf)

changed: [13.75.92.62] => (item=conf.d)
ok: [13.75.92.62] => (item=data)
ok: [13.75.92.62] => (item=html)

TASK [nginx_sync : Synchronizing Nginx Excluding HTML] *************************

skipping: [13.75.92.62] => (item=conf) 
skipping: [13.75.92.62] => (item=conf.d) 
skipping: [13.75.92.62] => (item=data) 

TASK [nginx_sync : Set HTML Dir to root] ***************************************

ok: [13.75.92.62]

TASK [all_servers : include_vars] **********************************************
ok: [13.75.92.62]


TASK [all_servers : Notify] ****************************************************
ok: [13.75.92.62] => {
    "msg": "Clearing Nginx Cache for om-weixin_nginx"
}


TASK [all_servers : Copying clear_nginxcache.sh to remote hosts] ***************
ok: [13.75.92.62]

TASK [all_servers : Nginx Clear Cache] *****************************************
changed: [13.75.92.62]


TASK [all_servers : debug] *****************************************************
ok: [13.75.92.62] => {
    "script_result.stdout_lines": [
        "-----------------------------------------------------------", 

        "|                 Checking Nginx Config                   |", 
        "-----------------------------------------------------------", 
        "", 
        " nginx -t ", 
        "", 

        "-----------------------------------------------------------", 
        "|                 Stopping Nginx Process                  |", 
        "-----------------------------------------------------------", 
        "", 
        " /usr/bin/killall -9 nginx ", 

        "", 
        "-----------------------------------------------------------", 
        "|                 Clearing Proxy Cache                    |", 
        "-----------------------------------------------------------", 
        "", 

        " /bin/rm -rf /tmp/nginx_cache ", 
        "", 
        "-----------------------------------------------------------", 
        "|                Restarting Nginx Process                 |", 
        "-----------------------------------------------------------", 

        "root       2774  0.0  0.0 102904  2240 ?        Ss    2020   0:00 /sbin/dhclient -1 -q -lf /var/lib/dhclient/dhclient--eth0.lease -pf /var/run/dhclient-eth0.pid -H om-weixin_nginx2.hk.az.monaco1.me eth0", 
        "root      41740  0.0  0.2  16348 10356 ?        Sl   Apr07  12:09 ./nginx-vts-exporter -nginx.scrape_uri http://localhost:8088/status/format/json", 
        "root      69111  0.8  0.0 113288  1488 ?        S    21:07   0:00 /bin/bash /bak/bin/clear_nginxcache.sh", 
        "root      69118  0.0  0.0 706764  1516 ?        Ss   21:07   0:00 nginx: master process /usr/local/nginx/sbin/nginx", 
        "nobody    69120  0.0  0.1 713100  6220 ?        S    21:07   0:00 nginx: worker process", 

        "nobody    69121  0.0  0.1 713100  6220 ?        S    21:07   0:00 nginx: worker process", 
        "nobody    69122  0.0  0.1 713100  6220 ?        S    21:07   0:00 nginx: worker process", 
        "nobody    69123  0.0  0.1 713100  6220 ?        S    21:07   0:00 nginx: worker process", 
        "nobody    69124  0.0  0.0 708848  2008 ?        S    21:07   0:00 nginx: cache manager process", 
        "nobody    69125  0.0  0.0 708848  2008 ?        S    21:07   0:00 nginx: cache loader process", 

        "root      69127  0.0  0.0 112816   948 ?        S    21:07   0:00 grep nginx", 
        "              total        used        free      shared  buff/cache   available", 
        "Mem:           3931         891         185         347        2855        2401", 
        "Swap:          2047          11        2036", 
        "-----------------------------------------------------------", 

        "|                     Reload SUCCESS!                     |", 
        "-----------------------------------------------------------"
    ]
}


PLAY [127.0.0.1] ***************************************************************

TASK [sync_to_git : Synchronizing Nginx To GIT] ********************************
fatal: [127.0.0.1]: FAILED! => {"ansible_facts": {"discovered_interpreter_python": "/usr/bin/python"}, "changed": true, "cmd": "git add .\ngit commit -m \"james.cadelina\"\ngit push  \ngit push -u origin master\n", "delta": "0:00:00.535551", "end": "2021-06-01 21:07:26.815044", "msg": "non-zero return code", "rc": 1, "start": "2021-06-01 21:07:26.279493", "stderr": "warning: You ran 'git add' with neither '-A (--all)' or '--ignore-removal',\nwhose behaviour will change in Git 2.0 with respect to paths you removed.\nPaths like 'nginx/conf.d/80-443/832765.com.conf' that are\nremoved from your working tree are ignored with this version of Git.\n\n* 'git add --ignore-removal <pathspec>', which is the current default,\n  ignores paths you removed from your working tree.\n\n* 'git add --all <pathspec>' will let you also record the removals.\n\nRun 'git status' to check the paths you removed from your working tree.\n\nwarning: push.default is unset; its implicit value is changing in\nGit 2.0 from 'matching' to 'simple'. To squelch this message\nand maintain the current behavior after the default changes, use:\n\n  git config --global push.default matching\n\nTo squelch this message and adopt the new behavior now, use:\n\n  git config --global push.default simple\n\nSee 'git help config' and search for 'push.default' for further information.\n(the 'simple' mode was introduced in Git 1.7.11. Use the similar mode\n'current' instead of 'simple' if you sometimes use older versions of Git)\n\nTo http://om:sPCJ-015@git.neweb.me/nginx_cloud/om-cdn_nginx.git\n ! [rejected]        master -> master (fetch first)\nerror: failed to push some refs to 'http://om:sPCJ-015@git.neweb.me/nginx_cloud/om-cdn_nginx.git'\nhint: Updates were rejected because the remote contains work that you do\nhint: not have locally. This is usually caused by another repository pushing\nhint: to the same ref. You may want to first merge the remote changes (e.g.,\nhint: 'git pull') before pushing again.\nhint: See the 'Note about fast-forwards' in 'git push --help' for details.\nTo http://om:sPCJ-015@git.neweb.me/nginx_cloud/om-cdn_nginx.git\n ! [rejected]        master -> master (fetch first)\nerror: failed to push some refs to 'http://om:sPCJ-015@git.neweb.me/nginx_cloud/om-cdn_nginx.git'\nhint: Updates were rejected because the remote contains work that you do\nhint: not have locally. This is usually caused by another repository pushing\nhint: to the same ref. You may want to first merge the remote changes (e.g.,\nhint: 'git pull') before pushing again.\nhint: See the 'Note about fast-forwards' in 'git push --help' for details.", "stderr_lines": ["warning: You ran 'git add' with neither '-A (--all)' or '--ignore-removal',", "whose behaviour will change in Git 2.0 with respect to paths you removed.", "Paths like 'nginx/conf.d/80-443/832765.com.conf' that are", "removed from your working tree are ignored with this version of Git.", "", "* 'git add --ignore-removal <pathspec>', which is the current default,", "  ignores paths you removed from your working tree.", "", "* 'git add --all <pathspec>' will let you also record the removals.", "", "Run 'git status' to check the paths you removed from your working tree.", "", "warning: push.default is unset; its implicit value is changing in", "Git 2.0 from 'matching' to 'simple'. To squelch this message", "and maintain the current behavior after the default changes, use:", "", "  git config --global push.default matching", "", "To squelch this message and adopt the new behavior now, use:", "", "  git config --global push.default simple", "", "See 'git help config' and search for 'push.default' for further information.", "(the 'simple' mode was introduced in Git 1.7.11. Use the similar mode", "'current' instead of 'simple' if you sometimes use older versions of Git)", "", "To http://om:sPCJ-015@git.neweb.me/nginx_cloud/om-cdn_nginx.git", " ! [rejected]        master -> master (fetch first)", "error: failed to push some refs to 'http://om:sPCJ-015@git.neweb.me/nginx_cloud/om-cdn_nginx.git'", "hint: Updates were rejected because the remote contains work that you do", "hint: not have locally. This is usually caused by another repository pushing", "hint: to the same ref. You may want to first merge the remote changes (e.g.,", "hint: 'git pull') before pushing again.", "hint: See the 'Note about fast-forwards' in 'git push --help' for details.", "To http://om:sPCJ-015@git.neweb.me/nginx_cloud/om-cdn_nginx.git", " ! [rejected]        master -> master (fetch first)", "error: failed to push some refs to 'http://om:sPCJ-015@git.neweb.me/nginx_cloud/om-cdn_nginx.git'", "hint: Updates were rejected because the remote contains work that you do", "hint: not have locally. This is usually caused by another repository pushing", "hint: to the same ref. You may want to first merge the remote changes (e.g.,", "hint: 'git pull') before pushing again.", "hint: See the 'Note about fast-forwards' in 'git push --help' for details."], "stdout": "[master 60b2a23] james.cadelina\n 1 file changed, 14 insertions(+)\n create mode 100644 nginx/conf.d/other/nginx-monitoring.conf", "stdout_lines": ["[master 60b2a23] james.cadelina", " 1 file changed, 14 insertions(+)", " create mode 100644 nginx/conf.d/other/nginx-monitoring.conf"]}


PLAY RECAP *********************************************************************
127.0.0.1                  : ok=0    changed=0    unreachable=0    failed=1    skipped=0    rescued=0    ignored=0   
13.75.92.62                : ok=12   changed=2    unreachable=0    failed=0    skipped=3    rescued=0    ignored=0   


ESYNC_WORKER1_COMMAND_END
MAX RETRIES EXECUTED, COMMAND NOT RESPONDING