ESYNC_WORKER1_COMMAND_START
 [WARNING]: Invalid characters were found in group names but not replaced, use
-vvvv to see details

PLAY [om-clientgamecalled_nginx] ***********************************************


TASK [Gathering Facts] *********************************************************
ok: [119.9.110.31]
ok: [23.99.114.30]
ok: [203.60.2.48]


TASK [nginx_sync : Change python interpreter] **********************************
ok: [119.9.110.31]
ok: [23.99.114.30]
skipping: [203.60.2.48]


TASK [nginx_sync : change python interpreter] **********************************
ok: [119.9.110.31]
ok: [23.99.114.30]
skipping: [203.60.2.48]


TASK [nginx_sync : Notify] *****************************************************
ok: [119.9.110.31] => {
    "msg": "Syncing om-clientgamecalled_nginx"
}
ok: [23.99.114.30] => {

    "msg": "Syncing om-clientgamecalled_nginx"
}
ok: [203.60.2.48] => {
    "msg": "Syncing om-clientgamecalled_nginx"
}


TASK [nginx_sync : include_vars] ***********************************************
ok: [119.9.110.31]
ok: [23.99.114.30]
ok: [203.60.2.48]


TASK [nginx_sync : Synchronizing Nginx] ****************************************
ok: [119.9.110.31] => (item=conf)
ok: [23.99.114.30] => (item=conf)
ok: [203.60.2.48] => (item=conf)

changed: [119.9.110.31] => (item=conf.d)
changed: [23.99.114.30] => (item=conf.d)
changed: [203.60.2.48] => (item=conf.d)
ok: [119.9.110.31] => (item=data)
ok: [23.99.114.30] => (item=data)

ok: [203.60.2.48] => (item=data)
ok: [119.9.110.31] => (item=html)
ok: [203.60.2.48] => (item=html)
ok: [23.99.114.30] => (item=html)


TASK [all_servers : include_vars] **********************************************
ok: [119.9.110.31]
ok: [23.99.114.30]
ok: [203.60.2.48]


TASK [all_servers : Notify] ****************************************************
ok: [119.9.110.31] => {
    "msg": "Clearing Nginx Cache for om-clientgamecalled_nginx"
}
ok: [23.99.114.30] => {

    "msg": "Clearing Nginx Cache for om-clientgamecalled_nginx"
}
ok: [203.60.2.48] => {
    "msg": "Clearing Nginx Cache for om-clientgamecalled_nginx"
}


TASK [all_servers : Copying clear_nginxcache.sh to remote hosts] ***************
ok: [119.9.110.31]
ok: [203.60.2.48]
ok: [23.99.114.30]


TASK [all_servers : Nginx Clear Cache] *****************************************
changed: [23.99.114.30]
changed: [203.60.2.48]
changed: [119.9.110.31]


TASK [all_servers : debug] *****************************************************
ok: [119.9.110.31] => {
    "script_result.stdout_lines": [
        "-----------------------------------------------------------", 

        "|                 Checking Nginx Config                   |", 
        "-----------------------------------------------------------", 
        "", 
        " nginx -t ", 
        "", 

        "-----------------------------------------------------------", 
        "|                 Stopping Nginx Process                  |", 
        "-----------------------------------------------------------", 
        "", 
        " /usr/bin/killall -9 nginx ", 

        "", 
        "-----------------------------------------------------------", 
        "|                 Clearing Proxy Cache                    |", 
        "-----------------------------------------------------------", 
        "", 

        " /bin/rm -rf /tmp/nginx_cache ", 
        "", 
        "-----------------------------------------------------------", 
        "|                Restarting Nginx Process                 |", 
        "-----------------------------------------------------------", 

        "root     16300  0.0  0.0 106064  1436 ?        S    10:26   0:00 /bin/bash /bak/bin/clear_nginxcache.sh", 
        "root     16309  0.0  0.1 464372  5236 ?        Ss   10:27   0:00 nginx: master process /usr/local/nginx/sbin/nginx", 
        "nobody   16310  0.0  0.3 470940 13600 ?        S    10:27   0:00 nginx: worker process      ", 
        "nobody   16312  0.0  0.3 470940 13600 ?        S    10:27   0:00 nginx: worker process      ", 
        "nobody   16313  0.0  0.3 470940 13600 ?        S    10:27   0:00 nginx: worker process      ", 

        "nobody   16314  0.0  0.3 470940 13600 ?        S    10:27   0:00 nginx: worker process      ", 
        "nobody   16315  0.0  0.1 464372  5740 ?        S    10:27   0:00 nginx: cache manager process", 
        "nobody   16316  0.0  0.1 464372  5612 ?        S    10:27   0:00 nginx: cache loader process", 
        "root     16322  0.0  0.0 103244   876 ?        S    10:27   0:00 grep nginx", 
        "             total       used       free     shared    buffers     cached", 

        "Mem:          3954       3162        791          2        259        855", 
        "-/+ buffers/cache:       2047       1906", 
        "Swap:            0          0          0", 
        "-----------------------------------------------------------", 
        "|                     Reload SUCCESS!                     |", 

        "-----------------------------------------------------------"
    ]
}
ok: [23.99.114.30] => {
    "script_result.stdout_lines": [

        "-----------------------------------------------------------", 
        "|                 Checking Nginx Config                   |", 
        "-----------------------------------------------------------", 
        "", 
        " nginx -t ", 

        "", 
        "-----------------------------------------------------------", 
        "|                 Stopping Nginx Process                  |", 
        "-----------------------------------------------------------", 
        "", 

        " /usr/bin/killall -9 nginx ", 
        "", 
        "-----------------------------------------------------------", 
        "|                 Clearing Proxy Cache                    |", 
        "-----------------------------------------------------------", 

        "", 
        " /bin/rm -rf /tmp/nginx_cache ", 
        "", 
        "-----------------------------------------------------------", 
        "|                Restarting Nginx Process                 |", 

        "-----------------------------------------------------------", 
        "root      21822  0.0  0.0 106120  1292 ?        S    10:26   0:00 /bin/bash /bak/bin/clear_nginxcache.sh", 
        "root      21831  0.0  0.1 460044  3924 ?        Ss   10:26   0:00 nginx: master process /usr/local/nginx/sbin/nginx", 
        "nobody    21832  0.0  0.3 468536 12672 ?        S    10:26   0:00 nginx: worker process      ", 
        "nobody    21834  0.5  0.3 468536 12660 ?        S    10:26   0:00 nginx: worker process      ", 

        "nobody    21835  0.0  0.3 468536 13256 ?        S    10:26   0:00 nginx: worker process      ", 
        "nobody    21836  0.0  0.3 468536 12660 ?        S    10:26   0:00 nginx: worker process      ", 
        "nobody    21837  0.0  0.1 460044  4420 ?        S    10:26   0:00 nginx: cache manager process", 
        "nobody    21838  0.0  0.1 460044  4292 ?        S    10:26   0:00 nginx: cache loader process", 
        "root      21840  0.0  0.0 103328   844 ?        S    10:26   0:00 grep nginx", 

        "root      93962  0.0  0.0   9120   532 ?        Ss   Mar19   0:00 /sbin/dhclient -H om-clientgamecalled_nginx2.hk.az.monaco1.me -1 -q -lf /var/lib/dhclient/dhclient-eth0.leases -pf /var/run/dhclient-eth0.pid eth0", 
        "             total       used       free     shared    buffers     cached", 
        "Mem:          3440       3249        190          2        186       2591", 
        "-/+ buffers/cache:        472       2968", 
        "Swap:            0          0          0", 

        "-----------------------------------------------------------", 
        "|                     Reload SUCCESS!                     |", 
        "-----------------------------------------------------------"
    ]
}

ok: [203.60.2.48] => {
    "script_result.stdout_lines": [
        "-----------------------------------------------------------", 
        "|                 Checking Nginx Config                   |", 
        "-----------------------------------------------------------", 

        "", 
        " nginx -t ", 
        "", 
        "-----------------------------------------------------------", 
        "|                 Stopping Nginx Process                  |", 

        "-----------------------------------------------------------", 
        "", 
        " /usr/bin/killall -9 nginx ", 
        "", 
        "-----------------------------------------------------------", 

        "|                 Clearing Proxy Cache                    |", 
        "-----------------------------------------------------------", 
        "", 
        " /bin/rm -rf /tmp/nginx_cache ", 
        "", 

        "-----------------------------------------------------------", 
        "|                Restarting Nginx Process                 |", 
        "-----------------------------------------------------------", 
        "root     16189  0.6  0.0 113180  1524 ?        S    10:26   0:00 /bin/bash /bak/bin/clear_nginxcache.sh", 
        "root     16203  0.0  0.0 463436  4004 ?        Ss   10:26   0:00 nginx: master process /usr/local/nginx/sbin/nginx", 

        "nobody   16205  0.5  0.1 471928 12788 ?        S    10:26   0:00 nginx: worker process", 
        "nobody   16206  0.0  0.1 471928 12788 ?        S    10:26   0:00 nginx: worker process", 
        "nobody   16207  0.0  0.1 471928 12788 ?        S    10:26   0:00 nginx: worker process", 
        "nobody   16208  0.0  0.1 471928 12788 ?        S    10:26   0:00 nginx: worker process", 
        "nobody   16209  0.0  0.0 463436  4428 ?        S    10:26   0:00 nginx: cache manager process", 

        "nobody   16210  0.0  0.0 463436  4428 ?        S    10:26   0:00 nginx: cache loader process", 
        "root     16212  0.0  0.0 112708   968 ?        S    10:26   0:00 grep nginx", 
        "              total        used        free      shared  buff/cache   available", 
        "Mem:           7311         245        1901         275        5164        6466", 
        "Swap:             0           0           0", 

        "-----------------------------------------------------------", 
        "|                     Reload SUCCESS!                     |", 
        "-----------------------------------------------------------"
    ]
}


PLAY [127.0.0.1] ***************************************************************

TASK [sync_to_git : Synchronizing Nginx To GIT] ********************************
changed: [127.0.0.1]


TASK [sync_to_git : debug] *****************************************************
ok: [127.0.0.1] => {
    "msg": " [u'[master 46cf488] cyrus.verzola', u' 1 file changed, 1 insertion(+)', u'Branch master set up to track remote branch master from origin.']"
}


PLAY [om-clientgamecalled_nginx] ***********************************************

PLAY [127.0.0.1] ***************************************************************


PLAY RECAP *********************************************************************
119.9.110.31               : ok=11   changed=2    unreachable=0    failed=0    skipped=0    rescued=0    ignored=0   
127.0.0.1                  : ok=2    changed=1    unreachable=0    failed=0    skipped=0    rescued=0    ignored=0   
203.60.2.48                : ok=9    changed=2    unreachable=0    failed=0    skipped=2    rescued=0    ignored=0   
23.99.114.30               : ok=11   changed=2    unreachable=0    failed=0    skipped=0    rescued=0    ignored=0   



ESYNC_WORKER1_COMMAND_END
MAX RETRIES EXECUTED, COMMAND NOT RESPONDING