ESYNC_WORKER1_COMMAND_START
[WARNING]: Invalid characters were found in group names but not replaced, use
-vvvv to see details

PLAY [om-clientgamecalled_nginx] ***********************************************


TASK [Gathering Facts] *********************************************************
ok: [23.99.114.30]
ok: [119.9.110.31]

TASK [nginx_sync : Change python interpreter] **********************************

ok: [119.9.110.31]
ok: [23.99.114.30]

TASK [nginx_sync : change python interpreter] **********************************
ok: [119.9.110.31]

ok: [23.99.114.30]

TASK [nginx_sync : Notify] *****************************************************
ok: [119.9.110.31] => {
    "msg": "Syncing om-clientgamecalled_nginx"

}
ok: [23.99.114.30] => {
    "msg": "Syncing om-clientgamecalled_nginx"
}


TASK [nginx_sync : include_vars] ***********************************************
ok: [119.9.110.31]
ok: [23.99.114.30]

TASK [nginx_sync : Synchronizing Nginx] ****************************************

ok: [119.9.110.31] => (item=conf)
ok: [23.99.114.30] => (item=conf)
changed: [23.99.114.30] => (item=conf.d)
changed: [119.9.110.31] => (item=conf.d)
ok: [23.99.114.30] => (item=data)

ok: [119.9.110.31] => (item=data)
ok: [23.99.114.30] => (item=html)
ok: [119.9.110.31] => (item=html)

TASK [nginx_sync : Set HTML Dir to root] ***************************************

ok: [119.9.110.31]
ok: [23.99.114.30]

TASK [all_servers : include_vars] **********************************************
ok: [119.9.110.31]

ok: [23.99.114.30]

TASK [all_servers : Notify] ****************************************************
ok: [119.9.110.31] => {
    "msg": "Clearing Nginx Cache for om-clientgamecalled_nginx"

}
ok: [23.99.114.30] => {
    "msg": "Clearing Nginx Cache for om-clientgamecalled_nginx"
}


TASK [all_servers : Copying clear_nginxcache.sh to remote hosts] ***************
ok: [119.9.110.31]
ok: [23.99.114.30]

TASK [all_servers : Nginx Clear Cache] *****************************************

changed: [23.99.114.30]
changed: [119.9.110.31]

TASK [all_servers : debug] *****************************************************
ok: [119.9.110.31] => {

    "script_result.stdout_lines": [
        "-----------------------------------------------------------", 
        "|                 Checking Nginx Config                   |", 
        "-----------------------------------------------------------", 
        "", 

        " nginx -t ", 
        "", 
        "-----------------------------------------------------------", 
        "|                 Stopping Nginx Process                  |", 
        "-----------------------------------------------------------", 

        "", 
        " /usr/bin/killall -9 nginx ", 
        "", 
        "-----------------------------------------------------------", 
        "|                 Clearing Proxy Cache                    |", 

        "-----------------------------------------------------------", 
        "", 
        " /bin/rm -rf /tmp/nginx_cache ", 
        "", 
        "-----------------------------------------------------------", 

        "|                Restarting Nginx Process                 |", 
        "-----------------------------------------------------------", 
        "root     26523  0.0  0.0 106064  1432 ?        S    11:04   0:00 /bin/bash /bak/bin/clear_nginxcache.sh", 
        "root     26533  0.0  0.0 464560  5420 ?        Ss   11:04   0:00 nginx: master process /usr/local/nginx/sbin/nginx", 
        "nobody   26534  0.0  0.1 471128 14084 ?        S    11:04   0:00 nginx: worker process      ", 

        "nobody   26536  0.0  0.1 471128 13784 ?        S    11:04   0:00 nginx: worker process      ", 
        "nobody   26537  0.0  0.1 471128 14088 ?        S    11:04   0:00 nginx: worker process      ", 
        "nobody   26538  0.0  0.1 471128 13784 ?        S    11:04   0:00 nginx: worker process      ", 
        "nobody   26539  0.0  0.0 464560  5928 ?        S    11:04   0:00 nginx: cache manager process", 
        "nobody   26540  0.0  0.0 464560  5800 ?        S    11:04   0:00 nginx: cache loader process", 

        "root     26543  0.0  0.0 103244   884 ?        S    11:04   0:00 grep nginx", 
        "             total       used       free     shared    buffers     cached", 
        "Mem:          7994       6834       1159          3        172        157", 
        "-/+ buffers/cache:       6504       1489", 
        "Swap:            0          0          0", 

        "-----------------------------------------------------------", 
        "|                     Reload SUCCESS!                     |", 
        "-----------------------------------------------------------"
    ]
}

ok: [23.99.114.30] => {
    "script_result.stdout_lines": [
        "-----------------------------------------------------------", 
        "|                 Checking Nginx Config                   |", 
        "-----------------------------------------------------------", 

        "", 
        " nginx -t ", 
        "", 
        "-----------------------------------------------------------", 
        "|                 Stopping Nginx Process                  |", 

        "-----------------------------------------------------------", 
        "", 
        " /usr/bin/killall -9 nginx ", 
        "", 
        "-----------------------------------------------------------", 

        "|                 Clearing Proxy Cache                    |", 
        "-----------------------------------------------------------", 
        "", 
        " /bin/rm -rf /tmp/nginx_cache ", 
        "", 

        "-----------------------------------------------------------", 
        "|                Restarting Nginx Process                 |", 
        "-----------------------------------------------------------", 
        "root        989  0.0  0.0   9120   652 ?        Ss    2019   0:00 /sbin/dhclient -H om-clientgamecalled_nginx2.hk.az.monaco1.me -1 -q -lf /var/lib/dhclient/dhclient-eth0.leases -pf /var/run/dhclient-eth0.pid eth0", 
        "root     109310  0.0  0.0 106120  1292 ?        S    11:04   0:00 /bin/bash /bak/bin/clear_nginxcache.sh", 

        "root     109426  0.0  0.1 462412  5284 ?        Ss   11:04   0:00 nginx: master process /usr/local/nginx/sbin/nginx", 
        "nobody   109427  0.0  0.3 468980 13548 ?        S    11:04   0:00 nginx: worker process      ", 
        "nobody   109429  0.0  0.3 468980 13548 ?        S    11:04   0:00 nginx: worker process      ", 
        "nobody   109430  0.0  0.3 468980 13548 ?        S    11:04   0:00 nginx: worker process      ", 
        "nobody   109431  0.0  0.3 468980 13548 ?        S    11:04   0:00 nginx: worker process      ", 

        "nobody   109432  0.0  0.1 462412  5704 ?        S    11:04   0:00 nginx: cache manager process", 
        "nobody   109433  0.0  0.1 462412  5652 ?        S    11:04   0:00 nginx: cache loader process", 
        "root     109478  0.0  0.0 103332   852 ?        S    11:04   0:00 grep nginx", 
        "             total       used       free     shared    buffers     cached", 
        "Mem:          3440       2705        735          2        192        522", 

        "-/+ buffers/cache:       1990       1450", 
        "Swap:            0          0          0", 
        "-----------------------------------------------------------", 
        "|                     Reload SUCCESS!                     |", 
        "-----------------------------------------------------------"

    ]
}

PLAY [127.0.0.1] ***************************************************************


TASK [sync_to_git : Synchronizing Nginx To GIT] ********************************
changed: [127.0.0.1]

TASK [sync_to_git : debug] *****************************************************
ok: [127.0.0.1] => {

    "msg": " [u'[master b672570] jax.laut', u' 1 file changed, 1 insertion(+)', u'Branch master set up to track remote branch master from origin.']"
}

PLAY [om-clientgamecalled_nginx] ***********************************************


PLAY [127.0.0.1] ***************************************************************

PLAY RECAP *********************************************************************
119.9.110.31               : ok=12   changed=2    unreachable=0    failed=0    skipped=0    rescued=0    ignored=0   
127.0.0.1                  : ok=2    changed=1    unreachable=0    failed=0    skipped=0    rescued=0    ignored=0   

23.99.114.30               : ok=12   changed=2    unreachable=0    failed=0    skipped=0    rescued=0    ignored=0   


ESYNC_WORKER1_COMMAND_END
MAX RETRIES EXECUTED, COMMAND NOT RESPONDING