ESYNC_WORKER1_COMMAND_START
 [WARNING]: Invalid characters were found in group names but not replaced, use
-vvvv to see details

PLAY [om-clientgamecalled_nginx] ***********************************************


TASK [Gathering Facts] *********************************************************
ok: [119.9.110.31]
ok: [23.99.114.30]

TASK [nginx_sync : Change python interpreter] **********************************

ok: [119.9.110.31]
ok: [23.99.114.30]

TASK [nginx_sync : change python interpreter] **********************************
ok: [119.9.110.31]

ok: [23.99.114.30]

TASK [nginx_sync : Notify] *****************************************************
ok: [119.9.110.31] => {
    "msg": "Syncing om-clientgamecalled_nginx"

}
ok: [23.99.114.30] => {
    "msg": "Syncing om-clientgamecalled_nginx"
}


TASK [nginx_sync : include_vars] ***********************************************
ok: [119.9.110.31]
ok: [23.99.114.30]

TASK [nginx_sync : Synchronizing Nginx] ****************************************

ok: [23.99.114.30] => (item=conf)
ok: [119.9.110.31] => (item=conf)
changed: [23.99.114.30] => (item=conf.d)
changed: [119.9.110.31] => (item=conf.d)
ok: [119.9.110.31] => (item=data)

ok: [23.99.114.30] => (item=data)
ok: [119.9.110.31] => (item=html)
ok: [23.99.114.30] => (item=html)

TASK [all_servers : include_vars] **********************************************

ok: [119.9.110.31]
ok: [23.99.114.30]

TASK [all_servers : Notify] ****************************************************
ok: [119.9.110.31] => {

    "msg": "Clearing Nginx Cache for om-clientgamecalled_nginx"
}
ok: [23.99.114.30] => {
    "msg": "Clearing Nginx Cache for om-clientgamecalled_nginx"
}


TASK [all_servers : Copying clear_nginxcache.sh to remote hosts] ***************
ok: [119.9.110.31]
ok: [23.99.114.30]


TASK [all_servers : Nginx Clear Cache] *****************************************
changed: [23.99.114.30]
changed: [119.9.110.31]

TASK [all_servers : debug] *****************************************************

ok: [119.9.110.31] => {
    "script_result.stdout_lines": [
        "-----------------------------------------------------------", 
        "|                 Checking Nginx Config                   |", 
        "-----------------------------------------------------------", 

        "", 
        " nginx -t ", 
        "", 
        "-----------------------------------------------------------", 
        "|                 Stopping Nginx Process                  |", 

        "-----------------------------------------------------------", 
        "", 
        " /usr/bin/killall -9 nginx ", 
        "", 
        "-----------------------------------------------------------", 

        "|                 Clearing Proxy Cache                    |", 
        "-----------------------------------------------------------", 
        "", 
        " /bin/rm -rf /tmp/nginx_cache ", 
        "", 

        "-----------------------------------------------------------", 
        "|                Restarting Nginx Process                 |", 
        "-----------------------------------------------------------", 
        "root      9283  0.0  0.0 100948   752 pts/0    S+   13:18   0:00 tail -f /usr/local/nginx/logs/loginapiBYgame.access.log", 
        "root     16013  0.0  0.0 106064  1432 ?        S    16:37   0:00 /bin/bash /bak/bin/clear_nginxcache.sh", 

        "root     16024  0.0  0.0 462304  4176 ?        Ss   16:38   0:00 nginx: master process /usr/local/nginx/sbin/nginx", 
        "nobody   16026  0.0  0.1 470796 12928 ?        S    16:38   0:00 nginx: worker process      ", 
        "nobody   16027  0.0  0.1 470796 12928 ?        S    16:38   0:00 nginx: worker process      ", 
        "nobody   16028  0.0  0.1 470796 12928 ?        S    16:38   0:00 nginx: worker process      ", 
        "nobody   16029  0.0  0.1 470796 12928 ?        S    16:38   0:00 nginx: worker process      ", 

        "nobody   16030  0.0  0.0 462304  4680 ?        S    16:38   0:00 nginx: cache manager process", 
        "nobody   16031  0.0  0.0 462304  4552 ?        S    16:38   0:00 nginx: cache loader process", 
        "root     16033  0.0  0.0 103244   880 ?        S    16:38   0:00 grep nginx", 
        "             total       used       free     shared    buffers     cached", 
        "Mem:          7994       3819       4175          3        232        535", 

        "-/+ buffers/cache:       3051       4943", 
        "Swap:            0          0          0", 
        "-----------------------------------------------------------", 
        "|                     Reload SUCCESS!                     |", 
        "-----------------------------------------------------------"

    ]
}
ok: [23.99.114.30] => {
    "script_result.stdout_lines": [
        "-----------------------------------------------------------", 

        "|                 Checking Nginx Config                   |", 
        "-----------------------------------------------------------", 
        "", 
        " nginx -t ", 
        "", 

        "-----------------------------------------------------------", 
        "|                 Stopping Nginx Process                  |", 
        "-----------------------------------------------------------", 
        "", 
        " /usr/bin/killall -9 nginx ", 

        "", 
        "-----------------------------------------------------------", 
        "|                 Clearing Proxy Cache                    |", 
        "-----------------------------------------------------------", 
        "", 

        " /bin/rm -rf /tmp/nginx_cache ", 
        "", 
        "-----------------------------------------------------------", 
        "|                Restarting Nginx Process                 |", 
        "-----------------------------------------------------------", 

        "root        989  0.0  0.0   9120   656 ?        Ss   Sep15   0:00 /sbin/dhclient -H om-clientgamecalled_nginx2.hk.az.monaco1.me -1 -q -lf /var/lib/dhclient/dhclient-eth0.leases -pf /var/run/dhclient-eth0.pid eth0", 
        "root      52088  0.0  0.0 100960   616 pts/0    S+   16:02   0:00 tail -f /usr/local/nginx/logs/loginapiBYgame.access.log", 
        "root      54701  0.0  0.0 106120  1296 ?        S    16:38   0:00 /bin/bash /bak/bin/clear_nginxcache.sh", 
        "root      54714  0.0  0.1 462352  5232 ?        Ss   16:38   0:00 nginx: master process /usr/local/nginx/sbin/nginx", 
        "nobody    54715  0.0  0.3 468920 13504 ?        S    16:38   0:00 nginx: worker process      ", 

        "nobody    54717  0.5  0.3 468920 14036 ?        S    16:38   0:00 nginx: worker process      ", 
        "nobody    54718  0.0  0.3 468920 14076 ?        S    16:38   0:00 nginx: worker process      ", 
        "nobody    54719  0.0  0.3 468920 13504 ?        S    16:38   0:00 nginx: worker process      ", 
        "nobody    54720  0.0  0.1 462352  5644 ?        S    16:38   0:00 nginx: cache manager process", 
        "nobody    54721  0.0  0.1 462352  5592 ?        S    16:38   0:00 nginx: cache loader process", 

        "root      54723  0.0  0.0 103332   852 ?        S    16:38   0:00 grep nginx", 
        "             total       used       free     shared    buffers     cached", 
        "Mem:          3440       1748       1691          2        197       1199", 
        "-/+ buffers/cache:        351       3088", 
        "Swap:            0          0          0", 

        "-----------------------------------------------------------", 
        "|                     Reload SUCCESS!                     |", 
        "-----------------------------------------------------------"
    ]
}


PLAY [127.0.0.1] ***************************************************************

TASK [sync_to_git : Synchronizing Nginx To GIT] ********************************
changed: [127.0.0.1]


TASK [sync_to_git : debug] *****************************************************
ok: [127.0.0.1] => {
    "msg": " [u'[master 983d9be] jax.laut', u' 1 file changed, 1 insertion(+), 8 deletions(-)', u'Branch master set up to track remote branch master from origin.']"
}


PLAY [om-clientgamecalled_nginx] ***********************************************

PLAY [127.0.0.1] ***************************************************************


PLAY RECAP *********************************************************************
119.9.110.31               : ok=11   changed=2    unreachable=0    failed=0    skipped=0    rescued=0    ignored=0   
127.0.0.1                  : ok=2    changed=1    unreachable=0    failed=0    skipped=0    rescued=0    ignored=0   
23.99.114.30               : ok=11   changed=2    unreachable=0    failed=0    skipped=0    rescued=0    ignored=0   



ESYNC_WORKER1_COMMAND_END
MAX RETRIES EXECUTED, COMMAND NOT RESPONDING