ESYNC_WORKER1_COMMAND_START
 [WARNING]: Invalid characters were found in group names but not replaced, use
-vvvv to see details

PLAY [om-clientgamecalled_nginx] ***********************************************


TASK [Gathering Facts] *********************************************************
ok: [119.9.110.31]
ok: [23.99.114.30]
ok: [203.60.2.48]


TASK [nginx_sync : Change python interpreter] **********************************
ok: [119.9.110.31]
ok: [23.99.114.30]
skipping: [203.60.2.48]


TASK [nginx_sync : change python interpreter] **********************************
ok: [119.9.110.31]
ok: [23.99.114.30]
skipping: [203.60.2.48]


TASK [nginx_sync : Notify] *****************************************************
ok: [119.9.110.31] => {
    "msg": "Syncing om-clientgamecalled_nginx"
}
ok: [23.99.114.30] => {

    "msg": "Syncing om-clientgamecalled_nginx"
}
ok: [203.60.2.48] => {
    "msg": "Syncing om-clientgamecalled_nginx"
}


TASK [nginx_sync : include_vars] ***********************************************
ok: [119.9.110.31]
ok: [23.99.114.30]
ok: [203.60.2.48]


TASK [nginx_sync : Synchronizing Nginx] ****************************************
ok: [119.9.110.31] => (item=conf)
ok: [203.60.2.48] => (item=conf)
ok: [23.99.114.30] => (item=conf)

changed: [119.9.110.31] => (item=conf.d)
changed: [23.99.114.30] => (item=conf.d)
changed: [203.60.2.48] => (item=conf.d)
ok: [119.9.110.31] => (item=data)
ok: [203.60.2.48] => (item=data)

ok: [23.99.114.30] => (item=data)
ok: [119.9.110.31] => (item=html)
ok: [203.60.2.48] => (item=html)
ok: [23.99.114.30] => (item=html)


TASK [all_servers : include_vars] **********************************************
ok: [119.9.110.31]
ok: [23.99.114.30]
ok: [203.60.2.48]


TASK [all_servers : Notify] ****************************************************
ok: [119.9.110.31] => {
    "msg": "Clearing Nginx Cache for om-clientgamecalled_nginx"
}
ok: [23.99.114.30] => {

    "msg": "Clearing Nginx Cache for om-clientgamecalled_nginx"
}
ok: [203.60.2.48] => {
    "msg": "Clearing Nginx Cache for om-clientgamecalled_nginx"
}


TASK [all_servers : Copying clear_nginxcache.sh to remote hosts] ***************
ok: [23.99.114.30]
ok: [203.60.2.48]
ok: [119.9.110.31]


TASK [all_servers : Nginx Clear Cache] *****************************************
changed: [23.99.114.30]
changed: [119.9.110.31]
changed: [203.60.2.48]


TASK [all_servers : debug] *****************************************************
ok: [119.9.110.31] => {
    "script_result.stdout_lines": [
        "-----------------------------------------------------------", 

        "|                 Checking Nginx Config                   |", 
        "-----------------------------------------------------------", 
        "", 
        " nginx -t ", 
        "", 

        "-----------------------------------------------------------", 
        "|                 Stopping Nginx Process                  |", 
        "-----------------------------------------------------------", 
        "", 
        " /usr/bin/killall -9 nginx ", 

        "", 
        "-----------------------------------------------------------", 
        "|                 Clearing Proxy Cache                    |", 
        "-----------------------------------------------------------", 
        "", 

        " /bin/rm -rf /tmp/nginx_cache ", 
        "", 
        "-----------------------------------------------------------", 
        "|                Restarting Nginx Process                 |", 
        "-----------------------------------------------------------", 

        "root      9077  0.0  0.0 106064  1432 ?        S    10:19   0:00 /bin/bash /bak/bin/clear_nginxcache.sh", 
        "root      9083  0.0  0.0 462144  4012 ?        Ss   10:19   0:00 nginx: master process /usr/local/nginx/sbin/nginx", 
        "nobody    9084  0.0  0.3 470636 12764 ?        S    10:19   0:00 nginx: worker process      ", 
        "nobody    9086  0.0  0.3 470636 12764 ?        S    10:19   0:00 nginx: worker process      ", 
        "nobody    9087  0.0  0.3 470636 12764 ?        S    10:19   0:00 nginx: worker process      ", 

        "nobody    9088  0.0  0.3 470636 12764 ?        S    10:19   0:00 nginx: worker process      ", 
        "nobody    9089  0.0  0.1 462144  4524 ?        S    10:19   0:00 nginx: cache manager process", 
        "nobody    9090  0.0  0.1 462144  4396 ?        S    10:19   0:00 nginx: cache loader process", 
        "root      9092  0.0  0.0 103244   880 ?        S    10:19   0:00 grep nginx", 
        "             total       used       free     shared    buffers     cached", 

        "Mem:          3954       3103        850          2        261        910", 
        "-/+ buffers/cache:       1931       2022", 
        "Swap:            0          0          0", 
        "-----------------------------------------------------------", 
        "|                     Reload SUCCESS!                     |", 

        "-----------------------------------------------------------"
    ]
}
ok: [23.99.114.30] => {
    "script_result.stdout_lines": [

        "-----------------------------------------------------------", 
        "|                 Checking Nginx Config                   |", 
        "-----------------------------------------------------------", 
        "", 
        " nginx -t ", 

        "", 
        "-----------------------------------------------------------", 
        "|                 Stopping Nginx Process                  |", 
        "-----------------------------------------------------------", 
        "", 

        " /usr/bin/killall -9 nginx ", 
        "", 
        "-----------------------------------------------------------", 
        "|                 Clearing Proxy Cache                    |", 
        "-----------------------------------------------------------", 

        "", 
        " /bin/rm -rf /tmp/nginx_cache ", 
        "", 
        "-----------------------------------------------------------", 
        "|                Restarting Nginx Process                 |", 

        "-----------------------------------------------------------", 
        "root      93962  0.0  0.0   9120   532 ?        Ss   Mar19   0:00 /sbin/dhclient -H om-clientgamecalled_nginx2.hk.az.monaco1.me -1 -q -lf /var/lib/dhclient/dhclient-eth0.leases -pf /var/run/dhclient-eth0.pid eth0", 
        "root     126058  0.0  0.0 106120  1292 ?        S    10:19   0:00 /bin/bash /bak/bin/clear_nginxcache.sh", 
        "root     126071  0.0  0.1 460012  3896 ?        Ss   10:19   0:00 nginx: master process /usr/local/nginx/sbin/nginx", 
        "nobody   126072  2.5  0.3 468504 12932 ?        S    10:19   0:00 nginx: worker process      ", 

        "nobody   126074  0.0  0.3 468504 13028 ?        S    10:19   0:00 nginx: worker process      ", 
        "nobody   126075  1.5  0.3 468504 13176 ?        S    10:19   0:00 nginx: worker process      ", 
        "nobody   126076  2.5  0.3 468504 13028 ?        S    10:19   0:00 nginx: worker process      ", 
        "nobody   126077  0.0  0.1 460012  4384 ?        S    10:19   0:00 nginx: cache manager process", 
        "nobody   126078  0.0  0.1 460012  4256 ?        S    10:19   0:00 nginx: cache loader process", 

        "root     126083  0.0  0.0 103332   856 ?        S    10:19   0:00 grep nginx", 
        "             total       used       free     shared    buffers     cached", 
        "Mem:          3440        966       2473          2        178        414", 
        "-/+ buffers/cache:        373       3066", 
        "Swap:            0          0          0", 

        "-----------------------------------------------------------", 
        "|                     Reload SUCCESS!                     |", 
        "-----------------------------------------------------------"
    ]
}

ok: [203.60.2.48] => {
    "script_result.stdout_lines": [
        "-----------------------------------------------------------", 
        "|                 Checking Nginx Config                   |", 
        "-----------------------------------------------------------", 

        "", 
        " nginx -t ", 
        "", 
        "-----------------------------------------------------------", 
        "|                 Stopping Nginx Process                  |", 

        "-----------------------------------------------------------", 
        "", 
        " /usr/bin/killall -9 nginx ", 
        "", 
        "-----------------------------------------------------------", 

        "|                 Clearing Proxy Cache                    |", 
        "-----------------------------------------------------------", 
        "", 
        " /bin/rm -rf /tmp/nginx_cache ", 
        "", 

        "-----------------------------------------------------------", 
        "|                Restarting Nginx Process                 |", 
        "-----------------------------------------------------------", 
        "root     29166  0.9  0.0 113180  1524 ?        S    10:19   0:00 /bin/bash /bak/bin/clear_nginxcache.sh", 
        "root     29180  0.0  0.0 465584  5148 ?        Ss   10:19   0:00 nginx: master process /usr/local/nginx/sbin/nginx", 

        "nobody   29182  0.0  0.1 472152 13540 ?        S    10:19   0:00 nginx: worker process", 
        "nobody   29183  0.0  0.1 472152 13540 ?        S    10:19   0:00 nginx: worker process", 
        "nobody   29184  0.0  0.1 472152 13540 ?        S    10:19   0:00 nginx: worker process", 
        "nobody   29185  0.0  0.1 472152 13540 ?        S    10:19   0:00 nginx: worker process", 
        "nobody   29186  0.0  0.0 465584  5572 ?        S    10:19   0:00 nginx: cache manager process", 

        "nobody   29187  0.0  0.0 465584  5572 ?        S    10:19   0:00 nginx: cache loader process", 
        "root     29189  0.0  0.0 112708   968 ?        S    10:19   0:00 grep nginx", 
        "              total        used        free      shared  buff/cache   available", 
        "Mem:           7311         205        3714         195        3391        6590", 
        "Swap:             0           0           0", 

        "-----------------------------------------------------------", 
        "|                     Reload SUCCESS!                     |", 
        "-----------------------------------------------------------"
    ]
}


PLAY [127.0.0.1] ***************************************************************

TASK [sync_to_git : Synchronizing Nginx To GIT] ********************************
changed: [127.0.0.1]


TASK [sync_to_git : debug] *****************************************************
ok: [127.0.0.1] => {
    "msg": " [u'[master 689aed2] jax.laut', u' 1 file changed, 81 insertions(+), 10 deletions(-)', u'Branch master set up to track remote branch master from origin.']"
}


PLAY [om-clientgamecalled_nginx] ***********************************************

PLAY [127.0.0.1] ***************************************************************


PLAY RECAP *********************************************************************
119.9.110.31               : ok=11   changed=2    unreachable=0    failed=0    skipped=0    rescued=0    ignored=0   
127.0.0.1                  : ok=2    changed=1    unreachable=0    failed=0    skipped=0    rescued=0    ignored=0   
203.60.2.48                : ok=9    changed=2    unreachable=0    failed=0    skipped=2    rescued=0    ignored=0   
23.99.114.30               : ok=11   changed=2    unreachable=0    failed=0    skipped=0    rescued=0    ignored=0   



ESYNC_WORKER1_COMMAND_END
MAX RETRIES EXECUTED, COMMAND NOT RESPONDING