--- /ansible/nginx/hostgroups/om-clientgamecalled_nginx/nginx/conf.d/other/gapi.conf	2019-05-16 16:01:46.353414773 +0800
+++ /tmp/gapi.conf	2019-06-18 12:28:32.358713387 +0800
@@ -253,25 +253,25 @@
 #}
 
 
-server {
-        listen 80;
-        server_name gapi.k16888.net;
-        
-        access_log  logs/keno.access.log main;
-        access_log  logs/keno.logstash.access.log logstash;
-        error_log  logs/keno.error.log  ;
-            
-        if ($request_method !~* GET|POST|HEAD) {
-                return 403;
-        }
-
-        location / {
-	include /usr/local/nginx/conf.d/include/whitelistIP.include;
-        include /usr/local/nginx/conf.d/include/proxy.conf.fwd.include ;
+#server {
+#        listen 80;
+#        server_name gapi.k16888.net;
+#        
+#        access_log  logs/keno.access.log main;
+#        access_log  logs/keno.logstash.access.log logstash;
+#        error_log  logs/keno.error.log  ;
+#            
+#        if ($request_method !~* GET|POST|HEAD) {
+#                return 403;
+#        }
+
+#        location / {
+#	include /usr/local/nginx/conf.d/include/whitelistIP.include;
+#        include /usr/local/nginx/conf.d/include/proxy.conf.fwd.include ;
         #proxy_next_upstream http_500 http_502 http_503 http_504 http_404 timeout invalid_header error;
-                proxy_pass http://gapi.k16888.net;
-        }
-}
+#                proxy_pass http://gapi.k16888.net;
+#        }
+#}
 
 
 

