ESYNC_WORKER1_COMMAND_START

PLAY [om-clientgamecalled_nginx] ***********************************************

TASK [nginx_sync : Notify] *****************************************************
ok: [119.9.110.31] => {

    "msg": "Syncing om-clientgamecalled_nginx"
}
ok: [23.99.114.30] => {
    "msg": "Syncing om-clientgamecalled_nginx"
}


TASK [nginx_sync : include_vars] ***********************************************
ok: [119.9.110.31]
ok: [23.99.114.30]


TASK [nginx_sync : Synchronizing Nginx] ****************************************
ok: [119.9.110.31] => (item=conf)
ok: [23.99.114.30] => (item=conf)
changed: [119.9.110.31] => (item=conf.d)
changed: [23.99.114.30] => (item=conf.d)

ok: [119.9.110.31] => (item=data)
ok: [23.99.114.30] => (item=data)
ok: [119.9.110.31] => (item=html)
ok: [23.99.114.30] => (item=html)


TASK [all_servers : include_vars] **********************************************
ok: [119.9.110.31]
ok: [23.99.114.30]

TASK [all_servers : Notify] ****************************************************

ok: [119.9.110.31] => {
    "msg": "Clearing Nginx Cache for om-clientgamecalled_nginx"
}
ok: [23.99.114.30] => {
    "msg": "Clearing Nginx Cache for om-clientgamecalled_nginx"

}

TASK [all_servers : Copying clear_nginxcache.sh to remote hosts] ***************
ok: [23.99.114.30]
ok: [119.9.110.31]


TASK [all_servers : Nginx Clear Cache] *****************************************
changed: [23.99.114.30]
changed: [119.9.110.31]


TASK [all_servers : debug] *****************************************************
ok: [119.9.110.31] => {
    "script_result.stdout_lines": [
        "-----------------------------------------------------------", 
        "|                 Checking Nginx Config                   |", 

        "-----------------------------------------------------------", 
        "", 
        " nginx -t ", 
        "", 
        "-----------------------------------------------------------", 

        "|                 Stopping Nginx Process                  |", 
        "-----------------------------------------------------------", 
        "", 
        " /usr/bin/killall -9 nginx ", 
        "", 

        "-----------------------------------------------------------", 
        "|                 Clearing Proxy Cache                    |", 
        "-----------------------------------------------------------", 
        "", 
        " /bin/rm -rf /tmp/nginx_cache ", 

        "", 
        "-----------------------------------------------------------", 
        "|                Restarting Nginx Process                 |", 
        "-----------------------------------------------------------", 
        "root     26736  0.0  0.0 106064  1436 ?        S    17:46   0:00 /bin/bash /bak/bin/clear_nginxcache.sh", 

        "root     26758  0.0  0.1 464672  5544 ?        Ss   17:47   0:00 nginx: master process /usr/local/nginx/sbin/nginx", 
        "nobody   26760  0.0  0.3 471240 13892 ?        S    17:47   0:00 nginx: worker process      ", 
        "nobody   26761  0.0  0.3 471240 13892 ?        S    17:47   0:00 nginx: worker process      ", 
        "nobody   26762  0.0  0.3 471240 13892 ?        S    17:47   0:00 nginx: worker process      ", 
        "nobody   26763  0.0  0.3 471240 13892 ?        S    17:47   0:00 nginx: worker process      ", 

        "nobody   26764  0.0  0.1 464672  6048 ?        S    17:47   0:00 nginx: cache manager process", 
        "nobody   26765  0.0  0.1 464672  5920 ?        S    17:47   0:00 nginx: cache loader process", 
        "root     26767  0.0  0.0 103244   876 ?        S    17:47   0:00 grep nginx", 
        "             total       used       free     shared    buffers     cached", 
        "Mem:          3954       3678        276          2        575        357", 

        "-/+ buffers/cache:       2745       1208", 
        "Swap:            0          0          0", 
        "-----------------------------------------------------------", 
        "|                     Reload SUCCESS!                     |", 
        "-----------------------------------------------------------"

    ]
}
ok: [23.99.114.30] => {
    "script_result.stdout_lines": [
        "-----------------------------------------------------------", 

        "|                 Checking Nginx Config                   |", 
        "-----------------------------------------------------------", 
        "", 
        " nginx -t ", 
        "", 

        "-----------------------------------------------------------", 
        "|                 Stopping Nginx Process                  |", 
        "-----------------------------------------------------------", 
        "", 
        " /usr/bin/killall -9 nginx ", 

        "", 
        "-----------------------------------------------------------", 
        "|                 Clearing Proxy Cache                    |", 
        "-----------------------------------------------------------", 
        "", 

        " /bin/rm -rf /tmp/nginx_cache ", 
        "", 
        "-----------------------------------------------------------", 
        "|                Restarting Nginx Process                 |", 
        "-----------------------------------------------------------", 

        "root      57069  0.0  0.0 106120  1296 ?        S    17:46   0:00 /bin/bash /bak/bin/clear_nginxcache.sh", 
        "root      57190  0.0  0.1 462528  5420 ?        Ss   17:47   0:00 nginx: master process /usr/local/nginx/sbin/nginx", 
        "nobody    57191  0.0  0.4 469096 14260 ?        S    17:47   0:00 nginx: worker process      ", 
        "nobody    57193  0.5  0.3 469096 13688 ?        S    17:47   0:00 nginx: worker process      ", 
        "nobody    57194  0.0  0.4 469096 14192 ?        S    17:47   0:00 nginx: worker process      ", 

        "nobody    57195  0.5  0.4 469096 14200 ?        S    17:47   0:00 nginx: worker process      ", 
        "nobody    57196  0.0  0.1 462528  5828 ?        S    17:47   0:00 nginx: cache manager process", 
        "nobody    57197  0.0  0.1 462528  5776 ?        S    17:47   0:00 nginx: cache loader process", 
        "root      57199  0.0  0.0 103328   844 ?        S    17:47   0:00 grep nginx", 
        "root      93962  0.0  0.0   9120   700 ?        Ss   Mar19   0:00 /sbin/dhclient -H om-clientgamecalled_nginx2.hk.az.monaco1.me -1 -q -lf /var/lib/dhclient/dhclient-eth0.leases -pf /var/run/dhclient-eth0.pid eth0", 

        "             total       used       free     shared    buffers     cached", 
        "Mem:          3440       3279        161          2        177       1508", 
        "-/+ buffers/cache:       1592       1847", 
        "Swap:            0          0          0", 
        "-----------------------------------------------------------", 

        "|                     Reload SUCCESS!                     |", 
        "-----------------------------------------------------------"
    ]
}


PLAY [127.0.0.1] ***************************************************************

TASK [sync_to_git : Synchronizing Nginx To GIT] ********************************
changed: [127.0.0.1]


TASK [sync_to_git : debug] *****************************************************
ok: [127.0.0.1] => {
    "script_result.stdout_lines": [
        "[master 7873cc9] jax.laut", 
        " 1 file changed, 4 insertions(+), 4 deletions(-)", 

        "Branch master set up to track remote branch master from origin."
    ]
}

PLAY [om-clientgamecalled_nginx] ***********************************************


PLAY [127.0.0.1] ***************************************************************

PLAY RECAP *********************************************************************
119.9.110.31               : ok=8    changed=2    unreachable=0    failed=0   

127.0.0.1                  : ok=2    changed=1    unreachable=0    failed=0   
23.99.114.30               : ok=8    changed=2    unreachable=0    failed=0   


ESYNC_WORKER1_COMMAND_END
MAX RETRIES EXECUTED, COMMAND NOT RESPONDING