--- /ansible/nginx/hostgroups/om-clientgamecalled_nginx/nginx/conf.d/other/ebet-wapi.conf	2019-06-18 12:40:46.307713387 +0800
+++ /tmp/ebet-wapi.conf	2019-07-10 15:17:28.670206173 +0800
@@ -17,8 +17,8 @@
           index   index.html ;
 
           charset utf-8;
-          access_log logs/ebet.eu.wapi.cpms8.me.access.log main;
-          error_log  logs/ebet.eu.wapi.cpms8.me.error.log;
+          access_log logs/ebet/ebet.eu.wapi.cpms8.me.access.log main;
+          error_log  logs/ebet/ebet.eu.wapi.cpms8.me.error.log;
 
           ssl on;
           ssl_certificate    /usr/local/nginx/conf.d/ssl/cpms8.me/fullchain.pem;
@@ -32,5 +32,20 @@
         }
 }
 
+server {
+
+        listen 80;
+        server_name ebet.eu.wapi.neweb.me;
+        index   index.jsp index.html index.htm;
+        charset utf-8;
+
+       location /logs/ {
+       alias /usr/local/nginx/logs/ebet/;
+#       include /usr/local/nginx/conf.d/whitelistIPewallet.conf.include;
+       default_type  text/plain;
+       autoindex on;
+       autoindex_exact_size off;
+       }
+}
 
 

