ESYNC_WORKER1_COMMAND_START

PLAY [om-clientgamecalled_nginx] ***********************************************

TASK [nginx_sync : Notify] *****************************************************
ok: [119.9.110.31] => {

    "msg": "Syncing om-clientgamecalled_nginx"
}
ok: [23.99.114.30] => {
    "msg": "Syncing om-clientgamecalled_nginx"
}


TASK [nginx_sync : include_vars] ***********************************************
ok: [119.9.110.31]
ok: [23.99.114.30]


TASK [nginx_sync : Synchronizing Nginx] ****************************************
ok: [23.99.114.30] => (item=conf)
ok: [119.9.110.31] => (item=conf)
changed: [119.9.110.31] => (item=conf.d)
changed: [23.99.114.30] => (item=conf.d)

ok: [23.99.114.30] => (item=data)
ok: [119.9.110.31] => (item=data)
ok: [119.9.110.31] => (item=html)
ok: [23.99.114.30] => (item=html)


TASK [all_servers : include_vars] **********************************************
ok: [119.9.110.31]
ok: [23.99.114.30]

TASK [all_servers : Notify] ****************************************************

ok: [119.9.110.31] => {
    "msg": "Clearing Nginx Cache for om-clientgamecalled_nginx"
}
ok: [23.99.114.30] => {
    "msg": "Clearing Nginx Cache for om-clientgamecalled_nginx"

}

TASK [all_servers : Copying clear_nginxcache.sh to remote hosts] ***************
ok: [23.99.114.30]
ok: [119.9.110.31]


TASK [all_servers : Nginx Clear Cache] *****************************************
changed: [23.99.114.30]
changed: [119.9.110.31]


TASK [all_servers : debug] *****************************************************
ok: [119.9.110.31] => {
    "script_result.stdout_lines": [
        "-----------------------------------------------------------", 
        "|                 Checking Nginx Config                   |", 

        "-----------------------------------------------------------", 
        "", 
        " nginx -t ", 
        "", 
        "-----------------------------------------------------------", 

        "|                 Stopping Nginx Process                  |", 
        "-----------------------------------------------------------", 
        "", 
        " /usr/bin/killall -9 nginx ", 
        "", 

        "-----------------------------------------------------------", 
        "|                 Clearing Proxy Cache                    |", 
        "-----------------------------------------------------------", 
        "", 
        " /bin/rm -rf /tmp/nginx_cache ", 

        "", 
        "-----------------------------------------------------------", 
        "|                Restarting Nginx Process                 |", 
        "-----------------------------------------------------------", 
        "root      7190  0.0  0.0 106064  1436 ?        S    09:56   0:00 /bin/bash /bak/bin/clear_nginxcache.sh", 

        "root      7196  0.0  0.1 465068  5944 ?        Ss   09:56   0:00 nginx: master process /usr/local/nginx/sbin/nginx", 
        "nobody    7198  0.0  0.3 471636 14280 ?        S    09:56   0:00 nginx: worker process      ", 
        "nobody    7199  0.0  0.3 471636 14280 ?        S    09:56   0:00 nginx: worker process      ", 
        "nobody    7200  0.0  0.3 471636 14280 ?        S    09:56   0:00 nginx: worker process      ", 
        "nobody    7201  0.0  0.3 471636 14280 ?        S    09:56   0:00 nginx: worker process      ", 

        "nobody    7202  0.0  0.1 465068  6444 ?        S    09:56   0:00 nginx: cache manager process", 
        "nobody    7203  0.0  0.1 465068  6316 ?        S    09:56   0:00 nginx: cache loader process", 
        "root      7205  0.0  0.0 103244   876 ?        S    09:56   0:00 grep nginx", 
        "             total       used       free     shared    buffers     cached", 
        "Mem:          3954       3745        209          2        310        140", 

        "-/+ buffers/cache:       3293        660", 
        "Swap:            0          0          0", 
        "-----------------------------------------------------------", 
        "|                     Reload SUCCESS!                     |", 
        "-----------------------------------------------------------"

    ]
}
ok: [23.99.114.30] => {
    "script_result.stdout_lines": [
        "-----------------------------------------------------------", 

        "|                 Checking Nginx Config                   |", 
        "-----------------------------------------------------------", 
        "", 
        " nginx -t ", 
        "", 

        "-----------------------------------------------------------", 
        "|                 Stopping Nginx Process                  |", 
        "-----------------------------------------------------------", 
        "", 
        " /usr/bin/killall -9 nginx ", 

        "", 
        "-----------------------------------------------------------", 
        "|                 Clearing Proxy Cache                    |", 
        "-----------------------------------------------------------", 
        "", 

        " /bin/rm -rf /tmp/nginx_cache ", 
        "", 
        "-----------------------------------------------------------", 
        "|                Restarting Nginx Process                 |", 
        "-----------------------------------------------------------", 

        "root      17798  0.0  0.0 106120  1296 ?        S    09:56   0:00 /bin/bash /bak/bin/clear_nginxcache.sh", 
        "root      17813  0.0  0.1 462524  5424 ?        Ss   09:56   0:00 nginx: master process /usr/local/nginx/sbin/nginx", 
        "nobody    17814  0.0  0.3 469092 13776 ?        S    09:56   0:00 nginx: worker process      ", 
        "nobody    17816  0.0  0.3 469092 13688 ?        S    09:56   0:00 nginx: worker process      ", 
        "nobody    17817  0.0  0.4 469092 14160 ?        S    09:56   0:00 nginx: worker process      ", 

        "nobody    17818  0.0  0.4 469092 14172 ?        S    09:56   0:00 nginx: worker process      ", 
        "nobody    17819  0.0  0.1 462524  5828 ?        S    09:56   0:00 nginx: cache manager process", 
        "nobody    17820  0.0  0.1 462524  5776 ?        S    09:56   0:00 nginx: cache loader process", 
        "root      17823  0.0  0.0 103328   844 ?        S    09:56   0:00 grep nginx", 
        "root      93962  0.0  0.0   9120   592 ?        Ss   Mar19   0:00 /sbin/dhclient -H om-clientgamecalled_nginx2.hk.az.monaco1.me -1 -q -lf /var/lib/dhclient/dhclient-eth0.leases -pf /var/run/dhclient-eth0.pid eth0", 

        "             total       used       free     shared    buffers     cached", 
        "Mem:          3440       2222       1218          2        186        279", 
        "-/+ buffers/cache:       1756       1684", 
        "Swap:            0          0          0", 
        "-----------------------------------------------------------", 

        "|                     Reload SUCCESS!                     |", 
        "-----------------------------------------------------------"
    ]
}


PLAY [127.0.0.1] ***************************************************************

TASK [sync_to_git : Synchronizing Nginx To GIT] ********************************
changed: [127.0.0.1]


TASK [sync_to_git : debug] *****************************************************
ok: [127.0.0.1] => {
    "script_result.stdout_lines": [
        "[master 82d220d] jax.laut", 
        " 1 file changed, 11 insertions(+), 11 deletions(-)", 

        "Branch master set up to track remote branch master from origin."
    ]
}

PLAY [om-clientgamecalled_nginx] ***********************************************


PLAY [127.0.0.1] ***************************************************************

PLAY RECAP *********************************************************************
119.9.110.31               : ok=8    changed=2    unreachable=0    failed=0   

127.0.0.1                  : ok=2    changed=1    unreachable=0    failed=0   
23.99.114.30               : ok=8    changed=2    unreachable=0    failed=0   


ESYNC_WORKER1_COMMAND_END
MAX RETRIES EXECUTED, COMMAND NOT RESPONDING