--- /ansible/nginx/hostgroups/om-clientgamecalled_nginx/nginx/conf.d/other/callback-lb-haomen.conf	2019-05-22 10:14:31.822197789 +0800
+++ /tmp/callback-lb-haomen.conf	2019-08-05 11:11:56.814781517 +0800
@@ -58,6 +58,27 @@
 		include /usr/local/nginx/conf.d/include/proxy.conf.fwd.include;
 		proxy_pass http://realcallbacklbhaomen;
 	}
+  
+   server {
+	listen       80;
+	server_name cb.lb.authapi.net;
+	index   index.jsp index.html index.htm;
+
+	charset utf-8;
+
+	access_log  logs/cpms_callback_lb.access.log main;
+  	access_log  logs/cpms_callback_lb.logstash.access.log logstash;
+	error_log  logs/cpms_callback_lb.error.log ;
+
+	location ~ ^/(WEB-INF)/ {
+		deny all;
+	}
+
+	location / {
+#        include /usr/local/nginx/conf.d/include/whiteEBETgame.include;
+		include /usr/local/nginx/conf.d/include/proxy.conf.fwd.include;
+		proxy_pass http://realcallbacklbhaomen;
+	}
 }
 
 

