ESYNC_WORKER1_COMMAND_START
 [WARNING]: Invalid characters were found in group names but not replaced, use
-vvvv to see details

PLAY [om-clientgamecalled_nginx] ***********************************************


TASK [Gathering Facts] *********************************************************
ok: [119.9.110.31]
ok: [23.99.114.30]

TASK [nginx_sync : Change python interpreter] **********************************

ok: [119.9.110.31]
ok: [23.99.114.30]

TASK [nginx_sync : change python interpreter] **********************************
ok: [119.9.110.31]

ok: [23.99.114.30]

TASK [nginx_sync : Notify] *****************************************************
ok: [119.9.110.31] => {
    "msg": "Syncing om-clientgamecalled_nginx"

}
ok: [23.99.114.30] => {
    "msg": "Syncing om-clientgamecalled_nginx"
}


TASK [nginx_sync : include_vars] ***********************************************
ok: [119.9.110.31]
ok: [23.99.114.30]

TASK [nginx_sync : Synchronizing Nginx] ****************************************

changed: [23.99.114.30] => (item=conf)
changed: [119.9.110.31] => (item=conf)
changed: [23.99.114.30] => (item=conf.d)
changed: [119.9.110.31] => (item=conf.d)
ok: [23.99.114.30] => (item=data)

ok: [119.9.110.31] => (item=data)
ok: [23.99.114.30] => (item=html)
ok: [119.9.110.31] => (item=html)

TASK [all_servers : include_vars] **********************************************

ok: [119.9.110.31]
ok: [23.99.114.30]

TASK [all_servers : Notify] ****************************************************
ok: [119.9.110.31] => {

    "msg": "Clearing Nginx Cache for om-clientgamecalled_nginx"
}
ok: [23.99.114.30] => {
    "msg": "Clearing Nginx Cache for om-clientgamecalled_nginx"
}


TASK [all_servers : Copying clear_nginxcache.sh to remote hosts] ***************
ok: [23.99.114.30]
ok: [119.9.110.31]


TASK [all_servers : Nginx Clear Cache] *****************************************
changed: [23.99.114.30]
changed: [119.9.110.31]

TASK [all_servers : debug] *****************************************************

ok: [119.9.110.31] => {
    "script_result.stdout_lines": [
        "-----------------------------------------------------------", 
        "|                 Checking Nginx Config                   |", 
        "-----------------------------------------------------------", 

        "", 
        " nginx -t ", 
        "", 
        "-----------------------------------------------------------", 
        "|                 Stopping Nginx Process                  |", 

        "-----------------------------------------------------------", 
        "", 
        " /usr/bin/killall -9 nginx ", 
        "", 
        "-----------------------------------------------------------", 

        "|                 Clearing Proxy Cache                    |", 
        "-----------------------------------------------------------", 
        "", 
        " /bin/rm -rf /tmp/nginx_cache ", 
        "", 

        "-----------------------------------------------------------", 
        "|                Restarting Nginx Process                 |", 
        "-----------------------------------------------------------", 
        "root     20670  0.0  0.0 106064  1432 ?        S    14:15   0:00 /bin/bash /bak/bin/clear_nginxcache.sh", 
        "root     20676  0.0  0.0 462060  3936 ?        Ss   14:15   0:00 nginx: master process /usr/local/nginx/sbin/nginx", 

        "nobody   20677  0.0  0.3 470552 12684 ?        S    14:15   0:00 nginx: worker process      ", 
        "nobody   20679  0.0  0.3 470552 12684 ?        S    14:15   0:00 nginx: worker process      ", 
        "nobody   20680  0.0  0.3 470552 12684 ?        S    14:15   0:00 nginx: worker process      ", 
        "nobody   20681  0.0  0.3 470552 12684 ?        S    14:15   0:00 nginx: worker process      ", 
        "nobody   20682  0.0  0.1 462060  4436 ?        S    14:15   0:00 nginx: cache manager process", 

        "nobody   20683  0.0  0.1 462060  4308 ?        S    14:15   0:00 nginx: cache loader process", 
        "root     20685  0.0  0.0 103244   876 ?        S    14:15   0:00 grep nginx", 
        "             total       used       free     shared    buffers     cached", 
        "Mem:          3954       3059        895          2        257        776", 
        "-/+ buffers/cache:       2025       1929", 

        "Swap:            0          0          0", 
        "-----------------------------------------------------------", 
        "|                     Reload SUCCESS!                     |", 
        "-----------------------------------------------------------"
    ]

}
ok: [23.99.114.30] => {
    "script_result.stdout_lines": [
        "-----------------------------------------------------------", 
        "|                 Checking Nginx Config                   |", 

        "-----------------------------------------------------------", 
        "", 
        " nginx -t ", 
        "", 
        "-----------------------------------------------------------", 

        "|                 Stopping Nginx Process                  |", 
        "-----------------------------------------------------------", 
        "", 
        " /usr/bin/killall -9 nginx ", 
        "", 

        "-----------------------------------------------------------", 
        "|                 Clearing Proxy Cache                    |", 
        "-----------------------------------------------------------", 
        "", 
        " /bin/rm -rf /tmp/nginx_cache ", 

        "", 
        "-----------------------------------------------------------", 
        "|                Restarting Nginx Process                 |", 
        "-----------------------------------------------------------", 
        "root      67652  0.0  0.0 106120  1296 ?        S    14:15   0:00 /bin/bash /bak/bin/clear_nginxcache.sh", 

        "root      67665  0.0  0.1 459928  3820 ?        Ss   14:15   0:00 nginx: master process /usr/local/nginx/sbin/nginx", 
        "nobody    67666  0.0  0.3 468420 12952 ?        S    14:15   0:00 nginx: worker process      ", 
        "nobody    67668  0.0  0.3 468420 12984 ?        S    14:15   0:00 nginx: worker process      ", 
        "nobody    67669  5.6  0.3 468420 12980 ?        S    14:15   0:00 nginx: worker process      ", 
        "nobody    67670  0.0  0.3 468420 12960 ?        S    14:15   0:00 nginx: worker process      ", 

        "nobody    67671  0.0  0.1 459928  4316 ?        S    14:15   0:00 nginx: cache manager process", 
        "nobody    67672  0.0  0.1 459928  4188 ?        S    14:15   0:00 nginx: cache loader process", 
        "root      67674  0.0  0.0 103328   848 ?        S    14:15   0:00 grep nginx", 
        "root      93962  0.0  0.0   9120   592 ?        Ss   Mar19   0:00 /sbin/dhclient -H om-clientgamecalled_nginx2.hk.az.monaco1.me -1 -q -lf /var/lib/dhclient/dhclient-eth0.leases -pf /var/run/dhclient-eth0.pid eth0", 
        "             total       used       free     shared    buffers     cached", 

        "Mem:          3440       3268        171          2        206       2635", 
        "-/+ buffers/cache:        426       3014", 
        "Swap:            0          0          0", 
        "-----------------------------------------------------------", 
        "|                     Reload SUCCESS!                     |", 

        "-----------------------------------------------------------"
    ]
}

PLAY [127.0.0.1] ***************************************************************


TASK [sync_to_git : Synchronizing Nginx To GIT] ********************************
changed: [127.0.0.1]

TASK [sync_to_git : debug] *****************************************************

ok: [127.0.0.1] => {
    "msg": " [u'[master cb7a99c] jax.laut', u' 1 file changed, 2 insertions(+)', u'Branch master set up to track remote branch master from origin.']"
}

PLAY [om-clientgamecalled_nginx] ***********************************************


PLAY [127.0.0.1] ***************************************************************

PLAY RECAP *********************************************************************
119.9.110.31               : ok=11   changed=2    unreachable=0    failed=0    skipped=0    rescued=0    ignored=0   

127.0.0.1                  : ok=2    changed=1    unreachable=0    failed=0    skipped=0    rescued=0    ignored=0   
23.99.114.30               : ok=11   changed=2    unreachable=0    failed=0    skipped=0    rescued=0    ignored=0   


ESYNC_WORKER1_COMMAND_END
MAX RETRIES EXECUTED, COMMAND NOT RESPONDING