--- /ansible/nginx/hostgroups/om-clientgamecalled_nginx/nginx/conf.d/other/globalebet.conf	2020-09-22 14:33:20.626112410 +0800
+++ /tmp/globalebet.conf	2020-09-22 15:09:09.876296482 +0800
@@ -5,7 +5,12 @@
         server 127.0.0.1:8074 max_fails=1  fail_timeout=2s ; #pcct
 }
 
-
+upstream global-system-api-boot {
+     	server 202.155.246.243:17565 max_fails=1  fail_timeout=2s backup;
+  		server 59.148.22.111:17565 max_fails=1  fail_timeout=2s backup;
+        server 202.155.246.243:17565 max_fails=1  fail_timeout=2s;
+  		server 101.78.133.212:17565 max_fails=1  fail_timeout=2s backup;
+}
 
 server {
     listen   80;
@@ -67,6 +72,35 @@
             #proxy_pass http://127.0.0.1:8071;
         }
 
+
+        error_page   404 404.jsp;
+        error_page   500 502 503 500.jsp;
+        }
+
+server {
+        listen     7565;
+        server_name main.ebetapi888.com;
+        index index.jsp index.html index.htm;
+        charset utf-8;
+        #ssl on;
+        #ssl_certificate /usr/local/nginx/conf/ssl/ebetapi888.com/fullchain.pem;
+        #ssl_certificate_key /usr/local/nginx/conf/ssl/ebetapi888.com/privkey.pem;
+
+        access_log  logs/main.ebetapi888.com.access.log main;
+        access_log  logs/main.ebetapi888.com.logstash.access.log logstash;
+        location ~ ^/(WEB-INF)/ {
+        deny all;
+        }
+
+        location / {
+      include /usr/local/nginx/conf.d/include/proxy.conf.globalebet.include;
+	    proxy_http_version 1.1;
+            proxy_set_header Connection "";
+
+            proxy_pass http://global-system-api-boot;
+            #proxy_pass http://127.0.0.1:8071;
+        }
+
 
         error_page   404 404.jsp;
         error_page   500 502 503 500.jsp;

