ESYNC_WORKER1_COMMAND_START
 [WARNING]: Invalid characters were found in group names but not replaced, use
-vvvv to see details

PLAY [om-clientgamecalled_nginx] ***********************************************


TASK [Gathering Facts] *********************************************************
ok: [119.9.110.31]
ok: [23.99.114.30]

TASK [nginx_sync : Change python interpreter] **********************************

ok: [119.9.110.31]
ok: [23.99.114.30]

TASK [nginx_sync : change python interpreter] **********************************
ok: [119.9.110.31]

ok: [23.99.114.30]

TASK [nginx_sync : Notify] *****************************************************
ok: [119.9.110.31] => {
    "msg": "Syncing om-clientgamecalled_nginx"

}
ok: [23.99.114.30] => {
    "msg": "Syncing om-clientgamecalled_nginx"
}


TASK [nginx_sync : include_vars] ***********************************************
ok: [119.9.110.31]
ok: [23.99.114.30]

TASK [nginx_sync : Synchronizing Nginx] ****************************************

ok: [119.9.110.31] => (item=conf)
ok: [23.99.114.30] => (item=conf)
changed: [23.99.114.30] => (item=conf.d)
changed: [119.9.110.31] => (item=conf.d)
ok: [23.99.114.30] => (item=data)

ok: [119.9.110.31] => (item=data)
ok: [23.99.114.30] => (item=html)
ok: [119.9.110.31] => (item=html)

TASK [nginx_sync : Set HTML Dir to root] ***************************************

ok: [119.9.110.31]
ok: [23.99.114.30]

TASK [all_servers : include_vars] **********************************************
ok: [119.9.110.31]

ok: [23.99.114.30]

TASK [all_servers : Notify] ****************************************************
ok: [119.9.110.31] => {
    "msg": "Clearing Nginx Cache for om-clientgamecalled_nginx"

}
ok: [23.99.114.30] => {
    "msg": "Clearing Nginx Cache for om-clientgamecalled_nginx"
}


TASK [all_servers : Copying clear_nginxcache.sh to remote hosts] ***************
ok: [119.9.110.31]
ok: [23.99.114.30]

TASK [all_servers : Nginx Clear Cache] *****************************************

changed: [119.9.110.31]
changed: [23.99.114.30]

TASK [all_servers : debug] *****************************************************
ok: [119.9.110.31] => {

    "script_result.stdout_lines": [
        "-----------------------------------------------------------", 
        "|                 Checking Nginx Config                   |", 
        "-----------------------------------------------------------", 
        "", 

        " nginx -t ", 
        "", 
        "-----------------------------------------------------------", 
        "|                 Stopping Nginx Process                  |", 
        "-----------------------------------------------------------", 

        "", 
        " /usr/bin/killall -9 nginx ", 
        "", 
        "-----------------------------------------------------------", 
        "|                 Clearing Proxy Cache                    |", 

        "-----------------------------------------------------------", 
        "", 
        " /bin/rm -rf /tmp/nginx_cache ", 
        "", 
        "-----------------------------------------------------------", 

        "|                Restarting Nginx Process                 |", 
        "-----------------------------------------------------------", 
        "root      1379  0.0  0.0 106064  1436 ?        S    13:48   0:00 /bin/bash /bak/bin/clear_nginxcache.sh", 
        "root      1385  0.0  0.0 464596  5460 ?        Ss   13:48   0:00 nginx: master process /usr/local/nginx/sbin/nginx", 
        "nobody    1386  0.0  0.1 471164 13824 ?        S    13:48   0:00 nginx: worker process      ", 

        "nobody    1388  0.0  0.1 471164 13824 ?        S    13:48   0:00 nginx: worker process      ", 
        "nobody    1389  0.0  0.1 471164 13824 ?        S    13:48   0:00 nginx: worker process      ", 
        "nobody    1390  0.0  0.1 471164 13824 ?        S    13:48   0:00 nginx: worker process      ", 
        "nobody    1391  0.0  0.0 464596  5964 ?        S    13:48   0:00 nginx: cache manager process", 
        "nobody    1392  0.0  0.0 464596  5836 ?        S    13:48   0:00 nginx: cache loader process", 

        "root      1394  0.0  0.0 103244   884 ?        S    13:48   0:00 grep nginx", 
        "             total       used       free     shared    buffers     cached", 
        "Mem:          7994       6812       1182          3        201        395", 
        "-/+ buffers/cache:       6215       1778", 
        "Swap:            0          0          0", 

        "-----------------------------------------------------------", 
        "|                     Reload SUCCESS!                     |", 
        "-----------------------------------------------------------"
    ]
}

ok: [23.99.114.30] => {
    "script_result.stdout_lines": [
        "-----------------------------------------------------------", 
        "|                 Checking Nginx Config                   |", 
        "-----------------------------------------------------------", 

        "", 
        " nginx -t ", 
        "", 
        "-----------------------------------------------------------", 
        "|                 Stopping Nginx Process                  |", 

        "-----------------------------------------------------------", 
        "", 
        " /usr/bin/killall -9 nginx ", 
        "", 
        "-----------------------------------------------------------", 

        "|                 Clearing Proxy Cache                    |", 
        "-----------------------------------------------------------", 
        "", 
        " /bin/rm -rf /tmp/nginx_cache ", 
        "", 

        "-----------------------------------------------------------", 
        "|                Restarting Nginx Process                 |", 
        "-----------------------------------------------------------", 
        "root        989  0.0  0.0   9120   652 ?        Ss    2019   0:00 /sbin/dhclient -H om-clientgamecalled_nginx2.hk.az.monaco1.me -1 -q -lf /var/lib/dhclient/dhclient-eth0.leases -pf /var/run/dhclient-eth0.pid eth0", 
        "root     126420  0.0  0.0 106120  1296 ?        S    13:48   0:00 /bin/bash /bak/bin/clear_nginxcache.sh", 

        "root     126433  0.0  0.1 462464  5332 ?        Ss   13:48   0:00 nginx: master process /usr/local/nginx/sbin/nginx", 
        "nobody   126434  0.0  0.3 469032 13680 ?        S    13:48   0:00 nginx: worker process      ", 
        "nobody   126436  0.5  0.4 469032 14092 ?        S    13:48   0:00 nginx: worker process      ", 
        "nobody   126437  0.0  0.4 469032 14092 ?        S    13:48   0:00 nginx: worker process      ", 
        "nobody   126438  0.0  0.4 469032 14096 ?        S    13:48   0:00 nginx: worker process      ", 

        "nobody   126439  0.0  0.1 462464  5824 ?        S    13:48   0:00 nginx: cache manager process", 
        "nobody   126440  0.0  0.1 462464  5696 ?        S    13:48   0:00 nginx: cache loader process", 
        "root     126445  0.0  0.0 103332   852 ?        S    13:48   0:00 grep nginx", 
        "             total       used       free     shared    buffers     cached", 
        "Mem:          3440       2759        680          2        192        523", 

        "-/+ buffers/cache:       2043       1396", 
        "Swap:            0          0          0", 
        "-----------------------------------------------------------", 
        "|                     Reload SUCCESS!                     |", 
        "-----------------------------------------------------------"

    ]
}

PLAY [127.0.0.1] ***************************************************************


TASK [sync_to_git : Synchronizing Nginx To GIT] ********************************
changed: [127.0.0.1]

TASK [sync_to_git : debug] *****************************************************
ok: [127.0.0.1] => {

    "msg": " [u'# On branch master', u'nothing to commit, working directory clean', u'Branch master set up to track remote branch master from origin.']"
}

PLAY [om-clientgamecalled_nginx] ***********************************************


PLAY [127.0.0.1] ***************************************************************

PLAY RECAP *********************************************************************
119.9.110.31               : ok=12   changed=2    unreachable=0    failed=0    skipped=0    rescued=0    ignored=0   
127.0.0.1                  : ok=2    changed=1    unreachable=0    failed=0    skipped=0    rescued=0    ignored=0   

23.99.114.30               : ok=12   changed=2    unreachable=0    failed=0    skipped=0    rescued=0    ignored=0   


ESYNC_WORKER1_COMMAND_END
MAX RETRIES EXECUTED, COMMAND NOT RESPONDING