ESYNC_WORKER1_COMMAND_START

PLAY [om-clientgamecalled_nginx] ***********************************************

TASK [nginx_sync : Notify] *****************************************************
ok: [119.9.110.31] => {

    "msg": "Syncing om-clientgamecalled_nginx"
}
ok: [23.99.114.30] => {
    "msg": "Syncing om-clientgamecalled_nginx"
}


TASK [nginx_sync : include_vars] ***********************************************
ok: [119.9.110.31]
ok: [23.99.114.30]


TASK [nginx_sync : Synchronizing Nginx] ****************************************
ok: [119.9.110.31] => (item=conf)
ok: [23.99.114.30] => (item=conf)
changed: [119.9.110.31] => (item=conf.d)
changed: [23.99.114.30] => (item=conf.d)

ok: [23.99.114.30] => (item=data)
ok: [119.9.110.31] => (item=data)
ok: [23.99.114.30] => (item=html)
ok: [119.9.110.31] => (item=html)


TASK [all_servers : include_vars] **********************************************
ok: [119.9.110.31]
ok: [23.99.114.30]

TASK [all_servers : Notify] ****************************************************

ok: [119.9.110.31] => {
    "msg": "Clearing Nginx Cache for om-clientgamecalled_nginx"
}
ok: [23.99.114.30] => {
    "msg": "Clearing Nginx Cache for om-clientgamecalled_nginx"

}

TASK [all_servers : Copying clear_nginxcache.sh to remote hosts] ***************
ok: [119.9.110.31]
ok: [23.99.114.30]


TASK [all_servers : Nginx Clear Cache] *****************************************
changed: [23.99.114.30]
changed: [119.9.110.31]


TASK [all_servers : debug] *****************************************************
ok: [119.9.110.31] => {
    "script_result.stdout_lines": [
        "-----------------------------------------------------------", 
        "|                 Checking Nginx Config                   |", 

        "-----------------------------------------------------------", 
        "", 
        " nginx -t ", 
        "", 
        "-----------------------------------------------------------", 

        "|                 Stopping Nginx Process                  |", 
        "-----------------------------------------------------------", 
        "", 
        " /usr/bin/killall -9 nginx ", 
        "", 

        "-----------------------------------------------------------", 
        "|                 Clearing Proxy Cache                    |", 
        "-----------------------------------------------------------", 
        "", 
        " /bin/rm -rf /tmp/nginx_cache ", 

        "", 
        "-----------------------------------------------------------", 
        "|                Restarting Nginx Process                 |", 
        "-----------------------------------------------------------", 
        "root     16155  0.0  0.0 106064  1436 ?        S    16:49   0:00 /bin/bash /bak/bin/clear_nginxcache.sh", 

        "root     16174  0.0  0.1 464688  5556 ?        Ss   16:49   0:00 nginx: master process /usr/local/nginx/sbin/nginx", 
        "nobody   16175  0.0  0.3 471256 13904 ?        S    16:49   0:00 nginx: worker process      ", 
        "nobody   16177  0.0  0.3 471256 13904 ?        S    16:49   0:00 nginx: worker process      ", 
        "nobody   16178  0.0  0.3 471256 13904 ?        S    16:49   0:00 nginx: worker process      ", 
        "nobody   16179  0.0  0.3 471256 13904 ?        S    16:49   0:00 nginx: worker process      ", 

        "nobody   16180  0.0  0.1 464688  6060 ?        S    16:49   0:00 nginx: cache manager process", 
        "nobody   16181  0.0  0.1 464688  5932 ?        S    16:49   0:00 nginx: cache loader process", 
        "root     16187  0.0  0.0 103244   880 ?        S    16:49   0:00 grep nginx", 
        "             total       used       free     shared    buffers     cached", 
        "Mem:          3954       3645        308          2        575        355", 

        "-/+ buffers/cache:       2714       1239", 
        "Swap:            0          0          0", 
        "-----------------------------------------------------------", 
        "|                     Reload SUCCESS!                     |", 
        "-----------------------------------------------------------"

    ]
}
ok: [23.99.114.30] => {
    "script_result.stdout_lines": [
        "-----------------------------------------------------------", 

        "|                 Checking Nginx Config                   |", 
        "-----------------------------------------------------------", 
        "", 
        " nginx -t ", 
        "", 

        "-----------------------------------------------------------", 
        "|                 Stopping Nginx Process                  |", 
        "-----------------------------------------------------------", 
        "", 
        " /usr/bin/killall -9 nginx ", 

        "", 
        "-----------------------------------------------------------", 
        "|                 Clearing Proxy Cache                    |", 
        "-----------------------------------------------------------", 
        "", 

        " /bin/rm -rf /tmp/nginx_cache ", 
        "", 
        "-----------------------------------------------------------", 
        "|                Restarting Nginx Process                 |", 
        "-----------------------------------------------------------", 

        "root      43876  0.0  0.0 106120  1296 ?        S    16:49   0:00 /bin/bash /bak/bin/clear_nginxcache.sh", 
        "root      43885  0.0  0.1 462544  5424 ?        Ss   16:49   0:00 nginx: master process /usr/local/nginx/sbin/nginx", 
        "nobody    43887  0.0  0.3 469112 13692 ?        S    16:49   0:00 nginx: worker process      ", 
        "nobody    43888  0.5  0.4 469112 14204 ?        S    16:49   0:00 nginx: worker process      ", 
        "nobody    43889  0.0  0.3 469112 13692 ?        S    16:49   0:00 nginx: worker process      ", 

        "nobody    43890  0.0  0.4 469112 14172 ?        S    16:49   0:00 nginx: worker process      ", 
        "nobody    43891  0.0  0.1 462544  5832 ?        S    16:49   0:00 nginx: cache manager process", 
        "nobody    43892  0.0  0.1 462544  5780 ?        S    16:49   0:00 nginx: cache loader process", 
        "root      43894  0.0  0.0 103328   848 ?        S    16:49   0:00 grep nginx", 
        "root      93962  0.0  0.0   9120   700 ?        Ss   Mar19   0:00 /sbin/dhclient -H om-clientgamecalled_nginx2.hk.az.monaco1.me -1 -q -lf /var/lib/dhclient/dhclient-eth0.leases -pf /var/run/dhclient-eth0.pid eth0", 

        "             total       used       free     shared    buffers     cached", 
        "Mem:          3440       3248        191          2        176       1489", 
        "-/+ buffers/cache:       1581       1858", 
        "Swap:            0          0          0", 
        "-----------------------------------------------------------", 

        "|                     Reload SUCCESS!                     |", 
        "-----------------------------------------------------------"
    ]
}


PLAY [127.0.0.1] ***************************************************************

TASK [sync_to_git : Synchronizing Nginx To GIT] ********************************
changed: [127.0.0.1]


TASK [sync_to_git : debug] *****************************************************
ok: [127.0.0.1] => {
    "script_result.stdout_lines": [
        "[master d4b380b] jax.laut", 
        " 1 file changed, 32 insertions(+)", 

        " create mode 100644 nginx/conf.d/other/front-cstest.conf", 
        "Branch master set up to track remote branch master from origin."
    ]
}


PLAY [om-clientgamecalled_nginx] ***********************************************

PLAY [127.0.0.1] ***************************************************************

PLAY RECAP *********************************************************************

119.9.110.31               : ok=8    changed=2    unreachable=0    failed=0   
127.0.0.1                  : ok=2    changed=1    unreachable=0    failed=0   
23.99.114.30               : ok=8    changed=2    unreachable=0    failed=0   


ESYNC_WORKER1_COMMAND_END
MAX RETRIES EXECUTED, COMMAND NOT RESPONDING