ESYNC_WORKER1_COMMAND_START
 [WARNING]: Invalid characters were found in group names but not replaced, use
-vvvv to see details

PLAY [om-clientgamecalled_nginx] ***********************************************


TASK [Gathering Facts] *********************************************************
ok: [119.9.110.31]
ok: [23.99.114.30]
ok: [203.60.2.48]


TASK [nginx_sync : Change python interpreter] **********************************
ok: [119.9.110.31]
ok: [23.99.114.30]
skipping: [203.60.2.48]


TASK [nginx_sync : change python interpreter] **********************************
ok: [119.9.110.31]
ok: [23.99.114.30]
skipping: [203.60.2.48]


TASK [nginx_sync : Notify] *****************************************************
ok: [119.9.110.31] => {
    "msg": "Syncing om-clientgamecalled_nginx"
}
ok: [23.99.114.30] => {

    "msg": "Syncing om-clientgamecalled_nginx"
}
ok: [203.60.2.48] => {
    "msg": "Syncing om-clientgamecalled_nginx"
}


TASK [nginx_sync : include_vars] ***********************************************
ok: [119.9.110.31]
ok: [23.99.114.30]
ok: [203.60.2.48]


TASK [nginx_sync : Synchronizing Nginx] ****************************************
ok: [119.9.110.31] => (item=conf)
ok: [23.99.114.30] => (item=conf)
ok: [203.60.2.48] => (item=conf)

changed: [119.9.110.31] => (item=conf.d)
changed: [203.60.2.48] => (item=conf.d)
changed: [23.99.114.30] => (item=conf.d)
ok: [119.9.110.31] => (item=data)
ok: [203.60.2.48] => (item=data)

ok: [23.99.114.30] => (item=data)
ok: [203.60.2.48] => (item=html)
ok: [119.9.110.31] => (item=html)
ok: [23.99.114.30] => (item=html)


TASK [all_servers : include_vars] **********************************************
ok: [119.9.110.31]
ok: [23.99.114.30]
ok: [203.60.2.48]


TASK [all_servers : Notify] ****************************************************
ok: [119.9.110.31] => {
    "msg": "Clearing Nginx Cache for om-clientgamecalled_nginx"
}
ok: [23.99.114.30] => {

    "msg": "Clearing Nginx Cache for om-clientgamecalled_nginx"
}
ok: [203.60.2.48] => {
    "msg": "Clearing Nginx Cache for om-clientgamecalled_nginx"
}


TASK [all_servers : Copying clear_nginxcache.sh to remote hosts] ***************
ok: [119.9.110.31]
ok: [23.99.114.30]
ok: [203.60.2.48]


TASK [all_servers : Nginx Clear Cache] *****************************************
changed: [23.99.114.30]
changed: [119.9.110.31]
changed: [203.60.2.48]


TASK [all_servers : debug] *****************************************************
ok: [119.9.110.31] => {
    "script_result.stdout_lines": [
        "-----------------------------------------------------------", 

        "|                 Checking Nginx Config                   |", 
        "-----------------------------------------------------------", 
        "", 
        " nginx -t ", 
        "", 

        "-----------------------------------------------------------", 
        "|                 Stopping Nginx Process                  |", 
        "-----------------------------------------------------------", 
        "", 
        " /usr/bin/killall -9 nginx ", 

        "", 
        "-----------------------------------------------------------", 
        "|                 Clearing Proxy Cache                    |", 
        "-----------------------------------------------------------", 
        "", 

        " /bin/rm -rf /tmp/nginx_cache ", 
        "", 
        "-----------------------------------------------------------", 
        "|                Restarting Nginx Process                 |", 
        "-----------------------------------------------------------", 

        "root      9579  0.0  0.0 106064  1432 ?        S    10:26   0:00 /bin/bash /bak/bin/clear_nginxcache.sh", 
        "root      9590  0.0  0.0 462144  4012 ?        Ss   10:27   0:00 nginx: master process /usr/local/nginx/sbin/nginx", 
        "nobody    9591  0.0  0.3 470636 12764 ?        S    10:27   0:00 nginx: worker process      ", 
        "nobody    9593  0.0  0.3 470636 12764 ?        S    10:27   0:00 nginx: worker process      ", 
        "nobody    9594  0.0  0.3 470636 12764 ?        S    10:27   0:00 nginx: worker process      ", 

        "nobody    9595  0.0  0.3 470636 12764 ?        S    10:27   0:00 nginx: worker process      ", 
        "nobody    9596  0.0  0.1 462144  4524 ?        S    10:27   0:00 nginx: cache manager process", 
        "nobody    9597  0.0  0.1 462144  4396 ?        S    10:27   0:00 nginx: cache loader process", 
        "root      9601  0.0  0.0 103244   876 ?        S    10:27   0:00 grep nginx", 
        "             total       used       free     shared    buffers     cached", 

        "Mem:          3954       3107        846          2        261        911", 
        "-/+ buffers/cache:       1934       2019", 
        "Swap:            0          0          0", 
        "-----------------------------------------------------------", 
        "|                     Reload SUCCESS!                     |", 

        "-----------------------------------------------------------"
    ]
}
ok: [23.99.114.30] => {
    "script_result.stdout_lines": [

        "-----------------------------------------------------------", 
        "|                 Checking Nginx Config                   |", 
        "-----------------------------------------------------------", 
        "", 
        " nginx -t ", 

        "", 
        "-----------------------------------------------------------", 
        "|                 Stopping Nginx Process                  |", 
        "-----------------------------------------------------------", 
        "", 

        " /usr/bin/killall -9 nginx ", 
        "", 
        "-----------------------------------------------------------", 
        "|                 Clearing Proxy Cache                    |", 
        "-----------------------------------------------------------", 

        "", 
        " /bin/rm -rf /tmp/nginx_cache ", 
        "", 
        "-----------------------------------------------------------", 
        "|                Restarting Nginx Process                 |", 

        "-----------------------------------------------------------", 
        "root      93962  0.0  0.0   9120   532 ?        Ss   Mar19   0:00 /sbin/dhclient -H om-clientgamecalled_nginx2.hk.az.monaco1.me -1 -q -lf /var/lib/dhclient/dhclient-eth0.leases -pf /var/run/dhclient-eth0.pid eth0", 
        "root     127001  0.0  0.0 106120  1296 ?        S    10:26   0:00 /bin/bash /bak/bin/clear_nginxcache.sh", 
        "root     127007  0.0  0.1 460012  3892 ?        Ss   10:27   0:00 nginx: master process /usr/local/nginx/sbin/nginx", 
        "nobody   127008  0.0  0.3 468504 13036 ?        S    10:27   0:00 nginx: worker process      ", 

        "nobody   127010  0.0  0.3 468504 13056 ?        S    10:27   0:00 nginx: worker process      ", 
        "nobody   127011  0.0  0.3 468504 13224 ?        S    10:27   0:00 nginx: worker process      ", 
        "nobody   127012  0.0  0.3 468504 12928 ?        S    10:27   0:00 nginx: worker process      ", 
        "nobody   127013  0.0  0.1 460012  4380 ?        S    10:27   0:00 nginx: cache manager process", 
        "nobody   127014  0.0  0.1 460012  4252 ?        S    10:27   0:00 nginx: cache loader process", 

        "root     127023  0.0  0.0 103332   856 ?        S    10:27   0:00 grep nginx", 
        "             total       used       free     shared    buffers     cached", 
        "Mem:          3440        973       2466          2        179        417", 
        "-/+ buffers/cache:        377       3063", 
        "Swap:            0          0          0", 

        "-----------------------------------------------------------", 
        "|                     Reload SUCCESS!                     |", 
        "-----------------------------------------------------------"
    ]
}

ok: [203.60.2.48] => {
    "script_result.stdout_lines": [
        "-----------------------------------------------------------", 
        "|                 Checking Nginx Config                   |", 
        "-----------------------------------------------------------", 

        "", 
        " nginx -t ", 
        "", 
        "-----------------------------------------------------------", 
        "|                 Stopping Nginx Process                  |", 

        "-----------------------------------------------------------", 
        "", 
        " /usr/bin/killall -9 nginx ", 
        "", 
        "-----------------------------------------------------------", 

        "|                 Clearing Proxy Cache                    |", 
        "-----------------------------------------------------------", 
        "", 
        " /bin/rm -rf /tmp/nginx_cache ", 
        "", 

        "-----------------------------------------------------------", 
        "|                Restarting Nginx Process                 |", 
        "-----------------------------------------------------------", 
        "root     29730  0.6  0.0 113180  1520 ?        S    10:26   0:00 /bin/bash /bak/bin/clear_nginxcache.sh", 
        "root     29743  0.0  0.0 465584  5148 ?        Ss   10:27   0:00 nginx: master process /usr/local/nginx/sbin/nginx", 

        "nobody   29745  0.0  0.1 472152 13480 ?        S    10:27   0:00 nginx: worker process", 
        "nobody   29746  0.0  0.1 472152 13480 ?        S    10:27   0:00 nginx: worker process", 
        "nobody   29747  0.0  0.1 472152 13480 ?        S    10:27   0:00 nginx: worker process", 
        "nobody   29748  0.0  0.1 472152 13480 ?        S    10:27   0:00 nginx: worker process", 
        "nobody   29749  0.0  0.0 465584  5572 ?        S    10:27   0:00 nginx: cache manager process", 

        "nobody   29750  0.0  0.0 465584  5572 ?        S    10:27   0:00 nginx: cache loader process", 
        "root     29755  0.0  0.0 112708   968 ?        S    10:27   0:00 grep nginx", 
        "              total        used        free      shared  buff/cache   available", 
        "Mem:           7311         210        3698         203        3403        6577", 
        "Swap:             0           0           0", 

        "-----------------------------------------------------------", 
        "|                     Reload SUCCESS!                     |", 
        "-----------------------------------------------------------"
    ]
}


PLAY [127.0.0.1] ***************************************************************

TASK [sync_to_git : Synchronizing Nginx To GIT] ********************************
changed: [127.0.0.1]


TASK [sync_to_git : debug] *****************************************************
ok: [127.0.0.1] => {
    "msg": " [u'[master 0fe0ef6] jax.laut', u' 1 file changed, 3 insertions(+), 3 deletions(-)', u'Branch master set up to track remote branch master from origin.']"
}


PLAY [om-clientgamecalled_nginx] ***********************************************

PLAY [127.0.0.1] ***************************************************************


PLAY RECAP *********************************************************************
119.9.110.31               : ok=11   changed=2    unreachable=0    failed=0    skipped=0    rescued=0    ignored=0   
127.0.0.1                  : ok=2    changed=1    unreachable=0    failed=0    skipped=0    rescued=0    ignored=0   
203.60.2.48                : ok=9    changed=2    unreachable=0    failed=0    skipped=2    rescued=0    ignored=0   
23.99.114.30               : ok=11   changed=2    unreachable=0    failed=0    skipped=0    rescued=0    ignored=0   



ESYNC_WORKER1_COMMAND_END
MAX RETRIES EXECUTED, COMMAND NOT RESPONDING