ESYNC_WORKER1_COMMAND_START
 [WARNING]: Invalid characters were found in group names but not replaced, use
-vvvv to see details

PLAY [om-clientgamecalled_nginx] ***********************************************


TASK [Gathering Facts] *********************************************************
ok: [119.9.110.31]
ok: [23.99.114.30]

TASK [nginx_sync : Change python interpreter] **********************************

ok: [119.9.110.31]
ok: [23.99.114.30]

TASK [nginx_sync : change python interpreter] **********************************
ok: [119.9.110.31]

ok: [23.99.114.30]

TASK [nginx_sync : Notify] *****************************************************
ok: [119.9.110.31] => {
    "msg": "Syncing om-clientgamecalled_nginx"

}
ok: [23.99.114.30] => {
    "msg": "Syncing om-clientgamecalled_nginx"
}


TASK [nginx_sync : include_vars] ***********************************************
ok: [119.9.110.31]
ok: [23.99.114.30]

TASK [nginx_sync : Synchronizing Nginx] ****************************************

ok: [119.9.110.31] => (item=conf)
ok: [23.99.114.30] => (item=conf)
changed: [23.99.114.30] => (item=conf.d)
changed: [119.9.110.31] => (item=conf.d)
ok: [119.9.110.31] => (item=data)

ok: [23.99.114.30] => (item=data)
ok: [119.9.110.31] => (item=html)
ok: [23.99.114.30] => (item=html)

TASK [all_servers : include_vars] **********************************************

ok: [119.9.110.31]
ok: [23.99.114.30]

TASK [all_servers : Notify] ****************************************************
ok: [119.9.110.31] => {

    "msg": "Clearing Nginx Cache for om-clientgamecalled_nginx"
}
ok: [23.99.114.30] => {
    "msg": "Clearing Nginx Cache for om-clientgamecalled_nginx"
}


TASK [all_servers : Copying clear_nginxcache.sh to remote hosts] ***************
ok: [119.9.110.31]
ok: [23.99.114.30]


TASK [all_servers : Nginx Clear Cache] *****************************************
changed: [119.9.110.31]
changed: [23.99.114.30]

TASK [all_servers : debug] *****************************************************

ok: [119.9.110.31] => {
    "script_result.stdout_lines": [
        "-----------------------------------------------------------", 
        "|                 Checking Nginx Config                   |", 
        "-----------------------------------------------------------", 

        "", 
        " nginx -t ", 
        "", 
        "-----------------------------------------------------------", 
        "|                 Stopping Nginx Process                  |", 

        "-----------------------------------------------------------", 
        "", 
        " /usr/bin/killall -9 nginx ", 
        "", 
        "-----------------------------------------------------------", 

        "|                 Clearing Proxy Cache                    |", 
        "-----------------------------------------------------------", 
        "", 
        " /bin/rm -rf /tmp/nginx_cache ", 
        "", 

        "-----------------------------------------------------------", 
        "|                Restarting Nginx Process                 |", 
        "-----------------------------------------------------------", 
        "root      9283  0.0  0.0 100940   632 pts/0    S+   13:18   0:00 tail -f /usr/local/nginx/logs/loginapiBYgame.access.log", 
        "root     12744  0.0  0.0 106064  1436 ?        S    15:49   0:00 /bin/bash /bak/bin/clear_nginxcache.sh", 

        "root     12754  0.0  0.0 462304  4180 ?        Ss   15:49   0:00 nginx: master process /usr/local/nginx/sbin/nginx", 
        "nobody   12755  0.0  0.1 470796 12944 ?        S    15:49   0:00 nginx: worker process      ", 
        "nobody   12757  0.0  0.1 470796 13256 ?        S    15:49   0:00 nginx: worker process      ", 
        "nobody   12758  0.0  0.1 470796 12944 ?        S    15:49   0:00 nginx: worker process      ", 
        "nobody   12759  0.0  0.1 470796 12944 ?        S    15:49   0:00 nginx: worker process      ", 

        "nobody   12760  0.0  0.0 462304  4684 ?        S    15:49   0:00 nginx: cache manager process", 
        "nobody   12761  0.0  0.0 462304  4556 ?        S    15:49   0:00 nginx: cache loader process", 
        "root     12764  0.0  0.0 103244   884 ?        S    15:49   0:00 grep nginx", 
        "             total       used       free     shared    buffers     cached", 
        "Mem:          7994       3813       4181          3        232        541", 

        "-/+ buffers/cache:       3038       4955", 
        "Swap:            0          0          0", 
        "-----------------------------------------------------------", 
        "|                     Reload SUCCESS!                     |", 
        "-----------------------------------------------------------"

    ]
}
ok: [23.99.114.30] => {
    "script_result.stdout_lines": [
        "-----------------------------------------------------------", 

        "|                 Checking Nginx Config                   |", 
        "-----------------------------------------------------------", 
        "", 
        " nginx -t ", 
        "", 

        "-----------------------------------------------------------", 
        "|                 Stopping Nginx Process                  |", 
        "-----------------------------------------------------------", 
        "", 
        " /usr/bin/killall -9 nginx ", 

        "", 
        "-----------------------------------------------------------", 
        "|                 Clearing Proxy Cache                    |", 
        "-----------------------------------------------------------", 
        "", 

        " /bin/rm -rf /tmp/nginx_cache ", 
        "", 
        "-----------------------------------------------------------", 
        "|                Restarting Nginx Process                 |", 
        "-----------------------------------------------------------", 

        "root        989  0.0  0.0   9120   656 ?        Ss   Sep15   0:00 /sbin/dhclient -H om-clientgamecalled_nginx2.hk.az.monaco1.me -1 -q -lf /var/lib/dhclient/dhclient-eth0.leases -pf /var/run/dhclient-eth0.pid eth0", 
        "root      50000  0.0  0.0 100960   612 pts/0    S+   15:48   0:00 tail -f /usr/local/nginx/logs/loginapiBYgame.access.log", 
        "root      50515  0.0  0.0 106120  1296 ?        S    15:49   0:00 /bin/bash /bak/bin/clear_nginxcache.sh", 
        "root      50521  0.0  0.1 462352  5236 ?        Ss   15:49   0:00 nginx: master process /usr/local/nginx/sbin/nginx", 
        "nobody    50522  0.3  0.3 468920 13884 ?        S    15:49   0:00 nginx: worker process      ", 

        "nobody    50523  0.3  0.3 468920 13584 ?        S    15:49   0:00 nginx: worker process      ", 
        "nobody    50524  0.0  0.3 468920 13984 ?        S    15:49   0:00 nginx: worker process      ", 
        "nobody    50525  0.3  0.3 468920 13596 ?        S    15:49   0:00 nginx: worker process      ", 
        "nobody    50526  0.0  0.1 462352  5724 ?        S    15:49   0:00 nginx: cache manager process", 
        "nobody    50527  0.0  0.1 462352  5596 ?        S    15:49   0:00 nginx: cache loader process", 

        "root      50530  0.0  0.0 103332   848 ?        S    15:49   0:00 grep nginx", 
        "             total       used       free     shared    buffers     cached", 
        "Mem:          3440       1718       1722          2        197       1177", 
        "-/+ buffers/cache:        343       3097", 
        "Swap:            0          0          0", 

        "-----------------------------------------------------------", 
        "|                     Reload SUCCESS!                     |", 
        "-----------------------------------------------------------"
    ]
}


PLAY [127.0.0.1] ***************************************************************

TASK [sync_to_git : Synchronizing Nginx To GIT] ********************************
changed: [127.0.0.1]


TASK [sync_to_git : debug] *****************************************************
ok: [127.0.0.1] => {
    "msg": " [u'[master 51bf151] jax.laut', u' 1 file changed, 1 insertion(+), 1 deletion(-)', u'Branch master set up to track remote branch master from origin.']"
}


PLAY [om-clientgamecalled_nginx] ***********************************************

PLAY [127.0.0.1] ***************************************************************


PLAY RECAP *********************************************************************
119.9.110.31               : ok=11   changed=2    unreachable=0    failed=0    skipped=0    rescued=0    ignored=0   
127.0.0.1                  : ok=2    changed=1    unreachable=0    failed=0    skipped=0    rescued=0    ignored=0   
23.99.114.30               : ok=11   changed=2    unreachable=0    failed=0    skipped=0    rescued=0    ignored=0   



ESYNC_WORKER1_COMMAND_END
MAX RETRIES EXECUTED, COMMAND NOT RESPONDING