--- /ansible/nginx/hostgroups/om-clientgamecalled_nginx/nginx/conf.d/other/ebet-wapi.conf	2019-06-18 12:03:23.261713387 +0800
+++ /tmp/ebet-wapi.conf	2019-06-18 12:19:08.395713387 +0800
@@ -1,33 +1,32 @@
-  upstream ebet-wapi-eu-cstest {
-    server 205.177.199.12:7465 max_fails=2  fail_timeout=30s weight=10;
-    server 101.78.133.212:7465 max_fails=2  fail_timeout=30s weight=5 ;
-    server 58.64.207.211:7465 max_fails=2  fail_timeout=30s weight=5 backup;
-    server 59.148.22.111:7465 max_fails=2  fail_timeout=30s weight=5 backup;
+  upstream ebet-wapi-eu-prod {
+    server 205.177.199.12:7765 max_fails=2  fail_timeout=30s weight=10;
+    server 101.78.133.212:7765 max_fails=2  fail_timeout=30s weight=5 ;
+    server 58.64.207.211:7765 max_fails=2  fail_timeout=30s weight=5 backup;
+    server 59.148.22.111:7765 max_fails=2  fail_timeout=30s weight=5 backup;
 }
 
 server {
           listen 80;
-          server_name ebet99.eu.wapi.cpms8.me;
-          rewrite ^(.*)$ https://ebet99.eu.wapi.cpms8.me$1 permanent;
+          server_name ebet.eu.wapi.cpms8.me;
+          rewrite ^(.*)$ https://ebet.eu.wapi.cpms8.me$1 permanent;
 }
 
 server {
           listen 443;
-          server_name ebet99.eu.wapi.cpms8.me;
+          server_name ebet.eu.wapi.cpms8.me;
           index   index.html ;
 
           charset utf-8;
-          access_log logs/ebet99.eu.wapi.cpms8.me.access.log main;
-          error_log  logs/ebet99.eu.wapi.cpms8.me.error.log;
+          access_log logs/ebet.eu.wapi.cpms8.me.access.log main;
+          error_log  logs/ebet.eu.wapi.cpms8.me.error.log;
 
           ssl on;
           ssl_certificate    /usr/local/nginx/conf.d/letsencrypt/cpms8.me/fullchain.pem;
           ssl_certificate_key  /usr/local/nginx/conf.d/letsencrypt/cpms8.me/privkey.pem;
 
           location / {
-          include /usr/local/nginx/conf.d/whitelistIPewallet.conf.include;
-          include /usr/local/nginx/conf.d/proxy.conf.cstest.include;
-          proxy_pass http://ebet-wapi-eu-cstest;
+          include /usr/local/nginx/conf.d/proxy.conf.fwd.include;
+          proxy_pass http://ebet-wapi-eu-prod;
 
         }
 }

