ESYNC_WORKER1_COMMAND_START
 [WARNING]: Invalid characters were found in group names but not replaced, use
-vvvv to see details

PLAY [om-clientgamecalled_nginx] ***********************************************


TASK [Gathering Facts] *********************************************************
ok: [119.9.110.31]
ok: [23.99.114.30]
ok: [203.60.2.48]


TASK [nginx_sync : Change python interpreter] **********************************
ok: [119.9.110.31]
ok: [23.99.114.30]
skipping: [203.60.2.48]


TASK [nginx_sync : change python interpreter] **********************************
ok: [119.9.110.31]
ok: [23.99.114.30]
skipping: [203.60.2.48]


TASK [nginx_sync : Notify] *****************************************************
ok: [119.9.110.31] => {
    "msg": "Syncing om-clientgamecalled_nginx"
}
ok: [23.99.114.30] => {

    "msg": "Syncing om-clientgamecalled_nginx"
}
ok: [203.60.2.48] => {
    "msg": "Syncing om-clientgamecalled_nginx"
}


TASK [nginx_sync : include_vars] ***********************************************
ok: [119.9.110.31]
ok: [23.99.114.30]
ok: [203.60.2.48]


TASK [nginx_sync : Synchronizing Nginx] ****************************************
ok: [119.9.110.31] => (item=conf)
ok: [203.60.2.48] => (item=conf)
ok: [23.99.114.30] => (item=conf)

changed: [203.60.2.48] => (item=conf.d)
changed: [23.99.114.30] => (item=conf.d)
changed: [119.9.110.31] => (item=conf.d)
ok: [203.60.2.48] => (item=data)
ok: [23.99.114.30] => (item=data)

ok: [119.9.110.31] => (item=data)
ok: [203.60.2.48] => (item=html)
ok: [23.99.114.30] => (item=html)
ok: [119.9.110.31] => (item=html)


TASK [all_servers : include_vars] **********************************************
ok: [119.9.110.31]
ok: [23.99.114.30]
ok: [203.60.2.48]


TASK [all_servers : Notify] ****************************************************
ok: [119.9.110.31] => {
    "msg": "Clearing Nginx Cache for om-clientgamecalled_nginx"
}
ok: [23.99.114.30] => {

    "msg": "Clearing Nginx Cache for om-clientgamecalled_nginx"
}
ok: [203.60.2.48] => {
    "msg": "Clearing Nginx Cache for om-clientgamecalled_nginx"
}


TASK [all_servers : Copying clear_nginxcache.sh to remote hosts] ***************
ok: [203.60.2.48]
ok: [23.99.114.30]
ok: [119.9.110.31]


TASK [all_servers : Nginx Clear Cache] *****************************************
changed: [23.99.114.30]
changed: [203.60.2.48]
changed: [119.9.110.31]


TASK [all_servers : debug] *****************************************************
ok: [119.9.110.31] => {
    "script_result.stdout_lines": [
        "-----------------------------------------------------------", 

        "|                 Checking Nginx Config                   |", 
        "-----------------------------------------------------------", 
        "", 
        " nginx -t ", 
        "", 

        "-----------------------------------------------------------", 
        "|                 Stopping Nginx Process                  |", 
        "-----------------------------------------------------------", 
        "", 
        " /usr/bin/killall -9 nginx ", 

        "", 
        "-----------------------------------------------------------", 
        "|                 Clearing Proxy Cache                    |", 
        "-----------------------------------------------------------", 
        "", 

        " /bin/rm -rf /tmp/nginx_cache ", 
        "", 
        "-----------------------------------------------------------", 
        "|                Restarting Nginx Process                 |", 
        "-----------------------------------------------------------", 

        "root       580  0.0  0.0 106064  1436 ?        S    10:18   0:00 /bin/bash /bak/bin/clear_nginxcache.sh", 
        "root       586  0.0  0.1 462192  4064 ?        Ss   10:18   0:00 nginx: master process /usr/local/nginx/sbin/nginx", 
        "nobody     588  0.0  0.3 470684 12816 ?        S    10:18   0:00 nginx: worker process      ", 
        "nobody     589  0.0  0.3 470684 12812 ?        S    10:18   0:00 nginx: worker process      ", 
        "nobody     590  0.0  0.3 470684 12816 ?        S    10:18   0:00 nginx: worker process      ", 

        "nobody     591  0.0  0.3 470684 12812 ?        S    10:18   0:00 nginx: worker process      ", 
        "nobody     592  0.0  0.1 462192  4572 ?        S    10:18   0:00 nginx: cache manager process", 
        "nobody     593  0.0  0.1 462192  4444 ?        S    10:18   0:00 nginx: cache loader process", 
        "root       595  0.0  0.0 103244   872 ?        S    10:18   0:00 grep nginx", 
        "             total       used       free     shared    buffers     cached", 

        "Mem:          3954       2944       1009          2        262       1000", 
        "-/+ buffers/cache:       1681       2273", 
        "Swap:            0          0          0", 
        "-----------------------------------------------------------", 
        "|                     Reload SUCCESS!                     |", 

        "-----------------------------------------------------------"
    ]
}
ok: [23.99.114.30] => {
    "script_result.stdout_lines": [

        "-----------------------------------------------------------", 
        "|                 Checking Nginx Config                   |", 
        "-----------------------------------------------------------", 
        "", 
        " nginx -t ", 

        "", 
        "-----------------------------------------------------------", 
        "|                 Stopping Nginx Process                  |", 
        "-----------------------------------------------------------", 
        "", 

        " /usr/bin/killall -9 nginx ", 
        "", 
        "-----------------------------------------------------------", 
        "|                 Clearing Proxy Cache                    |", 
        "-----------------------------------------------------------", 

        "", 
        " /bin/rm -rf /tmp/nginx_cache ", 
        "", 
        "-----------------------------------------------------------", 
        "|                Restarting Nginx Process                 |", 

        "-----------------------------------------------------------", 
        "root      69262  0.0  0.0 106120  1292 ?        S    10:18   0:00 /bin/bash /bak/bin/clear_nginxcache.sh", 
        "root      69271  0.0  0.1 460060  3940 ?        Ss   10:18   0:00 nginx: master process /usr/local/nginx/sbin/nginx", 
        "nobody    69272  0.5  0.3 468552 13072 ?        S    10:18   0:00 nginx: worker process      ", 
        "nobody    69274  0.5  0.3 468552 12676 ?        S    10:18   0:00 nginx: worker process      ", 

        "nobody    69275  0.0  0.3 468552 13072 ?        S    10:18   0:00 nginx: worker process      ", 
        "nobody    69276  0.0  0.3 468552 13220 ?        S    10:18   0:00 nginx: worker process      ", 
        "nobody    69277  0.0  0.1 460060  4428 ?        S    10:18   0:00 nginx: cache manager process", 
        "nobody    69278  0.0  0.1 460060  4300 ?        S    10:18   0:00 nginx: cache loader process", 
        "root      69280  0.0  0.0 103328   844 ?        S    10:18   0:00 grep nginx", 

        "root      93962  0.0  0.0   9120   532 ?        Ss   Mar19   0:00 /sbin/dhclient -H om-clientgamecalled_nginx2.hk.az.monaco1.me -1 -q -lf /var/lib/dhclient/dhclient-eth0.leases -pf /var/run/dhclient-eth0.pid eth0", 
        "             total       used       free     shared    buffers     cached", 
        "Mem:          3440        890       2549          2        175        353", 
        "-/+ buffers/cache:        361       3078", 
        "Swap:            0          0          0", 

        "-----------------------------------------------------------", 
        "|                     Reload SUCCESS!                     |", 
        "-----------------------------------------------------------"
    ]
}

ok: [203.60.2.48] => {
    "script_result.stdout_lines": [
        "-----------------------------------------------------------", 
        "|                 Checking Nginx Config                   |", 
        "-----------------------------------------------------------", 

        "", 
        " nginx -t ", 
        "", 
        "-----------------------------------------------------------", 
        "|                 Stopping Nginx Process                  |", 

        "-----------------------------------------------------------", 
        "", 
        " /usr/bin/killall -9 nginx ", 
        "", 
        "-----------------------------------------------------------", 

        "|                 Clearing Proxy Cache                    |", 
        "-----------------------------------------------------------", 
        "", 
        " /bin/rm -rf /tmp/nginx_cache ", 
        "", 

        "-----------------------------------------------------------", 
        "|                Restarting Nginx Process                 |", 
        "-----------------------------------------------------------", 
        "root     31415  0.8  0.0 113180  1520 ?        S    10:18   0:00 /bin/bash /bak/bin/clear_nginxcache.sh", 
        "root     31422  0.0  0.0 465632  5204 ?        Ss   10:18   0:00 nginx: master process /usr/local/nginx/sbin/nginx", 

        "nobody   31424  0.5  0.1 472200 13588 ?        S    10:18   0:00 nginx: worker process", 
        "nobody   31425  0.0  0.1 472200 13588 ?        S    10:18   0:00 nginx: worker process", 
        "nobody   31426  0.5  0.1 472200 13588 ?        S    10:18   0:00 nginx: worker process", 
        "nobody   31427  0.0  0.1 472200 13588 ?        S    10:18   0:00 nginx: worker process", 
        "nobody   31428  0.0  0.0 465632  5628 ?        S    10:18   0:00 nginx: cache manager process", 

        "nobody   31429  0.0  0.0 465632  5628 ?        S    10:18   0:00 nginx: cache loader process", 
        "root     31431  0.0  0.0 112708   964 ?        S    10:18   0:00 grep nginx", 
        "              total        used        free      shared  buff/cache   available", 
        "Mem:           7311         283        1008         379        6019        6313", 
        "Swap:             0           0           0", 

        "-----------------------------------------------------------", 
        "|                     Reload SUCCESS!                     |", 
        "-----------------------------------------------------------"
    ]
}


PLAY [127.0.0.1] ***************************************************************

TASK [sync_to_git : Synchronizing Nginx To GIT] ********************************
changed: [127.0.0.1]


TASK [sync_to_git : debug] *****************************************************
ok: [127.0.0.1] => {
    "msg": " [u'[master 801cfcc] jax.laut', u' 1 file changed, 4 insertions(+), 4 deletions(-)', u'Branch master set up to track remote branch master from origin.']"
}


PLAY [om-clientgamecalled_nginx] ***********************************************

PLAY [127.0.0.1] ***************************************************************


PLAY RECAP *********************************************************************
119.9.110.31               : ok=11   changed=2    unreachable=0    failed=0    skipped=0    rescued=0    ignored=0   
127.0.0.1                  : ok=2    changed=1    unreachable=0    failed=0    skipped=0    rescued=0    ignored=0   
203.60.2.48                : ok=9    changed=2    unreachable=0    failed=0    skipped=2    rescued=0    ignored=0   
23.99.114.30               : ok=11   changed=2    unreachable=0    failed=0    skipped=0    rescued=0    ignored=0   



ESYNC_WORKER1_COMMAND_END
MAX RETRIES EXECUTED, COMMAND NOT RESPONDING