ESYNC_WORKER1_COMMAND_START
 [WARNING]: Invalid characters were found in group names but not replaced, use
-vvvv to see details

PLAY [om-clientgamecalled_nginx] ***********************************************


TASK [Gathering Facts] *********************************************************
ok: [119.9.110.31]
ok: [23.99.114.30]
ok: [203.60.2.48]


TASK [nginx_sync : Change python interpreter] **********************************
ok: [119.9.110.31]
ok: [23.99.114.30]
skipping: [203.60.2.48]


TASK [nginx_sync : change python interpreter] **********************************
ok: [119.9.110.31]
ok: [23.99.114.30]
skipping: [203.60.2.48]


TASK [nginx_sync : Notify] *****************************************************
ok: [119.9.110.31] => {
    "msg": "Syncing om-clientgamecalled_nginx"
}
ok: [23.99.114.30] => {

    "msg": "Syncing om-clientgamecalled_nginx"
}
ok: [203.60.2.48] => {
    "msg": "Syncing om-clientgamecalled_nginx"
}


TASK [nginx_sync : include_vars] ***********************************************
ok: [119.9.110.31]
ok: [23.99.114.30]
ok: [203.60.2.48]


TASK [nginx_sync : Synchronizing Nginx] ****************************************
ok: [119.9.110.31] => (item=conf)
ok: [203.60.2.48] => (item=conf)
ok: [23.99.114.30] => (item=conf)

changed: [119.9.110.31] => (item=conf.d)
changed: [203.60.2.48] => (item=conf.d)
changed: [23.99.114.30] => (item=conf.d)
ok: [119.9.110.31] => (item=data)
ok: [203.60.2.48] => (item=data)

ok: [23.99.114.30] => (item=data)
ok: [119.9.110.31] => (item=html)
ok: [203.60.2.48] => (item=html)
ok: [23.99.114.30] => (item=html)


TASK [all_servers : include_vars] **********************************************
ok: [119.9.110.31]
ok: [23.99.114.30]
ok: [203.60.2.48]


TASK [all_servers : Notify] ****************************************************
ok: [119.9.110.31] => {
    "msg": "Clearing Nginx Cache for om-clientgamecalled_nginx"
}
ok: [23.99.114.30] => {

    "msg": "Clearing Nginx Cache for om-clientgamecalled_nginx"
}
ok: [203.60.2.48] => {
    "msg": "Clearing Nginx Cache for om-clientgamecalled_nginx"
}


TASK [all_servers : Copying clear_nginxcache.sh to remote hosts] ***************
ok: [23.99.114.30]
ok: [119.9.110.31]
ok: [203.60.2.48]


TASK [all_servers : Nginx Clear Cache] *****************************************
changed: [23.99.114.30]
changed: [119.9.110.31]
changed: [203.60.2.48]


TASK [all_servers : debug] *****************************************************
ok: [119.9.110.31] => {
    "script_result.stdout_lines": [
        "-----------------------------------------------------------", 

        "|                 Checking Nginx Config                   |", 
        "-----------------------------------------------------------", 
        "", 
        " nginx -t ", 
        "", 

        "-----------------------------------------------------------", 
        "|                 Stopping Nginx Process                  |", 
        "-----------------------------------------------------------", 
        "", 
        " /usr/bin/killall -9 nginx ", 

        "", 
        "-----------------------------------------------------------", 
        "|                 Clearing Proxy Cache                    |", 
        "-----------------------------------------------------------", 
        "", 

        " /bin/rm -rf /tmp/nginx_cache ", 
        "", 
        "-----------------------------------------------------------", 
        "|                Restarting Nginx Process                 |", 
        "-----------------------------------------------------------", 

        "root     19374  0.0  0.0 106064  1432 ?        S    17:43   0:00 /bin/bash /bak/bin/clear_nginxcache.sh", 
        "root     19387  0.0  0.0 462176  4044 ?        Ss   17:44   0:00 nginx: master process /usr/local/nginx/sbin/nginx", 
        "nobody   19389  0.0  0.3 470668 12796 ?        S    17:44   0:00 nginx: worker process      ", 
        "nobody   19390  0.0  0.3 470668 12796 ?        S    17:44   0:00 nginx: worker process      ", 
        "nobody   19391  0.0  0.3 470668 12796 ?        S    17:44   0:00 nginx: worker process      ", 

        "nobody   19392  0.0  0.3 470668 12796 ?        S    17:44   0:00 nginx: worker process      ", 
        "nobody   19393  0.0  0.1 462176  4556 ?        S    17:44   0:00 nginx: cache manager process", 
        "nobody   19394  0.0  0.1 462176  4428 ?        S    17:44   0:00 nginx: cache loader process", 
        "root     19396  0.0  0.0 103244   876 ?        S    17:44   0:00 grep nginx", 
        "             total       used       free     shared    buffers     cached", 

        "Mem:          3954       3305        648          2        259        856", 
        "-/+ buffers/cache:       2189       1764", 
        "Swap:            0          0          0", 
        "-----------------------------------------------------------", 
        "|                     Reload SUCCESS!                     |", 

        "-----------------------------------------------------------"
    ]
}
ok: [23.99.114.30] => {
    "script_result.stdout_lines": [

        "-----------------------------------------------------------", 
        "|                 Checking Nginx Config                   |", 
        "-----------------------------------------------------------", 
        "", 
        " nginx -t ", 

        "", 
        "-----------------------------------------------------------", 
        "|                 Stopping Nginx Process                  |", 
        "-----------------------------------------------------------", 
        "", 

        " /usr/bin/killall -9 nginx ", 
        "", 
        "-----------------------------------------------------------", 
        "|                 Clearing Proxy Cache                    |", 
        "-----------------------------------------------------------", 

        "", 
        " /bin/rm -rf /tmp/nginx_cache ", 
        "", 
        "-----------------------------------------------------------", 
        "|                Restarting Nginx Process                 |", 

        "-----------------------------------------------------------", 
        "root      93962  0.0  0.0   9120   532 ?        Ss   Mar19   0:00 /sbin/dhclient -H om-clientgamecalled_nginx2.hk.az.monaco1.me -1 -q -lf /var/lib/dhclient/dhclient-eth0.leases -pf /var/run/dhclient-eth0.pid eth0", 
        "root     128827  0.0  0.0 106120  1292 ?        S    17:43   0:00 /bin/bash /bak/bin/clear_nginxcache.sh", 
        "root     128836  0.0  0.1 460044  3920 ?        Ss   17:43   0:00 nginx: master process /usr/local/nginx/sbin/nginx", 
        "nobody   128837  0.5  0.3 468536 13244 ?        S    17:43   0:00 nginx: worker process      ", 

        "nobody   128838  0.0  0.3 468536 13212 ?        S    17:43   0:00 nginx: worker process      ", 
        "nobody   128840  0.0  0.3 468536 13204 ?        S    17:43   0:00 nginx: worker process      ", 
        "nobody   128841  0.0  0.3 468536 13240 ?        S    17:43   0:00 nginx: worker process      ", 
        "nobody   128842  0.0  0.1 460044  4412 ?        S    17:43   0:00 nginx: cache manager process", 
        "nobody   128843  0.0  0.1 460044  4284 ?        S    17:43   0:00 nginx: cache loader process", 

        "root     128848  0.0  0.0 103328   840 ?        R    17:43   0:00 grep nginx", 
        "             total       used       free     shared    buffers     cached", 
        "Mem:          3440       3272        168          2        193       2415", 
        "-/+ buffers/cache:        663       2777", 
        "Swap:            0          0          0", 

        "-----------------------------------------------------------", 
        "|                     Reload SUCCESS!                     |", 
        "-----------------------------------------------------------"
    ]
}

ok: [203.60.2.48] => {
    "script_result.stdout_lines": [
        "-----------------------------------------------------------", 
        "|                 Checking Nginx Config                   |", 
        "-----------------------------------------------------------", 

        "", 
        " nginx -t ", 
        "", 
        "-----------------------------------------------------------", 
        "|                 Stopping Nginx Process                  |", 

        "-----------------------------------------------------------", 
        "", 
        " /usr/bin/killall -9 nginx ", 
        "", 
        "-----------------------------------------------------------", 

        "|                 Clearing Proxy Cache                    |", 
        "-----------------------------------------------------------", 
        "", 
        " /bin/rm -rf /tmp/nginx_cache ", 
        "", 

        "-----------------------------------------------------------", 
        "|                Restarting Nginx Process                 |", 
        "-----------------------------------------------------------", 
        "root      6629  0.3  0.0 113180  1520 ?        S    17:43   0:00 /bin/bash /bak/bin/clear_nginxcache.sh", 
        "root      6645  0.0  0.0 465616  5188 ?        Ss   17:44   0:00 nginx: master process /usr/local/nginx/sbin/nginx", 

        "nobody    6646  0.0  0.1 472184 13572 ?        S    17:44   0:00 nginx: worker process", 
        "nobody    6648  0.0  0.1 472184 13572 ?        S    17:44   0:00 nginx: worker process", 
        "nobody    6649  0.0  0.1 472184 13572 ?        S    17:44   0:00 nginx: worker process", 
        "nobody    6650  0.5  0.1 472184 13572 ?        S    17:44   0:00 nginx: worker process", 
        "nobody    6651  0.0  0.0 465616  5612 ?        S    17:44   0:00 nginx: cache manager process", 

        "nobody    6652  0.0  0.0 465616  5612 ?        S    17:44   0:00 nginx: cache loader process", 
        "root      6654  0.0  0.0 112708   964 ?        S    17:44   0:00 grep nginx", 
        "              total        used        free      shared  buff/cache   available", 
        "Mem:           7311         235        1982         251        5094        6502", 
        "Swap:             0           0           0", 

        "-----------------------------------------------------------", 
        "|                     Reload SUCCESS!                     |", 
        "-----------------------------------------------------------"
    ]
}


PLAY [127.0.0.1] ***************************************************************

TASK [sync_to_git : Synchronizing Nginx To GIT] ********************************
changed: [127.0.0.1]


TASK [sync_to_git : debug] *****************************************************
ok: [127.0.0.1] => {
    "msg": " [u'[master e46ac68] leriza.muralla', u' 1 file changed, 27 insertions(+)', u'Branch master set up to track remote branch master from origin.']"
}


PLAY [om-clientgamecalled_nginx] ***********************************************

PLAY [127.0.0.1] ***************************************************************


PLAY RECAP *********************************************************************
119.9.110.31               : ok=11   changed=2    unreachable=0    failed=0    skipped=0    rescued=0    ignored=0   
127.0.0.1                  : ok=2    changed=1    unreachable=0    failed=0    skipped=0    rescued=0    ignored=0   
203.60.2.48                : ok=9    changed=2    unreachable=0    failed=0    skipped=2    rescued=0    ignored=0   
23.99.114.30               : ok=11   changed=2    unreachable=0    failed=0    skipped=0    rescued=0    ignored=0   



ESYNC_WORKER1_COMMAND_END
MAX RETRIES EXECUTED, COMMAND NOT RESPONDING