ESYNC_COMMAND_START

PLAY [Product-BBET8__NginxForward] *********************************************

TASK [nginx_sync : Notify] *****************************************************
ok: [119.81.239.94] => {

    "msg": "Syncing Product-BBET8__NginxForward"
}
ok: [23.99.121.244] => {
    "msg": "Syncing Product-BBET8__NginxForward"
}

ok: [119.9.95.136] => {
    "msg": "Syncing Product-BBET8__NginxForward"
}
ok: [137.116.170.159] => {
    "msg": "Syncing Product-BBET8__NginxForward"

}
ok: [161.202.34.88] => {
    "msg": "Syncing Product-BBET8__NginxForward"
}
ok: [23.99.109.154] => {

    "msg": "Syncing Product-BBET8__NginxForward"
}
ok: [13.94.45.41] => {
    "msg": "Syncing Product-BBET8__NginxForward"
}

ok: [13.75.45.208] => {
    "msg": "Syncing Product-BBET8__NginxForward"
}

TASK [nginx_sync : include_vars] ***********************************************

ok: [119.81.239.94]
ok: [23.99.121.244]
ok: [119.9.95.136]
ok: [137.116.170.159]
ok: [161.202.34.88]

ok: [23.99.109.154]
ok: [13.94.45.41]
ok: [13.75.45.208]

TASK [nginx_sync : Synchronizing Nginx] ****************************************

ok: [119.9.95.136] => (item=conf)
ok: [23.99.121.244] => (item=conf)
ok: [137.116.170.159] => (item=conf)
ok: [119.81.239.94] => (item=conf)
ok: [161.202.34.88] => (item=conf)

changed: [119.9.95.136] => (item=conf.d)
changed: [161.202.34.88] => (item=conf.d)
changed: [119.81.239.94] => (item=conf.d)
ok: [119.9.95.136] => (item=data)
changed: [137.116.170.159] => (item=conf.d)

ok: [161.202.34.88] => (item=data)
ok: [119.9.95.136] => (item=html)
ok: [137.116.170.159] => (item=data)
ok: [119.81.239.94] => (item=data)
ok: [23.99.109.154] => (item=conf)

ok: [137.116.170.159] => (item=html)
ok: [161.202.34.88] => (item=html)
ok: [119.81.239.94] => (item=html)
changed: [23.99.121.244] => (item=conf.d)
ok: [13.94.45.41] => (item=conf)

ok: [13.75.45.208] => (item=conf)
ok: [23.99.121.244] => (item=data)
ok: [23.99.121.244] => (item=html)
changed: [23.99.109.154] => (item=conf.d)
changed: [13.94.45.41] => (item=conf.d)

ok: [23.99.109.154] => (item=data)
ok: [13.94.45.41] => (item=data)
ok: [23.99.109.154] => (item=html)
ok: [13.94.45.41] => (item=html)
changed: [13.75.45.208] => (item=conf.d)

ok: [13.75.45.208] => (item=data)
ok: [13.75.45.208] => (item=html)

TASK [all_servers : include_vars] **********************************************
ok: [119.81.239.94]

ok: [23.99.121.244]
ok: [119.9.95.136]
ok: [137.116.170.159]
ok: [161.202.34.88]
ok: [23.99.109.154]

ok: [13.94.45.41]
ok: [13.75.45.208]

TASK [all_servers : Notify] ****************************************************
ok: [119.81.239.94] => {

    "msg": "Clearing Nginx Cache for Product-BBET8__NginxForward"
}
ok: [23.99.121.244] => {
    "msg": "Clearing Nginx Cache for Product-BBET8__NginxForward"
}

ok: [119.9.95.136] => {
    "msg": "Clearing Nginx Cache for Product-BBET8__NginxForward"
}
ok: [137.116.170.159] => {
    "msg": "Clearing Nginx Cache for Product-BBET8__NginxForward"

}
ok: [161.202.34.88] => {
    "msg": "Clearing Nginx Cache for Product-BBET8__NginxForward"
}
ok: [23.99.109.154] => {

    "msg": "Clearing Nginx Cache for Product-BBET8__NginxForward"
}
ok: [13.94.45.41] => {
    "msg": "Clearing Nginx Cache for Product-BBET8__NginxForward"
}

ok: [13.75.45.208] => {
    "msg": "Clearing Nginx Cache for Product-BBET8__NginxForward"
}

TASK [all_servers : Copying clear_nginxcache.sh to remote hosts] ***************

ok: [119.9.95.136]
ok: [137.116.170.159]
ok: [119.81.239.94]
ok: [161.202.34.88]
ok: [23.99.121.244]

ok: [13.94.45.41]
ok: [23.99.109.154]
ok: [13.75.45.208]

TASK [all_servers : Nginx Clear Cache] *****************************************

changed: [119.9.95.136]
changed: [137.116.170.159]
changed: [119.81.239.94]
changed: [23.99.121.244]
changed: [161.202.34.88]

changed: [13.75.45.208]
changed: [13.94.45.41]
changed: [23.99.109.154]

TASK [all_servers : debug] *****************************************************

        "", 
        " nginx -t ", 
        "", 
        "-----------------------------------------------------------", 
        "|                 Stopping Nginx Process                  |", 

        "-----------------------------------------------------------", 
        "", 
        " /usr/bin/killall -9 nginx ", 
        "", 
        "-----------------------------------------------------------", 

        "|                 Clearing Proxy Cache                    |", 
        "-----------------------------------------------------------", 
        "", 
        " /bin/rm -rf /tmp/nginx_cache ", 
        "", 

        "-----------------------------------------------------------", 
        "|                Restarting Nginx Process                 |", 
        "-----------------------------------------------------------", 
        "root     17679  2.2  0.0 106120  1280 ?        S    16:02   0:00 /bin/bash /bak/bin/clear_nginxcache.sh", 
        "root     17685 10.6  1.8 431592 75852 ?        Ss   16:02   0:00 nginx: master process /usr/local/nginx/sbin/nginx", 

        "nobody   17687  0.3  1.9 433520 80548 ?        S    16:02   0:00 nginx: worker process      ", 
        "nobody   17688  0.3  1.9 433520 80532 ?        S    16:02   0:00 nginx: worker process      ", 
        "nobody   17689  0.3  1.9 433520 80532 ?        S    16:02   0:00 nginx: worker process      ", 
        "nobody   17690  0.3  1.9 433520 80892 ?        S    16:02   0:00 nginx: worker process      ", 
        "nobody   17691  0.0  1.8 431592 77376 ?        S    16:02   0:00 nginx: cache manager process", 

        "nobody   17692  0.0  1.8 431592 77340 ?        S    16:02   0:00 nginx: cache loader process", 
        "root     17694  0.0  0.0 103328   840 ?        S    16:02   0:00 grep nginx", 
        "             total       used       free     shared    buffers     cached", 
        "Mem:          4010       1685       2325          3        704        568", 
        "-/+ buffers/cache:        411       3598", 

        "Swap:         2047          0       2047", 
        "-----------------------------------------------------------", 
        "|                     Reload SUCCESS!                     |", 
        "-----------------------------------------------------------"
    ]

}
ok: [23.99.121.244] => {
    "script_result.stdout_lines": [
        "-----------------------------------------------------------", 
        "|                 Checking Nginx Config                   |", 

        "-----------------------------------------------------------", 
        "", 
        " nginx -t ", 
        "", 
        "-----------------------------------------------------------", 

ok: [119.81.239.94] => {
    "script_result.stdout_lines": [
        "-----------------------------------------------------------", 
        "|                 Checking Nginx Config                   |", 
        "-----------------------------------------------------------", 

        "|                 Stopping Nginx Process                  |", 
        "-----------------------------------------------------------", 
        "", 
        " /usr/bin/killall -9 nginx ", 
        "", 

        "-----------------------------------------------------------", 
        "|                 Clearing Proxy Cache                    |", 
        "-----------------------------------------------------------", 
        "", 
        " /bin/rm -rf /tmp/nginx_cache ", 

        "", 
        "-----------------------------------------------------------", 
        "|                Restarting Nginx Process                 |", 
        "-----------------------------------------------------------", 
        "root      75887  0.0  0.0 106120  1280 ?        S    16:02   0:00 /bin/bash /bak/bin/clear_nginxcache.sh", 

        "root      75896  0.0  2.1 431592 75848 ?        Ss   16:02   0:00 nginx: master process /usr/local/nginx/sbin/nginx", 
        "nobody    75897  1.0  2.3 433520 81688 ?        S    16:02   0:00 nginx: worker process      ", 
        "nobody    75898  0.0  2.3 433520 81672 ?        S    16:02   0:00 nginx: worker process      ", 
        "nobody    75899  0.5  2.3 433520 81664 ?        S    16:02   0:00 nginx: worker process      ", 
        "nobody    75900  0.0  2.3 433520 81636 ?        S    16:02   0:00 nginx: worker process      ", 

        "nobody    75901  0.0  2.1 431592 77376 ?        S    16:02   0:00 nginx: cache manager process", 
        "nobody    75902  0.0  2.1 431592 77356 ?        S    16:02   0:00 nginx: cache loader process", 
        "root      75906  0.0  0.0 103328   848 ?        S    16:02   0:00 grep nginx", 
        "             total       used       free     shared    buffers     cached", 
        "Mem:          3440       1122       2318          2        174        427", 

        "-/+ buffers/cache:        520       2920", 
        "Swap:            0          0          0", 
        "-----------------------------------------------------------", 
        "|                     Reload SUCCESS!                     |", 
        "-----------------------------------------------------------"

    ]
}
ok: [119.9.95.136] => {
    "script_result.stdout_lines": [
        "-----------------------------------------------------------", 

        "|                 Checking Nginx Config                   |", 
        "-----------------------------------------------------------", 
        "", 
        " nginx -t ", 
        "", 

        "-----------------------------------------------------------", 
        "|                 Stopping Nginx Process                  |", 
        "-----------------------------------------------------------", 
        "", 
        " /usr/bin/killall -9 nginx ", 

        "", 
        "-----------------------------------------------------------", 
        "|                 Clearing Proxy Cache                    |", 
        "-----------------------------------------------------------", 
        "", 

        " /bin/rm -rf /tmp/nginx_cache ", 
        "", 
        "-----------------------------------------------------------", 
        "|                Restarting Nginx Process                 |", 
        "-----------------------------------------------------------", 

        "root     10607  0.0  0.0 106084  1424 ?        S    16:02   0:00 /bin/bash /bak/bin/clear_nginxcache.sh", 
        "root     10613  0.0  1.8 431596 75908 ?        Ss   16:02   0:00 nginx: master process /usr/local/nginx/sbin/nginx", 
        "nobody   10615  0.0  1.9 433524 80612 ?        S    16:02   0:00 nginx: worker process      ", 
        "nobody   10616  0.0  1.9 433524 80612 ?        S    16:02   0:00 nginx: worker process      ", 
        "nobody   10617  0.0  1.9 433524 80596 ?        S    16:02   0:00 nginx: worker process      ", 

        "nobody   10618  0.0  1.9 433524 80592 ?        S    16:02   0:00 nginx: worker process      ", 
        "nobody   10619  0.0  1.9 431596 77440 ?        S    16:02   0:00 nginx: cache manager process", 
        "nobody   10620  0.0  1.9 431596 77420 ?        S    16:02   0:00 nginx: cache loader process", 
        "root     10622  0.0  0.0 103324   884 ?        S    16:02   0:00 grep nginx", 
        "             total       used       free     shared    buffers     cached", 

        "Mem:          3954       2941       1012          3        592       1311", 
        "-/+ buffers/cache:       1037       2916", 
        "Swap:            0          0          0", 
        "-----------------------------------------------------------", 
        "|                     Reload SUCCESS!                     |", 

        "-----------------------------------------------------------"
    ]
}
ok: [137.116.170.159] => {
    "script_result.stdout_lines": [

        "-----------------------------------------------------------", 
        "|                 Checking Nginx Config                   |", 
        "-----------------------------------------------------------", 
        "", 
        " nginx -t ", 

        "", 
        "-----------------------------------------------------------", 
        "|                 Stopping Nginx Process                  |", 
        "-----------------------------------------------------------", 
        "", 

        " /usr/bin/killall -9 nginx ", 
        "", 
        "-----------------------------------------------------------", 
        "|                 Clearing Proxy Cache                    |", 
        "-----------------------------------------------------------", 

        "", 
        " /bin/rm -rf /tmp/nginx_cache ", 
        "", 
        "-----------------------------------------------------------", 
        "|                Restarting Nginx Process                 |", 

        "-----------------------------------------------------------", 
        "root      79642  0.0  0.0 106120  1280 ?        S    16:02   0:00 /bin/bash /bak/bin/clear_nginxcache.sh", 
        "root      79648  0.0  2.1 431592 75852 ?        Ss   16:02   0:00 nginx: master process /usr/local/nginx/sbin/nginx", 
        "nobody    79650  0.0  2.2 433520 80908 ?        S    16:02   0:00 nginx: worker process      ", 
        "nobody    79651  0.0  2.2 433520 80548 ?        S    16:02   0:00 nginx: worker process      ", 

        "nobody    79652  0.0  2.2 433520 80552 ?        S    16:02   0:00 nginx: worker process      ", 
        "nobody    79653  0.3  2.3 433520 81432 ?        S    16:02   0:00 nginx: worker process      ", 
        "nobody    79654  0.0  2.1 431592 77376 ?        S    16:02   0:00 nginx: cache manager process", 
        "nobody    79655  0.0  2.1 431592 77356 ?        S    16:02   0:00 nginx: cache loader process", 
        "root      79660  0.0  0.0 103328   844 ?        S    16:02   0:00 grep nginx", 

        "             total       used       free     shared    buffers     cached", 
        "Mem:          3440       1327       2112          2        276        430", 
        "-/+ buffers/cache:        620       2820", 
        "Swap:            0          0          0", 
        "-----------------------------------------------------------", 

        "|                     Reload SUCCESS!                     |", 
        "-----------------------------------------------------------"
    ]
}
ok: [161.202.34.88] => {

    "script_result.stdout_lines": [
        "-----------------------------------------------------------", 
        "|                 Checking Nginx Config                   |", 
        "-----------------------------------------------------------", 
        "", 

        " nginx -t ", 
        "", 
        "-----------------------------------------------------------", 
        "|                 Stopping Nginx Process                  |", 
        "-----------------------------------------------------------", 

        "", 
        " /usr/bin/killall -9 nginx ", 
        "", 
        "-----------------------------------------------------------", 
        "|                 Clearing Proxy Cache                    |", 

        "-----------------------------------------------------------", 
        "", 
        " /bin/rm -rf /tmp/nginx_cache ", 
        "", 
        "-----------------------------------------------------------", 

        "|                Restarting Nginx Process                 |", 
        "-----------------------------------------------------------", 
        "root     23105  2.4  0.0 106116  1276 ?        S    16:02   0:00 /bin/bash /bak/bin/clear_nginxcache.sh", 
        "root     23111 18.5  1.8 431588 75852 ?        Ss   16:02   0:00 nginx: master process /usr/local/nginx/sbin/nginx", 
        "nobody   23113  1.0  1.9 433516 80552 ?        S    16:02   0:00 nginx: worker process      ", 

        "nobody   23114  0.5  1.9 433516 80536 ?        S    16:02   0:00 nginx: worker process      ", 
        "nobody   23115  0.5  1.9 433516 80892 ?        S    16:02   0:00 nginx: worker process      ", 
        "nobody   23116  0.5  1.9 433516 80544 ?        S    16:02   0:00 nginx: worker process      ", 
        "nobody   23117  0.0  1.8 431588 77376 ?        S    16:02   0:00 nginx: cache manager process", 
        "nobody   23118  0.0  1.8 431588 77340 ?        S    16:02   0:00 nginx: cache loader process", 

        "root     23120  0.0  0.0 103324   840 ?        S    16:02   0:00 grep nginx", 
        "             total       used       free     shared    buffers     cached", 
        "Mem:          4009       1155       2854          2        175        537", 
        "-/+ buffers/cache:        441       3568", 
        "Swap:         2047          0       2047", 

        "-----------------------------------------------------------", 
        "|                     Reload SUCCESS!                     |", 
        "-----------------------------------------------------------"
    ]
}

ok: [23.99.109.154] => {
    "script_result.stdout_lines": [
        "-----------------------------------------------------------", 
        "|                 Checking Nginx Config                   |", 
        "-----------------------------------------------------------", 

        "", 
        " nginx -t ", 
        "", 
        "-----------------------------------------------------------", 
        "|                 Stopping Nginx Process                  |", 

        "-----------------------------------------------------------", 
        "", 
        " /usr/bin/killall -9 nginx ", 
        "", 
        "-----------------------------------------------------------", 

        "|                 Clearing Proxy Cache                    |", 
        "-----------------------------------------------------------", 
        "", 
        " /bin/rm -rf /tmp/nginx_cache ", 
        "", 

        "-----------------------------------------------------------", 
        "|                Restarting Nginx Process                 |", 
        "-----------------------------------------------------------", 
        "root      73427  0.0  0.0 106112  1284 ?        S    16:02   0:00 /bin/bash /bak/bin/clear_nginxcache.sh", 
        "root      73433  0.5  2.1 432064 75872 ?        Ss   16:02   0:00 nginx: master process /usr/local/nginx/sbin/nginx", 

        "nobody    73434  0.5  2.2 433992 80556 ?        S    16:02   0:00 nginx: worker process      ", 
        "nobody    73435  0.0  2.2 433992 80552 ?        S    16:02   0:00 nginx: worker process      ", 
        "nobody    73436  0.0  2.2 433992 80572 ?        S    16:02   0:00 nginx: worker process      ", 
        "nobody    73437  0.0  2.2 433992 80552 ?        S    16:02   0:00 nginx: worker process      ", 
        "nobody    73439  0.0  2.1 432064 77396 ?        S    16:02   0:00 nginx: cache manager process", 

        "nobody    73440  0.0  2.1 432064 77360 ?        S    16:02   0:00 nginx: cache loader process", 
        "root      73442  0.0  0.0 103264   828 ?        S    16:02   0:00 grep nginx", 
        "             total       used       free     shared    buffers     cached", 
        "Mem:          3440       1800       1640          0        242        859", 
        "-/+ buffers/cache:        698       2742", 

        "Swap:            0          0          0", 
        "-----------------------------------------------------------", 
        "|                     Reload SUCCESS!                     |", 
        "-----------------------------------------------------------"
    ]

}
ok: [13.94.45.41] => {
    "script_result.stdout_lines": [
        "-----------------------------------------------------------", 
        "|                 Checking Nginx Config                   |", 

        "-----------------------------------------------------------", 
        "", 
        " nginx -t ", 
        "", 
        "-----------------------------------------------------------", 

        "|                 Stopping Nginx Process                  |", 
        "-----------------------------------------------------------", 
        "", 
        " /usr/bin/killall -9 nginx ", 
        "", 

        "-----------------------------------------------------------", 
        "|                 Clearing Proxy Cache                    |", 
        "-----------------------------------------------------------", 
        "", 
        " /bin/rm -rf /tmp/nginx_cache ", 

        "", 
        "-----------------------------------------------------------", 
        "|                Restarting Nginx Process                 |", 
        "-----------------------------------------------------------", 
        "root     108329  0.0  0.0 106112  1280 ?        S    16:02   0:00 /bin/bash /bak/bin/clear_nginxcache.sh", 

        "root     108335  0.0  2.1 432056 75860 ?        Ss   16:02   0:00 nginx: master process /usr/local/nginx/sbin/nginx", 
        "nobody   108336  0.0  2.2 433984 80540 ?        S    16:02   0:00 nginx: worker process      ", 
        "nobody   108338  0.0  2.2 433984 80540 ?        S    16:02   0:00 nginx: worker process      ", 
        "nobody   108339  0.0  2.2 433984 80540 ?        S    16:02   0:00 nginx: worker process      ", 
        "nobody   108340  0.0  2.2 433984 80540 ?        S    16:02   0:00 nginx: worker process      ", 

        "nobody   108341  0.0  2.1 432056 77400 ?        S    16:02   0:00 nginx: cache manager process", 
        "nobody   108342  0.0  2.1 432056 77348 ?        S    16:02   0:00 nginx: cache loader process", 
        "root     108344  0.0  0.0 103264   832 ?        S    16:02   0:00 grep nginx", 
        "             total       used       free     shared    buffers     cached", 
        "Mem:          3440       2523        916          0        340       1387", 

        "-/+ buffers/cache:        796       2644", 
        "Swap:            0          0          0", 
        "-----------------------------------------------------------", 
        "|                     Reload SUCCESS!                     |", 
        "-----------------------------------------------------------"

    ]
}
ok: [13.75.45.208] => {
    "script_result.stdout_lines": [
        "-----------------------------------------------------------", 

        "|                 Checking Nginx Config                   |", 
        "-----------------------------------------------------------", 
        "", 
        " nginx -t ", 
        "", 

        "-----------------------------------------------------------", 
        "|                 Stopping Nginx Process                  |", 
        "-----------------------------------------------------------", 
        "", 
        " /usr/bin/killall -9 nginx ", 

        "", 
        "-----------------------------------------------------------", 
        "|                 Clearing Proxy Cache                    |", 
        "-----------------------------------------------------------", 
        "", 

        " /bin/rm -rf /tmp/nginx_cache ", 
        "", 
        "-----------------------------------------------------------", 
        "|                Restarting Nginx Process                 |", 
        "-----------------------------------------------------------", 

        "root      68256  0.0  0.0 106112  1280 ?        S    16:02   0:00 /bin/bash /bak/bin/clear_nginxcache.sh", 
        "root      68262  0.0  1.8 432060 75852 ?        Ss   16:02   0:00 nginx: master process /usr/local/nginx/sbin/nginx", 
        "nobody    68263  0.0  1.9 433988 80536 ?        S    16:02   0:00 nginx: worker process      ", 
        "nobody    68264  0.0  2.0 433988 81668 ?        S    16:02   0:00 nginx: worker process      ", 
        "nobody    68265  0.0  1.9 433988 80536 ?        S    16:02   0:00 nginx: worker process      ", 

        "nobody    68266  0.0  1.9 433988 80540 ?        S    16:02   0:00 nginx: worker process      ", 
        "nobody    68267  0.0  1.9 432060 77380 ?        S    16:02   0:00 nginx: cache manager process", 
        "nobody    68268  0.0  1.9 432060 77360 ?        S    16:02   0:00 nginx: cache loader process", 
        "root      68271  0.0  0.0 103264   832 ?        S    16:02   0:00 grep nginx", 
        "             total       used       free     shared    buffers     cached", 

        "Mem:          3944       3294        649          0        365       1328", 
        "-/+ buffers/cache:       1601       2343", 
        "Swap:            0          0          0", 
        "-----------------------------------------------------------", 
        "|                     Reload SUCCESS!                     |", 

        "-----------------------------------------------------------"
    ]
}

PLAY [127.0.0.1] ***************************************************************


TASK [sync_to_git : Synchronizing Nginx To GIT] ********************************
changed: [127.0.0.1]

TASK [sync_to_git : debug] *****************************************************

ok: [127.0.0.1] => {
    "script_result.stdout_lines": [
        "[master af1722a] aaron.navarro", 
        " 4 files changed, 5 insertions(+), 7 deletions(-)", 
        "Branch master set up to track remote branch master from origin."

    ]
}

PLAY [Product-BBET8__NginxForward] *********************************************


PLAY [127.0.0.1] ***************************************************************

PLAY RECAP *********************************************************************
119.81.239.94              : ok=8    changed=2    unreachable=0    failed=0   
119.9.95.136               : ok=8    changed=2    unreachable=0    failed=0   

127.0.0.1                  : ok=2    changed=1    unreachable=0    failed=0   
13.75.45.208               : ok=8    changed=2    unreachable=0    failed=0   
13.94.45.41                : ok=8    changed=2    unreachable=0    failed=0   
137.116.170.159            : ok=8    changed=2    unreachable=0    failed=0   
161.202.34.88              : ok=8    changed=2    unreachable=0    failed=0   

23.99.109.154              : ok=8    changed=2    unreachable=0    failed=0   
23.99.121.244              : ok=8    changed=2    unreachable=0    failed=0   


ESYNC_COMMAND_END
MAX RETRIES EXECUTED, COMMAND NOT RESPONDING