ESYNC_COMMAND_START

PLAY [Product-BBET8__NginxForward] *********************************************

TASK [nginx_sync : Notify] *****************************************************
ok: [119.81.239.94] => {

    "msg": "Syncing Product-BBET8__NginxForward"
}
ok: [23.99.121.244] => {
    "msg": "Syncing Product-BBET8__NginxForward"
}

ok: [119.9.95.136] => {
    "msg": "Syncing Product-BBET8__NginxForward"
}
ok: [137.116.170.159] => {
    "msg": "Syncing Product-BBET8__NginxForward"

}
ok: [161.202.34.88] => {
    "msg": "Syncing Product-BBET8__NginxForward"
}
ok: [23.99.109.154] => {

    "msg": "Syncing Product-BBET8__NginxForward"
}
ok: [13.94.45.41] => {
    "msg": "Syncing Product-BBET8__NginxForward"
}

ok: [13.75.45.208] => {
    "msg": "Syncing Product-BBET8__NginxForward"
}

TASK [nginx_sync : include_vars] ***********************************************

ok: [119.81.239.94]
ok: [23.99.121.244]
ok: [119.9.95.136]
ok: [137.116.170.159]
ok: [161.202.34.88]

ok: [23.99.109.154]
ok: [13.94.45.41]
ok: [13.75.45.208]

TASK [nginx_sync : Synchronizing Nginx] ****************************************

ok: [23.99.121.244] => (item=conf)
ok: [137.116.170.159] => (item=conf)
ok: [119.9.95.136] => (item=conf)
ok: [119.81.239.94] => (item=conf)
ok: [161.202.34.88] => (item=conf)

changed: [119.9.95.136] => (item=conf.d)
changed: [137.116.170.159] => (item=conf.d)
changed: [161.202.34.88] => (item=conf.d)
changed: [119.81.239.94] => (item=conf.d)
ok: [119.9.95.136] => (item=data)

changed: [23.99.121.244] => (item=conf.d)
ok: [137.116.170.159] => (item=data)
ok: [119.81.239.94] => (item=data)
ok: [119.9.95.136] => (item=html)
ok: [161.202.34.88] => (item=data)

ok: [23.99.121.244] => (item=data)
ok: [137.116.170.159] => (item=html)
ok: [119.81.239.94] => (item=html)
ok: [23.99.109.154] => (item=conf)
ok: [23.99.121.244] => (item=html)

ok: [161.202.34.88] => (item=html)
ok: [13.94.45.41] => (item=conf)
changed: [13.94.45.41] => (item=conf.d)
ok: [13.94.45.41] => (item=data)
ok: [13.75.45.208] => (item=conf)

ok: [13.94.45.41] => (item=html)
changed: [23.99.109.154] => (item=conf.d)
changed: [13.75.45.208] => (item=conf.d)
ok: [23.99.109.154] => (item=data)
ok: [13.75.45.208] => (item=data)

ok: [23.99.109.154] => (item=html)
ok: [13.75.45.208] => (item=html)

TASK [all_servers : include_vars] **********************************************
ok: [119.81.239.94]

ok: [23.99.121.244]
ok: [119.9.95.136]
ok: [137.116.170.159]
ok: [161.202.34.88]
ok: [23.99.109.154]

ok: [13.94.45.41]
ok: [13.75.45.208]

TASK [all_servers : Notify] ****************************************************
ok: [119.81.239.94] => {

    "msg": "Clearing Nginx Cache for Product-BBET8__NginxForward"
}
ok: [23.99.121.244] => {
    "msg": "Clearing Nginx Cache for Product-BBET8__NginxForward"
}

ok: [119.9.95.136] => {
    "msg": "Clearing Nginx Cache for Product-BBET8__NginxForward"
}
ok: [137.116.170.159] => {
    "msg": "Clearing Nginx Cache for Product-BBET8__NginxForward"

}
ok: [161.202.34.88] => {
    "msg": "Clearing Nginx Cache for Product-BBET8__NginxForward"
}
ok: [23.99.109.154] => {

    "msg": "Clearing Nginx Cache for Product-BBET8__NginxForward"
}
ok: [13.94.45.41] => {
    "msg": "Clearing Nginx Cache for Product-BBET8__NginxForward"
}

ok: [13.75.45.208] => {
    "msg": "Clearing Nginx Cache for Product-BBET8__NginxForward"
}

TASK [all_servers : Copying clear_nginxcache.sh to remote hosts] ***************

ok: [119.9.95.136]
ok: [137.116.170.159]
ok: [119.81.239.94]
ok: [161.202.34.88]
ok: [23.99.121.244]

ok: [13.94.45.41]
ok: [13.75.45.208]
ok: [23.99.109.154]

TASK [all_servers : Nginx Clear Cache] *****************************************

changed: [119.9.95.136]
changed: [161.202.34.88]
changed: [137.116.170.159]
changed: [23.99.121.244]
changed: [119.81.239.94]

changed: [23.99.109.154]
changed: [13.94.45.41]
changed: [13.75.45.208]

TASK [all_servers : debug] *****************************************************

ok: [119.81.239.94] => {
    "script_result.stdout_lines": [
        "-----------------------------------------------------------", 
        "|                 Checking Nginx Config                   |", 
        "-----------------------------------------------------------", 

        "", 
        " nginx -t ", 
        "", 
        "-----------------------------------------------------------", 
        "|                 Stopping Nginx Process                  |", 

        "-----------------------------------------------------------", 
        "", 
        " /usr/bin/killall -9 nginx ", 
        "", 
        "-----------------------------------------------------------", 

        "|                 Clearing Proxy Cache                    |", 
        "-----------------------------------------------------------", 
        "", 
        " /bin/rm -rf /tmp/nginx_cache ", 
        "", 

        "-----------------------------------------------------------", 
        "|                Restarting Nginx Process                 |", 
        "-----------------------------------------------------------", 
        "root     20259  1.4  0.0 106120  1284 ?        S    16:45   0:00 /bin/bash /bak/bin/clear_nginxcache.sh", 
        "root     20418  5.5  1.8 431592 75844 ?        Ss   16:45   0:00 nginx: master process /usr/local/nginx/sbin/nginx", 

        "nobody   20419  0.1  1.9 433520 80544 ?        S    16:45   0:00 nginx: worker process      ", 
        "nobody   20428  0.1  1.9 433520 80528 ?        S    16:45   0:00 nginx: worker process      ", 
        "nobody   20439  0.1  1.9 433520 80528 ?        S    16:45   0:00 nginx: worker process      ", 
        "nobody   20444  0.1  1.9 433520 80528 ?        S    16:45   0:00 nginx: worker process      ", 
        "nobody   20445  0.0  1.8 431592 77372 ?        S    16:45   0:00 nginx: cache manager process", 

        "nobody   20446  0.0  1.8 431592 77336 ?        S    16:45   0:00 nginx: cache loader process", 
        "root     20454  0.0  0.0 103328   844 ?        S    16:46   0:00 grep nginx", 
        "             total       used       free     shared    buffers     cached", 
        "Mem:          4010       1868       2141          3        708        702", 
        "-/+ buffers/cache:        457       3552", 

        "Swap:         2047          0       2047", 
        "-----------------------------------------------------------", 
        "|                     Reload SUCCESS!                     |", 
        "-----------------------------------------------------------"
    ]

}
ok: [23.99.121.244] => {
    "script_result.stdout_lines": [
        "-----------------------------------------------------------", 
        "|                 Checking Nginx Config                   |", 

        "-----------------------------------------------------------", 
        "", 
        " nginx -t ", 
        "", 
        "-----------------------------------------------------------", 

        "|                 Stopping Nginx Process                  |", 
        "-----------------------------------------------------------", 
        "", 
        " /usr/bin/killall -9 nginx ", 
        "", 

        "-----------------------------------------------------------", 
        "|                 Clearing Proxy Cache                    |", 
        "-----------------------------------------------------------", 
        "", 
        " /bin/rm -rf /tmp/nginx_cache ", 

        "", 
        "-----------------------------------------------------------", 
        "|                Restarting Nginx Process                 |", 
        "-----------------------------------------------------------", 
        "root      85269  0.0  0.0 106120  1280 ?        S    16:45   0:00 /bin/bash /bak/bin/clear_nginxcache.sh", 

        "root      85278  0.5  2.1 431592 75856 ?        Ss   16:45   0:00 nginx: master process /usr/local/nginx/sbin/nginx", 
        "nobody    85279  0.5  2.3 433520 81732 ?        S    16:45   0:00 nginx: worker process      ", 
        "nobody    85280  1.0  2.3 433520 81736 ?        S    16:45   0:00 nginx: worker process      ", 
        "nobody    85281  1.0  2.3 433520 81716 ?        S    16:45   0:00 nginx: worker process      ", 
        "nobody    85283  0.5  2.3 433520 81720 ?        S    16:45   0:00 nginx: worker process      ", 

        "nobody    85284  0.0  2.1 431592 77380 ?        S    16:45   0:00 nginx: cache manager process", 
        "nobody    85285  0.0  2.1 431592 77360 ?        S    16:45   0:00 nginx: cache loader process", 
        "root      85290  0.0  0.0 103328   848 ?        S    16:46   0:00 grep nginx", 
        "             total       used       free     shared    buffers     cached", 
        "Mem:          3440       1438       2001          2        178        702", 

        "-/+ buffers/cache:        558       2882", 
        "Swap:            0          0          0", 
        "-----------------------------------------------------------", 
        "|                     Reload SUCCESS!                     |", 
        "-----------------------------------------------------------"

    ]
}
ok: [119.9.95.136] => {
    "script_result.stdout_lines": [
        "-----------------------------------------------------------", 

        "|                 Checking Nginx Config                   |", 
        "-----------------------------------------------------------", 
        "", 
        " nginx -t ", 
        "", 

        "-----------------------------------------------------------", 
        "|                 Stopping Nginx Process                  |", 
        "-----------------------------------------------------------", 
        "", 
        " /usr/bin/killall -9 nginx ", 

        "", 
        "-----------------------------------------------------------", 
        "|                 Clearing Proxy Cache                    |", 
        "-----------------------------------------------------------", 
        "", 

        " /bin/rm -rf /tmp/nginx_cache ", 
        "", 
        "-----------------------------------------------------------", 
        "|                Restarting Nginx Process                 |", 
        "-----------------------------------------------------------", 

        "root     24853  0.0  0.0 106084  1428 ?        S    16:45   0:00 /bin/bash /bak/bin/clear_nginxcache.sh", 
        "root     24859  0.0  1.8 431596 75912 ?        Ss   16:45   0:00 nginx: master process /usr/local/nginx/sbin/nginx", 
        "nobody   24861  0.0  2.0 433524 81780 ?        S    16:45   0:00 nginx: worker process      ", 
        "nobody   24862  0.0  2.0 433524 81812 ?        S    16:45   0:00 nginx: worker process      ", 
        "nobody   24863  0.0  1.9 433524 80600 ?        S    16:45   0:00 nginx: worker process      ", 

        "nobody   24864  0.0  1.9 433524 80608 ?        S    16:45   0:00 nginx: worker process      ", 
        "nobody   24865  0.0  1.9 431596 77444 ?        S    16:45   0:00 nginx: cache manager process", 
        "nobody   24866  0.0  1.9 431596 77424 ?        S    16:45   0:00 nginx: cache loader process", 
        "root     24868  0.0  0.0 103324   884 ?        S    16:45   0:00 grep nginx", 
        "             total       used       free     shared    buffers     cached", 

        "Mem:          3954       3033        920          3        603       1360", 
        "-/+ buffers/cache:       1069       2884", 
        "Swap:            0          0          0", 
        "-----------------------------------------------------------", 
        "|                     Reload SUCCESS!                     |", 

        "-----------------------------------------------------------"
    ]
}
ok: [137.116.170.159] => {
    "script_result.stdout_lines": [

        "-----------------------------------------------------------", 
        "|                 Checking Nginx Config                   |", 
        "-----------------------------------------------------------", 
        "", 
        " nginx -t ", 

        "", 
        "-----------------------------------------------------------", 
        "|                 Stopping Nginx Process                  |", 
        "-----------------------------------------------------------", 
        "", 

        " /usr/bin/killall -9 nginx ", 
        "", 
        "-----------------------------------------------------------", 
        "|                 Clearing Proxy Cache                    |", 
        "-----------------------------------------------------------", 

        "", 
        " /bin/rm -rf /tmp/nginx_cache ", 
        "", 
        "-----------------------------------------------------------", 
        "|                Restarting Nginx Process                 |", 

        "-----------------------------------------------------------", 
        "root     100304  0.1  0.0 106120  1284 ?        S    16:45   0:00 /bin/bash /bak/bin/clear_nginxcache.sh", 
        "root     100313  0.3  2.1 431592 75848 ?        Ss   16:45   0:00 nginx: master process /usr/local/nginx/sbin/nginx", 
        "nobody   100314  0.3  2.3 433520 81764 ?        S    16:45   0:00 nginx: worker process      ", 
        "nobody   100316  0.0  2.3 433520 81728 ?        S    16:45   0:00 nginx: worker process      ", 

        "nobody   100317  0.0  2.3 433520 81708 ?        S    16:45   0:00 nginx: worker process      ", 
        "nobody   100318  0.3  2.3 433520 81660 ?        S    16:45   0:00 nginx: worker process      ", 
        "nobody   100319  0.0  2.1 431592 77372 ?        S    16:45   0:00 nginx: cache manager process", 
        "nobody   100320  0.0  2.1 431592 77336 ?        S    16:45   0:00 nginx: cache loader process", 
        "root     100322  0.0  0.0 103328   848 ?        S    16:45   0:00 grep nginx", 

        "             total       used       free     shared    buffers     cached", 
        "Mem:          3440       1589       1850          2        281        653", 
        "-/+ buffers/cache:        654       2786", 
        "Swap:            0          0          0", 
        "-----------------------------------------------------------", 

        "|                     Reload SUCCESS!                     |", 
        "-----------------------------------------------------------"
    ]
}
ok: [161.202.34.88] => {

    "script_result.stdout_lines": [
        "-----------------------------------------------------------", 
        "|                 Checking Nginx Config                   |", 
        "-----------------------------------------------------------", 
        "", 

        " nginx -t ", 
        "", 
        "-----------------------------------------------------------", 
        "|                 Stopping Nginx Process                  |", 
        "-----------------------------------------------------------", 

        "", 
        " /usr/bin/killall -9 nginx ", 
        "", 
        "-----------------------------------------------------------", 
        "|                 Clearing Proxy Cache                    |", 

        "-----------------------------------------------------------", 
        "", 
        " /bin/rm -rf /tmp/nginx_cache ", 
        "", 
        "-----------------------------------------------------------", 

        "|                Restarting Nginx Process                 |", 
        "-----------------------------------------------------------", 
        "root      5747  2.5  0.0 106116  1280 ?        S    16:45   0:00 /bin/bash /bak/bin/clear_nginxcache.sh", 
        "root      5753 18.0  1.8 431588 75852 ?        Ss   16:45   0:00 nginx: master process /usr/local/nginx/sbin/nginx", 
        "nobody    5755  0.5  1.9 433516 80904 ?        S    16:45   0:00 nginx: worker process      ", 

        "nobody    5756  0.5  1.9 433516 80532 ?        S    16:45   0:00 nginx: worker process      ", 
        "nobody    5757  0.5  1.9 433516 80532 ?        S    16:45   0:00 nginx: worker process      ", 
        "nobody    5758  0.5  1.9 433516 80532 ?        S    16:45   0:00 nginx: worker process      ", 
        "nobody    5759  0.0  1.8 431588 77376 ?        S    16:45   0:00 nginx: cache manager process", 
        "nobody    5760  0.0  1.8 431588 77340 ?        S    16:45   0:00 nginx: cache loader process", 

        "root      5762  0.0  0.0 103324   844 ?        S    16:46   0:00 grep nginx", 
        "             total       used       free     shared    buffers     cached", 
        "Mem:          4009       1242       2767          2        179        592", 
        "-/+ buffers/cache:        470       3539", 
        "Swap:         2047          0       2047", 

        "-----------------------------------------------------------", 
        "|                     Reload SUCCESS!                     |", 
        "-----------------------------------------------------------"
    ]
}

ok: [23.99.109.154] => {
    "script_result.stdout_lines": [
        "-----------------------------------------------------------", 
        "|                 Checking Nginx Config                   |", 
        "-----------------------------------------------------------", 

        "", 
        " nginx -t ", 
        "", 
        "-----------------------------------------------------------", 
        "|                 Stopping Nginx Process                  |", 

        "-----------------------------------------------------------", 
        "", 
        " /usr/bin/killall -9 nginx ", 
        "", 
        "-----------------------------------------------------------", 

        "|                 Clearing Proxy Cache                    |", 
        "-----------------------------------------------------------", 
        "", 
        " /bin/rm -rf /tmp/nginx_cache ", 
        "", 

        "-----------------------------------------------------------", 
        "|                Restarting Nginx Process                 |", 
        "-----------------------------------------------------------", 
        "root      98155  0.0  0.0 106112  1284 ?        S    16:46   0:00 /bin/bash /bak/bin/clear_nginxcache.sh", 
        "root      98163  0.0  2.1 432064 75868 ?        Ss   16:46   0:00 nginx: master process /usr/local/nginx/sbin/nginx", 

        "nobody    98165  0.0  2.2 433992 80560 ?        S    16:46   0:00 nginx: worker process      ", 
        "nobody    98166  0.0  2.3 433992 81772 ?        S    16:46   0:00 nginx: worker process      ", 
        "nobody    98167  0.5  2.2 433992 80548 ?        S    16:46   0:00 nginx: worker process      ", 
        "nobody    98168  0.0  2.2 433992 80548 ?        S    16:46   0:00 nginx: worker process      ", 
        "nobody    98169  0.0  2.1 432064 77408 ?        S    16:46   0:00 nginx: cache manager process", 

        "nobody    98170  0.0  2.1 432064 77356 ?        S    16:46   0:00 nginx: cache loader process", 
        "root      98172  0.0  0.0 103264   828 ?        S    16:46   0:00 grep nginx", 
        "             total       used       free     shared    buffers     cached", 
        "Mem:          3440       1868       1571          0        252        896", 
        "-/+ buffers/cache:        720       2720", 

        "Swap:            0          0          0", 
        "-----------------------------------------------------------", 
        "|                     Reload SUCCESS!                     |", 
        "-----------------------------------------------------------"
    ]

}
ok: [13.94.45.41] => {
    "script_result.stdout_lines": [
        "-----------------------------------------------------------", 
        "|                 Checking Nginx Config                   |", 

        "-----------------------------------------------------------", 
        "", 
        " nginx -t ", 
        "", 
        "-----------------------------------------------------------", 

        "|                 Stopping Nginx Process                  |", 
        "-----------------------------------------------------------", 
        "", 
        " /usr/bin/killall -9 nginx ", 
        "", 

        "-----------------------------------------------------------", 
        "|                 Clearing Proxy Cache                    |", 
        "-----------------------------------------------------------", 
        "", 
        " /bin/rm -rf /tmp/nginx_cache ", 

        "", 
        "-----------------------------------------------------------", 
        "|                Restarting Nginx Process                 |", 
        "-----------------------------------------------------------", 
        "root      90970  0.0  0.0 106112  1280 ?        S    16:46   0:00 /bin/bash /bak/bin/clear_nginxcache.sh", 

        "root      90978  0.0  2.1 432056 75856 ?        Ss   16:46   0:00 nginx: master process /usr/local/nginx/sbin/nginx", 
        "nobody    90979  0.0  2.2 433984 80540 ?        S    16:46   0:00 nginx: worker process      ", 
        "nobody    90980  0.0  2.2 433984 80556 ?        S    16:46   0:00 nginx: worker process      ", 
        "nobody    90981  0.0  2.2 433984 80536 ?        S    16:46   0:00 nginx: worker process      ", 
        "nobody    90982  0.3  2.2 433984 80536 ?        S    16:46   0:00 nginx: worker process      ", 

        "nobody    90983  0.0  2.1 432056 77400 ?        S    16:46   0:00 nginx: cache manager process", 
        "nobody    90984  0.0  2.1 432056 77360 ?        S    16:46   0:00 nginx: cache loader process", 
        "root      90987  0.0  0.0 103264   832 ?        S    16:46   0:00 grep nginx", 
        "             total       used       free     shared    buffers     cached", 
        "Mem:          3440       2574        866          0        351       1429", 

        "-/+ buffers/cache:        792       2647", 
        "Swap:            0          0          0", 
        "-----------------------------------------------------------", 
        "|                     Reload SUCCESS!                     |", 
        "-----------------------------------------------------------"

    ]
}
ok: [13.75.45.208] => {
    "script_result.stdout_lines": [
        "-----------------------------------------------------------", 

        "|                 Checking Nginx Config                   |", 
        "-----------------------------------------------------------", 
        "", 
        " nginx -t ", 
        "", 

        "-----------------------------------------------------------", 
        "|                 Stopping Nginx Process                  |", 
        "-----------------------------------------------------------", 
        "", 
        " /usr/bin/killall -9 nginx ", 

        "", 
        "-----------------------------------------------------------", 
        "|                 Clearing Proxy Cache                    |", 
        "-----------------------------------------------------------", 
        "", 

        " /bin/rm -rf /tmp/nginx_cache ", 
        "", 
        "-----------------------------------------------------------", 
        "|                Restarting Nginx Process                 |", 
        "-----------------------------------------------------------", 

        "root      50599  0.0  0.0 106112  1280 ?        S    16:46   0:00 /bin/bash /bak/bin/clear_nginxcache.sh", 
        "root      50605  0.0  1.8 432060 75856 ?        Ss   16:46   0:00 nginx: master process /usr/local/nginx/sbin/nginx", 
        "nobody    50606  0.0  1.9 433988 80540 ?        S    16:46   0:00 nginx: worker process      ", 
        "nobody    50608  0.0  1.9 433988 80556 ?        S    16:46   0:00 nginx: worker process      ", 
        "nobody    50609  0.0  1.9 433988 80540 ?        S    16:46   0:00 nginx: worker process      ", 

        "nobody    50610  0.0  1.9 433988 80540 ?        S    16:46   0:00 nginx: worker process      ", 
        "nobody    50611  0.0  1.9 432060 77384 ?        S    16:46   0:00 nginx: cache manager process", 
        "nobody    50612  0.0  1.9 432060 77348 ?        S    16:46   0:00 nginx: cache loader process", 
        "root      50614  0.0  0.0 103264   832 ?        S    16:46   0:00 grep nginx", 
        "             total       used       free     shared    buffers     cached", 

        "Mem:          3944       3362        581          0        369       1377", 
        "-/+ buffers/cache:       1615       2328", 
        "Swap:            0          0          0", 
        "-----------------------------------------------------------", 
        "|                     Reload SUCCESS!                     |", 

        "-----------------------------------------------------------"
    ]
}

PLAY [127.0.0.1] ***************************************************************


TASK [sync_to_git : Synchronizing Nginx To GIT] ********************************
changed: [127.0.0.1]

TASK [sync_to_git : debug] *****************************************************

ok: [127.0.0.1] => {
    "script_result.stdout_lines": [
        "[master 58df1c9] ben.tian", 
        " 1 file changed, 1 insertion(+), 1 deletion(-)", 
        "Branch master set up to track remote branch master from origin."

    ]
}

PLAY [Product-BBET8__NginxForward] *********************************************


PLAY [127.0.0.1] ***************************************************************

PLAY RECAP *********************************************************************
119.81.239.94              : ok=8    changed=2    unreachable=0    failed=0   
119.9.95.136               : ok=8    changed=2    unreachable=0    failed=0   

127.0.0.1                  : ok=2    changed=1    unreachable=0    failed=0   
13.75.45.208               : ok=8    changed=2    unreachable=0    failed=0   
13.94.45.41                : ok=8    changed=2    unreachable=0    failed=0   
137.116.170.159            : ok=8    changed=2    unreachable=0    failed=0   
161.202.34.88              : ok=8    changed=2    unreachable=0    failed=0   

23.99.109.154              : ok=8    changed=2    unreachable=0    failed=0   
23.99.121.244              : ok=8    changed=2    unreachable=0    failed=0   


ESYNC_COMMAND_END
MAX RETRIES EXECUTED, COMMAND NOT RESPONDING