--- /srv/Product-BBET8__NginxForward/nginx/conf.d/other/cpms_front.conf	2018-08-15 16:21:46.438009372 +0800
+++ /tmp/cpms_front.conf	2018-10-17 13:49:02.675940022 +0800
@@ -33,3 +33,115 @@
 		return 444;
 	}
 }
+
+server {
+	listen         443;
+	server_name    ptclient-bbet8front.987bbt.com;
+	index   index.jsp index.html index.htm;
+
+	charset utf-8;
+
+	access_log  logs/bbet8_cpms_front.access.log main;
+  	access_log  logs/bbet8_cpms_front.logstash.access.log logstash;
+    ssl on;
+    ssl_certificate /usr/local/nginx/conf.d/ssl/987bbt.com/fullchain.pem;
+    ssl_certificate_key /usr/local/nginx/conf.d/ssl/987bbt.com/privkey.pem;
+	location ~ ^/(WEB-INF)/ {
+		deny all;
+	}
+
+	location / {
+		proxy_redirect          off;
+		proxy_set_header        Host            $host;
+		proxy_set_header        X-Real-IP       $remote_addr;
+		proxy_set_header        referer         "";
+		proxy_set_header        X-Forwarded-For $proxy_add_x_forwarded_for;
+		proxy_connect_timeout   80;
+		proxy_send_timeout      80;
+		proxy_read_timeout      80;
+		client_max_body_size    35m;
+		client_body_buffer_size 256k;
+		proxy_buffer_size       256k;
+		proxy_buffers           4 256k;
+		proxy_busy_buffers_size 256k;
+		proxy_temp_file_write_size      256k;
+		proxy_pass http://8833;
+	}
+	location ~* (conf|logs|lib|work|temp|bin)/{
+		return 444;
+	}
+}
+server {
+	listen         443;
+	server_name    ptclient-bbet8front.889bbt.com;
+	index   index.jsp index.html index.htm;
+
+	charset utf-8;
+
+	access_log  logs/bbet8_cpms_front.access.log main;
+  	access_log  logs/bbet8_cpms_front.logstash.access.log logstash;
+    ssl on;
+    ssl_certificate /usr/local/nginx/conf.d/ssl/889bbt.com/fullchain.pem;
+    ssl_certificate_key /usr/local/nginx/conf.d/ssl/889bbt.com/privkey.pem;
+	location ~ ^/(WEB-INF)/ {
+		deny all;
+	}
+
+	location / {
+		proxy_redirect          off;
+		proxy_set_header        Host            $host;
+		proxy_set_header        X-Real-IP       $remote_addr;
+		proxy_set_header        referer         "";
+		proxy_set_header        X-Forwarded-For $proxy_add_x_forwarded_for;
+		proxy_connect_timeout   80;
+		proxy_send_timeout      80;
+		proxy_read_timeout      80;
+		client_max_body_size    35m;
+		client_body_buffer_size 256k;
+		proxy_buffer_size       256k;
+		proxy_buffers           4 256k;
+		proxy_busy_buffers_size 256k;
+		proxy_temp_file_write_size      256k;
+		proxy_pass http://8833;
+	}
+	location ~* (conf|logs|lib|work|temp|bin)/{
+		return 444;
+  }
+}
+server {
+	listen         443;
+	server_name    ptclient-bbet8front.779bbt.com;
+	index   index.jsp index.html index.htm;
+
+	charset utf-8;
+
+	access_log  logs/bbet8_cpms_front.access.log main;
+  	access_log  logs/bbet8_cpms_front.logstash.access.log logstash;
+    ssl on;
+    ssl_certificate /usr/local/nginx/conf.d/ssl/779bbt.com/fullchain.pem;
+    ssl_certificate_key /usr/local/nginx/conf.d/ssl/779bbt.com/privkey.pem;
+	location ~ ^/(WEB-INF)/ {
+		deny all;
+	}
+
+	location / {
+		proxy_redirect          off;
+		proxy_set_header        Host            $host;
+		proxy_set_header        X-Real-IP       $remote_addr;
+		proxy_set_header        referer         "";
+		proxy_set_header        X-Forwarded-For $proxy_add_x_forwarded_for;
+		proxy_connect_timeout   80;
+		proxy_send_timeout      80;
+		proxy_read_timeout      80;
+		client_max_body_size    35m;
+		client_body_buffer_size 256k;
+		proxy_buffer_size       256k;
+		proxy_buffers           4 256k;
+		proxy_busy_buffers_size 256k;
+		proxy_temp_file_write_size      256k;
+		proxy_pass http://8833;
+	}
+	location ~* (conf|logs|lib|work|temp|bin)/{
+		return 444;
+  }
+}

