ESYNC_WORKER1_COMMAND_START

PLAY [eu-nginx] ****************************************************************

TASK [nginx_sync : Notify] *****************************************************
ok: [119.9.94.172] => {

    "msg": "Syncing eu-nginx"
}
ok: [207.46.140.151] => {
    "msg": "Syncing eu-nginx"
}

ok: [52.229.206.25] => {
    "msg": "Syncing eu-nginx"
}
ok: [13.75.115.255] => {
    "msg": "Syncing eu-nginx"

}
ok: [13.94.45.24] => {
    "msg": "Syncing eu-nginx"
}
ok: [52.229.205.134] => {

    "msg": "Syncing eu-nginx"
}

TASK [nginx_sync : include_vars] ***********************************************
ok: [119.9.94.172]

ok: [207.46.140.151]
ok: [52.229.206.25]
ok: [13.75.115.255]
ok: [13.94.45.24]
ok: [52.229.205.134]


TASK [nginx_sync : Synchronizing Nginx] ****************************************
ok: [52.229.206.25] => (item=conf)
ok: [13.94.45.24] => (item=conf)
ok: [207.46.140.151] => (item=conf)

ok: [119.9.94.172] => (item=conf)
ok: [13.75.115.255] => (item=conf)
changed: [13.94.45.24] => (item=conf.d)
changed: [52.229.206.25] => (item=conf.d)
changed: [207.46.140.151] => (item=conf.d)

changed: [13.75.115.255] => (item=conf.d)
changed: [119.9.94.172] => (item=conf.d)
ok: [52.229.206.25] => (item=data)
ok: [13.94.45.24] => (item=data)
ok: [207.46.140.151] => (item=data)

ok: [13.75.115.255] => (item=data)
ok: [119.9.94.172] => (item=data)
ok: [52.229.206.25] => (item=html)
ok: [13.94.45.24] => (item=html)
ok: [207.46.140.151] => (item=html)

ok: [13.75.115.255] => (item=html)
ok: [119.9.94.172] => (item=html)
ok: [52.229.205.134] => (item=conf)
changed: [52.229.205.134] => (item=conf.d)
ok: [52.229.205.134] => (item=data)

ok: [52.229.205.134] => (item=html)

TASK [all_servers : include_vars] **********************************************
ok: [119.9.94.172]
ok: [207.46.140.151]

ok: [52.229.206.25]
ok: [13.75.115.255]
ok: [13.94.45.24]
ok: [52.229.205.134]


TASK [all_servers : Notify] ****************************************************
ok: [119.9.94.172] => {
    "msg": "Clearing Nginx Cache for eu-nginx"
}
ok: [207.46.140.151] => {

    "msg": "Clearing Nginx Cache for eu-nginx"
}
ok: [52.229.206.25] => {
    "msg": "Clearing Nginx Cache for eu-nginx"
}

ok: [13.75.115.255] => {
    "msg": "Clearing Nginx Cache for eu-nginx"
}
ok: [13.94.45.24] => {
    "msg": "Clearing Nginx Cache for eu-nginx"

}
ok: [52.229.205.134] => {
    "msg": "Clearing Nginx Cache for eu-nginx"
}


TASK [all_servers : Copying clear_nginxcache.sh to remote hosts] ***************
ok: [13.75.115.255]
ok: [13.94.45.24]
ok: [207.46.140.151]
ok: [52.229.206.25]

ok: [119.9.94.172]
ok: [52.229.205.134]

TASK [all_servers : Nginx Clear Cache] *****************************************
changed: [13.75.115.255]

changed: [207.46.140.151]
changed: [119.9.94.172]
changed: [13.94.45.24]
changed: [52.229.206.25]
changed: [52.229.205.134]


TASK [all_servers : debug] *****************************************************
ok: [119.9.94.172] => {
    "script_result.stdout_lines": [
        "-----------------------------------------------------------", 

        "|                 Checking Nginx Config                   |", 
        "-----------------------------------------------------------", 
        "", 
        " nginx -t ", 
        "", 

        "-----------------------------------------------------------", 
        "|                 Stopping Nginx Process                  |", 
        "-----------------------------------------------------------", 
        "", 
        " /usr/bin/killall -9 nginx ", 

        "", 
        "-----------------------------------------------------------", 
        "|                 Clearing Proxy Cache                    |", 
        "-----------------------------------------------------------", 
        "", 

        " /bin/rm -rf /tmp/nginx_cache ", 
        "", 
        "-----------------------------------------------------------", 
        "|                Restarting Nginx Process                 |", 
        "-----------------------------------------------------------", 

        "root       670  0.0  0.0 106084  1440 ?        S    13:28   0:00 /bin/bash /bak/bin/clear_nginxcache.sh", 
        "root       680  0.0  2.8 879380 114184 ?       Ss   13:28   0:00 nginx: master process /usr/local/nginx/sbin/nginx", 
        "nobody     682  0.0  2.9 881308 118840 ?       S    13:28   0:00 nginx: worker process      ", 
        "nobody     683  0.0  2.9 881308 118820 ?       S    13:28   0:00 nginx: worker process      ", 
        "nobody     684  0.0  2.9 881308 118820 ?       S    13:28   0:00 nginx: worker process      ", 

        "nobody     685  0.0  2.9 881308 118820 ?       S    13:28   0:00 nginx: worker process      ", 
        "nobody     686  0.0  2.8 879380 115732 ?       S    13:28   0:00 nginx: cache manager process", 
        "nobody     687  0.0  2.8 879380 115692 ?       S    13:28   0:00 nginx: cache loader process", 
        "root       691  0.0  0.0 103324   868 ?        R    13:28   0:00 grep nginx", 
        "             total       used       free     shared    buffers     cached", 

        "Mem:          3953       3473        480          5        175        278", 
        "-/+ buffers/cache:       3018        935", 
        "Swap:            0          0          0", 
        "-----------------------------------------------------------", 
        "|                     Reload SUCCESS!                     |", 

        "-----------------------------------------------------------"
    ]
}
ok: [207.46.140.151] => {
    "script_result.stdout_lines": [

        "-----------------------------------------------------------", 
        "|                 Checking Nginx Config                   |", 
        "-----------------------------------------------------------", 
        "", 
        " nginx -t ", 

        "", 
        "-----------------------------------------------------------", 
        "|                 Stopping Nginx Process                  |", 
        "-----------------------------------------------------------", 
        "", 

        " /usr/bin/killall -9 nginx ", 
        "", 
        "-----------------------------------------------------------", 
        "|                 Clearing Proxy Cache                    |", 
        "-----------------------------------------------------------", 

        "", 
        " /bin/rm -rf /tmp/nginx_cache ", 
        "", 
        "-----------------------------------------------------------", 
        "|                Restarting Nginx Process                 |", 

        "-----------------------------------------------------------", 
        "root      79665  0.0  0.0   9120   660 ?        Ss    2018   0:00 /sbin/dhclient -H eu-nginx2.hk.az.monaco1.me -1 -q -lf /var/lib/dhclient/dhclient-eth0.leases -pf /var/run/dhclient-eth0.pid eth0", 
        "root     112930  0.0  0.0 106120  1292 ?        S    13:28   0:00 /bin/bash /bak/bin/clear_nginxcache.sh", 
        "root     112939  1.0  3.2 879380 114116 ?       Ss   13:28   0:00 nginx: master process /usr/local/nginx/sbin/nginx", 
        "nobody   112940  0.0  3.4 881308 119936 ?       S    13:28   0:00 nginx: worker process      ", 

        "nobody   112941  0.0  3.3 881308 118784 ?       S    13:28   0:00 nginx: worker process      ", 
        "nobody   112942  0.0  3.3 881308 118764 ?       S    13:28   0:00 nginx: worker process      ", 
        "nobody   112944  0.5  3.4 881308 119932 ?       S    13:28   0:00 nginx: worker process      ", 
        "nobody   112945  0.0  3.2 879380 115660 ?       S    13:28   0:00 nginx: cache manager process", 
        "nobody   112946  0.0  3.2 879380 115608 ?       S    13:28   0:00 nginx: cache loader process", 

        "root     112948  0.0  0.0 103328   844 ?        S    13:28   0:00 grep nginx", 
        "             total       used       free     shared    buffers     cached", 
        "Mem:          3440       3005        434          5        221        391", 
        "-/+ buffers/cache:       2392       1048", 
        "Swap:            0          0          0", 

        "-----------------------------------------------------------", 
        "|                     Reload SUCCESS!                     |", 
        "-----------------------------------------------------------"
    ]
}

ok: [52.229.206.25] => {
    "script_result.stdout_lines": [
        "-----------------------------------------------------------", 
        "|                 Checking Nginx Config                   |", 
        "-----------------------------------------------------------", 

        "", 
        " nginx -t ", 
        "", 
        "-----------------------------------------------------------", 
        "|                 Stopping Nginx Process                  |", 

        "-----------------------------------------------------------", 
        "", 
        " /usr/bin/killall -9 nginx ", 
        "", 
        "-----------------------------------------------------------", 

        "|                 Clearing Proxy Cache                    |", 
        "-----------------------------------------------------------", 
        "", 
        " /bin/rm -rf /tmp/nginx_cache ", 
        "", 

        "-----------------------------------------------------------", 
        "|                Restarting Nginx Process                 |", 
        "-----------------------------------------------------------", 
        "root     115512  0.0  0.0   9120   644 ?        Ss    2018   0:00 /sbin/dhclient -H eu-nginx8.hk.az.monaco1.me -1 -q -cf /etc/dhcp/dhclient-eth0.conf -lf /var/lib/dhclient/dhclient-eth0.leases -pf /var/run/dhclient-eth0.pid eth0", 
        "root     130832  0.0  0.0 106112  1296 ?        S    13:28   0:00 /bin/bash /bak/bin/clear_nginxcache.sh", 

        "root     130960  0.1  2.8 879844 114124 ?       Ss   13:28   0:00 nginx: master process /usr/local/nginx/sbin/nginx", 
        "nobody   130961  0.0  2.9 881772 119984 ?       S    13:28   0:00 nginx: worker process      ", 
        "nobody   130962  0.0  2.9 881772 119132 ?       S    13:28   0:00 nginx: worker process      ", 
        "nobody   130963  0.1  2.9 881772 119132 ?       S    13:28   0:00 nginx: worker process      ", 
        "nobody   130964  0.1  2.9 881772 120036 ?       S    13:28   0:00 nginx: worker process      ", 

        "nobody   130965  0.0  2.8 879844 115668 ?       S    13:28   0:00 nginx: cache manager process", 
        "nobody   130966  0.0  2.8 879844 115632 ?       S    13:28   0:00 nginx: cache loader process", 
        "root     130990  0.0  0.0 103268   840 ?        S    13:28   0:00 grep nginx", 
        "             total       used       free     shared    buffers     cached", 
        "Mem:          3944       3575        368          0        187        438", 

        "-/+ buffers/cache:       2949        994", 
        "Swap:            0          0          0", 
        "-----------------------------------------------------------", 
        "|                     Reload SUCCESS!                     |", 
        "-----------------------------------------------------------"

    ]
}
ok: [13.75.115.255] => {
    "script_result.stdout_lines": [
        "-----------------------------------------------------------", 

        "|                 Checking Nginx Config                   |", 
        "-----------------------------------------------------------", 
        "", 
        " nginx -t ", 
        "", 

        "-----------------------------------------------------------", 
        "|                 Stopping Nginx Process                  |", 
        "-----------------------------------------------------------", 
        "", 
        " /usr/bin/killall -9 nginx ", 

        "", 
        "-----------------------------------------------------------", 
        "|                 Clearing Proxy Cache                    |", 
        "-----------------------------------------------------------", 
        "", 

        " /bin/rm -rf /tmp/nginx_cache ", 
        "", 
        "-----------------------------------------------------------", 
        "|                Restarting Nginx Process                 |", 
        "-----------------------------------------------------------", 

        "root      26484  0.0  0.0 106124  1296 ?        S    13:28   0:00 /bin/bash /bak/bin/clear_nginxcache.sh", 
        "root      26490  1.0  3.2 879384 114120 ?       Ss   13:28   0:00 nginx: master process /usr/local/nginx/sbin/nginx", 
        "nobody    26492  0.5  3.3 881312 118772 ?       S    13:28   0:00 nginx: worker process      ", 
        "nobody    26493  0.0  3.3 881312 118756 ?       S    13:28   0:00 nginx: worker process      ", 
        "nobody    26494  0.0  3.3 881312 118756 ?       S    13:28   0:00 nginx: worker process      ", 

        "nobody    26495  0.0  3.3 881312 118756 ?       S    13:28   0:00 nginx: worker process      ", 
        "nobody    26496  0.0  3.2 879384 115664 ?       S    13:28   0:00 nginx: cache manager process", 
        "nobody    26497  0.0  3.2 879384 115612 ?       S    13:28   0:00 nginx: cache loader process", 
        "root      26499  0.0  0.0 103336   848 ?        S    13:28   0:00 grep nginx", 
        "             total       used       free     shared    buffers     cached", 

        "Mem:          3440       3065        374          5        223        270", 
        "-/+ buffers/cache:       2572        867", 
        "Swap:            0          0          0", 
        "-----------------------------------------------------------", 
        "|                     Reload SUCCESS!                     |", 

        "-----------------------------------------------------------"
    ]
}
ok: [13.94.45.24] => {
    "script_result.stdout_lines": [

        "-----------------------------------------------------------", 
        "|                 Checking Nginx Config                   |", 
        "-----------------------------------------------------------", 
        "", 
        " nginx -t ", 

        "", 
        "-----------------------------------------------------------", 
        "|                 Stopping Nginx Process                  |", 
        "-----------------------------------------------------------", 
        "", 

        " /usr/bin/killall -9 nginx ", 
        "", 
        "-----------------------------------------------------------", 
        "|                 Clearing Proxy Cache                    |", 
        "-----------------------------------------------------------", 

        "", 
        " /bin/rm -rf /tmp/nginx_cache ", 
        "", 
        "-----------------------------------------------------------", 
        "|                Restarting Nginx Process                 |", 

        "-----------------------------------------------------------", 
        "root      15723  0.0  0.0 106120  1296 ?        S    13:28   0:00 /bin/bash /bak/bin/clear_nginxcache.sh", 
        "root      15878  0.1  3.2 879380 114124 ?       Ss   13:28   0:00 nginx: master process /usr/local/nginx/sbin/nginx", 
        "nobody    15879  0.1  3.4 881308 119944 ?       S    13:28   0:00 nginx: worker process      ", 
        "nobody    15880  0.0  3.3 881308 118776 ?       S    13:28   0:00 nginx: worker process      ", 

        "nobody    15881  0.0  3.3 881308 118764 ?       S    13:28   0:00 nginx: worker process      ", 
        "nobody    15882  0.0  3.3 881308 118804 ?       S    13:28   0:00 nginx: worker process      ", 
        "nobody    15883  0.0  3.2 879380 115684 ?       S    13:28   0:00 nginx: cache manager process", 
        "nobody    15884  0.0  3.2 879380 115616 ?       S    13:28   0:00 nginx: cache loader process", 
        "root      15918  0.0  0.0 103328   848 ?        S    13:28   0:00 grep nginx", 

        "root      52366  0.0  0.0   9120   652 ?        Ss    2018   0:00 /sbin/dhclient -H eu-nginx3.hk.az.monaco1.me -1 -q -lf /var/lib/dhclient/dhclient-eth0.leases -pf /var/run/dhclient-eth0.pid eth0", 
        "             total       used       free     shared    buffers     cached", 
        "Mem:          3440       3191        248          5        222        456", 
        "-/+ buffers/cache:       2512        927", 
        "Swap:            0          0          0", 

        "-----------------------------------------------------------", 
        "|                     Reload SUCCESS!                     |", 
        "-----------------------------------------------------------"
    ]
}

ok: [52.229.205.134] => {
    "script_result.stdout_lines": [
        "-----------------------------------------------------------", 
        "|                 Checking Nginx Config                   |", 
        "-----------------------------------------------------------", 

        "", 
        " nginx -t ", 
        "", 
        "-----------------------------------------------------------", 
        "|                 Stopping Nginx Process                  |", 

        "-----------------------------------------------------------", 
        "", 
        " /usr/bin/killall -9 nginx ", 
        "", 
        "-----------------------------------------------------------", 

        "|                 Clearing Proxy Cache                    |", 
        "-----------------------------------------------------------", 
        "", 
        " /bin/rm -rf /tmp/nginx_cache ", 
        "", 

        "-----------------------------------------------------------", 
        "|                Restarting Nginx Process                 |", 
        "-----------------------------------------------------------", 
        "root       9027  0.0  0.0 106112  1292 ?        S    13:28   0:00 /bin/bash /bak/bin/clear_nginxcache.sh", 
        "root       9033  0.3  2.8 879844 114132 ?       Ss   13:28   0:00 nginx: master process /usr/local/nginx/sbin/nginx", 

        "nobody     9034  0.0  2.9 881772 119976 ?       S    13:28   0:00 nginx: worker process      ", 
        "nobody     9036  0.3  2.9 881772 119928 ?       S    13:28   0:00 nginx: worker process      ", 
        "nobody     9037  0.0  2.9 881772 119952 ?       S    13:28   0:00 nginx: worker process      ", 
        "nobody     9038  0.3  2.9 881772 119956 ?       S    13:28   0:00 nginx: worker process      ", 
        "nobody     9039  0.0  2.8 879844 115676 ?       S    13:28   0:00 nginx: cache manager process", 

        "nobody     9040  0.0  2.8 879844 115640 ?       S    13:28   0:00 nginx: cache loader process", 
        "root       9042  0.0  0.0 103264   832 ?        S    13:28   0:00 grep nginx", 
        "root     115223  0.0  0.0   9120   644 ?        Ss    2018   0:00 /sbin/dhclient -H eu-nginx7.hk.az.monaco1.me -1 -q -cf /etc/dhcp/dhclient-eth0.conf -lf /var/lib/dhclient/dhclient-eth0.leases -pf /var/run/dhclient-eth0.pid eth0", 
        "             total       used       free     shared    buffers     cached", 
        "Mem:          3944       3380        563          0        192        427", 

        "-/+ buffers/cache:       2760       1183", 
        "Swap:            0          0          0", 
        "-----------------------------------------------------------", 
        "|                     Reload SUCCESS!                     |", 
        "-----------------------------------------------------------"

    ]
}

PLAY [127.0.0.1] ***************************************************************


TASK [sync_to_git : Synchronizing Nginx To GIT] ********************************
changed: [127.0.0.1]

TASK [sync_to_git : debug] *****************************************************
ok: [127.0.0.1] => {

    "script_result.stdout_lines": [
        "[master 47a3b9e] aaron.navarro", 
        " 1 file changed, 11 insertions(+), 7 deletions(-)", 
        "Branch master set up to track remote branch master from origin."
    ]

}

PLAY [eu-nginx] ****************************************************************

PLAY [127.0.0.1] ***************************************************************


PLAY RECAP *********************************************************************
119.9.94.172               : ok=8    changed=2    unreachable=0    failed=0   
127.0.0.1                  : ok=2    changed=1    unreachable=0    failed=0   
13.75.115.255              : ok=8    changed=2    unreachable=0    failed=0   

13.94.45.24                : ok=8    changed=2    unreachable=0    failed=0   
207.46.140.151             : ok=8    changed=2    unreachable=0    failed=0   
52.229.205.134             : ok=8    changed=2    unreachable=0    failed=0   
52.229.206.25              : ok=8    changed=2    unreachable=0    failed=0   



ESYNC_WORKER1_COMMAND_END
MAX RETRIES EXECUTED, COMMAND NOT RESPONDING