ESYNC_WORKER1_COMMAND_START
 [WARNING]: Invalid characters were found in group names but not replaced, use
-vvvv to see details

PLAY [eu-nginx] ****************************************************************


TASK [Gathering Facts] *********************************************************
ok: [119.9.94.172]
ok: [52.229.205.134]
ok: [13.75.115.255]
ok: [52.229.206.25]

ok: [13.94.45.24]
ok: [207.46.140.151]

TASK [nginx_sync : Change python interpreter] **********************************
ok: [13.94.45.24]

ok: [13.75.115.255]
ok: [52.229.205.134]
ok: [52.229.206.25]
ok: [119.9.94.172]
ok: [207.46.140.151]


TASK [nginx_sync : change python interpreter] **********************************
ok: [13.94.45.24]
ok: [13.75.115.255]
ok: [52.229.205.134]

ok: [52.229.206.25]
ok: [119.9.94.172]
ok: [207.46.140.151]

TASK [nginx_sync : Notify] *****************************************************

ok: [13.94.45.24] => {
    "msg": "Syncing eu-nginx"
}
ok: [13.75.115.255] => {
    "msg": "Syncing eu-nginx"

}
ok: [52.229.205.134] => {
    "msg": "Syncing eu-nginx"
}
ok: [52.229.206.25] => {

    "msg": "Syncing eu-nginx"
}
ok: [119.9.94.172] => {
    "msg": "Syncing eu-nginx"
}

ok: [207.46.140.151] => {
    "msg": "Syncing eu-nginx"
}

TASK [nginx_sync : include_vars] ***********************************************

ok: [13.94.45.24]
ok: [13.75.115.255]
ok: [52.229.205.134]
ok: [52.229.206.25]
ok: [119.9.94.172]

ok: [207.46.140.151]

TASK [nginx_sync : Synchronizing Nginx] ****************************************
ok: [13.75.115.255] => (item=conf)
ok: [13.94.45.24] => (item=conf)

ok: [52.229.205.134] => (item=conf)
ok: [119.9.94.172] => (item=conf)
ok: [52.229.206.25] => (item=conf)
changed: [13.94.45.24] => (item=conf.d)
changed: [13.75.115.255] => (item=conf.d)

changed: [52.229.206.25] => (item=conf.d)
changed: [52.229.205.134] => (item=conf.d)
changed: [119.9.94.172] => (item=conf.d)
ok: [13.94.45.24] => (item=data)
ok: [13.75.115.255] => (item=data)

ok: [119.9.94.172] => (item=data)
ok: [52.229.206.25] => (item=data)
ok: [52.229.205.134] => (item=data)
ok: [13.94.45.24] => (item=html)
ok: [119.9.94.172] => (item=html)

ok: [13.75.115.255] => (item=html)
ok: [52.229.206.25] => (item=html)
ok: [52.229.205.134] => (item=html)
ok: [207.46.140.151] => (item=conf)
changed: [207.46.140.151] => (item=conf.d)

ok: [207.46.140.151] => (item=data)
ok: [207.46.140.151] => (item=html)

TASK [all_servers : include_vars] **********************************************
ok: [13.94.45.24]

ok: [13.75.115.255]
ok: [52.229.205.134]
ok: [52.229.206.25]
ok: [119.9.94.172]
ok: [207.46.140.151]


TASK [all_servers : Notify] ****************************************************
ok: [13.94.45.24] => {
    "msg": "Clearing Nginx Cache for eu-nginx"
}

ok: [13.75.115.255] => {
    "msg": "Clearing Nginx Cache for eu-nginx"
}
ok: [52.229.205.134] => {
    "msg": "Clearing Nginx Cache for eu-nginx"

}
ok: [52.229.206.25] => {
    "msg": "Clearing Nginx Cache for eu-nginx"
}
ok: [119.9.94.172] => {

    "msg": "Clearing Nginx Cache for eu-nginx"
}
ok: [207.46.140.151] => {
    "msg": "Clearing Nginx Cache for eu-nginx"
}


TASK [all_servers : Copying clear_nginxcache.sh to remote hosts] ***************
ok: [52.229.206.25]
ok: [119.9.94.172]
ok: [52.229.205.134]

ok: [13.94.45.24]
ok: [13.75.115.255]
ok: [207.46.140.151]

TASK [all_servers : Nginx Clear Cache] *****************************************

changed: [119.9.94.172]
changed: [52.229.205.134]
changed: [13.94.45.24]
changed: [52.229.206.25]
changed: [13.75.115.255]

changed: [207.46.140.151]

TASK [all_servers : debug] *****************************************************
ok: [13.94.45.24] => {
    "script_result.stdout_lines": [

        "-----------------------------------------------------------", 
        "|                 Checking Nginx Config                   |", 
        "-----------------------------------------------------------", 
        "", 
        " nginx -t ", 

        "", 
        "-----------------------------------------------------------", 
        "|                 Stopping Nginx Process                  |", 
        "-----------------------------------------------------------", 
        "", 

        " /usr/bin/killall -9 nginx ", 
        "", 
        "-----------------------------------------------------------", 
        "|                 Clearing Proxy Cache                    |", 
        "-----------------------------------------------------------", 

        "", 
        " /bin/rm -rf /tmp/nginx_cache ", 
        "", 
        "-----------------------------------------------------------", 
        "|                Restarting Nginx Process                 |", 

        "-----------------------------------------------------------", 
        "root      52366  0.0  0.0   9120   532 ?        Ss    2018   0:00 /sbin/dhclient -H eu-nginx3.hk.az.monaco1.me -1 -q -lf /var/lib/dhclient/dhclient-eth0.leases -pf /var/run/dhclient-eth0.pid eth0", 
        "root      74140  0.0  0.0 106120  1292 ?        S    16:37   0:00 /bin/bash /bak/bin/clear_nginxcache.sh", 
        "root      74149  0.6  3.7 895636 130400 ?       Ss   16:37   0:00 nginx: master process /usr/local/nginx/sbin/nginx", 
        "nobody    74150  0.3  3.8 897564 135044 ?       S    16:37   0:00 nginx: worker process      ", 

        "nobody    74151  0.6  3.8 897564 136212 ?       S    16:37   0:00 nginx: worker process      ", 
        "nobody    74153  0.0  3.8 897564 135352 ?       S    16:37   0:00 nginx: worker process      ", 
        "nobody    74154  0.0  3.8 897564 135400 ?       S    16:37   0:00 nginx: worker process      ", 
        "nobody    74155  0.0  3.7 895636 131944 ?       S    16:37   0:00 nginx: cache manager process", 
        "nobody    74156  0.0  3.7 895636 131904 ?       S    16:37   0:00 nginx: cache loader process", 

        "root      74158  0.0  0.0 103328   848 ?        S    16:37   0:00 grep nginx", 
        "             total       used       free     shared    buffers     cached", 
        "Mem:          3440       3120        319          5        316        819", 
        "-/+ buffers/cache:       1984       1455", 
        "Swap:            0          0          0", 

        "-----------------------------------------------------------", 
        "|                     Reload SUCCESS!                     |", 
        "-----------------------------------------------------------"
    ]
}

ok: [13.75.115.255] => {
    "script_result.stdout_lines": [
        "-----------------------------------------------------------", 
        "|                 Checking Nginx Config                   |", 
        "-----------------------------------------------------------", 

        "", 
        " nginx -t ", 
        "", 
        "-----------------------------------------------------------", 
        "|                 Stopping Nginx Process                  |", 

        "-----------------------------------------------------------", 
        "", 
        " /usr/bin/killall -9 nginx ", 
        "", 
        "-----------------------------------------------------------", 

        "|                 Clearing Proxy Cache                    |", 
        "-----------------------------------------------------------", 
        "", 
        " /bin/rm -rf /tmp/nginx_cache ", 
        "", 

        "-----------------------------------------------------------", 
        "|                Restarting Nginx Process                 |", 
        "-----------------------------------------------------------", 
        "root      12159  0.0  0.0 106124  1292 ?        S    16:37   0:00 /bin/bash /bak/bin/clear_nginxcache.sh", 
        "root      12165  0.5  3.7 895640 130412 ?       Ss   16:37   0:00 nginx: master process /usr/local/nginx/sbin/nginx", 

        "nobody    12166  0.5  3.8 897568 136208 ?       S    16:37   0:00 nginx: worker process      ", 
        "nobody    12167  0.0  3.8 897568 135380 ?       S    16:37   0:00 nginx: worker process      ", 
        "nobody    12168  1.5  3.8 897568 136216 ?       S    16:37   0:00 nginx: worker process      ", 
        "nobody    12169  0.5  3.8 897568 136212 ?       S    16:37   0:00 nginx: worker process      ", 
        "nobody    12170  0.0  3.7 895640 131952 ?       S    16:37   0:00 nginx: cache manager process", 

        "nobody    12171  0.5  3.7 895640 131916 ?       S    16:37   0:00 nginx: cache loader process", 
        "root      12174  0.0  0.0 103332   828 ?        R    16:37   0:00 grep nginx", 
        "             total       used       free     shared    buffers     cached", 
        "Mem:          3440       1778       1661          5        309        665", 
        "-/+ buffers/cache:        803       2636", 

        "Swap:            0          0          0", 
        "-----------------------------------------------------------", 
        "|                     Reload SUCCESS!                     |", 
        "-----------------------------------------------------------"
    ]

}
ok: [52.229.205.134] => {
    "script_result.stdout_lines": [
        "-----------------------------------------------------------", 
        "|                 Checking Nginx Config                   |", 

        "-----------------------------------------------------------", 
        "", 
        " nginx -t ", 
        "", 
        "-----------------------------------------------------------", 

        "|                 Stopping Nginx Process                  |", 
        "-----------------------------------------------------------", 
        "", 
        " /usr/bin/killall -9 nginx ", 
        "", 

        "-----------------------------------------------------------", 
        "|                 Clearing Proxy Cache                    |", 
        "-----------------------------------------------------------", 
        "", 
        " /bin/rm -rf /tmp/nginx_cache ", 

        "", 
        "-----------------------------------------------------------", 
        "|                Restarting Nginx Process                 |", 
        "-----------------------------------------------------------", 
        "root        892  0.0  0.0   9120   772 ?        Ss   Aug08   0:00 /sbin/dhclient -H eu-nginx7.hk.az.monaco1.me -1 -q -cf /etc/dhcp/dhclient-eth0.conf -lf /var/lib/dhclient/dhclient-eth0.leases -pf /var/run/dhclient-eth0.pid eth0", 

        "root     107461  0.0  0.0 106112  1292 ?        S    16:37   0:00 /bin/bash /bak/bin/clear_nginxcache.sh", 
        "root     107467  0.3  3.2 896104 130412 ?       Ss   16:37   0:00 nginx: master process /usr/local/nginx/sbin/nginx", 
        "nobody   107468  0.3  3.3 898032 135032 ?       S    16:37   0:00 nginx: worker process      ", 
        "nobody   107470  0.0  3.3 898032 136180 ?       S    16:37   0:00 nginx: worker process      ", 
        "nobody   107471  0.0  3.3 898032 136200 ?       S    16:37   0:00 nginx: worker process      ", 

        "nobody   107472  0.0  3.3 898032 135044 ?       S    16:37   0:00 nginx: worker process      ", 
        "nobody   107473  0.0  3.2 896104 131956 ?       S    16:37   0:00 nginx: cache manager process", 
        "nobody   107474  0.0  3.2 896104 131904 ?       S    16:37   0:00 nginx: cache loader process", 
        "root     107476  0.0  0.0 103268   840 ?        S    16:37   0:00 grep nginx", 
        "             total       used       free     shared    buffers     cached", 

        "Mem:          3946       3417        528          0        213        763", 
        "-/+ buffers/cache:       2441       1504", 
        "Swap:            0          0          0", 
        "-----------------------------------------------------------", 
        "|                     Reload SUCCESS!                     |", 

        "-----------------------------------------------------------"
    ]
}
ok: [52.229.206.25] => {
    "script_result.stdout_lines": [

        "-----------------------------------------------------------", 
        "|                 Checking Nginx Config                   |", 
        "-----------------------------------------------------------", 
        "", 
        " nginx -t ", 

        "", 
        "-----------------------------------------------------------", 
        "|                 Stopping Nginx Process                  |", 
        "-----------------------------------------------------------", 
        "", 

        " /usr/bin/killall -9 nginx ", 
        "", 
        "-----------------------------------------------------------", 
        "|                 Clearing Proxy Cache                    |", 
        "-----------------------------------------------------------", 

        "", 
        " /bin/rm -rf /tmp/nginx_cache ", 
        "", 
        "-----------------------------------------------------------", 
        "|                Restarting Nginx Process                 |", 

        "-----------------------------------------------------------", 
        "root        920  0.0  0.0   9120   776 ?        Ss   Aug08   0:00 /sbin/dhclient -H eu-nginx8.hk.az.monaco1.me -1 -q -cf /etc/dhcp/dhclient-eth0.conf -lf /var/lib/dhclient/dhclient-eth0.leases -pf /var/run/dhclient-eth0.pid eth0", 
        "root     106441  0.0  0.0 106112  1296 ?        S    16:37   0:00 /bin/bash /bak/bin/clear_nginxcache.sh", 
        "root     106447  1.0  3.2 896100 130408 ?       Ss   16:37   0:00 nginx: master process /usr/local/nginx/sbin/nginx", 
        "nobody   106449  0.5  3.3 898028 135044 ?       S    16:37   0:00 nginx: worker process      ", 

        "nobody   106450  0.0  3.3 898028 136160 ?       S    16:37   0:00 nginx: worker process      ", 
        "nobody   106451  0.0  3.3 898028 135024 ?       S    16:37   0:00 nginx: worker process      ", 
        "nobody   106452  0.0  3.3 898028 136216 ?       S    16:37   0:00 nginx: worker process      ", 
        "nobody   106453  0.0  3.2 896100 131948 ?       S    16:37   0:00 nginx: cache manager process", 
        "nobody   106454  0.0  3.2 896100 131916 ?       S    16:37   0:00 nginx: cache loader process", 

        "root     106456  0.0  0.0 103268   836 ?        S    16:37   0:00 grep nginx", 
        "             total       used       free     shared    buffers     cached", 
        "Mem:          3946       3392        554          0        210        642", 
        "-/+ buffers/cache:       2539       1407", 
        "Swap:            0          0          0", 

        "-----------------------------------------------------------", 
        "|                     Reload SUCCESS!                     |", 
        "-----------------------------------------------------------"
    ]
}

ok: [119.9.94.172] => {
    "script_result.stdout_lines": [
        "-----------------------------------------------------------", 
        "|                 Checking Nginx Config                   |", 
        "-----------------------------------------------------------", 

        "", 
        " nginx -t ", 
        "", 
        "-----------------------------------------------------------", 
        "|                 Stopping Nginx Process                  |", 

        "-----------------------------------------------------------", 
        "", 
        " /usr/bin/killall -9 nginx ", 
        "", 
        "-----------------------------------------------------------", 

        "|                 Clearing Proxy Cache                    |", 
        "-----------------------------------------------------------", 
        "", 
        " /bin/rm -rf /tmp/nginx_cache ", 
        "", 

        "-----------------------------------------------------------", 
        "|                Restarting Nginx Process                 |", 
        "-----------------------------------------------------------", 
        "root      8032  0.0  0.0 106084  1440 ?        S    16:37   0:00 /bin/bash /bak/bin/clear_nginxcache.sh", 
        "root      8046  1.0  3.2 895640 130464 ?       Ss   16:37   0:00 nginx: master process /usr/local/nginx/sbin/nginx", 

        "nobody    8048  0.5  3.3 897568 136284 ?       S    16:37   0:00 nginx: worker process      ", 
        "nobody    8049  0.5  3.3 897568 136268 ?       S    16:37   0:00 nginx: worker process      ", 
        "nobody    8050  0.5  3.3 897568 136272 ?       S    16:37   0:00 nginx: worker process      ", 
        "nobody    8051  0.5  3.3 897568 136264 ?       S    16:37   0:00 nginx: worker process      ", 
        "nobody    8052  0.0  3.2 895640 132008 ?       S    16:37   0:00 nginx: cache manager process", 

        "nobody    8053  0.0  3.2 895640 131956 ?       S    16:37   0:00 nginx: cache loader process", 
        "root      8057  0.0  0.0 103324   884 ?        S    16:37   0:00 grep nginx", 
        "             total       used       free     shared    buffers     cached", 
        "Mem:          3953       3406        547          5        181        371", 
        "-/+ buffers/cache:       2853       1100", 

        "Swap:            0          0          0", 
        "-----------------------------------------------------------", 
        "|                     Reload SUCCESS!                     |", 
        "-----------------------------------------------------------"
    ]

}
ok: [207.46.140.151] => {
    "script_result.stdout_lines": [
        "-----------------------------------------------------------", 
        "|                 Checking Nginx Config                   |", 

        "-----------------------------------------------------------", 
        "", 
        " nginx -t ", 
        "", 
        "-----------------------------------------------------------", 

        "|                 Stopping Nginx Process                  |", 
        "-----------------------------------------------------------", 
        "", 
        " /usr/bin/killall -9 nginx ", 
        "", 

        "-----------------------------------------------------------", 
        "|                 Clearing Proxy Cache                    |", 
        "-----------------------------------------------------------", 
        "", 
        " /bin/rm -rf /tmp/nginx_cache ", 

        "", 
        "-----------------------------------------------------------", 
        "|                Restarting Nginx Process                 |", 
        "-----------------------------------------------------------", 
        "root      37235  0.0  0.0 106120  1296 ?        S    16:37   0:00 /bin/bash /bak/bin/clear_nginxcache.sh", 

        "root      37245  1.5  3.7 895636 130404 ?       Ss   16:37   0:00 nginx: master process /usr/local/nginx/sbin/nginx", 
        "nobody    37246  0.5  3.8 897564 136232 ?       S    16:37   0:00 nginx: worker process      ", 
        "nobody    37247  1.0  3.8 897564 135960 ?       S    16:37   0:00 nginx: worker process      ", 
        "nobody    37248  0.5  3.8 897564 136208 ?       S    16:37   0:00 nginx: worker process      ", 
        "nobody    37250  0.5  3.8 897564 136204 ?       S    16:37   0:00 nginx: worker process      ", 

        "nobody    37251  0.0  3.7 895636 131944 ?       S    16:37   0:00 nginx: cache manager process", 
        "nobody    37252  0.0  3.7 895636 131892 ?       S    16:37   0:00 nginx: cache loader process", 
        "root      37254  0.0  0.0 103328   844 ?        R    16:37   0:00 grep nginx", 
        "root      79665  0.0  0.0   9120   540 ?        Ss    2018   0:00 /sbin/dhclient -H eu-nginx2.hk.az.monaco1.me -1 -q -lf /var/lib/dhclient/dhclient-eth0.leases -pf /var/run/dhclient-eth0.pid eth0", 
        "             total       used       free     shared    buffers     cached", 

        "Mem:          3440       3061        378          5        246        923", 
        "-/+ buffers/cache:       1891       1548", 
        "Swap:            0          0          0", 
        "-----------------------------------------------------------", 
        "|                     Reload SUCCESS!                     |", 

        "-----------------------------------------------------------"
    ]
}

PLAY [127.0.0.1] ***************************************************************


TASK [sync_to_git : Synchronizing Nginx To GIT] ********************************
changed: [127.0.0.1]

TASK [sync_to_git : debug] *****************************************************

ok: [127.0.0.1] => {
    "msg": " [u'[master dc44f86] emilyn.delacruz', u' 2 files changed, 2 insertions(+)', u' create mode 120000 nginx/conf.d/ssl/81235482.im', u' create mode 120000 nginx/conf.d/ssl/81235655.co', u'Branch master set up to track remote branch master from origin.']"
}

PLAY [eu-nginx] ****************************************************************


PLAY [127.0.0.1] ***************************************************************

PLAY RECAP *********************************************************************
119.9.94.172               : ok=11   changed=2    unreachable=0    failed=0    skipped=0    rescued=0    ignored=0   

127.0.0.1                  : ok=2    changed=1    unreachable=0    failed=0    skipped=0    rescued=0    ignored=0   
13.75.115.255              : ok=11   changed=2    unreachable=0    failed=0    skipped=0    rescued=0    ignored=0   
13.94.45.24                : ok=11   changed=2    unreachable=0    failed=0    skipped=0    rescued=0    ignored=0   
207.46.140.151             : ok=11   changed=2    unreachable=0    failed=0    skipped=0    rescued=0    ignored=0   
52.229.205.134             : ok=11   changed=2    unreachable=0    failed=0    skipped=0    rescued=0    ignored=0   

52.229.206.25              : ok=11   changed=2    unreachable=0    failed=0    skipped=0    rescued=0    ignored=0   


ESYNC_WORKER1_COMMAND_END
MAX RETRIES EXECUTED, COMMAND NOT RESPONDING