ESYNC_WORKER1_COMMAND_START
[WARNING]: Invalid characters were found in group names but not replaced, use
-vvvv to see details

PLAY [eu-nginx] ****************************************************************


TASK [Gathering Facts] *********************************************************
ok: [52.246.189.105]
ok: [203.60.1.83]

TASK [nginx_sync : Change python interpreter] **********************************

skipping: [52.246.189.105]
skipping: [203.60.1.83]

TASK [nginx_sync : change python interpreter] **********************************
skipping: [52.246.189.105]

skipping: [203.60.1.83]

TASK [nginx_sync : Notify] *****************************************************
ok: [52.246.189.105] => {
    "msg": "Syncing eu-nginx"

}
ok: [203.60.1.83] => {
    "msg": "Syncing eu-nginx"
}


TASK [nginx_sync : include_vars] ***********************************************
ok: [52.246.189.105]
ok: [203.60.1.83]

TASK [nginx_sync : Synchronizing Nginx] ****************************************

ok: [203.60.1.83] => (item=conf)
changed: [203.60.1.83] => (item=conf.d)
ok: [52.246.189.105] => (item=conf)
changed: [203.60.1.83] => (item=data)
changed: [203.60.1.83] => (item=html)

changed: [52.246.189.105] => (item=conf.d)
changed: [52.246.189.105] => (item=data)
changed: [52.246.189.105] => (item=html)

TASK [nginx_sync : Set HTML Dir to root] ***************************************

changed: [203.60.1.83]
changed: [52.246.189.105]

TASK [all_servers : include_vars] **********************************************
ok: [52.246.189.105]

ok: [203.60.1.83]

TASK [all_servers : Notify] ****************************************************
ok: [52.246.189.105] => {
    "msg": "Clearing Nginx Cache for eu-nginx"

}
ok: [203.60.1.83] => {
    "msg": "Clearing Nginx Cache for eu-nginx"
}


TASK [all_servers : Copying clear_nginxcache.sh to remote hosts] ***************
ok: [203.60.1.83]
ok: [52.246.189.105]

TASK [all_servers : Nginx Clear Cache] *****************************************

changed: [203.60.1.83]
changed: [52.246.189.105]

TASK [all_servers : debug] *****************************************************
ok: [52.246.189.105] => {

    "script_result.stdout_lines": [
        "-----------------------------------------------------------", 
        "|                 Checking Nginx Config                   |", 
        "-----------------------------------------------------------", 
        "", 

        " nginx -t ", 
        "", 
        "-----------------------------------------------------------", 
        "|                 Stopping Nginx Process                  |", 
        "-----------------------------------------------------------", 

        "", 
        " /usr/bin/killall -9 nginx ", 
        "", 
        "-----------------------------------------------------------", 
        "|                 Clearing Proxy Cache                    |", 

        "-----------------------------------------------------------", 
        "", 
        " /bin/rm -rf /tmp/nginx_cache ", 
        "", 
        "-----------------------------------------------------------", 

        "|                Restarting Nginx Process                 |", 
        "-----------------------------------------------------------", 
        "root      24247  0.6  0.0 113188  1492 ?        S    17:16   0:00 /bin/bash /bak/bin/clear_nginxcache.sh", 
        "root      24254  0.5  1.4 1029372 118924 ?      Ss   17:16   0:00 nginx: master process /usr/local/nginx/sbin/nginx", 
        "nobody    24255  0.0  1.5 1178268 123840 ?      S    17:16   0:00 nginx: worker process", 

        "nobody    24257  0.0  1.5 1178268 125512 ?      S    17:16   0:00 nginx: worker process", 
        "nobody    24258  0.0  1.5 1178268 123840 ?      S    17:16   0:00 nginx: worker process", 
        "nobody    24259  0.0  1.5 1178268 123836 ?      S    17:16   0:00 nginx: worker process", 
        "nobody    24260  0.0  1.4 1175944 120732 ?      S    17:16   0:00 nginx: cache manager process", 
        "nobody    24261  0.0  1.4 1175944 120736 ?      S    17:16   0:00 nginx: cache loader process", 

        "root      24267  0.0  0.0 112712   936 ?        S    17:16   0:00 grep nginx", 
        "              total        used        free      shared  buff/cache   available", 
        "Mem:           7963         516        2026         547        5420        6593", 
        "Swap:             0           0           0", 
        "-----------------------------------------------------------", 

        "|                     Reload SUCCESS!                     |", 
        "-----------------------------------------------------------"
    ]
}
ok: [203.60.1.83] => {

    "script_result.stdout_lines": [
        "-----------------------------------------------------------", 
        "|                 Checking Nginx Config                   |", 
        "-----------------------------------------------------------", 
        "", 

        " nginx -t ", 
        "", 
        "-----------------------------------------------------------", 
        "|                 Stopping Nginx Process                  |", 
        "-----------------------------------------------------------", 

        "", 
        " /usr/bin/killall -9 nginx ", 
        "", 
        "-----------------------------------------------------------", 
        "|                 Clearing Proxy Cache                    |", 

        "-----------------------------------------------------------", 
        "", 
        " /bin/rm -rf /tmp/nginx_cache ", 
        "", 
        "-----------------------------------------------------------", 

        "|                Restarting Nginx Process                 |", 
        "-----------------------------------------------------------", 
        "root     19187  1.8  0.0 113288  1492 ?        S    17:16   0:00 /bin/bash /bak/bin/clear_nginxcache.sh", 
        "root     19194  0.5  3.2 1029376 118928 ?      Ss   17:16   0:00 nginx: master process /usr/local/nginx/sbin/nginx", 
        "nobody   19195 11.0  7.3 1176188 269804 ?      S    17:16   0:00 nginx: worker process", 

        "nobody   19196  0.0  3.3 1176188 123720 ?      S    17:16   0:00 nginx: worker process", 
        "nobody   19197  0.0  3.3 1176188 123716 ?      S    17:16   0:00 nginx: worker process", 
        "nobody   19198  0.0  3.3 1176188 123716 ?      S    17:16   0:00 nginx: worker process", 
        "nobody   19199  0.0  3.2 1173864 120620 ?      S    17:16   0:00 nginx: cache manager process", 
        "nobody   19201  0.0  3.2 1173864 120392 ?      S    17:16   0:00 nginx: cache loader process", 

        "root     19207  0.0  0.0 112812   948 ?        S    17:16   0:00 grep nginx", 
        "              total        used        free      shared  buff/cache   available", 
        "Mem:           3596         412        1339         339        1844        2655", 
        "Swap:             0           0           0", 
        "-----------------------------------------------------------", 

        "|                     Reload SUCCESS!                     |", 
        "-----------------------------------------------------------"
    ]
}


PLAY [127.0.0.1] ***************************************************************

TASK [sync_to_git : Synchronizing Nginx To GIT] ********************************
changed: [127.0.0.1]


TASK [sync_to_git : debug] *****************************************************
ok: [127.0.0.1] => {
    "msg": " [u'[master 3ad632f] james.cadelina', u' 1 file changed, 0 insertions(+), 0 deletions(-)', u'Branch master set up to track remote branch master from origin.']"
}


PLAY [eu-nginx] ****************************************************************

PLAY [127.0.0.1] ***************************************************************

PLAY RECAP *********************************************************************

127.0.0.1                  : ok=2    changed=1    unreachable=0    failed=0    skipped=0    rescued=0    ignored=0   
203.60.1.83                : ok=10   changed=3    unreachable=0    failed=0    skipped=2    rescued=0    ignored=0   
52.246.189.105             : ok=10   changed=3    unreachable=0    failed=0    skipped=2    rescued=0    ignored=0   


ESYNC_WORKER1_COMMAND_END
MAX RETRIES EXECUTED, COMMAND NOT RESPONDING