ESYNC_WORKER1_COMMAND_START
[WARNING]: Invalid characters were found in group names but not replaced, use
-vvvv to see details

PLAY [eu-nginx] ****************************************************************


TASK [Gathering Facts] *********************************************************
ok: [52.246.189.105]
ok: [203.60.1.83]

TASK [nginx_sync : Change python interpreter] **********************************

skipping: [52.246.189.105]
skipping: [203.60.1.83]

TASK [nginx_sync : change python interpreter] **********************************
skipping: [52.246.189.105]

skipping: [203.60.1.83]

TASK [nginx_sync : Notify] *****************************************************
ok: [52.246.189.105] => {
    "msg": "Syncing eu-nginx"

}
ok: [203.60.1.83] => {
    "msg": "Syncing eu-nginx"
}


TASK [nginx_sync : include_vars] ***********************************************
ok: [52.246.189.105]
ok: [203.60.1.83]

TASK [nginx_sync : Synchronizing Nginx] ****************************************

ok: [203.60.1.83] => (item=conf)
changed: [203.60.1.83] => (item=conf.d)
ok: [52.246.189.105] => (item=conf)
ok: [203.60.1.83] => (item=data)
changed: [203.60.1.83] => (item=html)

changed: [52.246.189.105] => (item=conf.d)
ok: [52.246.189.105] => (item=data)
changed: [52.246.189.105] => (item=html)

TASK [nginx_sync : Set HTML Dir to root] ***************************************

changed: [203.60.1.83]
changed: [52.246.189.105]

TASK [all_servers : include_vars] **********************************************
ok: [52.246.189.105]

ok: [203.60.1.83]

TASK [all_servers : Notify] ****************************************************
ok: [52.246.189.105] => {
    "msg": "Clearing Nginx Cache for eu-nginx"

}
ok: [203.60.1.83] => {
    "msg": "Clearing Nginx Cache for eu-nginx"
}


TASK [all_servers : Copying clear_nginxcache.sh to remote hosts] ***************
ok: [203.60.1.83]
ok: [52.246.189.105]

TASK [all_servers : Nginx Clear Cache] *****************************************

changed: [203.60.1.83]
changed: [52.246.189.105]

TASK [all_servers : debug] *****************************************************
ok: [52.246.189.105] => {

    "script_result.stdout_lines": [
        "-----------------------------------------------------------", 
        "|                 Checking Nginx Config                   |", 
        "-----------------------------------------------------------", 
        "", 

        " nginx -t ", 
        "", 
        "-----------------------------------------------------------", 
        "|                 Stopping Nginx Process                  |", 
        "-----------------------------------------------------------", 

        "", 
        " /usr/bin/killall -9 nginx ", 
        "", 
        "-----------------------------------------------------------", 
        "|                 Clearing Proxy Cache                    |", 

        "-----------------------------------------------------------", 
        "", 
        " /bin/rm -rf /tmp/nginx_cache ", 
        "", 
        "-----------------------------------------------------------", 

        "|                Restarting Nginx Process                 |", 
        "-----------------------------------------------------------", 
        "root      19645  0.8  0.0 113188  1488 ?        S    11:11   0:00 /bin/bash /bak/bin/clear_nginxcache.sh", 
        "root      19652  0.5  1.4 1010024 119160 ?      Ss   11:11   0:00 nginx: master process /usr/local/nginx/sbin/nginx", 
        "nobody    19653  0.5  1.5 1158920 125732 ?      S    11:11   0:00 nginx: worker process", 

        "nobody    19655  0.0  1.5 1158920 125748 ?      S    11:11   0:00 nginx: worker process", 
        "nobody    19656  0.0  1.5 1158920 125748 ?      S    11:11   0:00 nginx: worker process", 
        "nobody    19657  0.0  1.5 1158920 125488 ?      S    11:11   0:00 nginx: worker process", 
        "nobody    19658  0.0  1.4 1156596 120972 ?      S    11:11   0:00 nginx: cache manager process", 
        "nobody    19659  0.0  1.4 1156596 120972 ?      S    11:11   0:00 nginx: cache loader process", 

        "root      19661  0.0  0.0 112712   936 ?        S    11:11   0:00 grep nginx", 
        "              total        used        free      shared  buff/cache   available", 
        "Mem:           7963         514         732         539        6716        6602", 
        "Swap:             0           0           0", 
        "-----------------------------------------------------------", 

        "|                     Reload SUCCESS!                     |", 
        "-----------------------------------------------------------"
    ]
}
ok: [203.60.1.83] => {

    "script_result.stdout_lines": [
        "-----------------------------------------------------------", 
        "|                 Checking Nginx Config                   |", 
        "-----------------------------------------------------------", 
        "", 

        " nginx -t ", 
        "", 
        "-----------------------------------------------------------", 
        "|                 Stopping Nginx Process                  |", 
        "-----------------------------------------------------------", 

        "", 
        " /usr/bin/killall -9 nginx ", 
        "", 
        "-----------------------------------------------------------", 
        "|                 Clearing Proxy Cache                    |", 

        "-----------------------------------------------------------", 
        "", 
        " /bin/rm -rf /tmp/nginx_cache ", 
        "", 
        "-----------------------------------------------------------", 

        "|                Restarting Nginx Process                 |", 
        "-----------------------------------------------------------", 
        "root     14935  1.5  0.0 113288  1500 ?        S    11:11   0:00 /bin/bash /bak/bin/clear_nginxcache.sh", 
        "root     14942  0.3  3.2 1010028 119164 ?      Ss   11:11   0:00 nginx: master process /usr/local/nginx/sbin/nginx", 
        "nobody   14943  0.3  3.4 1156840 125604 ?      S    11:11   0:00 nginx: worker process", 

        "nobody   14945  0.3  3.4 1156840 125588 ?      S    11:11   0:00 nginx: worker process", 
        "nobody   14946  0.0  3.3 1156840 123948 ?      S    11:11   0:00 nginx: worker process", 
        "nobody   14947  0.5  3.4 1156840 125624 ?      S    11:11   0:00 nginx: worker process", 
        "nobody   14948  0.0  3.2 1154516 120844 ?      S    11:11   0:00 nginx: cache manager process", 
        "nobody   14949  0.0  3.2 1154516 120852 ?      S    11:11   0:00 nginx: cache loader process", 

        "root     14951  0.0  0.0 112812   952 ?        S    11:11   0:00 grep nginx", 
        "              total        used        free      shared  buff/cache   available", 
        "Mem:           3596         486        1070         331        2039        2588", 
        "Swap:             0           0           0", 
        "-----------------------------------------------------------", 

        "|                     Reload SUCCESS!                     |", 
        "-----------------------------------------------------------"
    ]
}


PLAY [127.0.0.1] ***************************************************************

TASK [sync_to_git : Synchronizing Nginx To GIT] ********************************
changed: [127.0.0.1]


TASK [sync_to_git : debug] *****************************************************
ok: [127.0.0.1] => {
    "msg": " [u'[master ab2b02a] james.cadelina', u' 6 files changed, 63 insertions(+)', u' create mode 100644 nginx/conf.d/80-443/eu812.com.conf', u' create mode 100644 nginx/conf.d/80-443/eu913.com.conf', u' create mode 100644 nginx/conf.d/80-443/eu915.com.conf', u' create mode 120000 nginx/conf.d/ssl/eu812.com', u' create mode 120000 nginx/conf.d/ssl/eu913.com', u' create mode 120000 nginx/conf.d/ssl/eu915.com', u'Branch master set up to track remote branch master from origin.']"
}


PLAY [eu-nginx] ****************************************************************

PLAY [127.0.0.1] ***************************************************************

PLAY RECAP *********************************************************************

127.0.0.1                  : ok=2    changed=1    unreachable=0    failed=0    skipped=0    rescued=0    ignored=0   
203.60.1.83                : ok=10   changed=3    unreachable=0    failed=0    skipped=2    rescued=0    ignored=0   
52.246.189.105             : ok=10   changed=3    unreachable=0    failed=0    skipped=2    rescued=0    ignored=0   


ESYNC_WORKER1_COMMAND_END
MAX RETRIES EXECUTED, COMMAND NOT RESPONDING