ESYNC_WORKER1_COMMAND_START
[WARNING]: Invalid characters were found in group names but not replaced, use
-vvvv to see details

PLAY [eu-nginx] ****************************************************************


TASK [Gathering Facts] *********************************************************
ok: [47.56.202.88]
ok: [47.91.11.13]
ok: [52.246.189.105]


TASK [nginx_sync : Change python interpreter] **********************************
skipping: [47.56.202.88]
skipping: [47.91.11.13]
skipping: [52.246.189.105]


TASK [nginx_sync : change python interpreter] **********************************
skipping: [47.56.202.88]
skipping: [47.91.11.13]
skipping: [52.246.189.105]


TASK [nginx_sync : Notify] *****************************************************
ok: [47.56.202.88] => {
    "msg": "Syncing eu-nginx"
}
ok: [47.91.11.13] => {

    "msg": "Syncing eu-nginx"
}
ok: [52.246.189.105] => {
    "msg": "Syncing eu-nginx"
}


TASK [nginx_sync : include_vars] ***********************************************
ok: [47.56.202.88]
ok: [47.91.11.13]
ok: [52.246.189.105]


TASK [nginx_sync : Synchronizing Nginx] ****************************************
ok: [47.56.202.88] => (item=conf)
ok: [47.91.11.13] => (item=conf)
ok: [52.246.189.105] => (item=conf)

changed: [47.56.202.88] => (item=conf.d)
changed: [47.56.202.88] => (item=data)
changed: [47.56.202.88] => (item=html)
changed: [52.246.189.105] => (item=conf.d)
changed: [47.91.11.13] => (item=conf.d)

changed: [52.246.189.105] => (item=data)
changed: [47.91.11.13] => (item=data)
changed: [52.246.189.105] => (item=html)
changed: [47.91.11.13] => (item=html)


TASK [nginx_sync : Set HTML Dir to root] ***************************************
changed: [47.56.202.88]
changed: [47.91.11.13]
changed: [52.246.189.105]


TASK [all_servers : include_vars] **********************************************
ok: [47.56.202.88]
ok: [47.91.11.13]
ok: [52.246.189.105]


TASK [all_servers : Notify] ****************************************************
ok: [47.56.202.88] => {
    "msg": "Clearing Nginx Cache for eu-nginx"
}
ok: [47.91.11.13] => {

    "msg": "Clearing Nginx Cache for eu-nginx"
}
ok: [52.246.189.105] => {
    "msg": "Clearing Nginx Cache for eu-nginx"
}


TASK [all_servers : Copying clear_nginxcache.sh to remote hosts] ***************
ok: [47.56.202.88]
ok: [47.91.11.13]
ok: [52.246.189.105]


TASK [all_servers : Nginx Clear Cache] *****************************************
changed: [47.56.202.88]
changed: [52.246.189.105]
changed: [47.91.11.13]


TASK [all_servers : debug] *****************************************************
ok: [47.56.202.88] => {
    "script_result.stdout_lines": [
        "-----------------------------------------------------------", 

        "|                 Checking Nginx Config                   |", 
        "-----------------------------------------------------------", 
        "", 
        " nginx -t ", 
        "", 

        "-----------------------------------------------------------", 
        "|                 Stopping Nginx Process                  |", 
        "-----------------------------------------------------------", 
        "", 
        " /usr/bin/killall -9 nginx ", 

        "", 
        "-----------------------------------------------------------", 
        "|                 Clearing Proxy Cache                    |", 
        "-----------------------------------------------------------", 
        "", 

        " /bin/rm -rf /tmp/nginx_cache ", 
        "", 
        "-----------------------------------------------------------", 
        "|                Restarting Nginx Process                 |", 
        "-----------------------------------------------------------", 

        "root     18305  0.5  0.0 113188  1492 ?        S    09:52   0:00 /bin/bash /bak/bin/clear_nginxcache.sh", 
        "root     18320  0.5  6.2 1022792 118192 ?      Ss   09:52   0:00 nginx: master process /usr/local/nginx/sbin/nginx", 
        "nobody   18321  7.0 14.2 1169604 267428 ?      S    09:52   0:00 nginx: worker process", 
        "nobody   18323  0.0  6.5 1169604 123012 ?      S    09:52   0:00 nginx: worker process", 
        "nobody   18324  0.0  6.5 1169604 123016 ?      S    09:52   0:00 nginx: worker process", 

        "nobody   18325  0.5  6.6 1169604 124588 ?      S    09:52   0:00 nginx: worker process", 
        "nobody   18326  0.0  6.3 1167280 119916 ?      S    09:52   0:00 nginx: cache manager process", 
        "nobody   18327  0.0  6.3 1167280 119684 ?      S    09:52   0:00 nginx: cache loader process", 
        "root     18331  0.0  0.0 112712   940 ?        S    09:52   0:00 grep nginx", 
        "              total        used        free      shared  buff/cache   available", 

        "Mem:           1837         364         298         146        1174        1143", 
        "Swap:             0           0           0", 
        "-----------------------------------------------------------", 
        "|                     Reload SUCCESS!                     |", 
        "-----------------------------------------------------------"

    ]
}
ok: [47.91.11.13] => {
    "script_result.stdout_lines": [
        "-----------------------------------------------------------", 

        "|                 Checking Nginx Config                   |", 
        "-----------------------------------------------------------", 
        "", 
        " nginx -t ", 
        "", 

        "-----------------------------------------------------------", 
        "|                 Stopping Nginx Process                  |", 
        "-----------------------------------------------------------", 
        "", 
        " /usr/bin/killall -9 nginx ", 

        "", 
        "-----------------------------------------------------------", 
        "|                 Clearing Proxy Cache                    |", 
        "-----------------------------------------------------------", 
        "", 

        " /bin/rm -rf /tmp/nginx_cache ", 
        "", 
        "-----------------------------------------------------------", 
        "|                Restarting Nginx Process                 |", 
        "-----------------------------------------------------------", 

        "root     31579  0.1  0.0 113188  1484 ?        S    09:52   0:00 /bin/bash /bak/bin/clear_nginxcache.sh", 
        "root     31590  0.5  3.0 1020904 118096 ?      Ss   09:52   0:00 nginx: master process /usr/local/nginx/sbin/nginx", 
        "nobody   31591  0.0  3.1 1167716 122900 ?      S    09:52   0:00 nginx: worker process", 
        "nobody   31593  0.0  3.1 1167716 122904 ?      S    09:52   0:00 nginx: worker process", 
        "nobody   31594  0.0  3.1 1167716 122892 ?      S    09:52   0:00 nginx: worker process", 

        "nobody   31595  0.0  3.1 1167716 122904 ?      S    09:52   0:00 nginx: worker process", 
        "nobody   31596  0.0  3.0 1165392 119784 ?      S    09:52   0:00 nginx: cache manager process", 
        "nobody   31597  0.0  3.0 1165392 119576 ?      S    09:52   0:00 nginx: cache loader process", 
        "root     31599  0.0  0.0 112712   936 ?        S    09:52   0:00 grep nginx", 
        "              total        used        free      shared  buff/cache   available", 

        "Mem:           3789         363         552         146        2872        2996", 
        "Swap:             0           0           0", 
        "-----------------------------------------------------------", 
        "|                     Reload SUCCESS!                     |", 
        "-----------------------------------------------------------"

    ]
}
ok: [52.246.189.105] => {
    "script_result.stdout_lines": [
        "-----------------------------------------------------------", 

        "|                 Checking Nginx Config                   |", 
        "-----------------------------------------------------------", 
        "", 
        " nginx -t ", 
        "", 

        "-----------------------------------------------------------", 
        "|                 Stopping Nginx Process                  |", 
        "-----------------------------------------------------------", 
        "", 
        " /usr/bin/killall -9 nginx ", 

        "", 
        "-----------------------------------------------------------", 
        "|                 Clearing Proxy Cache                    |", 
        "-----------------------------------------------------------", 
        "", 

        " /bin/rm -rf /tmp/nginx_cache ", 
        "", 
        "-----------------------------------------------------------", 
        "|                Restarting Nginx Process                 |", 
        "-----------------------------------------------------------", 

        "root      27509  0.6  0.0 113188  1492 ?        S    09:52   0:00 /bin/bash /bak/bin/clear_nginxcache.sh", 
        "root      27524  0.5  1.4 1020904 118092 ?      Ss   09:52   0:00 nginx: master process /usr/local/nginx/sbin/nginx", 
        "nobody    27525  0.0  1.5 1169800 123008 ?      S    09:52   0:00 nginx: worker process", 
        "nobody    27527  0.0  1.5 1169800 123008 ?      S    09:52   0:00 nginx: worker process", 
        "nobody    27528  0.0  1.5 1169800 123008 ?      S    09:52   0:00 nginx: worker process", 

        "nobody    27529  0.0  1.5 1169800 123004 ?      S    09:52   0:00 nginx: worker process", 
        "nobody    27530  0.0  1.4 1167476 119900 ?      S    09:52   0:00 nginx: cache manager process", 
        "nobody    27531  0.0  1.4 1167476 119904 ?      S    09:52   0:00 nginx: cache loader process", 
        "root      27534  0.0  0.0 112712   936 ?        S    09:52   0:00 grep nginx", 
        "              total        used        free      shared  buff/cache   available", 

        "Mem:           7963         501         463         547        6999        6608", 
        "Swap:             0           0           0", 
        "-----------------------------------------------------------", 
        "|                     Reload SUCCESS!                     |", 
        "-----------------------------------------------------------"

    ]
}

PLAY [127.0.0.1] ***************************************************************


TASK [sync_to_git : Synchronizing Nginx To GIT] ********************************
changed: [127.0.0.1]

TASK [sync_to_git : debug] *****************************************************
ok: [127.0.0.1] => {

    "msg": " [u'[master 4e06589] jerry.lam', u' 2 files changed, 13 insertions(+)', u' create mode 100644 nginx/conf.d/other/foward-eu.conf', u'Branch master set up to track remote branch master from origin.']"
}

PLAY [eu-nginx] ****************************************************************


PLAY [127.0.0.1] ***************************************************************

PLAY RECAP *********************************************************************
127.0.0.1                  : ok=2    changed=1    unreachable=0    failed=0    skipped=0    rescued=0    ignored=0   
47.56.202.88               : ok=10   changed=3    unreachable=0    failed=0    skipped=2    rescued=0    ignored=0   

47.91.11.13                : ok=10   changed=3    unreachable=0    failed=0    skipped=2    rescued=0    ignored=0   
52.246.189.105             : ok=10   changed=3    unreachable=0    failed=0    skipped=2    rescued=0    ignored=0   


ESYNC_WORKER1_COMMAND_END
MAX RETRIES EXECUTED, COMMAND NOT RESPONDING