ESYNC_WORKER1_COMMAND_START
 [WARNING]: Invalid characters were found in group names but not replaced, use
-vvvv to see details

PLAY [eu-nginx] ****************************************************************


TASK [Gathering Facts] *********************************************************
ok: [13.94.45.24]
ok: [52.229.205.134]
ok: [119.9.94.172]
ok: [13.75.115.255]

ok: [52.229.206.25]
ok: [207.46.140.151]

TASK [nginx_sync : Change python interpreter] **********************************
ok: [13.94.45.24]

ok: [13.75.115.255]
ok: [52.229.205.134]
ok: [52.229.206.25]
ok: [119.9.94.172]
ok: [207.46.140.151]


TASK [nginx_sync : change python interpreter] **********************************
ok: [13.94.45.24]
ok: [13.75.115.255]
ok: [52.229.205.134]

ok: [52.229.206.25]
ok: [119.9.94.172]
ok: [207.46.140.151]

TASK [nginx_sync : Notify] *****************************************************

ok: [13.94.45.24] => {
    "msg": "Syncing eu-nginx"
}
ok: [13.75.115.255] => {
    "msg": "Syncing eu-nginx"

}
ok: [52.229.205.134] => {
    "msg": "Syncing eu-nginx"
}
ok: [52.229.206.25] => {

    "msg": "Syncing eu-nginx"
}
ok: [119.9.94.172] => {
    "msg": "Syncing eu-nginx"
}

ok: [207.46.140.151] => {
    "msg": "Syncing eu-nginx"
}

TASK [nginx_sync : include_vars] ***********************************************

ok: [13.94.45.24]
ok: [13.75.115.255]
ok: [52.229.205.134]
ok: [52.229.206.25]
ok: [119.9.94.172]

ok: [207.46.140.151]

TASK [nginx_sync : Synchronizing Nginx] ****************************************
ok: [13.75.115.255] => (item=conf)
ok: [119.9.94.172] => (item=conf)

ok: [13.94.45.24] => (item=conf)
ok: [52.229.206.25] => (item=conf)
ok: [52.229.205.134] => (item=conf)
changed: [13.75.115.255] => (item=conf.d)
changed: [13.94.45.24] => (item=conf.d)

changed: [119.9.94.172] => (item=conf.d)
changed: [52.229.205.134] => (item=conf.d)
changed: [52.229.206.25] => (item=conf.d)
ok: [13.75.115.255] => (item=data)
ok: [13.94.45.24] => (item=data)

ok: [119.9.94.172] => (item=data)
ok: [52.229.205.134] => (item=data)
ok: [52.229.206.25] => (item=data)
ok: [13.94.45.24] => (item=html)
ok: [13.75.115.255] => (item=html)

ok: [119.9.94.172] => (item=html)
ok: [52.229.205.134] => (item=html)
ok: [52.229.206.25] => (item=html)
ok: [207.46.140.151] => (item=conf)
changed: [207.46.140.151] => (item=conf.d)

ok: [207.46.140.151] => (item=data)
ok: [207.46.140.151] => (item=html)

TASK [all_servers : include_vars] **********************************************
ok: [13.94.45.24]

ok: [13.75.115.255]
ok: [52.229.205.134]
ok: [52.229.206.25]
ok: [119.9.94.172]
ok: [207.46.140.151]


TASK [all_servers : Notify] ****************************************************
ok: [13.94.45.24] => {
    "msg": "Clearing Nginx Cache for eu-nginx"
}

ok: [13.75.115.255] => {
    "msg": "Clearing Nginx Cache for eu-nginx"
}
ok: [52.229.205.134] => {
    "msg": "Clearing Nginx Cache for eu-nginx"

}
ok: [52.229.206.25] => {
    "msg": "Clearing Nginx Cache for eu-nginx"
}
ok: [119.9.94.172] => {

    "msg": "Clearing Nginx Cache for eu-nginx"
}
ok: [207.46.140.151] => {
    "msg": "Clearing Nginx Cache for eu-nginx"
}


TASK [all_servers : Copying clear_nginxcache.sh to remote hosts] ***************
ok: [13.75.115.255]
ok: [13.94.45.24]
ok: [52.229.205.134]

ok: [52.229.206.25]
ok: [119.9.94.172]
ok: [207.46.140.151]

TASK [all_servers : Nginx Clear Cache] *****************************************

changed: [13.75.115.255]
changed: [13.94.45.24]
changed: [52.229.205.134]
changed: [52.229.206.25]
changed: [119.9.94.172]

changed: [207.46.140.151]

TASK [all_servers : debug] *****************************************************
ok: [13.94.45.24] => {
    "script_result.stdout_lines": [

        "-----------------------------------------------------------", 
        "|                 Checking Nginx Config                   |", 
        "-----------------------------------------------------------", 
        "", 
        " nginx -t ", 

        "", 
        "-----------------------------------------------------------", 
        "|                 Stopping Nginx Process                  |", 
        "-----------------------------------------------------------", 
        "", 

        " /usr/bin/killall -9 nginx ", 
        "", 
        "-----------------------------------------------------------", 
        "|                 Clearing Proxy Cache                    |", 
        "-----------------------------------------------------------", 

        "", 
        " /bin/rm -rf /tmp/nginx_cache ", 
        "", 
        "-----------------------------------------------------------", 
        "|                Restarting Nginx Process                 |", 

        "-----------------------------------------------------------", 
        "root      52366  0.0  0.0   9120   532 ?        Ss    2018   0:00 /sbin/dhclient -H eu-nginx3.hk.az.monaco1.me -1 -q -lf /var/lib/dhclient/dhclient-eth0.leases -pf /var/run/dhclient-eth0.pid eth0", 
        "root      94034  0.0  0.0 106120  1292 ?        S    13:37   0:00 /bin/bash /bak/bin/clear_nginxcache.sh", 
        "root      94048  0.3  3.5 891592 126352 ?       Ss   13:37   0:00 nginx: master process /usr/local/nginx/sbin/nginx", 
        "nobody    94050  0.0  3.7 893520 131308 ?       S    13:37   0:00 nginx: worker process      ", 

        "nobody    94051  0.0  3.7 893520 131324 ?       S    13:37   0:00 nginx: worker process      ", 
        "nobody    94052  0.0  3.7 893520 131308 ?       S    13:37   0:00 nginx: worker process      ", 
        "nobody    94053  0.0  3.7 893520 131308 ?       S    13:37   0:00 nginx: worker process      ", 
        "nobody    94054  0.0  3.6 891592 127896 ?       S    13:37   0:00 nginx: cache manager process", 
        "nobody    94055  0.0  3.6 891592 127844 ?       S    13:37   0:00 nginx: cache loader process", 

        "root      94061  0.0  0.0 103332   852 ?        S    13:37   0:00 grep nginx", 
        "             total       used       free     shared    buffers     cached", 
        "Mem:          3440       3164        276          5        332        871", 
        "-/+ buffers/cache:       1960       1480", 
        "Swap:            0          0          0", 

        "-----------------------------------------------------------", 
        "|                     Reload SUCCESS!                     |", 
        "-----------------------------------------------------------"
    ]
}

ok: [13.75.115.255] => {
    "script_result.stdout_lines": [
        "-----------------------------------------------------------", 
        "|                 Checking Nginx Config                   |", 
        "-----------------------------------------------------------", 

        "", 
        " nginx -t ", 
        "", 
        "-----------------------------------------------------------", 
        "|                 Stopping Nginx Process                  |", 

        "-----------------------------------------------------------", 
        "", 
        " /usr/bin/killall -9 nginx ", 
        "", 
        "-----------------------------------------------------------", 

        "|                 Clearing Proxy Cache                    |", 
        "-----------------------------------------------------------", 
        "", 
        " /bin/rm -rf /tmp/nginx_cache ", 
        "", 

        "-----------------------------------------------------------", 
        "|                Restarting Nginx Process                 |", 
        "-----------------------------------------------------------", 
        "root      33353  0.0  0.0 106124  1292 ?        S    13:37   0:00 /bin/bash /bak/bin/clear_nginxcache.sh", 
        "root      33359  0.6  3.5 891596 126360 ?       Ss   13:37   0:00 nginx: master process /usr/local/nginx/sbin/nginx", 

        "nobody    33361  9.0  3.7 893524 132156 ?       S    13:37   0:00 nginx: worker process      ", 
        "nobody    33362  8.3  3.7 893524 132160 ?       S    13:37   0:00 nginx: worker process      ", 
        "nobody    33363  8.6  3.7 893524 132180 ?       S    13:37   0:00 nginx: worker process      ", 
        "nobody    33364  6.0  3.7 893812 132220 ?       S    13:37   0:00 nginx: worker process      ", 
        "nobody    33365  4.3  3.6 891596 127920 ?       S    13:37   0:00 nginx: cache manager process", 

        "nobody    33366  7.3  3.6 891596 127852 ?       S    13:37   0:00 nginx: cache loader process", 
        "root      33368  0.0  0.0 103332   840 ?        R    13:37   0:00 grep nginx", 
        "             total       used       free     shared    buffers     cached", 
        "Mem:          3440       1693       1746          5        305        757", 
        "-/+ buffers/cache:        629       2810", 

        "Swap:            0          0          0", 
        "-----------------------------------------------------------", 
        "|                     Reload SUCCESS!                     |", 
        "-----------------------------------------------------------"
    ]

}
ok: [52.229.205.134] => {
    "script_result.stdout_lines": [
        "-----------------------------------------------------------", 
        "|                 Checking Nginx Config                   |", 

        "-----------------------------------------------------------", 
        "", 
        " nginx -t ", 
        "", 
        "-----------------------------------------------------------", 

        "|                 Stopping Nginx Process                  |", 
        "-----------------------------------------------------------", 
        "", 
        " /usr/bin/killall -9 nginx ", 
        "", 

        "-----------------------------------------------------------", 
        "|                 Clearing Proxy Cache                    |", 
        "-----------------------------------------------------------", 
        "", 
        " /bin/rm -rf /tmp/nginx_cache ", 

        "", 
        "-----------------------------------------------------------", 
        "|                Restarting Nginx Process                 |", 
        "-----------------------------------------------------------", 
        "root        892  0.0  0.0   9120   772 ?        Ss   Aug08   0:00 /sbin/dhclient -H eu-nginx7.hk.az.monaco1.me -1 -q -cf /etc/dhcp/dhclient-eth0.conf -lf /var/lib/dhclient/dhclient-eth0.leases -pf /var/run/dhclient-eth0.pid eth0", 

        "root     110983  0.0  0.0 106112  1296 ?        S    13:37   0:00 /bin/bash /bak/bin/clear_nginxcache.sh", 
        "root     110993  0.3  3.1 892056 126356 ?       Ss   13:37   0:00 nginx: master process /usr/local/nginx/sbin/nginx", 
        "nobody   110994  0.3  3.2 893984 132160 ?       S    13:37   0:00 nginx: worker process      ", 
        "nobody   110995  0.6  3.2 893984 132164 ?       S    13:37   0:00 nginx: worker process      ", 
        "nobody   110996  0.0  3.2 893984 131792 ?       S    13:37   0:00 nginx: worker process      ", 

        "nobody   110998  0.0  3.2 893984 131784 ?       S    13:37   0:00 nginx: worker process      ", 
        "nobody   110999  0.0  3.1 892056 127900 ?       S    13:37   0:00 nginx: cache manager process", 
        "nobody   111000  0.0  3.1 892056 127864 ?       S    13:37   0:00 nginx: cache loader process", 
        "root     111002  0.0  0.0 103268   836 ?        S    13:37   0:00 grep nginx", 
        "             total       used       free     shared    buffers     cached", 

        "Mem:          3946       3059        887          0        213        761", 
        "-/+ buffers/cache:       2084       1861", 
        "Swap:            0          0          0", 
        "-----------------------------------------------------------", 
        "|                     Reload SUCCESS!                     |", 

        "-----------------------------------------------------------"
    ]
}
ok: [52.229.206.25] => {
    "script_result.stdout_lines": [

        "-----------------------------------------------------------", 
        "|                 Checking Nginx Config                   |", 
        "-----------------------------------------------------------", 
        "", 
        " nginx -t ", 

        "", 
        "-----------------------------------------------------------", 
        "|                 Stopping Nginx Process                  |", 
        "-----------------------------------------------------------", 
        "", 

        " /usr/bin/killall -9 nginx ", 
        "", 
        "-----------------------------------------------------------", 
        "|                 Clearing Proxy Cache                    |", 
        "-----------------------------------------------------------", 

        "", 
        " /bin/rm -rf /tmp/nginx_cache ", 
        "", 
        "-----------------------------------------------------------", 
        "|                Restarting Nginx Process                 |", 

        "-----------------------------------------------------------", 
        "root        920  0.0  0.0   9120   776 ?        Ss   Aug08   0:00 /sbin/dhclient -H eu-nginx8.hk.az.monaco1.me -1 -q -cf /etc/dhcp/dhclient-eth0.conf -lf /var/lib/dhclient/dhclient-eth0.leases -pf /var/run/dhclient-eth0.pid eth0", 
        "root     109786  0.0  0.0 106112  1296 ?        S    13:37   0:00 /bin/bash /bak/bin/clear_nginxcache.sh", 
        "root     109792  0.6  3.1 892056 126360 ?       Ss   13:37   0:00 nginx: master process /usr/local/nginx/sbin/nginx", 
        "nobody   109794  0.3  3.2 893984 130980 ?       S    13:37   0:00 nginx: worker process      ", 

        "nobody   109795  0.0  3.2 893984 130980 ?       S    13:37   0:00 nginx: worker process      ", 
        "nobody   109796  0.0  3.2 893984 130996 ?       S    13:37   0:00 nginx: worker process      ", 
        "nobody   109797  0.0  3.2 893984 130980 ?       S    13:37   0:00 nginx: worker process      ", 
        "nobody   109798  0.0  3.1 892056 127904 ?       S    13:37   0:00 nginx: cache manager process", 
        "nobody   109799  0.0  3.1 892056 127852 ?       S    13:37   0:00 nginx: cache loader process", 

        "root     109805  0.0  0.0 103268   840 ?        S    13:37   0:00 grep nginx", 
        "             total       used       free     shared    buffers     cached", 
        "Mem:          3946       2919       1026          0        209        619", 
        "-/+ buffers/cache:       2090       1856", 
        "Swap:            0          0          0", 

        "-----------------------------------------------------------", 
        "|                     Reload SUCCESS!                     |", 
        "-----------------------------------------------------------"
    ]
}

ok: [119.9.94.172] => {
    "script_result.stdout_lines": [
        "-----------------------------------------------------------", 
        "|                 Checking Nginx Config                   |", 
        "-----------------------------------------------------------", 

        "", 
        " nginx -t ", 
        "", 
        "-----------------------------------------------------------", 
        "|                 Stopping Nginx Process                  |", 

        "-----------------------------------------------------------", 
        "", 
        " /usr/bin/killall -9 nginx ", 
        "", 
        "-----------------------------------------------------------", 

        "|                 Clearing Proxy Cache                    |", 
        "-----------------------------------------------------------", 
        "", 
        " /bin/rm -rf /tmp/nginx_cache ", 
        "", 

        "-----------------------------------------------------------", 
        "|                Restarting Nginx Process                 |", 
        "-----------------------------------------------------------", 
        "root     26074  0.0  0.0 106084  1432 ?        S    13:37   0:00 /bin/bash /bak/bin/clear_nginxcache.sh", 
        "root     26085  0.5  3.1 891592 126408 ?       Ss   13:37   0:00 nginx: master process /usr/local/nginx/sbin/nginx", 

        "nobody   26086  0.0  3.2 893520 132232 ?       S    13:37   0:00 nginx: worker process      ", 
        "nobody   26088  0.0  3.2 893520 132208 ?       S    13:37   0:00 nginx: worker process      ", 
        "nobody   26089  0.5  3.2 893520 132212 ?       S    13:37   0:00 nginx: worker process      ", 
        "nobody   26090  0.0  3.2 893520 132212 ?       S    13:37   0:00 nginx: worker process      ", 
        "nobody   26091  0.0  3.1 891592 127948 ?       S    13:37   0:00 nginx: cache manager process", 

        "nobody   26092  0.0  3.1 891592 127896 ?       S    13:37   0:00 nginx: cache loader process", 
        "root     26096  0.0  0.0 103324   884 ?        R    13:37   0:00 grep nginx", 
        "             total       used       free     shared    buffers     cached", 
        "Mem:          3953       3604        349          5        174        715", 
        "-/+ buffers/cache:       2714       1239", 

        "Swap:            0          0          0", 
        "-----------------------------------------------------------", 
        "|                     Reload SUCCESS!                     |", 
        "-----------------------------------------------------------"
    ]

}
ok: [207.46.140.151] => {
    "script_result.stdout_lines": [
        "-----------------------------------------------------------", 
        "|                 Checking Nginx Config                   |", 

        "-----------------------------------------------------------", 
        "", 
        " nginx -t ", 
        "", 
        "-----------------------------------------------------------", 

        "|                 Stopping Nginx Process                  |", 
        "-----------------------------------------------------------", 
        "", 
        " /usr/bin/killall -9 nginx ", 
        "", 

        "-----------------------------------------------------------", 
        "|                 Clearing Proxy Cache                    |", 
        "-----------------------------------------------------------", 
        "", 
        " /bin/rm -rf /tmp/nginx_cache ", 

        "", 
        "-----------------------------------------------------------", 
        "|                Restarting Nginx Process                 |", 
        "-----------------------------------------------------------", 
        "root      51506  0.0  0.0 106120  1292 ?        S    13:37   0:00 /bin/bash /bak/bin/clear_nginxcache.sh", 

        "root      51519  0.5  3.5 891592 126352 ?       Ss   13:37   0:00 nginx: master process /usr/local/nginx/sbin/nginx", 
        "nobody    51520  0.5  3.7 893656 132180 ?       S    13:37   0:00 nginx: worker process      ", 
        "nobody    51521  0.5  3.7 893520 132172 ?       S    13:37   0:00 nginx: worker process      ", 
        "nobody    51522  1.0  3.7 893520 132152 ?       S    13:37   0:00 nginx: worker process      ", 
        "nobody    51524  0.0  3.7 893520 132148 ?       S    13:37   0:00 nginx: worker process      ", 

        "nobody    51525  0.0  3.6 891592 127900 ?       S    13:37   0:00 nginx: cache manager process", 
        "nobody    51526  0.0  3.6 891592 127844 ?       S    13:37   0:00 nginx: cache loader process", 
        "root      51528  0.0  0.0 103328   852 ?        S    13:37   0:00 grep nginx", 
        "root      79665  0.0  0.0   9120   540 ?        Ss    2018   0:00 /sbin/dhclient -H eu-nginx2.hk.az.monaco1.me -1 -q -lf /var/lib/dhclient/dhclient-eth0.leases -pf /var/run/dhclient-eth0.pid eth0", 
        "             total       used       free     shared    buffers     cached", 

        "Mem:          3440       2967        472          5        252        992", 
        "-/+ buffers/cache:       1722       1717", 
        "Swap:            0          0          0", 
        "-----------------------------------------------------------", 
        "|                     Reload SUCCESS!                     |", 

        "-----------------------------------------------------------"
    ]
}

PLAY [127.0.0.1] ***************************************************************


TASK [sync_to_git : Synchronizing Nginx To GIT] ********************************
changed: [127.0.0.1]

TASK [sync_to_git : debug] *****************************************************

ok: [127.0.0.1] => {
    "msg": " [u'[master 323d0a5] lei.lei', u' 2 files changed, 81 insertions(+), 4 deletions(-)', u'Branch master set up to track remote branch master from origin.']"
}

PLAY [eu-nginx] ****************************************************************


PLAY [127.0.0.1] ***************************************************************

PLAY RECAP *********************************************************************
119.9.94.172               : ok=11   changed=2    unreachable=0    failed=0    skipped=0    rescued=0    ignored=0   

127.0.0.1                  : ok=2    changed=1    unreachable=0    failed=0    skipped=0    rescued=0    ignored=0   
13.75.115.255              : ok=11   changed=2    unreachable=0    failed=0    skipped=0    rescued=0    ignored=0   
13.94.45.24                : ok=11   changed=2    unreachable=0    failed=0    skipped=0    rescued=0    ignored=0   
207.46.140.151             : ok=11   changed=2    unreachable=0    failed=0    skipped=0    rescued=0    ignored=0   
52.229.205.134             : ok=11   changed=2    unreachable=0    failed=0    skipped=0    rescued=0    ignored=0   

52.229.206.25              : ok=11   changed=2    unreachable=0    failed=0    skipped=0    rescued=0    ignored=0   


ESYNC_WORKER1_COMMAND_END
MAX RETRIES EXECUTED, COMMAND NOT RESPONDING