ESYNC_WORKER1_COMMAND_START
 [WARNING]: Invalid characters were found in group names but not replaced, use
-vvvv to see details

PLAY [eu-nginx] ****************************************************************


TASK [Gathering Facts] *********************************************************
ok: [13.94.45.24]
ok: [13.75.115.255]
ok: [52.229.206.25]
ok: [119.9.94.172]

ok: [207.46.140.151]
ok: [52.229.205.134]

TASK [nginx_sync : Change python interpreter] **********************************
ok: [13.94.45.24]

ok: [13.75.115.255]
ok: [52.229.205.134]
ok: [52.229.206.25]
ok: [119.9.94.172]
ok: [207.46.140.151]


TASK [nginx_sync : change python interpreter] **********************************
ok: [13.94.45.24]
ok: [13.75.115.255]
ok: [52.229.205.134]

ok: [52.229.206.25]
ok: [119.9.94.172]
ok: [207.46.140.151]

TASK [nginx_sync : Notify] *****************************************************

ok: [13.94.45.24] => {
    "msg": "Syncing eu-nginx"
}
ok: [13.75.115.255] => {
    "msg": "Syncing eu-nginx"

}
ok: [52.229.205.134] => {
    "msg": "Syncing eu-nginx"
}
ok: [52.229.206.25] => {

    "msg": "Syncing eu-nginx"
}
ok: [119.9.94.172] => {
    "msg": "Syncing eu-nginx"
}

ok: [207.46.140.151] => {
    "msg": "Syncing eu-nginx"
}

TASK [nginx_sync : include_vars] ***********************************************

ok: [13.94.45.24]
ok: [13.75.115.255]
ok: [52.229.205.134]
ok: [52.229.206.25]
ok: [119.9.94.172]

ok: [207.46.140.151]

TASK [nginx_sync : Synchronizing Nginx] ****************************************
ok: [13.75.115.255] => (item=conf)
ok: [119.9.94.172] => (item=conf)

ok: [52.229.206.25] => (item=conf)
ok: [13.94.45.24] => (item=conf)
ok: [52.229.205.134] => (item=conf)
changed: [52.229.206.25] => (item=conf.d)
changed: [13.94.45.24] => (item=conf.d)

changed: [13.75.115.255] => (item=conf.d)
ok: [52.229.206.25] => (item=data)
ok: [13.94.45.24] => (item=data)
ok: [52.229.206.25] => (item=html)
ok: [13.94.45.24] => (item=html)

ok: [13.75.115.255] => (item=data)
changed: [119.9.94.172] => (item=conf.d)
changed: [52.229.205.134] => (item=conf.d)
ok: [13.75.115.255] => (item=html)
ok: [207.46.140.151] => (item=conf)

ok: [119.9.94.172] => (item=data)
ok: [52.229.205.134] => (item=data)
ok: [119.9.94.172] => (item=html)
changed: [207.46.140.151] => (item=conf.d)
ok: [52.229.205.134] => (item=html)

ok: [207.46.140.151] => (item=data)
ok: [207.46.140.151] => (item=html)

TASK [all_servers : include_vars] **********************************************
ok: [13.94.45.24]

ok: [13.75.115.255]
ok: [52.229.205.134]
ok: [52.229.206.25]
ok: [119.9.94.172]
ok: [207.46.140.151]


TASK [all_servers : Notify] ****************************************************
ok: [13.94.45.24] => {
    "msg": "Clearing Nginx Cache for eu-nginx"
}

ok: [13.75.115.255] => {
    "msg": "Clearing Nginx Cache for eu-nginx"
}
ok: [52.229.205.134] => {
    "msg": "Clearing Nginx Cache for eu-nginx"

}
ok: [52.229.206.25] => {
    "msg": "Clearing Nginx Cache for eu-nginx"
}
ok: [119.9.94.172] => {

    "msg": "Clearing Nginx Cache for eu-nginx"
}
ok: [207.46.140.151] => {
    "msg": "Clearing Nginx Cache for eu-nginx"
}


TASK [all_servers : Copying clear_nginxcache.sh to remote hosts] ***************
ok: [13.75.115.255]
ok: [13.94.45.24]
ok: [52.229.206.25]

ok: [52.229.205.134]
ok: [207.46.140.151]
ok: [119.9.94.172]

TASK [all_servers : Nginx Clear Cache] *****************************************

changed: [13.75.115.255]
changed: [119.9.94.172]
changed: [52.229.206.25]
changed: [52.229.205.134]
changed: [13.94.45.24]

changed: [207.46.140.151]

TASK [all_servers : debug] *****************************************************
ok: [13.94.45.24] => {
    "script_result.stdout_lines": [

        "-----------------------------------------------------------", 
        "|                 Checking Nginx Config                   |", 
        "-----------------------------------------------------------", 
        "", 
        " nginx -t ", 

        "", 
        "-----------------------------------------------------------", 
        "|                 Stopping Nginx Process                  |", 
        "-----------------------------------------------------------", 
        "", 

        " /usr/bin/killall -9 nginx ", 
        "", 
        "-----------------------------------------------------------", 
        "|                 Clearing Proxy Cache                    |", 
        "-----------------------------------------------------------", 

        "", 
        " /bin/rm -rf /tmp/nginx_cache ", 
        "", 
        "-----------------------------------------------------------", 
        "|                Restarting Nginx Process                 |", 

        "-----------------------------------------------------------", 
        "root      31355  0.0  0.0 106120  1292 ?        S    08:53   0:00 /bin/bash /bak/bin/clear_nginxcache.sh", 
        "root      31367  0.3  3.5 891560 126324 ?       Ss   08:54   0:00 nginx: master process /usr/local/nginx/sbin/nginx", 
        "nobody    31368  0.3  3.7 893488 130952 ?       S    08:54   0:00 nginx: worker process      ", 
        "nobody    31370  0.3  3.7 893488 130940 ?       S    08:54   0:00 nginx: worker process      ", 

        "nobody    31371  0.3  3.7 893488 131324 ?       S    08:54   0:00 nginx: worker process      ", 
        "nobody    31372  0.3  3.7 893488 131308 ?       S    08:54   0:00 nginx: worker process      ", 
        "nobody    31373  0.0  3.6 891560 127864 ?       S    08:54   0:00 nginx: cache manager process", 
        "nobody    31374  0.0  3.6 891560 127828 ?       S    08:54   0:00 nginx: cache loader process", 
        "root      31376  0.0  0.0 103332   856 ?        S    08:54   0:00 grep nginx", 

        "root      52366  0.0  0.0   9120   532 ?        Ss    2018   0:00 /sbin/dhclient -H eu-nginx3.hk.az.monaco1.me -1 -q -lf /var/lib/dhclient/dhclient-eth0.leases -pf /var/run/dhclient-eth0.pid eth0", 
        "             total       used       free     shared    buffers     cached", 
        "Mem:          3440       3154        286          5        332        862", 
        "-/+ buffers/cache:       1959       1481", 
        "Swap:            0          0          0", 

        "-----------------------------------------------------------", 
        "|                     Reload SUCCESS!                     |", 
        "-----------------------------------------------------------"
    ]
}

ok: [13.75.115.255] => {
    "script_result.stdout_lines": [
        "-----------------------------------------------------------", 
        "|                 Checking Nginx Config                   |", 
        "-----------------------------------------------------------", 

        "", 
        " nginx -t ", 
        "", 
        "-----------------------------------------------------------", 
        "|                 Stopping Nginx Process                  |", 

        "-----------------------------------------------------------", 
        "", 
        " /usr/bin/killall -9 nginx ", 
        "", 
        "-----------------------------------------------------------", 

        "|                 Clearing Proxy Cache                    |", 
        "-----------------------------------------------------------", 
        "", 
        " /bin/rm -rf /tmp/nginx_cache ", 
        "", 

        "-----------------------------------------------------------", 
        "|                Restarting Nginx Process                 |", 
        "-----------------------------------------------------------", 
        "root      55602  0.0  0.0 106124  1292 ?        S    08:53   0:00 /bin/bash /bak/bin/clear_nginxcache.sh", 
        "root      55608  1.0  3.5 891560 126320 ?       Ss   08:53   0:00 nginx: master process /usr/local/nginx/sbin/nginx", 

        "nobody    55610  1.0  3.7 893488 132136 ?       S    08:53   0:00 nginx: worker process      ", 
        "nobody    55611  0.0  3.7 893488 131272 ?       S    08:53   0:00 nginx: worker process      ", 
        "nobody    55612  0.0  3.7 893488 131312 ?       S    08:53   0:00 nginx: worker process      ", 
        "nobody    55613  0.0  3.7 893488 132124 ?       S    08:53   0:00 nginx: worker process      ", 
        "nobody    55614  0.0  3.6 891560 127860 ?       S    08:53   0:00 nginx: cache manager process", 

        "nobody    55615  0.0  3.6 891560 127808 ?       S    08:53   0:00 nginx: cache loader process", 
        "root      55620  0.0  0.0 103332   840 ?        S    08:54   0:00 grep nginx", 
        "             total       used       free     shared    buffers     cached", 
        "Mem:          3440       1605       1834          5        305        745", 
        "-/+ buffers/cache:        553       2886", 

        "Swap:            0          0          0", 
        "-----------------------------------------------------------", 
        "|                     Reload SUCCESS!                     |", 
        "-----------------------------------------------------------"
    ]

}
ok: [52.229.205.134] => {
    "script_result.stdout_lines": [
        "-----------------------------------------------------------", 
        "|                 Checking Nginx Config                   |", 

        "-----------------------------------------------------------", 
        "", 
        " nginx -t ", 
        "", 
        "-----------------------------------------------------------", 

        "|                 Stopping Nginx Process                  |", 
        "-----------------------------------------------------------", 
        "", 
        " /usr/bin/killall -9 nginx ", 
        "", 

        "-----------------------------------------------------------", 
        "|                 Clearing Proxy Cache                    |", 
        "-----------------------------------------------------------", 
        "", 
        " /bin/rm -rf /tmp/nginx_cache ", 

        "", 
        "-----------------------------------------------------------", 
        "|                Restarting Nginx Process                 |", 
        "-----------------------------------------------------------", 
        "root        892  0.0  0.0   9120   772 ?        Ss   Aug08   0:00 /sbin/dhclient -H eu-nginx7.hk.az.monaco1.me -1 -q -cf /etc/dhcp/dhclient-eth0.conf -lf /var/lib/dhclient/dhclient-eth0.leases -pf /var/run/dhclient-eth0.pid eth0", 

        "root       5765  0.0  0.0 106112  1292 ?        S    08:53   0:00 /bin/bash /bak/bin/clear_nginxcache.sh", 
        "root       5771  0.3  3.1 892024 126320 ?       Ss   08:53   0:00 nginx: master process /usr/local/nginx/sbin/nginx", 
        "nobody     5772  0.0  3.2 893952 130952 ?       S    08:53   0:00 nginx: worker process      ", 
        "nobody     5773  0.0  3.2 893952 130968 ?       S    08:53   0:00 nginx: worker process      ", 
        "nobody     5774  0.0  3.2 893952 132128 ?       S    08:53   0:00 nginx: worker process      ", 

        "nobody     5776  0.0  3.2 893952 130940 ?       S    08:53   0:00 nginx: worker process      ", 
        "nobody     5777  0.0  3.1 892024 127864 ?       S    08:53   0:00 nginx: cache manager process", 
        "nobody     5778  0.0  3.1 892024 127812 ?       S    08:53   0:00 nginx: cache loader process", 
        "root       5785  0.0  0.0 103268   840 ?        S    08:54   0:00 grep nginx", 
        "             total       used       free     shared    buffers     cached", 

        "Mem:          3946       3061        884          0        213        763", 
        "-/+ buffers/cache:       2084       1861", 
        "Swap:            0          0          0", 
        "-----------------------------------------------------------", 
        "|                     Reload SUCCESS!                     |", 

        "-----------------------------------------------------------"
    ]
}
ok: [52.229.206.25] => {
    "script_result.stdout_lines": [

        "-----------------------------------------------------------", 
        "|                 Checking Nginx Config                   |", 
        "-----------------------------------------------------------", 
        "", 
        " nginx -t ", 

        "", 
        "-----------------------------------------------------------", 
        "|                 Stopping Nginx Process                  |", 
        "-----------------------------------------------------------", 
        "", 

        " /usr/bin/killall -9 nginx ", 
        "", 
        "-----------------------------------------------------------", 
        "|                 Clearing Proxy Cache                    |", 
        "-----------------------------------------------------------", 

        "", 
        " /bin/rm -rf /tmp/nginx_cache ", 
        "", 
        "-----------------------------------------------------------", 
        "|                Restarting Nginx Process                 |", 

        "-----------------------------------------------------------", 
        "root        920  0.0  0.0   9120   776 ?        Ss   Aug08   0:00 /sbin/dhclient -H eu-nginx8.hk.az.monaco1.me -1 -q -cf /etc/dhcp/dhclient-eth0.conf -lf /var/lib/dhclient/dhclient-eth0.leases -pf /var/run/dhclient-eth0.pid eth0", 
        "root       4590  0.0  0.0 106112  1296 ?        S    08:53   0:00 /bin/bash /bak/bin/clear_nginxcache.sh", 
        "root       4596  0.3  3.1 892020 126328 ?       Ss   08:53   0:00 nginx: master process /usr/local/nginx/sbin/nginx", 
        "nobody     4597  0.0  3.2 893948 130948 ?       S    08:53   0:00 nginx: worker process      ", 

        "nobody     4598  0.3  3.2 893948 130964 ?       S    08:53   0:00 nginx: worker process      ", 
        "nobody     4599  0.3  3.2 893948 130944 ?       S    08:53   0:00 nginx: worker process      ", 
        "nobody     4600  0.0  3.2 893948 130944 ?       S    08:53   0:00 nginx: worker process      ", 
        "nobody     4601  0.0  3.1 892020 127884 ?       S    08:53   0:00 nginx: cache manager process", 
        "nobody     4603  0.0  3.1 892020 127832 ?       S    08:53   0:00 nginx: cache loader process", 

        "root       4608  0.0  0.0 103268   836 ?        S    08:54   0:00 grep nginx", 
        "             total       used       free     shared    buffers     cached", 
        "Mem:          3946       2924       1021          0        209        621", 
        "-/+ buffers/cache:       2093       1852", 
        "Swap:            0          0          0", 

        "-----------------------------------------------------------", 
        "|                     Reload SUCCESS!                     |", 
        "-----------------------------------------------------------"
    ]
}

ok: [119.9.94.172] => {
    "script_result.stdout_lines": [
        "-----------------------------------------------------------", 
        "|                 Checking Nginx Config                   |", 
        "-----------------------------------------------------------", 

        "", 
        " nginx -t ", 
        "", 
        "-----------------------------------------------------------", 
        "|                 Stopping Nginx Process                  |", 

        "-----------------------------------------------------------", 
        "", 
        " /usr/bin/killall -9 nginx ", 
        "", 
        "-----------------------------------------------------------", 

        "|                 Clearing Proxy Cache                    |", 
        "-----------------------------------------------------------", 
        "", 
        " /bin/rm -rf /tmp/nginx_cache ", 
        "", 

        "-----------------------------------------------------------", 
        "|                Restarting Nginx Process                 |", 
        "-----------------------------------------------------------", 
        "root     19114  0.0  0.0 106084  1432 ?        S    08:53   0:00 /bin/bash /bak/bin/clear_nginxcache.sh", 
        "root     19124  0.5  3.1 891560 126368 ?       Ss   08:53   0:00 nginx: master process /usr/local/nginx/sbin/nginx", 

        "nobody   19126  0.5  3.2 893488 132188 ?       S    08:53   0:00 nginx: worker process      ", 
        "nobody   19127  0.0  3.2 893488 131000 ?       S    08:53   0:00 nginx: worker process      ", 
        "nobody   19128  0.0  3.2 893488 132168 ?       S    08:53   0:00 nginx: worker process      ", 
        "nobody   19129  0.0  3.2 893488 132168 ?       S    08:53   0:00 nginx: worker process      ", 
        "nobody   19130  0.0  3.1 891560 127916 ?       S    08:53   0:00 nginx: cache manager process", 

        "nobody   19131  0.0  3.1 891560 127860 ?       S    08:53   0:00 nginx: cache loader process", 
        "root     19138  0.0  0.0 103324   888 ?        S    08:54   0:00 grep nginx", 
        "             total       used       free     shared    buffers     cached", 
        "Mem:          3953       3612        341          5        174        717", 
        "-/+ buffers/cache:       2720       1233", 

        "Swap:            0          0          0", 
        "-----------------------------------------------------------", 
        "|                     Reload SUCCESS!                     |", 
        "-----------------------------------------------------------"
    ]

}
ok: [207.46.140.151] => {
    "script_result.stdout_lines": [
        "-----------------------------------------------------------", 
        "|                 Checking Nginx Config                   |", 

        "-----------------------------------------------------------", 
        "", 
        " nginx -t ", 
        "", 
        "-----------------------------------------------------------", 

        "|                 Stopping Nginx Process                  |", 
        "-----------------------------------------------------------", 
        "", 
        " /usr/bin/killall -9 nginx ", 
        "", 

        "-----------------------------------------------------------", 
        "|                 Clearing Proxy Cache                    |", 
        "-----------------------------------------------------------", 
        "", 
        " /bin/rm -rf /tmp/nginx_cache ", 

        "", 
        "-----------------------------------------------------------", 
        "|                Restarting Nginx Process                 |", 
        "-----------------------------------------------------------", 
        "root      79665  0.0  0.0   9120   540 ?        Ss    2018   0:00 /sbin/dhclient -H eu-nginx2.hk.az.monaco1.me -1 -q -lf /var/lib/dhclient/dhclient-eth0.leases -pf /var/run/dhclient-eth0.pid eth0", 

        "root     119874  0.0  0.0 106120  1292 ?        S    08:54   0:00 /bin/bash /bak/bin/clear_nginxcache.sh", 
        "root     119883  0.5  3.5 891560 126324 ?       Ss   08:54   0:00 nginx: master process /usr/local/nginx/sbin/nginx", 
        "nobody   119884  0.5  3.7 893488 132144 ?       S    08:54   0:00 nginx: worker process      ", 
        "nobody   119886  0.0  3.7 893488 130956 ?       S    08:54   0:00 nginx: worker process      ", 
        "nobody   119887  0.5  3.7 893488 132124 ?       S    08:54   0:00 nginx: worker process      ", 

        "nobody   119888  1.0  3.7 893488 132120 ?       S    08:54   0:00 nginx: worker process      ", 
        "nobody   119889  0.0  3.6 891560 127864 ?       S    08:54   0:00 nginx: cache manager process", 
        "nobody   119890  0.0  3.6 891560 127832 ?       S    08:54   0:00 nginx: cache loader process", 
        "root     119892  0.0  0.0 103328   852 ?        S    08:54   0:00 grep nginx", 
        "             total       used       free     shared    buffers     cached", 

        "Mem:          3440       2958        482          5        252        978", 
        "-/+ buffers/cache:       1727       1712", 
        "Swap:            0          0          0", 
        "-----------------------------------------------------------", 
        "|                     Reload SUCCESS!                     |", 

        "-----------------------------------------------------------"
    ]
}

PLAY [127.0.0.1] ***************************************************************


TASK [sync_to_git : Synchronizing Nginx To GIT] ********************************
changed: [127.0.0.1]

TASK [sync_to_git : debug] *****************************************************

ok: [127.0.0.1] => {
    "msg": " [u'# On branch master', u'# Changes not staged for commit:', u'#   (use \"git add/rm <file>...\" to update what will be committed)', u'#   (use \"git checkout -- <file>...\" to discard changes in working directory)', u'#', u'#\\tdeleted:    nginx/conf.d/80-443/eu065.com.conf', u'#\\tdeleted:    nginx/conf.d/80-443/eu066.com.conf', u'#\\tdeleted:    nginx/conf.d/include/eu_lite_masterconfig.include', u'#\\tdeleted:    nginx/conf.d/other/euappsocket.conf', u'#\\tdeleted:    nginx/conf.d/other/euappsocket_443.conf', u'#\\tdeleted:    nginx/html/weihu/Bg.jpg', u'#\\tdeleted:    nginx/html/weihu/Bg.png', u'#\\tdeleted:    nginx/html/weihu/butBg.png', u'#\\tdeleted:    nginx/html/weihu/favicon.ico', u'#\\tdeleted:    nginx/html/weihu/index.html', u'#', u'no changes added to commit (use \"git add\" and/or \"git commit -a\")', u'Branch master set up to track remote branch master from origin.']"
}

PLAY [eu-nginx] ****************************************************************


PLAY [127.0.0.1] ***************************************************************

PLAY RECAP *********************************************************************
119.9.94.172               : ok=11   changed=2    unreachable=0    failed=0    skipped=0    rescued=0    ignored=0   

127.0.0.1                  : ok=2    changed=1    unreachable=0    failed=0    skipped=0    rescued=0    ignored=0   
13.75.115.255              : ok=11   changed=2    unreachable=0    failed=0    skipped=0    rescued=0    ignored=0   
13.94.45.24                : ok=11   changed=2    unreachable=0    failed=0    skipped=0    rescued=0    ignored=0   
207.46.140.151             : ok=11   changed=2    unreachable=0    failed=0    skipped=0    rescued=0    ignored=0   
52.229.205.134             : ok=11   changed=2    unreachable=0    failed=0    skipped=0    rescued=0    ignored=0   

52.229.206.25              : ok=11   changed=2    unreachable=0    failed=0    skipped=0    rescued=0    ignored=0   


ESYNC_WORKER1_COMMAND_END
MAX RETRIES EXECUTED, COMMAND NOT RESPONDING