ESYNC_WORKER1_COMMAND_START
 [WARNING]: Invalid characters were found in group names but not replaced, use
-vvvv to see details

PLAY [eu-nginx] ****************************************************************


TASK [Gathering Facts] *********************************************************
ok: [47.56.202.88]
ok: [52.246.189.105]
ok: [47.91.11.13]


TASK [nginx_sync : Change python interpreter] **********************************
skipping: [47.56.202.88]
skipping: [47.91.11.13]
skipping: [52.246.189.105]


TASK [nginx_sync : change python interpreter] **********************************
skipping: [47.56.202.88]
skipping: [47.91.11.13]
skipping: [52.246.189.105]


TASK [nginx_sync : Notify] *****************************************************
ok: [47.56.202.88] => {
    "msg": "Syncing eu-nginx"
}
ok: [47.91.11.13] => {

    "msg": "Syncing eu-nginx"
}
ok: [52.246.189.105] => {
    "msg": "Syncing eu-nginx"
}


TASK [nginx_sync : include_vars] ***********************************************
ok: [47.56.202.88]
ok: [47.91.11.13]
ok: [52.246.189.105]


TASK [nginx_sync : Synchronizing Nginx] ****************************************
ok: [47.56.202.88] => (item=conf)
ok: [52.246.189.105] => (item=conf)
ok: [47.91.11.13] => (item=conf)

changed: [47.56.202.88] => (item=conf.d)
changed: [47.56.202.88] => (item=data)
changed: [52.246.189.105] => (item=conf.d)
changed: [47.56.202.88] => (item=html)
changed: [47.91.11.13] => (item=conf.d)

changed: [52.246.189.105] => (item=data)
changed: [47.91.11.13] => (item=data)
changed: [52.246.189.105] => (item=html)
changed: [47.91.11.13] => (item=html)


TASK [nginx_sync : Set HTML Dir to root] ***************************************
changed: [47.56.202.88]
changed: [47.91.11.13]
changed: [52.246.189.105]


TASK [all_servers : include_vars] **********************************************
ok: [47.56.202.88]
ok: [47.91.11.13]
ok: [52.246.189.105]


TASK [all_servers : Notify] ****************************************************
ok: [47.56.202.88] => {
    "msg": "Clearing Nginx Cache for eu-nginx"
}
ok: [47.91.11.13] => {

    "msg": "Clearing Nginx Cache for eu-nginx"
}
ok: [52.246.189.105] => {
    "msg": "Clearing Nginx Cache for eu-nginx"
}


TASK [all_servers : Copying clear_nginxcache.sh to remote hosts] ***************
ok: [47.56.202.88]
ok: [47.91.11.13]
ok: [52.246.189.105]


TASK [all_servers : Nginx Clear Cache] *****************************************
changed: [47.56.202.88]
changed: [52.246.189.105]
changed: [47.91.11.13]


TASK [all_servers : debug] *****************************************************
ok: [47.56.202.88] => {
    "script_result.stdout_lines": [
        "-----------------------------------------------------------", 

        "|                 Checking Nginx Config                   |", 
        "-----------------------------------------------------------", 
        "", 
        " nginx -t ", 
        "", 

        "-----------------------------------------------------------", 
        "|                 Stopping Nginx Process                  |", 
        "-----------------------------------------------------------", 
        "", 
        " /usr/bin/killall -9 nginx ", 

        "", 
        "-----------------------------------------------------------", 
        "|                 Clearing Proxy Cache                    |", 
        "-----------------------------------------------------------", 
        "", 

        " /bin/rm -rf /tmp/nginx_cache ", 
        "", 
        "-----------------------------------------------------------", 
        "|                Restarting Nginx Process                 |", 
        "-----------------------------------------------------------", 

        "root      6087  0.4  0.0 113188  1488 ?        S    17:23   0:00 /bin/bash /bak/bin/clear_nginxcache.sh", 
        "root      6094  1.0  8.8 1070584 165756 ?      Ss   17:23   0:00 nginx: master process /usr/local/nginx/sbin/nginx", 
        "nobody    6095  0.5  9.1 1217680 172136 ?      S    17:23   0:00 nginx: worker process", 
        "nobody    6096  0.0  9.1 1217548 171996 ?      S    17:23   0:00 nginx: worker process", 
        "nobody    6098  0.5  9.1 1217544 172124 ?      S    17:23   0:00 nginx: worker process", 

        "nobody    6099  0.5  9.1 1217528 171988 ?      S    17:23   0:00 nginx: worker process", 
        "nobody    6100  0.0  8.8 1215072 167488 ?      S    17:23   0:00 nginx: cache manager process", 
        "nobody    6101  0.0  8.8 1215072 167252 ?      S    17:23   0:00 nginx: cache loader process", 
        "root      6103  0.0  0.0 112712   936 ?        S    17:23   0:00 grep nginx", 
        "              total        used        free      shared  buff/cache   available", 

        "Mem:           1837         408         714         146         714        1099", 
        "Swap:             0           0           0", 
        "-----------------------------------------------------------", 
        "|                     Reload SUCCESS!                     |", 
        "-----------------------------------------------------------"

    ]
}
ok: [47.91.11.13] => {
    "script_result.stdout_lines": [
        "-----------------------------------------------------------", 

        "|                 Checking Nginx Config                   |", 
        "-----------------------------------------------------------", 
        "", 
        " nginx -t ", 
        "", 

        "-----------------------------------------------------------", 
        "|                 Stopping Nginx Process                  |", 
        "-----------------------------------------------------------", 
        "", 
        " /usr/bin/killall -9 nginx ", 

        "", 
        "-----------------------------------------------------------", 
        "|                 Clearing Proxy Cache                    |", 
        "-----------------------------------------------------------", 
        "", 

        " /bin/rm -rf /tmp/nginx_cache ", 
        "", 
        "-----------------------------------------------------------", 
        "|                Restarting Nginx Process                 |", 
        "-----------------------------------------------------------", 

        "root     22082  0.1  0.0 113188  1488 ?        S    17:23   0:00 /bin/bash /bak/bin/clear_nginxcache.sh", 
        "root     22171  1.0  4.2 1068496 165624 ?      Ss   17:23   0:00 nginx: master process /usr/local/nginx/sbin/nginx", 
        "nobody   22172  0.0  4.4 1215308 171180 ?      S    17:23   0:00 nginx: worker process", 
        "nobody   22174  0.0  4.4 1215308 171912 ?      S    17:23   0:00 nginx: worker process", 
        "nobody   22175  0.0  4.4 1215308 171888 ?      S    17:23   0:00 nginx: worker process", 

        "nobody   22176  0.0  4.3 1215308 170240 ?      S    17:23   0:00 nginx: worker process", 
        "nobody   22177  0.0  4.3 1212984 167340 ?      S    17:23   0:00 nginx: cache manager process", 
        "nobody   22178  0.0  4.3 1212984 167108 ?      S    17:23   0:00 nginx: cache loader process", 
        "root     22186  0.0  0.0 112712   936 ?        S    17:23   0:00 grep nginx", 
        "              total        used        free      shared  buff/cache   available", 

        "Mem:           3789         405         746         146        2637        2954", 
        "Swap:             0           0           0", 
        "-----------------------------------------------------------", 
        "|                     Reload SUCCESS!                     |", 
        "-----------------------------------------------------------"

    ]
}
ok: [52.246.189.105] => {
    "script_result.stdout_lines": [
        "-----------------------------------------------------------", 

        "|                 Checking Nginx Config                   |", 
        "-----------------------------------------------------------", 
        "", 
        " nginx -t ", 
        "", 

        "-----------------------------------------------------------", 
        "|                 Stopping Nginx Process                  |", 
        "-----------------------------------------------------------", 
        "", 
        " /usr/bin/killall -9 nginx ", 

        "", 
        "-----------------------------------------------------------", 
        "|                 Clearing Proxy Cache                    |", 
        "-----------------------------------------------------------", 
        "", 

        " /bin/rm -rf /tmp/nginx_cache ", 
        "", 
        "-----------------------------------------------------------", 
        "|                Restarting Nginx Process                 |", 
        "-----------------------------------------------------------", 

        "root      85767  0.7  0.0 113188  1488 ?        S    17:23   0:00 /bin/bash /bak/bin/clear_nginxcache.sh", 
        "root      85774  0.5  2.0 1068496 165628 ?      Ss   17:23   0:00 nginx: master process /usr/local/nginx/sbin/nginx", 
        "nobody    85775  0.0  2.0 1217392 170356 ?      S    17:23   0:00 nginx: worker process", 
        "nobody    85776  0.0  2.0 1217392 170356 ?      S    17:23   0:00 nginx: worker process", 
        "nobody    85777  0.0  2.0 1217392 170356 ?      S    17:23   0:00 nginx: worker process", 

        "nobody    85779  0.0  2.0 1217392 170356 ?      S    17:23   0:00 nginx: worker process", 
        "nobody    85780  0.0  2.0 1215068 167436 ?      S    17:23   0:00 nginx: cache manager process", 
        "nobody    85781  0.0  2.0 1215068 167440 ?      S    17:23   0:00 nginx: cache loader process", 
        "root      85783  0.0  0.0 112712   936 ?        S    17:23   0:00 grep nginx", 
        "              total        used        free      shared  buff/cache   available", 

        "Mem:           7963         557         478         539        6928        6560", 
        "Swap:             0           0           0", 
        "-----------------------------------------------------------", 
        "|                     Reload SUCCESS!                     |", 
        "-----------------------------------------------------------"

    ]
}

PLAY [127.0.0.1] ***************************************************************


TASK [sync_to_git : Synchronizing Nginx To GIT] ********************************
changed: [127.0.0.1]

TASK [sync_to_git : debug] *****************************************************
ok: [127.0.0.1] => {

    "msg": " [u'[master 6229e42] leriza.muralla', u' 2 files changed, 115 insertions(+), 77 deletions(-)', u'Branch master set up to track remote branch master from origin.']"
}

PLAY [eu-nginx] ****************************************************************


PLAY [127.0.0.1] ***************************************************************

PLAY RECAP *********************************************************************
127.0.0.1                  : ok=2    changed=1    unreachable=0    failed=0    skipped=0    rescued=0    ignored=0   
47.56.202.88               : ok=10   changed=3    unreachable=0    failed=0    skipped=2    rescued=0    ignored=0   

47.91.11.13                : ok=10   changed=3    unreachable=0    failed=0    skipped=2    rescued=0    ignored=0   
52.246.189.105             : ok=10   changed=3    unreachable=0    failed=0    skipped=2    rescued=0    ignored=0   


ESYNC_WORKER1_COMMAND_END
MAX RETRIES EXECUTED, COMMAND NOT RESPONDING