ESYNC_WORKER1_COMMAND_START
[WARNING]: Invalid characters were found in group names but not replaced, use
-vvvv to see details

PLAY [eu-nginx] ****************************************************************


TASK [Gathering Facts] *********************************************************
ok: [47.56.202.88]
ok: [47.91.11.13]
ok: [52.246.189.105]


TASK [nginx_sync : Change python interpreter] **********************************
skipping: [47.56.202.88]
skipping: [47.91.11.13]
skipping: [52.246.189.105]


TASK [nginx_sync : change python interpreter] **********************************
skipping: [47.56.202.88]
skipping: [47.91.11.13]
skipping: [52.246.189.105]


TASK [nginx_sync : Notify] *****************************************************
ok: [47.56.202.88] => {
    "msg": "Syncing eu-nginx"
}
ok: [47.91.11.13] => {

    "msg": "Syncing eu-nginx"
}
ok: [52.246.189.105] => {
    "msg": "Syncing eu-nginx"
}


TASK [nginx_sync : include_vars] ***********************************************
ok: [47.56.202.88]
ok: [47.91.11.13]
ok: [52.246.189.105]


TASK [nginx_sync : Synchronizing Nginx] ****************************************
ok: [47.56.202.88] => (item=conf)
ok: [47.91.11.13] => (item=conf)
ok: [52.246.189.105] => (item=conf)

changed: [47.56.202.88] => (item=conf.d)
changed: [47.56.202.88] => (item=data)
changed: [52.246.189.105] => (item=conf.d)
changed: [47.56.202.88] => (item=html)
changed: [47.91.11.13] => (item=conf.d)

changed: [52.246.189.105] => (item=data)
changed: [47.91.11.13] => (item=data)
changed: [52.246.189.105] => (item=html)
changed: [47.91.11.13] => (item=html)


TASK [nginx_sync : Set HTML Dir to root] ***************************************
changed: [47.56.202.88]
changed: [47.91.11.13]
changed: [52.246.189.105]


TASK [all_servers : include_vars] **********************************************
ok: [47.56.202.88]
ok: [47.91.11.13]
ok: [52.246.189.105]


TASK [all_servers : Notify] ****************************************************
ok: [47.56.202.88] => {
    "msg": "Clearing Nginx Cache for eu-nginx"
}
ok: [47.91.11.13] => {

    "msg": "Clearing Nginx Cache for eu-nginx"
}
ok: [52.246.189.105] => {
    "msg": "Clearing Nginx Cache for eu-nginx"
}


TASK [all_servers : Copying clear_nginxcache.sh to remote hosts] ***************
ok: [47.56.202.88]
ok: [52.246.189.105]
ok: [47.91.11.13]


TASK [all_servers : Nginx Clear Cache] *****************************************
changed: [47.56.202.88]
changed: [52.246.189.105]
changed: [47.91.11.13]


TASK [all_servers : debug] *****************************************************
ok: [47.56.202.88] => {
    "script_result.stdout_lines": [
        "-----------------------------------------------------------", 

        "|                 Checking Nginx Config                   |", 
        "-----------------------------------------------------------", 
        "", 
        " nginx -t ", 
        "", 

        "-----------------------------------------------------------", 
        "|                 Stopping Nginx Process                  |", 
        "-----------------------------------------------------------", 
        "", 
        " /usr/bin/killall -9 nginx ", 

        "", 
        "-----------------------------------------------------------", 
        "|                 Clearing Proxy Cache                    |", 
        "-----------------------------------------------------------", 
        "", 

        " /bin/rm -rf /tmp/nginx_cache ", 
        "", 
        "-----------------------------------------------------------", 
        "|                Restarting Nginx Process                 |", 
        "-----------------------------------------------------------", 

        "root     24350  0.4  0.0 113188  1484 ?        S    09:40   0:00 /bin/bash /bak/bin/clear_nginxcache.sh", 
        "root     24361  0.5  6.2 1022544 118184 ?      Ss   09:40   0:00 nginx: master process /usr/local/nginx/sbin/nginx", 
        "nobody   24362  0.0  6.6 1169356 124600 ?      S    09:40   0:00 nginx: worker process", 
        "nobody   24364  0.0  6.6 1169356 124428 ?      S    09:40   0:00 nginx: worker process", 
        "nobody   24365  0.0  6.6 1169356 124448 ?      S    09:40   0:00 nginx: worker process", 

        "nobody   24366  0.5  6.6 1169356 124532 ?      S    09:40   0:00 nginx: worker process", 
        "nobody   24367  0.0  6.3 1167032 119896 ?      S    09:40   0:00 nginx: cache manager process", 
        "nobody   24368  0.0  6.3 1167032 119676 ?      S    09:40   0:00 nginx: cache loader process", 
        "root     24371  0.0  0.0 112716   940 ?        S    09:40   0:00 grep nginx", 
        "              total        used        free      shared  buff/cache   available", 

        "Mem:           1837         363         592         146         881        1143", 
        "Swap:             0           0           0", 
        "-----------------------------------------------------------", 
        "|                     Reload SUCCESS!                     |", 
        "-----------------------------------------------------------"

    ]
}
ok: [47.91.11.13] => {
    "script_result.stdout_lines": [
        "-----------------------------------------------------------", 

        "|                 Checking Nginx Config                   |", 
        "-----------------------------------------------------------", 
        "", 
        " nginx -t ", 
        "", 

        "-----------------------------------------------------------", 
        "|                 Stopping Nginx Process                  |", 
        "-----------------------------------------------------------", 
        "", 
        " /usr/bin/killall -9 nginx ", 

        "", 
        "-----------------------------------------------------------", 
        "|                 Clearing Proxy Cache                    |", 
        "-----------------------------------------------------------", 
        "", 

        " /bin/rm -rf /tmp/nginx_cache ", 
        "", 
        "-----------------------------------------------------------", 
        "|                Restarting Nginx Process                 |", 
        "-----------------------------------------------------------", 

        "root      5602  0.1  0.0 113188  1492 ?        S    09:40   0:00 /bin/bash /bak/bin/clear_nginxcache.sh", 
        "root      5609  0.5  3.0 1020656 118100 ?      Ss   09:40   0:00 nginx: master process /usr/local/nginx/sbin/nginx", 
        "nobody    5610  0.0  3.1 1167468 122900 ?      S    09:40   0:00 nginx: worker process", 
        "nobody    5612  0.0  3.1 1167468 122904 ?      S    09:40   0:00 nginx: worker process", 
        "nobody    5613  0.0  3.1 1167468 122904 ?      S    09:40   0:00 nginx: worker process", 

        "nobody    5614  0.0  3.1 1167468 122904 ?      S    09:40   0:00 nginx: worker process", 
        "nobody    5615  0.0  3.0 1165144 119800 ?      S    09:40   0:00 nginx: cache manager process", 
        "nobody    5616  0.0  3.0 1165144 119580 ?      S    09:40   0:00 nginx: cache loader process", 
        "root      5622  0.0  0.0 112712   940 ?        S    09:40   0:00 grep nginx", 
        "              total        used        free      shared  buff/cache   available", 

        "Mem:           3789         353         610         146        2825        3006", 
        "Swap:             0           0           0", 
        "-----------------------------------------------------------", 
        "|                     Reload SUCCESS!                     |", 
        "-----------------------------------------------------------"

    ]
}
ok: [52.246.189.105] => {
    "script_result.stdout_lines": [
        "-----------------------------------------------------------", 

        "|                 Checking Nginx Config                   |", 
        "-----------------------------------------------------------", 
        "", 
        " nginx -t ", 
        "", 

        "-----------------------------------------------------------", 
        "|                 Stopping Nginx Process                  |", 
        "-----------------------------------------------------------", 
        "", 
        " /usr/bin/killall -9 nginx ", 

        "", 
        "-----------------------------------------------------------", 
        "|                 Clearing Proxy Cache                    |", 
        "-----------------------------------------------------------", 
        "", 

        " /bin/rm -rf /tmp/nginx_cache ", 
        "", 
        "-----------------------------------------------------------", 
        "|                Restarting Nginx Process                 |", 
        "-----------------------------------------------------------", 

        "root     102249  0.8  0.0 113188  1488 ?        S    09:40   0:00 /bin/bash /bak/bin/clear_nginxcache.sh", 
        "root     102256  0.5  1.4 1020656 118100 ?      Ss   09:40   0:00 nginx: master process /usr/local/nginx/sbin/nginx", 
        "nobody   102257  0.0  1.5 1169552 123016 ?      S    09:40   0:00 nginx: worker process", 
        "nobody   102259  0.0  1.5 1169552 123016 ?      S    09:40   0:00 nginx: worker process", 
        "nobody   102260  0.0  1.5 1169552 123016 ?      S    09:40   0:00 nginx: worker process", 

        "nobody   102261  0.0  1.5 1169552 123016 ?      S    09:40   0:00 nginx: worker process", 
        "nobody   102262  0.0  1.4 1167228 119908 ?      S    09:40   0:00 nginx: cache manager process", 
        "nobody   102263  0.0  1.4 1167228 119908 ?      S    09:40   0:00 nginx: cache loader process", 
        "root     102265  0.0  0.0 112712   940 ?        S    09:40   0:00 grep nginx", 
        "              total        used        free      shared  buff/cache   available", 

        "Mem:           7963         500         424         547        7038        6608", 
        "Swap:             0           0           0", 
        "-----------------------------------------------------------", 
        "|                     Reload SUCCESS!                     |", 
        "-----------------------------------------------------------"

    ]
}

PLAY [127.0.0.1] ***************************************************************


TASK [sync_to_git : Synchronizing Nginx To GIT] ********************************
changed: [127.0.0.1]

TASK [sync_to_git : debug] *****************************************************
ok: [127.0.0.1] => {

    "msg": " [u'[master 2d51759] leriza.muralla', u' 1 file changed, 0 insertions(+), 0 deletions(-)', u'Branch master set up to track remote branch master from origin.']"
}

PLAY [eu-nginx] ****************************************************************


PLAY [127.0.0.1] ***************************************************************

PLAY RECAP *********************************************************************
127.0.0.1                  : ok=2    changed=1    unreachable=0    failed=0    skipped=0    rescued=0    ignored=0   
47.56.202.88               : ok=10   changed=3    unreachable=0    failed=0    skipped=2    rescued=0    ignored=0   

47.91.11.13                : ok=10   changed=3    unreachable=0    failed=0    skipped=2    rescued=0    ignored=0   
52.246.189.105             : ok=10   changed=3    unreachable=0    failed=0    skipped=2    rescued=0    ignored=0   


ESYNC_WORKER1_COMMAND_END
MAX RETRIES EXECUTED, COMMAND NOT RESPONDING