ESYNC_WORKER1_COMMAND_START
[WARNING]: Invalid characters were found in group names but not replaced, use
-vvvv to see details

PLAY [eu-nginx] ****************************************************************


TASK [Gathering Facts] *********************************************************
ok: [52.246.189.105]
ok: [203.60.1.83]

TASK [nginx_sync : Change python interpreter] **********************************

skipping: [52.246.189.105]
skipping: [203.60.1.83]

TASK [nginx_sync : change python interpreter] **********************************
skipping: [52.246.189.105]

skipping: [203.60.1.83]

TASK [nginx_sync : Notify] *****************************************************
ok: [52.246.189.105] => {
    "msg": "Syncing eu-nginx"

}
ok: [203.60.1.83] => {
    "msg": "Syncing eu-nginx"
}


TASK [nginx_sync : include_vars] ***********************************************
ok: [52.246.189.105]
ok: [203.60.1.83]

TASK [nginx_sync : Synchronizing Nginx] ****************************************

ok: [203.60.1.83] => (item=conf)
changed: [203.60.1.83] => (item=conf.d)
ok: [203.60.1.83] => (item=data)
ok: [52.246.189.105] => (item=conf)
changed: [203.60.1.83] => (item=html)

changed: [52.246.189.105] => (item=conf.d)
ok: [52.246.189.105] => (item=data)
changed: [52.246.189.105] => (item=html)

TASK [nginx_sync : Set HTML Dir to root] ***************************************

changed: [203.60.1.83]
changed: [52.246.189.105]

TASK [all_servers : include_vars] **********************************************
ok: [52.246.189.105]

ok: [203.60.1.83]

TASK [all_servers : Notify] ****************************************************
ok: [52.246.189.105] => {
    "msg": "Clearing Nginx Cache for eu-nginx"

}
ok: [203.60.1.83] => {
    "msg": "Clearing Nginx Cache for eu-nginx"
}


TASK [all_servers : Copying clear_nginxcache.sh to remote hosts] ***************
ok: [203.60.1.83]
ok: [52.246.189.105]

TASK [all_servers : Nginx Clear Cache] *****************************************

changed: [203.60.1.83]
changed: [52.246.189.105]

TASK [all_servers : debug] *****************************************************
ok: [52.246.189.105] => {

    "script_result.stdout_lines": [
        "-----------------------------------------------------------", 
        "|                 Checking Nginx Config                   |", 
        "-----------------------------------------------------------", 
        "", 

        " nginx -t ", 
        "", 
        "-----------------------------------------------------------", 
        "|                 Stopping Nginx Process                  |", 
        "-----------------------------------------------------------", 

        "", 
        " /usr/bin/killall -9 nginx ", 
        "", 
        "-----------------------------------------------------------", 
        "|                 Clearing Proxy Cache                    |", 

        "-----------------------------------------------------------", 
        "", 
        " /bin/rm -rf /tmp/nginx_cache ", 
        "", 
        "-----------------------------------------------------------", 

        "|                Restarting Nginx Process                 |", 
        "-----------------------------------------------------------", 
        "root     119806  0.8  0.0 113188  1488 ?        S    16:06   0:00 /bin/bash /bak/bin/clear_nginxcache.sh", 
        "root     119820  0.5  1.4 1012352 118932 ?      Ss   16:07   0:00 nginx: master process /usr/local/nginx/sbin/nginx", 
        "nobody   119821  0.0  1.5 1161248 125020 ?      S    16:07   0:00 nginx: worker process", 

        "nobody   119823  0.0  1.5 1161248 125480 ?      S    16:07   0:00 nginx: worker process", 
        "nobody   119824  0.0  1.5 1161248 124768 ?      S    16:07   0:00 nginx: worker process", 
        "nobody   119825  0.0  1.5 1161248 125520 ?      S    16:07   0:00 nginx: worker process", 
        "nobody   119826  0.0  1.4 1158924 120740 ?      S    16:07   0:00 nginx: cache manager process", 
        "nobody   119827  0.0  1.4 1158924 120744 ?      S    16:07   0:00 nginx: cache loader process", 

        "root     119834  0.0  0.0 112712   940 ?        S    16:07   0:00 grep nginx", 
        "              total        used        free      shared  buff/cache   available", 
        "Mem:           7963         552         441         547        6969        6557", 
        "Swap:             0           0           0", 
        "-----------------------------------------------------------", 

        "|                     Reload SUCCESS!                     |", 
        "-----------------------------------------------------------"
    ]
}
ok: [203.60.1.83] => {

    "script_result.stdout_lines": [
        "-----------------------------------------------------------", 
        "|                 Checking Nginx Config                   |", 
        "-----------------------------------------------------------", 
        "", 

        " nginx -t ", 
        "", 
        "-----------------------------------------------------------", 
        "|                 Stopping Nginx Process                  |", 
        "-----------------------------------------------------------", 

        "", 
        " /usr/bin/killall -9 nginx ", 
        "", 
        "-----------------------------------------------------------", 
        "|                 Clearing Proxy Cache                    |", 

        "-----------------------------------------------------------", 
        "", 
        " /bin/rm -rf /tmp/nginx_cache ", 
        "", 
        "-----------------------------------------------------------", 

        "|                Restarting Nginx Process                 |", 
        "-----------------------------------------------------------", 
        "root     28844  1.5  0.0 113288  1496 ?        S    16:06   0:00 /bin/bash /bak/bin/clear_nginxcache.sh", 
        "root     28859  0.5  3.2 1012356 118936 ?      Ss   16:07   0:00 nginx: master process /usr/local/nginx/sbin/nginx", 
        "nobody   28861  0.5  3.4 1159168 125408 ?      S    16:07   0:00 nginx: worker process", 

        "nobody   28862  0.0  3.3 1159168 123724 ?      S    16:07   0:00 nginx: worker process", 
        "nobody   28863  0.0  3.3 1159168 123720 ?      S    16:07   0:00 nginx: worker process", 
        "nobody   28864  1.0  3.4 1159168 125628 ?      S    16:07   0:00 nginx: worker process", 
        "nobody   28865  0.0  3.2 1156844 120624 ?      S    16:07   0:00 nginx: cache manager process", 
        "nobody   28866  0.0  3.2 1156844 120396 ?      S    16:07   0:00 nginx: cache loader process", 

        "root     28872  0.0  0.0 112812   956 ?        R    16:07   0:00 grep nginx", 
        "              total        used        free      shared  buff/cache   available", 
        "Mem:           3596         528        1006         331        2060        2546", 
        "Swap:             0           0           0", 
        "-----------------------------------------------------------", 

        "|                     Reload SUCCESS!                     |", 
        "-----------------------------------------------------------"
    ]
}


PLAY [127.0.0.1] ***************************************************************

TASK [sync_to_git : Synchronizing Nginx To GIT] ********************************
changed: [127.0.0.1]


TASK [sync_to_git : debug] *****************************************************
ok: [127.0.0.1] => {
    "msg": " [u'[master b5a97a5] leriza.muralla', u' 1 file changed, 2 insertions(+)', u'Branch master set up to track remote branch master from origin.']"
}


PLAY [eu-nginx] ****************************************************************

PLAY [127.0.0.1] ***************************************************************

PLAY RECAP *********************************************************************

127.0.0.1                  : ok=2    changed=1    unreachable=0    failed=0    skipped=0    rescued=0    ignored=0   
203.60.1.83                : ok=10   changed=3    unreachable=0    failed=0    skipped=2    rescued=0    ignored=0   
52.246.189.105             : ok=10   changed=3    unreachable=0    failed=0    skipped=2    rescued=0    ignored=0   


ESYNC_WORKER1_COMMAND_END
MAX RETRIES EXECUTED, COMMAND NOT RESPONDING