ESYNC_WORKER1_COMMAND_START
 [WARNING]: Invalid characters were found in group names but not replaced, use
-vvvv to see details

PLAY [eu-nginx] ****************************************************************


TASK [Gathering Facts] *********************************************************
ok: [47.56.202.88]
ok: [52.246.189.105]
ok: [47.91.11.13]


TASK [nginx_sync : Change python interpreter] **********************************
skipping: [47.56.202.88]
skipping: [47.91.11.13]
skipping: [52.246.189.105]


TASK [nginx_sync : change python interpreter] **********************************
skipping: [47.56.202.88]
skipping: [47.91.11.13]
skipping: [52.246.189.105]


TASK [nginx_sync : Notify] *****************************************************
ok: [47.56.202.88] => {
    "msg": "Syncing eu-nginx"
}
ok: [47.91.11.13] => {

    "msg": "Syncing eu-nginx"
}
ok: [52.246.189.105] => {
    "msg": "Syncing eu-nginx"
}


TASK [nginx_sync : include_vars] ***********************************************
ok: [47.56.202.88]
ok: [47.91.11.13]
ok: [52.246.189.105]


TASK [nginx_sync : Synchronizing Nginx] ****************************************
ok: [47.56.202.88] => (item=conf)
ok: [47.91.11.13] => (item=conf)
ok: [52.246.189.105] => (item=conf)

changed: [47.56.202.88] => (item=conf.d)
changed: [47.56.202.88] => (item=data)
changed: [47.91.11.13] => (item=conf.d)
changed: [47.56.202.88] => (item=html)
changed: [52.246.189.105] => (item=conf.d)

changed: [52.246.189.105] => (item=data)
changed: [47.91.11.13] => (item=data)
changed: [47.91.11.13] => (item=html)
changed: [52.246.189.105] => (item=html)


TASK [nginx_sync : Set HTML Dir to root] ***************************************
changed: [47.56.202.88]
changed: [47.91.11.13]
changed: [52.246.189.105]


TASK [all_servers : include_vars] **********************************************
ok: [47.56.202.88]
ok: [47.91.11.13]
ok: [52.246.189.105]


TASK [all_servers : Notify] ****************************************************
ok: [47.56.202.88] => {
    "msg": "Clearing Nginx Cache for eu-nginx"
}
ok: [47.91.11.13] => {

    "msg": "Clearing Nginx Cache for eu-nginx"
}
ok: [52.246.189.105] => {
    "msg": "Clearing Nginx Cache for eu-nginx"
}


TASK [all_servers : Copying clear_nginxcache.sh to remote hosts] ***************
ok: [47.56.202.88]
ok: [47.91.11.13]
ok: [52.246.189.105]


TASK [all_servers : Nginx Clear Cache] *****************************************
changed: [47.56.202.88]
changed: [47.91.11.13]
changed: [52.246.189.105]


TASK [all_servers : debug] *****************************************************
ok: [47.56.202.88] => {
    "script_result.stdout_lines": [
        "-----------------------------------------------------------", 

        "|                 Checking Nginx Config                   |", 
        "-----------------------------------------------------------", 
        "", 
        " nginx -t ", 
        "", 

        "-----------------------------------------------------------", 
        "|                 Stopping Nginx Process                  |", 
        "-----------------------------------------------------------", 
        "", 
        " /usr/bin/killall -9 nginx ", 

        "", 
        "-----------------------------------------------------------", 
        "|                 Clearing Proxy Cache                    |", 
        "-----------------------------------------------------------", 
        "", 

        " /bin/rm -rf /tmp/nginx_cache ", 
        "", 
        "-----------------------------------------------------------", 
        "|                Restarting Nginx Process                 |", 
        "-----------------------------------------------------------", 

        "root     14312  0.2  0.0 113188  1492 ?        S    15:33   0:00 /bin/bash /bak/bin/clear_nginxcache.sh", 
        "root     14318  1.0  8.1 1052784 154004 ?      Ss   15:33   0:00 nginx: master process /usr/local/nginx/sbin/nginx", 
        "nobody   14319  0.5  8.5 1199728 160360 ?      S    15:33   0:00 nginx: worker process", 
        "nobody   14321  0.5  8.5 1199888 160352 ?      S    15:33   0:00 nginx: worker process", 
        "nobody   14322  0.5  8.5 1200072 160412 ?      S    15:33   0:00 nginx: worker process", 

        "nobody   14323  1.5  8.5 1200540 161224 ?      S    15:33   0:00 nginx: worker process", 
        "nobody   14324  0.0  8.2 1197272 155736 ?      S    15:33   0:00 nginx: cache manager process", 
        "nobody   14325  0.0  8.2 1197272 155492 ?      S    15:33   0:00 nginx: cache loader process", 
        "root     14327  0.0  0.0 112712   936 ?        S    15:33   0:00 grep nginx", 
        "              total        used        free      shared  buff/cache   available", 

        "Mem:           1837         392         775         146         669        1115", 
        "Swap:             0           0           0", 
        "-----------------------------------------------------------", 
        "|                     Reload SUCCESS!                     |", 
        "-----------------------------------------------------------"

    ]
}
ok: [47.91.11.13] => {
    "script_result.stdout_lines": [
        "-----------------------------------------------------------", 

        "|                 Checking Nginx Config                   |", 
        "-----------------------------------------------------------", 
        "", 
        " nginx -t ", 
        "", 

        "-----------------------------------------------------------", 
        "|                 Stopping Nginx Process                  |", 
        "-----------------------------------------------------------", 
        "", 
        " /usr/bin/killall -9 nginx ", 

        "", 
        "-----------------------------------------------------------", 
        "|                 Clearing Proxy Cache                    |", 
        "-----------------------------------------------------------", 
        "", 

        " /bin/rm -rf /tmp/nginx_cache ", 
        "", 
        "-----------------------------------------------------------", 
        "|                Restarting Nginx Process                 |", 
        "-----------------------------------------------------------", 

        "root     20932  0.2  0.0 113188  1492 ?        S    15:33   0:00 /bin/bash /bak/bin/clear_nginxcache.sh", 
        "root     20940  1.0  3.9 1050752 153880 ?      Ss   15:33   0:00 nginx: master process /usr/local/nginx/sbin/nginx", 
        "nobody   20941  0.0  4.1 1197564 160216 ?      S    15:33   0:00 nginx: worker process", 
        "nobody   20943  0.0  4.1 1197564 160180 ?      S    15:33   0:00 nginx: worker process", 
        "nobody   20944  0.0  4.0 1197564 158552 ?      S    15:33   0:00 nginx: worker process", 

        "nobody   20945  0.0  4.1 1197564 160216 ?      S    15:33   0:00 nginx: worker process", 
        "nobody   20946  0.0  4.0 1195240 155604 ?      S    15:33   0:00 nginx: cache manager process", 
        "nobody   20947  0.0  4.0 1195240 155364 ?      S    15:33   0:00 nginx: cache loader process", 
        "root     20950  0.0  0.0 112712   940 ?        S    15:33   0:00 grep nginx", 
        "              total        used        free      shared  buff/cache   available", 

        "Mem:           3789         390        1376         146        2021        2969", 
        "Swap:             0           0           0", 
        "-----------------------------------------------------------", 
        "|                     Reload SUCCESS!                     |", 
        "-----------------------------------------------------------"

    ]
}
ok: [52.246.189.105] => {
    "script_result.stdout_lines": [
        "-----------------------------------------------------------", 

        "|                 Checking Nginx Config                   |", 
        "-----------------------------------------------------------", 
        "", 
        " nginx -t ", 
        "", 

        "-----------------------------------------------------------", 
        "|                 Stopping Nginx Process                  |", 
        "-----------------------------------------------------------", 
        "", 
        " /usr/bin/killall -9 nginx ", 

        "", 
        "-----------------------------------------------------------", 
        "|                 Clearing Proxy Cache                    |", 
        "-----------------------------------------------------------", 
        "", 

        " /bin/rm -rf /tmp/nginx_cache ", 
        "", 
        "-----------------------------------------------------------", 
        "|                Restarting Nginx Process                 |", 
        "-----------------------------------------------------------", 

        "root      91606  0.7  0.0 113188  1488 ?        S    15:33   0:00 /bin/bash /bak/bin/clear_nginxcache.sh", 
        "root      91613  1.0  1.8 1050752 153884 ?      Ss   15:33   0:00 nginx: master process /usr/local/nginx/sbin/nginx", 
        "nobody    91614  0.0  1.9 1199648 158656 ?      S    15:33   0:00 nginx: worker process", 
        "nobody    91616  0.0  1.9 1199648 160068 ?      S    15:33   0:00 nginx: worker process", 
        "nobody    91617  0.5  1.9 1199648 158656 ?      S    15:33   0:00 nginx: worker process", 

        "nobody    91618  0.0  1.9 1199648 158656 ?      S    15:33   0:00 nginx: worker process", 
        "nobody    91619  0.0  1.9 1197324 155696 ?      S    15:33   0:00 nginx: cache manager process", 
        "nobody    91620  0.0  1.9 1197324 155700 ?      S    15:33   0:00 nginx: cache loader process", 
        "root      91626  0.0  0.0 112712   936 ?        S    15:33   0:00 grep nginx", 
        "              total        used        free      shared  buff/cache   available", 

        "Mem:           7963         532         540         565        6890        6559", 
        "Swap:             0           0           0", 
        "-----------------------------------------------------------", 
        "|                     Reload SUCCESS!                     |", 
        "-----------------------------------------------------------"

    ]
}

PLAY [127.0.0.1] ***************************************************************


TASK [sync_to_git : Synchronizing Nginx To GIT] ********************************
changed: [127.0.0.1]

TASK [sync_to_git : debug] *****************************************************
ok: [127.0.0.1] => {

    "msg": " [u'[master 1fd3bdb] robert.sarte', u' 1 file changed, 0 insertions(+), 0 deletions(-)', u'Branch master set up to track remote branch master from origin.']"
}

PLAY [eu-nginx] ****************************************************************


PLAY [127.0.0.1] ***************************************************************

PLAY RECAP *********************************************************************
127.0.0.1                  : ok=2    changed=1    unreachable=0    failed=0    skipped=0    rescued=0    ignored=0   
47.56.202.88               : ok=10   changed=3    unreachable=0    failed=0    skipped=2    rescued=0    ignored=0   

47.91.11.13                : ok=10   changed=3    unreachable=0    failed=0    skipped=2    rescued=0    ignored=0   
52.246.189.105             : ok=10   changed=3    unreachable=0    failed=0    skipped=2    rescued=0    ignored=0   


ESYNC_WORKER1_COMMAND_END
MAX RETRIES EXECUTED, COMMAND NOT RESPONDING