FILENAME: 80-443/eu07.co.conf
-  
+  server {
+      listen 80;
+      server_name eu07.co www.eu07.co;
+      rewrite ^(.*)$ https://www.eu07.co$1 permanent;
+  }
+  
+  server {
+      listen 443;
+      server_name eu07.co www.eu07.co;
+      ssl on;
+      ssl_certificate /usr/local/nginx/conf.d/ssl/eu07.co/fullchain.pem;
+      ssl_certificate_key /usr/local/nginx/conf.d/ssl/eu07.co/privkey.pem;
+  
+      if ($http_host !~* 'www') {
+          rewrite ^(.*)$ https://www.$http_host$1 permanent;
+      }
+  
+      include /usr/local/nginx/conf.d/include/eu_official_masterconfig.include;
+  }
+  
+  

