ESYNC_WORKER1_COMMAND_START
 [WARNING]: Invalid characters were found in group names but not replaced, use
-vvvv to see details

PLAY [eu-nginx] ****************************************************************


TASK [Gathering Facts] *********************************************************
ok: [119.9.94.172]
ok: [13.75.115.255]
ok: [52.229.206.25]
ok: [13.94.45.24]

ok: [52.229.205.134]
ok: [207.46.140.151]

TASK [nginx_sync : Change python interpreter] **********************************
ok: [13.94.45.24]

ok: [13.75.115.255]
ok: [52.229.205.134]
ok: [52.229.206.25]
ok: [119.9.94.172]
ok: [207.46.140.151]


TASK [nginx_sync : change python interpreter] **********************************
ok: [13.94.45.24]
ok: [13.75.115.255]
ok: [52.229.205.134]

ok: [52.229.206.25]
ok: [119.9.94.172]
ok: [207.46.140.151]

TASK [nginx_sync : Notify] *****************************************************

ok: [13.94.45.24] => {
    "msg": "Syncing eu-nginx"
}
ok: [13.75.115.255] => {
    "msg": "Syncing eu-nginx"

}
ok: [52.229.205.134] => {
    "msg": "Syncing eu-nginx"
}
ok: [52.229.206.25] => {

    "msg": "Syncing eu-nginx"
}
ok: [119.9.94.172] => {
    "msg": "Syncing eu-nginx"
}

ok: [207.46.140.151] => {
    "msg": "Syncing eu-nginx"
}

TASK [nginx_sync : include_vars] ***********************************************

ok: [13.94.45.24]
ok: [13.75.115.255]
ok: [52.229.205.134]
ok: [52.229.206.25]
ok: [119.9.94.172]

ok: [207.46.140.151]

TASK [nginx_sync : Synchronizing Nginx] ****************************************
ok: [13.94.45.24] => (item=conf)
ok: [119.9.94.172] => (item=conf)

ok: [13.75.115.255] => (item=conf)
ok: [52.229.206.25] => (item=conf)
ok: [52.229.205.134] => (item=conf)
changed: [13.94.45.24] => (item=conf.d)
changed: [119.9.94.172] => (item=conf.d)

changed: [13.75.115.255] => (item=conf.d)
changed: [52.229.206.25] => (item=conf.d)
changed: [52.229.205.134] => (item=conf.d)
ok: [13.94.45.24] => (item=data)
ok: [119.9.94.172] => (item=data)

ok: [52.229.206.25] => (item=data)
ok: [13.75.115.255] => (item=data)
ok: [52.229.205.134] => (item=data)
ok: [13.94.45.24] => (item=html)
ok: [119.9.94.172] => (item=html)

ok: [52.229.206.25] => (item=html)
ok: [13.75.115.255] => (item=html)
ok: [207.46.140.151] => (item=conf)
ok: [52.229.205.134] => (item=html)
changed: [207.46.140.151] => (item=conf.d)

ok: [207.46.140.151] => (item=data)
ok: [207.46.140.151] => (item=html)

TASK [all_servers : include_vars] **********************************************
ok: [13.94.45.24]

ok: [13.75.115.255]
ok: [52.229.205.134]
ok: [52.229.206.25]
ok: [119.9.94.172]
ok: [207.46.140.151]


TASK [all_servers : Notify] ****************************************************
ok: [13.94.45.24] => {
    "msg": "Clearing Nginx Cache for eu-nginx"
}

ok: [13.75.115.255] => {
    "msg": "Clearing Nginx Cache for eu-nginx"
}
ok: [52.229.205.134] => {
    "msg": "Clearing Nginx Cache for eu-nginx"

}
ok: [52.229.206.25] => {
    "msg": "Clearing Nginx Cache for eu-nginx"
}
ok: [119.9.94.172] => {

    "msg": "Clearing Nginx Cache for eu-nginx"
}
ok: [207.46.140.151] => {
    "msg": "Clearing Nginx Cache for eu-nginx"
}


TASK [all_servers : Copying clear_nginxcache.sh to remote hosts] ***************
ok: [119.9.94.172]
ok: [13.75.115.255]
ok: [13.94.45.24]

ok: [52.229.205.134]
ok: [52.229.206.25]
ok: [207.46.140.151]

TASK [all_servers : Nginx Clear Cache] *****************************************

changed: [119.9.94.172]
changed: [52.229.205.134]
changed: [13.75.115.255]
changed: [52.229.206.25]
changed: [13.94.45.24]

changed: [207.46.140.151]

TASK [all_servers : debug] *****************************************************
ok: [13.94.45.24] => {
    "script_result.stdout_lines": [

        "-----------------------------------------------------------", 
        "|                 Checking Nginx Config                   |", 
        "-----------------------------------------------------------", 
        "", 
        " nginx -t ", 

        "", 
        "-----------------------------------------------------------", 
        "|                 Stopping Nginx Process                  |", 
        "-----------------------------------------------------------", 
        "", 

        " /usr/bin/killall -9 nginx ", 
        "", 
        "-----------------------------------------------------------", 
        "|                 Clearing Proxy Cache                    |", 
        "-----------------------------------------------------------", 

        "", 
        " /bin/rm -rf /tmp/nginx_cache ", 
        "", 
        "-----------------------------------------------------------", 
        "|                Restarting Nginx Process                 |", 

        "-----------------------------------------------------------", 
        "root      13701  0.0  0.0 106120  1292 ?        S    09:30   0:00 /bin/bash /bak/bin/clear_nginxcache.sh", 
        "root      13710  0.0  3.7 896092 130872 ?       Ss   09:30   0:00 nginx: master process /usr/local/nginx/sbin/nginx", 
        "nobody    13712  0.5  3.8 898020 135484 ?       S    09:30   0:00 nginx: worker process      ", 
        "nobody    13713  0.5  3.8 898020 135840 ?       S    09:30   0:00 nginx: worker process      ", 

        "nobody    13714  0.0  3.8 898020 135824 ?       S    09:30   0:00 nginx: worker process      ", 
        "nobody    13715  0.5  3.8 898020 135508 ?       S    09:30   0:00 nginx: worker process      ", 
        "nobody    13716  0.0  3.7 896092 132416 ?       S    09:30   0:00 nginx: cache manager process", 
        "nobody    13717  0.0  3.7 896092 131344 ?       S    09:30   0:00 nginx: cache loader process", 
        "root      13719  0.0  0.0 103328   848 ?        S    09:30   0:00 grep nginx", 

        "root      52366  0.0  0.0   9120   532 ?        Ss    2018   0:00 /sbin/dhclient -H eu-nginx3.hk.az.monaco1.me -1 -q -lf /var/lib/dhclient/dhclient-eth0.leases -pf /var/run/dhclient-eth0.pid eth0", 
        "             total       used       free     shared    buffers     cached", 
        "Mem:          3440       2569        871          5        317        875", 
        "-/+ buffers/cache:       1377       2063", 
        "Swap:            0          0          0", 

        "-----------------------------------------------------------", 
        "|                     Reload SUCCESS!                     |", 
        "-----------------------------------------------------------"
    ]
}

ok: [13.75.115.255] => {
    "script_result.stdout_lines": [
        "-----------------------------------------------------------", 
        "|                 Checking Nginx Config                   |", 
        "-----------------------------------------------------------", 

        "", 
        " nginx -t ", 
        "", 
        "-----------------------------------------------------------", 
        "|                 Stopping Nginx Process                  |", 

        "-----------------------------------------------------------", 
        "", 
        " /usr/bin/killall -9 nginx ", 
        "", 
        "-----------------------------------------------------------", 

        "|                 Clearing Proxy Cache                    |", 
        "-----------------------------------------------------------", 
        "", 
        " /bin/rm -rf /tmp/nginx_cache ", 
        "", 

        "-----------------------------------------------------------", 
        "|                Restarting Nginx Process                 |", 
        "-----------------------------------------------------------", 
        "root     130260  0.0  0.0 106124  1296 ?        S    09:30   0:00 /bin/bash /bak/bin/clear_nginxcache.sh", 
        "root     130268  0.0  3.7 896096 130872 ?       Ss   09:30   0:00 nginx: master process /usr/local/nginx/sbin/nginx", 

        "nobody   130269  1.0  3.8 898024 136668 ?       S    09:30   0:00 nginx: worker process      ", 
        "nobody   130270  0.5  3.8 898024 136716 ?       S    09:30   0:00 nginx: worker process      ", 
        "nobody   130271  1.0  3.8 898024 136672 ?       S    09:30   0:00 nginx: worker process      ", 
        "nobody   130272  0.5  3.8 898024 136716 ?       S    09:30   0:00 nginx: worker process      ", 
        "nobody   130273  0.0  3.7 896096 132416 ?       S    09:30   0:00 nginx: cache manager process", 

        "nobody   130274  0.0  3.7 896096 132376 ?       S    09:30   0:00 nginx: cache loader process", 
        "root     130277  0.0  0.0 103332   840 ?        S    09:30   0:00 grep nginx", 
        "             total       used       free     shared    buffers     cached", 
        "Mem:          3440       1404       2035          5        310        648", 
        "-/+ buffers/cache:        445       2994", 

        "Swap:            0          0          0", 
        "-----------------------------------------------------------", 
        "|                     Reload SUCCESS!                     |", 
        "-----------------------------------------------------------"
    ]

}
ok: [52.229.205.134] => {
    "script_result.stdout_lines": [
        "-----------------------------------------------------------", 
        "|                 Checking Nginx Config                   |", 

        "-----------------------------------------------------------", 
        "", 
        " nginx -t ", 
        "", 
        "-----------------------------------------------------------", 

        "|                 Stopping Nginx Process                  |", 
        "-----------------------------------------------------------", 
        "", 
        " /usr/bin/killall -9 nginx ", 
        "", 

        "-----------------------------------------------------------", 
        "|                 Clearing Proxy Cache                    |", 
        "-----------------------------------------------------------", 
        "", 
        " /bin/rm -rf /tmp/nginx_cache ", 

        "", 
        "-----------------------------------------------------------", 
        "|                Restarting Nginx Process                 |", 
        "-----------------------------------------------------------", 
        "root        892  0.0  0.0   9120   772 ?        Ss   Aug08   0:00 /sbin/dhclient -H eu-nginx7.hk.az.monaco1.me -1 -q -cf /etc/dhcp/dhclient-eth0.conf -lf /var/lib/dhclient/dhclient-eth0.leases -pf /var/run/dhclient-eth0.pid eth0", 

        "root      47362  0.0  0.0 106112  1296 ?        S    09:30   0:00 /bin/bash /bak/bin/clear_nginxcache.sh", 
        "root      47369  0.6  3.2 896560 130872 ?       Ss   09:30   0:00 nginx: master process /usr/local/nginx/sbin/nginx", 
        "nobody    47370  0.0  3.3 898488 135504 ?       S    09:30   0:00 nginx: worker process      ", 
        "nobody    47372  0.0  3.3 898488 135520 ?       S    09:30   0:00 nginx: worker process      ", 
        "nobody    47373  0.0  3.3 898488 136640 ?       S    09:30   0:00 nginx: worker process      ", 

        "nobody    47374  0.0  3.3 898488 135492 ?       S    09:30   0:00 nginx: worker process      ", 
        "nobody    47375  0.0  3.2 896560 132416 ?       S    09:30   0:00 nginx: cache manager process", 
        "nobody    47376  0.0  3.2 896560 132364 ?       S    09:30   0:00 nginx: cache loader process", 
        "root      47380  0.0  0.0 103268   840 ?        S    09:30   0:00 grep nginx", 
        "             total       used       free     shared    buffers     cached", 

        "Mem:          3946       3369        576          0        212        801", 
        "-/+ buffers/cache:       2356       1590", 
        "Swap:            0          0          0", 
        "-----------------------------------------------------------", 
        "|                     Reload SUCCESS!                     |", 

        "-----------------------------------------------------------"
    ]
}
ok: [52.229.206.25] => {
    "script_result.stdout_lines": [

        "-----------------------------------------------------------", 
        "|                 Checking Nginx Config                   |", 
        "-----------------------------------------------------------", 
        "", 
        " nginx -t ", 

        "", 
        "-----------------------------------------------------------", 
        "|                 Stopping Nginx Process                  |", 
        "-----------------------------------------------------------", 
        "", 

        " /usr/bin/killall -9 nginx ", 
        "", 
        "-----------------------------------------------------------", 
        "|                 Clearing Proxy Cache                    |", 
        "-----------------------------------------------------------", 

        "", 
        " /bin/rm -rf /tmp/nginx_cache ", 
        "", 
        "-----------------------------------------------------------", 
        "|                Restarting Nginx Process                 |", 

        "-----------------------------------------------------------", 
        "root        920  0.0  0.0   9120   776 ?        Ss   Aug08   0:00 /sbin/dhclient -H eu-nginx8.hk.az.monaco1.me -1 -q -cf /etc/dhcp/dhclient-eth0.conf -lf /var/lib/dhclient/dhclient-eth0.leases -pf /var/run/dhclient-eth0.pid eth0", 
        "root      46214  0.0  0.0 106112  1292 ?        S    09:30   0:00 /bin/bash /bak/bin/clear_nginxcache.sh", 
        "root      46220  1.0  3.2 896556 130876 ?       Ss   09:30   0:00 nginx: master process /usr/local/nginx/sbin/nginx", 
        "nobody    46221  0.0  3.3 898484 135492 ?       S    09:30   0:00 nginx: worker process      ", 

        "nobody    46222  0.0  3.3 898484 135508 ?       S    09:30   0:00 nginx: worker process      ", 
        "nobody    46223  0.0  3.3 898484 135512 ?       S    09:30   0:00 nginx: worker process      ", 
        "nobody    46224  0.0  3.3 898484 135492 ?       S    09:30   0:00 nginx: worker process      ", 
        "nobody    46225  0.0  3.2 896556 132416 ?       S    09:30   0:00 nginx: cache manager process", 
        "nobody    46227  0.0  3.2 896556 132364 ?       S    09:30   0:00 nginx: cache loader process", 

        "root      46229  0.0  0.0 103268   840 ?        S    09:30   0:00 grep nginx", 
        "             total       used       free     shared    buffers     cached", 
        "Mem:          3946       3408        538          0        210        651", 
        "-/+ buffers/cache:       2545       1401", 
        "Swap:            0          0          0", 

        "-----------------------------------------------------------", 
        "|                     Reload SUCCESS!                     |", 
        "-----------------------------------------------------------"
    ]
}

ok: [119.9.94.172] => {
    "script_result.stdout_lines": [
        "-----------------------------------------------------------", 
        "|                 Checking Nginx Config                   |", 
        "-----------------------------------------------------------", 

        "", 
        " nginx -t ", 
        "", 
        "-----------------------------------------------------------", 
        "|                 Stopping Nginx Process                  |", 

        "-----------------------------------------------------------", 
        "", 
        " /usr/bin/killall -9 nginx ", 
        "", 
        "-----------------------------------------------------------", 

        "|                 Clearing Proxy Cache                    |", 
        "-----------------------------------------------------------", 
        "", 
        " /bin/rm -rf /tmp/nginx_cache ", 
        "", 

        "-----------------------------------------------------------", 
        "|                Restarting Nginx Process                 |", 
        "-----------------------------------------------------------", 
        "root     12305  0.0  0.0 106084  1440 ?        S    09:30   0:00 /bin/bash /bak/bin/clear_nginxcache.sh", 
        "root     12315  0.6  3.2 896096 130928 ?       Ss   09:30   0:00 nginx: master process /usr/local/nginx/sbin/nginx", 

        "nobody   12317  0.0  3.3 898024 136744 ?       S    09:30   0:00 nginx: worker process      ", 
        "nobody   12318  0.0  3.3 898024 135564 ?       S    09:30   0:00 nginx: worker process      ", 
        "nobody   12319  0.0  3.3 898024 135564 ?       S    09:30   0:00 nginx: worker process      ", 
        "nobody   12320  0.6  3.3 898024 136732 ?       S    09:30   0:00 nginx: worker process      ", 
        "nobody   12321  0.0  3.2 896096 132476 ?       S    09:30   0:00 nginx: cache manager process", 

        "nobody   12322  0.0  3.2 896096 132420 ?       S    09:30   0:00 nginx: cache loader process", 
        "root     12326  0.0  0.0 103324   888 ?        S    09:30   0:00 grep nginx", 
        "             total       used       free     shared    buffers     cached", 
        "Mem:          3953       3267        686          5        144        290", 
        "-/+ buffers/cache:       2832       1121", 

        "Swap:            0          0          0", 
        "-----------------------------------------------------------", 
        "|                     Reload SUCCESS!                     |", 
        "-----------------------------------------------------------"
    ]

}
ok: [207.46.140.151] => {
    "script_result.stdout_lines": [
        "-----------------------------------------------------------", 
        "|                 Checking Nginx Config                   |", 

        "-----------------------------------------------------------", 
        "", 
        " nginx -t ", 
        "", 
        "-----------------------------------------------------------", 

        "|                 Stopping Nginx Process                  |", 
        "-----------------------------------------------------------", 
        "", 
        " /usr/bin/killall -9 nginx ", 
        "", 

        "-----------------------------------------------------------", 
        "|                 Clearing Proxy Cache                    |", 
        "-----------------------------------------------------------", 
        "", 
        " /bin/rm -rf /tmp/nginx_cache ", 

        "", 
        "-----------------------------------------------------------", 
        "|                Restarting Nginx Process                 |", 
        "-----------------------------------------------------------", 
        "root      79665  0.0  0.0   9120   540 ?        Ss    2018   0:00 /sbin/dhclient -H eu-nginx2.hk.az.monaco1.me -1 -q -lf /var/lib/dhclient/dhclient-eth0.leases -pf /var/run/dhclient-eth0.pid eth0", 

        "root     109841  0.0  0.0 106120  1292 ?        S    09:30   0:00 /bin/bash /bak/bin/clear_nginxcache.sh", 
        "root     109850  1.0  3.7 896092 130872 ?       Ss   09:30   0:00 nginx: master process /usr/local/nginx/sbin/nginx", 
        "nobody   109851  0.5  3.8 898020 136684 ?       S    09:30   0:00 nginx: worker process      ", 
        "nobody   109852  1.0  3.8 898020 136688 ?       S    09:30   0:00 nginx: worker process      ", 
        "nobody   109854  0.5  3.8 898020 136668 ?       S    09:30   0:00 nginx: worker process      ", 

        "nobody   109855  1.0  3.8 898160 136692 ?       S    09:30   0:00 nginx: worker process      ", 
        "nobody   109856  0.0  3.7 896092 132412 ?       S    09:30   0:00 nginx: cache manager process", 
        "nobody   109857  0.0  3.7 896092 132360 ?       S    09:30   0:00 nginx: cache loader process", 
        "root     109862  0.0  0.0 103328   848 ?        S    09:30   0:00 grep nginx", 
        "             total       used       free     shared    buffers     cached", 

        "Mem:          3440       2952        488          5        249        934", 
        "-/+ buffers/cache:       1767       1672", 
        "Swap:            0          0          0", 
        "-----------------------------------------------------------", 
        "|                     Reload SUCCESS!                     |", 

        "-----------------------------------------------------------"
    ]
}

PLAY [127.0.0.1] ***************************************************************


TASK [sync_to_git : Synchronizing Nginx To GIT] ********************************
changed: [127.0.0.1]

TASK [sync_to_git : debug] *****************************************************

ok: [127.0.0.1] => {
    "msg": " [u'[master ad66e07] thunder', u' 1 file changed, 1 insertion(+), 1 deletion(-)', u'Branch master set up to track remote branch master from origin.']"
}

PLAY [eu-nginx] ****************************************************************


PLAY [127.0.0.1] ***************************************************************

PLAY RECAP *********************************************************************
119.9.94.172               : ok=11   changed=2    unreachable=0    failed=0    skipped=0    rescued=0    ignored=0   

127.0.0.1                  : ok=2    changed=1    unreachable=0    failed=0    skipped=0    rescued=0    ignored=0   
13.75.115.255              : ok=11   changed=2    unreachable=0    failed=0    skipped=0    rescued=0    ignored=0   
13.94.45.24                : ok=11   changed=2    unreachable=0    failed=0    skipped=0    rescued=0    ignored=0   
207.46.140.151             : ok=11   changed=2    unreachable=0    failed=0    skipped=0    rescued=0    ignored=0   
52.229.205.134             : ok=11   changed=2    unreachable=0    failed=0    skipped=0    rescued=0    ignored=0   

52.229.206.25              : ok=11   changed=2    unreachable=0    failed=0    skipped=0    rescued=0    ignored=0   


ESYNC_WORKER1_COMMAND_END
MAX RETRIES EXECUTED, COMMAND NOT RESPONDING