FILENAME: 80-443/v68vvip.com.conf
-  
+  server {
+      listen 80;
+      server_name v68vvip.com www.v68vvip.com;
+      rewrite ^(.*)$ https://www.v68vvip.com$1 permanent;
+  }
+  
+  server {
+      listen 443;
+      server_name v68vvip.com www.v68vvip.com;
+      ssl on;
+      ssl_certificate /usr/local/nginx/conf.d/ssl/v68vvip.com/fullchain.pem;
+      ssl_certificate_key /usr/local/nginx/conf.d/ssl/v68vvip.com/privkey.pem;
+  
+      if ($http_host !~* 'www') {
+          rewrite ^(.*)$ https://www.$http_host$1 permanent;
+      }
+  
+      include /usr/local/nginx/conf.d/include/v68_xuanchuan_masterconfig.include;
+  }
+  
+  

