ESYNC_WORKER1_COMMAND_START
[WARNING]: Invalid characters were found in group names but not replaced, use
-vvvv to see details

PLAY [om-cdn_ws] ***************************************************************


TASK [Gathering Facts] *********************************************************
ok: [40.83.77.179]
ok: [203.60.2.101]

TASK [nginx_sync : Change python interpreter] **********************************

skipping: [40.83.77.179]
skipping: [203.60.2.101]

TASK [nginx_sync : change python interpreter] **********************************
skipping: [40.83.77.179]

skipping: [203.60.2.101]

TASK [nginx_sync : Notify] *****************************************************
ok: [40.83.77.179] => {
    "msg": "Syncing om-cdn_ws"

}
ok: [203.60.2.101] => {
    "msg": "Syncing om-cdn_ws"
}


TASK [nginx_sync : include_vars] ***********************************************
ok: [40.83.77.179]
ok: [203.60.2.101]

TASK [nginx_sync : Synchronizing Nginx] ****************************************

ok: [40.83.77.179] => (item=conf)
ok: [203.60.2.101] => (item=conf)
changed: [203.60.2.101] => (item=conf.d)
changed: [40.83.77.179] => (item=conf.d)
ok: [203.60.2.101] => (item=data)

ok: [40.83.77.179] => (item=data)
ok: [40.83.77.179] => (item=html)
changed: [203.60.2.101] => (item=html)

TASK [nginx_sync : Set HTML Dir to root] ***************************************

ok: [40.83.77.179]
ok: [203.60.2.101]

TASK [all_servers : include_vars] **********************************************
ok: [40.83.77.179]

ok: [203.60.2.101]

TASK [all_servers : Notify] ****************************************************
ok: [40.83.77.179] => {
    "msg": "Clearing Nginx Cache for om-cdn_ws"

}
ok: [203.60.2.101] => {
    "msg": "Clearing Nginx Cache for om-cdn_ws"
}


TASK [all_servers : Copying clear_nginxcache.sh to remote hosts] ***************
ok: [40.83.77.179]
ok: [203.60.2.101]

TASK [all_servers : Nginx Clear Cache] *****************************************

changed: [40.83.77.179]
changed: [203.60.2.101]

TASK [all_servers : debug] *****************************************************
ok: [40.83.77.179] => {

    "script_result.stdout_lines": [
        "-----------------------------------------------------------", 
        "|                 Checking Nginx Config                   |", 
        "-----------------------------------------------------------", 
        "", 

        " nginx -t ", 
        "", 
        "-----------------------------------------------------------", 
        "|                 Stopping Nginx Process                  |", 
        "-----------------------------------------------------------", 

        "", 
        " /usr/bin/killall -9 nginx ", 
        "", 
        "-----------------------------------------------------------", 
        "|                 Clearing Proxy Cache                    |", 

        "-----------------------------------------------------------", 
        "", 
        " /bin/rm -rf /tmp/nginx_cache ", 
        "", 
        "-----------------------------------------------------------", 

        "|                Restarting Nginx Process                 |", 
        "-----------------------------------------------------------", 
        "root     19639  0.6  0.0 113180  1512 ?        S    16:28   0:00 /bin/bash /bak/bin/clear_nginxcache.sh", 
        "root     19650  0.0  0.1 772120  7568 ?        Ss   16:28   0:00 nginx: master process /usr/local/nginx/sbin/nginx", 
        "nobody   19651  0.5  0.3 778456 13964 ?        S    16:28   0:00 nginx: worker process", 

        "nobody   19652  0.5  0.3 778456 13948 ?        S    16:28   0:00 nginx: worker process", 
        "nobody   19654  0.0  0.3 778456 13952 ?        S    16:28   0:00 nginx: worker process", 
        "nobody   19655  0.0  0.3 778456 13716 ?        S    16:28   0:00 nginx: worker process", 
        "nobody   19656  0.0  0.1 774204  8064 ?        S    16:28   0:00 nginx: cache manager process", 
        "nobody   19657  0.0  0.1 774204  8064 ?        S    16:28   0:00 nginx: cache loader process", 

        "root     19659  0.0  0.0 112708   964 ?        S    16:28   0:00 grep nginx", 
        "              total        used        free      shared  buff/cache   available", 
        "Mem:           3950         260         226         205        3464        3153", 
        "Swap:             0           0           0", 
        "-----------------------------------------------------------", 

        "|                     Reload SUCCESS!                     |", 
        "-----------------------------------------------------------"
    ]
}
ok: [203.60.2.101] => {

    "script_result.stdout_lines": [
        "-----------------------------------------------------------", 
        "|                 Checking Nginx Config                   |", 
        "-----------------------------------------------------------", 
        "", 

        " nginx -t ", 
        "", 
        "-----------------------------------------------------------", 
        "|                 Stopping Nginx Process                  |", 
        "-----------------------------------------------------------", 

        "", 
        " /usr/bin/killall -9 nginx ", 
        "", 
        "-----------------------------------------------------------", 
        "|                 Clearing Proxy Cache                    |", 

        "-----------------------------------------------------------", 
        "", 
        " /bin/rm -rf /tmp/nginx_cache ", 
        "", 
        "-----------------------------------------------------------", 

        "|                Restarting Nginx Process                 |", 
        "-----------------------------------------------------------", 
        "root     11776  2.2  0.0 113288  1492 ?        S    16:28   0:00 /bin/bash /bak/bin/clear_nginxcache.sh", 
        "root     11783  0.0  0.2 772132  7564 ?        Ss   16:28   0:00 nginx: master process /usr/local/nginx/sbin/nginx", 
        "nobody   11784  0.5  0.3 776384 13828 ?        S    16:28   0:00 nginx: worker process", 

        "nobody   11785  0.0  0.3 776384 13644 ?        S    16:28   0:00 nginx: worker process", 
        "nobody   11786  0.5  0.3 776384 13860 ?        S    16:28   0:00 nginx: worker process", 
        "nobody   11787  0.0  0.3 776384 13664 ?        S    16:28   0:00 nginx: worker process", 
        "nobody   11788  0.0  0.2 772132  7976 ?        S    16:28   0:00 nginx: cache manager process", 
        "nobody   11789  0.0  0.2 772132  7976 ?        S    16:28   0:00 nginx: cache loader process", 

        "root     11801  0.0  0.0 112816   948 ?        S    16:28   0:00 grep nginx", 
        "              total        used        free      shared  buff/cache   available", 
        "Mem:           3596         334        1378         188        1883        2882", 
        "Swap:             0           0           0", 
        "-----------------------------------------------------------", 

        "|                     Reload SUCCESS!                     |", 
        "-----------------------------------------------------------"
    ]
}


PLAY [127.0.0.1] ***************************************************************

TASK [sync_to_git : Synchronizing Nginx To GIT] ********************************
changed: [127.0.0.1]


TASK [sync_to_git : debug] *****************************************************
ok: [127.0.0.1] => {
    "msg": " [u'[master 859e7ac] jerry.lam', u' 4 files changed, 36 insertions(+), 1 deletion(-)', u' create mode 120000 nginx/conf.d/ssl/bo82w.cn', u' create mode 120000 nginx/conf.d/ssl/dujiatui.cn', u' create mode 120000 nginx/conf.d/ssl/hufenbb.cn', u'Branch master set up to track remote branch master from origin.']"
}


PLAY [om-cdn_ws] ***************************************************************

PLAY [127.0.0.1] ***************************************************************

PLAY RECAP *********************************************************************

127.0.0.1                  : ok=2    changed=1    unreachable=0    failed=0    skipped=0    rescued=0    ignored=0   
203.60.2.101               : ok=10   changed=2    unreachable=0    failed=0    skipped=2    rescued=0    ignored=0   
40.83.77.179               : ok=10   changed=2    unreachable=0    failed=0    skipped=2    rescued=0    ignored=0   


ESYNC_WORKER1_COMMAND_END
MAX RETRIES EXECUTED, COMMAND NOT RESPONDING