ESYNC_WORKER1_COMMAND_START
 [WARNING]: Invalid characters were found in group names but not replaced, use
-vvvv to see details

PLAY [om-cdn_ws] ***************************************************************


TASK [Gathering Facts] *********************************************************
ok: [40.83.77.179]
ok: [203.60.2.101]

TASK [nginx_sync : Change python interpreter] **********************************

skipping: [40.83.77.179]
skipping: [203.60.2.101]

TASK [nginx_sync : change python interpreter] **********************************
skipping: [40.83.77.179]

skipping: [203.60.2.101]

TASK [nginx_sync : Notify] *****************************************************
ok: [40.83.77.179] => {
    "msg": "Syncing om-cdn_ws"

}
ok: [203.60.2.101] => {
    "msg": "Syncing om-cdn_ws"
}


TASK [nginx_sync : include_vars] ***********************************************
ok: [40.83.77.179]
ok: [203.60.2.101]

TASK [nginx_sync : Synchronizing Nginx] ****************************************

ok: [40.83.77.179] => (item=conf)
ok: [203.60.2.101] => (item=conf)
changed: [40.83.77.179] => (item=conf.d)
changed: [203.60.2.101] => (item=conf.d)
ok: [40.83.77.179] => (item=data)

ok: [203.60.2.101] => (item=data)
ok: [40.83.77.179] => (item=html)
ok: [203.60.2.101] => (item=html)

TASK [nginx_sync : Set HTML Dir to root] ***************************************

ok: [40.83.77.179]
ok: [203.60.2.101]

TASK [all_servers : include_vars] **********************************************
ok: [40.83.77.179]

ok: [203.60.2.101]

TASK [all_servers : Notify] ****************************************************
ok: [40.83.77.179] => {
    "msg": "Clearing Nginx Cache for om-cdn_ws"

}
ok: [203.60.2.101] => {
    "msg": "Clearing Nginx Cache for om-cdn_ws"
}


TASK [all_servers : Copying clear_nginxcache.sh to remote hosts] ***************
ok: [40.83.77.179]
ok: [203.60.2.101]

TASK [all_servers : Nginx Clear Cache] *****************************************

changed: [40.83.77.179]
changed: [203.60.2.101]

TASK [all_servers : debug] *****************************************************
ok: [40.83.77.179] => {

    "script_result.stdout_lines": [
        "-----------------------------------------------------------", 
        "|                 Checking Nginx Config                   |", 
        "-----------------------------------------------------------", 
        "", 

        " nginx -t ", 
        "", 
        "-----------------------------------------------------------", 
        "|                 Stopping Nginx Process                  |", 
        "-----------------------------------------------------------", 

        "", 
        " /usr/bin/killall -9 nginx ", 
        "", 
        "-----------------------------------------------------------", 
        "|                 Clearing Proxy Cache                    |", 

        "-----------------------------------------------------------", 
        "", 
        " /bin/rm -rf /tmp/nginx_cache ", 
        "", 
        "-----------------------------------------------------------", 

        "|                Restarting Nginx Process                 |", 
        "-----------------------------------------------------------", 
        "root       1173  0.4  0.0 113180  1508 ?        S    15:10   0:00 /bin/bash /bak/bin/clear_nginxcache.sh", 
        "root       1180  0.0  0.1 771788  7236 ?        Ss   15:10   0:00 nginx: master process /usr/local/nginx/sbin/nginx", 
        "nobody     1181  0.5  0.3 778664 13848 ?        S    15:10   0:00 nginx: worker process", 

        "nobody     1182  0.5  0.3 778680 13840 ?        S    15:10   0:00 nginx: worker process", 
        "nobody     1184  0.5  0.3 778716 13808 ?        S    15:10   0:00 nginx: worker process", 
        "nobody     1185  0.0  0.3 778124 13588 ?        S    15:10   0:00 nginx: worker process", 
        "nobody     1186  0.0  0.1 773872  7736 ?        S    15:10   0:00 nginx: cache manager process", 
        "nobody     1187  0.0  0.1 773872  7736 ?        S    15:10   0:00 nginx: cache loader process", 

        "root       1189  0.0  0.0 112708   964 ?        S    15:10   0:00 grep nginx", 
        "              total        used        free      shared  buff/cache   available", 
        "Mem:           3932         251         182         205        3497        3121", 
        "Swap:             0           0           0", 
        "-----------------------------------------------------------", 

        "|                     Reload SUCCESS!                     |", 
        "-----------------------------------------------------------"
    ]
}
ok: [203.60.2.101] => {

    "script_result.stdout_lines": [
        "-----------------------------------------------------------", 
        "|                 Checking Nginx Config                   |", 
        "-----------------------------------------------------------", 
        "", 

        " nginx -t ", 
        "", 
        "-----------------------------------------------------------", 
        "|                 Stopping Nginx Process                  |", 
        "-----------------------------------------------------------", 

        "", 
        " /usr/bin/killall -9 nginx ", 
        "", 
        "-----------------------------------------------------------", 
        "|                 Clearing Proxy Cache                    |", 

        "-----------------------------------------------------------", 
        "", 
        " /bin/rm -rf /tmp/nginx_cache ", 
        "", 
        "-----------------------------------------------------------", 

        "|                Restarting Nginx Process                 |", 
        "-----------------------------------------------------------", 
        "root      1218  2.2  0.0 113288  1496 ?        S    15:10   0:00 /bin/bash /bak/bin/clear_nginxcache.sh", 
        "root      1227  0.0  0.1 771800  7232 ?        Ss   15:10   0:00 nginx: master process /usr/local/nginx/sbin/nginx", 
        "nobody    1228  0.0  0.3 776052 11588 ?        S    15:10   0:00 nginx: worker process", 

        "nobody    1229  0.5  0.3 776052 13500 ?        S    15:10   0:00 nginx: worker process", 
        "nobody    1231  0.0  0.3 776052 11588 ?        S    15:10   0:00 nginx: worker process", 
        "nobody    1232  0.0  0.3 776052 13500 ?        S    15:10   0:00 nginx: worker process", 
        "nobody    1233  0.0  0.2 771800  7640 ?        S    15:10   0:00 nginx: cache manager process", 
        "nobody    1235  0.0  0.2 771800  7640 ?        S    15:10   0:00 nginx: cache loader process", 

        "root      1247  0.0  0.0 112812   948 ?        S    15:10   0:00 grep nginx", 
        "              total        used        free      shared  buff/cache   available", 
        "Mem:           3596         289         278         188        3028        2927", 
        "Swap:             0           0           0", 
        "-----------------------------------------------------------", 

        "|                     Reload SUCCESS!                     |", 
        "-----------------------------------------------------------"
    ]
}


PLAY [127.0.0.1] ***************************************************************

TASK [sync_to_git : Synchronizing Nginx To GIT] ********************************
changed: [127.0.0.1]


TASK [sync_to_git : debug] *****************************************************
ok: [127.0.0.1] => {
    "msg": " [u'[master 76b0726] jerry.lam', u' 1 file changed, 1 insertion(+)', u' create mode 120000 nginx/conf.d/ssl/99gov.cn', u'Branch master set up to track remote branch master from origin.']"
}


PLAY [om-cdn_ws] ***************************************************************

PLAY [127.0.0.1] ***************************************************************

PLAY RECAP *********************************************************************

127.0.0.1                  : ok=2    changed=1    unreachable=0    failed=0    skipped=0    rescued=0    ignored=0   
203.60.2.101               : ok=10   changed=2    unreachable=0    failed=0    skipped=2    rescued=0    ignored=0   
40.83.77.179               : ok=10   changed=2    unreachable=0    failed=0    skipped=2    rescued=0    ignored=0   


ESYNC_WORKER1_COMMAND_END
MAX RETRIES EXECUTED, COMMAND NOT RESPONDING