ESYNC_WORKER1_COMMAND_START
 [WARNING]: Invalid characters were found in group names but not replaced, use
-vvvv to see details

PLAY [om-cdn_ws] ***************************************************************


TASK [Gathering Facts] *********************************************************
ok: [40.83.77.179]
ok: [203.60.2.101]

TASK [nginx_sync : Change python interpreter] **********************************

skipping: [40.83.77.179]
skipping: [203.60.2.101]

TASK [nginx_sync : change python interpreter] **********************************
skipping: [40.83.77.179]

skipping: [203.60.2.101]

TASK [nginx_sync : Notify] *****************************************************
ok: [40.83.77.179] => {
    "msg": "Syncing om-cdn_ws"

}
ok: [203.60.2.101] => {
    "msg": "Syncing om-cdn_ws"
}


TASK [nginx_sync : include_vars] ***********************************************
ok: [40.83.77.179]
ok: [203.60.2.101]

TASK [nginx_sync : Synchronizing Nginx] ****************************************

ok: [40.83.77.179] => (item=conf)
ok: [203.60.2.101] => (item=conf)
changed: [40.83.77.179] => (item=conf.d)
changed: [203.60.2.101] => (item=conf.d)
ok: [40.83.77.179] => (item=data)

ok: [203.60.2.101] => (item=data)
ok: [40.83.77.179] => (item=html)
ok: [203.60.2.101] => (item=html)

TASK [nginx_sync : Set HTML Dir to root] ***************************************

ok: [203.60.2.101]
ok: [40.83.77.179]

TASK [all_servers : include_vars] **********************************************
ok: [40.83.77.179]

ok: [203.60.2.101]

TASK [all_servers : Notify] ****************************************************
ok: [40.83.77.179] => {
    "msg": "Clearing Nginx Cache for om-cdn_ws"

}
ok: [203.60.2.101] => {
    "msg": "Clearing Nginx Cache for om-cdn_ws"
}


TASK [all_servers : Copying clear_nginxcache.sh to remote hosts] ***************
ok: [40.83.77.179]
ok: [203.60.2.101]

TASK [all_servers : Nginx Clear Cache] *****************************************

changed: [40.83.77.179]
changed: [203.60.2.101]

TASK [all_servers : debug] *****************************************************
ok: [40.83.77.179] => {

    "script_result.stdout_lines": [
        "-----------------------------------------------------------", 
        "|                 Checking Nginx Config                   |", 
        "-----------------------------------------------------------", 
        "", 

        " nginx -t ", 
        "", 
        "-----------------------------------------------------------", 
        "|                 Stopping Nginx Process                  |", 
        "-----------------------------------------------------------", 

        "", 
        " /usr/bin/killall -9 nginx ", 
        "", 
        "-----------------------------------------------------------", 
        "|                 Clearing Proxy Cache                    |", 

        "-----------------------------------------------------------", 
        "", 
        " /bin/rm -rf /tmp/nginx_cache ", 
        "", 
        "-----------------------------------------------------------", 

        "|                Restarting Nginx Process                 |", 
        "-----------------------------------------------------------", 
        "root     119779  0.4  0.0 113180  1508 ?        S    14:10   0:00 /bin/bash /bak/bin/clear_nginxcache.sh", 
        "root     119786  0.0  0.1 771452  6896 ?        Ss   14:10   0:00 nginx: master process /usr/local/nginx/sbin/nginx", 
        "nobody   119787  0.0  0.3 777788 13248 ?        S    14:10   0:00 nginx: worker process", 

        "nobody   119788  0.5  0.3 777788 13256 ?        S    14:10   0:00 nginx: worker process", 
        "nobody   119790  0.0  0.3 777788 12584 ?        S    14:10   0:00 nginx: worker process", 
        "nobody   119791  0.5  0.3 777924 13260 ?        S    14:10   0:00 nginx: worker process", 
        "nobody   119792  0.0  0.1 773536  7396 ?        S    14:10   0:00 nginx: cache manager process", 
        "nobody   119793  0.0  0.1 773536  7396 ?        S    14:10   0:00 nginx: cache loader process", 

        "root     119795  0.0  0.0 112708   964 ?        S    14:10   0:00 grep nginx", 
        "              total        used        free      shared  buff/cache   available", 
        "Mem:           3932         250         239         205        3442        3122", 
        "Swap:             0           0           0", 
        "-----------------------------------------------------------", 

        "|                     Reload SUCCESS!                     |", 
        "-----------------------------------------------------------"
    ]
}
ok: [203.60.2.101] => {

    "script_result.stdout_lines": [
        "-----------------------------------------------------------", 
        "|                 Checking Nginx Config                   |", 
        "-----------------------------------------------------------", 
        "", 

        " nginx -t ", 
        "", 
        "-----------------------------------------------------------", 
        "|                 Stopping Nginx Process                  |", 
        "-----------------------------------------------------------", 

        "", 
        " /usr/bin/killall -9 nginx ", 
        "", 
        "-----------------------------------------------------------", 
        "|                 Clearing Proxy Cache                    |", 

        "-----------------------------------------------------------", 
        "", 
        " /bin/rm -rf /tmp/nginx_cache ", 
        "", 
        "-----------------------------------------------------------", 

        "|                Restarting Nginx Process                 |", 
        "-----------------------------------------------------------", 
        "root     18523  1.8  0.0 113288  1496 ?        S    14:10   0:00 /bin/bash /bak/bin/clear_nginxcache.sh", 
        "root     18539  0.0  0.1 771464  6888 ?        Ss   14:10   0:00 nginx: master process /usr/local/nginx/sbin/nginx", 
        "nobody   18540  1.0  0.3 775848 13136 ?        S    14:10   0:00 nginx: worker process", 

        "nobody   18541  0.5  0.3 775716 13172 ?        S    14:10   0:00 nginx: worker process", 
        "nobody   18543  0.0  0.3 775716 11244 ?        S    14:10   0:00 nginx: worker process", 
        "nobody   18544  0.0  0.3 775716 11244 ?        S    14:10   0:00 nginx: worker process", 
        "nobody   18545  0.0  0.1 771464  7296 ?        S    14:10   0:00 nginx: cache manager process", 
        "nobody   18546  0.0  0.1 771464  7296 ?        S    14:10   0:00 nginx: cache loader process", 

        "root     18550  0.0  0.0 112812   948 ?        R    14:10   0:00 grep nginx", 
        "              total        used        free      shared  buff/cache   available", 
        "Mem:           3596         326         252         196        3016        2882", 
        "Swap:             0           0           0", 
        "-----------------------------------------------------------", 

        "|                     Reload SUCCESS!                     |", 
        "-----------------------------------------------------------"
    ]
}


PLAY [127.0.0.1] ***************************************************************

TASK [sync_to_git : Synchronizing Nginx To GIT] ********************************
changed: [127.0.0.1]


TASK [sync_to_git : debug] *****************************************************
ok: [127.0.0.1] => {
    "msg": " [u'[master 03da53b] jerry.lam', u' 1 file changed, 13 insertions(+), 1 deletion(-)', u'Branch master set up to track remote branch master from origin.']"
}


PLAY [om-cdn_ws] ***************************************************************

PLAY [127.0.0.1] ***************************************************************

PLAY RECAP *********************************************************************

127.0.0.1                  : ok=2    changed=1    unreachable=0    failed=0    skipped=0    rescued=0    ignored=0   
203.60.2.101               : ok=10   changed=2    unreachable=0    failed=0    skipped=2    rescued=0    ignored=0   
40.83.77.179               : ok=10   changed=2    unreachable=0    failed=0    skipped=2    rescued=0    ignored=0   


ESYNC_WORKER1_COMMAND_END
MAX RETRIES EXECUTED, COMMAND NOT RESPONDING