ESYNC_WORKER1_COMMAND_START
[WARNING]: Invalid characters were found in group names but not replaced, use
-vvvv to see details

PLAY [om-cdn_ws] ***************************************************************


TASK [Gathering Facts] *********************************************************
ok: [40.83.77.179]
ok: [203.60.2.101]

TASK [nginx_sync : Change python interpreter] **********************************

skipping: [40.83.77.179]
skipping: [203.60.2.101]

TASK [nginx_sync : change python interpreter] **********************************
skipping: [40.83.77.179]

skipping: [203.60.2.101]

TASK [nginx_sync : Notify] *****************************************************
ok: [40.83.77.179] => {
    "msg": "Syncing om-cdn_ws"

}
ok: [203.60.2.101] => {
    "msg": "Syncing om-cdn_ws"
}


TASK [nginx_sync : include_vars] ***********************************************
ok: [40.83.77.179]
ok: [203.60.2.101]

TASK [nginx_sync : Synchronizing Nginx] ****************************************

ok: [40.83.77.179] => (item=conf)
ok: [203.60.2.101] => (item=conf)
changed: [40.83.77.179] => (item=conf.d)
changed: [203.60.2.101] => (item=conf.d)
ok: [40.83.77.179] => (item=data)

ok: [203.60.2.101] => (item=data)
ok: [40.83.77.179] => (item=html)
ok: [203.60.2.101] => (item=html)

TASK [nginx_sync : Set HTML Dir to root] ***************************************

ok: [40.83.77.179]
ok: [203.60.2.101]

TASK [all_servers : include_vars] **********************************************
ok: [40.83.77.179]

ok: [203.60.2.101]

TASK [all_servers : Notify] ****************************************************
ok: [40.83.77.179] => {
    "msg": "Clearing Nginx Cache for om-cdn_ws"

}
ok: [203.60.2.101] => {
    "msg": "Clearing Nginx Cache for om-cdn_ws"
}


TASK [all_servers : Copying clear_nginxcache.sh to remote hosts] ***************
ok: [40.83.77.179]
ok: [203.60.2.101]

TASK [all_servers : Nginx Clear Cache] *****************************************

changed: [40.83.77.179]
changed: [203.60.2.101]

TASK [all_servers : debug] *****************************************************
ok: [40.83.77.179] => {

    "script_result.stdout_lines": [
        "-----------------------------------------------------------", 
        "|                 Checking Nginx Config                   |", 
        "-----------------------------------------------------------", 
        "", 

        " nginx -t ", 
        "", 
        "-----------------------------------------------------------", 
        "|                 Stopping Nginx Process                  |", 
        "-----------------------------------------------------------", 

        "", 
        " /usr/bin/killall -9 nginx ", 
        "", 
        "-----------------------------------------------------------", 
        "|                 Clearing Proxy Cache                    |", 

        "-----------------------------------------------------------", 
        "", 
        " /bin/rm -rf /tmp/nginx_cache ", 
        "", 
        "-----------------------------------------------------------", 

        "|                Restarting Nginx Process                 |", 
        "-----------------------------------------------------------", 
        "root     11448  0.8  0.0 113180  1508 ?        S    10:51   0:00 /bin/bash /bak/bin/clear_nginxcache.sh", 
        "root     11470  0.0  0.1 772456  7912 ?        Ss   10:52   0:00 nginx: master process /usr/local/nginx/sbin/nginx", 
        "nobody   11471  0.0  0.3 778792 14100 ?        S    10:52   0:00 nginx: worker process", 

        "nobody   11472  0.0  0.3 778792 14108 ?        S    10:52   0:00 nginx: worker process", 
        "nobody   11474  0.5  0.3 779072 14304 ?        S    10:52   0:00 nginx: worker process", 
        "nobody   11475  0.0  0.3 778792 14100 ?        S    10:52   0:00 nginx: worker process", 
        "nobody   11476  0.0  0.2 774540  8416 ?        S    10:52   0:00 nginx: cache manager process", 
        "nobody   11477  0.0  0.2 774540  8416 ?        S    10:52   0:00 nginx: cache loader process", 

        "root     11546  0.0  0.0 112708   964 ?        S    10:52   0:00 grep nginx", 
        "              total        used        free      shared  buff/cache   available", 
        "Mem:           3950         293         221         205        3435        3118", 
        "Swap:             0           0           0", 
        "-----------------------------------------------------------", 

        "|                     Reload SUCCESS!                     |", 
        "-----------------------------------------------------------"
    ]
}
ok: [203.60.2.101] => {

    "script_result.stdout_lines": [
        "-----------------------------------------------------------", 
        "|                 Checking Nginx Config                   |", 
        "-----------------------------------------------------------", 
        "", 

        " nginx -t ", 
        "", 
        "-----------------------------------------------------------", 
        "|                 Stopping Nginx Process                  |", 
        "-----------------------------------------------------------", 

        "", 
        " /usr/bin/killall -9 nginx ", 
        "", 
        "-----------------------------------------------------------", 
        "|                 Clearing Proxy Cache                    |", 

        "-----------------------------------------------------------", 
        "", 
        " /bin/rm -rf /tmp/nginx_cache ", 
        "", 
        "-----------------------------------------------------------", 

        "|                Restarting Nginx Process                 |", 
        "-----------------------------------------------------------", 
        "root      8567  2.2  0.0 113288  1488 ?        S    10:52   0:00 /bin/bash /bak/bin/clear_nginxcache.sh", 
        "root      8590  0.0  0.2 772468  7908 ?        Ss   10:52   0:00 nginx: master process /usr/local/nginx/sbin/nginx", 
        "nobody    8592  0.5  0.3 776720 14008 ?        S    10:52   0:00 nginx: worker process", 

        "nobody    8593  0.5  0.3 776720 14176 ?        S    10:52   0:00 nginx: worker process", 
        "nobody    8594  0.5  0.3 776720 14008 ?        S    10:52   0:00 nginx: worker process", 
        "nobody    8595  0.0  0.3 776720 14008 ?        S    10:52   0:00 nginx: worker process", 
        "nobody    8596  0.0  0.2 772468  8324 ?        S    10:52   0:00 nginx: cache manager process", 
        "nobody    8597  0.0  0.2 772468  8324 ?        S    10:52   0:00 nginx: cache loader process", 

        "root      8607  0.0  0.0 112812   948 ?        R    10:52   0:00 grep nginx", 
        "              total        used        free      shared  buff/cache   available", 
        "Mem:           3596         374        1218         188        2003        2842", 
        "Swap:             0           0           0", 
        "-----------------------------------------------------------", 

        "|                     Reload SUCCESS!                     |", 
        "-----------------------------------------------------------"
    ]
}


PLAY [127.0.0.1] ***************************************************************

TASK [sync_to_git : Synchronizing Nginx To GIT] ********************************
changed: [127.0.0.1]


TASK [sync_to_git : debug] *****************************************************
ok: [127.0.0.1] => {
    "msg": " [u'[master 088b9bd] jerry.lam', u' 5 files changed, 37 insertions(+), 1 deletion(-)', u' create mode 120000 nginx/conf.d/ssl/durtc.cn', u' create mode 120000 nginx/conf.d/ssl/feridmurad.cn', u' create mode 120000 nginx/conf.d/ssl/gzqxqy.cn', u' create mode 120000 nginx/conf.d/ssl/u1dian.cn', u'Branch master set up to track remote branch master from origin.']"
}


PLAY [om-cdn_ws] ***************************************************************

PLAY [127.0.0.1] ***************************************************************

PLAY RECAP *********************************************************************

127.0.0.1                  : ok=2    changed=1    unreachable=0    failed=0    skipped=0    rescued=0    ignored=0   
203.60.2.101               : ok=10   changed=2    unreachable=0    failed=0    skipped=2    rescued=0    ignored=0   
40.83.77.179               : ok=10   changed=2    unreachable=0    failed=0    skipped=2    rescued=0    ignored=0   


ESYNC_WORKER1_COMMAND_END
MAX RETRIES EXECUTED, COMMAND NOT RESPONDING