--- /ansible/nginx/hostgroups/om-cdn_ws/nginx/conf.d/include/ws_cdn_haomen.include	2019-07-09 18:29:25.812931933 +0800
+++ /tmp/ws_cdn_haomen.include	2019-07-09 18:34:01.490931933 +0800
@@ -7,7 +7,7 @@
 } 
 
 if ( $mobile_rewrite = perform ){
-set $upstream mobile_eu; 
+set $upstream mobile_haomen-xjw; 
 }
 
 if ($http_user_agent ~* "(x11)") {
@@ -15,11 +15,11 @@
 }
 
 if ( $mobile_rewrite != perform ){
-set $upstream web_eu; 
+set $upstream web_haomen-xjw; 
 }
 
 if ($host ~* pc\.(.*)){ 
-set $upstream web_eu; 
+set $upstream web_haomen-xjw; 
 }
 
 if ($http_user_agent ~* "qihoobot|Yahoo! Slurp|Yahoo! Slurp China|YoudaoBot|Sosospider|Sogou spider|Sogou web spider|MSNBot|ia_archiver|Tomato Bot")

