ESYNC_WORKER1_COMMAND_START
 [WARNING]: Invalid characters were found in group names but not replaced, use
-vvvv to see details

PLAY [om-cdn_ws] ***************************************************************


TASK [Gathering Facts] *********************************************************
ok: [40.83.79.117]
ok: [203.60.1.33]
ok: [47.52.251.25]
ok: [47.75.200.40]


TASK [nginx_sync : Change python interpreter] **********************************
skipping: [40.83.79.117]
skipping: [203.60.1.33]
skipping: [47.75.200.40]

skipping: [47.52.251.25]

TASK [nginx_sync : change python interpreter] **********************************
skipping: [40.83.79.117]
skipping: [203.60.1.33]

skipping: [47.75.200.40]
skipping: [47.52.251.25]

TASK [nginx_sync : Notify] *****************************************************
ok: [40.83.79.117] => {

    "msg": "Syncing om-cdn_ws"
}
ok: [203.60.1.33] => {
    "msg": "Syncing om-cdn_ws"
}

ok: [47.75.200.40] => {
    "msg": "Syncing om-cdn_ws"
}
ok: [47.52.251.25] => {
    "msg": "Syncing om-cdn_ws"

}

TASK [nginx_sync : include_vars] ***********************************************
ok: [40.83.79.117]
ok: [203.60.1.33]

ok: [47.75.200.40]
ok: [47.52.251.25]

TASK [nginx_sync : Synchronizing Nginx] ****************************************
ok: [47.75.200.40] => (item=conf)

ok: [47.52.251.25] => (item=conf)
ok: [203.60.1.33] => (item=conf)
ok: [40.83.79.117] => (item=conf)
changed: [47.75.200.40] => (item=conf.d)
changed: [203.60.1.33] => (item=conf.d)

changed: [47.52.251.25] => (item=conf.d)
changed: [40.83.79.117] => (item=conf.d)
ok: [47.75.200.40] => (item=data)
ok: [40.83.79.117] => (item=data)
ok: [47.52.251.25] => (item=data)

ok: [203.60.1.33] => (item=data)
ok: [47.75.200.40] => (item=html)
ok: [40.83.79.117] => (item=html)
ok: [47.52.251.25] => (item=html)
ok: [203.60.1.33] => (item=html)


TASK [all_servers : include_vars] **********************************************
ok: [40.83.79.117]
ok: [203.60.1.33]
ok: [47.75.200.40]

ok: [47.52.251.25]

TASK [all_servers : Notify] ****************************************************
ok: [40.83.79.117] => {
    "msg": "Clearing Nginx Cache for om-cdn_ws"

}
ok: [203.60.1.33] => {
    "msg": "Clearing Nginx Cache for om-cdn_ws"
}
ok: [47.75.200.40] => {

    "msg": "Clearing Nginx Cache for om-cdn_ws"
}
ok: [47.52.251.25] => {
    "msg": "Clearing Nginx Cache for om-cdn_ws"
}


TASK [all_servers : Copying clear_nginxcache.sh to remote hosts] ***************
ok: [40.83.79.117]
ok: [47.75.200.40]
ok: [47.52.251.25]

ok: [203.60.1.33]

TASK [all_servers : Nginx Clear Cache] *****************************************
changed: [40.83.79.117]
changed: [47.52.251.25]

changed: [47.75.200.40]
changed: [203.60.1.33]

TASK [all_servers : debug] *****************************************************
ok: [40.83.79.117] => {

    "script_result.stdout_lines": [
        "-----------------------------------------------------------", 
        "|                 Checking Nginx Config                   |", 
        "-----------------------------------------------------------", 
        "", 

        " nginx -t ", 
        "", 
        "-----------------------------------------------------------", 
        "|                 Stopping Nginx Process                  |", 
        "-----------------------------------------------------------", 

        "", 
        " /usr/bin/killall -9 nginx ", 
        "", 
        "-----------------------------------------------------------", 
        "|                 Clearing Proxy Cache                    |", 

        "-----------------------------------------------------------", 
        "", 
        " /bin/rm -rf /tmp/nginx_cache ", 
        "", 
        "-----------------------------------------------------------", 

        "|                Restarting Nginx Process                 |", 
        "-----------------------------------------------------------", 
        "root      77556  0.4  0.0 113180  1500 ?        S    12:01   0:00 /bin/bash /bak/bin/clear_nginxcache.sh", 
        "root      77563  0.0  0.0 769076  3504 ?        Ss   12:01   0:00 nginx: master process /usr/local/nginx/sbin/nginx", 
        "nobody    77564  0.0  0.1 773088  7168 ?        S    12:01   0:00 nginx: worker process", 

        "nobody    77566  0.0  0.1 773088  7168 ?        S    12:01   0:00 nginx: worker process", 
        "nobody    77567  0.0  0.1 773088  7168 ?        S    12:01   0:00 nginx: worker process", 
        "nobody    77568  0.0  0.1 773088  7408 ?        S    12:01   0:00 nginx: worker process", 
        "nobody    77569  0.0  0.1 771160  4208 ?        S    12:01   0:00 nginx: cache manager process", 
        "nobody    77570  0.0  0.0 771160  3968 ?        S    12:01   0:00 nginx: cache loader process", 

        "root      77572  0.0  0.0 112708   956 ?        S    12:01   0:00 grep nginx", 
        "              total        used        free      shared  buff/cache   available", 
        "Mem:           3932         249         151         213        3531        3108", 
        "Swap:             0           0           0", 
        "-----------------------------------------------------------", 

        "|                     Reload SUCCESS!                     |", 
        "-----------------------------------------------------------"
    ]
}
ok: [203.60.1.33] => {

    "script_result.stdout_lines": [
        "-----------------------------------------------------------", 
        "|                 Checking Nginx Config                   |", 
        "-----------------------------------------------------------", 
        "", 

        " nginx -t ", 
        "", 
        "-----------------------------------------------------------", 
        "|                 Stopping Nginx Process                  |", 
        "-----------------------------------------------------------", 

        "", 
        " /usr/bin/killall -9 nginx ", 
        "", 
        "-----------------------------------------------------------", 
        "|                 Clearing Proxy Cache                    |", 

        "-----------------------------------------------------------", 
        "", 
        " /bin/rm -rf /tmp/nginx_cache ", 
        "", 
        "-----------------------------------------------------------", 

        "|                Restarting Nginx Process                 |", 
        "-----------------------------------------------------------", 
        "root     21973  1.4  0.0 113180  1520 ?        S    12:01   0:00 /bin/bash /bak/bin/clear_nginxcache.sh", 
        "root     21983  0.0  0.0 769076  3496 ?        Ss   12:01   0:00 nginx: master process /usr/local/nginx/sbin/nginx", 
        "nobody   21985  0.0  0.1 771004  7080 ?        S    12:01   0:00 nginx: worker process", 

        "nobody   21986  0.0  0.1 771004  7080 ?        S    12:01   0:00 nginx: worker process", 
        "nobody   21987  0.0  0.1 771004  7080 ?        S    12:01   0:00 nginx: worker process", 
        "nobody   21988  0.0  0.1 771004  7080 ?        S    12:01   0:00 nginx: worker process", 
        "nobody   21989  0.0  0.1 769076  3916 ?        S    12:01   0:00 nginx: cache manager process", 
        "nobody   21990  0.0  0.1 769076  3916 ?        S    12:01   0:00 nginx: cache loader process", 

        "root     21993  0.0  0.0 112708   968 ?        S    12:01   0:00 grep nginx", 
        "              total        used        free      shared  buff/cache   available", 
        "Mem:           3596         191         134         188        3270        3006", 
        "Swap:             0           0           0", 
        "-----------------------------------------------------------", 

        "|                     Reload SUCCESS!                     |", 
        "-----------------------------------------------------------"
    ]
}
ok: [47.75.200.40] => {

    "script_result.stdout_lines": [
        "-----------------------------------------------------------", 
        "|                 Checking Nginx Config                   |", 
        "-----------------------------------------------------------", 
        "", 

        " nginx -t ", 
        "", 
        "-----------------------------------------------------------", 
        "|                 Stopping Nginx Process                  |", 
        "-----------------------------------------------------------", 

        "", 
        " /usr/bin/killall -9 nginx ", 
        "", 
        "-----------------------------------------------------------", 
        "|                 Clearing Proxy Cache                    |", 

        "-----------------------------------------------------------", 
        "", 
        " /bin/rm -rf /tmp/nginx_cache ", 
        "", 
        "-----------------------------------------------------------", 

        "|                Restarting Nginx Process                 |", 
        "-----------------------------------------------------------", 
        "root     28299  2.2  0.0 113180  1512 ?        S    12:01   0:00 /bin/bash /bak/bin/clear_nginxcache.sh", 
        "root     28306  0.0  0.0 767464  2700 ?        Ss   12:01   0:00 nginx: master process /usr/local/nginx/sbin/nginx", 
        "nobody   28307  0.0  0.1 771716  7060 ?        S    12:01   0:00 nginx: worker process", 

        "nobody   28308  0.0  0.1 771716  7292 ?        S    12:01   0:00 nginx: worker process", 
        "nobody   28310  0.0  0.1 771716  7560 ?        S    12:01   0:00 nginx: worker process", 
        "nobody   28311  0.0  0.1 771716  7304 ?        S    12:01   0:00 nginx: worker process", 
        "nobody   28312  0.0  0.0 767464  3108 ?        S    12:01   0:00 nginx: cache manager process", 
        "nobody   28313  0.0  0.0 767464  3108 ?        S    12:01   0:00 nginx: cache loader process", 

        "root     28319  0.0  0.0 112708   968 ?        S    12:01   0:00 grep nginx", 
        "              total        used        free      shared  buff/cache   available", 
        "Mem:           3789         127         180           4        3481        3354", 
        "Swap:             0           0           0", 
        "-----------------------------------------------------------", 

        "|                     Reload SUCCESS!                     |", 
        "-----------------------------------------------------------"
    ]
}
ok: [47.52.251.25] => {

    "script_result.stdout_lines": [
        "-----------------------------------------------------------", 
        "|                 Checking Nginx Config                   |", 
        "-----------------------------------------------------------", 
        "", 

        " nginx -t ", 
        "", 
        "-----------------------------------------------------------", 
        "|                 Stopping Nginx Process                  |", 
        "-----------------------------------------------------------", 

        "", 
        " /usr/bin/killall -9 nginx ", 
        "", 
        "-----------------------------------------------------------", 
        "|                 Clearing Proxy Cache                    |", 

        "-----------------------------------------------------------", 
        "", 
        " /bin/rm -rf /tmp/nginx_cache ", 
        "", 
        "-----------------------------------------------------------", 

        "|                Restarting Nginx Process                 |", 
        "-----------------------------------------------------------", 
        "root      7718  2.4  0.0 113180  1512 ?        S    12:01   0:00 /bin/bash /bak/bin/clear_nginxcache.sh", 
        "root      7725  0.0  0.0 767464  2704 ?        Ss   12:01   0:00 nginx: master process /usr/local/nginx/sbin/nginx", 
        "nobody    7726  0.0  0.1 771716  7564 ?        S    12:01   0:00 nginx: worker process", 

        "nobody    7728  0.0  0.2 771716  7796 ?        S    12:01   0:00 nginx: worker process", 
        "nobody    7729  0.0  0.1 771716  7568 ?        S    12:01   0:00 nginx: worker process", 
        "nobody    7730  0.0  0.1 771716  7568 ?        S    12:01   0:00 nginx: worker process", 
        "nobody    7731  0.0  0.0 767464  3112 ?        S    12:01   0:00 nginx: cache manager process", 
        "nobody    7732  0.0  0.0 767464  3112 ?        S    12:01   0:00 nginx: cache loader process", 

        "root      7738  0.0  0.0 112708   968 ?        S    12:01   0:00 grep nginx", 
        "              total        used        free      shared  buff/cache   available", 
        "Mem:           3789         122         153           4        3513        3359", 
        "Swap:             0           0           0", 
        "-----------------------------------------------------------", 

        "|                     Reload SUCCESS!                     |", 
        "-----------------------------------------------------------"
    ]
}


PLAY [127.0.0.1] ***************************************************************

TASK [sync_to_git : Synchronizing Nginx To GIT] ********************************
changed: [127.0.0.1]


TASK [sync_to_git : debug] *****************************************************
ok: [127.0.0.1] => {
    "msg": " [u'[master 8f8b4c1] quincy', u' 1 file changed, 3 insertions(+), 3 deletions(-)', u'Branch master set up to track remote branch master from origin.']"
}


PLAY [om-cdn_ws] ***************************************************************

PLAY [127.0.0.1] ***************************************************************

PLAY RECAP *********************************************************************

127.0.0.1                  : ok=2    changed=1    unreachable=0    failed=0    skipped=0    rescued=0    ignored=0   
203.60.1.33                : ok=9    changed=2    unreachable=0    failed=0    skipped=2    rescued=0    ignored=0   
40.83.79.117               : ok=9    changed=2    unreachable=0    failed=0    skipped=2    rescued=0    ignored=0   
47.52.251.25               : ok=9    changed=2    unreachable=0    failed=0    skipped=2    rescued=0    ignored=0   
47.75.200.40               : ok=9    changed=2    unreachable=0    failed=0    skipped=2    rescued=0    ignored=0   



ESYNC_WORKER1_COMMAND_END
MAX RETRIES EXECUTED, COMMAND NOT RESPONDING