--- /ansible/nginx/hostgroups/om-cdn_ws/nginx/conf.d/include/ws_cdn_ruibo.include	2019-07-22 12:00:40.794794922 +0800
+++ /tmp/ws_cdn_ruibo.include	2019-07-22 12:02:47.932794922 +0800
@@ -7,7 +7,7 @@
 } 
 
 if ( $mobile_rewrite = perform ){
-set $upstream mobile_jbl_xjw; 
+set $upstream mobile_jbl-xjw; 
 }
 
 if ($http_user_agent ~* "(x11)") {
@@ -15,11 +15,11 @@
 }
 
 if ( $mobile_rewrite != perform ){
-set $upstream web_jbl_xjw; 
+set $upstream web_jbl-xjw; 
 }
 
 if ($host ~* pc\.(.*)){ 
-set $upstream web_jbl_xjw; 
+set $upstream web_jbl-xjw; 
 }
 
 if ($http_user_agent ~* "qihoobot|Yahoo! Slurp|Yahoo! Slurp China|YoudaoBot|Sosospider|Sogou spider|Sogou web spider|MSNBot|ia_archiver|Tomato Bot")

