ESYNC_WORKER1_COMMAND_START
 [WARNING]: Invalid characters were found in group names but not replaced, use
-vvvv to see details

PLAY [om-booster] **************************************************************


TASK [Gathering Facts] *********************************************************
ok: [168.63.220.150]
ok: [39.108.231.108]

TASK [nginx_sync : Change python interpreter] **********************************

skipping: [39.108.231.108]
skipping: [168.63.220.150]

TASK [nginx_sync : change python interpreter] **********************************
skipping: [39.108.231.108]

skipping: [168.63.220.150]

TASK [nginx_sync : Notify] *****************************************************
ok: [39.108.231.108] => {
    "msg": "Syncing om-booster"

}
ok: [168.63.220.150] => {
    "msg": "Syncing om-booster"
}


TASK [nginx_sync : include_vars] ***********************************************
ok: [39.108.231.108]
ok: [168.63.220.150]

TASK [nginx_sync : Synchronizing Nginx] ****************************************

changed: [168.63.220.150] => (item=conf)
changed: [39.108.231.108] => (item=conf)
changed: [168.63.220.150] => (item=conf.d)
changed: [39.108.231.108] => (item=conf.d)
ok: [168.63.220.150] => (item=data)

ok: [39.108.231.108] => (item=data)
ok: [168.63.220.150] => (item=html)
ok: [39.108.231.108] => (item=html)

TASK [all_servers : include_vars] **********************************************

ok: [39.108.231.108]
ok: [168.63.220.150]

TASK [all_servers : Notify] ****************************************************
ok: [39.108.231.108] => {

    "msg": "Clearing Nginx Cache for om-booster"
}
ok: [168.63.220.150] => {
    "msg": "Clearing Nginx Cache for om-booster"
}


TASK [all_servers : Copying clear_nginxcache.sh to remote hosts] ***************
ok: [168.63.220.150]
ok: [39.108.231.108]


TASK [all_servers : Nginx Clear Cache] *****************************************
changed: [39.108.231.108]
changed: [168.63.220.150]

TASK [all_servers : debug] *****************************************************

ok: [39.108.231.108] => {
    "script_result.stdout_lines": [
        "-----------------------------------------------------------", 
        "|                 Checking Nginx Config                   |", 
        "-----------------------------------------------------------", 

        "", 
        " nginx -t ", 
        "", 
        "-----------------------------------------------------------", 
        "|                 Stopping Nginx Process                  |", 

        "-----------------------------------------------------------", 
        "", 
        " /usr/bin/killall -9 nginx ", 
        "", 
        "-----------------------------------------------------------", 

        "|                 Clearing Proxy Cache                    |", 
        "-----------------------------------------------------------", 
        "", 
        " /bin/rm -rf /tmp/nginx_cache ", 
        "", 

        "-----------------------------------------------------------", 
        "|                Restarting Nginx Process                 |", 
        "-----------------------------------------------------------", 
        "root     26506  0.2  0.0 113180  1504 ?        S    19:05   0:00 /bin/bash /bak/bin/clear_nginxcache.sh", 
        "root     26734  1.0  0.0  32640  3248 pts/0    Ss+  19:05   0:00 nginx: master process nginx -g daemon off;", 

        "101      26818  0.0  0.0  33100  1688 pts/0    S+   19:05   0:00 nginx: worker process", 
        "root     26823  0.0  0.0 725132  3836 ?        Ss   19:06   0:00 nginx: master process /usr/local/nginx/sbin/nginx", 
        "nobody   26824  0.0  0.1 729384  8228 ?        S    19:06   0:00 nginx: worker process", 
        "nobody   26826  0.0  0.1 729384  8228 ?        S    19:06   0:00 nginx: worker process", 
        "nobody   26827  0.0  0.1 729384  8228 ?        S    19:06   0:00 nginx: worker process", 

        "nobody   26828  0.0  0.1 729384  8228 ?        S    19:06   0:00 nginx: worker process", 
        "nobody   26829  0.0  0.0 725132  4276 ?        S    19:06   0:00 nginx: cache manager process", 
        "nobody   26830  0.0  0.0 725132  4276 ?        S    19:06   0:00 nginx: cache loader process", 
        "root     26832  0.0  0.0 112712   956 ?        S    19:06   0:00 grep nginx", 
        "              total        used        free      shared  buff/cache   available", 

        "Mem:           7821         576         672           5        6572        6891", 
        "Swap:             0           0           0", 
        "-----------------------------------------------------------", 
        "|                     Reload SUCCESS!                     |", 
        "-----------------------------------------------------------"

    ]
}
ok: [168.63.220.150] => {
    "script_result.stdout_lines": [
        "-----------------------------------------------------------", 

        "|                 Checking Nginx Config                   |", 
        "-----------------------------------------------------------", 
        "", 
        " nginx -t ", 
        "", 

        "-----------------------------------------------------------", 
        "|                 Stopping Nginx Process                  |", 
        "-----------------------------------------------------------", 
        "", 
        " /usr/bin/killall -9 nginx ", 

        "", 
        "-----------------------------------------------------------", 
        "|                 Clearing Proxy Cache                    |", 
        "-----------------------------------------------------------", 
        "", 

        " /bin/rm -rf /tmp/nginx_cache ", 
        "", 
        "-----------------------------------------------------------", 
        "|                Restarting Nginx Process                 |", 
        "-----------------------------------------------------------", 

        "root       9780  0.5  0.0 113180  1500 ?        S    19:05   0:00 /bin/bash /bak/bin/clear_nginxcache.sh", 
        "root       9791  0.0  0.0 112708   960 ?        S    19:06   0:00 grep nginx", 
        "root     126376  0.0  0.0 725908  4088 ?        Ss   11:57   0:00 nginx: master process /usr/local/nginx/sbin/nginx", 
        "nobody   126377  0.0  0.1 732944 12024 ?        S    11:57   0:00 nginx: worker process", 
        "nobody   126378  0.0  0.1 733452 12552 ?        S    11:57   0:00 nginx: worker process", 

        "nobody   126379  0.0  0.1 734084 13300 ?        S    11:57   0:00 nginx: worker process", 
        "nobody   126381  0.0  0.1 734548 13732 ?        S    11:57   0:00 nginx: worker process", 
        "nobody   126382  0.0  0.0 727996  4856 ?        S    11:57   0:00 nginx: cache manager process", 
        "              total        used        free      shared  buff/cache   available", 
        "Mem:           7964         569         283         405        7110        6245", 

        "Swap:             0           0           0", 
        "-----------------------------------------------------------", 
        "|                     Reload SUCCESS!                     |", 
        "-----------------------------------------------------------"
    ]

}

PLAY [127.0.0.1] ***************************************************************

TASK [sync_to_git : Synchronizing Nginx To GIT] ********************************

changed: [127.0.0.1]

TASK [sync_to_git : debug] *****************************************************
ok: [127.0.0.1] => {
    "msg": " [u'# On branch master', u'# Changes not staged for commit:', u'#   (use \"git add/rm <file>...\" to update what will be committed)', u'#   (use \"git checkout -- <file>...\" to discard changes in working directory)', u'#   (commit or discard the untracked or modified content in submodules)', u'#', u'#\\tdeleted:    nginx/conf.d/other/mmbooster.conf', u'#\\tdeleted:    nginx/conf.d/ssl/mmbooster.com', u'#\\tdeleted:    nginx/conf.d/ssl/mmexy.com', u'#\\tmodified:   nginx/conf/waf (modified content)', u'#', u'no changes added to commit (use \"git add\" and/or \"git commit -a\")', u'Branch master set up to track remote branch master from origin.']"

}

PLAY [om-booster] **************************************************************

PLAY [127.0.0.1] ***************************************************************


PLAY RECAP *********************************************************************
127.0.0.1                  : ok=2    changed=1    unreachable=0    failed=0    skipped=0    rescued=0    ignored=0   
168.63.220.150             : ok=9    changed=2    unreachable=0    failed=0    skipped=2    rescued=0    ignored=0   
39.108.231.108             : ok=9    changed=2    unreachable=0    failed=0    skipped=2    rescued=0    ignored=0   



ESYNC_WORKER1_COMMAND_END
MAX RETRIES EXECUTED, COMMAND NOT RESPONDING