ESYNC_WORKER1_COMMAND_START
 [WARNING]: Invalid characters were found in group names but not replaced, use
-vvvv to see details

PLAY [om-booster] **************************************************************


TASK [Gathering Facts] *********************************************************
ok: [168.63.220.150]
ok: [39.108.231.108]

TASK [nginx_sync : Change python interpreter] **********************************

skipping: [39.108.231.108]
skipping: [168.63.220.150]

TASK [nginx_sync : change python interpreter] **********************************
skipping: [39.108.231.108]

skipping: [168.63.220.150]

TASK [nginx_sync : Notify] *****************************************************
ok: [39.108.231.108] => {
    "msg": "Syncing om-booster"

}
ok: [168.63.220.150] => {
    "msg": "Syncing om-booster"
}


TASK [nginx_sync : include_vars] ***********************************************
ok: [39.108.231.108]
ok: [168.63.220.150]

TASK [nginx_sync : Synchronizing Nginx] ****************************************

changed: [168.63.220.150] => (item=conf)
changed: [39.108.231.108] => (item=conf)
changed: [168.63.220.150] => (item=conf.d)
changed: [39.108.231.108] => (item=conf.d)
ok: [168.63.220.150] => (item=data)

ok: [39.108.231.108] => (item=data)
ok: [168.63.220.150] => (item=html)
ok: [39.108.231.108] => (item=html)

TASK [all_servers : include_vars] **********************************************

ok: [39.108.231.108]
ok: [168.63.220.150]

TASK [all_servers : Notify] ****************************************************
ok: [39.108.231.108] => {

    "msg": "Clearing Nginx Cache for om-booster"
}
ok: [168.63.220.150] => {
    "msg": "Clearing Nginx Cache for om-booster"
}


TASK [all_servers : Copying clear_nginxcache.sh to remote hosts] ***************
ok: [168.63.220.150]
ok: [39.108.231.108]


TASK [all_servers : Nginx Clear Cache] *****************************************
changed: [39.108.231.108]
changed: [168.63.220.150]

TASK [all_servers : debug] *****************************************************

ok: [39.108.231.108] => {
    "script_result.stdout_lines": [
        "-----------------------------------------------------------", 
        "|                 Checking Nginx Config                   |", 
        "-----------------------------------------------------------", 

        "", 
        " nginx -t ", 
        "", 
        "-----------------------------------------------------------", 
        "|                 Stopping Nginx Process                  |", 

        "-----------------------------------------------------------", 
        "", 
        " /usr/bin/killall -9 nginx ", 
        "", 
        "-----------------------------------------------------------", 

        "|                 Clearing Proxy Cache                    |", 
        "-----------------------------------------------------------", 
        "", 
        " /bin/rm -rf /tmp/nginx_cache ", 
        "", 

        "-----------------------------------------------------------", 
        "|                Restarting Nginx Process                 |", 
        "-----------------------------------------------------------", 
        "root     23475  0.4  0.0 113180  1500 ?        S    11:02   0:00 /bin/bash /bak/bin/clear_nginxcache.sh", 
        "root     23712  0.8  0.0  32640  3248 pts/0    Ss+  11:02   0:00 nginx: master process nginx -g daemon off;", 

        "101      23787  0.0  0.0  33100  1688 pts/0    S+   11:02   0:00 nginx: worker process", 
        "root     23790  0.0  0.0 725228  3928 ?        Ss   11:02   0:00 nginx: master process /usr/local/nginx/sbin/nginx", 
        "nobody   23791  0.0  0.1 729480  8320 ?        S    11:02   0:00 nginx: worker process", 
        "nobody   23792  0.0  0.1 729480  8320 ?        S    11:02   0:00 nginx: worker process", 
        "nobody   23794  0.0  0.1 729480  8320 ?        S    11:02   0:00 nginx: worker process", 

        "nobody   23795  0.0  0.1 729480  8320 ?        S    11:02   0:00 nginx: worker process", 
        "nobody   23796  0.0  0.0 725228  4368 ?        S    11:02   0:00 nginx: cache manager process", 
        "nobody   23797  0.0  0.0 725228  4368 ?        S    11:02   0:00 nginx: cache loader process", 
        "root     23799  0.0  0.0 112712   956 ?        S    11:02   0:00 grep nginx", 
        "              total        used        free      shared  buff/cache   available", 

        "Mem:           7821         585         176           5        7058        6883", 
        "Swap:             0           0           0", 
        "-----------------------------------------------------------", 
        "|                     Reload SUCCESS!                     |", 
        "-----------------------------------------------------------"

    ]
}
ok: [168.63.220.150] => {
    "script_result.stdout_lines": [
        "-----------------------------------------------------------", 

        "|                 Checking Nginx Config                   |", 
        "-----------------------------------------------------------", 
        "", 
        " nginx -t ", 
        "", 

        "-----------------------------------------------------------", 
        "|                 Stopping Nginx Process                  |", 
        "-----------------------------------------------------------", 
        "", 
        " /usr/bin/killall -9 nginx ", 

        "", 
        "-----------------------------------------------------------", 
        "|                 Clearing Proxy Cache                    |", 
        "-----------------------------------------------------------", 
        "", 

        " /bin/rm -rf /tmp/nginx_cache ", 
        "", 
        "-----------------------------------------------------------", 
        "|                Restarting Nginx Process                 |", 
        "-----------------------------------------------------------", 

        "nobody    32296  0.0  0.1 733444 12492 ?        S    10:57   0:00 nginx: worker process", 
        "nobody    32297  0.0  0.1 733572 11972 ?        S    10:57   0:00 nginx: worker process", 
        "nobody    32298  0.0  0.1 733572 12724 ?        S    10:57   0:00 nginx: worker process", 
        "nobody    32299  0.0  0.1 733572 12528 ?        S    10:57   0:00 nginx: worker process", 
        "nobody    32300  0.0  0.1 733120 10080 ?        S    10:57   0:00 nginx: cache manager process", 

        "root      32893  0.5  0.0 113180  1504 ?        S    11:02   0:00 /bin/bash /bak/bin/clear_nginxcache.sh", 
        "root      32902  0.0  0.0 112712   960 ?        S    11:02   0:00 grep nginx", 
        "root     126376  0.0  0.1 731032 11584 ?        Ss   Jul31   0:00 nginx: master process /usr/local/nginx/sbin/nginx", 
        "              total        used        free      shared  buff/cache   available", 
        "Mem:           7964         579         244         421        7140        6219", 

        "Swap:             0           0           0", 
        "-----------------------------------------------------------", 
        "|                     Reload SUCCESS!                     |", 
        "-----------------------------------------------------------"
    ]

}

PLAY [127.0.0.1] ***************************************************************

TASK [sync_to_git : Synchronizing Nginx To GIT] ********************************

changed: [127.0.0.1]

TASK [sync_to_git : debug] *****************************************************
ok: [127.0.0.1] => {
    "msg": " [u'[master df4a3a9] lei.lei', u' 1 file changed, 29 insertions(+)', u'Branch master set up to track remote branch master from origin.']"

}

PLAY [om-booster] **************************************************************

PLAY [127.0.0.1] ***************************************************************


PLAY RECAP *********************************************************************
127.0.0.1                  : ok=2    changed=1    unreachable=0    failed=0    skipped=0    rescued=0    ignored=0   
168.63.220.150             : ok=9    changed=2    unreachable=0    failed=0    skipped=2    rescued=0    ignored=0   
39.108.231.108             : ok=9    changed=2    unreachable=0    failed=0    skipped=2    rescued=0    ignored=0   



ESYNC_WORKER1_COMMAND_END
MAX RETRIES EXECUTED, COMMAND NOT RESPONDING