ESYNC_WORKER1_COMMAND_START

PLAY [om-booster] **************************************************************

TASK [nginx_sync : Notify] *****************************************************
ok: [39.108.231.108] => {

    "msg": "Syncing om-booster"
}
ok: [168.63.220.150] => {
    "msg": "Syncing om-booster"
}


TASK [nginx_sync : include_vars] ***********************************************
ok: [39.108.231.108]
ok: [168.63.220.150]


TASK [nginx_sync : Synchronizing Nginx] ****************************************
changed: [168.63.220.150] => (item=conf)
changed: [39.108.231.108] => (item=conf)
changed: [168.63.220.150] => (item=conf.d)
changed: [39.108.231.108] => (item=conf.d)

changed: [168.63.220.150] => (item=data)
ok: [39.108.231.108] => (item=data)
ok: [39.108.231.108] => (item=html)
changed: [168.63.220.150] => (item=html)


TASK [all_servers : include_vars] **********************************************
ok: [39.108.231.108]
ok: [168.63.220.150]

TASK [all_servers : Notify] ****************************************************

ok: [39.108.231.108] => {
    "msg": "Clearing Nginx Cache for om-booster"
}
ok: [168.63.220.150] => {
    "msg": "Clearing Nginx Cache for om-booster"

}

TASK [all_servers : Copying clear_nginxcache.sh to remote hosts] ***************
changed: [168.63.220.150]
ok: [39.108.231.108]


TASK [all_servers : Nginx Clear Cache] *****************************************
changed: [39.108.231.108]
changed: [168.63.220.150]


TASK [all_servers : debug] *****************************************************
ok: [39.108.231.108] => {
    "script_result.stdout_lines": [
        "-----------------------------------------------------------", 
        "|                 Checking Nginx Config                   |", 

        "-----------------------------------------------------------", 
        "", 
        " nginx -t ", 
        "", 
        "-----------------------------------------------------------", 

        "|                 Stopping Nginx Process                  |", 
        "-----------------------------------------------------------", 
        "", 
        " /usr/bin/killall -9 nginx ", 
        "", 

        "-----------------------------------------------------------", 
        "|                 Clearing Proxy Cache                    |", 
        "-----------------------------------------------------------", 
        "", 
        " /bin/rm -rf /tmp/nginx_cache ", 

        "", 
        "-----------------------------------------------------------", 
        "|                Restarting Nginx Process                 |", 
        "-----------------------------------------------------------", 
        "root     26614  0.4  0.0 113180  1504 ?        S    10:53   0:00 /bin/bash /bak/bin/clear_nginxcache.sh", 

        "root     26850  0.8  0.0  32644  3248 pts/5    Ss+  10:53   0:00 nginx: master process nginx -g daemon off;", 
        "101      26926  0.0  0.0  33100  1596 pts/5    S+   10:53   0:00 nginx: worker process", 
        "root     26929  0.0  0.0 724820  3528 ?        Ss   10:53   0:00 nginx: master process /usr/local/nginx/sbin/nginx", 
        "nobody   26930  0.0  0.0 729072  7920 ?        S    10:53   0:00 nginx: worker process", 
        "nobody   26931  0.0  0.0 729072  7920 ?        S    10:53   0:00 nginx: worker process", 

        "nobody   26933  0.0  0.0 729072  7920 ?        S    10:53   0:00 nginx: worker process", 
        "nobody   26934  0.0  0.0 729072  7920 ?        S    10:53   0:00 nginx: worker process", 
        "nobody   26935  0.0  0.0 724820  3968 ?        S    10:53   0:00 nginx: cache manager process", 
        "nobody   26936  0.0  0.0 724820  3968 ?        S    10:53   0:00 nginx: cache loader process", 
        "root     26938  0.0  0.0 112708   960 ?        S    10:53   0:00 grep nginx", 

        "              total        used        free      shared  buff/cache   available", 
        "Mem:           7821         587        3406           5        3827        6890", 
        "Swap:             0           0           0", 
        "-----------------------------------------------------------", 
        "|                     Reload SUCCESS!                     |", 

        "-----------------------------------------------------------"
    ]
}
ok: [168.63.220.150] => {
    "script_result.stdout_lines": [

        "-----------------------------------------------------------", 
        "|                 Checking Nginx Config                   |", 
        "-----------------------------------------------------------", 
        "", 
        " nginx -t ", 

        "", 
        "-----------------------------------------------------------", 
        "|                 Stopping Nginx Process                  |", 
        "-----------------------------------------------------------", 
        "", 

        " /usr/bin/killall -9 nginx ", 
        "", 
        "-----------------------------------------------------------", 
        "|                 Clearing Proxy Cache                    |", 
        "-----------------------------------------------------------", 

        "", 
        " /bin/rm -rf /tmp/nginx_cache ", 
        "", 
        "-----------------------------------------------------------", 
        "|                Restarting Nginx Process                 |", 

        "-----------------------------------------------------------", 
        "root       2422  0.0  0.0 303848  3596 ?        Ss   Apr10   0:00 nginx: master process /usr/local/nginx/sbin/nginx", 
        "root      29230  0.0  0.0  32644  3256 pts/0    Ss+  Apr11   0:00 nginx: master process nginx -g daemon off;", 
        "101       29290  0.0  0.0  33100  1836 pts/0    S+   Apr11   0:00 nginx: worker process", 
        "nobody    62515  0.0  0.0 305936  4452 ?        S    10:16   0:00 nginx: worker process", 

        "nobody    62516  0.0  0.0 305936  2492 ?        S    10:16   0:00 nginx: cache manager process", 
        "root      63952  0.4  0.0 113180  1504 ?        S    10:53   0:00 /bin/bash /bak/bin/clear_nginxcache.sh", 
        "root      63960  0.0  0.0 112712   956 ?        S    10:53   0:00 grep nginx", 
        "              total        used        free      shared  buff/cache   available", 
        "Mem:           7964         951        1458         115        5554        6137", 

        "Swap:             0           0           0", 
        "-----------------------------------------------------------", 
        "|                     Reload SUCCESS!                     |", 
        "-----------------------------------------------------------"
    ]

}

PLAY [127.0.0.1] ***************************************************************

TASK [sync_to_git : Synchronizing Nginx To GIT] ********************************

fatal: [127.0.0.1]: FAILED! => {"changed": true, "cmd": "git add .\n git commit -m \"simon.liu\"\n git push\n git push -u origin master", "delta": "0:00:20.288173", "end": "2019-04-16 10:54:11.507806", "msg": "non-zero return code", "rc": 128, "start": "2019-04-16 10:53:51.219633", "stderr": "fatal: unable to access 'http://om:sPCJ-015@git.neweb.me/nginx_cloud/om-booster.git/': Could not resolve host: git.neweb.me; Unknown error\nfatal: unable to access 'http://om:sPCJ-015@git.neweb.me/nginx_cloud/om-booster.git/': Could not resolve host: git.neweb.me; Unknown error", "stderr_lines": ["fatal: unable to access 'http://om:sPCJ-015@git.neweb.me/nginx_cloud/om-booster.git/': Could not resolve host: git.neweb.me; Unknown error", "fatal: unable to access 'http://om:sPCJ-015@git.neweb.me/nginx_cloud/om-booster.git/': Could not resolve host: git.neweb.me; Unknown error"], "stdout": "# On branch master\n# Your branch is ahead of 'origin/master' by 1 commit.\n#   (use \"git push\" to publish your local commits)\n#\n# Changes not staged for commit:\n#   (use \"git add <file>...\" to update what will be committed)\n#   (use \"git checkout -- <file>...\" to discard changes in working directory)\n#   (commit or discard the untracked or modified content in submodules)\n#\n#\tmodified:   nginx/conf/waf (modified content)\n#\nno changes added to commit (use \"git add\" and/or \"git commit -a\")", "stdout_lines": ["# On branch master", "# Your branch is ahead of 'origin/master' by 1 commit.", "#   (use \"git push\" to publish your local commits)", "#", "# Changes not staged for commit:", "#   (use \"git add <file>...\" to update what will be committed)", "#   (use \"git checkout -- <file>...\" to discard changes in working directory)", "#   (commit or discard the untracked or modified content in submodules)", "#", "#\tmodified:   nginx/conf/waf (modified content)", "#", "no changes added to commit (use \"git add\" and/or \"git commit -a\")"]}
	to retry, use: --limit @/ansible/nginx/site.retry

PLAY RECAP *********************************************************************
127.0.0.1                  : ok=0    changed=0    unreachable=0    failed=1   

168.63.220.150             : ok=8    changed=3    unreachable=0    failed=0   
39.108.231.108             : ok=8    changed=2    unreachable=0    failed=0   


ESYNC_WORKER1_COMMAND_END
MAX RETRIES EXECUTED, COMMAND NOT RESPONDING