FILENAME: 80-443/j24680.com.conf
-  server {
-      listen 80;
-      server_name j24680.com www.j24680.com;
-      rewrite ^(.*)$ https://www.j24680.com$1 permanent;
-  }
-  
-  server {
-      listen 443;
-      server_name j24680.com www.j24680.com;
-      ssl on;
-      ssl_certificate /usr/local/nginx/conf.d/ssl/j24680.com/fullchain.pem;
-      ssl_certificate_key /usr/local/nginx/conf.d/ssl/j24680.com/privkey.pem;
-  
-      if ($http_host !~* 'www') {
-          rewrite ^(.*)$ https://www.$http_host$1 permanent;
-      }
-  
-      include /usr/local/nginx/conf.d/include/gabo_masterconfig.include;
-  }
-  
-  
+  server {
+      listen 80;
+      server_name j24680.com www.j24680.com;
+      rewrite ^(.*)$ https://www.j24680.com$1 permanent;
+  }
+  
+  server {
+      listen 443;
+      server_name j24680.com www.j24680.com;
+      ssl on;
+      ssl_certificate /usr/local/nginx/conf.d/ssl/j24680.com/fullchain.pem;
+      ssl_certificate_key /usr/local/nginx/conf.d/ssl/j24680.com/privkey.pem;
+  
+      if ($http_host !~* 'www') {
+          rewrite ^(.*)$ https://www.$http_host$1 permanent;
+      }
+  
+      include /usr/local/nginx/conf.d/include/baowang_jinsheng_masterconfig.include;
+  }
+  
+  

