FILENAME: 80-443/gabo8.net.conf
-  server {
-      listen 80;
-      server_name gabo8.net www.gabo8.net;
-      rewrite ^(.*)$ https://www.gabo8.net$1 permanent;
-  }
-  
-  server {
-      listen 443;
-      server_name gabo8.net www.gabo8.net;
-      ssl on;
-      ssl_certificate /usr/local/nginx/conf.d/ssl/gabo8.net/fullchain.pem;
-      ssl_certificate_key /usr/local/nginx/conf.d/ssl/gabo8.net/privkey.pem;
-  
-      if ($http_host !~* 'www') {
-          rewrite www.$http_host$1 permanent;
-      }
-  
-      include /usr/local/nginx/conf.d/include/gabo_masterconfig.include;
-  }
-  
-  
+  server {
+      listen 80;
+      server_name gabo8.net www.gabo8.net;
+      rewrite ^(.*)$ https://www.gabo8.net$1 permanent;
+  }
+  
+  server {
+      listen 443;
+      server_name gabo8.net www.gabo8.net;
+      ssl on;
+      ssl_certificate /usr/local/nginx/conf.d/ssl/gabo8.net/fullchain.pem;
+      ssl_certificate_key /usr/local/nginx/conf.d/ssl/gabo8.net/privkey.pem;
+  
+      if ($http_host !~* 'www') {
+          rewrite ^(.*)$ https://www.$http_host$1 permanent;
+      }
+  
+      include /usr/local/nginx/conf.d/include/baowang_jinsheng_masterconfig.include;
+  }
+  
+  

