ESYNC_COMMAND_START

PLAY [Product-JINSHENG_TIANHE__NginxForward] ***********************************

TASK [nginx_sync : Notify] *****************************************************
ok: [23.99.123.167] => {

    "msg": "Syncing Product-JINSHENG_TIANHE__NginxForward"
}
ok: [119.81.239.181] => {
    "msg": "Syncing Product-JINSHENG_TIANHE__NginxForward"
}

ok: [119.9.108.232] => {
    "msg": "Syncing Product-JINSHENG_TIANHE__NginxForward"
}
ok: [52.175.19.240] => {
    "msg": "Syncing Product-JINSHENG_TIANHE__NginxForward"

}
ok: [13.75.115.53] => {
    "msg": "Syncing Product-JINSHENG_TIANHE__NginxForward"
}
ok: [13.94.46.10] => {

    "msg": "Syncing Product-JINSHENG_TIANHE__NginxForward"
}

TASK [nginx_sync : include_vars] ***********************************************
ok: [23.99.123.167]

ok: [119.81.239.181]
ok: [119.9.108.232]
ok: [52.175.19.240]
ok: [13.75.115.53]
ok: [13.94.46.10]


TASK [nginx_sync : Synchronizing Nginx] ****************************************
ok: [52.175.19.240] => (item=conf)
ok: [119.9.108.232] => (item=conf)
ok: [23.99.123.167] => (item=conf)

ok: [13.75.115.53] => (item=conf)
ok: [119.81.239.181] => (item=conf)
changed: [52.175.19.240] => (item=conf.d)
changed: [119.9.108.232] => (item=conf.d)
changed: [13.75.115.53] => (item=conf.d)

changed: [23.99.123.167] => (item=conf.d)
changed: [119.81.239.181] => (item=conf.d)
ok: [52.175.19.240] => (item=data)
ok: [119.9.108.232] => (item=data)
ok: [13.75.115.53] => (item=data)

ok: [23.99.123.167] => (item=data)
ok: [119.81.239.181] => (item=data)
ok: [52.175.19.240] => (item=html)
ok: [119.9.108.232] => (item=html)
ok: [13.75.115.53] => (item=html)

ok: [23.99.123.167] => (item=html)
ok: [119.81.239.181] => (item=html)
ok: [13.94.46.10] => (item=conf)
changed: [13.94.46.10] => (item=conf.d)
ok: [13.94.46.10] => (item=data)

ok: [13.94.46.10] => (item=html)

TASK [all_servers : include_vars] **********************************************
ok: [23.99.123.167]
ok: [119.81.239.181]

ok: [119.9.108.232]
ok: [52.175.19.240]
ok: [13.75.115.53]
ok: [13.94.46.10]


TASK [all_servers : Notify] ****************************************************
ok: [23.99.123.167] => {
    "msg": "Clearing Nginx Cache for Product-JINSHENG_TIANHE__NginxForward"
}
ok: [119.81.239.181] => {

    "msg": "Clearing Nginx Cache for Product-JINSHENG_TIANHE__NginxForward"
}
ok: [119.9.108.232] => {
    "msg": "Clearing Nginx Cache for Product-JINSHENG_TIANHE__NginxForward"
}

ok: [52.175.19.240] => {
    "msg": "Clearing Nginx Cache for Product-JINSHENG_TIANHE__NginxForward"
}
ok: [13.75.115.53] => {
    "msg": "Clearing Nginx Cache for Product-JINSHENG_TIANHE__NginxForward"

}
ok: [13.94.46.10] => {
    "msg": "Clearing Nginx Cache for Product-JINSHENG_TIANHE__NginxForward"
}


TASK [all_servers : Copying clear_nginxcache.sh to remote hosts] ***************
ok: [119.9.108.232]
ok: [119.81.239.181]
ok: [23.99.123.167]
ok: [52.175.19.240]

ok: [13.94.46.10]
ok: [13.75.115.53]

TASK [all_servers : Nginx Clear Cache] *****************************************
changed: [119.9.108.232]

changed: [23.99.123.167]
changed: [52.175.19.240]
changed: [13.75.115.53]
changed: [119.81.239.181]
changed: [13.94.46.10]


TASK [all_servers : debug] *****************************************************
ok: [23.99.123.167] => {
    "script_result.stdout_lines": [
        "-----------------------------------------------------------", 

        "|                 Checking Nginx Config                   |", 
        "-----------------------------------------------------------", 
        "", 
        " nginx -t ", 
        "", 

        "-----------------------------------------------------------", 
        "|                 Stopping Nginx Process                  |", 
        "-----------------------------------------------------------", 
        "", 
        " /usr/bin/killall -9 nginx ", 

        "", 
        "-----------------------------------------------------------", 
        "|                 Clearing Proxy Cache                    |", 
        "-----------------------------------------------------------", 
        "", 

        " /bin/rm -rf /tmp/nginx_cache ", 
        "", 
        "-----------------------------------------------------------", 
        "|                Restarting Nginx Process                 |", 
        "-----------------------------------------------------------", 

        "root      39618  0.0  0.0 106116  1284 ?        S    16:17   0:00 /bin/bash /bak/bin/clear_nginxcache.sh", 
        "root      39624  0.0  0.5 818208 21016 ?        Ss   16:17   0:00 nginx: master process /usr/local/nginx/sbin/nginx", 
        "nobody    39625  0.5  0.7 820136 26320 ?        S    16:17   0:00 nginx: worker process      ", 
        "nobody    39627  0.0  0.7 820136 26320 ?        S    16:17   0:00 nginx: worker process      ", 
        "nobody    39628  0.0  0.7 820136 26320 ?        S    16:17   0:00 nginx: worker process      ", 

        "nobody    39629  0.0  0.7 820136 26320 ?        S    16:17   0:00 nginx: worker process      ", 
        "nobody    39630  0.0  0.6 818208 23140 ?        S    16:17   0:00 nginx: cache manager process", 
        "nobody    39631  0.0  0.6 818208 23096 ?        S    16:17   0:00 nginx: cache loader process", 
        "root      39633  0.0  0.0 103324   844 ?        S    16:17   0:00 grep nginx", 
        "             total       used       free     shared    buffers     cached", 

        "Mem:          3440       1672       1767          6        221        797", 
        "-/+ buffers/cache:        654       2786", 
        "Swap:            0          0          0", 
        "-----------------------------------------------------------", 
        "|                     Reload SUCCESS!                     |", 

        "-----------------------------------------------------------"
    ]
}
ok: [119.81.239.181] => {
    "script_result.stdout_lines": [

        "-----------------------------------------------------------", 
        "|                 Checking Nginx Config                   |", 
        "-----------------------------------------------------------", 
        "", 
        " nginx -t ", 

        "", 
        "-----------------------------------------------------------", 
        "|                 Stopping Nginx Process                  |", 
        "-----------------------------------------------------------", 
        "", 

        " /usr/bin/killall -9 nginx ", 
        "", 
        "-----------------------------------------------------------", 
        "|                 Clearing Proxy Cache                    |", 
        "-----------------------------------------------------------", 

        "", 
        " /bin/rm -rf /tmp/nginx_cache ", 
        "", 
        "-----------------------------------------------------------", 
        "|                Restarting Nginx Process                 |", 

        "-----------------------------------------------------------", 
        "root     17333  2.7  0.0 106120  1296 ?        S    16:17   0:00 /bin/bash /bak/bin/clear_nginxcache.sh", 
        "root     17486  3.6  0.5 818208 21024 ?        Ss   16:17   0:00 nginx: master process /usr/local/nginx/sbin/nginx", 
        "root     17488  6.0  0.6 818204 27660 ?        Ss   16:17   0:00 /usr/local/nginx/sbin/nginx", 
        "nobody   17491  1.6  0.6 820136 27316 ?        S    16:17   0:00 nginx: worker process      ", 

        "nobody   17492  1.3  0.6 820136 27288 ?        S    16:17   0:00 nginx: worker process      ", 
        "nobody   17493  1.3  0.6 820136 27288 ?        S    16:17   0:00 nginx: worker process      ", 
        "nobody   17494  1.3  0.6 820136 27288 ?        S    16:17   0:00 nginx: worker process      ", 
        "nobody   17495  1.3  0.5 818208 24084 ?        S    16:17   0:00 nginx: cache manager process", 
        "nobody   17496  0.3  0.5 818208 24028 ?        S    16:17   0:00 nginx: cache loader process", 

        "root     17498  0.0  0.0 103332   852 ?        S    16:17   0:00 grep nginx", 
        "             total       used       free     shared    buffers     cached", 
        "Mem:          4010       1506       2504         11        714        450", 
        "-/+ buffers/cache:        340       3669", 
        "Swap:         2047          0       2047", 

        "-----------------------------------------------------------", 
        "|                     Reload SUCCESS!                     |", 
        "-----------------------------------------------------------"
    ]
}

ok: [119.9.108.232] => {
    "script_result.stdout_lines": [
        "-----------------------------------------------------------", 
        "|                 Checking Nginx Config                   |", 
        "-----------------------------------------------------------", 

        "", 
        " nginx -t ", 
        "", 
        "-----------------------------------------------------------", 
        "|                 Stopping Nginx Process                  |", 

        "-----------------------------------------------------------", 
        "", 
        " /usr/bin/killall -9 nginx ", 
        "", 
        "-----------------------------------------------------------", 

        "|                 Clearing Proxy Cache                    |", 
        "-----------------------------------------------------------", 
        "", 
        " /bin/rm -rf /tmp/nginx_cache ", 
        "", 

        "-----------------------------------------------------------", 
        "|                Restarting Nginx Process                 |", 
        "-----------------------------------------------------------", 
        "root       508  0.0  0.0 106084  1436 ?        S    16:17   0:00 /bin/bash /bak/bin/clear_nginxcache.sh", 
        "root       514  0.0  0.5 818212 21084 ?        Ss   16:17   0:00 nginx: master process /usr/local/nginx/sbin/nginx", 

        "nobody     516  0.0  0.6 820140 25360 ?        S    16:17   0:00 nginx: worker process      ", 
        "nobody     517  0.0  0.6 820140 25340 ?        S    16:17   0:00 nginx: worker process      ", 
        "nobody     518  0.0  0.6 820140 25340 ?        S    16:17   0:00 nginx: worker process      ", 
        "nobody     519  0.0  0.6 820140 25344 ?        S    16:17   0:00 nginx: worker process      ", 
        "nobody     520  0.0  0.5 818212 22140 ?        S    16:17   0:00 nginx: cache manager process", 

        "nobody     521  0.0  0.5 818212 22104 ?        S    16:17   0:00 nginx: cache loader process", 
        "root       523  0.0  0.0 103324   880 ?        S    16:17   0:00 grep nginx", 
        "             total       used       free     shared    buffers     cached", 
        "Mem:          3954       1538       2415          5        338        704", 
        "-/+ buffers/cache:        495       3459", 

        "Swap:            0          0          0", 
        "-----------------------------------------------------------", 
        "|                     Reload SUCCESS!                     |", 
        "-----------------------------------------------------------"
    ]

}
ok: [52.175.19.240] => {
    "script_result.stdout_lines": [
        "-----------------------------------------------------------", 
        "|                 Checking Nginx Config                   |", 

        "-----------------------------------------------------------", 
        "", 
        " nginx -t ", 
        "", 
        "-----------------------------------------------------------", 

        "|                 Stopping Nginx Process                  |", 
        "-----------------------------------------------------------", 
        "", 
        " /usr/bin/killall -9 nginx ", 
        "", 

        "-----------------------------------------------------------", 
        "|                 Clearing Proxy Cache                    |", 
        "-----------------------------------------------------------", 
        "", 
        " /bin/rm -rf /tmp/nginx_cache ", 

        "", 
        "-----------------------------------------------------------", 
        "|                Restarting Nginx Process                 |", 
        "-----------------------------------------------------------", 
        "root      47019  0.0  0.0 106112  1296 ?        S    16:17   0:00 /bin/bash /bak/bin/clear_nginxcache.sh", 

        "root      47025  0.0  0.5 818672 21028 ?        Ss   16:17   0:00 nginx: master process /usr/local/nginx/sbin/nginx", 
        "nobody    47026  0.3  0.8 820600 28612 ?        S    16:17   0:00 nginx: worker process      ", 
        "nobody    47028  0.3  0.8 820600 28612 ?        S    16:17   0:00 nginx: worker process      ", 
        "nobody    47029  0.3  0.8 820600 28612 ?        S    16:17   0:00 nginx: worker process      ", 
        "nobody    47030  0.3  0.8 820600 28628 ?        S    16:17   0:00 nginx: worker process      ", 

        "nobody    47031  0.0  0.7 818672 25408 ?        S    16:17   0:00 nginx: cache manager process", 
        "nobody    47032  0.0  0.7 818672 25408 ?        S    16:17   0:00 nginx: cache loader process", 
        "root      47034  0.0  0.0 103264   832 ?        S    16:17   0:00 grep nginx", 
        "             total       used       free     shared    buffers     cached", 
        "Mem:          3440       1916       1523          0        441        601", 

        "-/+ buffers/cache:        873       2567", 
        "Swap:            0          0          0", 
        "-----------------------------------------------------------", 
        "|                     Reload SUCCESS!                     |", 
        "-----------------------------------------------------------"

    ]
}
ok: [13.75.115.53] => {
    "script_result.stdout_lines": [
        "-----------------------------------------------------------", 

        "|                 Checking Nginx Config                   |", 
        "-----------------------------------------------------------", 
        "", 
        " nginx -t ", 
        "", 

        "-----------------------------------------------------------", 
        "|                 Stopping Nginx Process                  |", 
        "-----------------------------------------------------------", 
        "", 
        " /usr/bin/killall -9 nginx ", 

        "", 
        "-----------------------------------------------------------", 
        "|                 Clearing Proxy Cache                    |", 
        "-----------------------------------------------------------", 
        "", 

        " /bin/rm -rf /tmp/nginx_cache ", 
        "", 
        "-----------------------------------------------------------", 
        "|                Restarting Nginx Process                 |", 
        "-----------------------------------------------------------", 

        "root     122330  0.0  0.0 106112  1292 ?        S    16:17   0:00 /bin/bash /bak/bin/clear_nginxcache.sh", 
        "root     122336  0.0  0.5 818672 21032 ?        Ss   16:17   0:00 nginx: master process /usr/local/nginx/sbin/nginx", 
        "nobody   122337  0.0  0.7 820600 26772 ?        S    16:17   0:00 nginx: worker process      ", 
        "nobody   122339  0.0  0.7 820600 25552 ?        S    16:17   0:00 nginx: worker process      ", 
        "nobody   122340  0.0  0.7 820600 25532 ?        S    16:17   0:00 nginx: worker process      ", 

        "nobody   122341  0.0  0.7 820600 26468 ?        S    16:17   0:00 nginx: worker process      ", 
        "nobody   122342  0.0  0.6 818672 22328 ?        S    16:17   0:00 nginx: cache manager process", 
        "nobody   122343  0.0  0.6 818672 22308 ?        S    16:17   0:00 nginx: cache loader process", 
        "root     122345  0.0  0.0 103264   832 ?        S    16:17   0:00 grep nginx", 
        "             total       used       free     shared    buffers     cached", 

        "Mem:          3440       3157        283          0        414       1179", 
        "-/+ buffers/cache:       1562       1877", 
        "Swap:            0          0          0", 
        "-----------------------------------------------------------", 
        "|                     Reload SUCCESS!                     |", 

        "-----------------------------------------------------------"
    ]
}
ok: [13.94.46.10] => {
    "script_result.stdout_lines": [

        "-----------------------------------------------------------", 
        "|                 Checking Nginx Config                   |", 
        "-----------------------------------------------------------", 
        "", 
        " nginx -t ", 

        "", 
        "-----------------------------------------------------------", 
        "|                 Stopping Nginx Process                  |", 
        "-----------------------------------------------------------", 
        "", 

        " /usr/bin/killall -9 nginx ", 
        "", 
        "-----------------------------------------------------------", 
        "|                 Clearing Proxy Cache                    |", 
        "-----------------------------------------------------------", 

        "", 
        " /bin/rm -rf /tmp/nginx_cache ", 
        "", 
        "-----------------------------------------------------------", 
        "|                Restarting Nginx Process                 |", 

        "-----------------------------------------------------------", 
        "root      53814  0.0  0.0 106112  1292 ?        S    16:17   0:00 /bin/bash /bak/bin/clear_nginxcache.sh", 
        "root      53820  0.0  0.5 818672 21032 ?        Ss   16:17   0:00 nginx: master process /usr/local/nginx/sbin/nginx", 
        "nobody    53821  0.0  0.7 820600 26668 ?        S    16:17   0:00 nginx: worker process      ", 
        "nobody    53823  0.3  0.7 820600 26668 ?        S    16:17   0:00 nginx: worker process      ", 

        "nobody    53824  0.3  0.7 820600 26696 ?        S    16:17   0:00 nginx: worker process      ", 
        "nobody    53825  0.6  0.7 820600 26672 ?        S    16:17   0:00 nginx: worker process      ", 
        "nobody    53826  0.0  0.6 818672 22248 ?        S    16:17   0:00 nginx: cache manager process", 
        "nobody    53827  0.0  0.6 818672 22208 ?        S    16:17   0:00 nginx: cache loader process", 
        "root      53856  0.0  0.0 106112   196 ?        R    16:17   0:00 /bin/bash /bak/bin/clear_nginxcache.sh", 

        "             total       used       free     shared    buffers     cached", 
        "Mem:          3440       3255        184          0        449       1899", 
        "-/+ buffers/cache:        905       2534", 
        "Swap:            0          0          0", 
        "-----------------------------------------------------------", 

        "|                     Reload SUCCESS!                     |", 
        "-----------------------------------------------------------"
    ]
}


PLAY [127.0.0.1] ***************************************************************

TASK [sync_to_git : Synchronizing Nginx To GIT] ********************************
changed: [127.0.0.1]


TASK [sync_to_git : debug] *****************************************************
ok: [127.0.0.1] => {
    "script_result.stdout_lines": [
        "[master 026f236] ben.tian", 
        " 1 file changed, 1 insertion(+), 1 deletion(-)", 

        "Branch master set up to track remote branch master from origin."
    ]
}

PLAY [Product-JINSHENG_TIANHE__NginxForward] ***********************************


PLAY [127.0.0.1] ***************************************************************

PLAY RECAP *********************************************************************
119.81.239.181             : ok=8    changed=2    unreachable=0    failed=0   

119.9.108.232              : ok=8    changed=2    unreachable=0    failed=0   
127.0.0.1                  : ok=2    changed=1    unreachable=0    failed=0   
13.75.115.53               : ok=8    changed=2    unreachable=0    failed=0   
13.94.46.10                : ok=8    changed=2    unreachable=0    failed=0   
23.99.123.167              : ok=8    changed=2    unreachable=0    failed=0   

52.175.19.240              : ok=8    changed=2    unreachable=0    failed=0   


ESYNC_COMMAND_END
MAX RETRIES EXECUTED, COMMAND NOT RESPONDING