--- /ansible/nginx/hostgroups/om-chengdu_nginx/nginx/conf.d/other/9280.conf	2019-10-29 16:20:24.939523404 +0800
+++ /tmp/9280.conf	2019-12-17 09:59:48.483478932 +0800
@@ -125,6 +125,39 @@
 }
 
 
+
+server {
+
+		listen 9280;
+  		server_name cstest.fpms8.me;
+  		access_log logs/cstest.fpms8.access.log main;
+  		error_log	logs/cstest.fpms8.error.log;
+  
+  		location / {
+                #root html;
+                #index index.html index.htm index.jsp index.php;
+
+                proxy_set_header X-Forwarded-For $proxy_add_x_forwarded_for;
+                proxy_set_header X-Real-IP  $remote_addr;
+                proxy_next_upstream http_502 http_504 http_404 error timeout invalid_header;
+                proxy_set_header Host $host:$server_port;
+                proxy_http_version 1.1;
+                proxy_set_header Upgrade $http_upgrade;
+                proxy_set_header Connection $connection_upgrade;
+                proxy_connect_timeout   1800;
+                proxy_send_timeout      1800;
+                proxy_read_timeout      1800;
+                proxy_pass http://cstest.fpms8.me:9280;
+
+        }
+  
+}
+
+
+
+
+
+
 server {
 
 		listen 8661;

