--- /ansible/nginx/hostgroups/om-chengdu_nginx/nginx/conf.d/other/v68.conf	2019-09-27 15:26:03.995679433 +0800
+++ /tmp/v68.conf	2019-09-27 16:46:58.774380888 +0800
@@ -1,4 +1,165 @@
 
+server {
+        listen 8031;
+        access_log logs/8031.access.log main;
+        error_log logs/8031.error.log;
+        location / {
+                #root html;
+                #index index.html index.htm index.jsp index.php;
+                proxy_pass http://47.56.195.82:8031;
+        }
+}
+
+server {
+        listen 8032;
+        access_log logs/8032.access.log main;
+        error_log logs/8032.error.log;
+        location / {
+                #root html;
+                #index index.html index.htm index.jsp index.php;
+                proxy_pass http://47.56.195.82:8032;
+        }
+}
+
+server {
+        listen 7050;
+        access_log logs/7050.access.log main;
+        error_log logs/7050.error.log;
+        location / {
+                #root html;
+                #index index.html index.htm index.jsp index.php;
+                proxy_pass http://47.56.195.82:7050;
+        }
+}
+
+server {
+        listen 7060;
+        access_log logs/7060.access.log main;
+        error_log logs/7060.error.log;
+        location / {
+                #root html;
+                #index index.html index.htm index.jsp index.php;
+                proxy_pass http://47.56.195.82:7060;
+        }
+}
+
+server {
+        listen 9001;
+        access_log logs/9001.access.log main;
+        error_log logs/9001.error.log;
+        location / {
+                #root html;
+                #index index.html index.htm index.jsp index.php;
+                proxy_pass http://47.56.195.82:9001;
+        }
+}
+
+server {
+        listen 9002;
+        access_log logs/9002.access.log main;
+        error_log logs/9002.error.log;
+        location / {
+                #root html;
+                #index index.html index.htm index.jsp index.php;
+                proxy_pass http://47.56.195.82:9002;
+        }
+}
+
+server {
+        listen 9003;
+        access_log logs/9003.access.log main;
+        error_log logs/9003.error.log;
+        location / {
+                #root html;
+                #index index.html index.htm index.jsp index.php;
+                proxy_pass http://47.56.195.82:9003;
+        }
+}
+
+
+server {
+        listen 8040;
+        access_log logs/8040.access.log main;
+        error_log logs/8040.error.log;
+        location / {
+                #root html;
+                #index index.html index.htm index.jsp index.php;
+                proxy_pass http://47.90.36.126:8040;
+        }
+}
+
+server {
+        listen 8041;
+        access_log logs/8041.access.log main;
+        error_log logs/8041.error.log;
+        location / {
+                #root html;
+                #index index.html index.htm index.jsp index.php;
+                proxy_pass http://47.90.36.126:8041;
+        }
+}
+server {
+        listen 8042;
+        access_log logs/8042.access.log main;
+        error_log logs/8042.error.log;
+        location / {
+                #root html;
+                #index index.html index.htm index.jsp index.php;
+                proxy_pass http://47.90.36.126:8042;
+        }
+}
+server {
+        listen 8043;
+        access_log logs/8043.access.log main;
+        error_log logs/8043.error.log;
+        location / {
+                #root html;
+                #index index.html index.htm index.jsp index.php;
+                proxy_pass http://47.90.36.126:8043;
+        }
+}
+server {
+        listen 8044;
+        access_log logs/8044.access.log main;
+        error_log logs/8044.error.log;
+        location / {
+                #root html;
+                #index index.html index.htm index.jsp index.php;
+                proxy_pass http://47.90.36.126:8044;
+        }
+}
+
+server {
+        listen 7080;
+        access_log logs/7080.access.log main;
+        error_log logs/7080.error.log;
+        location / {
+                #root html;
+                #index index.html index.htm index.jsp index.php;
+                proxy_pass http://47.90.36.126:7080;
+        }
+}
+
+
+
+
+
+
+
+
+
+
+
+
+
+
+
+
+
+
+
+
+
 
 
 

