ESYNC_WORKER1_COMMAND_START
 [WARNING]: Invalid characters were found in group names but not replaced, use
-vvvv to see details

PLAY [om-chengdu_nginx] ********************************************************


TASK [Gathering Facts] *********************************************************
ok: [40.83.79.117]
ok: [47.112.127.70]

TASK [nginx_sync : Change python interpreter] **********************************

skipping: [47.112.127.70]
skipping: [40.83.79.117]

TASK [nginx_sync : change python interpreter] **********************************
skipping: [47.112.127.70]

skipping: [40.83.79.117]

TASK [nginx_sync : Notify] *****************************************************
ok: [47.112.127.70] => {
    "msg": "Syncing om-chengdu_nginx"

}
ok: [40.83.79.117] => {
    "msg": "Syncing om-chengdu_nginx"
}


TASK [nginx_sync : include_vars] ***********************************************
ok: [47.112.127.70]
ok: [40.83.79.117]

TASK [nginx_sync : Synchronizing Nginx] ****************************************

ok: [40.83.79.117] => (item=conf)
ok: [47.112.127.70] => (item=conf)
changed: [40.83.79.117] => (item=conf.d)
changed: [47.112.127.70] => (item=conf.d)
ok: [40.83.79.117] => (item=data)

ok: [40.83.79.117] => (item=html)
ok: [47.112.127.70] => (item=data)
ok: [47.112.127.70] => (item=html)

TASK [all_servers : include_vars] **********************************************

ok: [47.112.127.70]
ok: [40.83.79.117]

TASK [all_servers : Notify] ****************************************************
ok: [47.112.127.70] => {

    "msg": "Clearing Nginx Cache for om-chengdu_nginx"
}
ok: [40.83.79.117] => {
    "msg": "Clearing Nginx Cache for om-chengdu_nginx"
}


TASK [all_servers : Copying clear_nginxcache.sh to remote hosts] ***************
ok: [40.83.79.117]
ok: [47.112.127.70]


TASK [all_servers : Nginx Clear Cache] *****************************************
changed: [40.83.79.117]
changed: [47.112.127.70]

TASK [all_servers : debug] *****************************************************

ok: [47.112.127.70] => {
    "script_result.stdout_lines": [
        "-----------------------------------------------------------", 
        "|                 Checking Nginx Config                   |", 
        "-----------------------------------------------------------", 

        "", 
        " nginx -t ", 
        "", 
        "-----------------------------------------------------------", 
        "|                 Stopping Nginx Process                  |", 

        "-----------------------------------------------------------", 
        "", 
        " /usr/bin/killall -9 nginx ", 
        "", 
        "-----------------------------------------------------------", 

        "|                 Clearing Proxy Cache                    |", 
        "-----------------------------------------------------------", 
        "", 
        " /bin/rm -rf /tmp/nginx_cache ", 
        "", 

        "-----------------------------------------------------------", 
        "|                Restarting Nginx Process                 |", 
        "-----------------------------------------------------------", 
        "root       672  0.0  0.0 113180  1496 ?        S    17:09   0:00 /bin/bash /bak/bin/clear_nginxcache.sh", 
        "root       715  0.0  0.0 663768  1736 ?        Ss   17:10   0:00 nginx: master process /usr/local/nginx/sbin/nginx", 

        "nobody     716  0.0  0.1 668020  6600 ?        S    17:10   0:00 nginx: worker process", 
        "nobody     718  0.0  0.1 668020  6352 ?        S    17:10   0:00 nginx: worker process", 
        "nobody     719  0.0  0.1 668020  6600 ?        S    17:10   0:00 nginx: worker process", 
        "nobody     720  0.0  0.1 668020  6604 ?        S    17:10   0:00 nginx: worker process", 
        "nobody     721  0.0  0.0 663768  2156 ?        S    17:10   0:00 nginx: cache manager process", 

        "nobody     722  0.0  0.0 663768  2156 ?        S    17:10   0:00 nginx: cache loader process", 
        "root       724  0.0  0.0 112708   956 ?        S    17:10   0:00 grep nginx", 
        "root      2973  0.0  0.0 107464  2296 ?        Ss   Jul01   0:00 /sbin/dhclient -1 -q -lf /var/lib/dhclient/dhclient--eth0.lease -pf /var/run/dhclient-eth0.pid -H om-chengdu_nginx1 eth0", 
        "              total        used        free      shared  buff/cache   available", 
        "Mem:           3789         143         193           4        3452        3335", 

        "Swap:             0           0           0", 
        "-----------------------------------------------------------", 
        "|                     Reload SUCCESS!                     |", 
        "-----------------------------------------------------------"
    ]

}
ok: [40.83.79.117] => {
    "script_result.stdout_lines": [
        "-----------------------------------------------------------", 
        "|                 Checking Nginx Config                   |", 

        "-----------------------------------------------------------", 
        "", 
        " nginx -t ", 
        "", 
        "-----------------------------------------------------------", 

        "|                 Stopping Nginx Process                  |", 
        "-----------------------------------------------------------", 
        "", 
        " /usr/bin/killall -9 nginx ", 
        "", 

        "-----------------------------------------------------------", 
        "|                 Clearing Proxy Cache                    |", 
        "-----------------------------------------------------------", 
        "", 
        " /bin/rm -rf /tmp/nginx_cache ", 

        "", 
        "-----------------------------------------------------------", 
        "|                Restarting Nginx Process                 |", 
        "-----------------------------------------------------------", 
        "root      40514  0.3  0.0 113180  1500 ?        S    17:09   0:00 /bin/bash /bak/bin/clear_nginxcache.sh", 

        "root      40523  0.0  0.0 665988  1756 ?        Ss   17:09   0:00 nginx: master process /usr/local/nginx/sbin/nginx", 
        "nobody    40524  0.0  0.1 672324  6408 ?        S    17:09   0:00 nginx: worker process", 
        "nobody    40526  0.0  0.1 672324  6208 ?        S    17:09   0:00 nginx: worker process", 
        "nobody    40527  0.0  0.1 672324  6428 ?        S    17:09   0:00 nginx: worker process", 
        "nobody    40528  0.0  0.1 672324  6208 ?        S    17:09   0:00 nginx: worker process", 

        "nobody    40529  0.0  0.0 668072  2260 ?        S    17:09   0:00 nginx: cache manager process", 
        "nobody    40530  0.0  0.0 668072  2260 ?        S    17:09   0:00 nginx: cache loader process", 
        "root      40532  0.0  0.0 112708   956 ?        S    17:09   0:00 grep nginx", 
        "              total        used        free      shared  buff/cache   available", 
        "Mem:           3932         267         219         204        3444        3029", 

        "Swap:             0           0           0", 
        "-----------------------------------------------------------", 
        "|                     Reload SUCCESS!                     |", 
        "-----------------------------------------------------------"
    ]

}

PLAY [127.0.0.1] ***************************************************************

TASK [sync_to_git : Synchronizing Nginx To GIT] ********************************

changed: [127.0.0.1]

TASK [sync_to_git : debug] *****************************************************
ok: [127.0.0.1] => {
    "msg": " [u'[master 4b1dd83] quincy', u' 2 files changed, 36 insertions(+)', u' create mode 100644 nginx/conf.d/other/test-xjw-proxy-v68.conf', u' create mode 120000 nginx/conf.d/ssl/neweb.me', u'Branch master set up to track remote branch master from origin.']"

}

PLAY [om-chengdu_nginx] ********************************************************

PLAY [127.0.0.1] ***************************************************************


PLAY RECAP *********************************************************************
127.0.0.1                  : ok=2    changed=1    unreachable=0    failed=0    skipped=0    rescued=0    ignored=0   
40.83.79.117               : ok=9    changed=2    unreachable=0    failed=0    skipped=2    rescued=0    ignored=0   
47.112.127.70              : ok=9    changed=2    unreachable=0    failed=0    skipped=2    rescued=0    ignored=0   



ESYNC_WORKER1_COMMAND_END
MAX RETRIES EXECUTED, COMMAND NOT RESPONDING