--- /ansible/nginx/hostgroups/om-chengdu_nginx/nginx/conf.d/other/v68.conf	2019-09-27 16:46:58.838380888 +0800
+++ /tmp/v68.conf	2019-09-28 10:25:16.656901141 +0800
@@ -4,6 +4,16 @@
         access_log logs/8031.access.log main;
         error_log logs/8031.error.log;
         location / {
+                    proxy_set_header X-Forwarded-For $proxy_add_x_forwarded_for;
+                proxy_set_header X-Real-IP  $remote_addr;
+                proxy_next_upstream http_502 http_504 http_404 error timeout invalid_header;
+                proxy_set_header Host $host:$server_port;
+                proxy_http_version 1.1;
+                proxy_set_header Upgrade $http_upgrade;
+                proxy_set_header Connection $connection_upgrade;
+                proxy_connect_timeout   1800;
+                proxy_send_timeout      1800;
+                proxy_read_timeout      1800;
                 #root html;
                 #index index.html index.htm index.jsp index.php;
                 proxy_pass http://47.56.195.82:8031;
@@ -15,6 +25,16 @@
         access_log logs/8032.access.log main;
         error_log logs/8032.error.log;
         location / {
+                    proxy_set_header X-Forwarded-For $proxy_add_x_forwarded_for;
+                proxy_set_header X-Real-IP  $remote_addr;
+                proxy_next_upstream http_502 http_504 http_404 error timeout invalid_header;
+                proxy_set_header Host $host:$server_port;
+                proxy_http_version 1.1;
+                proxy_set_header Upgrade $http_upgrade;
+                proxy_set_header Connection $connection_upgrade;
+                proxy_connect_timeout   1800;
+                proxy_send_timeout      1800;
+                proxy_read_timeout      1800;
                 #root html;
                 #index index.html index.htm index.jsp index.php;
                 proxy_pass http://47.56.195.82:8032;
@@ -26,6 +46,16 @@
         access_log logs/7050.access.log main;
         error_log logs/7050.error.log;
         location / {
+                    proxy_set_header X-Forwarded-For $proxy_add_x_forwarded_for;
+                proxy_set_header X-Real-IP  $remote_addr;
+                proxy_next_upstream http_502 http_504 http_404 error timeout invalid_header;
+                proxy_set_header Host $host:$server_port;
+                proxy_http_version 1.1;
+                proxy_set_header Upgrade $http_upgrade;
+                proxy_set_header Connection $connection_upgrade;
+                proxy_connect_timeout   1800;
+                proxy_send_timeout      1800;
+                proxy_read_timeout      1800;
                 #root html;
                 #index index.html index.htm index.jsp index.php;
                 proxy_pass http://47.56.195.82:7050;
@@ -37,6 +67,16 @@
         access_log logs/7060.access.log main;
         error_log logs/7060.error.log;
         location / {
+                    proxy_set_header X-Forwarded-For $proxy_add_x_forwarded_for;
+                proxy_set_header X-Real-IP  $remote_addr;
+                proxy_next_upstream http_502 http_504 http_404 error timeout invalid_header;
+                proxy_set_header Host $host:$server_port;
+                proxy_http_version 1.1;
+                proxy_set_header Upgrade $http_upgrade;
+                proxy_set_header Connection $connection_upgrade;
+                proxy_connect_timeout   1800;
+                proxy_send_timeout      1800;
+                proxy_read_timeout      1800;
                 #root html;
                 #index index.html index.htm index.jsp index.php;
                 proxy_pass http://47.56.195.82:7060;
@@ -48,6 +88,16 @@
         access_log logs/9001.access.log main;
         error_log logs/9001.error.log;
         location / {
+                    proxy_set_header X-Forwarded-For $proxy_add_x_forwarded_for;
+                proxy_set_header X-Real-IP  $remote_addr;
+                proxy_next_upstream http_502 http_504 http_404 error timeout invalid_header;
+                proxy_set_header Host $host:$server_port;
+                proxy_http_version 1.1;
+                proxy_set_header Upgrade $http_upgrade;
+                proxy_set_header Connection $connection_upgrade;
+                proxy_connect_timeout   1800;
+                proxy_send_timeout      1800;
+                proxy_read_timeout      1800;
                 #root html;
                 #index index.html index.htm index.jsp index.php;
                 proxy_pass http://47.56.195.82:9001;
@@ -59,6 +109,16 @@
         access_log logs/9002.access.log main;
         error_log logs/9002.error.log;
         location / {
+                    proxy_set_header X-Forwarded-For $proxy_add_x_forwarded_for;
+                proxy_set_header X-Real-IP  $remote_addr;
+                proxy_next_upstream http_502 http_504 http_404 error timeout invalid_header;
+                proxy_set_header Host $host:$server_port;
+                proxy_http_version 1.1;
+                proxy_set_header Upgrade $http_upgrade;
+                proxy_set_header Connection $connection_upgrade;
+                proxy_connect_timeout   1800;
+                proxy_send_timeout      1800;
+                proxy_read_timeout      1800;
                 #root html;
                 #index index.html index.htm index.jsp index.php;
                 proxy_pass http://47.56.195.82:9002;
@@ -70,6 +130,16 @@
         access_log logs/9003.access.log main;
         error_log logs/9003.error.log;
         location / {
+                    proxy_set_header X-Forwarded-For $proxy_add_x_forwarded_for;
+                proxy_set_header X-Real-IP  $remote_addr;
+                proxy_next_upstream http_502 http_504 http_404 error timeout invalid_header;
+                proxy_set_header Host $host:$server_port;
+                proxy_http_version 1.1;
+                proxy_set_header Upgrade $http_upgrade;
+                proxy_set_header Connection $connection_upgrade;
+                proxy_connect_timeout   1800;
+                proxy_send_timeout      1800;
+                proxy_read_timeout      1800;
                 #root html;
                 #index index.html index.htm index.jsp index.php;
                 proxy_pass http://47.56.195.82:9003;
@@ -82,6 +152,16 @@
         access_log logs/8040.access.log main;
         error_log logs/8040.error.log;
         location / {
+                    proxy_set_header X-Forwarded-For $proxy_add_x_forwarded_for;
+                proxy_set_header X-Real-IP  $remote_addr;
+                proxy_next_upstream http_502 http_504 http_404 error timeout invalid_header;
+                proxy_set_header Host $host:$server_port;
+                proxy_http_version 1.1;
+                proxy_set_header Upgrade $http_upgrade;
+                proxy_set_header Connection $connection_upgrade;
+                proxy_connect_timeout   1800;
+                proxy_send_timeout      1800;
+                proxy_read_timeout      1800;
                 #root html;
                 #index index.html index.htm index.jsp index.php;
                 proxy_pass http://47.90.36.126:8040;
@@ -93,6 +173,16 @@
         access_log logs/8041.access.log main;
         error_log logs/8041.error.log;
         location / {
+                    proxy_set_header X-Forwarded-For $proxy_add_x_forwarded_for;
+                proxy_set_header X-Real-IP  $remote_addr;
+                proxy_next_upstream http_502 http_504 http_404 error timeout invalid_header;
+                proxy_set_header Host $host:$server_port;
+                proxy_http_version 1.1;
+                proxy_set_header Upgrade $http_upgrade;
+                proxy_set_header Connection $connection_upgrade;
+                proxy_connect_timeout   1800;
+                proxy_send_timeout      1800;
+                proxy_read_timeout      1800;
                 #root html;
                 #index index.html index.htm index.jsp index.php;
                 proxy_pass http://47.90.36.126:8041;
@@ -103,6 +193,16 @@
         access_log logs/8042.access.log main;
         error_log logs/8042.error.log;
         location / {
+                    proxy_set_header X-Forwarded-For $proxy_add_x_forwarded_for;
+                proxy_set_header X-Real-IP  $remote_addr;
+                proxy_next_upstream http_502 http_504 http_404 error timeout invalid_header;
+                proxy_set_header Host $host:$server_port;
+                proxy_http_version 1.1;
+                proxy_set_header Upgrade $http_upgrade;
+                proxy_set_header Connection $connection_upgrade;
+                proxy_connect_timeout   1800;
+                proxy_send_timeout      1800;
+                proxy_read_timeout      1800;
                 #root html;
                 #index index.html index.htm index.jsp index.php;
                 proxy_pass http://47.90.36.126:8042;
@@ -113,6 +213,16 @@
         access_log logs/8043.access.log main;
         error_log logs/8043.error.log;
         location / {
+                    proxy_set_header X-Forwarded-For $proxy_add_x_forwarded_for;
+                proxy_set_header X-Real-IP  $remote_addr;
+                proxy_next_upstream http_502 http_504 http_404 error timeout invalid_header;
+                proxy_set_header Host $host:$server_port;
+                proxy_http_version 1.1;
+                proxy_set_header Upgrade $http_upgrade;
+                proxy_set_header Connection $connection_upgrade;
+                proxy_connect_timeout   1800;
+                proxy_send_timeout      1800;
+                proxy_read_timeout      1800;
                 #root html;
                 #index index.html index.htm index.jsp index.php;
                 proxy_pass http://47.90.36.126:8043;
@@ -123,6 +233,16 @@
         access_log logs/8044.access.log main;
         error_log logs/8044.error.log;
         location / {
+                    proxy_set_header X-Forwarded-For $proxy_add_x_forwarded_for;
+                proxy_set_header X-Real-IP  $remote_addr;
+                proxy_next_upstream http_502 http_504 http_404 error timeout invalid_header;
+                proxy_set_header Host $host:$server_port;
+                proxy_http_version 1.1;
+                proxy_set_header Upgrade $http_upgrade;
+                proxy_set_header Connection $connection_upgrade;
+                proxy_connect_timeout   1800;
+                proxy_send_timeout      1800;
+                proxy_read_timeout      1800;
                 #root html;
                 #index index.html index.htm index.jsp index.php;
                 proxy_pass http://47.90.36.126:8044;
@@ -134,6 +254,16 @@
         access_log logs/7080.access.log main;
         error_log logs/7080.error.log;
         location / {
+                    proxy_set_header X-Forwarded-For $proxy_add_x_forwarded_for;
+                proxy_set_header X-Real-IP  $remote_addr;
+                proxy_next_upstream http_502 http_504 http_404 error timeout invalid_header;
+                proxy_set_header Host $host:$server_port;
+                proxy_http_version 1.1;
+                proxy_set_header Upgrade $http_upgrade;
+                proxy_set_header Connection $connection_upgrade;
+                proxy_connect_timeout   1800;
+                proxy_send_timeout      1800;
+                proxy_read_timeout      1800;
                 #root html;
                 #index index.html index.htm index.jsp index.php;
                 proxy_pass http://47.90.36.126:7080;

