--- /ansible/nginx/hostgroups/om-chengdu_nginx/nginx/conf.d/other/yifu.conf	2019-07-25 15:05:33.335814350 +0800
+++ /tmp/yifu.conf	2019-07-25 16:37:17.949910342 +0800
@@ -94,9 +94,6 @@
 		#proxy_set_header        X-Real-IP       $remote_addr;
 		#proxy_set_header        referer         "";
 		proxy_set_header        X-Forwarded-For $proxy_add_x_forwarded_for; 
-    
-    	proxy_cache cache_after;
-        proxy_cache_key    $uri$is_args$args;
         add_header X-Cache $upstream_cache_status;
 		proxy_connect_timeout   80; 
 		proxy_send_timeout      80; 
@@ -132,10 +129,6 @@
 		#proxy_set_header        X-Real-IP       $remote_addr;
 		#proxy_set_header        referer         "";
 		proxy_set_header        X-Forwarded-For $proxy_add_x_forwarded_for; 
-    
-    	proxy_cache cache_after;
-        proxy_cache_key    $uri$is_args$args;
-        add_header X-Cache $upstream_cache_status;
 		proxy_connect_timeout   80; 
 		proxy_send_timeout      80; 
 		proxy_read_timeout      80; 
@@ -169,10 +162,6 @@
 		#proxy_set_header        X-Real-IP       $remote_addr;
 		#proxy_set_header        referer         "";
 		proxy_set_header        X-Forwarded-For $proxy_add_x_forwarded_for; 
-    
-    	proxy_cache cache_after;
-        proxy_cache_key    $uri$is_args$args;
-        add_header X-Cache $upstream_cache_status;
 		proxy_connect_timeout   80; 
 		proxy_send_timeout      80; 
 		proxy_read_timeout      80; 

