ESYNC_WORKER1_COMMAND_START
[WARNING]: Invalid characters were found in group names but not replaced, use
-vvvv to see details

PLAY [om-chengdu_nginx] ********************************************************


TASK [Gathering Facts] *********************************************************
ok: [47.112.127.70]

TASK [nginx_sync : Change python interpreter] **********************************
skipping: [47.112.127.70]


TASK [nginx_sync : change python interpreter] **********************************
skipping: [47.112.127.70]

TASK [nginx_sync : Notify] *****************************************************

ok: [47.112.127.70] => {
    "msg": "Syncing om-chengdu_nginx"
}

TASK [nginx_sync : include_vars] ***********************************************

ok: [47.112.127.70]

TASK [nginx_sync : Synchronizing Nginx] ****************************************
ok: [47.112.127.70] => (item=conf)
changed: [47.112.127.70] => (item=conf.d)

ok: [47.112.127.70] => (item=data)
ok: [47.112.127.70] => (item=html)

TASK [nginx_sync : Set HTML Dir to root] ***************************************
ok: [47.112.127.70]


TASK [all_servers : include_vars] **********************************************
ok: [47.112.127.70]

TASK [all_servers : Notify] ****************************************************

ok: [47.112.127.70] => {
    "msg": "Clearing Nginx Cache for om-chengdu_nginx"
}

TASK [all_servers : Copying clear_nginxcache.sh to remote hosts] ***************

ok: [47.112.127.70]

TASK [all_servers : Nginx Clear Cache] *****************************************
changed: [47.112.127.70]


TASK [all_servers : debug] *****************************************************
ok: [47.112.127.70] => {
    "script_result.stdout_lines": [
        "-----------------------------------------------------------", 
        "|                 Checking Nginx Config                   |", 

        "-----------------------------------------------------------", 
        "", 
        " nginx -t ", 
        "", 
        "-----------------------------------------------------------", 

        "|                 Stopping Nginx Process                  |", 
        "-----------------------------------------------------------", 
        "", 
        " /usr/bin/killall -9 nginx ", 
        "", 

        "-----------------------------------------------------------", 
        "|                 Clearing Proxy Cache                    |", 
        "-----------------------------------------------------------", 
        "", 
        " /bin/rm -rf /tmp/nginx_cache ", 

        "", 
        "-----------------------------------------------------------", 
        "|                Restarting Nginx Process                 |", 
        "-----------------------------------------------------------", 
        "root      2973  0.0  0.0 107464  2268 ?        Ss    2019   0:00 /sbin/dhclient -1 -q -lf /var/lib/dhclient/dhclient--eth0.lease -pf /var/run/dhclient-eth0.pid -H om-chengdu_nginx1 eth0", 

        "root     13527  0.1  0.0 113180  1496 ?        S    16:43   0:00 /bin/bash /bak/bin/clear_nginxcache.sh", 
        "root     13570  0.0  0.0 664036  1992 ?        Ss   16:43   0:00 nginx: master process /usr/local/nginx/sbin/nginx", 
        "nobody   13571  0.0  0.1 668288  6356 ?        S    16:43   0:00 nginx: worker process", 
        "nobody   13572  0.0  0.1 668288  6356 ?        S    16:43   0:00 nginx: worker process", 
        "nobody   13574  0.0  0.1 668288  6592 ?        S    16:43   0:00 nginx: worker process", 

        "nobody   13575  0.0  0.1 668288  6356 ?        S    16:43   0:00 nginx: worker process", 
        "nobody   13576  0.0  0.0 664036  2416 ?        S    16:43   0:00 nginx: cache manager process", 
        "nobody   13577  0.0  0.0 664036  2416 ?        S    16:43   0:00 nginx: cache loader process", 
        "root     13579  0.0  0.0 112712   956 ?        S    16:43   0:00 grep nginx", 
        "              total        used        free      shared  buff/cache   available", 

        "Mem:           3789         239         149           4        3400        3238", 
        "Swap:             0           0           0", 
        "-----------------------------------------------------------", 
        "|                     Reload SUCCESS!                     |", 
        "-----------------------------------------------------------"

    ]
}

PLAY [127.0.0.1] ***************************************************************


TASK [sync_to_git : Synchronizing Nginx To GIT] ********************************
changed: [127.0.0.1]

TASK [sync_to_git : debug] *****************************************************
ok: [127.0.0.1] => {

    "msg": " [u'[master 1db26e2] quincy', u' 1 file changed, 24 deletions(-)', u'Branch master set up to track remote branch master from origin.']"
}

PLAY [om-chengdu_nginx] ********************************************************


PLAY [127.0.0.1] ***************************************************************

PLAY RECAP *********************************************************************
127.0.0.1                  : ok=2    changed=1    unreachable=0    failed=0    skipped=0    rescued=0    ignored=0   
47.112.127.70              : ok=10   changed=2    unreachable=0    failed=0    skipped=2    rescued=0    ignored=0   



ESYNC_WORKER1_COMMAND_END
MAX RETRIES EXECUTED, COMMAND NOT RESPONDING