ESYNC_WORKER1_COMMAND_START
 [WARNING]: Invalid characters were found in group names but not replaced, use
-vvvv to see details

PLAY [om-chengdu_nginx] ********************************************************


TASK [Gathering Facts] *********************************************************
ok: [40.83.79.117]
ok: [47.112.127.70]

TASK [nginx_sync : Change python interpreter] **********************************

skipping: [47.112.127.70]
skipping: [40.83.79.117]

TASK [nginx_sync : change python interpreter] **********************************
skipping: [47.112.127.70]

skipping: [40.83.79.117]

TASK [nginx_sync : Notify] *****************************************************
ok: [47.112.127.70] => {
    "msg": "Syncing om-chengdu_nginx"

}
ok: [40.83.79.117] => {
    "msg": "Syncing om-chengdu_nginx"
}


TASK [nginx_sync : include_vars] ***********************************************
ok: [47.112.127.70]
ok: [40.83.79.117]

TASK [nginx_sync : Synchronizing Nginx] ****************************************

ok: [40.83.79.117] => (item=conf)
ok: [47.112.127.70] => (item=conf)
changed: [40.83.79.117] => (item=conf.d)
changed: [47.112.127.70] => (item=conf.d)
ok: [40.83.79.117] => (item=data)

ok: [47.112.127.70] => (item=data)
ok: [40.83.79.117] => (item=html)
ok: [47.112.127.70] => (item=html)

TASK [all_servers : include_vars] **********************************************

ok: [47.112.127.70]
ok: [40.83.79.117]

TASK [all_servers : Notify] ****************************************************
ok: [47.112.127.70] => {

    "msg": "Clearing Nginx Cache for om-chengdu_nginx"
}
ok: [40.83.79.117] => {
    "msg": "Clearing Nginx Cache for om-chengdu_nginx"
}


TASK [all_servers : Copying clear_nginxcache.sh to remote hosts] ***************
ok: [47.112.127.70]
ok: [40.83.79.117]


TASK [all_servers : Nginx Clear Cache] *****************************************
changed: [40.83.79.117]
changed: [47.112.127.70]

TASK [all_servers : debug] *****************************************************

ok: [47.112.127.70] => {
    "script_result.stdout_lines": [
        "-----------------------------------------------------------", 
        "|                 Checking Nginx Config                   |", 
        "-----------------------------------------------------------", 

        "", 
        " nginx -t ", 
        "", 
        "-----------------------------------------------------------", 
        "|                 Stopping Nginx Process                  |", 

        "-----------------------------------------------------------", 
        "", 
        " /usr/bin/killall -9 nginx ", 
        "", 
        "-----------------------------------------------------------", 

        "|                 Clearing Proxy Cache                    |", 
        "-----------------------------------------------------------", 
        "", 
        " /bin/rm -rf /tmp/nginx_cache ", 
        "", 

        "-----------------------------------------------------------", 
        "|                Restarting Nginx Process                 |", 
        "-----------------------------------------------------------", 
        "root      2973  0.0  0.0 107464  2216 ?        Ss   Jul01   0:00 /sbin/dhclient -1 -q -lf /var/lib/dhclient/dhclient--eth0.lease -pf /var/run/dhclient-eth0.pid -H om-chengdu_nginx1 eth0", 
        "root     21992  0.0  0.0 113180  1496 ?        S    15:54   0:00 /bin/bash /bak/bin/clear_nginxcache.sh", 

        "root     22011  0.0  0.0 664028  2012 ?        Ss   15:54   0:00 nginx: master process /usr/local/nginx/sbin/nginx", 
        "nobody   22012  0.0  0.1 668280  6612 ?        S    15:54   0:00 nginx: worker process", 
        "nobody   22013  0.0  0.1 668280  6608 ?        S    15:54   0:00 nginx: worker process", 
        "nobody   22015  0.0  0.1 668280  6376 ?        S    15:54   0:00 nginx: worker process", 
        "nobody   22016  0.0  0.1 668280  6376 ?        S    15:54   0:00 nginx: worker process", 

        "nobody   22017  0.0  0.0 664028  2424 ?        S    15:54   0:00 nginx: cache manager process", 
        "nobody   22018  0.0  0.0 664028  2432 ?        S    15:54   0:00 nginx: cache loader process", 
        "root     22020  0.0  0.0 112712   952 ?        S    15:54   0:00 grep nginx", 
        "              total        used        free      shared  buff/cache   available", 
        "Mem:           3789         145         178           4        3464        3331", 

        "Swap:             0           0           0", 
        "-----------------------------------------------------------", 
        "|                     Reload SUCCESS!                     |", 
        "-----------------------------------------------------------"
    ]

}
ok: [40.83.79.117] => {
    "script_result.stdout_lines": [
        "-----------------------------------------------------------", 
        "|                 Checking Nginx Config                   |", 

        "-----------------------------------------------------------", 
        "", 
        " nginx -t ", 
        "", 
        "-----------------------------------------------------------", 

        "|                 Stopping Nginx Process                  |", 
        "-----------------------------------------------------------", 
        "", 
        " /usr/bin/killall -9 nginx ", 
        "", 

        "-----------------------------------------------------------", 
        "|                 Clearing Proxy Cache                    |", 
        "-----------------------------------------------------------", 
        "", 
        " /bin/rm -rf /tmp/nginx_cache ", 

        "", 
        "-----------------------------------------------------------", 
        "|                Restarting Nginx Process                 |", 
        "-----------------------------------------------------------", 
        "root      63521  0.4  0.0 113180  1504 ?        S    15:54   0:00 /bin/bash /bak/bin/clear_nginxcache.sh", 

        "root      63530  0.0  0.0 666236  2024 ?        Ss   15:54   0:00 nginx: master process /usr/local/nginx/sbin/nginx", 
        "nobody    63531  0.0  0.1 672572  6472 ?        S    15:54   0:00 nginx: worker process", 
        "nobody    63533  0.0  0.1 672572  6716 ?        S    15:54   0:00 nginx: worker process", 
        "nobody    63534  0.0  0.1 672572  6712 ?        S    15:54   0:00 nginx: worker process", 
        "nobody    63535  0.0  0.1 672572  6472 ?        S    15:54   0:00 nginx: worker process", 

        "nobody    63536  0.0  0.0 668320  2528 ?        S    15:54   0:00 nginx: cache manager process", 
        "nobody    63537  0.0  0.0 668320  2528 ?        S    15:54   0:00 nginx: cache loader process", 
        "root      63541  0.0  0.0 112708   956 ?        S    15:54   0:00 grep nginx", 
        "              total        used        free      shared  buff/cache   available", 
        "Mem:           3932         217         339         212        3375        3155", 

        "Swap:             0           0           0", 
        "-----------------------------------------------------------", 
        "|                     Reload SUCCESS!                     |", 
        "-----------------------------------------------------------"
    ]

}

PLAY [127.0.0.1] ***************************************************************

TASK [sync_to_git : Synchronizing Nginx To GIT] ********************************

changed: [127.0.0.1]

TASK [sync_to_git : debug] *****************************************************
ok: [127.0.0.1] => {
    "msg": " [u'[master c1f246b] roni', u' 2 files changed, 72 insertions(+), 42 deletions(-)', u' rewrite nginx/conf.d/other/chengdutest.conf (75%)', u' rewrite nginx/conf.d/other/zentao.conf (95%)', u'Branch master set up to track remote branch master from origin.']"

}

PLAY [om-chengdu_nginx] ********************************************************

PLAY [127.0.0.1] ***************************************************************


PLAY RECAP *********************************************************************
127.0.0.1                  : ok=2    changed=1    unreachable=0    failed=0    skipped=0    rescued=0    ignored=0   
40.83.79.117               : ok=9    changed=2    unreachable=0    failed=0    skipped=2    rescued=0    ignored=0   
47.112.127.70              : ok=9    changed=2    unreachable=0    failed=0    skipped=2    rescued=0    ignored=0   



ESYNC_WORKER1_COMMAND_END
MAX RETRIES EXECUTED, COMMAND NOT RESPONDING