ESYNC_WORKER1_COMMAND_START
 [WARNING]: Invalid characters were found in group names but not replaced, use
-vvvv to see details

PLAY [om-chengdu_nginx] ********************************************************


TASK [Gathering Facts] *********************************************************
ok: [40.83.79.117]
ok: [47.112.127.70]

TASK [nginx_sync : Change python interpreter] **********************************

skipping: [47.112.127.70]
skipping: [40.83.79.117]

TASK [nginx_sync : change python interpreter] **********************************
skipping: [47.112.127.70]

skipping: [40.83.79.117]

TASK [nginx_sync : Notify] *****************************************************
ok: [47.112.127.70] => {
    "msg": "Syncing om-chengdu_nginx"

}
ok: [40.83.79.117] => {
    "msg": "Syncing om-chengdu_nginx"
}


TASK [nginx_sync : include_vars] ***********************************************
ok: [47.112.127.70]
ok: [40.83.79.117]

TASK [nginx_sync : Synchronizing Nginx] ****************************************

ok: [40.83.79.117] => (item=conf)
ok: [47.112.127.70] => (item=conf)
changed: [40.83.79.117] => (item=conf.d)
changed: [47.112.127.70] => (item=conf.d)
ok: [40.83.79.117] => (item=data)

ok: [47.112.127.70] => (item=data)
ok: [40.83.79.117] => (item=html)
ok: [47.112.127.70] => (item=html)

TASK [all_servers : include_vars] **********************************************

ok: [47.112.127.70]
ok: [40.83.79.117]

TASK [all_servers : Notify] ****************************************************
ok: [47.112.127.70] => {

    "msg": "Clearing Nginx Cache for om-chengdu_nginx"
}
ok: [40.83.79.117] => {
    "msg": "Clearing Nginx Cache for om-chengdu_nginx"
}


TASK [all_servers : Copying clear_nginxcache.sh to remote hosts] ***************
ok: [40.83.79.117]
ok: [47.112.127.70]


TASK [all_servers : Nginx Clear Cache] *****************************************
changed: [40.83.79.117]
changed: [47.112.127.70]

TASK [all_servers : debug] *****************************************************

ok: [47.112.127.70] => {
    "script_result.stdout_lines": [
        "-----------------------------------------------------------", 
        "|                 Checking Nginx Config                   |", 
        "-----------------------------------------------------------", 

        "", 
        " nginx -t ", 
        "", 
        "-----------------------------------------------------------", 
        "|                 Stopping Nginx Process                  |", 

        "-----------------------------------------------------------", 
        "", 
        " /usr/bin/killall -9 nginx ", 
        "", 
        "-----------------------------------------------------------", 

        "|                 Clearing Proxy Cache                    |", 
        "-----------------------------------------------------------", 
        "", 
        " /bin/rm -rf /tmp/nginx_cache ", 
        "", 

        "-----------------------------------------------------------", 
        "|                Restarting Nginx Process                 |", 
        "-----------------------------------------------------------", 
        "root      2973  0.0  0.0 107464  2216 ?        Ss   Jul01   0:00 /sbin/dhclient -1 -q -lf /var/lib/dhclient/dhclient--eth0.lease -pf /var/run/dhclient-eth0.pid -H om-chengdu_nginx1 eth0", 
        "root     19730  0.1  0.0 113180  1496 ?        S    18:00   0:00 /bin/bash /bak/bin/clear_nginxcache.sh", 

        "root     19756  0.0  0.0 664404  2388 ?        Ss   18:01   0:00 nginx: master process /usr/local/nginx/sbin/nginx", 
        "nobody   19757  0.0  0.1 668656  6752 ?        S    18:01   0:00 nginx: worker process", 
        "nobody   19759  0.0  0.1 668656  6752 ?        S    18:01   0:00 nginx: worker process", 
        "nobody   19760  0.0  0.1 668656  7448 ?        S    18:01   0:00 nginx: worker process", 
        "nobody   19761  0.0  0.1 668656  7256 ?        S    18:01   0:00 nginx: worker process", 

        "nobody   19762  0.0  0.0 664404  2808 ?        S    18:01   0:00 nginx: cache manager process", 
        "nobody   19763  0.0  0.0 664404  2808 ?        S    18:01   0:00 nginx: cache loader process", 
        "root     19767  0.0  0.0 112712   956 ?        S    18:01   0:00 grep nginx", 
        "              total        used        free      shared  buff/cache   available", 
        "Mem:           3789         152         188           4        3448        3326", 

        "Swap:             0           0           0", 
        "-----------------------------------------------------------", 
        "|                     Reload SUCCESS!                     |", 
        "-----------------------------------------------------------"
    ]

}
ok: [40.83.79.117] => {
    "script_result.stdout_lines": [
        "-----------------------------------------------------------", 
        "|                 Checking Nginx Config                   |", 

        "-----------------------------------------------------------", 
        "", 
        " nginx -t ", 
        "", 
        "-----------------------------------------------------------", 

        "|                 Stopping Nginx Process                  |", 
        "-----------------------------------------------------------", 
        "", 
        " /usr/bin/killall -9 nginx ", 
        "", 

        "-----------------------------------------------------------", 
        "|                 Clearing Proxy Cache                    |", 
        "-----------------------------------------------------------", 
        "", 
        " /bin/rm -rf /tmp/nginx_cache ", 

        "", 
        "-----------------------------------------------------------", 
        "|                Restarting Nginx Process                 |", 
        "-----------------------------------------------------------", 
        "root     122997  0.4  0.0 113180  1500 ?        S    18:00   0:00 /bin/bash /bak/bin/clear_nginxcache.sh", 

        "root     123004  0.0  0.0 669192  3960 ?        Ss   18:00   0:00 nginx: master process /usr/local/nginx/sbin/nginx", 
        "nobody   123005  0.0  0.1 673204  7832 ?        S    18:00   0:00 nginx: worker process", 
        "nobody   123006  0.0  0.1 673204  7812 ?        S    18:00   0:00 nginx: worker process", 
        "nobody   123008  0.0  0.1 673204  7604 ?        S    18:00   0:00 nginx: worker process", 
        "nobody   123009  0.0  0.1 673204  7604 ?        S    18:00   0:00 nginx: worker process", 

        "nobody   123010  0.0  0.1 671276  4468 ?        S    18:00   0:00 nginx: cache manager process", 
        "nobody   123011  0.0  0.1 671276  4468 ?        S    18:00   0:00 nginx: cache loader process", 
        "root     123014  0.0  0.0 112708   960 ?        S    18:00   0:00 grep nginx", 
        "              total        used        free      shared  buff/cache   available", 
        "Mem:           3932         217         210         204        3503        3170", 

        "Swap:             0           0           0", 
        "-----------------------------------------------------------", 
        "|                     Reload SUCCESS!                     |", 
        "-----------------------------------------------------------"
    ]

}

PLAY [127.0.0.1] ***************************************************************

TASK [sync_to_git : Synchronizing Nginx To GIT] ********************************

changed: [127.0.0.1]

TASK [sync_to_git : debug] *****************************************************
ok: [127.0.0.1] => {
    "msg": " [u'[master 21feabb] thunder', u' 1 file changed, 49 insertions(+)', u' create mode 100644 nginx/conf.d/other/dev.fpms.conf', u'Branch master set up to track remote branch master from origin.']"

}

PLAY [om-chengdu_nginx] ********************************************************

PLAY [127.0.0.1] ***************************************************************


PLAY RECAP *********************************************************************
127.0.0.1                  : ok=2    changed=1    unreachable=0    failed=0    skipped=0    rescued=0    ignored=0   
40.83.79.117               : ok=9    changed=2    unreachable=0    failed=0    skipped=2    rescued=0    ignored=0   
47.112.127.70              : ok=9    changed=2    unreachable=0    failed=0    skipped=2    rescued=0    ignored=0   



ESYNC_WORKER1_COMMAND_END
MAX RETRIES EXECUTED, COMMAND NOT RESPONDING