--- /ansible/nginx/hostgroups/om-chengdu_nginx/nginx/conf.d/other/zentao.conf	2019-10-29 13:14:29.007879360 +0800
+++ /tmp/zentao.conf	2019-10-29 13:18:55.345879360 +0800
@@ -1,14 +1,18 @@
+
+
 server {
         listen 90;
-        server_name   zentaocd.neweb.me;
-        access_log logs/90.access.log main;
+
+        server_name zentaocd.neweb.me;
+            access_log logs/90.access.log main;
         error_log  logs/90.error.log;
-        #location ~ .*\.(js|css|jpg|jpeg|gif|png|ico|pdf|txt)$ {
-            location / {
+        charset utf-8;
+
+        location / {
                proxy_redirect          off; 
                proxy_set_header        Host            $host; 
-proxy_set_header        X-Forwarded-For $proxy_add_x_forwarded_for; 
-proxy_connect_timeout   80; 
+               proxy_set_header        X-Forwarded-For $proxy_add_x_forwarded_for; 
+               proxy_connect_timeout   80; 
 proxy_send_timeout      80; 
 proxy_read_timeout      80; 
 client_max_body_size    35m;
@@ -17,10 +21,8 @@
 proxy_buffers           4 256k;
 proxy_busy_buffers_size 256k;
 proxy_temp_file_write_size      256k;
-               proxy_pass http://zentao.neweb.me;
-
-         }
- 
+            proxy_pass http://zentao.neweb.me:80;
+        }
 }
 
 

