ESYNC_WORKER1_COMMAND_START
 [WARNING]: Invalid characters were found in group names but not replaced, use
-vvvv to see details

PLAY [om-chengdu_nginx] ********************************************************


TASK [Gathering Facts] *********************************************************
ok: [47.112.127.70]
ok: [40.83.79.117]

TASK [nginx_sync : Change python interpreter] **********************************

skipping: [47.112.127.70]
skipping: [40.83.79.117]

TASK [nginx_sync : change python interpreter] **********************************
skipping: [47.112.127.70]

skipping: [40.83.79.117]

TASK [nginx_sync : Notify] *****************************************************
ok: [47.112.127.70] => {
    "msg": "Syncing om-chengdu_nginx"

}
ok: [40.83.79.117] => {
    "msg": "Syncing om-chengdu_nginx"
}


TASK [nginx_sync : include_vars] ***********************************************
ok: [47.112.127.70]
ok: [40.83.79.117]

TASK [nginx_sync : Synchronizing Nginx] ****************************************

ok: [40.83.79.117] => (item=conf)
ok: [47.112.127.70] => (item=conf)
changed: [40.83.79.117] => (item=conf.d)
changed: [47.112.127.70] => (item=conf.d)
ok: [40.83.79.117] => (item=data)

ok: [40.83.79.117] => (item=html)
ok: [47.112.127.70] => (item=data)
ok: [47.112.127.70] => (item=html)

TASK [all_servers : include_vars] **********************************************

ok: [47.112.127.70]
ok: [40.83.79.117]

TASK [all_servers : Notify] ****************************************************
ok: [47.112.127.70] => {

    "msg": "Clearing Nginx Cache for om-chengdu_nginx"
}
ok: [40.83.79.117] => {
    "msg": "Clearing Nginx Cache for om-chengdu_nginx"
}


TASK [all_servers : Copying clear_nginxcache.sh to remote hosts] ***************
ok: [40.83.79.117]
ok: [47.112.127.70]


TASK [all_servers : Nginx Clear Cache] *****************************************
changed: [40.83.79.117]
changed: [47.112.127.70]

TASK [all_servers : debug] *****************************************************

ok: [47.112.127.70] => {
    "script_result.stdout_lines": [
        "-----------------------------------------------------------", 
        "|                 Checking Nginx Config                   |", 
        "-----------------------------------------------------------", 

        "", 
        " nginx -t ", 
        "", 
        "-----------------------------------------------------------", 
        "|                 Stopping Nginx Process                  |", 

        "-----------------------------------------------------------", 
        "", 
        " /usr/bin/killall -9 nginx ", 
        "", 
        "-----------------------------------------------------------", 

        "|                 Clearing Proxy Cache                    |", 
        "-----------------------------------------------------------", 
        "", 
        " /bin/rm -rf /tmp/nginx_cache ", 
        "", 

        "-----------------------------------------------------------", 
        "|                Restarting Nginx Process                 |", 
        "-----------------------------------------------------------", 
        "root      2973  0.0  0.0 107464  2216 ?        Ss   Jul01   0:00 /sbin/dhclient -1 -q -lf /var/lib/dhclient/dhclient--eth0.lease -pf /var/run/dhclient-eth0.pid -H om-chengdu_nginx1 eth0", 
        "root      6450  0.0  0.0 113180  1492 ?        S    11:15   0:00 /bin/bash /bak/bin/clear_nginxcache.sh", 

        "root      6466  0.0  0.0 666356  3320 ?        Ss   11:15   0:00 nginx: master process /usr/local/nginx/sbin/nginx", 
        "nobody    6467  0.0  0.1 668284  7132 ?        S    11:15   0:00 nginx: worker process", 
        "nobody    6468  0.0  0.1 668284  7376 ?        S    11:15   0:00 nginx: worker process", 
        "nobody    6470  0.0  0.1 668284  7376 ?        S    11:15   0:00 nginx: worker process", 
        "nobody    6471  0.0  0.1 668284  7376 ?        S    11:15   0:00 nginx: worker process", 

        "nobody    6472  0.0  0.0 666356  3740 ?        S    11:15   0:00 nginx: cache manager process", 
        "nobody    6473  0.0  0.0 666356  3740 ?        S    11:15   0:00 nginx: cache loader process", 
        "root      6477  0.0  0.0 112712   952 ?        S    11:15   0:00 grep nginx", 
        "              total        used        free      shared  buff/cache   available", 
        "Mem:           3789         144         156           4        3487        3333", 

        "Swap:             0           0           0", 
        "-----------------------------------------------------------", 
        "|                     Reload SUCCESS!                     |", 
        "-----------------------------------------------------------"
    ]

}
ok: [40.83.79.117] => {
    "script_result.stdout_lines": [
        "-----------------------------------------------------------", 
        "|                 Checking Nginx Config                   |", 

        "-----------------------------------------------------------", 
        "", 
        " nginx -t ", 
        "", 
        "-----------------------------------------------------------", 

        "|                 Stopping Nginx Process                  |", 
        "-----------------------------------------------------------", 
        "", 
        " /usr/bin/killall -9 nginx ", 
        "", 

        "-----------------------------------------------------------", 
        "|                 Clearing Proxy Cache                    |", 
        "-----------------------------------------------------------", 
        "", 
        " /bin/rm -rf /tmp/nginx_cache ", 

        "", 
        "-----------------------------------------------------------", 
        "|                Restarting Nginx Process                 |", 
        "-----------------------------------------------------------", 
        "root      46687  0.3  0.0 113180  1500 ?        S    11:15   0:00 /bin/bash /bak/bin/clear_nginxcache.sh", 

        "root      46693  0.0  0.0 666364  2140 ?        Ss   11:15   0:00 nginx: master process /usr/local/nginx/sbin/nginx", 
        "nobody    46694  0.0  0.1 672700  6584 ?        S    11:15   0:00 nginx: worker process", 
        "nobody    46696  0.0  0.1 672700  6584 ?        S    11:15   0:00 nginx: worker process", 
        "nobody    46697  0.0  0.1 672700  6820 ?        S    11:15   0:00 nginx: worker process", 
        "nobody    46698  0.0  0.1 672700  6584 ?        S    11:15   0:00 nginx: worker process", 

        "nobody    46699  0.0  0.0 668448  2644 ?        S    11:15   0:00 nginx: cache manager process", 
        "nobody    46700  0.0  0.0 668448  2584 ?        S    11:15   0:00 nginx: cache loader process", 
        "root      46704  0.0  0.0 112708   956 ?        S    11:15   0:00 grep nginx", 
        "              total        used        free      shared  buff/cache   available", 
        "Mem:           3932         214         162         212        3555        3157", 

        "Swap:             0           0           0", 
        "-----------------------------------------------------------", 
        "|                     Reload SUCCESS!                     |", 
        "-----------------------------------------------------------"
    ]

}

PLAY [127.0.0.1] ***************************************************************

TASK [sync_to_git : Synchronizing Nginx To GIT] ********************************

changed: [127.0.0.1]

TASK [sync_to_git : debug] *****************************************************
ok: [127.0.0.1] => {
    "msg": " [u'[master 989d990] thunder', u' 1 file changed, 1 insertion(+), 1 deletion(-)', u'Branch master set up to track remote branch master from origin.']"

}

PLAY [om-chengdu_nginx] ********************************************************

PLAY [127.0.0.1] ***************************************************************


PLAY RECAP *********************************************************************
127.0.0.1                  : ok=2    changed=1    unreachable=0    failed=0    skipped=0    rescued=0    ignored=0   
40.83.79.117               : ok=9    changed=2    unreachable=0    failed=0    skipped=2    rescued=0    ignored=0   
47.112.127.70              : ok=9    changed=2    unreachable=0    failed=0    skipped=2    rescued=0    ignored=0   



ESYNC_WORKER1_COMMAND_END
MAX RETRIES EXECUTED, COMMAND NOT RESPONDING