ESYNC_WORKER1_COMMAND_START
 [WARNING]: Invalid characters were found in group names but not replaced, use
-vvvv to see details

PLAY [om-chengdu_nginx] ********************************************************


TASK [Gathering Facts] *********************************************************
ok: [40.83.79.117]
ok: [47.112.127.70]

TASK [nginx_sync : Change python interpreter] **********************************

skipping: [47.112.127.70]
skipping: [40.83.79.117]

TASK [nginx_sync : change python interpreter] **********************************
skipping: [47.112.127.70]

skipping: [40.83.79.117]

TASK [nginx_sync : Notify] *****************************************************
ok: [47.112.127.70] => {
    "msg": "Syncing om-chengdu_nginx"

}
ok: [40.83.79.117] => {
    "msg": "Syncing om-chengdu_nginx"
}


TASK [nginx_sync : include_vars] ***********************************************
ok: [47.112.127.70]
ok: [40.83.79.117]

TASK [nginx_sync : Synchronizing Nginx] ****************************************

ok: [40.83.79.117] => (item=conf)
ok: [47.112.127.70] => (item=conf)
changed: [40.83.79.117] => (item=conf.d)
changed: [47.112.127.70] => (item=conf.d)
ok: [40.83.79.117] => (item=data)

ok: [47.112.127.70] => (item=data)
ok: [40.83.79.117] => (item=html)
ok: [47.112.127.70] => (item=html)

TASK [all_servers : include_vars] **********************************************

ok: [47.112.127.70]
ok: [40.83.79.117]

TASK [all_servers : Notify] ****************************************************
ok: [47.112.127.70] => {

    "msg": "Clearing Nginx Cache for om-chengdu_nginx"
}
ok: [40.83.79.117] => {
    "msg": "Clearing Nginx Cache for om-chengdu_nginx"
}


TASK [all_servers : Copying clear_nginxcache.sh to remote hosts] ***************
ok: [47.112.127.70]
ok: [40.83.79.117]


TASK [all_servers : Nginx Clear Cache] *****************************************
changed: [40.83.79.117]
changed: [47.112.127.70]

TASK [all_servers : debug] *****************************************************

ok: [47.112.127.70] => {
    "script_result.stdout_lines": [
        "-----------------------------------------------------------", 
        "|                 Checking Nginx Config                   |", 
        "-----------------------------------------------------------", 

        "", 
        " nginx -t ", 
        "", 
        "-----------------------------------------------------------", 
        "|                 Stopping Nginx Process                  |", 

        "-----------------------------------------------------------", 
        "", 
        " /usr/bin/killall -9 nginx ", 
        "", 
        "-----------------------------------------------------------", 

        "|                 Clearing Proxy Cache                    |", 
        "-----------------------------------------------------------", 
        "", 
        " /bin/rm -rf /tmp/nginx_cache ", 
        "", 

        "-----------------------------------------------------------", 
        "|                Restarting Nginx Process                 |", 
        "-----------------------------------------------------------", 
        "root      2973  0.0  0.0 107464  2216 ?        Ss   Jul01   0:00 /sbin/dhclient -1 -q -lf /var/lib/dhclient/dhclient--eth0.lease -pf /var/run/dhclient-eth0.pid -H om-chengdu_nginx1 eth0", 
        "root      4538  0.0  0.0 113180  1496 ?        S    10:46   0:00 /bin/bash /bak/bin/clear_nginxcache.sh", 

        "root      4554  0.0  0.0 664172  2144 ?        Ss   10:46   0:00 nginx: master process /usr/local/nginx/sbin/nginx", 
        "nobody    4555  0.0  0.1 668424  6760 ?        S    10:46   0:00 nginx: worker process", 
        "nobody    4557  0.0  0.1 668424  7004 ?        S    10:46   0:00 nginx: worker process", 
        "nobody    4558  0.0  0.1 668424  7000 ?        S    10:46   0:00 nginx: worker process", 
        "nobody    4559  0.0  0.1 668424  7004 ?        S    10:46   0:00 nginx: worker process", 

        "nobody    4560  0.0  0.0 664172  2564 ?        S    10:46   0:00 nginx: cache manager process", 
        "nobody    4561  0.0  0.0 664172  2564 ?        S    10:46   0:00 nginx: cache loader process", 
        "root      4563  0.0  0.0 112712   952 ?        S    10:46   0:00 grep nginx", 
        "              total        used        free      shared  buff/cache   available", 
        "Mem:           3789         142         167           4        3478        3335", 

        "Swap:             0           0           0", 
        "-----------------------------------------------------------", 
        "|                     Reload SUCCESS!                     |", 
        "-----------------------------------------------------------"
    ]

}
ok: [40.83.79.117] => {
    "script_result.stdout_lines": [
        "-----------------------------------------------------------", 
        "|                 Checking Nginx Config                   |", 

        "-----------------------------------------------------------", 
        "", 
        " nginx -t ", 
        "", 
        "-----------------------------------------------------------", 

        "|                 Stopping Nginx Process                  |", 
        "-----------------------------------------------------------", 
        "", 
        " /usr/bin/killall -9 nginx ", 
        "", 

        "-----------------------------------------------------------", 
        "|                 Clearing Proxy Cache                    |", 
        "-----------------------------------------------------------", 
        "", 
        " /bin/rm -rf /tmp/nginx_cache ", 

        "", 
        "-----------------------------------------------------------", 
        "|                Restarting Nginx Process                 |", 
        "-----------------------------------------------------------", 
        "root      44660  0.4  0.0 113180  1500 ?        S    10:46   0:00 /bin/bash /bak/bin/clear_nginxcache.sh", 

        "root      44667  0.0  0.0 666364  2140 ?        Ss   10:46   0:00 nginx: master process /usr/local/nginx/sbin/nginx", 
        "nobody    44668  0.0  0.1 672700  6584 ?        S    10:46   0:00 nginx: worker process", 
        "nobody    44670  0.0  0.1 672700  6584 ?        S    10:46   0:00 nginx: worker process", 
        "nobody    44671  0.0  0.1 672700  6584 ?        S    10:46   0:00 nginx: worker process", 
        "nobody    44672  0.0  0.1 672700  6584 ?        S    10:46   0:00 nginx: worker process", 

        "nobody    44673  0.0  0.0 668448  2644 ?        S    10:46   0:00 nginx: cache manager process", 
        "nobody    44674  0.0  0.0 668448  2644 ?        S    10:46   0:00 nginx: cache loader process", 
        "root      44676  0.0  0.0 112708   960 ?        S    10:46   0:00 grep nginx", 
        "              total        used        free      shared  buff/cache   available", 
        "Mem:           3932         215         170         212        3546        3156", 

        "Swap:             0           0           0", 
        "-----------------------------------------------------------", 
        "|                     Reload SUCCESS!                     |", 
        "-----------------------------------------------------------"
    ]

}

PLAY [127.0.0.1] ***************************************************************

TASK [sync_to_git : Synchronizing Nginx To GIT] ********************************

changed: [127.0.0.1]

TASK [sync_to_git : debug] *****************************************************
ok: [127.0.0.1] => {
    "msg": " [u'[master 400c9f3] thunder', u' 1 file changed, 2 insertions(+), 2 deletions(-)', u'Branch master set up to track remote branch master from origin.']"

}

PLAY [om-chengdu_nginx] ********************************************************

PLAY [127.0.0.1] ***************************************************************


PLAY RECAP *********************************************************************
127.0.0.1                  : ok=2    changed=1    unreachable=0    failed=0    skipped=0    rescued=0    ignored=0   
40.83.79.117               : ok=9    changed=2    unreachable=0    failed=0    skipped=2    rescued=0    ignored=0   
47.112.127.70              : ok=9    changed=2    unreachable=0    failed=0    skipped=2    rescued=0    ignored=0   



ESYNC_WORKER1_COMMAND_END
MAX RETRIES EXECUTED, COMMAND NOT RESPONDING