--- /ansible/nginx/hostgroups/om-chengdu_nginx/nginx/conf.d/other/zentao.conf	2019-10-29 13:18:55.443879360 +0800
+++ /tmp/zentao.conf	2019-10-29 13:22:17.369879360 +0800
@@ -1,10 +1,7 @@
-
-
 server {
         listen 90;
-
         server_name zentaocd.neweb.me;
-            access_log logs/90.access.log main;
+        access_log logs/90.access.log main;
         error_log  logs/90.error.log;
         charset utf-8;
 
@@ -13,8 +10,8 @@
                proxy_set_header        Host            $host; 
                proxy_set_header        X-Forwarded-For $proxy_add_x_forwarded_for; 
                proxy_connect_timeout   80; 
-proxy_send_timeout      80; 
-proxy_read_timeout      80; 
+               proxy_send_timeout      80; 
+               proxy_read_timeout      80; 
 client_max_body_size    35m;
 client_body_buffer_size 256k;
 proxy_buffer_size       256k;

