ESYNC_COMMAND_START

PLAY [Product-EU__NginxForward] ************************************************

TASK [nginx_sync : Notify] *****************************************************
ok: [119.9.95.138] => {

    "msg": "Syncing Product-EU__NginxForward"
}
ok: [207.46.140.151] => {
    "msg": "Syncing Product-EU__NginxForward"
}

ok: [161.202.34.77] => {
    "msg": "Syncing Product-EU__NginxForward"
}
ok: [13.94.45.24] => {
    "msg": "Syncing Product-EU__NginxForward"

}
ok: [23.99.103.17] => {
    "msg": "Syncing Product-EU__NginxForward"
}
ok: [13.75.115.255] => {

    "msg": "Syncing Product-EU__NginxForward"
}
ok: [52.184.32.229] => {
    "msg": "Syncing Product-EU__NginxForward"
}

ok: [52.229.205.134] => {
    "msg": "Syncing Product-EU__NginxForward"
}
ok: [52.229.206.25] => {
    "msg": "Syncing Product-EU__NginxForward"

}
ok: [161.202.63.254] => {
    "msg": "Syncing Product-EU__NginxForward"
}
ok: [119.9.94.172] => {

    "msg": "Syncing Product-EU__NginxForward"
}

TASK [nginx_sync : include_vars] ***********************************************
ok: [119.9.95.138]

ok: [207.46.140.151]
ok: [161.202.34.77]
ok: [13.94.45.24]
ok: [23.99.103.17]
ok: [13.75.115.255]

ok: [52.184.32.229]
ok: [52.229.205.134]
ok: [52.229.206.25]
ok: [161.202.63.254]
ok: [119.9.94.172]


TASK [nginx_sync : Synchronizing Nginx] ****************************************
ok: [119.9.95.138] => (item=conf)
ok: [23.99.103.17] => (item=conf)
ok: [13.94.45.24] => (item=conf)

ok: [161.202.34.77] => (item=conf)
ok: [207.46.140.151] => (item=conf)
ok: [119.9.95.138] => (item=conf.d)
ok: [13.94.45.24] => (item=conf.d)
ok: [207.46.140.151] => (item=conf.d)

ok: [161.202.34.77] => (item=conf.d)
ok: [119.9.95.138] => (item=data)
ok: [13.94.45.24] => (item=data)
ok: [207.46.140.151] => (item=data)
ok: [23.99.103.17] => (item=conf.d)

ok: [119.9.95.138] => (item=html)
ok: [161.202.34.77] => (item=data)
ok: [13.94.45.24] => (item=html)
ok: [207.46.140.151] => (item=html)
ok: [23.99.103.17] => (item=data)

ok: [161.202.34.77] => (item=html)
ok: [13.75.115.255] => (item=conf)
ok: [52.184.32.229] => (item=conf)
ok: [52.229.205.134] => (item=conf)
ok: [23.99.103.17] => (item=html)

ok: [13.75.115.255] => (item=conf.d)
ok: [52.229.206.25] => (item=conf)
ok: [52.184.32.229] => (item=conf.d)
ok: [13.75.115.255] => (item=data)
ok: [161.202.63.254] => (item=conf)

ok: [52.184.32.229] => (item=data)
ok: [52.229.206.25] => (item=conf.d)
ok: [13.75.115.255] => (item=html)
ok: [52.184.32.229] => (item=html)
ok: [161.202.63.254] => (item=conf.d)

ok: [52.229.206.25] => (item=data)
ok: [119.9.94.172] => (item=conf)
ok: [161.202.63.254] => (item=data)
ok: [52.229.206.25] => (item=html)
ok: [119.9.94.172] => (item=conf.d)

ok: [161.202.63.254] => (item=html)
ok: [119.9.94.172] => (item=data)
ok: [119.9.94.172] => (item=html)
changed: [52.229.205.134] => (item=conf.d)
ok: [52.229.205.134] => (item=data)

ok: [52.229.205.134] => (item=html)

TASK [all_servers : include_vars] **********************************************
ok: [119.9.95.138]
ok: [207.46.140.151]

ok: [161.202.34.77]
ok: [13.94.45.24]
ok: [23.99.103.17]
ok: [13.75.115.255]
ok: [52.184.32.229]

ok: [52.229.205.134]
ok: [52.229.206.25]
ok: [161.202.63.254]
ok: [119.9.94.172]


TASK [all_servers : Notify] ****************************************************
ok: [119.9.95.138] => {
    "msg": "Clearing Nginx Cache for Product-EU__NginxForward"
}
ok: [207.46.140.151] => {

    "msg": "Clearing Nginx Cache for Product-EU__NginxForward"
}
ok: [161.202.34.77] => {
    "msg": "Clearing Nginx Cache for Product-EU__NginxForward"
}

ok: [13.94.45.24] => {
    "msg": "Clearing Nginx Cache for Product-EU__NginxForward"
}
ok: [23.99.103.17] => {
    "msg": "Clearing Nginx Cache for Product-EU__NginxForward"

}
ok: [13.75.115.255] => {
    "msg": "Clearing Nginx Cache for Product-EU__NginxForward"
}
ok: [52.184.32.229] => {

    "msg": "Clearing Nginx Cache for Product-EU__NginxForward"
}
ok: [52.229.205.134] => {
    "msg": "Clearing Nginx Cache for Product-EU__NginxForward"
}

ok: [52.229.206.25] => {
    "msg": "Clearing Nginx Cache for Product-EU__NginxForward"
}
ok: [161.202.63.254] => {
    "msg": "Clearing Nginx Cache for Product-EU__NginxForward"

}
ok: [119.9.94.172] => {
    "msg": "Clearing Nginx Cache for Product-EU__NginxForward"
}


TASK [all_servers : Copying clear_nginxcache.sh to remote hosts] ***************
changed: [23.99.103.17]
changed: [13.94.45.24]
changed: [119.9.95.138]
changed: [207.46.140.151]

changed: [161.202.34.77]
changed: [13.75.115.255]
changed: [52.229.206.25]
changed: [52.184.32.229]
changed: [52.229.205.134]

changed: [161.202.63.254]
changed: [119.9.94.172]

TASK [all_servers : Nginx Clear Cache] *****************************************
changed: [119.9.95.138]

changed: [23.99.103.17]
changed: [161.202.34.77]
changed: [13.94.45.24]
changed: [207.46.140.151]
changed: [13.75.115.255]

changed: [161.202.63.254]
changed: [52.184.32.229]
changed: [52.229.206.25]
changed: [52.229.205.134]
changed: [119.9.94.172]


TASK [all_servers : debug] *****************************************************
ok: [119.9.95.138] => {
    "script_result.stdout_lines": [
        "-----------------------------------------------------------", 

        "|                 Checking Nginx Config                   |", 
        "-----------------------------------------------------------", 
        "", 
        " nginx -t ", 
        "", 

        "-----------------------------------------------------------", 
        "|                 Stopping Nginx Process                  |", 
        "-----------------------------------------------------------", 
        "", 
        " /usr/bin/killall -9 nginx ", 

        "", 
        "-----------------------------------------------------------", 
        "|                 Clearing Proxy Cache                    |", 
        "-----------------------------------------------------------", 
        "", 

        " /bin/rm -rf /tmp/nginx_cache ", 
        "", 
        "-----------------------------------------------------------", 
        "|                Restarting Nginx Process                 |", 
        "-----------------------------------------------------------", 

        "root     31235  0.0  0.0 106084  1436 ?        S    16:20   0:00 /bin/bash /bak/bin/clear_nginxcache.sh", 
        "root     31241  0.0  2.8 879312 114120 ?       Ss   16:20   0:00 nginx: master process /usr/local/nginx/sbin/nginx", 
        "nobody   31243  0.0  2.9 881240 118772 ?       S    16:20   0:00 nginx: worker process      ", 
        "nobody   31244  0.0  2.9 881240 118756 ?       S    16:20   0:00 nginx: worker process      ", 
        "nobody   31245  0.0  2.9 881240 118756 ?       S    16:20   0:00 nginx: worker process      ", 

        "nobody   31246  0.0  2.9 881240 118756 ?       S    16:20   0:00 nginx: worker process      ", 
        "nobody   31247  0.0  2.8 879312 115668 ?       S    16:20   0:00 nginx: cache manager process", 
        "nobody   31248  0.0  2.8 879312 115628 ?       S    16:20   0:00 nginx: cache loader process", 
        "root     31250  0.0  0.0 103324   888 ?        S    16:20   0:00 grep nginx", 
        "             total       used       free     shared    buffers     cached", 

        "Mem:          3954       1888       2065          5        437        773", 
        "-/+ buffers/cache:        677       3276", 
        "Swap:            0          0          0", 
        "-----------------------------------------------------------", 
        "|                     Reload SUCCESS!                     |", 

        "-----------------------------------------------------------"
    ]
}
ok: [207.46.140.151] => {
    "script_result.stdout_lines": [

        "-----------------------------------------------------------", 
        "|                 Checking Nginx Config                   |", 
        "-----------------------------------------------------------", 
        "", 
        " nginx -t ", 

        "", 
        "-----------------------------------------------------------", 
        "|                 Stopping Nginx Process                  |", 
        "-----------------------------------------------------------", 
        "", 

        " /usr/bin/killall -9 nginx ", 
        "", 
        "-----------------------------------------------------------", 
        "|                 Clearing Proxy Cache                    |", 
        "-----------------------------------------------------------", 

        "", 
        " /bin/rm -rf /tmp/nginx_cache ", 
        "", 
        "-----------------------------------------------------------", 
        "|                Restarting Nginx Process                 |", 

        "-----------------------------------------------------------", 
        "root      47783  0.1  0.0 106120  1296 ?        S    16:20   0:00 /bin/bash /bak/bin/clear_nginxcache.sh", 
        "root      47846  0.3  3.2 879312 114060 ?       Ss   16:20   0:00 nginx: master process /usr/local/nginx/sbin/nginx", 
        "nobody    47847  0.0  3.4 881240 119888 ?       S    16:20   0:00 nginx: worker process      ", 
        "nobody    47849  0.6  3.4 881240 119884 ?       S    16:20   0:00 nginx: worker process      ", 

        "nobody    47850  0.3  3.4 881240 119920 ?       S    16:20   0:00 nginx: worker process      ", 
        "nobody    47851  0.0  3.4 881240 119884 ?       S    16:20   0:00 nginx: worker process      ", 
        "nobody    47852  0.0  3.2 879312 115604 ?       S    16:20   0:00 nginx: cache manager process", 
        "nobody    47853  0.0  3.2 879312 115552 ?       S    16:20   0:00 nginx: cache loader process", 
        "root      47855  0.0  0.0 103328   844 ?        S    16:20   0:00 grep nginx", 

        "             total       used       free     shared    buffers     cached", 
        "Mem:          3440       1937       1502          5        260        980", 
        "-/+ buffers/cache:        697       2743", 
        "Swap:            0          0          0", 
        "-----------------------------------------------------------", 

        "|                     Reload SUCCESS!                     |", 
        "-----------------------------------------------------------"
    ]
}
ok: [161.202.34.77] => {

    "script_result.stdout_lines": [
        "-----------------------------------------------------------", 
        "|                 Checking Nginx Config                   |", 
        "-----------------------------------------------------------", 
        "", 

        " nginx -t ", 
        "", 
        "-----------------------------------------------------------", 
        "|                 Stopping Nginx Process                  |", 
        "-----------------------------------------------------------", 

        "", 
        " /usr/bin/killall -9 nginx ", 
        "", 
        "-----------------------------------------------------------", 
        "|                 Clearing Proxy Cache                    |", 

        "-----------------------------------------------------------", 
        "", 
        " /bin/rm -rf /tmp/nginx_cache ", 
        "", 
        "-----------------------------------------------------------", 

        "|                Restarting Nginx Process                 |", 
        "-----------------------------------------------------------", 
        "root     25875  2.0  0.0 106112  1288 ?        S    16:20   0:00 /bin/bash /bak/bin/clear_nginxcache.sh", 
        "root     25881 22.5  5.9 879312 114052 ?       Ss   16:20   0:00 nginx: master process /usr/local/nginx/sbin/nginx", 
        "nobody   25883  0.5  6.2 881240 118700 ?       S    16:20   0:00 nginx: worker process      ", 

        "nobody   25884  0.5  6.2 881240 118684 ?       S    16:20   0:00 nginx: worker process      ", 
        "nobody   25885  0.5  6.2 881240 118684 ?       S    16:20   0:00 nginx: worker process      ", 
        "nobody   25886  0.5  6.2 881240 118684 ?       S    16:20   0:00 nginx: worker process      ", 
        "nobody   25887  0.0  6.0 879312 115592 ?       S    16:20   0:00 nginx: cache manager process", 
        "nobody   25888  0.0  6.0 879312 115540 ?       S    16:20   0:00 nginx: cache loader process", 

        "root     25890  0.0  0.0 103316   836 ?        S    16:20   0:00 grep nginx", 
        "             total       used       free     shared    buffers     cached", 
        "Mem:          1869       1426        442          5        680        364", 
        "-/+ buffers/cache:        380       1488", 
        "Swap:         2047          0       2047", 

        "-----------------------------------------------------------", 
        "|                     Reload SUCCESS!                     |", 
        "-----------------------------------------------------------"
    ]
}

ok: [13.94.45.24] => {
    "script_result.stdout_lines": [
        "-----------------------------------------------------------", 
        "|                 Checking Nginx Config                   |", 
        "-----------------------------------------------------------", 

        "", 
        " nginx -t ", 
        "", 
        "-----------------------------------------------------------", 
        "|                 Stopping Nginx Process                  |", 

        "-----------------------------------------------------------", 
        "", 
        " /usr/bin/killall -9 nginx ", 
        "", 
        "-----------------------------------------------------------", 

        "|                 Clearing Proxy Cache                    |", 
        "-----------------------------------------------------------", 
        "", 
        " /bin/rm -rf /tmp/nginx_cache ", 
        "", 

        "-----------------------------------------------------------", 
        "|                Restarting Nginx Process                 |", 
        "-----------------------------------------------------------", 
        "root        441  0.0  0.0 106120  1296 ?        S    16:20   0:00 /bin/bash /bak/bin/clear_nginxcache.sh", 
        "root        450  0.5  3.2 879312 114056 ?       Ss   16:20   0:00 nginx: master process /usr/local/nginx/sbin/nginx", 

        "nobody      452  0.0  3.3 881240 118636 ?       S    16:20   0:00 nginx: worker process      ", 
        "nobody      453  0.0  3.3 881240 118652 ?       S    16:20   0:00 nginx: worker process      ", 
        "nobody      454  0.5  3.3 881240 118640 ?       S    16:20   0:00 nginx: worker process      ", 
        "nobody      455  0.0  3.3 881240 118636 ?       S    16:20   0:00 nginx: worker process      ", 
        "nobody      456  0.0  3.2 879312 115548 ?       S    16:20   0:00 nginx: cache manager process", 

        "nobody      457  0.0  3.2 879312 115508 ?       S    16:20   0:00 nginx: cache loader process", 
        "root        459  0.0  0.0 103332   852 ?        S    16:20   0:00 grep nginx", 
        "             total       used       free     shared    buffers     cached", 
        "Mem:          3440       2797        642          5        421       1413", 
        "-/+ buffers/cache:        962       2477", 

        "Swap:            0          0          0", 
        "-----------------------------------------------------------", 
        "|                     Reload SUCCESS!                     |", 
        "-----------------------------------------------------------"
    ]

}
ok: [23.99.103.17] => {
    "script_result.stdout_lines": [
        "-----------------------------------------------------------", 
        "|                 Checking Nginx Config                   |", 

        "-----------------------------------------------------------", 
        "", 
        " nginx -t ", 
        "", 
        "-----------------------------------------------------------", 

        "|                 Stopping Nginx Process                  |", 
        "-----------------------------------------------------------", 
        "", 
        " /usr/bin/killall -9 nginx ", 
        "", 

        "-----------------------------------------------------------", 
        "|                 Clearing Proxy Cache                    |", 
        "-----------------------------------------------------------", 
        "", 
        " /bin/rm -rf /tmp/nginx_cache ", 

        "", 
        "-----------------------------------------------------------", 
        "|                Restarting Nginx Process                 |", 
        "-----------------------------------------------------------", 
        "root      76167  0.0  0.0 106112  1296 ?        S    16:20   0:00 /bin/bash /bak/bin/clear_nginxcache.sh", 

        "root      76173  0.0  3.2 879780 114072 ?       Ss   16:20   0:00 nginx: master process /usr/local/nginx/sbin/nginx", 
        "nobody    76174  0.0  3.3 881708 118720 ?       S    16:20   0:00 nginx: worker process      ", 
        "nobody    76176  0.0  3.3 881708 118704 ?       S    16:20   0:00 nginx: worker process      ", 
        "nobody    76177  0.0  3.3 881708 118704 ?       S    16:20   0:00 nginx: worker process      ", 
        "nobody    76178  0.0  3.3 881708 118704 ?       S    16:20   0:00 nginx: worker process      ", 

        "nobody    76179  0.0  3.2 879780 115612 ?       S    16:20   0:00 nginx: cache manager process", 
        "nobody    76180  0.0  3.2 879780 115560 ?       S    16:20   0:00 nginx: cache loader process", 
        "root      76182  0.0  0.0 103264   828 ?        S    16:20   0:00 grep nginx", 
        "             total       used       free     shared    buffers     cached", 
        "Mem:          3440       2861        578          0        389       1550", 

        "-/+ buffers/cache:        921       2518", 
        "Swap:            0          0          0", 
        "-----------------------------------------------------------", 
        "|                     Reload SUCCESS!                     |", 
        "-----------------------------------------------------------"

    ]
}
ok: [13.75.115.255] => {
    "script_result.stdout_lines": [
        "-----------------------------------------------------------", 

        "|                 Checking Nginx Config                   |", 
        "-----------------------------------------------------------", 
        "", 
        " nginx -t ", 
        "", 

        "-----------------------------------------------------------", 
        "|                 Stopping Nginx Process                  |", 
        "-----------------------------------------------------------", 
        "", 
        " /usr/bin/killall -9 nginx ", 

        "", 
        "-----------------------------------------------------------", 
        "|                 Clearing Proxy Cache                    |", 
        "-----------------------------------------------------------", 
        "", 

        " /bin/rm -rf /tmp/nginx_cache ", 
        "", 
        "-----------------------------------------------------------", 
        "|                Restarting Nginx Process                 |", 
        "-----------------------------------------------------------", 

        "root     128395  0.1  0.0 106124  1296 ?        S    16:20   0:00 /bin/bash /bak/bin/clear_nginxcache.sh", 
        "root     128401  0.6  3.2 879316 114060 ?       Ss   16:20   0:00 nginx: master process /usr/local/nginx/sbin/nginx", 
        "nobody   128402  0.0  3.4 881244 119900 ?       S    16:20   0:00 nginx: worker process      ", 
        "nobody   128403  0.0  3.3 881244 118716 ?       S    16:20   0:00 nginx: worker process      ", 
        "nobody   128404  0.0  3.3 881244 119492 ?       S    16:20   0:00 nginx: worker process      ", 

        "nobody   128406  0.3  3.4 881244 119884 ?       S    16:20   0:00 nginx: worker process      ", 
        "nobody   128407  0.0  3.2 879316 115604 ?       S    16:20   0:00 nginx: cache manager process", 
        "nobody   128408  0.0  3.2 879316 115552 ?       S    16:20   0:00 nginx: cache loader process", 
        "root     128410  0.0  0.0 103332   840 ?        S    16:20   0:00 grep nginx", 
        "             total       used       free     shared    buffers     cached", 

        "Mem:          3440       1701       1738          5        290        761", 
        "-/+ buffers/cache:        649       2790", 
        "Swap:            0          0          0", 
        "-----------------------------------------------------------", 
        "|                     Reload SUCCESS!                     |", 

        "-----------------------------------------------------------"
    ]
}
ok: [52.184.32.229] => {
    "script_result.stdout_lines": [

        "-----------------------------------------------------------", 
        "|                 Checking Nginx Config                   |", 
        "-----------------------------------------------------------", 
        "", 
        " nginx -t ", 

        "", 
        "-----------------------------------------------------------", 
        "|                 Stopping Nginx Process                  |", 
        "-----------------------------------------------------------", 
        "", 

        " /usr/bin/killall -9 nginx ", 
        "", 
        "-----------------------------------------------------------", 
        "|                 Clearing Proxy Cache                    |", 
        "-----------------------------------------------------------", 

        "", 
        " /bin/rm -rf /tmp/nginx_cache ", 
        "", 
        "-----------------------------------------------------------", 
        "|                Restarting Nginx Process                 |", 

        "-----------------------------------------------------------", 
        "root      55069  0.1  0.0 106112  1292 ?        S    16:20   0:00 /bin/bash /bak/bin/clear_nginxcache.sh", 
        "root      55145  0.3  2.8 879776 114064 ?       Ss   16:20   0:00 nginx: master process /usr/local/nginx/sbin/nginx", 
        "nobody    55146  0.0  2.9 881704 118700 ?       S    16:20   0:00 nginx: worker process      ", 
        "nobody    55148  0.3  2.9 881704 118700 ?       S    16:20   0:00 nginx: worker process      ", 

        "nobody    55149  0.0  2.9 881704 118716 ?       S    16:20   0:00 nginx: worker process      ", 
        "nobody    55150  0.0  2.9 881704 118700 ?       S    16:20   0:00 nginx: worker process      ", 
        "nobody    55151  0.0  2.8 879776 115608 ?       S    16:20   0:00 nginx: cache manager process", 
        "nobody    55152  0.0  2.8 879776 115556 ?       S    16:20   0:00 nginx: cache loader process", 
        "root      55154  0.0  0.0 103264   832 ?        S    16:20   0:00 grep nginx", 

        "             total       used       free     shared    buffers     cached", 
        "Mem:          3944       3347        597          0        495       1359", 
        "-/+ buffers/cache:       1492       2452", 
        "Swap:            0          0          0", 
        "-----------------------------------------------------------", 

        "|                     Reload SUCCESS!                     |", 
        "-----------------------------------------------------------"
    ]
}
ok: [52.229.205.134] => {

    "script_result.stdout_lines": [
        "-----------------------------------------------------------", 
        "|                 Checking Nginx Config                   |", 
        "-----------------------------------------------------------", 
        "", 

        " nginx -t ", 
        "", 
        "-----------------------------------------------------------", 
        "|                 Stopping Nginx Process                  |", 
        "-----------------------------------------------------------", 

        "", 
        " /usr/bin/killall -9 nginx ", 
        "", 
        "-----------------------------------------------------------", 
        "|                 Clearing Proxy Cache                    |", 

        "-----------------------------------------------------------", 
        "", 
        " /bin/rm -rf /tmp/nginx_cache ", 
        "", 
        "-----------------------------------------------------------", 

        "|                Restarting Nginx Process                 |", 
        "-----------------------------------------------------------", 
        "root      93733  0.0  0.0 110260  1432 ?        Ss   16:08   0:00 rsync --server -logDtprze.iLsfxC --log-format=%i --delete-after --delay-updates . /usr/local/nginx/conf.d/", 
        "root      93754  0.0  0.0 110676   840 ?        S    16:08   0:00 rsync --server -logDtprze.iLsfxC --log-format=%i --delete-after --delay-updates . /usr/local/nginx/conf.d/", 
        "root      97005  0.0  0.0 106112  1292 ?        S    16:20   0:00 /bin/bash /bak/bin/clear_nginxcache.sh", 

        "root      97011  0.3  2.8 879776 114064 ?       Ss   16:20   0:00 nginx: master process /usr/local/nginx/sbin/nginx", 
        "nobody    97012  0.3  2.9 881704 118704 ?       R    16:20   0:00 nginx: worker process      ", 
        "nobody    97014  0.0  2.9 881704 118712 ?       S    16:20   0:00 nginx: worker process      ", 
        "nobody    97015  0.0  2.9 881704 119904 ?       R    16:20   0:00 nginx: worker process      ", 
        "nobody    97016  0.0  2.9 881704 119888 ?       R    16:20   0:00 nginx: worker process      ", 

        "nobody    97017  0.0  2.8 879776 115608 ?       S    16:20   0:00 nginx: cache manager process", 
        "nobody    97018  0.0  2.8 879776 115556 ?       S    16:20   0:00 nginx: cache loader process", 
        "root      97020  0.0  0.0 103264   832 ?        S    16:20   0:00 grep nginx", 
        "             total       used       free     shared    buffers     cached", 
        "Mem:          3944       1893       2050          0        277        911", 

        "-/+ buffers/cache:        704       3239", 
        "Swap:            0          0          0", 
        "-----------------------------------------------------------", 
        "|                     Reload SUCCESS!                     |", 
        "-----------------------------------------------------------"

    ]
}
ok: [52.229.206.25] => {
    "script_result.stdout_lines": [
        "-----------------------------------------------------------", 

        "|                 Checking Nginx Config                   |", 
        "-----------------------------------------------------------", 
        "", 
        " nginx -t ", 
        "", 

        "-----------------------------------------------------------", 
        "|                 Stopping Nginx Process                  |", 
        "-----------------------------------------------------------", 
        "", 
        " /usr/bin/killall -9 nginx ", 

        "", 
        "-----------------------------------------------------------", 
        "|                 Clearing Proxy Cache                    |", 
        "-----------------------------------------------------------", 
        "", 

        " /bin/rm -rf /tmp/nginx_cache ", 
        "", 
        "-----------------------------------------------------------", 
        "|                Restarting Nginx Process                 |", 
        "-----------------------------------------------------------", 

        "root      47379  0.0  0.0 106112  1296 ?        S    16:20   0:00 /bin/bash /bak/bin/clear_nginxcache.sh", 
        "root      47385  0.3  2.8 879776 114064 ?       Ss   16:20   0:00 nginx: master process /usr/local/nginx/sbin/nginx", 
        "nobody    47386  0.0  2.9 881704 118700 ?       S    16:20   0:00 nginx: worker process      ", 
        "nobody    47387  0.0  2.9 881704 118720 ?       S    16:20   0:00 nginx: worker process      ", 
        "nobody    47389  0.0  2.9 881704 118700 ?       S    16:20   0:00 nginx: worker process      ", 

        "nobody    47390  0.0  2.9 881704 118700 ?       S    16:20   0:00 nginx: worker process      ", 
        "nobody    47391  0.0  2.8 879776 115612 ?       S    16:20   0:00 nginx: cache manager process", 
        "nobody    47392  0.0  2.8 879776 115556 ?       S    16:20   0:00 nginx: cache loader process", 
        "root      47394  0.0  0.0 103264   832 ?        S    16:20   0:00 grep nginx", 
        "             total       used       free     shared    buffers     cached", 

        "Mem:          3944       2530       1414          0        328        990", 
        "-/+ buffers/cache:       1210       2733", 
        "Swap:            0          0          0", 
        "-----------------------------------------------------------", 
        "|                     Reload SUCCESS!                     |", 

        "-----------------------------------------------------------"
    ]
}
ok: [161.202.63.254] => {
    "script_result.stdout_lines": [

        "-----------------------------------------------------------", 
        "|                 Checking Nginx Config                   |", 
        "-----------------------------------------------------------", 
        "", 
        " nginx -t ", 

        "", 
        "-----------------------------------------------------------", 
        "|                 Stopping Nginx Process                  |", 
        "-----------------------------------------------------------", 
        "", 

        " /usr/bin/killall -9 nginx ", 
        "", 
        "-----------------------------------------------------------", 
        "|                 Clearing Proxy Cache                    |", 
        "-----------------------------------------------------------", 

        "", 
        " /bin/rm -rf /tmp/nginx_cache ", 
        "", 
        "-----------------------------------------------------------", 
        "|                Restarting Nginx Process                 |", 

        "-----------------------------------------------------------", 
        "root     30401  0.5  0.0 106112  1292 ?        S    16:20   0:00 /bin/bash /bak/bin/clear_nginxcache.sh", 
        "root     30407  8.0  1.4 879312 114052 ?       Ss   16:20   0:00 nginx: master process /usr/local/nginx/sbin/nginx", 
        "nobody   30409  0.0  1.4 881240 118700 ?       S    16:20   0:00 nginx: worker process      ", 
        "nobody   30410  0.0  1.4 881240 118684 ?       S    16:20   0:00 nginx: worker process      ", 

        "nobody   30411  0.0  1.4 881240 118684 ?       S    16:20   0:00 nginx: worker process      ", 
        "nobody   30412  0.0  1.4 881240 118684 ?       S    16:20   0:00 nginx: worker process      ", 
        "nobody   30413  0.0  1.4 879312 115592 ?       S    16:20   0:00 nginx: cache manager process", 
        "nobody   30414  0.0  1.4 879312 115540 ?       S    16:20   0:00 nginx: cache loader process", 
        "root     30416  0.0  0.0 103316   832 ?        S    16:20   0:00 grep nginx", 

        "             total       used       free     shared    buffers     cached", 
        "Mem:          7840       1546       6293          5        215        757", 
        "-/+ buffers/cache:        573       7266", 
        "Swap:         2047          0       2047", 
        "-----------------------------------------------------------", 

        "|                     Reload SUCCESS!                     |", 
        "-----------------------------------------------------------"
    ]
}
ok: [119.9.94.172] => {

    "script_result.stdout_lines": [
        "-----------------------------------------------------------", 
        "|                 Checking Nginx Config                   |", 
        "-----------------------------------------------------------", 
        "", 

        " nginx -t ", 
        "", 
        "-----------------------------------------------------------", 
        "|                 Stopping Nginx Process                  |", 
        "-----------------------------------------------------------", 

        "", 
        " /usr/bin/killall -9 nginx ", 
        "", 
        "-----------------------------------------------------------", 
        "|                 Clearing Proxy Cache                    |", 

        "-----------------------------------------------------------", 
        "", 
        " /bin/rm -rf /tmp/nginx_cache ", 
        "", 
        "-----------------------------------------------------------", 

        "|                Restarting Nginx Process                 |", 
        "-----------------------------------------------------------", 
        "root     27039  0.0  0.0 106084  1436 ?        S    16:20   0:00 /bin/bash /bak/bin/clear_nginxcache.sh", 
        "root     27049  0.0  2.8 879312 114120 ?       Ss   16:20   0:00 nginx: master process /usr/local/nginx/sbin/nginx", 
        "nobody   27050  0.0  2.9 881240 118784 ?       S    16:20   0:00 nginx: worker process      ", 

        "nobody   27052  0.0  2.9 881240 119940 ?       S    16:20   0:00 nginx: worker process      ", 
        "nobody   27053  0.0  2.9 881240 119116 ?       S    16:20   0:00 nginx: worker process      ", 
        "nobody   27054  0.0  2.9 881240 118772 ?       S    16:20   0:00 nginx: worker process      ", 
        "nobody   27055  0.0  2.8 879312 115668 ?       S    16:20   0:00 nginx: cache manager process", 
        "nobody   27056  0.0  2.8 879312 115628 ?       S    16:20   0:00 nginx: cache loader process", 

        "root     27060  0.0  0.0 103324   884 ?        R    16:20   0:00 grep nginx", 
        "             total       used       free     shared    buffers     cached", 
        "Mem:          3953       3285        668          5        273       1291", 
        "-/+ buffers/cache:       1721       2232", 
        "Swap:            0          0          0", 

        "-----------------------------------------------------------", 
        "|                     Reload SUCCESS!                     |", 
        "-----------------------------------------------------------"
    ]
}


PLAY [127.0.0.1] ***************************************************************

TASK [sync_to_git : Synchronizing Nginx To GIT] ********************************
changed: [127.0.0.1]


TASK [sync_to_git : debug] *****************************************************
ok: [127.0.0.1] => {
    "script_result.stdout_lines": [
        "[master 6c3f4b7] aaron.navarro", 

        " 4 files changed, 8 insertions(+), 11 deletions(-)", 
        "Branch master set up to track remote branch master from origin."
    ]
}


PLAY [Product-EU__NginxForward] ************************************************

PLAY [127.0.0.1] ***************************************************************

PLAY RECAP *********************************************************************

119.9.94.172               : ok=8    changed=2    unreachable=0    failed=0   
119.9.95.138               : ok=8    changed=2    unreachable=0    failed=0   
127.0.0.1                  : ok=2    changed=1    unreachable=0    failed=0   
13.75.115.255              : ok=8    changed=2    unreachable=0    failed=0   
13.94.45.24                : ok=8    changed=2    unreachable=0    failed=0   

161.202.34.77              : ok=8    changed=2    unreachable=0    failed=0   
161.202.63.254             : ok=8    changed=2    unreachable=0    failed=0   
207.46.140.151             : ok=8    changed=2    unreachable=0    failed=0   
23.99.103.17               : ok=8    changed=2    unreachable=0    failed=0   
52.184.32.229              : ok=8    changed=2    unreachable=0    failed=0   

52.229.205.134             : ok=8    changed=3    unreachable=0    failed=0   
52.229.206.25              : ok=8    changed=2    unreachable=0    failed=0   


ESYNC_COMMAND_END
MAX RETRIES EXECUTED, COMMAND NOT RESPONDING