FILENAME: 80-443/eu6633.com.conf
-  
+  server {
+      listen 80;
+      server_name eu6633.com www.eu6633.com;
+      rewrite ^(.*)$ https://www.eu6633.com$1 permanent;
+  }
+  
+  server {
+      listen 443;
+      server_name eu6633.com www.eu6633.com;
+      ssl on;
+      ssl_certificate /usr/local/nginx/conf.d/ssl/eu6633.com/fullchain.pem;
+      ssl_certificate_key /usr/local/nginx/conf.d/ssl/eu6633.com/privkey.pem;
+  
+      if ($http_host !~* 'www') {
+          rewrite ^(.*)$ https://www.$http_host$1 permanent;
+      }
+  
+      include /usr/local/nginx/conf.d/include/eu_masterconfig.include;
+  }
+  
+  

