ESYNC_COMMAND_START

PLAY [Product-HAOMEN__NginxForward] ********************************************

TASK [nginx_sync : Notify] *****************************************************
ok: [119.81.239.91] => {

    "msg": "Syncing Product-HAOMEN__NginxForward"
}
ok: [23.99.122.104] => {
    "msg": "Syncing Product-HAOMEN__NginxForward"
}

ok: [119.9.93.180] => {
    "msg": "Syncing Product-HAOMEN__NginxForward"
}
ok: [119.9.104.70] => {
    "msg": "Syncing Product-HAOMEN__NginxForward"

}
ok: [13.75.90.12] => {
    "msg": "Syncing Product-HAOMEN__NginxForward"
}
ok: [118.193.143.77] => {

    "msg": "Syncing Product-HAOMEN__NginxForward"
}
ok: [23.99.109.84] => {
    "msg": "Syncing Product-HAOMEN__NginxForward"
}

ok: [13.75.114.134] => {
    "msg": "Syncing Product-HAOMEN__NginxForward"
}

TASK [nginx_sync : include_vars] ***********************************************

ok: [119.81.239.91]
ok: [23.99.122.104]
ok: [119.9.93.180]
ok: [119.9.104.70]
ok: [13.75.90.12]

ok: [118.193.143.77]
ok: [23.99.109.84]
ok: [13.75.114.134]

TASK [nginx_sync : Synchronizing Nginx] ****************************************

ok: [119.9.93.180] => (item=conf)
ok: [119.9.104.70] => (item=conf)
ok: [23.99.122.104] => (item=conf)
ok: [13.75.90.12] => (item=conf)
ok: [119.81.239.91] => (item=conf)

changed: [119.9.104.70] => (item=conf.d)
changed: [13.75.90.12] => (item=conf.d)
changed: [119.9.93.180] => (item=conf.d)
changed: [23.99.122.104] => (item=conf.d)
changed: [119.81.239.91] => (item=conf.d)

ok: [13.75.90.12] => (item=data)
ok: [119.9.104.70] => (item=data)
ok: [23.99.122.104] => (item=data)
ok: [119.9.93.180] => (item=data)
ok: [119.81.239.91] => (item=data)

ok: [119.9.104.70] => (item=html)
ok: [13.75.90.12] => (item=html)
ok: [23.99.122.104] => (item=html)
ok: [119.81.239.91] => (item=html)
ok: [118.193.143.77] => (item=conf)

ok: [23.99.109.84] => (item=conf)
ok: [119.9.93.180] => (item=html)
ok: [13.75.114.134] => (item=conf)
changed: [118.193.143.77] => (item=conf.d)
changed: [13.75.114.134] => (item=conf.d)

changed: [23.99.109.84] => (item=conf.d)
ok: [118.193.143.77] => (item=data)
ok: [13.75.114.134] => (item=data)
ok: [23.99.109.84] => (item=data)
ok: [118.193.143.77] => (item=html)

ok: [13.75.114.134] => (item=html)
ok: [23.99.109.84] => (item=html)

TASK [all_servers : include_vars] **********************************************
ok: [119.81.239.91]

ok: [23.99.122.104]
ok: [119.9.93.180]
ok: [119.9.104.70]
ok: [13.75.90.12]
ok: [118.193.143.77]

ok: [23.99.109.84]
ok: [13.75.114.134]

TASK [all_servers : Notify] ****************************************************
ok: [119.81.239.91] => {

    "msg": "Clearing Nginx Cache for Product-HAOMEN__NginxForward"
}
ok: [23.99.122.104] => {
    "msg": "Clearing Nginx Cache for Product-HAOMEN__NginxForward"
}

ok: [119.9.93.180] => {
    "msg": "Clearing Nginx Cache for Product-HAOMEN__NginxForward"
}
ok: [119.9.104.70] => {
    "msg": "Clearing Nginx Cache for Product-HAOMEN__NginxForward"

}
ok: [13.75.90.12] => {
    "msg": "Clearing Nginx Cache for Product-HAOMEN__NginxForward"
}
ok: [118.193.143.77] => {

    "msg": "Clearing Nginx Cache for Product-HAOMEN__NginxForward"
}
ok: [23.99.109.84] => {
    "msg": "Clearing Nginx Cache for Product-HAOMEN__NginxForward"
}

ok: [13.75.114.134] => {
    "msg": "Clearing Nginx Cache for Product-HAOMEN__NginxForward"
}

TASK [all_servers : Copying clear_nginxcache.sh to remote hosts] ***************

ok: [23.99.122.104]
ok: [13.75.90.12]
ok: [119.81.239.91]
ok: [119.9.93.180]
ok: [23.99.109.84]

ok: [119.9.104.70]
ok: [13.75.114.134]
ok: [118.193.143.77]

TASK [all_servers : Nginx Clear Cache] *****************************************

changed: [119.9.93.180]
changed: [23.99.122.104]
changed: [13.75.90.12]
changed: [119.81.239.91]
changed: [119.9.104.70]

changed: [118.193.143.77]
changed: [23.99.109.84]
changed: [13.75.114.134]

TASK [all_servers : debug] *****************************************************

ok: [119.81.239.91] => {
    "script_result.stdout_lines": [
        "-----------------------------------------------------------", 
        "|                 Checking Nginx Config                   |", 
        "-----------------------------------------------------------", 

        "", 
        " nginx -t ", 
        "", 
        "-----------------------------------------------------------", 
        "|                 Stopping Nginx Process                  |", 

        "-----------------------------------------------------------", 
        "", 
        " /usr/bin/killall -9 nginx ", 
        "", 
        "-----------------------------------------------------------", 

        "|                 Clearing Proxy Cache                    |", 
        "-----------------------------------------------------------", 
        "", 
        " /bin/rm -rf /tmp/nginx_cache ", 
        "", 

        "-----------------------------------------------------------", 
        "|                Restarting Nginx Process                 |", 
        "-----------------------------------------------------------", 
        "root     29500  2.7  0.0 106120  1292 ?        S    14:20   0:00 /bin/bash /bak/bin/clear_nginxcache.sh", 
        "root     29511  6.6  1.0 807480 42060 ?        Ss   14:20   0:00 nginx: master process /usr/local/nginx/sbin/nginx", 

        "nobody   29513  0.3  1.1 809408 46800 ?        S    14:20   0:00 nginx: worker process      ", 
        "nobody   29514  0.3  1.1 809408 46784 ?        S    14:20   0:00 nginx: worker process      ", 
        "nobody   29515  0.3  1.1 809408 46784 ?        S    14:20   0:00 nginx: worker process      ", 
        "nobody   29516  0.3  1.1 809408 46784 ?        S    14:20   0:00 nginx: worker process      ", 
        "nobody   29517  0.0  1.0 807480 43596 ?        S    14:20   0:00 nginx: cache manager process", 

        "nobody   29518  0.0  1.0 807480 43544 ?        S    14:20   0:00 nginx: cache loader process", 
        "root     29520  0.0  0.0 103328   840 ?        S    14:20   0:00 grep nginx", 
        "             total       used       free     shared    buffers     cached", 
        "Mem:          4010       1434       2575          5        662        430", 
        "-/+ buffers/cache:        342       3668", 

        "Swap:         2047          0       2047", 
        "-----------------------------------------------------------", 
        "|                     Reload SUCCESS!                     |", 
        "-----------------------------------------------------------"
    ]

}
ok: [23.99.122.104] => {
    "script_result.stdout_lines": [
        "-----------------------------------------------------------", 
        "|                 Checking Nginx Config                   |", 

        "-----------------------------------------------------------", 
        "", 
        " nginx -t ", 
        "", 
        "-----------------------------------------------------------", 

        "|                 Stopping Nginx Process                  |", 
        "-----------------------------------------------------------", 
        "", 
        " /usr/bin/killall -9 nginx ", 
        "", 

        "-----------------------------------------------------------", 
        "|                 Clearing Proxy Cache                    |", 
        "-----------------------------------------------------------", 
        "", 
        " /bin/rm -rf /tmp/nginx_cache ", 

        "", 
        "-----------------------------------------------------------", 
        "|                Restarting Nginx Process                 |", 
        "-----------------------------------------------------------", 
        "root     118003  0.0  0.0 106120  1292 ?        S    14:20   0:00 /bin/bash /bak/bin/clear_nginxcache.sh", 

        "root     118014  0.0  1.1 807480 42056 ?        Ss   14:20   0:00 nginx: master process /usr/local/nginx/sbin/nginx", 
        "nobody   118015  0.3  1.3 809408 46788 ?        S    14:20   0:00 nginx: worker process      ", 
        "nobody   118017  0.0  1.3 809408 46812 ?        S    14:20   0:00 nginx: worker process      ", 
        "nobody   118018  0.0  1.3 809408 46788 ?        S    14:20   0:00 nginx: worker process      ", 
        "nobody   118019  0.0  1.3 809408 46804 ?        S    14:20   0:00 nginx: worker process      ", 

        "nobody   118020  0.3  1.2 807480 43604 ?        S    14:20   0:00 nginx: cache manager process", 
        "nobody   118021  0.0  1.2 807480 43564 ?        S    14:20   0:00 nginx: cache loader process", 
        "root     118023  0.0  0.0 103332   852 ?        S    14:20   0:00 grep nginx", 
        "             total       used       free     shared    buffers     cached", 
        "Mem:          3440       2114       1326          5        273       1168", 

        "-/+ buffers/cache:        671       2768", 
        "Swap:            0          0          0", 
        "-----------------------------------------------------------", 
        "|                     Reload SUCCESS!                     |", 
        "-----------------------------------------------------------"

    ]
}
ok: [119.9.93.180] => {
    "script_result.stdout_lines": [
        "-----------------------------------------------------------", 

        "|                 Checking Nginx Config                   |", 
        "-----------------------------------------------------------", 
        "", 
        " nginx -t ", 
        "", 

        "-----------------------------------------------------------", 
        "|                 Stopping Nginx Process                  |", 
        "-----------------------------------------------------------", 
        "", 
        " /usr/bin/killall -9 nginx ", 

        "", 
        "-----------------------------------------------------------", 
        "|                 Clearing Proxy Cache                    |", 
        "-----------------------------------------------------------", 
        "", 

        " /bin/rm -rf /tmp/nginx_cache ", 
        "", 
        "-----------------------------------------------------------", 
        "|                Restarting Nginx Process                 |", 
        "-----------------------------------------------------------", 

        "root     31033  0.0  0.0 106084  1436 ?        S    14:20   0:00 /bin/bash /bak/bin/clear_nginxcache.sh", 
        "root     31088  0.0  1.0 807484 42112 ?        Ss   14:20   0:00 nginx: master process /usr/local/nginx/sbin/nginx", 
        "nobody   31090  0.0  1.1 809412 46864 ?        S    14:20   0:00 nginx: worker process      ", 
        "nobody   31091  0.0  1.1 809412 46848 ?        S    14:20   0:00 nginx: worker process      ", 
        "nobody   31092  0.0  1.1 809412 46848 ?        S    14:20   0:00 nginx: worker process      ", 

        "nobody   31093  0.0  1.1 809412 46848 ?        S    14:20   0:00 nginx: worker process      ", 
        "nobody   31094  0.0  1.0 807484 43660 ?        S    14:20   0:00 nginx: cache manager process", 
        "nobody   31095  0.0  1.0 807484 43624 ?        S    14:20   0:00 nginx: cache loader process", 
        "root     31100  0.0  0.0 103324   884 ?        S    14:20   0:00 grep nginx", 
        "             total       used       free     shared    buffers     cached", 

        "Mem:          3954       1591       2362          5        304        717", 
        "-/+ buffers/cache:        569       3385", 
        "Swap:            0          0          0", 
        "-----------------------------------------------------------", 
        "|                     Reload SUCCESS!                     |", 

        "-----------------------------------------------------------"
    ]
}
ok: [119.9.104.70] => {
    "script_result.stdout_lines": [

        "-----------------------------------------------------------", 
        "|                 Checking Nginx Config                   |", 
        "-----------------------------------------------------------", 
        "", 
        " nginx -t ", 

        "", 
        "-----------------------------------------------------------", 
        "|                 Stopping Nginx Process                  |", 
        "-----------------------------------------------------------", 
        "", 

        " /usr/bin/killall -9 nginx ", 
        "", 
        "-----------------------------------------------------------", 
        "|                 Clearing Proxy Cache                    |", 
        "-----------------------------------------------------------", 

        "", 
        " /bin/rm -rf /tmp/nginx_cache ", 
        "", 
        "-----------------------------------------------------------", 
        "|                Restarting Nginx Process                 |", 

        "-----------------------------------------------------------", 
        "root      8725  0.0  0.0 106084  1436 ?        S    14:20   0:00 /bin/bash /bak/bin/clear_nginxcache.sh", 
        "root      8799  0.0  1.0 807484 42116 ?        Ss   14:20   0:00 nginx: master process /usr/local/nginx/sbin/nginx", 
        "nobody    8802  0.0  1.1 809412 47744 ?        S    14:20   0:00 nginx: worker process      ", 
        "nobody    8804  0.0  1.1 809412 47660 ?        S    14:20   0:00 nginx: worker process      ", 

        "nobody    8806  0.5  1.1 809412 47656 ?        R    14:20   0:00 nginx: worker process      ", 
        "nobody    8807  0.5  1.1 809412 47920 ?        R    14:20   0:00 nginx: worker process      ", 
        "nobody    8808  0.0  1.0 807484 43664 ?        S    14:20   0:00 nginx: cache manager process", 
        "nobody    8809  0.0  1.0 807484 43628 ?        S    14:20   0:00 nginx: cache loader process", 
        "root      8923  0.0  0.0 103324   884 ?        R    14:20   0:00 grep nginx", 

        "             total       used       free     shared    buffers     cached", 
        "Mem:          3954       2924       1029          5        483       1548", 
        "-/+ buffers/cache:        893       3060", 
        "Swap:            0          0          0", 
        "-----------------------------------------------------------", 

        "|                     Reload SUCCESS!                     |", 
        "-----------------------------------------------------------"
    ]
}
ok: [13.75.90.12] => {

    "script_result.stdout_lines": [
        "-----------------------------------------------------------", 
        "|                 Checking Nginx Config                   |", 
        "-----------------------------------------------------------", 
        "", 

        " nginx -t ", 
        "", 
        "-----------------------------------------------------------", 
        "|                 Stopping Nginx Process                  |", 
        "-----------------------------------------------------------", 

        "", 
        " /usr/bin/killall -9 nginx ", 
        "", 
        "-----------------------------------------------------------", 
        "|                 Clearing Proxy Cache                    |", 

        "-----------------------------------------------------------", 
        "", 
        " /bin/rm -rf /tmp/nginx_cache ", 
        "", 
        "-----------------------------------------------------------", 

        "|                Restarting Nginx Process                 |", 
        "-----------------------------------------------------------", 
        "root      58995  0.0  0.0 106120  1292 ?        S    14:20   0:00 /bin/bash /bak/bin/clear_nginxcache.sh", 
        "root      59006  0.0  1.1 807480 42052 ?        Ss   14:20   0:00 nginx: master process /usr/local/nginx/sbin/nginx", 
        "nobody    59007  0.6  1.3 809408 47936 ?        S    14:20   0:00 nginx: worker process      ", 

        "nobody    59008  0.6  1.3 809408 47920 ?        S    14:20   0:00 nginx: worker process      ", 
        "nobody    59009  0.6  1.3 809408 47872 ?        S    14:20   0:00 nginx: worker process      ", 
        "nobody    59010  0.6  1.3 809408 47848 ?        S    14:20   0:00 nginx: worker process      ", 
        "nobody    59011  0.0  1.2 807480 43616 ?        S    14:20   0:00 nginx: cache manager process", 
        "nobody    59012  0.0  1.2 807480 43560 ?        S    14:20   0:00 nginx: cache loader process", 

        "root      59015  0.0  0.0 103328   844 ?        S    14:20   0:00 grep nginx", 
        "             total       used       free     shared    buffers     cached", 
        "Mem:          3440       2960        480          5        353       1751", 
        "-/+ buffers/cache:        855       2584", 
        "Swap:            0          0          0", 

        "-----------------------------------------------------------", 
        "|                     Reload SUCCESS!                     |", 
        "-----------------------------------------------------------"
    ]
}

ok: [118.193.143.77] => {
    "script_result.stdout_lines": [
        "-----------------------------------------------------------", 
        "|                 Checking Nginx Config                   |", 
        "-----------------------------------------------------------", 

        "", 
        " nginx -t ", 
        "", 
        "-----------------------------------------------------------", 
        "|                 Stopping Nginx Process                  |", 

        "-----------------------------------------------------------", 
        "", 
        " /usr/bin/killall -9 nginx ", 
        "", 
        "-----------------------------------------------------------", 

        "|                 Clearing Proxy Cache                    |", 
        "-----------------------------------------------------------", 
        "", 
        " /bin/rm -rf /tmp/nginx_cache ", 
        "", 

        "-----------------------------------------------------------", 
        "|                Restarting Nginx Process                 |", 
        "-----------------------------------------------------------", 
        "root      8464  0.0  0.0 106084  1412 ?        S    14:20   0:00 /bin/bash /bak/bin/clear_nginxcache.sh", 
        "root      8518  0.0  1.0 807412 42064 ?        Ss   14:20   0:00 nginx: master process /usr/local/nginx/sbin/nginx", 

        "nobody    8520  0.0  1.1 809340 47572 ?        S    14:20   0:00 nginx: worker process      ", 
        "nobody    8521  0.0  1.1 809340 46768 ?        S    14:20   0:00 nginx: worker process      ", 
        "nobody    8522  0.0  1.1 809340 47064 ?        S    14:20   0:00 nginx: worker process      ", 
        "nobody    8523  0.0  1.1 809340 46792 ?        S    14:20   0:00 nginx: worker process      ", 
        "nobody    8524  0.0  1.0 807412 43600 ?        S    14:20   0:00 nginx: cache manager process", 

        "nobody    8525  0.0  1.0 807412 43580 ?        S    14:20   0:00 nginx: cache loader process", 
        "root      8534  0.0  0.0 103328   868 ?        S    14:20   0:00 grep nginx", 
        "             total       used       free     shared    buffers     cached", 
        "Mem:          3961       1917       2043          5        267        855", 
        "-/+ buffers/cache:        794       3166", 

        "Swap:         4095          0       4095", 
        "-----------------------------------------------------------", 
        "|                     Reload SUCCESS!                     |", 
        "-----------------------------------------------------------"
    ]

}
ok: [23.99.109.84] => {
    "script_result.stdout_lines": [
        "-----------------------------------------------------------", 
        "|                 Checking Nginx Config                   |", 

        "-----------------------------------------------------------", 
        "", 
        " nginx -t ", 
        "", 
        "-----------------------------------------------------------", 

        "|                 Stopping Nginx Process                  |", 
        "-----------------------------------------------------------", 
        "", 
        " /usr/bin/killall -9 nginx ", 
        "", 

        "-----------------------------------------------------------", 
        "|                 Clearing Proxy Cache                    |", 
        "-----------------------------------------------------------", 
        "", 
        " /bin/rm -rf /tmp/nginx_cache ", 

        "", 
        "-----------------------------------------------------------", 
        "|                Restarting Nginx Process                 |", 
        "-----------------------------------------------------------", 
        "root     118111  0.0  0.0 106120  1292 ?        S    14:20   0:00 /bin/bash /bak/bin/clear_nginxcache.sh", 

        "root     118117  0.0  1.1 807480 42056 ?        Ss   14:20   0:00 nginx: master process /usr/local/nginx/sbin/nginx", 
        "nobody   118118  0.0  1.3 809408 46804 ?        S    14:20   0:00 nginx: worker process      ", 
        "nobody   118120  1.0  1.3 809408 47924 ?        S    14:20   0:00 nginx: worker process      ", 
        "nobody   118121  0.0  1.3 809408 47596 ?        S    14:20   0:00 nginx: worker process      ", 
        "nobody   118122  0.0  1.3 809408 47924 ?        S    14:20   0:00 nginx: worker process      ", 

        "nobody   118123  0.0  1.2 807480 43604 ?        S    14:20   0:00 nginx: cache manager process", 
        "nobody   118124  0.0  1.2 807480 43568 ?        S    14:20   0:00 nginx: cache loader process", 
        "root     118126  0.0  0.0 103328   840 ?        R    14:20   0:00 grep nginx", 
        "             total       used       free     shared    buffers     cached", 
        "Mem:          3440       3127        312          5        371       1876", 

        "-/+ buffers/cache:        880       2560", 
        "Swap:            0          0          0", 
        "-----------------------------------------------------------", 
        "|                     Reload SUCCESS!                     |", 
        "-----------------------------------------------------------"

    ]
}
ok: [13.75.114.134] => {
    "script_result.stdout_lines": [
        "-----------------------------------------------------------", 

        "|                 Checking Nginx Config                   |", 
        "-----------------------------------------------------------", 
        "", 
        " nginx -t ", 
        "", 

        "-----------------------------------------------------------", 
        "|                 Stopping Nginx Process                  |", 
        "-----------------------------------------------------------", 
        "", 
        " /usr/bin/killall -9 nginx ", 

        "", 
        "-----------------------------------------------------------", 
        "|                 Clearing Proxy Cache                    |", 
        "-----------------------------------------------------------", 
        "", 

        " /bin/rm -rf /tmp/nginx_cache ", 
        "", 
        "-----------------------------------------------------------", 
        "|                Restarting Nginx Process                 |", 
        "-----------------------------------------------------------", 

        "root      65599  0.0  0.0 106112  1296 ?        S    14:20   0:00 /bin/bash /bak/bin/clear_nginxcache.sh", 
        "root      65605  0.0  1.1 808160 42272 ?        Ss   14:20   0:00 nginx: master process /usr/local/nginx/sbin/nginx", 
        "nobody    65606  0.0  1.3 810088 47804 ?        S    14:20   0:00 nginx: worker process      ", 
        "nobody    65607  0.0  1.3 810088 47000 ?        S    14:20   0:00 nginx: worker process      ", 
        "nobody    65608  0.0  1.3 810088 46988 ?        S    14:20   0:00 nginx: worker process      ", 

        "nobody    65609  0.0  1.3 810088 46984 ?        S    14:20   0:00 nginx: worker process      ", 
        "nobody    65610  0.0  1.2 808160 43832 ?        S    14:20   0:00 nginx: cache manager process", 
        "nobody    65611  0.0  1.2 808160 43796 ?        S    14:20   0:00 nginx: cache loader process", 
        "root      65614  0.0  0.0 103264   828 ?        S    14:20   0:00 grep nginx", 
        "             total       used       free     shared    buffers     cached", 

        "Mem:          3440       3211        228          0        401       1880", 
        "-/+ buffers/cache:        930       2510", 
        "Swap:            0          0          0", 
        "-----------------------------------------------------------", 
        "|                     Reload SUCCESS!                     |", 

        "-----------------------------------------------------------"
    ]
}

PLAY [127.0.0.1] ***************************************************************


TASK [sync_to_git : Synchronizing Nginx To GIT] ********************************
changed: [127.0.0.1]

TASK [sync_to_git : debug] *****************************************************

ok: [127.0.0.1] => {
    "script_result.stdout_lines": [
        "[master fb6be17] aaron.navarro", 
        " 4 files changed, 137 insertions(+), 6 deletions(-)", 
        " create mode 100644 nginx/conf.d/global/whitelist_map.conf", 

        "Branch master set up to track remote branch master from origin."
    ]
}

PLAY [Product-HAOMEN__NginxForward] ********************************************


PLAY [127.0.0.1] ***************************************************************

PLAY RECAP *********************************************************************
118.193.143.77             : ok=8    changed=2    unreachable=0    failed=0   

119.81.239.91              : ok=8    changed=2    unreachable=0    failed=0   
119.9.104.70               : ok=8    changed=2    unreachable=0    failed=0   
119.9.93.180               : ok=8    changed=2    unreachable=0    failed=0   
127.0.0.1                  : ok=2    changed=1    unreachable=0    failed=0   
13.75.114.134              : ok=8    changed=2    unreachable=0    failed=0   

13.75.90.12                : ok=8    changed=2    unreachable=0    failed=0   
23.99.109.84               : ok=8    changed=2    unreachable=0    failed=0   
23.99.122.104              : ok=8    changed=2    unreachable=0    failed=0   


ESYNC_COMMAND_END
MAX RETRIES EXECUTED, COMMAND NOT RESPONDING