ESYNC_COMMAND_START

PLAY [Product-HAOMEN__NginxForward] ********************************************

TASK [nginx_sync : Notify] *****************************************************
ok: [119.81.239.91] => {

    "msg": "Syncing Product-HAOMEN__NginxForward"
}
ok: [23.99.122.104] => {
    "msg": "Syncing Product-HAOMEN__NginxForward"
}

ok: [119.9.93.180] => {
    "msg": "Syncing Product-HAOMEN__NginxForward"
}
ok: [119.9.104.70] => {
    "msg": "Syncing Product-HAOMEN__NginxForward"

}
ok: [13.75.90.12] => {
    "msg": "Syncing Product-HAOMEN__NginxForward"
}
ok: [118.193.143.77] => {

    "msg": "Syncing Product-HAOMEN__NginxForward"
}
ok: [23.99.109.84] => {
    "msg": "Syncing Product-HAOMEN__NginxForward"
}

ok: [13.75.114.134] => {
    "msg": "Syncing Product-HAOMEN__NginxForward"
}

TASK [nginx_sync : include_vars] ***********************************************

ok: [119.81.239.91]
ok: [23.99.122.104]
ok: [119.9.93.180]
ok: [119.9.104.70]
ok: [13.75.90.12]

ok: [118.193.143.77]
ok: [23.99.109.84]
ok: [13.75.114.134]

TASK [nginx_sync : Synchronizing Nginx] ****************************************

ok: [119.9.93.180] => (item=conf)
ok: [119.9.104.70] => (item=conf)
ok: [23.99.122.104] => (item=conf)
ok: [119.81.239.91] => (item=conf)
ok: [13.75.90.12] => (item=conf)

changed: [23.99.122.104] => (item=conf.d)
ok: [23.99.122.104] => (item=data)
changed: [119.9.104.70] => (item=conf.d)
changed: [119.9.93.180] => (item=conf.d)
changed: [119.81.239.91] => (item=conf.d)

ok: [23.99.122.104] => (item=html)
ok: [119.9.93.180] => (item=data)
ok: [119.9.104.70] => (item=data)
ok: [119.81.239.91] => (item=data)
changed: [13.75.90.12] => (item=conf.d)

ok: [119.9.93.180] => (item=html)
ok: [119.9.104.70] => (item=html)
ok: [118.193.143.77] => (item=conf)
ok: [13.75.90.12] => (item=data)
ok: [119.81.239.91] => (item=html)

ok: [23.99.109.84] => (item=conf)
ok: [13.75.114.134] => (item=conf)
ok: [13.75.90.12] => (item=html)
changed: [23.99.109.84] => (item=conf.d)
ok: [23.99.109.84] => (item=data)

ok: [23.99.109.84] => (item=html)
changed: [13.75.114.134] => (item=conf.d)
ok: [13.75.114.134] => (item=data)
ok: [13.75.114.134] => (item=html)
changed: [118.193.143.77] => (item=conf.d)

ok: [118.193.143.77] => (item=data)
ok: [118.193.143.77] => (item=html)

TASK [all_servers : include_vars] **********************************************
ok: [119.81.239.91]

ok: [23.99.122.104]
ok: [119.9.93.180]
ok: [119.9.104.70]
ok: [13.75.90.12]
ok: [118.193.143.77]

ok: [23.99.109.84]
ok: [13.75.114.134]

TASK [all_servers : Notify] ****************************************************
ok: [119.81.239.91] => {

    "msg": "Clearing Nginx Cache for Product-HAOMEN__NginxForward"
}
ok: [23.99.122.104] => {
    "msg": "Clearing Nginx Cache for Product-HAOMEN__NginxForward"
}

ok: [119.9.93.180] => {
    "msg": "Clearing Nginx Cache for Product-HAOMEN__NginxForward"
}
ok: [119.9.104.70] => {
    "msg": "Clearing Nginx Cache for Product-HAOMEN__NginxForward"

}
ok: [13.75.90.12] => {
    "msg": "Clearing Nginx Cache for Product-HAOMEN__NginxForward"
}
ok: [118.193.143.77] => {

    "msg": "Clearing Nginx Cache for Product-HAOMEN__NginxForward"
}
ok: [23.99.109.84] => {
    "msg": "Clearing Nginx Cache for Product-HAOMEN__NginxForward"
}

ok: [13.75.114.134] => {
    "msg": "Clearing Nginx Cache for Product-HAOMEN__NginxForward"
}

TASK [all_servers : Copying clear_nginxcache.sh to remote hosts] ***************

ok: [119.9.93.180]
ok: [119.9.104.70]
ok: [23.99.122.104]
ok: [13.75.90.12]
ok: [119.81.239.91]

ok: [23.99.109.84]
ok: [118.193.143.77]
ok: [13.75.114.134]

TASK [all_servers : Nginx Clear Cache] *****************************************

changed: [119.9.93.180]
changed: [23.99.122.104]
changed: [13.75.90.12]
changed: [119.9.104.70]
changed: [119.81.239.91]

changed: [23.99.109.84]
changed: [118.193.143.77]
changed: [13.75.114.134]

TASK [all_servers : debug] *****************************************************

ok: [119.81.239.91] => {
    "script_result.stdout_lines": [
        "-----------------------------------------------------------", 
        "|                 Checking Nginx Config                   |", 
        "-----------------------------------------------------------", 

        "", 
        " nginx -t ", 
        "", 
        "-----------------------------------------------------------", 
        "|                 Stopping Nginx Process                  |", 

        "-----------------------------------------------------------", 
        "", 
        " /usr/bin/killall -9 nginx ", 
        "", 
        "-----------------------------------------------------------", 

        "|                 Clearing Proxy Cache                    |", 
        "-----------------------------------------------------------", 
        "", 
        " /bin/rm -rf /tmp/nginx_cache ", 
        "", 

        "-----------------------------------------------------------", 
        "|                Restarting Nginx Process                 |", 
        "-----------------------------------------------------------", 
        "root     30173  2.7  0.0 106120  1296 ?        S    17:34   0:00 /bin/bash /bak/bin/clear_nginxcache.sh", 
        "root     30188  7.3  1.1 811860 46452 ?        Ss   17:34   0:00 nginx: master process /usr/local/nginx/sbin/nginx", 

        "nobody   30190  0.6  1.2 813788 51184 ?        S    17:34   0:00 nginx: worker process      ", 
        "nobody   30191  0.6  1.2 813788 51168 ?        S    17:34   0:00 nginx: worker process      ", 
        "nobody   30192  1.0  1.2 813788 51168 ?        S    17:34   0:00 nginx: worker process      ", 
        "nobody   30193  0.5  1.2 813788 51168 ?        S    17:34   0:00 nginx: worker process      ", 
        "nobody   30194  0.0  1.1 811860 47996 ?        S    17:34   0:00 nginx: cache manager process", 

        "nobody   30195  0.0  1.1 811860 47944 ?        S    17:34   0:00 nginx: cache loader process", 
        "root     30197  0.0  0.0 103328   840 ?        S    17:34   0:00 grep nginx", 
        "             total       used       free     shared    buffers     cached", 
        "Mem:          4010       3924         85          5        198        754", 
        "-/+ buffers/cache:       2971       1038", 

        "Swap:         2047          0       2047", 
        "-----------------------------------------------------------", 
        "|                     Reload SUCCESS!                     |", 
        "-----------------------------------------------------------"
    ]

}
ok: [23.99.122.104] => {
    "script_result.stdout_lines": [
        "-----------------------------------------------------------", 
        "|                 Checking Nginx Config                   |", 

        "-----------------------------------------------------------", 
        "", 
        " nginx -t ", 
        "", 
        "-----------------------------------------------------------", 

        "|                 Stopping Nginx Process                  |", 
        "-----------------------------------------------------------", 
        "", 
        " /usr/bin/killall -9 nginx ", 
        "", 

        "-----------------------------------------------------------", 
        "|                 Clearing Proxy Cache                    |", 
        "-----------------------------------------------------------", 
        "", 
        " /bin/rm -rf /tmp/nginx_cache ", 

        "", 
        "-----------------------------------------------------------", 
        "|                Restarting Nginx Process                 |", 
        "-----------------------------------------------------------", 
        "root      78625  0.0  0.0 106120  1296 ?        S    17:34   0:00 /bin/bash /bak/bin/clear_nginxcache.sh", 

        "root      78635  0.0  1.3 811860 46448 ?        Ss   17:34   0:00 nginx: master process /usr/local/nginx/sbin/nginx", 
        "nobody    78637  0.0  1.4 813788 51164 ?        S    17:34   0:00 nginx: worker process      ", 
        "nobody    78638  0.0  1.4 813788 51164 ?        S    17:34   0:00 nginx: worker process      ", 
        "nobody    78639  0.0  1.4 813788 51168 ?        S    17:34   0:00 nginx: worker process      ", 
        "nobody    78640  0.0  1.4 813788 51168 ?        S    17:34   0:00 nginx: worker process      ", 

        "nobody    78641  0.0  1.3 811860 48008 ?        S    17:34   0:00 nginx: cache manager process", 
        "nobody    78642  0.0  1.3 811860 47940 ?        S    17:34   0:00 nginx: cache loader process", 
        "root      78653  0.0  0.0 103332   856 ?        S    17:34   0:00 grep nginx", 
        "root      79406  0.0  0.0   9120   652 ?        Ss    2018   0:00 /sbin/dhclient -H haomen-nginx2.hk.az.monaco1.me -1 -q -lf /var/lib/dhclient/dhclient-eth0.leases -pf /var/run/dhclient-eth0.pid eth0", 
        "             total       used       free     shared    buffers     cached", 

        "Mem:          3440       3167        272          5        215        386", 
        "-/+ buffers/cache:       2565        874", 
        "Swap:            0          0          0", 
        "-----------------------------------------------------------", 
        "|                     Reload SUCCESS!                     |", 

        "-----------------------------------------------------------"
    ]
}
ok: [119.9.93.180] => {
    "script_result.stdout_lines": [

        "-----------------------------------------------------------", 
        "|                 Checking Nginx Config                   |", 
        "-----------------------------------------------------------", 
        "", 
        " nginx -t ", 

        "", 
        "-----------------------------------------------------------", 
        "|                 Stopping Nginx Process                  |", 
        "-----------------------------------------------------------", 
        "", 

        " /usr/bin/killall -9 nginx ", 
        "", 
        "-----------------------------------------------------------", 
        "|                 Clearing Proxy Cache                    |", 
        "-----------------------------------------------------------", 

        "", 
        " /bin/rm -rf /tmp/nginx_cache ", 
        "", 
        "-----------------------------------------------------------", 
        "|                Restarting Nginx Process                 |", 

        "-----------------------------------------------------------", 
        "root     23432  0.0  0.0 106084  1436 ?        S    17:34   0:00 /bin/bash /bak/bin/clear_nginxcache.sh", 
        "root     23438  0.0  1.1 811860 46508 ?        Ss   17:34   0:00 nginx: master process /usr/local/nginx/sbin/nginx", 
        "nobody   23439  0.0  1.2 813788 51248 ?        S    17:34   0:00 nginx: worker process      ", 
        "nobody   23441  0.0  1.2 813788 51248 ?        S    17:34   0:00 nginx: worker process      ", 

        "nobody   23442  0.0  1.2 813788 51232 ?        S    17:34   0:00 nginx: worker process      ", 
        "nobody   23443  0.0  1.2 813788 51228 ?        S    17:34   0:00 nginx: worker process      ", 
        "nobody   23444  0.0  1.1 811860 48060 ?        S    17:34   0:00 nginx: cache manager process", 
        "nobody   23445  0.0  1.1 811860 48020 ?        S    17:34   0:00 nginx: cache loader process", 
        "root     23459  0.0  0.0 103324   888 ?        S    17:34   0:00 grep nginx", 

        "             total       used       free     shared    buffers     cached", 
        "Mem:          3954       3424        530          5        403        337", 
        "-/+ buffers/cache:       2683       1270", 
        "Swap:            0          0          0", 
        "-----------------------------------------------------------", 

        "|                     Reload SUCCESS!                     |", 
        "-----------------------------------------------------------"
    ]
}
ok: [119.9.104.70] => {

    "script_result.stdout_lines": [
        "-----------------------------------------------------------", 
        "|                 Checking Nginx Config                   |", 
        "-----------------------------------------------------------", 
        "", 

        " nginx -t ", 
        "", 
        "-----------------------------------------------------------", 
        "|                 Stopping Nginx Process                  |", 
        "-----------------------------------------------------------", 

        "", 
        " /usr/bin/killall -9 nginx ", 
        "", 
        "-----------------------------------------------------------", 
        "|                 Clearing Proxy Cache                    |", 

        "-----------------------------------------------------------", 
        "", 
        " /bin/rm -rf /tmp/nginx_cache ", 
        "", 
        "-----------------------------------------------------------", 

        "|                Restarting Nginx Process                 |", 
        "-----------------------------------------------------------", 
        "root      3675  0.0  0.0 106084  1436 ?        S    17:34   0:00 /bin/bash /bak/bin/clear_nginxcache.sh", 
        "root      3681  0.0  1.1 811860 46508 ?        Ss   17:34   0:00 nginx: master process /usr/local/nginx/sbin/nginx", 
        "nobody    3682  1.0  1.2 813788 52384 ?        S    17:34   0:00 nginx: worker process      ", 

        "nobody    3684  0.0  1.2 813788 52296 ?        S    17:34   0:00 nginx: worker process      ", 
        "nobody    3685  1.0  1.2 813788 52368 ?        S    17:34   0:00 nginx: worker process      ", 
        "nobody    3686  0.5  1.2 813788 52368 ?        S    17:34   0:00 nginx: worker process      ", 
        "nobody    3687  0.0  1.1 811860 48056 ?        S    17:34   0:00 nginx: cache manager process", 
        "nobody    3688  0.0  1.1 811860 48024 ?        S    17:34   0:00 nginx: cache loader process", 

        "root      3699  0.0  0.0 103324   888 ?        S    17:34   0:00 grep nginx", 
        "             total       used       free     shared    buffers     cached", 
        "Mem:          3954       3424        529          5        223        306", 
        "-/+ buffers/cache:       2894       1059", 
        "Swap:            0          0          0", 

        "-----------------------------------------------------------", 
        "|                     Reload SUCCESS!                     |", 
        "-----------------------------------------------------------"
    ]
}

ok: [13.75.90.12] => {
    "script_result.stdout_lines": [
        "-----------------------------------------------------------", 
        "|                 Checking Nginx Config                   |", 
        "-----------------------------------------------------------", 

        "", 
        " nginx -t ", 
        "", 
        "-----------------------------------------------------------", 
        "|                 Stopping Nginx Process                  |", 

        "-----------------------------------------------------------", 
        "", 
        " /usr/bin/killall -9 nginx ", 
        "", 
        "-----------------------------------------------------------", 

        "|                 Clearing Proxy Cache                    |", 
        "-----------------------------------------------------------", 
        "", 
        " /bin/rm -rf /tmp/nginx_cache ", 
        "", 

        "-----------------------------------------------------------", 
        "|                Restarting Nginx Process                 |", 
        "-----------------------------------------------------------", 
        "root      62555  0.0  0.0   9120   652 ?        Ss    2018   0:00 /sbin/dhclient -H haomen-nginx5.hk.az.monaco1.me -1 -q -lf /var/lib/dhclient/dhclient-eth0.leases -pf /var/run/dhclient-eth0.pid eth0", 
        "root      83578  0.0  0.0 106120  1292 ?        S    17:34   0:00 /bin/bash /bak/bin/clear_nginxcache.sh", 

        "root      83587  0.0  1.3 811860 46444 ?        Ss   17:34   0:00 nginx: master process /usr/local/nginx/sbin/nginx", 
        "nobody    83589  0.6  1.4 813788 52312 ?        S    17:34   0:00 nginx: worker process      ", 
        "nobody    83590  0.6  1.4 813788 52296 ?        S    17:34   0:00 nginx: worker process      ", 
        "nobody    83591  0.3  1.4 813788 52296 ?        S    17:34   0:00 nginx: worker process      ", 
        "nobody    83592  1.0  1.4 813788 52332 ?        S    17:34   0:00 nginx: worker process      ", 

        "nobody    83593  0.0  1.3 811860 47988 ?        S    17:34   0:00 nginx: cache manager process", 
        "nobody    83594  0.0  1.3 811860 47936 ?        S    17:34   0:00 nginx: cache loader process", 
        "root      83605  0.0  0.0 103328   844 ?        R    17:34   0:00 grep nginx", 
        "             total       used       free     shared    buffers     cached", 
        "Mem:          3440       3128        312          5        218        444", 

        "-/+ buffers/cache:       2465        975", 
        "Swap:            0          0          0", 
        "-----------------------------------------------------------", 
        "|                     Reload SUCCESS!                     |", 
        "-----------------------------------------------------------"

    ]
}
ok: [118.193.143.77] => {
    "script_result.stdout_lines": [
        "-----------------------------------------------------------", 

        "|                 Checking Nginx Config                   |", 
        "-----------------------------------------------------------", 
        "", 
        " nginx -t ", 
        "", 

        "-----------------------------------------------------------", 
        "|                 Stopping Nginx Process                  |", 
        "-----------------------------------------------------------", 
        "", 
        " /usr/bin/killall -9 nginx ", 

        "", 
        "-----------------------------------------------------------", 
        "|                 Clearing Proxy Cache                    |", 
        "-----------------------------------------------------------", 
        "", 

        " /bin/rm -rf /tmp/nginx_cache ", 
        "", 
        "-----------------------------------------------------------", 
        "|                Restarting Nginx Process                 |", 
        "-----------------------------------------------------------", 

        "root     26246  0.0  0.0 106084  1412 ?        S    17:34   0:00 /bin/bash /bak/bin/clear_nginxcache.sh", 
        "root     26252  0.0  1.1 811792 46444 ?        Ss   17:34   0:00 nginx: master process /usr/local/nginx/sbin/nginx", 
        "nobody   26254  0.0  1.2 813720 52056 ?        S    17:34   0:00 nginx: worker process      ", 
        "nobody   26255  0.0  1.2 813720 52300 ?        S    17:34   0:00 nginx: worker process      ", 
        "nobody   26256  0.3  1.2 813720 52300 ?        S    17:34   0:00 nginx: worker process      ", 

        "nobody   26257  0.3  1.2 813720 52324 ?        S    17:34   0:00 nginx: worker process      ", 
        "nobody   26258  0.0  1.1 811792 47992 ?        S    17:34   0:00 nginx: cache manager process", 
        "nobody   26259  0.0  1.1 811792 47940 ?        S    17:34   0:00 nginx: cache loader process", 
        "root     26262  0.0  0.0 103328   872 ?        S    17:34   0:00 grep nginx", 
        "             total       used       free     shared    buffers     cached", 

        "Mem:          3961       3673        288          5        237        457", 
        "-/+ buffers/cache:       2977        983", 
        "Swap:         4095          4       4091", 
        "-----------------------------------------------------------", 
        "|                     Reload SUCCESS!                     |", 

        "-----------------------------------------------------------"
    ]
}
ok: [23.99.109.84] => {
    "script_result.stdout_lines": [

        "-----------------------------------------------------------", 
        "|                 Checking Nginx Config                   |", 
        "-----------------------------------------------------------", 
        "", 
        " nginx -t ", 

        "", 
        "-----------------------------------------------------------", 
        "|                 Stopping Nginx Process                  |", 
        "-----------------------------------------------------------", 
        "", 

        " /usr/bin/killall -9 nginx ", 
        "", 
        "-----------------------------------------------------------", 
        "|                 Clearing Proxy Cache                    |", 
        "-----------------------------------------------------------", 

        "", 
        " /bin/rm -rf /tmp/nginx_cache ", 
        "", 
        "-----------------------------------------------------------", 
        "|                Restarting Nginx Process                 |", 

        "-----------------------------------------------------------", 
        "root      79238  0.0  0.0   9120   656 ?        Ss    2018   0:00 /sbin/dhclient -H haomen-nginx7.hk.az.monaco1.me -1 -q -lf /var/lib/dhclient/dhclient-eth0.leases -pf /var/run/dhclient-eth0.pid eth0", 
        "root      94797  0.0  0.0 106120  1296 ?        S    17:34   0:00 /bin/bash /bak/bin/clear_nginxcache.sh", 
        "root      94807  0.0  1.3 811860 46448 ?        Ss   17:34   0:00 nginx: master process /usr/local/nginx/sbin/nginx", 
        "nobody    94809  1.0  1.4 813940 52372 ?        S    17:34   0:00 nginx: worker process      ", 

        "nobody    94810  0.5  1.4 813788 52300 ?        S    17:34   0:00 nginx: worker process      ", 
        "nobody    94811  0.5  1.4 813788 52300 ?        S    17:34   0:00 nginx: worker process      ", 
        "nobody    94812  1.0  1.4 813788 52304 ?        S    17:34   0:00 nginx: worker process      ", 
        "nobody    94813  0.0  1.3 811860 48008 ?        S    17:34   0:00 nginx: cache manager process", 
        "nobody    94814  0.0  1.3 811860 47960 ?        S    17:34   0:00 nginx: cache loader process", 

        "root      94819  0.0  0.0 103328   844 ?        S    17:34   0:00 grep nginx", 
        "             total       used       free     shared    buffers     cached", 
        "Mem:          3440       3187        253          5        211        470", 
        "-/+ buffers/cache:       2505        935", 
        "Swap:            0          0          0", 

        "-----------------------------------------------------------", 
        "|                     Reload SUCCESS!                     |", 
        "-----------------------------------------------------------"
    ]
}

ok: [13.75.114.134] => {
    "script_result.stdout_lines": [
        "-----------------------------------------------------------", 
        "|                 Checking Nginx Config                   |", 
        "-----------------------------------------------------------", 

        "", 
        " nginx -t ", 
        "", 
        "-----------------------------------------------------------", 
        "|                 Stopping Nginx Process                  |", 

        "-----------------------------------------------------------", 
        "", 
        " /usr/bin/killall -9 nginx ", 
        "", 
        "-----------------------------------------------------------", 

        "|                 Clearing Proxy Cache                    |", 
        "-----------------------------------------------------------", 
        "", 
        " /bin/rm -rf /tmp/nginx_cache ", 
        "", 

        "-----------------------------------------------------------", 
        "|                Restarting Nginx Process                 |", 
        "-----------------------------------------------------------", 
        "root     103945  0.0  0.0 106112  1296 ?        S    17:34   0:00 /bin/bash /bak/bin/clear_nginxcache.sh", 
        "root     103951  0.0  1.3 812572 46684 ?        Ss   17:34   0:00 nginx: master process /usr/local/nginx/sbin/nginx", 

        "nobody   103953  0.0  1.4 814500 51404 ?        S    17:34   0:00 nginx: worker process      ", 
        "nobody   103954  0.0  1.4 814500 52584 ?        S    17:34   0:00 nginx: worker process      ", 
        "nobody   103955  0.0  1.4 814500 52584 ?        S    17:34   0:00 nginx: worker process      ", 
        "nobody   103956  0.0  1.4 814500 52548 ?        S    17:34   0:00 nginx: worker process      ", 
        "nobody   103957  0.0  1.3 812572 48240 ?        S    17:34   0:00 nginx: cache manager process", 

        "nobody   103958  0.0  1.3 812572 48168 ?        S    17:34   0:00 nginx: cache loader process", 
        "root     103960  0.0  0.0 103264   832 ?        S    17:34   0:00 grep nginx", 
        "             total       used       free     shared    buffers     cached", 
        "Mem:          3440       3223        216          0        210        293", 
        "-/+ buffers/cache:       2719        720", 

        "Swap:            0          0          0", 
        "-----------------------------------------------------------", 
        "|                     Reload SUCCESS!                     |", 
        "-----------------------------------------------------------"
    ]

}

PLAY [127.0.0.1] ***************************************************************

TASK [sync_to_git : Synchronizing Nginx To GIT] ********************************

changed: [127.0.0.1]

TASK [sync_to_git : debug] *****************************************************
ok: [127.0.0.1] => {
    "script_result.stdout_lines": [

        "[master 7f08303] leriza.muralla", 
        " 21 files changed, 211 insertions(+)", 
        " create mode 100644 nginx/conf.d/80-443/b0716.com.conf", 
        " create mode 100644 nginx/conf.d/80-443/b1059.com.conf", 
        " create mode 100644 nginx/conf.d/80-443/b5619.com.conf", 

        " create mode 100644 nginx/conf.d/80-443/b6160.com.conf", 
        " create mode 100644 nginx/conf.d/80-443/b6549.com.conf", 
        " create mode 100644 nginx/conf.d/80-443/b8810.com.conf", 
        " create mode 100644 nginx/conf.d/80-443/b9478.com.conf", 
        " create mode 100644 nginx/conf.d/80-443/b9487.com.conf", 

        " create mode 100644 nginx/conf.d/80-443/bylvip1.com.conf", 
        " create mode 100644 nginx/conf.d/80-443/bylvip2.com.conf", 
        " create mode 120000 nginx/conf.d/ssl/b0716.com", 
        " create mode 120000 nginx/conf.d/ssl/b1059.com", 
        " create mode 120000 nginx/conf.d/ssl/b5619.com", 

        " create mode 120000 nginx/conf.d/ssl/b6160.com", 
        " create mode 120000 nginx/conf.d/ssl/b6549.com", 
        " create mode 120000 nginx/conf.d/ssl/b8810.com", 
        " create mode 120000 nginx/conf.d/ssl/b9478.com", 
        " create mode 120000 nginx/conf.d/ssl/b9487.com", 

        " create mode 120000 nginx/conf.d/ssl/bylvip1.com", 
        " create mode 120000 nginx/conf.d/ssl/bylvip2.com", 
        "Branch master set up to track remote branch master from origin."
    ]
}


PLAY [Product-HAOMEN__NginxForward] ********************************************

PLAY [127.0.0.1] ***************************************************************


PLAY RECAP *********************************************************************
118.193.143.77             : ok=8    changed=2    unreachable=0    failed=0   
119.81.239.91              : ok=8    changed=2    unreachable=0    failed=0   
119.9.104.70               : ok=8    changed=2    unreachable=0    failed=0   
119.9.93.180               : ok=8    changed=2    unreachable=0    failed=0   

127.0.0.1                  : ok=2    changed=1    unreachable=0    failed=0   
13.75.114.134              : ok=8    changed=2    unreachable=0    failed=0   
13.75.90.12                : ok=8    changed=2    unreachable=0    failed=0   
23.99.109.84               : ok=8    changed=2    unreachable=0    failed=0   
23.99.122.104              : ok=8    changed=2    unreachable=0    failed=0   



ESYNC_COMMAND_END
MAX RETRIES EXECUTED, COMMAND NOT RESPONDING