ESYNC_COMMAND_START

PLAY [Product-BBETASIA__NginxForward] ******************************************

TASK [nginx_sync : Notify] *****************************************************
ok: [23.99.120.187] => {

    "msg": "Syncing Product-BBETASIA__NginxForward"
}
ok: [119.9.108.142] => {
    "msg": "Syncing Product-BBETASIA__NginxForward"
}

ok: [118.193.185.16] => {
    "msg": "Syncing Product-BBETASIA__NginxForward"
}
ok: [168.63.205.43] => {
    "msg": "Syncing Product-BBETASIA__NginxForward"

}
ok: [118.193.185.186] => {
    "msg": "Syncing Product-BBETASIA__NginxForward"
}
ok: [13.75.109.5] => {

    "msg": "Syncing Product-BBETASIA__NginxForward"
}
ok: [161.202.34.70] => {
    "msg": "Syncing Product-BBETASIA__NginxForward"
}

ok: [161.202.34.91] => {
    "msg": "Syncing Product-BBETASIA__NginxForward"
}
ok: [40.83.120.179] => {
    "msg": "Syncing Product-BBETASIA__NginxForward"

}
ok: [23.102.227.165] => {
    "msg": "Syncing Product-BBETASIA__NginxForward"
}
ok: [47.75.92.12] => {

    "msg": "Syncing Product-BBETASIA__NginxForward"
}
ok: [65.52.163.151] => {
    "msg": "Syncing Product-BBETASIA__NginxForward"
}

ok: [13.75.105.206] => {
    "msg": "Syncing Product-BBETASIA__NginxForward"
}

TASK [nginx_sync : include_vars] ***********************************************

ok: [23.99.120.187]
ok: [119.9.108.142]
ok: [118.193.185.16]
ok: [168.63.205.43]
ok: [118.193.185.186]

ok: [13.75.109.5]
ok: [161.202.34.70]
ok: [161.202.34.91]
ok: [40.83.120.179]
ok: [23.102.227.165]

ok: [47.75.92.12]
ok: [65.52.163.151]
ok: [13.75.105.206]

TASK [nginx_sync : Synchronizing Nginx] ****************************************

ok: [168.63.205.43] => (item=conf)
ok: [119.9.108.142] => (item=conf)
ok: [23.99.120.187] => (item=conf)
ok: [118.193.185.16] => (item=conf)
ok: [118.193.185.186] => (item=conf)

changed: [168.63.205.43] => (item=conf.d)
changed: [118.193.185.16] => (item=conf.d)
changed: [23.99.120.187] => (item=conf.d)
changed: [118.193.185.186] => (item=conf.d)
changed: [119.9.108.142] => (item=conf.d)

ok: [168.63.205.43] => (item=data)
ok: [23.99.120.187] => (item=data)
ok: [118.193.185.16] => (item=data)
ok: [118.193.185.186] => (item=data)
ok: [119.9.108.142] => (item=data)

ok: [23.99.120.187] => (item=html)
ok: [168.63.205.43] => (item=html)
ok: [119.9.108.142] => (item=html)
ok: [118.193.185.16] => (item=html)
ok: [118.193.185.186] => (item=html)

ok: [13.75.109.5] => (item=conf)
ok: [40.83.120.179] => (item=conf)
ok: [161.202.34.91] => (item=conf)
ok: [161.202.34.70] => (item=conf)
ok: [23.102.227.165] => (item=conf)

changed: [13.75.109.5] => (item=conf.d)
changed: [40.83.120.179] => (item=conf.d)
changed: [161.202.34.70] => (item=conf.d)
changed: [161.202.34.91] => (item=conf.d)
changed: [23.102.227.165] => (item=conf.d)

ok: [13.75.109.5] => (item=data)
ok: [40.83.120.179] => (item=data)
ok: [161.202.34.70] => (item=data)
ok: [161.202.34.91] => (item=data)
ok: [23.102.227.165] => (item=data)

ok: [13.75.109.5] => (item=html)
ok: [40.83.120.179] => (item=html)
ok: [161.202.34.70] => (item=html)
ok: [161.202.34.91] => (item=html)
ok: [23.102.227.165] => (item=html)

ok: [47.75.92.12] => (item=conf)
ok: [65.52.163.151] => (item=conf)
ok: [13.75.105.206] => (item=conf)
changed: [47.75.92.12] => (item=conf.d)
changed: [65.52.163.151] => (item=conf.d)

changed: [13.75.105.206] => (item=conf.d)
ok: [47.75.92.12] => (item=data)
ok: [65.52.163.151] => (item=data)
ok: [13.75.105.206] => (item=data)
ok: [47.75.92.12] => (item=html)

ok: [65.52.163.151] => (item=html)
ok: [13.75.105.206] => (item=html)

TASK [all_servers : include_vars] **********************************************
ok: [23.99.120.187]

ok: [119.9.108.142]
ok: [118.193.185.16]
ok: [168.63.205.43]
ok: [118.193.185.186]
ok: [13.75.109.5]

ok: [161.202.34.70]
ok: [161.202.34.91]
ok: [40.83.120.179]
ok: [23.102.227.165]
ok: [47.75.92.12]

ok: [65.52.163.151]
ok: [13.75.105.206]

TASK [all_servers : Notify] ****************************************************
ok: [23.99.120.187] => {

    "msg": "Clearing Nginx Cache for Product-BBETASIA__NginxForward"
}
ok: [119.9.108.142] => {
    "msg": "Clearing Nginx Cache for Product-BBETASIA__NginxForward"
}

ok: [118.193.185.16] => {
    "msg": "Clearing Nginx Cache for Product-BBETASIA__NginxForward"
}
ok: [168.63.205.43] => {
    "msg": "Clearing Nginx Cache for Product-BBETASIA__NginxForward"

}
ok: [118.193.185.186] => {
    "msg": "Clearing Nginx Cache for Product-BBETASIA__NginxForward"
}
ok: [13.75.109.5] => {

    "msg": "Clearing Nginx Cache for Product-BBETASIA__NginxForward"
}
ok: [161.202.34.70] => {
    "msg": "Clearing Nginx Cache for Product-BBETASIA__NginxForward"
}

ok: [161.202.34.91] => {
    "msg": "Clearing Nginx Cache for Product-BBETASIA__NginxForward"
}
ok: [40.83.120.179] => {
    "msg": "Clearing Nginx Cache for Product-BBETASIA__NginxForward"

}
ok: [23.102.227.165] => {
    "msg": "Clearing Nginx Cache for Product-BBETASIA__NginxForward"
}
ok: [47.75.92.12] => {

    "msg": "Clearing Nginx Cache for Product-BBETASIA__NginxForward"
}
ok: [65.52.163.151] => {
    "msg": "Clearing Nginx Cache for Product-BBETASIA__NginxForward"
}

ok: [13.75.105.206] => {
    "msg": "Clearing Nginx Cache for Product-BBETASIA__NginxForward"
}

TASK [all_servers : Copying clear_nginxcache.sh to remote hosts] ***************

ok: [118.193.185.186]
ok: [119.9.108.142]
ok: [23.99.120.187]
ok: [118.193.185.16]
ok: [13.75.109.5]

ok: [161.202.34.70]
ok: [168.63.205.43]
ok: [161.202.34.91]
ok: [47.75.92.12]
ok: [40.83.120.179]

ok: [65.52.163.151]
ok: [23.102.227.165]
ok: [13.75.105.206]

TASK [all_servers : Nginx Clear Cache] *****************************************

changed: [118.193.185.186]
changed: [119.9.108.142]
changed: [118.193.185.16]
changed: [23.99.120.187]
changed: [168.63.205.43]

changed: [161.202.34.70]
changed: [13.75.109.5]
changed: [161.202.34.91]
changed: [40.83.120.179]
changed: [23.102.227.165]

changed: [47.75.92.12]
changed: [13.75.105.206]
changed: [65.52.163.151]

TASK [all_servers : debug] *****************************************************

ok: [23.99.120.187] => {
    "script_result.stdout_lines": [
        "-----------------------------------------------------------", 
        "|                 Checking Nginx Config                   |", 
        "-----------------------------------------------------------", 

        "", 
        " nginx -t ", 
        "", 
        "-----------------------------------------------------------", 
        "|                 Stopping Nginx Process                  |", 

        "-----------------------------------------------------------", 
        "", 
        " /usr/bin/killall -9 nginx ", 
        "", 
        "-----------------------------------------------------------", 

        "|                 Clearing Proxy Cache                    |", 
        "-----------------------------------------------------------", 
        "", 
        " /bin/rm -rf /tmp/nginx_cache ", 
        "", 

        "-----------------------------------------------------------", 
        "|                Restarting Nginx Process                 |", 
        "-----------------------------------------------------------", 
        "root     120327  0.0  0.0 106116  1272 ?        S    16:05   0:00 /bin/bash /bak/bin/clear_nginxcache.sh", 
        "root     120336  0.5  2.2 465176 77696 ?        Ss   16:05   0:00 nginx: master process /usr/local/nginx/sbin/nginx", 

        "nobody   120338  0.5  2.3 467104 84436 ?        S    16:05   0:00 nginx: worker process      ", 
        "nobody   120339  0.5  2.3 467104 84448 ?        S    16:05   0:00 nginx: worker process      ", 
        "nobody   120340  0.5  2.3 467236 84460 ?        S    16:05   0:00 nginx: worker process      ", 
        "nobody   120341  1.0  2.3 467104 84440 ?        S    16:05   0:00 nginx: worker process      ", 
        "nobody   120342  0.0  2.2 465176 80144 ?        S    16:05   0:00 nginx: cache manager process", 

        "nobody   120343  0.0  2.2 465176 80080 ?        S    16:05   0:00 nginx: cache loader process", 
        "root     120345  0.0  0.0 103324   840 ?        S    16:05   0:00 grep nginx", 
        "             total       used       free     shared    buffers     cached", 
        "Mem:          3440       1372       2067          4        254        493", 
        "-/+ buffers/cache:        625       2815", 

        "Swap:            0          0          0", 
        "-----------------------------------------------------------", 
        "|                     Reload SUCCESS!                     |", 
        "-----------------------------------------------------------"
    ]

}
ok: [119.9.108.142] => {
    "script_result.stdout_lines": [
        "-----------------------------------------------------------", 
        "|                 Checking Nginx Config                   |", 

        "-----------------------------------------------------------", 
        "", 
        " nginx -t ", 
        "", 
        "-----------------------------------------------------------", 

        "|                 Stopping Nginx Process                  |", 
        "-----------------------------------------------------------", 
        "", 
        " /usr/bin/killall -9 nginx ", 
        "", 

        "-----------------------------------------------------------", 
        "|                 Clearing Proxy Cache                    |", 
        "-----------------------------------------------------------", 
        "", 
        " /bin/rm -rf /tmp/nginx_cache ", 

        "", 
        "-----------------------------------------------------------", 
        "|                Restarting Nginx Process                 |", 
        "-----------------------------------------------------------", 
        "root      3327  0.0  0.0 106084  1428 ?        S    16:05   0:00 /bin/bash /bak/bin/clear_nginxcache.sh", 

        "root      3333  0.0  3.7 465176 77760 ?        Ss   16:05   0:00 nginx: master process /usr/local/nginx/sbin/nginx", 
        "nobody    3335  1.3  4.1 467540 84684 ?        S    16:05   0:00 nginx: worker process      ", 
        "nobody    3336  1.3  4.1 467676 84640 ?        S    16:05   0:00 nginx: worker process      ", 
        "nobody    3337  1.0  4.1 467820 84728 ?        S    16:05   0:00 nginx: worker process      ", 
        "nobody    3338  1.3  4.1 467968 84776 ?        S    16:05   0:00 nginx: worker process      ", 

        "nobody    3339  0.0  3.9 465176 80204 ?        S    16:05   0:00 nginx: cache manager process", 
        "nobody    3340  0.0  3.9 465176 80184 ?        S    16:05   0:00 nginx: cache loader process", 
        "root      3342  0.0  0.0 103324   884 ?        S    16:05   0:00 grep nginx", 
        "             total       used       free     shared    buffers     cached", 
        "Mem:          2000       1536        464          4        314        713", 

        "-/+ buffers/cache:        508       1492", 
        "Swap:            0          0          0", 
        "-----------------------------------------------------------", 
        "|                     Reload SUCCESS!                     |", 
        "-----------------------------------------------------------"

    ]
}
ok: [118.193.185.16] => {
    "script_result.stdout_lines": [
        "-----------------------------------------------------------", 

        "|                 Checking Nginx Config                   |", 
        "-----------------------------------------------------------", 
        "", 
        " nginx -t ", 
        "", 

        "-----------------------------------------------------------", 
        "|                 Stopping Nginx Process                  |", 
        "-----------------------------------------------------------", 
        "", 
        " /usr/bin/killall -9 nginx ", 

        "", 
        "-----------------------------------------------------------", 
        "|                 Clearing Proxy Cache                    |", 
        "-----------------------------------------------------------", 
        "", 

        " /bin/rm -rf /tmp/nginx_cache ", 
        "", 
        "-----------------------------------------------------------", 
        "|                Restarting Nginx Process                 |", 
        "-----------------------------------------------------------", 

        "root      4099  0.0  0.0 106084  1404 ?        S    16:05   0:00 /bin/bash /bak/bin/clear_nginxcache.sh", 
        "root      4113  0.0  1.9 465076 77644 ?        Ss   16:05   0:00 nginx: master process /usr/local/nginx/sbin/nginx", 
        "nobody    4114  1.0  2.0 467164 84140 ?        S    16:05   0:00 nginx: worker process      ", 
        "nobody    4116  1.0  2.0 467148 84120 ?        S    16:05   0:00 nginx: worker process      ", 
        "nobody    4117  1.5  2.0 467148 84140 ?        S    16:05   0:00 nginx: worker process      ", 

        "nobody    4118  1.5  2.0 467268 84176 ?        S    16:05   0:00 nginx: worker process      ", 
        "nobody    4119  0.0  1.9 465076 79764 ?        S    16:05   0:00 nginx: cache manager process", 
        "nobody    4120  0.0  1.9 465076 79724 ?        S    16:05   0:00 nginx: cache loader process", 
        "root      4123  0.0  0.0 103328   868 ?        S    16:05   0:00 grep nginx", 
        "             total       used       free     shared    buffers     cached", 

        "Mem:          3961       1846       2115          3        252        823", 
        "-/+ buffers/cache:        769       3191", 
        "Swap:         2047          0       2047", 
        "-----------------------------------------------------------", 
        "|                     Reload SUCCESS!                     |", 

        "-----------------------------------------------------------"
    ]
}
ok: [168.63.205.43] => {
    "script_result.stdout_lines": [

        "-----------------------------------------------------------", 
        "|                 Checking Nginx Config                   |", 
        "-----------------------------------------------------------", 
        "", 
        " nginx -t ", 

        "", 
        "-----------------------------------------------------------", 
        "|                 Stopping Nginx Process                  |", 
        "-----------------------------------------------------------", 
        "", 

        " /usr/bin/killall -9 nginx ", 
        "", 
        "-----------------------------------------------------------", 
        "|                 Clearing Proxy Cache                    |", 
        "-----------------------------------------------------------", 

        "", 
        " /bin/rm -rf /tmp/nginx_cache ", 
        "", 
        "-----------------------------------------------------------", 
        "|                Restarting Nginx Process                 |", 

        "-----------------------------------------------------------", 
        "root     100362  0.0  0.0 106120  1280 ?        S    16:05   0:00 /bin/bash /bak/bin/clear_nginxcache.sh", 
        "root     100371  0.0  2.2 465176 77696 ?        Ss   16:05   0:00 nginx: master process /usr/local/nginx/sbin/nginx", 
        "nobody   100372  0.3  2.3 467104 83952 ?        S    16:05   0:00 nginx: worker process      ", 
        "nobody   100373  0.0  2.3 467104 82784 ?        S    16:05   0:00 nginx: worker process      ", 

        "nobody   100374  0.0  2.3 467104 82800 ?        S    16:05   0:00 nginx: worker process      ", 
        "nobody   100375  0.3  2.3 467104 83952 ?        S    16:05   0:00 nginx: worker process      ", 
        "nobody   100376  0.0  2.2 465176 79632 ?        S    16:05   0:00 nginx: cache manager process", 
        "nobody   100377  0.0  2.2 465176 79612 ?        S    16:05   0:00 nginx: cache loader process", 
        "root     100388  0.0  0.0 103328   844 ?        S    16:05   0:00 grep nginx", 

        "             total       used       free     shared    buffers     cached", 
        "Mem:          3440       1338       2101          3        238        516", 
        "-/+ buffers/cache:        584       2856", 
        "Swap:            0          0          0", 
        "-----------------------------------------------------------", 

        "|                     Reload SUCCESS!                     |", 
        "-----------------------------------------------------------"
    ]
}
ok: [118.193.185.186] => {

    "script_result.stdout_lines": [
        "-----------------------------------------------------------", 
        "|                 Checking Nginx Config                   |", 
        "-----------------------------------------------------------", 
        "", 

        " nginx -t ", 
        "", 
        "-----------------------------------------------------------", 
        "|                 Stopping Nginx Process                  |", 
        "-----------------------------------------------------------", 

        "", 
        " /usr/bin/killall -9 nginx ", 
        "", 
        "-----------------------------------------------------------", 
        "|                 Clearing Proxy Cache                    |", 

        "-----------------------------------------------------------", 
        "", 
        " /bin/rm -rf /tmp/nginx_cache ", 
        "", 
        "-----------------------------------------------------------", 

        "|                Restarting Nginx Process                 |", 
        "-----------------------------------------------------------", 
        "root     22535  0.0  0.0 106064  1396 ?        S    16:05   0:00 /bin/bash /bak/bin/clear_nginxcache.sh", 
        "root     22550  0.0  1.9 465544 77656 ?        Ss   16:05   0:00 nginx: master process /usr/local/nginx/sbin/nginx", 
        "nobody   22551  0.0  2.1 467472 82860 ?        S    16:05   0:00 nginx: worker process      ", 

        "nobody   22553  0.0  2.1 467472 82832 ?        S    16:05   0:00 nginx: worker process      ", 
        "nobody   22554  0.0  2.1 467472 82836 ?        S    16:05   0:00 nginx: worker process      ", 
        "nobody   22555  0.0  2.1 467472 82832 ?        S    16:05   0:00 nginx: worker process      ", 
        "nobody   22556  0.0  2.0 465544 79676 ?        S    16:05   0:00 nginx: cache manager process", 
        "nobody   22557  0.0  2.0 465544 79660 ?        S    16:05   0:00 nginx: cache loader process", 

        "root     22559  0.0  0.0 103248   848 ?        S    16:05   0:00 grep nginx", 
        "             total       used       free     shared    buffers     cached", 
        "Mem:          3832        858       2973          0        199        287", 
        "-/+ buffers/cache:        371       3461", 
        "Swap:         2047          0       2047", 

        "-----------------------------------------------------------", 
        "|                     Reload SUCCESS!                     |", 
        "-----------------------------------------------------------"
    ]
}

ok: [13.75.109.5] => {
    "script_result.stdout_lines": [
        "-----------------------------------------------------------", 
        "|                 Checking Nginx Config                   |", 
        "-----------------------------------------------------------", 

        "", 
        " nginx -t ", 
        "", 
        "-----------------------------------------------------------", 
        "|                 Stopping Nginx Process                  |", 

        "-----------------------------------------------------------", 
        "", 
        " /usr/bin/killall -9 nginx ", 
        "", 
        "-----------------------------------------------------------", 

        "|                 Clearing Proxy Cache                    |", 
        "-----------------------------------------------------------", 
        "", 
        " /bin/rm -rf /tmp/nginx_cache ", 
        "", 

        "-----------------------------------------------------------", 
        "|                Restarting Nginx Process                 |", 
        "-----------------------------------------------------------", 
        "root      11734  0.0  0.0 106112  1284 ?        S    16:05   0:00 /bin/bash /bak/bin/clear_nginxcache.sh", 
        "root      11744  0.0  2.2 465644 77716 ?        Ss   16:05   0:00 nginx: master process /usr/local/nginx/sbin/nginx", 

        "nobody    11745  0.5  2.4 467572 84768 ?        S    16:05   0:00 nginx: worker process      ", 
        "nobody    11747  0.5  2.4 467572 84752 ?        S    16:05   0:00 nginx: worker process      ", 
        "nobody    11748  1.0  2.4 467708 84828 ?        S    16:05   0:00 nginx: worker process      ", 
        "nobody    11749  0.0  2.4 467704 84760 ?        S    16:05   0:00 nginx: worker process      ", 
        "nobody    11750  0.0  2.2 465644 80380 ?        S    16:05   0:00 nginx: cache manager process", 

        "nobody    11751  0.0  2.2 465644 80360 ?        S    16:05   0:00 nginx: cache loader process", 
        "root      11753  0.0  0.0 103264   832 ?        S    16:05   0:00 grep nginx", 
        "             total       used       free     shared    buffers     cached", 
        "Mem:          3440       2657        782          0        304        944", 
        "-/+ buffers/cache:       1408       2032", 

        "Swap:            0          0          0", 
        "-----------------------------------------------------------", 
        "|                     Reload SUCCESS!                     |", 
        "-----------------------------------------------------------"
    ]

}
ok: [161.202.34.70] => {
    "script_result.stdout_lines": [
        "-----------------------------------------------------------", 
        "|                 Checking Nginx Config                   |", 

        "-----------------------------------------------------------", 
        "", 
        " nginx -t ", 
        "", 
        "-----------------------------------------------------------", 

        "|                 Stopping Nginx Process                  |", 
        "-----------------------------------------------------------", 
        "", 
        " /usr/bin/killall -9 nginx ", 
        "", 

        "-----------------------------------------------------------", 
        "|                 Clearing Proxy Cache                    |", 
        "-----------------------------------------------------------", 
        "", 
        " /bin/rm -rf /tmp/nginx_cache ", 

        "", 
        "-----------------------------------------------------------", 
        "|                Restarting Nginx Process                 |", 
        "-----------------------------------------------------------", 
        "root      5986  2.4  0.0 106112  1280 ?        S    16:05   0:00 /bin/bash /bak/bin/clear_nginxcache.sh", 

        "root      5992 11.6  1.3 465180 77712 ?        Ss   16:05   0:00 nginx: master process /usr/local/nginx/sbin/nginx", 
        "nobody    5994  0.6  1.4 467108 83796 ?        S    16:05   0:00 nginx: worker process      ", 
        "nobody    5995  0.3  1.3 467108 82564 ?        S    16:05   0:00 nginx: worker process      ", 
        "nobody    5996  0.5  1.3 467108 82564 ?        S    16:05   0:00 nginx: worker process      ", 
        "nobody    5997  1.5  1.4 467240 83796 ?        S    16:05   0:00 nginx: worker process      ", 

        "nobody    5998  0.0  1.3 465180 79412 ?        S    16:05   0:00 nginx: cache manager process", 
        "nobody    5999  0.0  1.3 465180 79376 ?        S    16:05   0:00 nginx: cache loader process", 
        "root      6005  0.0  0.0 103320   840 ?        S    16:05   0:00 grep nginx", 
        "             total       used       free     shared    buffers     cached", 
        "Mem:          5828       1211       4616          3        229        568", 

        "-/+ buffers/cache:        413       5414", 
        "Swap:         2047          0       2047", 
        "-----------------------------------------------------------", 
        "|                     Reload SUCCESS!                     |", 
        "-----------------------------------------------------------"

    ]
}
ok: [161.202.34.91] => {
    "script_result.stdout_lines": [
        "-----------------------------------------------------------", 

        "|                 Checking Nginx Config                   |", 
        "-----------------------------------------------------------", 
        "", 
        " nginx -t ", 
        "", 

        "-----------------------------------------------------------", 
        "|                 Stopping Nginx Process                  |", 
        "-----------------------------------------------------------", 
        "", 
        " /usr/bin/killall -9 nginx ", 

        "", 
        "-----------------------------------------------------------", 
        "|                 Clearing Proxy Cache                    |", 
        "-----------------------------------------------------------", 
        "", 

        " /bin/rm -rf /tmp/nginx_cache ", 
        "", 
        "-----------------------------------------------------------", 
        "|                Restarting Nginx Process                 |", 
        "-----------------------------------------------------------", 

        "root       797  2.5  0.0 106112  1280 ?        S    16:05   0:00 /bin/bash /bak/bin/clear_nginxcache.sh", 
        "root       807 12.3  0.9 466232 78456 ?        Ss   16:05   0:00 nginx: master process /usr/local/nginx/sbin/nginx", 
        "nobody     809  2.0  1.0 468160 84752 ?        S    16:05   0:00 nginx: worker process      ", 
        "nobody     810  1.0  1.0 468160 84708 ?        S    16:05   0:00 nginx: worker process      ", 
        "nobody     811  1.0  1.0 468160 84708 ?        S    16:05   0:00 nginx: worker process      ", 

        "nobody     812  1.5  1.0 468160 84732 ?        S    16:05   0:00 nginx: worker process      ", 
        "nobody     813  0.0  1.0 466232 80308 ?        S    16:05   0:00 nginx: cache manager process", 
        "nobody     814  0.0  0.9 466232 80264 ?        S    16:05   0:00 nginx: cache loader process", 
        "root       816  0.0  0.0 103316   832 ?        S    16:05   0:00 grep nginx", 
        "             total       used       free     shared    buffers     cached", 

        "Mem:          7840       1116       6724          3        190        514", 
        "-/+ buffers/cache:        411       7428", 
        "Swap:         2047          0       2047", 
        "-----------------------------------------------------------", 
        "|                     Reload SUCCESS!                     |", 

        "-----------------------------------------------------------"
    ]
}
ok: [40.83.120.179] => {
    "script_result.stdout_lines": [

        "-----------------------------------------------------------", 
        "|                 Checking Nginx Config                   |", 
        "-----------------------------------------------------------", 
        "", 
        " nginx -t ", 

        "", 
        "-----------------------------------------------------------", 
        "|                 Stopping Nginx Process                  |", 
        "-----------------------------------------------------------", 
        "", 

        " /usr/bin/killall -9 nginx ", 
        "", 
        "-----------------------------------------------------------", 
        "|                 Clearing Proxy Cache                    |", 
        "-----------------------------------------------------------", 

        "", 
        " /bin/rm -rf /tmp/nginx_cache ", 
        "", 
        "-----------------------------------------------------------", 
        "|                Restarting Nginx Process                 |", 

        "-----------------------------------------------------------", 
        "root      13616  0.0  0.0 106112  1284 ?        S    16:05   0:00 /bin/bash /bak/bin/clear_nginxcache.sh", 
        "root      13622  0.0  2.2 465640 77692 ?        Ss   16:05   0:00 nginx: master process /usr/local/nginx/sbin/nginx", 
        "nobody    13623  1.0  2.4 467568 87360 ?        S    16:05   0:00 nginx: worker process      ", 
        "nobody    13625  1.0  2.4 467568 87340 ?        S    16:05   0:00 nginx: worker process      ", 

        "nobody    13626  0.3  2.4 467568 87332 ?        S    16:05   0:00 nginx: worker process      ", 
        "nobody    13627  0.3  2.4 467568 87364 ?        S    16:05   0:00 nginx: worker process      ", 
        "nobody    13628  0.0  2.3 465640 83008 ?        S    16:05   0:00 nginx: cache manager process", 
        "nobody    13629  0.0  2.3 465640 83024 ?        S    16:05   0:00 nginx: cache loader process", 
        "root      13672  0.0  0.0 103264   832 ?        S    16:05   0:00 grep nginx", 

        "             total       used       free     shared    buffers     cached", 
        "Mem:          3440       2635        805          0        432       1394", 
        "-/+ buffers/cache:        808       2631", 
        "Swap:            0          0          0", 
        "-----------------------------------------------------------", 

        "|                     Reload SUCCESS!                     |", 
        "-----------------------------------------------------------"
    ]
}
ok: [23.102.227.165] => {

    "script_result.stdout_lines": [
        "-----------------------------------------------------------", 
        "|                 Checking Nginx Config                   |", 
        "-----------------------------------------------------------", 
        "", 

        " nginx -t ", 
        "", 
        "-----------------------------------------------------------", 
        "|                 Stopping Nginx Process                  |", 
        "-----------------------------------------------------------", 

        "", 
        " /usr/bin/killall -9 nginx ", 
        "", 
        "-----------------------------------------------------------", 
        "|                 Clearing Proxy Cache                    |", 

        "-----------------------------------------------------------", 
        "", 
        " /bin/rm -rf /tmp/nginx_cache ", 
        "", 
        "-----------------------------------------------------------", 

        "|                Restarting Nginx Process                 |", 
        "-----------------------------------------------------------", 
        "root      78364  0.0  0.0 106112  1280 ?        S    16:05   0:00 /bin/bash /bak/bin/clear_nginxcache.sh", 
        "root      78371  0.5  1.9 465640 77704 ?        Ss   16:05   0:00 nginx: master process /usr/local/nginx/sbin/nginx", 
        "nobody    78373  0.5  2.1 467568 85272 ?        S    16:05   0:00 nginx: worker process      ", 

        "nobody    78374  0.0  2.1 467568 85292 ?        S    16:05   0:00 nginx: worker process      ", 
        "nobody    78375  1.0  2.1 467568 86444 ?        S    16:05   0:00 nginx: worker process      ", 
        "nobody    78376  0.0  2.1 467568 85284 ?        S    16:05   0:00 nginx: worker process      ", 
        "nobody    78377  0.0  2.0 465640 82120 ?        S    16:05   0:00 nginx: cache manager process", 
        "nobody    78378  0.0  2.0 465640 82096 ?        S    16:05   0:00 nginx: cache loader process", 

        "root      78460  0.0  0.0 103264   832 ?        S    16:05   0:00 grep nginx", 
        "             total       used       free     shared    buffers     cached", 
        "Mem:          3944       2986        958          0        349       1335", 
        "-/+ buffers/cache:       1301       2643", 
        "Swap:            0          0          0", 

        "-----------------------------------------------------------", 
        "|                     Reload SUCCESS!                     |", 
        "-----------------------------------------------------------"
    ]
}

ok: [47.75.92.12] => {
    "script_result.stdout_lines": [
        "-----------------------------------------------------------", 
        "|                 Checking Nginx Config                   |", 
        "-----------------------------------------------------------", 

        "", 
        " nginx -t ", 
        "", 
        "-----------------------------------------------------------", 
        "|                 Stopping Nginx Process                  |", 

        "-----------------------------------------------------------", 
        "", 
        " /usr/bin/killall -9 nginx ", 
        "", 
        "-----------------------------------------------------------", 

        "|                 Clearing Proxy Cache                    |", 
        "-----------------------------------------------------------", 
        "", 
        " /bin/rm -rf /tmp/nginx_cache ", 
        "", 

        "-----------------------------------------------------------", 
        "|                Restarting Nginx Process                 |", 
        "-----------------------------------------------------------", 
        "root     14543  0.1  0.0 106080  1424 ?        S    16:05   0:00 /bin/bash /bak/bin/clear_nginxcache.sh", 
        "root     14625  0.0  1.9 468272 78488 ?        Ss   16:05   0:00 nginx: master process /usr/local/nginx/sbin/nginx", 

        "nobody   14626  0.0  2.1 470200 86460 ?        S    16:05   0:00 nginx: worker process      ", 
        "nobody   14628  0.0  2.1 470200 86428 ?        S    16:05   0:00 nginx: worker process      ", 
        "nobody   14629  0.0  2.1 470200 86260 ?        S    16:05   0:00 nginx: worker process      ", 
        "nobody   14630  0.0  2.1 470200 86424 ?        S    16:05   0:00 nginx: worker process      ", 
        "nobody   14631  0.0  2.0 468272 82004 ?        S    16:05   0:00 nginx: cache manager process", 

        "nobody   14632  0.0  2.0 468272 81984 ?        S    16:05   0:00 nginx: cache loader process", 
        "root     14634  0.0  0.0 103320   884 ?        S    16:05   0:00 grep nginx", 
        "             total       used       free     shared    buffers     cached", 
        "Mem:          3961       2542       1419          5        181       1428", 
        "-/+ buffers/cache:        932       3029", 

        "Swap:            0          0          0", 
        "-----------------------------------------------------------", 
        "|                     Reload SUCCESS!                     |", 
        "-----------------------------------------------------------"
    ]

}
ok: [65.52.163.151] => {
    "script_result.stdout_lines": [
        "-----------------------------------------------------------", 
        "|                 Checking Nginx Config                   |", 

        "-----------------------------------------------------------", 
        "", 
        " nginx -t ", 
        "", 
        "-----------------------------------------------------------", 

        "|                 Stopping Nginx Process                  |", 
        "-----------------------------------------------------------", 
        "", 
        " /usr/bin/killall -9 nginx ", 
        "", 

        "-----------------------------------------------------------", 
        "|                 Clearing Proxy Cache                    |", 
        "-----------------------------------------------------------", 
        "", 
        " /bin/rm -rf /tmp/nginx_cache ", 

        "", 
        "-----------------------------------------------------------", 
        "|                Restarting Nginx Process                 |", 
        "-----------------------------------------------------------", 
        "root      94973  0.0  0.0 106112  1280 ?        S    16:05   0:00 /bin/bash /bak/bin/clear_nginxcache.sh", 

        "root      95099  0.0  1.9 466696 78464 ?        Ss   16:05   0:00 nginx: master process /usr/local/nginx/sbin/nginx", 
        "nobody    95100  0.5  2.4 468624 100148 ?       S    16:05   0:00 nginx: worker process      ", 
        "nobody    95101  0.5  2.4 468624 98852 ?        S    16:05   0:00 nginx: worker process      ", 
        "nobody    95102  0.2  2.4 468624 99356 ?        S    16:05   0:00 nginx: worker process      ", 
        "nobody    95103  0.5  2.4 468624 100100 ?       S    16:05   0:00 nginx: worker process      ", 

        "nobody    95104  0.4  2.3 466696 95708 ?        S    16:05   0:00 nginx: cache manager process", 
        "nobody    95105  0.2  2.3 466696 95656 ?        S    16:05   0:00 nginx: cache loader process", 
        "root      95131  0.0  0.0 103264   832 ?        S    16:05   0:00 grep nginx", 
        "             total       used       free     shared    buffers     cached", 
        "Mem:          3944       2423       1521          0        246       1448", 

        "-/+ buffers/cache:        728       3215", 
        "Swap:            0          0          0", 
        "-----------------------------------------------------------", 
        "|                     Reload SUCCESS!                     |", 
        "-----------------------------------------------------------"

    ]
}
ok: [13.75.105.206] => {
    "script_result.stdout_lines": [
        "-----------------------------------------------------------", 

        "|                 Checking Nginx Config                   |", 
        "-----------------------------------------------------------", 
        "", 
        " nginx -t ", 
        "", 

        "-----------------------------------------------------------", 
        "|                 Stopping Nginx Process                  |", 
        "-----------------------------------------------------------", 
        "", 
        " /usr/bin/killall -9 nginx ", 

        "", 
        "-----------------------------------------------------------", 
        "|                 Clearing Proxy Cache                    |", 
        "-----------------------------------------------------------", 
        "", 

        " /bin/rm -rf /tmp/nginx_cache ", 
        "", 
        "-----------------------------------------------------------", 
        "|                Restarting Nginx Process                 |", 
        "-----------------------------------------------------------", 

        "root      42178  0.0  0.0 106112  1284 ?        S    16:05   0:00 /bin/bash /bak/bin/clear_nginxcache.sh", 
        "root      42184  0.5  2.2 465644 77712 ?        Ss   16:05   0:00 nginx: master process /usr/local/nginx/sbin/nginx", 
        "nobody    42185  1.0  2.4 467572 84632 ?        S    16:05   0:00 nginx: worker process      ", 
        "nobody    42186  1.0  2.4 467572 84720 ?        S    16:05   0:00 nginx: worker process      ", 
        "nobody    42187  0.0  2.3 467572 83768 ?        S    16:05   0:00 nginx: worker process      ", 

        "nobody    42188  0.0  2.3 467572 84484 ?        S    16:05   0:00 nginx: worker process      ", 
        "nobody    42190  0.0  2.2 465644 80272 ?        S    16:05   0:00 nginx: cache manager process", 
        "nobody    42191  0.0  2.2 465644 80248 ?        S    16:05   0:00 nginx: cache loader process", 
        "root      42193  0.0  0.0 103264   832 ?        S    16:05   0:00 grep nginx", 
        "             total       used       free     shared    buffers     cached", 

        "Mem:          3440       2770        669          0        499       1081", 
        "-/+ buffers/cache:       1189       2250", 
        "Swap:            0          0          0", 
        "-----------------------------------------------------------", 
        "|                     Reload SUCCESS!                     |", 

        "-----------------------------------------------------------"
    ]
}

PLAY [127.0.0.1] ***************************************************************


TASK [sync_to_git : Synchronizing Nginx To GIT] ********************************
changed: [127.0.0.1]

TASK [sync_to_git : debug] *****************************************************

ok: [127.0.0.1] => {
    "script_result.stdout_lines": [
        "[master e934515] aaron.navarro", 
        " 4 files changed, 8 insertions(+), 11 deletions(-)", 
        "Branch master set up to track remote branch master from origin."

    ]
}

PLAY [Product-BBETASIA__NginxForward] ******************************************


PLAY [127.0.0.1] ***************************************************************

PLAY RECAP *********************************************************************
118.193.185.16             : ok=8    changed=2    unreachable=0    failed=0   
118.193.185.186            : ok=8    changed=2    unreachable=0    failed=0   

119.9.108.142              : ok=8    changed=2    unreachable=0    failed=0   
127.0.0.1                  : ok=2    changed=1    unreachable=0    failed=0   
13.75.105.206              : ok=8    changed=2    unreachable=0    failed=0   
13.75.109.5                : ok=8    changed=2    unreachable=0    failed=0   
161.202.34.70              : ok=8    changed=2    unreachable=0    failed=0   

161.202.34.91              : ok=8    changed=2    unreachable=0    failed=0   
168.63.205.43              : ok=8    changed=2    unreachable=0    failed=0   
23.102.227.165             : ok=8    changed=2    unreachable=0    failed=0   
23.99.120.187              : ok=8    changed=2    unreachable=0    failed=0   
40.83.120.179              : ok=8    changed=2    unreachable=0    failed=0   

47.75.92.12                : ok=8    changed=2    unreachable=0    failed=0   
65.52.163.151              : ok=8    changed=2    unreachable=0    failed=0   


ESYNC_COMMAND_END
MAX RETRIES EXECUTED, COMMAND NOT RESPONDING