--- /srv/Product-BBETASIA__NginxForward/nginx/conf.d/other/cpms_front_bbetasia.conf	2018-08-15 16:21:47.445009372 +0800
+++ /tmp/cpms_front_bbetasia.conf	2018-11-09 17:05:55.416782186 +0800
@@ -1,6 +1,6 @@
 server {
 	listen      80;
-	server_name ptclient-b8afront.889bb8a.com ptclient-b8afront.779bb8a.com ptclient-b8afront.987bb8a.com mgclient-b8afront.987bb8a.com mgclient-b8afront.889bb8a.com mgclient-b8afront.779bb8a.com;
+	server_name ptclient-b8afront.889bb8a.com ptclient-b8afront.779bb8a.com ptclient-b8afront.987bb8a.com mgclient-b8afront.987bb8a.com mgclient-b8afront.889bb8a.com mgclient-b8afront.779bb8a.com ptclient.889bb8a.com ptclient.779bb8a.com ptclient.987bb8a.com;
 	charset utf-8;
 
 	include   /usr/local/nginx/conf.d/include/bbetasia_cpms_front_masterconfig.include;
@@ -10,7 +10,7 @@
 
 server {
 	listen      443;
-	server_name ptclient-b8afront.889bb8a.com mgclient-b8afront.889bb8a.com;
+	server_name ptclient.889bb8a.com ptclient-b8afront.889bb8a.com mgclient-b8afront.889bb8a.com;
 	charset utf-8;
 
 	include   /usr/local/nginx/conf.d/include/bbetasia_cpms_front_masterconfig.include;
@@ -24,7 +24,7 @@
 
 server {
 	listen      443;
-	server_name ptclient-b8afront.779bb8a.com mgclient-b8afront.779bb8a.com;
+	server_name ptclient.779bb8a.com ptclient-b8afront.779bb8a.com mgclient-b8afront.779bb8a.com;
 	charset utf-8;
 
 	include   /usr/local/nginx/conf.d/include/bbetasia_cpms_front_masterconfig.include;
@@ -38,7 +38,7 @@
 
 server {
 	listen      443;
-	server_name ptclient-b8afront.987bb8a.com mgclient-b8afront.987bb8a.com;
+	server_name ptclient.987bb8a.com ptclient-b8afront.987bb8a.com mgclient-b8afront.987bb8a.com;
 	charset utf-8;
 
 	include   /usr/local/nginx/conf.d/include/bbetasia_cpms_front_masterconfig.include;

