ESYNC_COMMAND_START

PLAY [Product-BBETASIA__NginxForward] ******************************************

TASK [nginx_sync : Notify] *****************************************************
ok: [23.99.120.187] => {

    "msg": "Syncing Product-BBETASIA__NginxForward"
}
ok: [119.9.108.142] => {
    "msg": "Syncing Product-BBETASIA__NginxForward"
}

ok: [118.193.185.16] => {
    "msg": "Syncing Product-BBETASIA__NginxForward"
}
ok: [168.63.205.43] => {
    "msg": "Syncing Product-BBETASIA__NginxForward"

}
ok: [118.193.185.186] => {
    "msg": "Syncing Product-BBETASIA__NginxForward"
}
ok: [13.75.109.5] => {

    "msg": "Syncing Product-BBETASIA__NginxForward"
}
ok: [161.202.34.70] => {
    "msg": "Syncing Product-BBETASIA__NginxForward"
}

ok: [161.202.34.91] => {
    "msg": "Syncing Product-BBETASIA__NginxForward"
}
ok: [40.83.120.179] => {
    "msg": "Syncing Product-BBETASIA__NginxForward"

}
ok: [23.102.227.165] => {
    "msg": "Syncing Product-BBETASIA__NginxForward"
}
ok: [47.75.92.12] => {

    "msg": "Syncing Product-BBETASIA__NginxForward"
}
ok: [65.52.163.151] => {
    "msg": "Syncing Product-BBETASIA__NginxForward"
}

ok: [13.75.105.206] => {
    "msg": "Syncing Product-BBETASIA__NginxForward"
}

TASK [nginx_sync : include_vars] ***********************************************

ok: [23.99.120.187]
ok: [119.9.108.142]
ok: [118.193.185.16]
ok: [168.63.205.43]
ok: [118.193.185.186]

ok: [13.75.109.5]
ok: [161.202.34.70]
ok: [161.202.34.91]
ok: [40.83.120.179]
ok: [23.102.227.165]

ok: [47.75.92.12]
ok: [65.52.163.151]
ok: [13.75.105.206]

TASK [nginx_sync : Synchronizing Nginx] ****************************************

ok: [119.9.108.142] => (item=conf)
ok: [23.99.120.187] => (item=conf)
ok: [118.193.185.186] => (item=conf)
ok: [118.193.185.16] => (item=conf)
ok: [168.63.205.43] => (item=conf)

changed: [118.193.185.16] => (item=conf.d)
changed: [23.99.120.187] => (item=conf.d)
changed: [119.9.108.142] => (item=conf.d)
changed: [118.193.185.186] => (item=conf.d)
changed: [168.63.205.43] => (item=conf.d)

ok: [23.99.120.187] => (item=data)
ok: [119.9.108.142] => (item=data)
ok: [118.193.185.186] => (item=data)
ok: [168.63.205.43] => (item=data)
ok: [119.9.108.142] => (item=html)

ok: [23.99.120.187] => (item=html)
ok: [118.193.185.186] => (item=html)
ok: [168.63.205.43] => (item=html)
ok: [118.193.185.16] => (item=data)
ok: [13.75.109.5] => (item=conf)

ok: [161.202.34.70] => (item=conf)
ok: [161.202.34.91] => (item=conf)
ok: [118.193.185.16] => (item=html)
ok: [40.83.120.179] => (item=conf)
changed: [13.75.109.5] => (item=conf.d)

changed: [161.202.34.91] => (item=conf.d)
changed: [161.202.34.70] => (item=conf.d)
ok: [23.102.227.165] => (item=conf)
changed: [40.83.120.179] => (item=conf.d)
ok: [13.75.109.5] => (item=data)

ok: [161.202.34.91] => (item=data)
ok: [161.202.34.70] => (item=data)
ok: [40.83.120.179] => (item=data)
changed: [23.102.227.165] => (item=conf.d)
ok: [13.75.109.5] => (item=html)

ok: [161.202.34.91] => (item=html)
ok: [161.202.34.70] => (item=html)
ok: [40.83.120.179] => (item=html)
ok: [23.102.227.165] => (item=data)
ok: [47.75.92.12] => (item=conf)

ok: [65.52.163.151] => (item=conf)
ok: [13.75.105.206] => (item=conf)
ok: [23.102.227.165] => (item=html)
changed: [47.75.92.12] => (item=conf.d)
changed: [65.52.163.151] => (item=conf.d)

changed: [13.75.105.206] => (item=conf.d)
ok: [47.75.92.12] => (item=data)
ok: [65.52.163.151] => (item=data)
ok: [13.75.105.206] => (item=data)
ok: [47.75.92.12] => (item=html)

ok: [65.52.163.151] => (item=html)
ok: [13.75.105.206] => (item=html)

TASK [all_servers : include_vars] **********************************************
ok: [23.99.120.187]

ok: [119.9.108.142]
ok: [118.193.185.16]
ok: [168.63.205.43]
ok: [118.193.185.186]
ok: [13.75.109.5]

ok: [161.202.34.70]
ok: [161.202.34.91]
ok: [40.83.120.179]
ok: [23.102.227.165]
ok: [47.75.92.12]

ok: [65.52.163.151]
ok: [13.75.105.206]

TASK [all_servers : Notify] ****************************************************
ok: [23.99.120.187] => {

    "msg": "Clearing Nginx Cache for Product-BBETASIA__NginxForward"
}
ok: [119.9.108.142] => {
    "msg": "Clearing Nginx Cache for Product-BBETASIA__NginxForward"
}

ok: [118.193.185.16] => {
    "msg": "Clearing Nginx Cache for Product-BBETASIA__NginxForward"
}
ok: [168.63.205.43] => {
    "msg": "Clearing Nginx Cache for Product-BBETASIA__NginxForward"

}
ok: [118.193.185.186] => {
    "msg": "Clearing Nginx Cache for Product-BBETASIA__NginxForward"
}
ok: [13.75.109.5] => {

    "msg": "Clearing Nginx Cache for Product-BBETASIA__NginxForward"
}
ok: [161.202.34.70] => {
    "msg": "Clearing Nginx Cache for Product-BBETASIA__NginxForward"
}

ok: [161.202.34.91] => {
    "msg": "Clearing Nginx Cache for Product-BBETASIA__NginxForward"
}
ok: [40.83.120.179] => {
    "msg": "Clearing Nginx Cache for Product-BBETASIA__NginxForward"

}
ok: [23.102.227.165] => {
    "msg": "Clearing Nginx Cache for Product-BBETASIA__NginxForward"
}
ok: [47.75.92.12] => {

    "msg": "Clearing Nginx Cache for Product-BBETASIA__NginxForward"
}
ok: [65.52.163.151] => {
    "msg": "Clearing Nginx Cache for Product-BBETASIA__NginxForward"
}

ok: [13.75.105.206] => {
    "msg": "Clearing Nginx Cache for Product-BBETASIA__NginxForward"
}

TASK [all_servers : Copying clear_nginxcache.sh to remote hosts] ***************

ok: [118.193.185.186]
ok: [119.9.108.142]
ok: [23.99.120.187]
ok: [168.63.205.43]
ok: [161.202.34.70]

ok: [13.75.109.5]
ok: [161.202.34.91]
ok: [40.83.120.179]
ok: [47.75.92.12]
ok: [118.193.185.16]

ok: [23.102.227.165]
ok: [65.52.163.151]
ok: [13.75.105.206]

TASK [all_servers : Nginx Clear Cache] *****************************************

changed: [118.193.185.186]
changed: [119.9.108.142]
changed: [23.99.120.187]
changed: [168.63.205.43]
changed: [118.193.185.16]

changed: [13.75.109.5]
changed: [161.202.34.70]
changed: [40.83.120.179]
changed: [161.202.34.91]
changed: [23.102.227.165]

changed: [47.75.92.12]
changed: [65.52.163.151]
changed: [13.75.105.206]

TASK [all_servers : debug] *****************************************************

ok: [23.99.120.187] => {
    "script_result.stdout_lines": [
        "-----------------------------------------------------------", 
        "|                 Checking Nginx Config                   |", 
        "-----------------------------------------------------------", 

        "", 
        " nginx -t ", 
        "", 
        "-----------------------------------------------------------", 
        "|                 Stopping Nginx Process                  |", 

        "-----------------------------------------------------------", 
        "", 
        " /usr/bin/killall -9 nginx ", 
        "", 
        "-----------------------------------------------------------", 

        "|                 Clearing Proxy Cache                    |", 
        "-----------------------------------------------------------", 
        "", 
        " /bin/rm -rf /tmp/nginx_cache ", 
        "", 

        "-----------------------------------------------------------", 
        "|                Restarting Nginx Process                 |", 
        "-----------------------------------------------------------", 
        "root     100616  0.0  0.0 106116  1276 ?        S    10:29   0:00 /bin/bash /bak/bin/clear_nginxcache.sh", 
        "root     100626  0.0  2.2 465208 77720 ?        Ss   10:29   0:00 nginx: master process /usr/local/nginx/sbin/nginx", 

        "nobody   100627  0.0  2.3 467136 84516 ?        S    10:29   0:00 nginx: worker process      ", 
        "nobody   100629  0.6  2.3 467136 84524 ?        S    10:29   0:00 nginx: worker process      ", 
        "nobody   100630  0.6  2.4 467136 84620 ?        S    10:29   0:00 nginx: worker process      ", 
        "nobody   100631  0.3  2.3 467136 84516 ?        S    10:29   0:00 nginx: worker process      ", 
        "nobody   100632  0.0  2.2 465208 80180 ?        S    10:29   0:00 nginx: cache manager process", 

        "nobody   100633  0.0  2.2 465208 80184 ?        S    10:29   0:00 nginx: cache loader process", 
        "root     100635  0.0  0.0 103328   848 ?        S    10:29   0:00 grep nginx", 
        "             total       used       free     shared    buffers     cached", 
        "Mem:          3440       1592       1847          4        260        660", 
        "-/+ buffers/cache:        671       2768", 

        "Swap:            0          0          0", 
        "-----------------------------------------------------------", 
        "|                     Reload SUCCESS!                     |", 
        "-----------------------------------------------------------"
    ]

}
ok: [119.9.108.142] => {
    "script_result.stdout_lines": [
        "-----------------------------------------------------------", 
        "|                 Checking Nginx Config                   |", 

        "-----------------------------------------------------------", 
        "", 
        " nginx -t ", 
        "", 
        "-----------------------------------------------------------", 

        "|                 Stopping Nginx Process                  |", 
        "-----------------------------------------------------------", 
        "", 
        " /usr/bin/killall -9 nginx ", 
        "", 

        "-----------------------------------------------------------", 
        "|                 Clearing Proxy Cache                    |", 
        "-----------------------------------------------------------", 
        "", 
        " /bin/rm -rf /tmp/nginx_cache ", 

        "", 
        "-----------------------------------------------------------", 
        "|                Restarting Nginx Process                 |", 
        "-----------------------------------------------------------", 
        "root     22264  0.0  0.0 106084  1424 ?        S    10:29   0:00 /bin/bash /bak/bin/clear_nginxcache.sh", 

        "root     22270  0.0  3.7 465208 77780 ?        Ss   10:29   0:00 nginx: master process /usr/local/nginx/sbin/nginx", 
        "nobody   22271  0.3  4.1 467272 84664 ?        S    10:29   0:00 nginx: worker process      ", 
        "nobody   22273  0.0  4.1 467136 84592 ?        S    10:29   0:00 nginx: worker process      ", 
        "nobody   22274  0.0  4.1 467136 84580 ?        S    10:29   0:00 nginx: worker process      ", 
        "nobody   22275  0.6  4.1 467284 84612 ?        S    10:29   0:00 nginx: worker process      ", 

        "nobody   22276  0.0  3.9 465208 80252 ?        S    10:29   0:00 nginx: cache manager process", 
        "nobody   22277  0.0  3.9 465208 80236 ?        S    10:29   0:00 nginx: cache loader process", 
        "root     22279  0.0  0.0 103324   884 ?        S    10:29   0:00 grep nginx", 
        "             total       used       free     shared    buffers     cached", 
        "Mem:          2000       1629        370          4        339        764", 

        "-/+ buffers/cache:        525       1474", 
        "Swap:            0          0          0", 
        "-----------------------------------------------------------", 
        "|                     Reload SUCCESS!                     |", 
        "-----------------------------------------------------------"

    ]
}
ok: [118.193.185.16] => {
    "script_result.stdout_lines": [
        "-----------------------------------------------------------", 

        "|                 Checking Nginx Config                   |", 
        "-----------------------------------------------------------", 
        "", 
        " nginx -t ", 
        "", 

        "-----------------------------------------------------------", 
        "|                 Stopping Nginx Process                  |", 
        "-----------------------------------------------------------", 
        "", 
        " /usr/bin/killall -9 nginx ", 

        "", 
        "-----------------------------------------------------------", 
        "|                 Clearing Proxy Cache                    |", 
        "-----------------------------------------------------------", 
        "", 

        " /bin/rm -rf /tmp/nginx_cache ", 
        "", 
        "-----------------------------------------------------------", 
        "|                Restarting Nginx Process                 |", 
        "-----------------------------------------------------------", 

        "root     29048  0.0  0.0 106084  1400 ?        S    10:29   0:00 /bin/bash /bak/bin/clear_nginxcache.sh", 
        "root     29063  0.0  1.9 465108 77672 ?        Ss   10:29   0:00 nginx: master process /usr/local/nginx/sbin/nginx", 
        "nobody   29064  6.0  2.0 467904 84524 ?        S    10:29   0:00 nginx: worker process      ", 
        "nobody   29066  1.5  2.0 467036 83884 ?        S    10:29   0:00 nginx: worker process      ", 
        "nobody   29067  4.5  2.0 467624 84288 ?        S    10:29   0:00 nginx: worker process      ", 

        "nobody   29068  0.0  2.0 467036 83776 ?        S    10:29   0:00 nginx: worker process      ", 
        "nobody   29069  0.0  1.9 465108 79828 ?        S    10:29   0:00 nginx: cache manager process", 
        "nobody   29070  0.0  1.9 465108 79792 ?        S    10:29   0:00 nginx: cache loader process", 
        "root     29072  0.0  0.0 103328   868 ?        S    10:29   0:00 grep nginx", 
        "             total       used       free     shared    buffers     cached", 

        "Mem:          3961       1965       1996          3        257        887", 
        "-/+ buffers/cache:        820       3141", 
        "Swap:         2047          0       2047", 
        "-----------------------------------------------------------", 
        "|                     Reload SUCCESS!                     |", 

        "-----------------------------------------------------------"
    ]
}
ok: [168.63.205.43] => {
    "script_result.stdout_lines": [

        "-----------------------------------------------------------", 
        "|                 Checking Nginx Config                   |", 
        "-----------------------------------------------------------", 
        "", 
        " nginx -t ", 

        "", 
        "-----------------------------------------------------------", 
        "|                 Stopping Nginx Process                  |", 
        "-----------------------------------------------------------", 
        "", 

        " /usr/bin/killall -9 nginx ", 
        "", 
        "-----------------------------------------------------------", 
        "|                 Clearing Proxy Cache                    |", 
        "-----------------------------------------------------------", 

        "", 
        " /bin/rm -rf /tmp/nginx_cache ", 
        "", 
        "-----------------------------------------------------------", 
        "|                Restarting Nginx Process                 |", 

        "-----------------------------------------------------------", 
        "root      78506  0.0  0.0 106120  1284 ?        S    10:29   0:00 /bin/bash /bak/bin/clear_nginxcache.sh", 
        "root      78515  0.3  2.2 465208 77724 ?        Ss   10:29   0:00 nginx: master process /usr/local/nginx/sbin/nginx", 
        "nobody    78516  0.0  2.3 467136 82872 ?        S    10:29   0:00 nginx: worker process      ", 
        "nobody    78517  0.0  2.3 467136 82864 ?        S    10:29   0:00 nginx: worker process      ", 

        "nobody    78518  0.3  2.3 467136 82844 ?        S    10:29   0:00 nginx: worker process      ", 
        "nobody    78519  0.0  2.3 467136 82844 ?        S    10:29   0:00 nginx: worker process      ", 
        "nobody    78520  0.0  2.2 465208 79688 ?        S    10:29   0:00 nginx: cache manager process", 
        "nobody    78521  0.0  2.2 465208 79652 ?        S    10:29   0:00 nginx: cache loader process", 
        "root      78524  0.0  0.0 103332   852 ?        S    10:29   0:00 grep nginx", 

        "             total       used       free     shared    buffers     cached", 
        "Mem:          3440       1589       1850          3        243        717", 
        "-/+ buffers/cache:        627       2812", 
        "Swap:            0          0          0", 
        "-----------------------------------------------------------", 

        "|                     Reload SUCCESS!                     |", 
        "-----------------------------------------------------------"
    ]
}
ok: [118.193.185.186] => {

    "script_result.stdout_lines": [
        "-----------------------------------------------------------", 
        "|                 Checking Nginx Config                   |", 
        "-----------------------------------------------------------", 
        "", 

        " nginx -t ", 
        "", 
        "-----------------------------------------------------------", 
        "|                 Stopping Nginx Process                  |", 
        "-----------------------------------------------------------", 

        "", 
        " /usr/bin/killall -9 nginx ", 
        "", 
        "-----------------------------------------------------------", 
        "|                 Clearing Proxy Cache                    |", 

        "-----------------------------------------------------------", 
        "", 
        " /bin/rm -rf /tmp/nginx_cache ", 
        "", 
        "-----------------------------------------------------------", 

        "|                Restarting Nginx Process                 |", 
        "-----------------------------------------------------------", 
        "root     29845  0.0  0.0 106064  1400 ?        S    10:29   0:00 /bin/bash /bak/bin/clear_nginxcache.sh", 
        "root     29860  0.0  1.9 465576 77692 ?        Ss   10:29   0:00 nginx: master process /usr/local/nginx/sbin/nginx", 
        "nobody   29862  0.0  2.1 467504 82932 ?        S    10:29   0:00 nginx: worker process      ", 

        "nobody   29863  0.0  2.1 467504 83248 ?        S    10:29   0:00 nginx: worker process      ", 
        "nobody   29864  0.0  2.1 467504 82912 ?        S    10:29   0:00 nginx: worker process      ", 
        "nobody   29865  0.0  2.1 467504 82896 ?        S    10:29   0:00 nginx: worker process      ", 
        "nobody   29866  0.0  2.0 465576 79764 ?        S    10:29   0:00 nginx: cache manager process", 
        "nobody   29867  0.0  2.0 465576 79720 ?        S    10:29   0:00 nginx: cache loader process", 

        "root     29869  0.0  0.0 103248   852 ?        S    10:29   0:00 grep nginx", 
        "             total       used       free     shared    buffers     cached", 
        "Mem:          3832        953       2879          0        206        344", 
        "-/+ buffers/cache:        402       3430", 
        "Swap:         2047          0       2047", 

        "-----------------------------------------------------------", 
        "|                     Reload SUCCESS!                     |", 
        "-----------------------------------------------------------"
    ]
}

ok: [13.75.109.5] => {
    "script_result.stdout_lines": [
        "-----------------------------------------------------------", 
        "|                 Checking Nginx Config                   |", 
        "-----------------------------------------------------------", 

        "", 
        " nginx -t ", 
        "", 
        "-----------------------------------------------------------", 
        "|                 Stopping Nginx Process                  |", 

        "-----------------------------------------------------------", 
        "", 
        " /usr/bin/killall -9 nginx ", 
        "", 
        "-----------------------------------------------------------", 

        "|                 Clearing Proxy Cache                    |", 
        "-----------------------------------------------------------", 
        "", 
        " /bin/rm -rf /tmp/nginx_cache ", 
        "", 

        "-----------------------------------------------------------", 
        "|                Restarting Nginx Process                 |", 
        "-----------------------------------------------------------", 
        "root      81747  0.0  0.0 106112  1284 ?        S    10:29   0:00 /bin/bash /bak/bin/clear_nginxcache.sh", 
        "root      81753  0.0  2.2 465676 77732 ?        Ss   10:29   0:00 nginx: master process /usr/local/nginx/sbin/nginx", 

        "nobody    81755  0.3  2.3 467604 83616 ?        S    10:29   0:00 nginx: worker process      ", 
        "nobody    81756  0.0  2.3 467604 83632 ?        S    10:29   0:00 nginx: worker process      ", 
        "nobody    81757  0.0  2.4 467604 84896 ?        S    10:29   0:00 nginx: worker process      ", 
        "nobody    81758  1.0  2.3 467604 83616 ?        S    10:29   0:00 nginx: worker process      ", 
        "nobody    81759  0.0  2.2 465676 80460 ?        S    10:29   0:00 nginx: cache manager process", 

        "nobody    81760  0.0  2.2 465676 80452 ?        S    10:29   0:00 nginx: cache loader process", 
        "root      81762  0.0  0.0 103264   832 ?        S    10:29   0:00 grep nginx", 
        "             total       used       free     shared    buffers     cached", 
        "Mem:          3440       2754        686          0        310       1032", 
        "-/+ buffers/cache:       1411       2029", 

        "Swap:            0          0          0", 
        "-----------------------------------------------------------", 
        "|                     Reload SUCCESS!                     |", 
        "-----------------------------------------------------------"
    ]

}
ok: [161.202.34.70] => {
    "script_result.stdout_lines": [
        "-----------------------------------------------------------", 
        "|                 Checking Nginx Config                   |", 

        "-----------------------------------------------------------", 
        "", 
        " nginx -t ", 
        "", 
        "-----------------------------------------------------------", 

        "|                 Stopping Nginx Process                  |", 
        "-----------------------------------------------------------", 
        "", 
        " /usr/bin/killall -9 nginx ", 
        "", 

        "-----------------------------------------------------------", 
        "|                 Clearing Proxy Cache                    |", 
        "-----------------------------------------------------------", 
        "", 
        " /bin/rm -rf /tmp/nginx_cache ", 

        "", 
        "-----------------------------------------------------------", 
        "|                Restarting Nginx Process                 |", 
        "-----------------------------------------------------------", 
        "root     12910  2.5  0.0 106112  1280 ?        S    10:29   0:00 /bin/bash /bak/bin/clear_nginxcache.sh", 

        "root     12916 18.5  1.3 465212 77732 ?        Ss   10:29   0:00 nginx: master process /usr/local/nginx/sbin/nginx", 
        "nobody   12918  1.5  1.4 467140 83760 ?        S    10:29   0:00 nginx: worker process      ", 
        "nobody   12919  1.0  1.4 467140 83824 ?        S    10:29   0:00 nginx: worker process      ", 
        "nobody   12920  1.0  1.4 467140 83792 ?        S    10:29   0:00 nginx: worker process      ", 
        "nobody   12921  1.5  1.4 467140 83828 ?        S    10:29   0:00 nginx: worker process      ", 

        "nobody   12922  0.0  1.3 465212 79444 ?        S    10:29   0:00 nginx: cache manager process", 
        "nobody   12923  0.0  1.3 465212 79408 ?        S    10:29   0:00 nginx: cache loader process", 
        "root     12925  0.0  0.0 103316   824 ?        R    10:29   0:00 grep nginx", 
        "             total       used       free     shared    buffers     cached", 
        "Mem:          5828       1293       4534          3        251        610", 

        "-/+ buffers/cache:        431       5396", 
        "Swap:         2047          0       2047", 
        "-----------------------------------------------------------", 
        "|                     Reload SUCCESS!                     |", 
        "-----------------------------------------------------------"

    ]
}
ok: [161.202.34.91] => {
    "script_result.stdout_lines": [
        "-----------------------------------------------------------", 

        "|                 Checking Nginx Config                   |", 
        "-----------------------------------------------------------", 
        "", 
        " nginx -t ", 
        "", 

        "-----------------------------------------------------------", 
        "|                 Stopping Nginx Process                  |", 
        "-----------------------------------------------------------", 
        "", 
        " /usr/bin/killall -9 nginx ", 

        "", 
        "-----------------------------------------------------------", 
        "|                 Clearing Proxy Cache                    |", 
        "-----------------------------------------------------------", 
        "", 

        " /bin/rm -rf /tmp/nginx_cache ", 
        "", 
        "-----------------------------------------------------------", 
        "|                Restarting Nginx Process                 |", 
        "-----------------------------------------------------------", 

        "root     14286  2.5  0.0 106112  1280 ?        S    10:29   0:00 /bin/bash /bak/bin/clear_nginxcache.sh", 
        "root     14292 12.0  0.9 466264 78484 ?        Ss   10:29   0:00 nginx: master process /usr/local/nginx/sbin/nginx", 
        "nobody   14294  0.6  1.0 468192 84744 ?        S    10:29   0:00 nginx: worker process      ", 
        "nobody   14295  0.3  1.0 468192 83536 ?        S    10:29   0:00 nginx: worker process      ", 
        "nobody   14296  0.6  1.0 468192 84784 ?        S    10:29   0:00 nginx: worker process      ", 

        "nobody   14297  0.6  1.0 468192 84344 ?        S    10:29   0:00 nginx: worker process      ", 
        "nobody   14298  0.0  1.0 466264 80368 ?        S    10:29   0:00 nginx: cache manager process", 
        "nobody   14299  0.0  1.0 466264 80324 ?        S    10:29   0:00 nginx: cache loader process", 
        "root     14301  0.0  0.0 103316   832 ?        S    10:29   0:00 grep nginx", 
        "             total       used       free     shared    buffers     cached", 

        "Mem:          7840       1189       6650          3        195        558", 
        "-/+ buffers/cache:        435       7404", 
        "Swap:         2047          0       2047", 
        "-----------------------------------------------------------", 
        "|                     Reload SUCCESS!                     |", 

        "-----------------------------------------------------------"
    ]
}
ok: [40.83.120.179] => {
    "script_result.stdout_lines": [

        "-----------------------------------------------------------", 
        "|                 Checking Nginx Config                   |", 
        "-----------------------------------------------------------", 
        "", 
        " nginx -t ", 

        "", 
        "-----------------------------------------------------------", 
        "|                 Stopping Nginx Process                  |", 
        "-----------------------------------------------------------", 
        "", 

        " /usr/bin/killall -9 nginx ", 
        "", 
        "-----------------------------------------------------------", 
        "|                 Clearing Proxy Cache                    |", 
        "-----------------------------------------------------------", 

        "", 
        " /bin/rm -rf /tmp/nginx_cache ", 
        "", 
        "-----------------------------------------------------------", 
        "|                Restarting Nginx Process                 |", 

        "-----------------------------------------------------------", 
        "root     108790  0.1  0.0 106112  1284 ?        S    10:29   0:00 /bin/bash /bak/bin/clear_nginxcache.sh", 
        "root     108796  0.0  2.2 465672 77728 ?        Ss   10:29   0:00 nginx: master process /usr/local/nginx/sbin/nginx", 
        "nobody   108798  0.6  2.4 467600 87444 ?        S    10:29   0:00 nginx: worker process      ", 
        "nobody   108799  1.0  2.4 467600 87444 ?        S    10:29   0:00 nginx: worker process      ", 

        "nobody   108800  0.3  2.4 467600 87468 ?        S    10:29   0:00 nginx: worker process      ", 
        "nobody   108801  0.3  2.4 467600 87468 ?        S    10:29   0:00 nginx: worker process      ", 
        "nobody   108804  0.0  2.3 465672 83104 ?        S    10:29   0:00 nginx: cache manager process", 
        "nobody   108805  0.0  2.3 465672 83120 ?        S    10:29   0:00 nginx: cache loader process", 
        "root     108807  0.0  0.0 103264   824 ?        R    10:29   0:00 grep nginx", 

        "             total       used       free     shared    buffers     cached", 
        "Mem:          3440       2743        697          0        437       1439", 
        "-/+ buffers/cache:        865       2575", 
        "Swap:            0          0          0", 
        "-----------------------------------------------------------", 

        "|                     Reload SUCCESS!                     |", 
        "-----------------------------------------------------------"
    ]
}
ok: [23.102.227.165] => {

    "script_result.stdout_lines": [
        "-----------------------------------------------------------", 
        "|                 Checking Nginx Config                   |", 
        "-----------------------------------------------------------", 
        "", 

        " nginx -t ", 
        "", 
        "-----------------------------------------------------------", 
        "|                 Stopping Nginx Process                  |", 
        "-----------------------------------------------------------", 

        "", 
        " /usr/bin/killall -9 nginx ", 
        "", 
        "-----------------------------------------------------------", 
        "|                 Clearing Proxy Cache                    |", 

        "-----------------------------------------------------------", 
        "", 
        " /bin/rm -rf /tmp/nginx_cache ", 
        "", 
        "-----------------------------------------------------------", 

        "|                Restarting Nginx Process                 |", 
        "-----------------------------------------------------------", 
        "root      31882  0.0  0.0 106112  1284 ?        S    10:29   0:00 /bin/bash /bak/bin/clear_nginxcache.sh", 
        "root      31891  0.0  1.9 465672 77724 ?        Ss   10:29   0:00 nginx: master process /usr/local/nginx/sbin/nginx", 
        "nobody    31892  0.3  2.1 467600 86500 ?        S    10:29   0:00 nginx: worker process      ", 

        "nobody    31893  0.0  2.1 467600 85348 ?        S    10:29   0:00 nginx: worker process      ", 
        "nobody    31894  0.0  2.1 467600 85320 ?        S    10:29   0:00 nginx: worker process      ", 
        "nobody    31895  0.0  2.1 467600 85352 ?        S    10:29   0:00 nginx: worker process      ", 
        "nobody    31896  0.0  2.0 465672 82188 ?        S    10:29   0:00 nginx: cache manager process", 
        "nobody    31897  0.0  2.0 465672 82168 ?        S    10:29   0:00 nginx: cache loader process", 

        "root      31900  0.0  0.0 103264   832 ?        S    10:29   0:00 grep nginx", 
        "             total       used       free     shared    buffers     cached", 
        "Mem:          3944       3067        877          0        354       1399", 
        "-/+ buffers/cache:       1313       2631", 
        "Swap:            0          0          0", 

        "-----------------------------------------------------------", 
        "|                     Reload SUCCESS!                     |", 
        "-----------------------------------------------------------"
    ]
}

ok: [47.75.92.12] => {
    "script_result.stdout_lines": [
        "-----------------------------------------------------------", 
        "|                 Checking Nginx Config                   |", 
        "-----------------------------------------------------------", 

        "", 
        " nginx -t ", 
        "", 
        "-----------------------------------------------------------", 
        "|                 Stopping Nginx Process                  |", 

        "-----------------------------------------------------------", 
        "", 
        " /usr/bin/killall -9 nginx ", 
        "", 
        "-----------------------------------------------------------", 

        "|                 Clearing Proxy Cache                    |", 
        "-----------------------------------------------------------", 
        "", 
        " /bin/rm -rf /tmp/nginx_cache ", 
        "", 

        "-----------------------------------------------------------", 
        "|                Restarting Nginx Process                 |", 
        "-----------------------------------------------------------", 
        "root      6962  0.1  0.0 106080  1428 ?        S    10:29   0:00 /bin/bash /bak/bin/clear_nginxcache.sh", 
        "root      7044  0.0  1.9 468304 78512 ?        Ss   10:29   0:00 nginx: master process /usr/local/nginx/sbin/nginx", 

        "nobody    7045  0.0  2.1 470232 86608 ?        S    10:29   0:00 nginx: worker process      ", 
        "nobody    7047  0.0  2.1 470232 86576 ?        S    10:29   0:00 nginx: worker process      ", 
        "nobody    7048  0.0  2.1 470232 86572 ?        S    10:29   0:00 nginx: worker process      ", 
        "nobody    7049  0.0  2.1 470232 86052 ?        S    10:29   0:00 nginx: worker process      ", 
        "nobody    7050  0.0  2.0 468304 82136 ?        S    10:29   0:00 nginx: cache manager process", 

        "nobody    7051  0.0  2.0 468304 82116 ?        S    10:29   0:00 nginx: cache loader process", 
        "root      7053  0.0  0.0 103324   892 ?        S    10:29   0:00 grep nginx", 
        "             total       used       free     shared    buffers     cached", 
        "Mem:          3961       2489       1472          5        181       1353", 
        "-/+ buffers/cache:        954       3007", 

        "Swap:            0          0          0", 
        "-----------------------------------------------------------", 
        "|                     Reload SUCCESS!                     |", 
        "-----------------------------------------------------------"
    ]

}
ok: [65.52.163.151] => {
    "script_result.stdout_lines": [
        "-----------------------------------------------------------", 
        "|                 Checking Nginx Config                   |", 

        "-----------------------------------------------------------", 
        "", 
        " nginx -t ", 
        "", 
        "-----------------------------------------------------------", 

        "|                 Stopping Nginx Process                  |", 
        "-----------------------------------------------------------", 
        "", 
        " /usr/bin/killall -9 nginx ", 
        "", 

        "-----------------------------------------------------------", 
        "|                 Clearing Proxy Cache                    |", 
        "-----------------------------------------------------------", 
        "", 
        " /bin/rm -rf /tmp/nginx_cache ", 

        "", 
        "-----------------------------------------------------------", 
        "|                Restarting Nginx Process                 |", 
        "-----------------------------------------------------------", 
        "root      77723  0.0  0.0 106112  1280 ?        S    10:29   0:00 /bin/bash /bak/bin/clear_nginxcache.sh", 

        "root      77809  0.0  1.9 466732 78480 ?        Ss   10:29   0:00 nginx: master process /usr/local/nginx/sbin/nginx", 
        "nobody    77810  0.6  2.4 468660 100300 ?       S    10:29   0:00 nginx: worker process      ", 
        "nobody    77811  1.3  2.4 468660 98996 ?        S    10:29   0:00 nginx: worker process      ", 
        "nobody    77812  0.6  2.4 468660 99048 ?        S    10:29   0:00 nginx: worker process      ", 
        "nobody    77813  1.3  2.4 468660 99044 ?        S    10:29   0:00 nginx: worker process      ", 

        "nobody    77814  1.0  2.3 466732 95916 ?        S    10:29   0:00 nginx: cache manager process", 
        "nobody    77815  1.0  2.3 466732 95828 ?        S    10:29   0:00 nginx: cache loader process", 
        "root      77820  0.0  0.0 103264   828 ?        S    10:30   0:00 grep nginx", 
        "             total       used       free     shared    buffers     cached", 
        "Mem:          3944       2527       1417          0        251       1525", 

        "-/+ buffers/cache:        750       3194", 
        "Swap:            0          0          0", 
        "-----------------------------------------------------------", 
        "|                     Reload SUCCESS!                     |", 
        "-----------------------------------------------------------"

    ]
}
ok: [13.75.105.206] => {
    "script_result.stdout_lines": [
        "-----------------------------------------------------------", 

        "|                 Checking Nginx Config                   |", 
        "-----------------------------------------------------------", 
        "", 
        " nginx -t ", 
        "", 

        "-----------------------------------------------------------", 
        "|                 Stopping Nginx Process                  |", 
        "-----------------------------------------------------------", 
        "", 
        " /usr/bin/killall -9 nginx ", 

        "", 
        "-----------------------------------------------------------", 
        "|                 Clearing Proxy Cache                    |", 
        "-----------------------------------------------------------", 
        "", 

        " /bin/rm -rf /tmp/nginx_cache ", 
        "", 
        "-----------------------------------------------------------", 
        "|                Restarting Nginx Process                 |", 
        "-----------------------------------------------------------", 

        "root     105357  0.0  0.0 106112  1284 ?        S    10:29   0:00 /bin/bash /bak/bin/clear_nginxcache.sh", 
        "root     105363  0.3  2.2 465676 77732 ?        Ss   10:29   0:00 nginx: master process /usr/local/nginx/sbin/nginx", 
        "nobody   105364  0.0  2.4 467604 84724 ?        S    10:29   0:00 nginx: worker process      ", 
        "nobody   105365  0.0  2.3 467604 83516 ?        S    10:29   0:00 nginx: worker process      ", 
        "nobody   105366  0.3  2.4 467604 84720 ?        S    10:29   0:00 nginx: worker process      ", 

        "nobody   105367  0.3  2.4 467604 84704 ?        S    10:29   0:00 nginx: worker process      ", 
        "nobody   105369  0.0  2.2 465676 80324 ?        S    10:29   0:00 nginx: cache manager process", 
        "nobody   105370  0.0  2.2 465676 80304 ?        S    10:29   0:00 nginx: cache loader process", 
        "root     105376  0.0  0.0 103264   828 ?        S    10:30   0:00 grep nginx", 
        "             total       used       free     shared    buffers     cached", 

        "Mem:          3440       2884        556          0        503       1174", 
        "-/+ buffers/cache:       1205       2234", 
        "Swap:            0          0          0", 
        "-----------------------------------------------------------", 
        "|                     Reload SUCCESS!                     |", 

        "-----------------------------------------------------------"
    ]
}

PLAY [127.0.0.1] ***************************************************************


TASK [sync_to_git : Synchronizing Nginx To GIT] ********************************
changed: [127.0.0.1]

TASK [sync_to_git : debug] *****************************************************

ok: [127.0.0.1] => {
    "script_result.stdout_lines": [
        "[master accb218] ben.tian", 
        " 1 file changed, 2 insertions(+), 2 deletions(-)", 
        "Branch master set up to track remote branch master from origin."

    ]
}

PLAY [Product-BBETASIA__NginxForward] ******************************************


PLAY [127.0.0.1] ***************************************************************

PLAY RECAP *********************************************************************
118.193.185.16             : ok=8    changed=2    unreachable=0    failed=0   
118.193.185.186            : ok=8    changed=2    unreachable=0    failed=0   

119.9.108.142              : ok=8    changed=2    unreachable=0    failed=0   
127.0.0.1                  : ok=2    changed=1    unreachable=0    failed=0   
13.75.105.206              : ok=8    changed=2    unreachable=0    failed=0   
13.75.109.5                : ok=8    changed=2    unreachable=0    failed=0   
161.202.34.70              : ok=8    changed=2    unreachable=0    failed=0   

161.202.34.91              : ok=8    changed=2    unreachable=0    failed=0   
168.63.205.43              : ok=8    changed=2    unreachable=0    failed=0   
23.102.227.165             : ok=8    changed=2    unreachable=0    failed=0   
23.99.120.187              : ok=8    changed=2    unreachable=0    failed=0   
40.83.120.179              : ok=8    changed=2    unreachable=0    failed=0   

47.75.92.12                : ok=8    changed=2    unreachable=0    failed=0   
65.52.163.151              : ok=8    changed=2    unreachable=0    failed=0   


ESYNC_COMMAND_END
MAX RETRIES EXECUTED, COMMAND NOT RESPONDING