FILENAME: 80-443/j66.me.conf
-  
+  server {
+      listen 80;
+      server_name j66.me www.j66.me;
+      rewrite ^(.*)$ https://www.j66.me$1 permanent;
+  }
+  
+  server {
+      listen 443;
+      server_name j66.me www.j66.me;
+      ssl on;
+      ssl_certificate /usr/local/nginx/conf.d/ssl/j66.me/fullchain.pem;
+      ssl_certificate_key /usr/local/nginx/conf.d/ssl/j66.me/privkey.pem;
+  
+      if ($http_host !~* 'www') {
+          rewrite ^(.*)$ https://www.$http_host$1 permanent;
+      }
+  
+      include /usr/local/nginx/conf.d/include/bbetasia_official_masterconfig.include;
+  }
+  
+  

