FILENAME: 80-443/jin192.com.conf
-  
+  server {
+      listen 80;
+      server_name jin192.com www.jin192.com;
+      rewrite ^(.*)$ https://www.jin192.com$1 permanent;
+  }
+  
+  server {
+      listen 443;
+      server_name jin192.com www.jin192.com;
+      ssl on;
+      ssl_certificate /usr/local/nginx/conf.d/ssl/jin192.com/fullchain.pem;
+      ssl_certificate_key /usr/local/nginx/conf.d/ssl/jin192.com/privkey.pem;
+  
+      if ($http_host !~* 'www') {
+          rewrite ^(.*)$ https://www.$http_host$1 permanent;
+      }
+  
+      include /usr/local/nginx/conf.d/include/bbetasia_official_masterconfig.include;
+  }
+  
+  

