FILENAME: 80-443/jsh10.me.conf
-  
+  server {
+      listen 80;
+      server_name jsh10.me www.jsh10.me;
+      rewrite ^(.*)$ https://www.jsh10.me$1 permanent;
+  }
+  
+  server {
+      listen 443;
+      server_name jsh10.me www.jsh10.me;
+      ssl on;
+      ssl_certificate /usr/local/nginx/conf.d/ssl/jsh10.me/fullchain.pem;
+      ssl_certificate_key /usr/local/nginx/conf.d/ssl/jsh10.me/privkey.pem;
+  
+      if ($http_host !~* 'www') {
+          rewrite ^(.*)$ https://www.$http_host$1 permanent;
+      }
+  
+      include /usr/local/nginx/conf.d/include/bbetasia_official_masterconfig.include;
+  }
+  
+  

