FILENAME: 80-443/81235882.im.conf
-  
+  server {
+      listen 80;
+      server_name 81235882.im www.81235882.im;
+      rewrite ^(.*)$ https://www.81235882.im$1 permanent;
+  }
+  
+  server {
+      listen 443;
+      server_name 81235882.im www.81235882.im;
+      ssl on;
+      ssl_certificate /usr/local/nginx/conf.d/ssl/81235882.im/fullchain.pem;
+      ssl_certificate_key /usr/local/nginx/conf.d/ssl/81235882.im/privkey.pem;
+  
+      if ($http_host !~* 'www') {
+          rewrite ^(.*)$ https://www.$http_host$1 permanent;
+      }
+  
+      include /usr/local/nginx/conf.d/include/bbetasia_official_masterconfig.include;
+  }
+  
+  

