ESYNC_WORKER1_COMMAND_START
 [WARNING]: Invalid characters were found in group names but not replaced, use
-vvvv to see details

PLAY [bbetasia-nginx] **********************************************************


TASK [Gathering Facts] *********************************************************
ok: [40.83.120.179]
ok: [65.52.163.151]
ok: [168.63.205.43]
ok: [23.102.227.165]

ok: [119.9.91.148]
ok: [119.81.239.181]
ok: [13.70.21.43]

TASK [nginx_sync : Change python interpreter] **********************************

ok: [168.63.205.43]
ok: [40.83.120.179]
ok: [65.52.163.151]
ok: [23.102.227.165]
skipping: [119.9.91.148]

skipping: [13.70.21.43]
skipping: [119.81.239.181]

TASK [nginx_sync : change python interpreter] **********************************
ok: [168.63.205.43]

ok: [40.83.120.179]
ok: [65.52.163.151]
ok: [23.102.227.165]
skipping: [119.9.91.148]
skipping: [13.70.21.43]

skipping: [119.81.239.181]

TASK [nginx_sync : Notify] *****************************************************
ok: [168.63.205.43] => {
    "msg": "Syncing bbetasia-nginx"

}
ok: [40.83.120.179] => {
    "msg": "Syncing bbetasia-nginx"
}
ok: [65.52.163.151] => {

    "msg": "Syncing bbetasia-nginx"
}
ok: [23.102.227.165] => {
    "msg": "Syncing bbetasia-nginx"
}

ok: [119.9.91.148] => {
    "msg": "Syncing bbetasia-nginx"
}
ok: [13.70.21.43] => {
    "msg": "Syncing bbetasia-nginx"

}
ok: [119.81.239.181] => {
    "msg": "Syncing bbetasia-nginx"
}


TASK [nginx_sync : include_vars] ***********************************************
ok: [168.63.205.43]
ok: [40.83.120.179]
ok: [65.52.163.151]
ok: [23.102.227.165]

ok: [119.9.91.148]
ok: [13.70.21.43]
ok: [119.81.239.181]

TASK [nginx_sync : Synchronizing Nginx] ****************************************

ok: [119.9.91.148] => (item=conf)
ok: [168.63.205.43] => (item=conf)
ok: [23.102.227.165] => (item=conf)
ok: [40.83.120.179] => (item=conf)
ok: [65.52.163.151] => (item=conf)

changed: [119.9.91.148] => (item=conf.d)
changed: [168.63.205.43] => (item=conf.d)
changed: [23.102.227.165] => (item=conf.d)
changed: [40.83.120.179] => (item=conf.d)
changed: [65.52.163.151] => (item=conf.d)

ok: [119.9.91.148] => (item=data)
ok: [168.63.205.43] => (item=data)
ok: [23.102.227.165] => (item=data)
ok: [65.52.163.151] => (item=data)
ok: [119.9.91.148] => (item=html)

ok: [40.83.120.179] => (item=data)
ok: [168.63.205.43] => (item=html)
ok: [23.102.227.165] => (item=html)
ok: [65.52.163.151] => (item=html)
ok: [40.83.120.179] => (item=html)

ok: [13.70.21.43] => (item=conf)
ok: [119.81.239.181] => (item=conf)
changed: [13.70.21.43] => (item=conf.d)
changed: [119.81.239.181] => (item=conf.d)
ok: [13.70.21.43] => (item=data)

ok: [119.81.239.181] => (item=data)
ok: [13.70.21.43] => (item=html)
ok: [119.81.239.181] => (item=html)

TASK [all_servers : include_vars] **********************************************

ok: [168.63.205.43]
ok: [40.83.120.179]
ok: [65.52.163.151]
ok: [23.102.227.165]
ok: [119.9.91.148]

ok: [13.70.21.43]
ok: [119.81.239.181]

TASK [all_servers : Notify] ****************************************************
ok: [168.63.205.43] => {

    "msg": "Clearing Nginx Cache for bbetasia-nginx"
}
ok: [40.83.120.179] => {
    "msg": "Clearing Nginx Cache for bbetasia-nginx"
}

ok: [65.52.163.151] => {
    "msg": "Clearing Nginx Cache for bbetasia-nginx"
}
ok: [23.102.227.165] => {
    "msg": "Clearing Nginx Cache for bbetasia-nginx"

}
ok: [119.9.91.148] => {
    "msg": "Clearing Nginx Cache for bbetasia-nginx"
}
ok: [13.70.21.43] => {

    "msg": "Clearing Nginx Cache for bbetasia-nginx"
}
ok: [119.81.239.181] => {
    "msg": "Clearing Nginx Cache for bbetasia-nginx"
}


TASK [all_servers : Copying clear_nginxcache.sh to remote hosts] ***************
ok: [119.9.91.148]
ok: [40.83.120.179]
ok: [23.102.227.165]

ok: [65.52.163.151]
ok: [168.63.205.43]
ok: [119.81.239.181]
ok: [13.70.21.43]


TASK [all_servers : Nginx Clear Cache] *****************************************
changed: [119.9.91.148]
changed: [23.102.227.165]
changed: [65.52.163.151]
changed: [168.63.205.43]

changed: [40.83.120.179]
changed: [13.70.21.43]
changed: [119.81.239.181]

TASK [all_servers : debug] *****************************************************

ok: [168.63.205.43] => {
    "script_result.stdout_lines": [
        "-----------------------------------------------------------", 
        "|                 Checking Nginx Config                   |", 
        "-----------------------------------------------------------", 

        "", 
        " nginx -t ", 
        "", 
        "-----------------------------------------------------------", 
        "|                 Stopping Nginx Process                  |", 

        "-----------------------------------------------------------", 
        "", 
        " /usr/bin/killall -9 nginx ", 
        "", 
        "-----------------------------------------------------------", 

        "|                 Clearing Proxy Cache                    |", 
        "-----------------------------------------------------------", 
        "", 
        " /bin/rm -rf /tmp/nginx_cache ", 
        "", 

        "-----------------------------------------------------------", 
        "|                Restarting Nginx Process                 |", 
        "-----------------------------------------------------------", 
        "root       1029  0.0  0.0   9120   552 ?        Ss   Jan10   0:00 /sbin/dhclient -H bbetasia-nginx4.hk.az.monaco1.me -1 -q -lf /var/lib/dhclient/dhclient-eth0.leases -pf /var/run/dhclient-eth0.pid eth0", 
        "root     117626  0.0  0.0 106120  1280 ?        S    12:10   0:00 /bin/bash /bak/bin/clear_nginxcache.sh", 

        "root     117641  0.0  2.6 449572 94888 ?        Ss   12:10   0:00 nginx: master process /usr/local/nginx/sbin/nginx", 
        "nobody   117642  0.5  2.8 451500 99660 ?        S    12:10   0:00 nginx: worker process      ", 
        "nobody   117644  0.0  2.7 451500 98528 ?        S    12:10   0:00 nginx: worker process      ", 
        "nobody   117645  0.0  2.7 451500 98528 ?        S    12:10   0:00 nginx: worker process      ", 
        "nobody   117646  0.0  2.8 451500 99656 ?        S    12:10   0:00 nginx: worker process      ", 

        "nobody   117647  0.0  2.7 449572 95308 ?        S    12:10   0:00 nginx: cache manager process", 
        "nobody   117648  0.0  2.7 449572 95268 ?        S    12:10   0:00 nginx: cache loader process", 
        "root     117650  0.0  0.0 103332   852 ?        S    12:10   0:00 grep nginx", 
        "             total       used       free     shared    buffers     cached", 
        "Mem:          3440       3147        292          2        320       1060", 

        "-/+ buffers/cache:       1766       1673", 
        "Swap:            0          0          0", 
        "-----------------------------------------------------------", 
        "|                     Reload SUCCESS!                     |", 
        "-----------------------------------------------------------"

    ]
}
ok: [40.83.120.179] => {
    "script_result.stdout_lines": [
        "-----------------------------------------------------------", 

        "|                 Checking Nginx Config                   |", 
        "-----------------------------------------------------------", 
        "", 
        " nginx -t ", 
        "", 

        "-----------------------------------------------------------", 
        "|                 Stopping Nginx Process                  |", 
        "-----------------------------------------------------------", 
        "", 
        " /usr/bin/killall -9 nginx ", 

        "", 
        "-----------------------------------------------------------", 
        "|                 Clearing Proxy Cache                    |", 
        "-----------------------------------------------------------", 
        "", 

        " /bin/rm -rf /tmp/nginx_cache ", 
        "", 
        "-----------------------------------------------------------", 
        "|                Restarting Nginx Process                 |", 
        "-----------------------------------------------------------", 

        "root      21183  0.0  0.0 106112  1280 ?        S    12:10   0:00 /bin/bash /bak/bin/clear_nginxcache.sh", 
        "root      21189  0.5  2.6 450036 94892 ?        Ss   12:10   0:00 nginx: master process /usr/local/nginx/sbin/nginx", 
        "nobody    21191  0.0  2.8 451964 99552 ?        S    12:10   0:00 nginx: worker process      ", 
        "nobody    21192  0.0  2.8 451964 99716 ?        S    12:10   0:00 nginx: worker process      ", 
        "nobody    21193  0.0  2.8 451964 99552 ?        S    12:10   0:00 nginx: worker process      ", 

        "nobody    21194  0.0  2.8 451964 99716 ?        S    12:10   0:00 nginx: worker process      ", 
        "nobody    21195  0.0  2.7 450036 95384 ?        S    12:10   0:00 nginx: cache manager process", 
        "nobody    21196  0.0  2.7 450036 95272 ?        S    12:10   0:00 nginx: cache loader process", 
        "root      21198  0.0  0.0 103264   832 ?        S    12:10   0:00 grep nginx", 
        "root     118300  0.0  0.0   9120   644 ?        Ss    2018   0:00 /sbin/dhclient -H bbetasia-nginx9.hk.az.monaco1.me -1 -q -cf /etc/dhcp/dhclient-eth0.conf -lf /var/lib/dhclient/dhclient-eth0.leases -pf /var/run/dhclient-eth0.pid eth0", 

        "             total       used       free     shared    buffers     cached", 
        "Mem:          3440       2910        530          0        245        790", 
        "-/+ buffers/cache:       1874       1565", 
        "Swap:            0          0          0", 
        "-----------------------------------------------------------", 

        "|                     Reload SUCCESS!                     |", 
        "-----------------------------------------------------------"
    ]
}
ok: [65.52.163.151] => {

    "script_result.stdout_lines": [
        "-----------------------------------------------------------", 
        "|                 Checking Nginx Config                   |", 
        "-----------------------------------------------------------", 
        "", 

        " nginx -t ", 
        "", 
        "-----------------------------------------------------------", 
        "|                 Stopping Nginx Process                  |", 
        "-----------------------------------------------------------", 

        "", 
        " /usr/bin/killall -9 nginx ", 
        "", 
        "-----------------------------------------------------------", 
        "|                 Clearing Proxy Cache                    |", 

        "-----------------------------------------------------------", 
        "", 
        " /bin/rm -rf /tmp/nginx_cache ", 
        "", 
        "-----------------------------------------------------------", 

        "|                Restarting Nginx Process                 |", 
        "-----------------------------------------------------------", 
        "root      35808  0.0  0.0 106112  1280 ?        S    12:10   0:00 /bin/bash /bak/bin/clear_nginxcache.sh", 
        "root      35820  0.3  2.3 451272 95832 ?        Ss   12:10   0:00 nginx: master process /usr/local/nginx/sbin/nginx", 
        "nobody    35822  0.0  2.4 453200 99456 ?        S    12:10   0:00 nginx: worker process      ", 

        "nobody    35823  0.0  2.4 453200 99456 ?        S    12:10   0:00 nginx: worker process      ", 
        "nobody    35824  0.0  2.4 453200 99456 ?        S    12:10   0:00 nginx: worker process      ", 
        "nobody    35825  0.0  2.4 453200 99456 ?        S    12:10   0:00 nginx: worker process      ", 
        "nobody    35826  0.0  2.3 451272 96324 ?        S    12:10   0:00 nginx: cache manager process", 
        "nobody    35827  0.0  2.3 451272 96196 ?        S    12:10   0:00 nginx: cache loader process", 

        "root      35831  0.0  0.0 103264   832 ?        S    12:10   0:00 grep nginx", 
        "root      74651  0.0  0.0   9120   644 ?        Ss    2018   0:00 /sbin/dhclient -H bbetasia-nginx12.hk.az.monaco1.me -1 -q -cf /etc/dhcp/dhclient-eth0.conf -lf /var/lib/dhclient/dhclient-eth0.leases -pf /var/run/dhclient-eth0.pid eth0", 
        "             total       used       free     shared    buffers     cached", 
        "Mem:          3944       3517        426          0        248        801", 
        "-/+ buffers/cache:       2467       1477", 

        "Swap:            0          0          0", 
        "-----------------------------------------------------------", 
        "|                     Reload SUCCESS!                     |", 
        "-----------------------------------------------------------"
    ]

}
ok: [23.102.227.165] => {
    "script_result.stdout_lines": [
        "-----------------------------------------------------------", 
        "|                 Checking Nginx Config                   |", 

        "-----------------------------------------------------------", 
        "", 
        " nginx -t ", 
        "", 
        "-----------------------------------------------------------", 

        "|                 Stopping Nginx Process                  |", 
        "-----------------------------------------------------------", 
        "", 
        " /usr/bin/killall -9 nginx ", 
        "", 

        "-----------------------------------------------------------", 
        "|                 Clearing Proxy Cache                    |", 
        "-----------------------------------------------------------", 
        "", 
        " /bin/rm -rf /tmp/nginx_cache ", 

        "", 
        "-----------------------------------------------------------", 
        "|                Restarting Nginx Process                 |", 
        "-----------------------------------------------------------", 
        "root       7647  0.0  0.0   9120   640 ?        Ss    2018   0:00 /sbin/dhclient -H bbetasia-nginx10.hk.az.monaco1.me -1 -q -cf /etc/dhcp/dhclient-eth0.conf -lf /var/lib/dhclient/dhclient-eth0.leases -pf /var/run/dhclient-eth0.pid eth0", 

        "root      91010  0.0  0.0 106112  1284 ?        S    12:10   0:00 /bin/bash /bak/bin/clear_nginxcache.sh", 
        "root      91020  0.5  2.3 450040 94892 ?        Ss   12:10   0:00 nginx: master process /usr/local/nginx/sbin/nginx", 
        "nobody    91021  0.0  2.4 451968 98524 ?        S    12:10   0:00 nginx: worker process      ", 
        "nobody    91023  0.0  2.4 451968 98524 ?        S    12:10   0:00 nginx: worker process      ", 
        "nobody    91024  0.0  2.4 451968 98524 ?        S    12:10   0:00 nginx: worker process      ", 

        "nobody    91025  0.0  2.4 451968 98524 ?        S    12:10   0:00 nginx: worker process      ", 
        "nobody    91026  0.0  2.3 450040 95388 ?        S    12:10   0:00 nginx: cache manager process", 
        "nobody    91027  0.0  2.3 450040 95276 ?        S    12:10   0:00 nginx: cache loader process", 
        "root      91029  0.0  0.0 103264   828 ?        S    12:10   0:00 grep nginx", 
        "             total       used       free     shared    buffers     cached", 

        "Mem:          3944       3708        236          0        261        847", 
        "-/+ buffers/cache:       2599       1344", 
        "Swap:            0          0          0", 
        "-----------------------------------------------------------", 
        "|                     Reload SUCCESS!                     |", 

        "-----------------------------------------------------------"
    ]
}
ok: [119.9.91.148] => {
    "script_result.stdout_lines": [

        "-----------------------------------------------------------", 
        "|                 Checking Nginx Config                   |", 
        "-----------------------------------------------------------", 
        "", 
        " nginx -t ", 

        "", 
        "-----------------------------------------------------------", 
        "|                 Stopping Nginx Process                  |", 
        "-----------------------------------------------------------", 
        "", 

        " /usr/bin/killall -9 nginx ", 
        "", 
        "-----------------------------------------------------------", 
        "|                 Clearing Proxy Cache                    |", 
        "-----------------------------------------------------------", 

        "", 
        " /bin/rm -rf /tmp/nginx_cache ", 
        "", 
        "-----------------------------------------------------------", 
        "|                Restarting Nginx Process                 |", 

        "-----------------------------------------------------------", 
        "root      9824  2.3  0.0 113180  1500 ?        S    12:10   0:00 /bin/bash /bak/bin/clear_nginxcache.sh", 
        "root      9835  0.5  3.8 427580 72236 ?        Ss   12:10   0:00 nginx: master process /usr/local/nginx/sbin/nginx", 
        "nobody    9836  3.0  4.1 430776 77732 ?        S    12:10   0:00 nginx: worker process", 
        "nobody    9838  3.0  4.1 431044 77828 ?        S    12:10   0:00 nginx: worker process", 

        "nobody    9839  2.0  4.1 430368 77564 ?        S    12:10   0:00 nginx: worker process", 
        "nobody    9840  2.5  4.1 430628 77752 ?        S    12:10   0:00 nginx: worker process", 
        "nobody    9841  0.0  3.8 427580 72656 ?        S    12:10   0:00 nginx: cache manager process", 
        "nobody    9842  0.0  3.8 427580 72656 ?        S    12:10   0:00 nginx: cache loader process", 
        "root      9845  0.0  0.0 112708   964 ?        S    12:10   0:00 grep nginx", 

        "              total        used        free      shared  buff/cache   available", 
        "Mem:           1832         315         523         110         993        1197", 
        "Swap:             0           0           0", 
        "-----------------------------------------------------------", 
        "|                     Reload SUCCESS!                     |", 

        "-----------------------------------------------------------"
    ]
}
ok: [13.70.21.43] => {
    "script_result.stdout_lines": [

        "-----------------------------------------------------------", 
        "|                 Checking Nginx Config                   |", 
        "-----------------------------------------------------------", 
        "", 
        " nginx -t ", 

        "", 
        "-----------------------------------------------------------", 
        "|                 Stopping Nginx Process                  |", 
        "-----------------------------------------------------------", 
        "", 

        " /usr/bin/killall -9 nginx ", 
        "", 
        "-----------------------------------------------------------", 
        "|                 Clearing Proxy Cache                    |", 
        "-----------------------------------------------------------", 

        "", 
        " /bin/rm -rf /tmp/nginx_cache ", 
        "", 
        "-----------------------------------------------------------", 
        "|                Restarting Nginx Process                 |", 

        "-----------------------------------------------------------", 
        "root      35023  0.8  0.0 113180  1492 ?        S    12:10   0:00 /bin/bash /bak/bin/clear_nginxcache.sh", 
        "root      35030  0.5  1.7 427580 72236 ?        Ss   12:10   0:00 nginx: master process /usr/local/nginx/sbin/nginx", 
        "nobody    35031  0.5  1.9 432404 77748 ?        S    12:10   0:00 nginx: worker process", 
        "nobody    35033  0.5  1.9 432396 77688 ?        S    12:10   0:00 nginx: worker process", 

        "nobody    35034  0.5  1.9 432288 77588 ?        S    12:10   0:00 nginx: worker process", 
        "nobody    35035  0.0  1.9 432128 77588 ?        S    12:10   0:00 nginx: worker process", 
        "nobody    35036  0.0  1.8 429664 72736 ?        S    12:10   0:00 nginx: cache manager process", 
        "nobody    35037  0.0  1.8 429664 72724 ?        S    12:10   0:00 nginx: cache loader process", 
        "root      35039  0.0  0.0 112708   952 ?        S    12:10   0:00 grep nginx", 

        "              total        used        free      shared  buff/cache   available", 
        "Mem:           3934         271         741         211        2921        3038", 
        "Swap:             0           0           0", 
        "-----------------------------------------------------------", 
        "|                     Reload SUCCESS!                     |", 

        "-----------------------------------------------------------"
    ]
}
ok: [119.81.239.181] => {
    "script_result.stdout_lines": [

        "-----------------------------------------------------------", 
        "|                 Checking Nginx Config                   |", 
        "-----------------------------------------------------------", 
        "", 
        " nginx -t ", 

        "", 
        "-----------------------------------------------------------", 
        "|                 Stopping Nginx Process                  |", 
        "-----------------------------------------------------------", 
        "", 

        " /usr/bin/killall -9 nginx ", 
        "", 
        "-----------------------------------------------------------", 
        "|                 Clearing Proxy Cache                    |", 
        "-----------------------------------------------------------", 

        "", 
        " /bin/rm -rf /tmp/nginx_cache ", 
        "", 
        "-----------------------------------------------------------", 
        "|                Restarting Nginx Process                 |", 

        "-----------------------------------------------------------", 
        "root     29012  0.5  0.0 113180  1500 ?        S    12:10   0:00 /bin/bash /bak/bin/clear_nginxcache.sh", 
        "root     29021  0.0  1.8 427580 72244 ?        Ss   12:10   0:00 nginx: master process /usr/local/nginx/sbin/nginx", 
        "nobody   29022  0.0  1.9 429904 75660 ?        S    12:10   0:00 nginx: worker process", 
        "nobody   29024  0.0  2.0 429904 77496 ?        S    12:10   0:00 nginx: worker process", 

        "nobody   29025  0.0  1.9 429904 75660 ?        S    12:10   0:00 nginx: worker process", 
        "nobody   29026  0.0  1.9 429904 75660 ?        S    12:10   0:00 nginx: worker process", 
        "nobody   29027  0.0  1.8 427580 72668 ?        S    12:10   0:00 nginx: cache manager process", 
        "nobody   29028  0.0  1.8 427580 72668 ?        S    12:10   0:00 nginx: cache loader process", 
        "root     29030  0.0  0.0 112708   960 ?        R    12:10   0:00 grep nginx", 

        "              total        used        free      shared  buff/cache   available", 
        "Mem:           3783        1915         423         193        1445        1358", 
        "Swap:          2047         119        1928", 
        "-----------------------------------------------------------", 
        "|                     Reload SUCCESS!                     |", 

        "-----------------------------------------------------------"
    ]
}

PLAY [127.0.0.1] ***************************************************************


TASK [sync_to_git : Synchronizing Nginx To GIT] ********************************
changed: [127.0.0.1]

TASK [sync_to_git : debug] *****************************************************

ok: [127.0.0.1] => {
    "msg": " [u'[master 329b31a] gavinlyu', u' 1 file changed, 12 insertions(+)', u' create mode 100644 nginx/conf.d/80/com.cn.conf', u'Branch master set up to track remote branch master from origin.']"
}

PLAY [bbetasia-nginx] **********************************************************


PLAY [127.0.0.1] ***************************************************************

PLAY RECAP *********************************************************************
119.81.239.181             : ok=9    changed=2    unreachable=0    failed=0    skipped=2    rescued=0    ignored=0   

119.9.91.148               : ok=9    changed=2    unreachable=0    failed=0    skipped=2    rescued=0    ignored=0   
127.0.0.1                  : ok=2    changed=1    unreachable=0    failed=0    skipped=0    rescued=0    ignored=0   
13.70.21.43                : ok=9    changed=2    unreachable=0    failed=0    skipped=2    rescued=0    ignored=0   
168.63.205.43              : ok=11   changed=2    unreachable=0    failed=0    skipped=0    rescued=0    ignored=0   
23.102.227.165             : ok=11   changed=2    unreachable=0    failed=0    skipped=0    rescued=0    ignored=0   

40.83.120.179              : ok=11   changed=2    unreachable=0    failed=0    skipped=0    rescued=0    ignored=0   
65.52.163.151              : ok=11   changed=2    unreachable=0    failed=0    skipped=0    rescued=0    ignored=0   


ESYNC_WORKER1_COMMAND_END
MAX RETRIES EXECUTED, COMMAND NOT RESPONDING