ESYNC_WORKER1_COMMAND_START
 [WARNING]: Invalid characters were found in group names but not replaced, use
-vvvv to see details

PLAY [bbetasia-nginx] **********************************************************


TASK [Gathering Facts] *********************************************************
ok: [23.102.227.165]
ok: [40.83.120.179]
ok: [65.52.163.151]
ok: [168.63.205.43]

ok: [119.9.91.148]
ok: [119.81.239.181]
ok: [13.70.21.43]

TASK [nginx_sync : Change python interpreter] **********************************

ok: [168.63.205.43]
ok: [40.83.120.179]
ok: [65.52.163.151]
ok: [23.102.227.165]
skipping: [119.9.91.148]

skipping: [13.70.21.43]
skipping: [119.81.239.181]

TASK [nginx_sync : change python interpreter] **********************************
ok: [168.63.205.43]

ok: [40.83.120.179]
ok: [65.52.163.151]
ok: [23.102.227.165]
skipping: [119.9.91.148]
skipping: [13.70.21.43]

skipping: [119.81.239.181]

TASK [nginx_sync : Notify] *****************************************************
ok: [168.63.205.43] => {
    "msg": "Syncing bbetasia-nginx"

}
ok: [40.83.120.179] => {
    "msg": "Syncing bbetasia-nginx"
}
ok: [65.52.163.151] => {

    "msg": "Syncing bbetasia-nginx"
}
ok: [23.102.227.165] => {
    "msg": "Syncing bbetasia-nginx"
}

ok: [119.9.91.148] => {
    "msg": "Syncing bbetasia-nginx"
}
ok: [13.70.21.43] => {
    "msg": "Syncing bbetasia-nginx"

}
ok: [119.81.239.181] => {
    "msg": "Syncing bbetasia-nginx"
}


TASK [nginx_sync : include_vars] ***********************************************
ok: [168.63.205.43]
ok: [40.83.120.179]
ok: [65.52.163.151]
ok: [23.102.227.165]

ok: [119.9.91.148]
ok: [13.70.21.43]
ok: [119.81.239.181]

TASK [nginx_sync : Synchronizing Nginx] ****************************************

ok: [23.102.227.165] => (item=conf)
ok: [168.63.205.43] => (item=conf)
ok: [40.83.120.179] => (item=conf)
ok: [119.9.91.148] => (item=conf)
ok: [65.52.163.151] => (item=conf)

ok: [40.83.120.179] => (item=conf.d)
ok: [23.102.227.165] => (item=conf.d)
ok: [168.63.205.43] => (item=conf.d)
ok: [119.9.91.148] => (item=conf.d)
ok: [65.52.163.151] => (item=conf.d)

ok: [168.63.205.43] => (item=data)
ok: [40.83.120.179] => (item=data)
ok: [23.102.227.165] => (item=data)
ok: [119.9.91.148] => (item=data)
ok: [65.52.163.151] => (item=data)

changed: [119.9.91.148] => (item=html)
changed: [40.83.120.179] => (item=html)
changed: [23.102.227.165] => (item=html)
changed: [168.63.205.43] => (item=html)
ok: [13.70.21.43] => (item=conf)

ok: [119.81.239.181] => (item=conf)
changed: [65.52.163.151] => (item=html)
ok: [13.70.21.43] => (item=conf.d)
ok: [119.81.239.181] => (item=conf.d)
ok: [13.70.21.43] => (item=data)

ok: [119.81.239.181] => (item=data)
changed: [119.81.239.181] => (item=html)
changed: [13.70.21.43] => (item=html)

TASK [all_servers : include_vars] **********************************************

ok: [168.63.205.43]
ok: [40.83.120.179]
ok: [65.52.163.151]
ok: [23.102.227.165]
ok: [119.9.91.148]

ok: [13.70.21.43]
ok: [119.81.239.181]

TASK [all_servers : Notify] ****************************************************
ok: [168.63.205.43] => {

    "msg": "Clearing Nginx Cache for bbetasia-nginx"
}
ok: [40.83.120.179] => {
    "msg": "Clearing Nginx Cache for bbetasia-nginx"
}

ok: [65.52.163.151] => {
    "msg": "Clearing Nginx Cache for bbetasia-nginx"
}
ok: [23.102.227.165] => {
    "msg": "Clearing Nginx Cache for bbetasia-nginx"

}
ok: [119.9.91.148] => {
    "msg": "Clearing Nginx Cache for bbetasia-nginx"
}
ok: [13.70.21.43] => {

    "msg": "Clearing Nginx Cache for bbetasia-nginx"
}
ok: [119.81.239.181] => {
    "msg": "Clearing Nginx Cache for bbetasia-nginx"
}


TASK [all_servers : Copying clear_nginxcache.sh to remote hosts] ***************
ok: [119.9.91.148]
ok: [168.63.205.43]
ok: [23.102.227.165]

ok: [65.52.163.151]
ok: [119.81.239.181]
ok: [13.70.21.43]
ok: [40.83.120.179]


TASK [all_servers : Nginx Clear Cache] *****************************************
changed: [119.9.91.148]
changed: [23.102.227.165]
changed: [65.52.163.151]
changed: [40.83.120.179]

changed: [168.63.205.43]
changed: [119.81.239.181]
changed: [13.70.21.43]

TASK [all_servers : debug] *****************************************************

ok: [168.63.205.43] => {
    "script_result.stdout_lines": [
        "-----------------------------------------------------------", 
        "|                 Checking Nginx Config                   |", 
        "-----------------------------------------------------------", 

        "", 
        " nginx -t ", 
        "", 
        "-----------------------------------------------------------", 
        "|                 Stopping Nginx Process                  |", 

        "-----------------------------------------------------------", 
        "", 
        " /usr/bin/killall -9 nginx ", 
        "", 
        "-----------------------------------------------------------", 

        "|                 Clearing Proxy Cache                    |", 
        "-----------------------------------------------------------", 
        "", 
        " /bin/rm -rf /tmp/nginx_cache ", 
        "", 

        "-----------------------------------------------------------", 
        "|                Restarting Nginx Process                 |", 
        "-----------------------------------------------------------", 
        "root       1029  0.0  0.0   9120   552 ?        Ss   Jan10   0:00 /sbin/dhclient -H bbetasia-nginx4.hk.az.monaco1.me -1 -q -lf /var/lib/dhclient/dhclient-eth0.leases -pf /var/run/dhclient-eth0.pid eth0", 
        "root      40555  0.0  0.0 106120  1284 ?        S    11:06   0:00 /bin/bash /bak/bin/clear_nginxcache.sh", 

        "root      40571  0.0  2.6 449444 94764 ?        Ss   11:06   0:00 nginx: master process /usr/local/nginx/sbin/nginx", 
        "nobody    40572  0.5  2.8 451372 99544 ?        S    11:06   0:00 nginx: worker process      ", 
        "nobody    40573  0.5  2.8 451372 99532 ?        S    11:06   0:00 nginx: worker process      ", 
        "nobody    40574  0.0  2.8 451372 99376 ?        S    11:06   0:00 nginx: worker process      ", 
        "nobody    40575  0.0  2.8 451372 99376 ?        S    11:06   0:00 nginx: worker process      ", 

        "nobody    40576  0.0  2.7 449444 95256 ?        S    11:06   0:00 nginx: cache manager process", 
        "nobody    40577  0.0  2.7 449444 95144 ?        S    11:06   0:00 nginx: cache loader process", 
        "root      40580  0.0  0.0 103332   852 ?        S    11:06   0:00 grep nginx", 
        "             total       used       free     shared    buffers     cached", 
        "Mem:          3440       3098        341          2        320       1032", 

        "-/+ buffers/cache:       1746       1694", 
        "Swap:            0          0          0", 
        "-----------------------------------------------------------", 
        "|                     Reload SUCCESS!                     |", 
        "-----------------------------------------------------------"

    ]
}
ok: [40.83.120.179] => {
    "script_result.stdout_lines": [
        "-----------------------------------------------------------", 

        "|                 Checking Nginx Config                   |", 
        "-----------------------------------------------------------", 
        "", 
        " nginx -t ", 
        "", 

        "-----------------------------------------------------------", 
        "|                 Stopping Nginx Process                  |", 
        "-----------------------------------------------------------", 
        "", 
        " /usr/bin/killall -9 nginx ", 

        "", 
        "-----------------------------------------------------------", 
        "|                 Clearing Proxy Cache                    |", 
        "-----------------------------------------------------------", 
        "", 

        " /bin/rm -rf /tmp/nginx_cache ", 
        "", 
        "-----------------------------------------------------------", 
        "|                Restarting Nginx Process                 |", 
        "-----------------------------------------------------------", 

        "root      28162  0.0  0.0 106112  1280 ?        S    11:06   0:00 /bin/bash /bak/bin/clear_nginxcache.sh", 
        "root      28168  0.0  2.6 449908 94768 ?        Ss   11:06   0:00 nginx: master process /usr/local/nginx/sbin/nginx", 
        "nobody    28169  0.5  2.7 451836 98392 ?        S    11:06   0:00 nginx: worker process      ", 
        "nobody    28171  1.0  2.8 451836 99576 ?        S    11:06   0:00 nginx: worker process      ", 
        "nobody    28172  0.5  2.8 451836 99576 ?        S    11:06   0:00 nginx: worker process      ", 

        "nobody    28173  0.0  2.8 451836 99576 ?        S    11:06   0:00 nginx: worker process      ", 
        "nobody    28174  0.0  2.7 449908 95260 ?        S    11:06   0:00 nginx: cache manager process", 
        "nobody    28175  0.0  2.7 449908 95148 ?        S    11:06   0:00 nginx: cache loader process", 
        "root      28177  0.0  0.0 103264   828 ?        S    11:06   0:00 grep nginx", 
        "root     118300  0.0  0.0   9120   644 ?        Ss    2018   0:00 /sbin/dhclient -H bbetasia-nginx9.hk.az.monaco1.me -1 -q -cf /etc/dhcp/dhclient-eth0.conf -lf /var/lib/dhclient/dhclient-eth0.leases -pf /var/run/dhclient-eth0.pid eth0", 

        "             total       used       free     shared    buffers     cached", 
        "Mem:          3440       2891        549          0        245        777", 
        "-/+ buffers/cache:       1868       1572", 
        "Swap:            0          0          0", 
        "-----------------------------------------------------------", 

        "|                     Reload SUCCESS!                     |", 
        "-----------------------------------------------------------"
    ]
}
ok: [65.52.163.151] => {

    "script_result.stdout_lines": [
        "-----------------------------------------------------------", 
        "|                 Checking Nginx Config                   |", 
        "-----------------------------------------------------------", 
        "", 

        " nginx -t ", 
        "", 
        "-----------------------------------------------------------", 
        "|                 Stopping Nginx Process                  |", 
        "-----------------------------------------------------------", 

        "", 
        " /usr/bin/killall -9 nginx ", 
        "", 
        "-----------------------------------------------------------", 
        "|                 Clearing Proxy Cache                    |", 

        "-----------------------------------------------------------", 
        "", 
        " /bin/rm -rf /tmp/nginx_cache ", 
        "", 
        "-----------------------------------------------------------", 

        "|                Restarting Nginx Process                 |", 
        "-----------------------------------------------------------", 
        "root      43406  0.0  0.0 106112  1280 ?        S    11:06   0:00 /bin/bash /bak/bin/clear_nginxcache.sh", 
        "root      43416  0.3  2.3 451144 95696 ?        Ss   11:06   0:00 nginx: master process /usr/local/nginx/sbin/nginx", 
        "nobody    43417  0.0  2.4 453072 99308 ?        S    11:06   0:00 nginx: worker process      ", 

        "nobody    43419  0.0  2.4 453072 99308 ?        S    11:06   0:00 nginx: worker process      ", 
        "nobody    43420  0.0  2.4 453072 99308 ?        S    11:06   0:00 nginx: worker process      ", 
        "nobody    43421  0.0  2.4 453072 99308 ?        S    11:06   0:00 nginx: worker process      ", 
        "nobody    43422  0.0  2.3 451144 96192 ?        S    11:06   0:00 nginx: cache manager process", 
        "nobody    43423  0.0  2.3 451144 96064 ?        S    11:06   0:00 nginx: cache loader process", 

        "root      43427  0.0  0.0 103264   832 ?        S    11:06   0:00 grep nginx", 
        "root      74651  0.0  0.0   9120   644 ?        Ss    2018   0:00 /sbin/dhclient -H bbetasia-nginx12.hk.az.monaco1.me -1 -q -cf /etc/dhcp/dhclient-eth0.conf -lf /var/lib/dhclient/dhclient-eth0.leases -pf /var/run/dhclient-eth0.pid eth0", 
        "             total       used       free     shared    buffers     cached", 
        "Mem:          3944       3510        433          0        248        798", 
        "-/+ buffers/cache:       2463       1481", 

        "Swap:            0          0          0", 
        "-----------------------------------------------------------", 
        "|                     Reload SUCCESS!                     |", 
        "-----------------------------------------------------------"
    ]

}
ok: [23.102.227.165] => {
    "script_result.stdout_lines": [
        "-----------------------------------------------------------", 
        "|                 Checking Nginx Config                   |", 

        "-----------------------------------------------------------", 
        "", 
        " nginx -t ", 
        "", 
        "-----------------------------------------------------------", 

        "|                 Stopping Nginx Process                  |", 
        "-----------------------------------------------------------", 
        "", 
        " /usr/bin/killall -9 nginx ", 
        "", 

        "-----------------------------------------------------------", 
        "|                 Clearing Proxy Cache                    |", 
        "-----------------------------------------------------------", 
        "", 
        " /bin/rm -rf /tmp/nginx_cache ", 

        "", 
        "-----------------------------------------------------------", 
        "|                Restarting Nginx Process                 |", 
        "-----------------------------------------------------------", 
        "root       7647  0.0  0.0   9120   640 ?        Ss    2018   0:00 /sbin/dhclient -H bbetasia-nginx10.hk.az.monaco1.me -1 -q -cf /etc/dhcp/dhclient-eth0.conf -lf /var/lib/dhclient/dhclient-eth0.leases -pf /var/run/dhclient-eth0.pid eth0", 

        "root      98596  0.0  0.0 106112  1284 ?        S    11:06   0:00 /bin/bash /bak/bin/clear_nginxcache.sh", 
        "root      98602  0.5  2.3 449908 94772 ?        Ss   11:06   0:00 nginx: master process /usr/local/nginx/sbin/nginx", 
        "nobody    98603  0.0  2.4 451836 98384 ?        S    11:06   0:00 nginx: worker process      ", 
        "nobody    98604  0.0  2.4 451836 98384 ?        S    11:06   0:00 nginx: worker process      ", 
        "nobody    98605  0.0  2.4 451836 98384 ?        S    11:06   0:00 nginx: worker process      ", 

        "nobody    98606  0.0  2.4 451836 98384 ?        S    11:06   0:00 nginx: worker process      ", 
        "nobody    98607  0.0  2.3 449908 95264 ?        S    11:06   0:00 nginx: cache manager process", 
        "nobody    98609  0.0  2.3 449908 95152 ?        S    11:06   0:00 nginx: cache loader process", 
        "root      98611  0.0  0.0 103264   832 ?        S    11:06   0:00 grep nginx", 
        "             total       used       free     shared    buffers     cached", 

        "Mem:          3944       3711        232          0        261        852", 
        "-/+ buffers/cache:       2597       1346", 
        "Swap:            0          0          0", 
        "-----------------------------------------------------------", 
        "|                     Reload SUCCESS!                     |", 

        "-----------------------------------------------------------"
    ]
}
ok: [119.9.91.148] => {
    "script_result.stdout_lines": [

        "-----------------------------------------------------------", 
        "|                 Checking Nginx Config                   |", 
        "-----------------------------------------------------------", 
        "", 
        " nginx -t ", 

        "", 
        "-----------------------------------------------------------", 
        "|                 Stopping Nginx Process                  |", 
        "-----------------------------------------------------------", 
        "", 

        " /usr/bin/killall -9 nginx ", 
        "", 
        "-----------------------------------------------------------", 
        "|                 Clearing Proxy Cache                    |", 
        "-----------------------------------------------------------", 

        "", 
        " /bin/rm -rf /tmp/nginx_cache ", 
        "", 
        "-----------------------------------------------------------", 
        "|                Restarting Nginx Process                 |", 

        "-----------------------------------------------------------", 
        "root     10073  2.1  0.0 113180  1500 ?        S    11:06   0:00 /bin/bash /bak/bin/clear_nginxcache.sh", 
        "root     10083  0.0  3.8 427500 72136 ?        Ss   11:06   0:00 nginx: master process /usr/local/nginx/sbin/nginx", 
        "nobody   10085  1.5  4.1 430124 77448 ?        S    11:06   0:00 nginx: worker process", 
        "nobody   10086  1.5  4.1 430140 77472 ?        S    11:06   0:00 nginx: worker process", 

        "nobody   10087  3.0  4.1 430684 77624 ?        S    11:06   0:00 nginx: worker process", 
        "nobody   10088  2.0  4.1 430264 77468 ?        S    11:06   0:00 nginx: worker process", 
        "nobody   10089  0.0  3.8 427500 72556 ?        S    11:06   0:00 nginx: cache manager process", 
        "nobody   10090  0.0  3.8 427500 72556 ?        S    11:06   0:00 nginx: cache loader process", 
        "root     10094  0.0  0.0 112712   968 ?        S    11:06   0:00 grep nginx", 

        "              total        used        free      shared  buff/cache   available", 
        "Mem:           1832         291         753         106         787        1237", 
        "Swap:             0           0           0", 
        "-----------------------------------------------------------", 
        "|                     Reload SUCCESS!                     |", 

        "-----------------------------------------------------------"
    ]
}
ok: [13.70.21.43] => {
    "script_result.stdout_lines": [

        "-----------------------------------------------------------", 
        "|                 Checking Nginx Config                   |", 
        "-----------------------------------------------------------", 
        "", 
        " nginx -t ", 

        "", 
        "-----------------------------------------------------------", 
        "|                 Stopping Nginx Process                  |", 
        "-----------------------------------------------------------", 
        "", 

        " /usr/bin/killall -9 nginx ", 
        "", 
        "-----------------------------------------------------------", 
        "|                 Clearing Proxy Cache                    |", 
        "-----------------------------------------------------------", 

        "", 
        " /bin/rm -rf /tmp/nginx_cache ", 
        "", 
        "-----------------------------------------------------------", 
        "|                Restarting Nginx Process                 |", 

        "-----------------------------------------------------------", 
        "root      13328  0.8  0.0 113180  1492 ?        S    11:06   0:00 /bin/bash /bak/bin/clear_nginxcache.sh", 
        "root      13335  0.5  1.7 427500 72148 ?        Ss   11:06   0:00 nginx: master process /usr/local/nginx/sbin/nginx", 
        "nobody    13336  0.5  1.9 432192 77568 ?        S    11:06   0:00 nginx: worker process", 
        "nobody    13338  0.0  1.9 432052 77520 ?        S    11:06   0:00 nginx: worker process", 

        "nobody    13339  0.5  1.9 432356 77608 ?        S    11:06   0:00 nginx: worker process", 
        "nobody    13340  0.0  1.9 431908 77516 ?        S    11:06   0:00 nginx: worker process", 
        "nobody    13341  0.0  1.8 429584 72896 ?        S    11:06   0:00 nginx: cache manager process", 
        "nobody    13342  0.0  1.8 429584 72648 ?        S    11:06   0:00 nginx: cache loader process", 
        "root      13344  0.0  0.0 112708   952 ?        S    11:06   0:00 grep nginx", 

        "              total        used        free      shared  buff/cache   available", 
        "Mem:           3934         271         778         211        2884        3039", 
        "Swap:             0           0           0", 
        "-----------------------------------------------------------", 
        "|                     Reload SUCCESS!                     |", 

        "-----------------------------------------------------------"
    ]
}
ok: [119.81.239.181] => {
    "script_result.stdout_lines": [

        "-----------------------------------------------------------", 
        "|                 Checking Nginx Config                   |", 
        "-----------------------------------------------------------", 
        "", 
        " nginx -t ", 

        "", 
        "-----------------------------------------------------------", 
        "|                 Stopping Nginx Process                  |", 
        "-----------------------------------------------------------", 
        "", 

        " /usr/bin/killall -9 nginx ", 
        "", 
        "-----------------------------------------------------------", 
        "|                 Clearing Proxy Cache                    |", 
        "-----------------------------------------------------------", 

        "", 
        " /bin/rm -rf /tmp/nginx_cache ", 
        "", 
        "-----------------------------------------------------------", 
        "|                Restarting Nginx Process                 |", 

        "-----------------------------------------------------------", 
        "root     15241  0.5  0.0 113180  1500 ?        S    11:06   0:00 /bin/bash /bak/bin/clear_nginxcache.sh", 
        "root     15250  0.0  1.8 427500 72140 ?        Ss   11:06   0:00 nginx: master process /usr/local/nginx/sbin/nginx", 
        "nobody   15252  0.0  1.9 429824 75572 ?        S    11:06   0:00 nginx: worker process", 
        "nobody   15253  0.0  1.9 429824 77000 ?        S    11:06   0:00 nginx: worker process", 

        "nobody   15254  0.0  1.9 429824 75572 ?        S    11:06   0:00 nginx: worker process", 
        "nobody   15255  0.5  1.9 429964 77408 ?        S    11:06   0:00 nginx: worker process", 
        "nobody   15256  0.0  1.8 427500 72564 ?        S    11:06   0:00 nginx: cache manager process", 
        "nobody   15257  0.0  1.8 427500 72564 ?        S    11:06   0:00 nginx: cache loader process", 
        "root     15259  0.0  0.0 112708   960 ?        R    11:06   0:00 grep nginx", 

        "              total        used        free      shared  buff/cache   available", 
        "Mem:           3783        1876         497         201        1410        1389", 
        "Swap:          2047         111        1935", 
        "-----------------------------------------------------------", 
        "|                     Reload SUCCESS!                     |", 

        "-----------------------------------------------------------"
    ]
}

PLAY [127.0.0.1] ***************************************************************


TASK [sync_to_git : Synchronizing Nginx To GIT] ********************************
changed: [127.0.0.1]

TASK [sync_to_git : debug] *****************************************************

ok: [127.0.0.1] => {
    "msg": " [u'[master 1f38cfa] jax.laut', u' 5 files changed, 150 insertions(+)', u' create mode 100644 nginx/html/weihu/css/style.css', u' create mode 100644 nginx/html/weihu/img/weihu_btn.svg', u' create mode 100644 nginx/html/weihu/img/weihu_logo.png', u' create mode 100644 nginx/html/weihu/img/weihu_pic.png', u' create mode 100644 nginx/html/weihu/index.html', u'Branch master set up to track remote branch master from origin.']"
}

PLAY [bbetasia-nginx] **********************************************************


PLAY [127.0.0.1] ***************************************************************

PLAY RECAP *********************************************************************
119.81.239.181             : ok=9    changed=2    unreachable=0    failed=0    skipped=2    rescued=0    ignored=0   

119.9.91.148               : ok=9    changed=2    unreachable=0    failed=0    skipped=2    rescued=0    ignored=0   
127.0.0.1                  : ok=2    changed=1    unreachable=0    failed=0    skipped=0    rescued=0    ignored=0   
13.70.21.43                : ok=9    changed=2    unreachable=0    failed=0    skipped=2    rescued=0    ignored=0   
168.63.205.43              : ok=11   changed=2    unreachable=0    failed=0    skipped=0    rescued=0    ignored=0   
23.102.227.165             : ok=11   changed=2    unreachable=0    failed=0    skipped=0    rescued=0    ignored=0   

40.83.120.179              : ok=11   changed=2    unreachable=0    failed=0    skipped=0    rescued=0    ignored=0   
65.52.163.151              : ok=11   changed=2    unreachable=0    failed=0    skipped=0    rescued=0    ignored=0   


ESYNC_WORKER1_COMMAND_END
MAX RETRIES EXECUTED, COMMAND NOT RESPONDING