FILENAME: 80-443/xn--ag-r12cr14cos5a.com.conf
-  
+  server {
+      listen 80;
+      server_name xn--ag-r12cr14cos5a.com www.xn--ag-r12cr14cos5a.com;
+      rewrite ^(.*)$ https://www.xn--ag-r12cr14cos5a.com$1 permanent;
+  }
+  
+  server {
+      listen 443;
+      server_name xn--ag-r12cr14cos5a.com www.xn--ag-r12cr14cos5a.com;
+      ssl on;
+      ssl_certificate /usr/local/nginx/conf.d/ssl/xn--ag-r12cr14cos5a.com/fullchain.pem;
+      ssl_certificate_key /usr/local/nginx/conf.d/ssl/xn--ag-r12cr14cos5a.com/privkey.pem;
+  
+      if ($http_host !~* 'www') {
+          rewrite ^(.*)$ https://www.$http_host$1 permanent;
+      }
+  
+      include /usr/local/nginx/conf.d/include/bbetasia_official_masterconfig.include;
+  }
+  
+  

