ESYNC_WORKER1_COMMAND_START
[WARNING]: Invalid characters were found in group names but not replaced, use
-vvvv to see details

PLAY [bbetasia-nginx] **********************************************************


TASK [Gathering Facts] *********************************************************
ok: [13.78.94.20]
ok: [119.9.91.148]

TASK [nginx_sync : Change python interpreter] **********************************

skipping: [119.9.91.148]
skipping: [13.78.94.20]

TASK [nginx_sync : change python interpreter] **********************************
skipping: [119.9.91.148]

skipping: [13.78.94.20]

TASK [nginx_sync : Notify] *****************************************************
ok: [119.9.91.148] => {
    "msg": "Syncing bbetasia-nginx"

}
ok: [13.78.94.20] => {
    "msg": "Syncing bbetasia-nginx"
}


TASK [nginx_sync : include_vars] ***********************************************
ok: [119.9.91.148]
ok: [13.78.94.20]

TASK [nginx_sync : Synchronizing Nginx] ****************************************

ok: [119.9.91.148] => (item=conf)
ok: [13.78.94.20] => (item=conf)
changed: [119.9.91.148] => (item=conf.d)
changed: [119.9.91.148] => (item=data)
changed: [119.9.91.148] => (item=html)

changed: [13.78.94.20] => (item=conf.d)
changed: [13.78.94.20] => (item=data)
changed: [13.78.94.20] => (item=html)

TASK [nginx_sync : Set HTML Dir to root] ***************************************

changed: [119.9.91.148]
changed: [13.78.94.20]

TASK [all_servers : include_vars] **********************************************
ok: [119.9.91.148]

ok: [13.78.94.20]

TASK [all_servers : Notify] ****************************************************
ok: [119.9.91.148] => {
    "msg": "Clearing Nginx Cache for bbetasia-nginx"

}
ok: [13.78.94.20] => {
    "msg": "Clearing Nginx Cache for bbetasia-nginx"
}


TASK [all_servers : Copying clear_nginxcache.sh to remote hosts] ***************
ok: [119.9.91.148]
ok: [13.78.94.20]

TASK [all_servers : Nginx Clear Cache] *****************************************

changed: [119.9.91.148]
changed: [13.78.94.20]

TASK [all_servers : debug] *****************************************************
ok: [119.9.91.148] => {

    "script_result.stdout_lines": [
        "-----------------------------------------------------------", 
        "|                 Checking Nginx Config                   |", 
        "-----------------------------------------------------------", 
        "", 

        " nginx -t ", 
        "", 
        "-----------------------------------------------------------", 
        "|                 Stopping Nginx Process                  |", 
        "-----------------------------------------------------------", 

        "", 
        " /usr/bin/killall -9 nginx ", 
        "", 
        "-----------------------------------------------------------", 
        "|                 Clearing Proxy Cache                    |", 

        "-----------------------------------------------------------", 
        "", 
        " /bin/rm -rf /tmp/nginx_cache ", 
        "", 
        "-----------------------------------------------------------", 

        "|                Restarting Nginx Process                 |", 
        "-----------------------------------------------------------", 
        "root     27687  1.3  0.0 113288  1484 ?        S    10:49   0:00 /bin/bash /bak/bin/clear_nginxcache.sh", 
        "root     27693  0.5  4.7 586328 89100 ?        Ss   10:49   0:00 nginx: master process /usr/local/nginx/sbin/nginx", 
        "nobody   27695  1.0  5.0 733140 94448 ?        S    10:49   0:00 nginx: worker process", 

        "nobody   27696  0.0  5.0 733140 94448 ?        S    10:49   0:00 nginx: worker process", 
        "nobody   27697  0.0  4.9 733140 92820 ?        S    10:49   0:00 nginx: worker process", 
        "nobody   27698  0.0  4.9 733140 92820 ?        S    10:49   0:00 nginx: worker process", 
        "nobody   27699  0.0  4.7 730816 89536 ?        S    10:49   0:00 nginx: cache manager process", 
        "nobody   27700  0.0  4.7 730816 89536 ?        S    10:49   0:00 nginx: cache loader process", 

        "root     27702  0.0  0.0 112812   952 ?        S    10:49   0:00 grep nginx", 
        "              total        used        free      shared  buff/cache   available", 
        "Mem:           1832         345         794         239         691        1067", 
        "Swap:             0           0           0", 
        "-----------------------------------------------------------", 

        "|                     Reload SUCCESS!                     |", 
        "-----------------------------------------------------------"
    ]
}
ok: [13.78.94.20] => {

    "script_result.stdout_lines": [
        "-----------------------------------------------------------", 
        "|                 Checking Nginx Config                   |", 
        "-----------------------------------------------------------", 
        "", 

        " nginx -t ", 
        "", 
        "-----------------------------------------------------------", 
        "|                 Stopping Nginx Process                  |", 
        "-----------------------------------------------------------", 

        "", 
        " /usr/bin/killall -9 nginx ", 
        "", 
        "-----------------------------------------------------------", 
        "|                 Clearing Proxy Cache                    |", 

        "-----------------------------------------------------------", 
        "", 
        " /bin/rm -rf /tmp/nginx_cache ", 
        "", 
        "-----------------------------------------------------------", 

        "|                Restarting Nginx Process                 |", 
        "-----------------------------------------------------------", 
        "root     123386  0.8  0.0 113188  1480 ?        S    10:49   0:00 /bin/bash /bak/bin/clear_nginxcache.sh", 
        "root     123393  0.0  2.8 611368 115840 ?       Ss   10:49   0:00 nginx: master process /usr/local/nginx/sbin/nginx", 
        "nobody   123394  0.0  2.9 760264 119704 ?       S    10:49   0:00 nginx: worker process", 

        "nobody   123396  0.0  3.0 760264 120888 ?       S    10:49   0:00 nginx: worker process", 
        "nobody   123397  0.0  3.0 760264 120888 ?       S    10:49   0:00 nginx: worker process", 
        "nobody   123398  0.0  2.9 760264 119704 ?       S    10:49   0:00 nginx: worker process", 
        "nobody   123399  0.0  2.8 757940 116600 ?       S    10:49   0:00 nginx: cache manager process", 
        "nobody   123400  0.0  2.8 757940 116364 ?       S    10:49   0:00 nginx: cache loader process", 

        "root     123402  0.0  0.0 112712   936 ?        S    10:49   0:00 grep nginx", 
        "              total        used        free      shared  buff/cache   available", 
        "Mem:           3931         487         608         344        2836        2810", 
        "Swap:             0           0           0", 
        "-----------------------------------------------------------", 

        "|                     Reload SUCCESS!                     |", 
        "-----------------------------------------------------------"
    ]
}


PLAY [127.0.0.1] ***************************************************************

TASK [sync_to_git : Synchronizing Nginx To GIT] ********************************
fatal: [127.0.0.1]: FAILED! => {"ansible_facts": {"discovered_interpreter_python": "/usr/bin/python"}, "changed": true, "cmd": "git add .\ngit commit -m \"leriza.muralla\"\ngit push  \ngit push -u origin master\n", "delta": "0:00:07.742949", "end": "2020-11-06 10:50:08.166217", "msg": "non-zero return code", "rc": 1, "start": "2020-11-06 10:50:00.423268", "stderr": "warning: You ran 'git add' with neither '-A (--all)' or '--ignore-removal',\nwhose behaviour will change in Git 2.0 with respect to paths you removed.\nPaths like 'nginx/conf.d/80-443/.10816.vip.conf.swp' that are\nremoved from your working tree are ignored with this version of Git.\n\n* 'git add --ignore-removal <pathspec>', which is the current default,\n  ignores paths you removed from your working tree.\n\n* 'git add --all <pathspec>' will let you also record the removals.\n\nRun 'git status' to check the paths you removed from your working tree.\n\nwarning: push.default is unset; its implicit value is changing in\nGit 2.0 from 'matching' to 'simple'. To squelch this message\nand maintain the current behavior after the default changes, use:\n\n  git config --global push.default matching\n\nTo squelch this message and adopt the new behavior now, use:\n\n  git config --global push.default simple\n\nSee 'git help config' and search for 'push.default' for further information.\n(the 'simple' mode was introduced in Git 1.7.11. Use the similar mode\n'current' instead of 'simple' if you sometimes use older versions of Git)\n\nTo http://om:sPCJ-015@git.neweb.me/nginx_cloud/bbetasia-nginx.git\n ! [rejected]        master -> master (fetch first)\nerror: failed to push some refs to 'http://om:sPCJ-015@git.neweb.me/nginx_cloud/bbetasia-nginx.git'\nhint: Updates were rejected because the remote contains work that you do\nhint: not have locally. This is usually caused by another repository pushing\nhint: to the same ref. You may want to first merge the remote changes (e.g.,\nhint: 'git pull') before pushing again.\nhint: See the 'Note about fast-forwards' in 'git push --help' for details.\nTo http://om:sPCJ-015@git.neweb.me/nginx_cloud/bbetasia-nginx.git\n ! [rejected]        master -> master (fetch first)\nerror: failed to push some refs to 'http://om:sPCJ-015@git.neweb.me/nginx_cloud/bbetasia-nginx.git'\nhint: Updates were rejected because the remote contains work that you do\nhint: not have locally. This is usually caused by another repository pushing\nhint: to the same ref. You may want to first merge the remote changes (e.g.,\nhint: 'git pull') before pushing again.\nhint: See the 'Note about fast-forwards' in 'git push --help' for details.", "stderr_lines": ["warning: You ran 'git add' with neither '-A (--all)' or '--ignore-removal',", "whose behaviour will change in Git 2.0 with respect to paths you removed.", "Paths like 'nginx/conf.d/80-443/.10816.vip.conf.swp' that are", "removed from your working tree are ignored with this version of Git.", "", "* 'git add --ignore-removal <pathspec>', which is the current default,", "  ignores paths you removed from your working tree.", "", "* 'git add --all <pathspec>' will let you also record the removals.", "", "Run 'git status' to check the paths you removed from your working tree.", "", "warning: push.default is unset; its implicit value is changing in", "Git 2.0 from 'matching' to 'simple'. To squelch this message", "and maintain the current behavior after the default changes, use:", "", "  git config --global push.default matching", "", "To squelch this message and adopt the new behavior now, use:", "", "  git config --global push.default simple", "", "See 'git help config' and search for 'push.default' for further information.", "(the 'simple' mode was introduced in Git 1.7.11. Use the similar mode", "'current' instead of 'simple' if you sometimes use older versions of Git)", "", "To http://om:sPCJ-015@git.neweb.me/nginx_cloud/bbetasia-nginx.git", " ! [rejected]        master -> master (fetch first)", "error: failed to push some refs to 'http://om:sPCJ-015@git.neweb.me/nginx_cloud/bbetasia-nginx.git'", "hint: Updates were rejected because the remote contains work that you do", "hint: not have locally. This is usually caused by another repository pushing", "hint: to the same ref. You may want to first merge the remote changes (e.g.,", "hint: 'git pull') before pushing again.", "hint: See the 'Note about fast-forwards' in 'git push --help' for details.", "To http://om:sPCJ-015@git.neweb.me/nginx_cloud/bbetasia-nginx.git", " ! [rejected]        master -> master (fetch first)", "error: failed to push some refs to 'http://om:sPCJ-015@git.neweb.me/nginx_cloud/bbetasia-nginx.git'", "hint: Updates were rejected because the remote contains work that you do", "hint: not have locally. This is usually caused by another repository pushing", "hint: to the same ref. You may want to first merge the remote changes (e.g.,", "hint: 'git pull') before pushing again.", "hint: See the 'Note about fast-forwards' in 'git push --help' for details."], "stdout": "[master 83bc03c] leriza.muralla\n 3 files changed, 21 insertions(+)\n create mode 100644 nginx/conf.d/80-443/boyi6666.com.conf\n create mode 120000 nginx/conf.d/ssl/boyi6666.com", "stdout_lines": ["[master 83bc03c] leriza.muralla", " 3 files changed, 21 insertions(+)", " create mode 100644 nginx/conf.d/80-443/boyi6666.com.conf", " create mode 120000 nginx/conf.d/ssl/boyi6666.com"]}


PLAY RECAP *********************************************************************
119.9.91.148               : ok=10   changed=3    unreachable=0    failed=0    skipped=2    rescued=0    ignored=0   
127.0.0.1                  : ok=0    changed=0    unreachable=0    failed=1    skipped=0    rescued=0    ignored=0   
13.78.94.20                : ok=10   changed=3    unreachable=0    failed=0    skipped=2    rescued=0    ignored=0   



ESYNC_WORKER1_COMMAND_END
MAX RETRIES EXECUTED, COMMAND NOT RESPONDING