ESYNC_WORKER1_COMMAND_START
 [WARNING]: Invalid characters were found in group names but not replaced, use
-vvvv to see details

PLAY [bbetasia-nginx] **********************************************************


TASK [Gathering Facts] *********************************************************
ok: [65.52.163.151]
ok: [40.83.120.179]
ok: [119.9.91.148]
ok: [168.63.205.43]

ok: [23.102.227.165]
ok: [13.70.21.43]
ok: [119.81.239.181]

TASK [nginx_sync : Change python interpreter] **********************************

ok: [168.63.205.43]
ok: [40.83.120.179]
ok: [65.52.163.151]
ok: [23.102.227.165]
skipping: [119.9.91.148]

skipping: [13.70.21.43]
skipping: [119.81.239.181]

TASK [nginx_sync : change python interpreter] **********************************
ok: [168.63.205.43]

ok: [40.83.120.179]
ok: [65.52.163.151]
ok: [23.102.227.165]
skipping: [119.9.91.148]
skipping: [13.70.21.43]

skipping: [119.81.239.181]

TASK [nginx_sync : Notify] *****************************************************
ok: [168.63.205.43] => {
    "msg": "Syncing bbetasia-nginx"

}
ok: [40.83.120.179] => {
    "msg": "Syncing bbetasia-nginx"
}
ok: [65.52.163.151] => {

    "msg": "Syncing bbetasia-nginx"
}
ok: [23.102.227.165] => {
    "msg": "Syncing bbetasia-nginx"
}

ok: [119.9.91.148] => {
    "msg": "Syncing bbetasia-nginx"
}
ok: [13.70.21.43] => {
    "msg": "Syncing bbetasia-nginx"

}
ok: [119.81.239.181] => {
    "msg": "Syncing bbetasia-nginx"
}


TASK [nginx_sync : include_vars] ***********************************************
ok: [168.63.205.43]
ok: [40.83.120.179]
ok: [65.52.163.151]
ok: [23.102.227.165]

ok: [119.9.91.148]
ok: [13.70.21.43]
ok: [119.81.239.181]

TASK [nginx_sync : Synchronizing Nginx] ****************************************

ok: [65.52.163.151] => (item=conf)
ok: [168.63.205.43] => (item=conf)
ok: [23.102.227.165] => (item=conf)
ok: [40.83.120.179] => (item=conf)
ok: [119.9.91.148] => (item=conf)

changed: [23.102.227.165] => (item=conf.d)
changed: [40.83.120.179] => (item=conf.d)
changed: [119.9.91.148] => (item=conf.d)
changed: [168.63.205.43] => (item=conf.d)
ok: [23.102.227.165] => (item=data)

ok: [40.83.120.179] => (item=data)
ok: [119.9.91.148] => (item=data)
ok: [168.63.205.43] => (item=data)
ok: [23.102.227.165] => (item=html)
ok: [40.83.120.179] => (item=html)

ok: [119.9.91.148] => (item=html)
changed: [65.52.163.151] => (item=conf.d)
ok: [168.63.205.43] => (item=html)
ok: [13.70.21.43] => (item=conf)
ok: [119.81.239.181] => (item=conf)

ok: [65.52.163.151] => (item=data)
changed: [119.81.239.181] => (item=conf.d)
ok: [65.52.163.151] => (item=html)
ok: [119.81.239.181] => (item=data)
ok: [119.81.239.181] => (item=html)

changed: [13.70.21.43] => (item=conf.d)
ok: [13.70.21.43] => (item=data)
ok: [13.70.21.43] => (item=html)

TASK [all_servers : include_vars] **********************************************

ok: [168.63.205.43]
ok: [40.83.120.179]
ok: [65.52.163.151]
ok: [23.102.227.165]
ok: [119.9.91.148]

ok: [13.70.21.43]
ok: [119.81.239.181]

TASK [all_servers : Notify] ****************************************************
ok: [168.63.205.43] => {

    "msg": "Clearing Nginx Cache for bbetasia-nginx"
}
ok: [40.83.120.179] => {
    "msg": "Clearing Nginx Cache for bbetasia-nginx"
}

ok: [65.52.163.151] => {
    "msg": "Clearing Nginx Cache for bbetasia-nginx"
}
ok: [23.102.227.165] => {
    "msg": "Clearing Nginx Cache for bbetasia-nginx"

}
ok: [119.9.91.148] => {
    "msg": "Clearing Nginx Cache for bbetasia-nginx"
}
ok: [13.70.21.43] => {

    "msg": "Clearing Nginx Cache for bbetasia-nginx"
}
ok: [119.81.239.181] => {
    "msg": "Clearing Nginx Cache for bbetasia-nginx"
}


TASK [all_servers : Copying clear_nginxcache.sh to remote hosts] ***************
ok: [119.9.91.148]
ok: [40.83.120.179]
ok: [168.63.205.43]

ok: [23.102.227.165]
ok: [65.52.163.151]
ok: [119.81.239.181]
ok: [13.70.21.43]


TASK [all_servers : Nginx Clear Cache] *****************************************
changed: [119.9.91.148]
changed: [168.63.205.43]
changed: [65.52.163.151]
changed: [40.83.120.179]

changed: [23.102.227.165]
changed: [13.70.21.43]
changed: [119.81.239.181]

TASK [all_servers : debug] *****************************************************

ok: [168.63.205.43] => {
    "script_result.stdout_lines": [
        "-----------------------------------------------------------", 
        "|                 Checking Nginx Config                   |", 
        "-----------------------------------------------------------", 

        "", 
        " nginx -t ", 
        "", 
        "-----------------------------------------------------------", 
        "|                 Stopping Nginx Process                  |", 

        "-----------------------------------------------------------", 
        "", 
        " /usr/bin/killall -9 nginx ", 
        "", 
        "-----------------------------------------------------------", 

        "|                 Clearing Proxy Cache                    |", 
        "-----------------------------------------------------------", 
        "", 
        " /bin/rm -rf /tmp/nginx_cache ", 
        "", 

        "-----------------------------------------------------------", 
        "|                Restarting Nginx Process                 |", 
        "-----------------------------------------------------------", 
        "root       1029  0.0  0.0   9120   552 ?        Ss   Jan10   0:00 /sbin/dhclient -H bbetasia-nginx4.hk.az.monaco1.me -1 -q -lf /var/lib/dhclient/dhclient-eth0.leases -pf /var/run/dhclient-eth0.pid eth0", 
        "root      22395  0.0  0.0 106120  1280 ?        S    14:08   0:00 /bin/bash /bak/bin/clear_nginxcache.sh", 

        "root      22408  0.0  2.6 447152 92456 ?        Ss   14:08   0:00 nginx: master process /usr/local/nginx/sbin/nginx", 
        "nobody    22410  0.3  2.7 449080 96068 ?        S    14:08   0:00 nginx: worker process      ", 
        "nobody    22411  0.0  2.7 449080 96068 ?        S    14:08   0:00 nginx: worker process      ", 
        "nobody    22412  0.0  2.7 449080 96068 ?        S    14:08   0:00 nginx: worker process      ", 
        "nobody    22413  0.0  2.7 449080 96068 ?        S    14:08   0:00 nginx: worker process      ", 

        "nobody    22414  0.0  2.6 447152 92948 ?        S    14:08   0:00 nginx: cache manager process", 
        "nobody    22415  0.0  2.6 447152 92836 ?        S    14:08   0:00 nginx: cache loader process", 
        "root      22420  0.0  0.0 103328   848 ?        S    14:08   0:00 grep nginx", 
        "             total       used       free     shared    buffers     cached", 
        "Mem:          3440       3155        284          2        288       1029", 

        "-/+ buffers/cache:       1837       1602", 
        "Swap:            0          0          0", 
        "-----------------------------------------------------------", 
        "|                     Reload SUCCESS!                     |", 
        "-----------------------------------------------------------"

    ]
}
ok: [40.83.120.179] => {
    "script_result.stdout_lines": [
        "-----------------------------------------------------------", 

        "|                 Checking Nginx Config                   |", 
        "-----------------------------------------------------------", 
        "", 
        " nginx -t ", 
        "", 

        "-----------------------------------------------------------", 
        "|                 Stopping Nginx Process                  |", 
        "-----------------------------------------------------------", 
        "", 
        " /usr/bin/killall -9 nginx ", 

        "", 
        "-----------------------------------------------------------", 
        "|                 Clearing Proxy Cache                    |", 
        "-----------------------------------------------------------", 
        "", 

        " /bin/rm -rf /tmp/nginx_cache ", 
        "", 
        "-----------------------------------------------------------", 
        "|                Restarting Nginx Process                 |", 
        "-----------------------------------------------------------", 

        "root     115285  0.0  0.0 106112  1280 ?        S    14:08   0:00 /bin/bash /bak/bin/clear_nginxcache.sh", 
        "root     115291  0.0  2.6 447616 92464 ?        Ss   14:08   0:00 nginx: master process /usr/local/nginx/sbin/nginx", 
        "nobody   115293  0.5  2.7 449544 97272 ?        S    14:08   0:00 nginx: worker process      ", 
        "nobody   115294  0.5  2.7 449544 97276 ?        S    14:08   0:00 nginx: worker process      ", 
        "nobody   115295  0.0  2.7 449544 96980 ?        S    14:08   0:00 nginx: worker process      ", 

        "nobody   115296  0.0  2.7 449544 96076 ?        S    14:08   0:00 nginx: worker process      ", 
        "nobody   115297  0.0  2.6 447616 92956 ?        S    14:08   0:00 nginx: cache manager process", 
        "nobody   115298  0.0  2.6 447616 92844 ?        S    14:08   0:00 nginx: cache loader process", 
        "root     115300  0.0  0.0 103264   836 ?        S    14:08   0:00 grep nginx", 
        "root     118300  0.0  0.0   9120   644 ?        Ss    2018   0:00 /sbin/dhclient -H bbetasia-nginx9.hk.az.monaco1.me -1 -q -cf /etc/dhcp/dhclient-eth0.conf -lf /var/lib/dhclient/dhclient-eth0.leases -pf /var/run/dhclient-eth0.pid eth0", 

        "             total       used       free     shared    buffers     cached", 
        "Mem:          3440       2862        578          0        235        812", 
        "-/+ buffers/cache:       1814       1625", 
        "Swap:            0          0          0", 
        "-----------------------------------------------------------", 

        "|                     Reload SUCCESS!                     |", 
        "-----------------------------------------------------------"
    ]
}
ok: [65.52.163.151] => {

    "script_result.stdout_lines": [
        "-----------------------------------------------------------", 
        "|                 Checking Nginx Config                   |", 
        "-----------------------------------------------------------", 
        "", 

        " nginx -t ", 
        "", 
        "-----------------------------------------------------------", 
        "|                 Stopping Nginx Process                  |", 
        "-----------------------------------------------------------", 

        "", 
        " /usr/bin/killall -9 nginx ", 
        "", 
        "-----------------------------------------------------------", 
        "|                 Clearing Proxy Cache                    |", 

        "-----------------------------------------------------------", 
        "", 
        " /bin/rm -rf /tmp/nginx_cache ", 
        "", 
        "-----------------------------------------------------------", 

        "|                Restarting Nginx Process                 |", 
        "-----------------------------------------------------------", 
        "root      18810  0.0  0.0 106112  1280 ?        S    14:08   0:00 /bin/bash /bak/bin/clear_nginxcache.sh", 
        "root      18820  0.0  2.3 448832 93376 ?        Ss   14:08   0:00 nginx: master process /usr/local/nginx/sbin/nginx", 
        "nobody    18821  0.0  2.4 450760 97004 ?        S    14:08   0:00 nginx: worker process      ", 

        "nobody    18822  0.0  2.4 450760 97004 ?        S    14:08   0:00 nginx: worker process      ", 
        "nobody    18823  0.0  2.4 450760 97004 ?        S    14:08   0:00 nginx: worker process      ", 
        "nobody    18824  0.0  2.4 450760 97004 ?        S    14:08   0:00 nginx: worker process      ", 
        "nobody    18825  0.0  2.3 448832 93872 ?        S    14:08   0:00 nginx: cache manager process", 
        "nobody    18827  0.0  2.3 448832 93744 ?        S    14:08   0:00 nginx: cache loader process", 

        "root      18829  0.0  0.0 103264   832 ?        S    14:08   0:00 grep nginx", 
        "root      74651  0.0  0.0   9120   644 ?        Ss    2018   0:00 /sbin/dhclient -H bbetasia-nginx12.hk.az.monaco1.me -1 -q -cf /etc/dhcp/dhclient-eth0.conf -lf /var/lib/dhclient/dhclient-eth0.leases -pf /var/run/dhclient-eth0.pid eth0", 
        "             total       used       free     shared    buffers     cached", 
        "Mem:          3944       3613        331          0        258        806", 
        "-/+ buffers/cache:       2548       1396", 

        "Swap:            0          0          0", 
        "-----------------------------------------------------------", 
        "|                     Reload SUCCESS!                     |", 
        "-----------------------------------------------------------"
    ]

}
ok: [23.102.227.165] => {
    "script_result.stdout_lines": [
        "-----------------------------------------------------------", 
        "|                 Checking Nginx Config                   |", 

        "-----------------------------------------------------------", 
        "", 
        " nginx -t ", 
        "", 
        "-----------------------------------------------------------", 

        "|                 Stopping Nginx Process                  |", 
        "-----------------------------------------------------------", 
        "", 
        " /usr/bin/killall -9 nginx ", 
        "", 

        "-----------------------------------------------------------", 
        "|                 Clearing Proxy Cache                    |", 
        "-----------------------------------------------------------", 
        "", 
        " /bin/rm -rf /tmp/nginx_cache ", 

        "", 
        "-----------------------------------------------------------", 
        "|                Restarting Nginx Process                 |", 
        "-----------------------------------------------------------", 
        "root       7647  0.0  0.0   9120   640 ?        Ss    2018   0:00 /sbin/dhclient -H bbetasia-nginx10.hk.az.monaco1.me -1 -q -cf /etc/dhcp/dhclient-eth0.conf -lf /var/lib/dhclient/dhclient-eth0.leases -pf /var/run/dhclient-eth0.pid eth0", 

        "root      72273  0.0  0.0 106112  1280 ?        S    14:08   0:00 /bin/bash /bak/bin/clear_nginxcache.sh", 
        "root      72285  0.0  2.2 447616 92468 ?        Ss   14:08   0:00 nginx: master process /usr/local/nginx/sbin/nginx", 
        "nobody    72286  0.0  2.3 449544 96084 ?        S    14:08   0:00 nginx: worker process      ", 
        "nobody    72287  0.0  2.3 449544 96084 ?        S    14:08   0:00 nginx: worker process      ", 
        "nobody    72288  0.0  2.3 449544 96084 ?        S    14:08   0:00 nginx: worker process      ", 

        "nobody    72289  0.0  2.3 449544 96084 ?        S    14:08   0:00 nginx: worker process      ", 
        "nobody    72290  0.0  2.3 447616 92964 ?        S    14:08   0:00 nginx: cache manager process", 
        "nobody    72292  0.0  2.2 447616 92852 ?        S    14:08   0:00 nginx: cache loader process", 
        "root      72298  0.0  0.0 103264   828 ?        S    14:08   0:00 grep nginx", 
        "             total       used       free     shared    buffers     cached", 

        "Mem:          3944       3628        316          0        271        754", 
        "-/+ buffers/cache:       2601       1342", 
        "Swap:            0          0          0", 
        "-----------------------------------------------------------", 
        "|                     Reload SUCCESS!                     |", 

        "-----------------------------------------------------------"
    ]
}
ok: [119.9.91.148] => {
    "script_result.stdout_lines": [

        "-----------------------------------------------------------", 
        "|                 Checking Nginx Config                   |", 
        "-----------------------------------------------------------", 
        "", 
        " nginx -t ", 

        "", 
        "-----------------------------------------------------------", 
        "|                 Stopping Nginx Process                  |", 
        "-----------------------------------------------------------", 
        "", 

        " /usr/bin/killall -9 nginx ", 
        "", 
        "-----------------------------------------------------------", 
        "|                 Clearing Proxy Cache                    |", 
        "-----------------------------------------------------------", 

        "", 
        " /bin/rm -rf /tmp/nginx_cache ", 
        "", 
        "-----------------------------------------------------------", 
        "|                Restarting Nginx Process                 |", 

        "-----------------------------------------------------------", 
        "root      2897  1.3  0.0 113180  1508 ?        S    14:08   0:00 /bin/bash /bak/bin/clear_nginxcache.sh", 
        "root      2907  0.0  3.7 425800 70412 ?        Ss   14:08   0:00 nginx: master process /usr/local/nginx/sbin/nginx", 
        "nobody    2908  3.0  4.0 429368 76072 ?        S    14:08   0:00 nginx: worker process", 
        "nobody    2910  1.5  4.0 428848 75844 ?        S    14:08   0:00 nginx: worker process", 

        "nobody    2911  1.5  4.0 428728 75856 ?        R    14:08   0:00 nginx: worker process", 
        "nobody    2912  1.0  4.0 428704 75848 ?        S    14:08   0:00 nginx: worker process", 
        "nobody    2913  0.0  3.7 425800 70832 ?        S    14:08   0:00 nginx: cache manager process", 
        "nobody    2914  0.0  3.7 425800 70832 ?        S    14:08   0:00 nginx: cache loader process", 
        "root      2919  0.0  0.0 112708   964 ?        S    14:08   0:00 grep nginx", 

        "              total        used        free      shared  buff/cache   available", 
        "Mem:           1832         262         913         106         656        1254", 
        "Swap:             0           0           0", 
        "-----------------------------------------------------------", 
        "|                     Reload SUCCESS!                     |", 

        "-----------------------------------------------------------"
    ]
}
ok: [13.70.21.43] => {
    "script_result.stdout_lines": [

        "-----------------------------------------------------------", 
        "|                 Checking Nginx Config                   |", 
        "-----------------------------------------------------------", 
        "", 
        " nginx -t ", 

        "", 
        "-----------------------------------------------------------", 
        "|                 Stopping Nginx Process                  |", 
        "-----------------------------------------------------------", 
        "", 

        " /usr/bin/killall -9 nginx ", 
        "", 
        "-----------------------------------------------------------", 
        "|                 Clearing Proxy Cache                    |", 
        "-----------------------------------------------------------", 

        "", 
        " /bin/rm -rf /tmp/nginx_cache ", 
        "", 
        "-----------------------------------------------------------", 
        "|                Restarting Nginx Process                 |", 

        "-----------------------------------------------------------", 
        "root      57464  0.6  0.0 113180  1492 ?        S    14:08   0:00 /bin/bash /bak/bin/clear_nginxcache.sh", 
        "root      57475  0.0  1.7 425800 70428 ?        Ss   14:08   0:00 nginx: master process /usr/local/nginx/sbin/nginx", 
        "nobody    57476  0.5  1.8 430512 75888 ?        S    14:08   0:00 nginx: worker process", 
        "nobody    57478  0.0  1.8 430344 75748 ?        S    14:08   0:00 nginx: worker process", 

        "nobody    57479  0.5  1.8 430344 75828 ?        S    14:08   0:00 nginx: worker process", 
        "nobody    57480  0.0  1.8 430360 75816 ?        S    14:08   0:00 nginx: worker process", 
        "nobody    57481  0.0  1.7 427884 70928 ?        S    14:08   0:00 nginx: cache manager process", 
        "nobody    57482  0.0  1.7 427884 70928 ?        S    14:08   0:00 nginx: cache loader process", 
        "root      57485  0.0  0.0 112708   952 ?        S    14:08   0:00 grep nginx", 

        "              total        used        free      shared  buff/cache   available", 
        "Mem:           3934         298         781         203        2854        3019", 
        "Swap:             0           0           0", 
        "-----------------------------------------------------------", 
        "|                     Reload SUCCESS!                     |", 

        "-----------------------------------------------------------"
    ]
}
ok: [119.81.239.181] => {
    "script_result.stdout_lines": [

        "-----------------------------------------------------------", 
        "|                 Checking Nginx Config                   |", 
        "-----------------------------------------------------------", 
        "", 
        " nginx -t ", 

        "", 
        "-----------------------------------------------------------", 
        "|                 Stopping Nginx Process                  |", 
        "-----------------------------------------------------------", 
        "", 

        " /usr/bin/killall -9 nginx ", 
        "", 
        "-----------------------------------------------------------", 
        "|                 Clearing Proxy Cache                    |", 
        "-----------------------------------------------------------", 

        "", 
        " /bin/rm -rf /tmp/nginx_cache ", 
        "", 
        "-----------------------------------------------------------", 
        "|                Restarting Nginx Process                 |", 

        "-----------------------------------------------------------", 
        "root      8380  0.5  0.0 113180  1496 ?        S    14:08   0:00 /bin/bash /bak/bin/clear_nginxcache.sh", 
        "root      8387  0.0  1.8 425800 70424 ?        Ss   14:08   0:00 nginx: master process /usr/local/nginx/sbin/nginx", 
        "nobody    8388  0.0  1.9 428124 75548 ?        S    14:08   0:00 nginx: worker process", 
        "nobody    8390  0.0  1.9 428124 73856 ?        S    14:08   0:00 nginx: worker process", 

        "nobody    8391  0.0  1.9 428124 73856 ?        S    14:08   0:00 nginx: worker process", 
        "nobody    8392  0.0  1.9 428124 73852 ?        S    14:08   0:00 nginx: worker process", 
        "nobody    8393  0.0  1.8 425800 70848 ?        S    14:08   0:00 nginx: cache manager process", 
        "nobody    8394  0.0  1.8 425800 70848 ?        S    14:08   0:00 nginx: cache loader process", 
        "root      8396  0.0  0.0 112708   960 ?        S    14:08   0:00 grep nginx", 

        "              total        used        free      shared  buff/cache   available", 
        "Mem:           3783         424         586         191        2772        2864", 
        "Swap:          2047          22        2024", 
        "-----------------------------------------------------------", 
        "|                     Reload SUCCESS!                     |", 

        "-----------------------------------------------------------"
    ]
}

PLAY [127.0.0.1] ***************************************************************


TASK [sync_to_git : Synchronizing Nginx To GIT] ********************************
changed: [127.0.0.1]

TASK [sync_to_git : debug] *****************************************************

ok: [127.0.0.1] => {
    "msg": " [u'[master 28b5283] quincy', u' 1 file changed, 6 insertions(+)', u'Branch master set up to track remote branch master from origin.']"
}

PLAY [bbetasia-nginx] **********************************************************


PLAY [127.0.0.1] ***************************************************************

PLAY RECAP *********************************************************************
119.81.239.181             : ok=9    changed=2    unreachable=0    failed=0    skipped=2    rescued=0    ignored=0   

119.9.91.148               : ok=9    changed=2    unreachable=0    failed=0    skipped=2    rescued=0    ignored=0   
127.0.0.1                  : ok=2    changed=1    unreachable=0    failed=0    skipped=0    rescued=0    ignored=0   
13.70.21.43                : ok=9    changed=2    unreachable=0    failed=0    skipped=2    rescued=0    ignored=0   
168.63.205.43              : ok=11   changed=2    unreachable=0    failed=0    skipped=0    rescued=0    ignored=0   
23.102.227.165             : ok=11   changed=2    unreachable=0    failed=0    skipped=0    rescued=0    ignored=0   

40.83.120.179              : ok=11   changed=2    unreachable=0    failed=0    skipped=0    rescued=0    ignored=0   
65.52.163.151              : ok=11   changed=2    unreachable=0    failed=0    skipped=0    rescued=0    ignored=0   


ESYNC_WORKER1_COMMAND_END
MAX RETRIES EXECUTED, COMMAND NOT RESPONDING