ESYNC_WORKER1_COMMAND_START

PLAY [bbetasia-nginx] **********************************************************

TASK [nginx_sync : Notify] *****************************************************
ok: [168.63.205.43] => {

    "msg": "Syncing bbetasia-nginx"
}
ok: [13.75.109.5] => {
    "msg": "Syncing bbetasia-nginx"
}

ok: [161.202.34.70] => {
    "msg": "Syncing bbetasia-nginx"
}
ok: [161.202.34.91] => {
    "msg": "Syncing bbetasia-nginx"

}
ok: [40.83.120.179] => {
    "msg": "Syncing bbetasia-nginx"
}
ok: [65.52.163.151] => {

    "msg": "Syncing bbetasia-nginx"
}
ok: [23.102.227.165] => {
    "msg": "Syncing bbetasia-nginx"
}


TASK [nginx_sync : include_vars] ***********************************************
ok: [168.63.205.43]
ok: [13.75.109.5]
ok: [161.202.34.70]

ok: [161.202.34.91]
ok: [40.83.120.179]
ok: [65.52.163.151]
ok: [23.102.227.165]


TASK [nginx_sync : Synchronizing Nginx] ****************************************
ok: [13.75.109.5] => (item=conf)
ok: [168.63.205.43] => (item=conf)
ok: [161.202.34.91] => (item=conf)
ok: [161.202.34.70] => (item=conf)

ok: [40.83.120.179] => (item=conf)
changed: [13.75.109.5] => (item=conf.d)
changed: [168.63.205.43] => (item=conf.d)
changed: [161.202.34.70] => (item=conf.d)
changed: [40.83.120.179] => (item=conf.d)

ok: [13.75.109.5] => (item=data)
changed: [161.202.34.91] => (item=conf.d)
ok: [168.63.205.43] => (item=data)
ok: [161.202.34.70] => (item=data)
ok: [40.83.120.179] => (item=data)

ok: [13.75.109.5] => (item=html)
ok: [168.63.205.43] => (item=html)
ok: [161.202.34.91] => (item=data)
ok: [161.202.34.70] => (item=html)
ok: [40.83.120.179] => (item=html)

ok: [23.102.227.165] => (item=conf)
ok: [65.52.163.151] => (item=conf)
ok: [161.202.34.91] => (item=html)
changed: [23.102.227.165] => (item=conf.d)
changed: [65.52.163.151] => (item=conf.d)

ok: [23.102.227.165] => (item=data)
ok: [65.52.163.151] => (item=data)
ok: [23.102.227.165] => (item=html)
ok: [65.52.163.151] => (item=html)


TASK [all_servers : include_vars] **********************************************
ok: [168.63.205.43]
ok: [13.75.109.5]
ok: [161.202.34.70]
ok: [161.202.34.91]

ok: [40.83.120.179]
ok: [65.52.163.151]
ok: [23.102.227.165]

TASK [all_servers : Notify] ****************************************************

ok: [168.63.205.43] => {
    "msg": "Clearing Nginx Cache for bbetasia-nginx"
}
ok: [13.75.109.5] => {
    "msg": "Clearing Nginx Cache for bbetasia-nginx"

}
ok: [161.202.34.70] => {
    "msg": "Clearing Nginx Cache for bbetasia-nginx"
}
ok: [161.202.34.91] => {

    "msg": "Clearing Nginx Cache for bbetasia-nginx"
}
ok: [40.83.120.179] => {
    "msg": "Clearing Nginx Cache for bbetasia-nginx"
}

ESYNC_WORKER1_COMMAND_END
MAX RETRIES EXECUTED, COMMAND NOT RESPONDINGok: [23.102.227.165] => {
    "msg": "Clearing Nginx Cache for bbetasia-nginx"
}
ok: [65.52.163.151] => {
    "msg": "Clearing Nginx Cache for bbetasia-nginx"

}

TASK [all_servers : Copying clear_nginxcache.sh to remote hosts] ***************
ok: [161.202.34.70]
ok: [40.83.120.179]

ok: [13.75.109.5]
ok: [168.63.205.43]
ok: [161.202.34.91]
ok: [23.102.227.165]
ok: [65.52.163.151]


TASK [all_servers : Nginx Clear Cache] *****************************************
changed: [161.202.34.70]
changed: [161.202.34.91]
changed: [168.63.205.43]

changed: [13.75.109.5]
changed: [40.83.120.179]
changed: [23.102.227.165]
changed: [65.52.163.151]


TASK [all_servers : debug] *****************************************************
ok: [168.63.205.43] => {
    "script_result.stdout_lines": [
        "-----------------------------------------------------------", 
        "|                 Checking Nginx Config                   |", 

        "-----------------------------------------------------------", 
        "", 
        " nginx -t ", 
        "", 
        "-----------------------------------------------------------", 

        "|                 Stopping Nginx Process                  |", 
        "-----------------------------------------------------------", 
        "", 
        " /usr/bin/killall -9 nginx ", 
        "", 

        "-----------------------------------------------------------", 
        "|                 Clearing Proxy Cache                    |", 
        "-----------------------------------------------------------", 
        "", 
        " /bin/rm -rf /tmp/nginx_cache ", 

        "", 
        "-----------------------------------------------------------", 
        "|                Restarting Nginx Process                 |", 
        "-----------------------------------------------------------", 
        "root       1029  0.0  0.0   9120   656 ?        Ss   Jan10   0:00 /sbin/dhclient -H bbetasia-nginx4.hk.az.monaco1.me -1 -q -lf /var/lib/dhclient/dhclient-eth0.leases -pf /var/run/dhclient-eth0.pid eth0", 

        "root      22598  0.0  0.0 106120  1284 ?        S    16:17   0:00 /bin/bash /bak/bin/clear_nginxcache.sh", 
        "root      22604  0.5  2.4 475244 87784 ?        Ss   16:17   0:00 nginx: master process /usr/local/nginx/sbin/nginx", 
        "nobody    22606  1.0  2.6 477172 94560 ?        S    16:17   0:00 nginx: worker process      ", 
        "nobody    22607  0.5  2.7 477172 95692 ?        S    16:17   0:00 nginx: worker process      ", 
        "nobody    22608  0.0  2.6 477172 94552 ?        S    16:17   0:00 nginx: worker process      ", 

        "nobody    22609  1.0  2.7 477172 95696 ?        S    16:17   0:00 nginx: worker process      ", 
        "nobody    22610  0.0  2.5 475244 91376 ?        S    16:17   0:00 nginx: cache manager process", 
        "nobody    22611  0.0  2.5 475244 91352 ?        S    16:17   0:00 nginx: cache loader process", 
        "root      22613  0.0  0.0 103328   848 ?        S    16:17   0:00 grep nginx", 
        "             total       used       free     shared    buffers     cached", 

        "Mem:          3440       3118        321          5        213        446", 
        "-/+ buffers/cache:       2458        982", 
        "Swap:            0          0          0", 
        "-----------------------------------------------------------", 
        "|                     Reload SUCCESS!                     |", 

        "-----------------------------------------------------------"
    ]
}
ok: [13.75.109.5] => {
    "script_result.stdout_lines": [

        "-----------------------------------------------------------", 
        "|                 Checking Nginx Config                   |", 
        "-----------------------------------------------------------", 
        "", 
        " nginx -t ", 

        "", 
        "-----------------------------------------------------------", 
        "|                 Stopping Nginx Process                  |", 
        "-----------------------------------------------------------", 
        "", 

        " /usr/bin/killall -9 nginx ", 
        "", 
        "-----------------------------------------------------------", 
        "|                 Clearing Proxy Cache                    |", 
        "-----------------------------------------------------------", 

        "", 
        " /bin/rm -rf /tmp/nginx_cache ", 
        "", 
        "-----------------------------------------------------------", 
        "|                Restarting Nginx Process                 |", 

        "-----------------------------------------------------------", 
        "root      22520  0.0  0.0 106112  1284 ?        S    16:17   0:00 /bin/bash /bak/bin/clear_nginxcache.sh", 
        "root      22534  0.0  2.4 475716 87788 ?        Ss   16:17   0:00 nginx: master process /usr/local/nginx/sbin/nginx", 
        "nobody    22536  0.5  2.6 477644 94464 ?        S    16:17   0:00 nginx: worker process      ", 
        "nobody    22537  0.5  2.7 477644 95688 ?        S    16:17   0:00 nginx: worker process      ", 

        "nobody    22538  0.0  2.7 477644 95328 ?        S    16:17   0:00 nginx: worker process      ", 
        "nobody    22539  0.0  2.7 477644 95688 ?        S    16:17   0:00 nginx: worker process      ", 
        "nobody    22540  0.0  2.5 475716 91324 ?        S    16:17   0:00 nginx: cache manager process", 
        "nobody    22541  0.0  2.5 475716 91304 ?        S    16:17   0:00 nginx: cache loader process", 
        "root      22544  0.0  0.0 103264   832 ?        S    16:17   0:00 grep nginx", 

        "root     113355  0.0  0.0   9120   640 ?        Ss    2018   0:00 /sbin/dhclient -H bbetasia-nginx6.hk.az.monaco1.me -1 -q -cf /etc/dhcp/dhclient-eth0.conf -lf /var/lib/dhclient/dhclient-eth0.leases -pf /var/run/dhclient-eth0.pid eth0", 
        "             total       used       free     shared    buffers     cached", 
        "Mem:          3440       2923        517          0        219        368", 
        "-/+ buffers/cache:       2335       1105", 
        "Swap:            0          0          0", 

        "-----------------------------------------------------------", 
        "|                     Reload SUCCESS!                     |", 
        "-----------------------------------------------------------"
    ]
}

ok: [161.202.34.70] => {
    "script_result.stdout_lines": [
        "-----------------------------------------------------------", 
        "|                 Checking Nginx Config                   |", 
        "-----------------------------------------------------------", 

        "", 
        " nginx -t ", 
        "", 
        "-----------------------------------------------------------", 
        "|                 Stopping Nginx Process                  |", 

        "-----------------------------------------------------------", 
        "", 
        " /usr/bin/killall -9 nginx ", 
        "", 
        "-----------------------------------------------------------", 

        "|                 Clearing Proxy Cache                    |", 
        "-----------------------------------------------------------", 
        "", 
        " /bin/rm -rf /tmp/nginx_cache ", 
        "", 

        "-----------------------------------------------------------", 
        "|                Restarting Nginx Process                 |", 
        "-----------------------------------------------------------", 
        "root     20831  3.1  0.0 106112  1276 ?        S    16:17   0:00 /bin/bash /bak/bin/clear_nginxcache.sh", 
        "root     20837 20.5  1.4 475252 87788 ?        Ss   16:17   0:00 nginx: master process /usr/local/nginx/sbin/nginx", 

        "nobody   20839  2.5  1.5 477316 94668 ?        S    16:17   0:00 nginx: worker process      ", 
        "nobody   20840  1.5  1.5 477180 94624 ?        S    16:17   0:00 nginx: worker process      ", 
        "nobody   20841  1.5  1.5 477316 94632 ?        S    16:17   0:00 nginx: worker process      ", 
        "nobody   20842  2.0  1.5 477180 94624 ?        S    16:17   0:00 nginx: worker process      ", 
        "nobody   20843  0.5  1.5 475252 90256 ?        S    16:17   0:00 nginx: cache manager process", 

        "nobody   20844  0.0  1.5 475252 90220 ?        S    16:17   0:00 nginx: cache loader process", 
        "root     20846  0.0  0.0 103316   836 ?        S    16:17   0:00 grep nginx", 
        "             total       used       free     shared    buffers     cached", 
        "Mem:          5828       5508        320          4        301        479", 
        "-/+ buffers/cache:       4727       1101", 

        "Swap:         2047          1       2045", 
        "-----------------------------------------------------------", 
        "|                     Reload SUCCESS!                     |", 
        "-----------------------------------------------------------"
    ]

}
ok: [161.202.34.91] => {
    "script_result.stdout_lines": [
        "-----------------------------------------------------------", 
        "|                 Checking Nginx Config                   |", 

        "-----------------------------------------------------------", 
        "", 
        " nginx -t ", 
        "", 
        "-----------------------------------------------------------", 

        "|                 Stopping Nginx Process                  |", 
        "-----------------------------------------------------------", 
        "", 
        " /usr/bin/killall -9 nginx ", 
        "", 

        "-----------------------------------------------------------", 
        "|                 Clearing Proxy Cache                    |", 
        "-----------------------------------------------------------", 
        "", 
        " /bin/rm -rf /tmp/nginx_cache ", 

        "", 
        "-----------------------------------------------------------", 
        "|                Restarting Nginx Process                 |", 
        "-----------------------------------------------------------", 
        "root      1298  2.7  0.0 106112  1276 ?        S    16:17   0:00 /bin/bash /bak/bin/clear_nginxcache.sh", 

        "root      1304 15.0  1.1 476416 88644 ?        Ss   16:17   0:00 nginx: master process /usr/local/nginx/sbin/nginx", 
        "nobody    1306  2.0  1.2 478476 96424 ?        S    16:17   0:00 nginx: worker process      ", 
        "nobody    1307  1.3  1.2 478344 96364 ?        S    16:17   0:00 nginx: worker process      ", 
        "nobody    1308  1.0  1.1 478344 95096 ?        S    16:17   0:00 nginx: worker process      ", 
        "nobody    1309  2.0  1.2 478344 96364 ?        S    16:17   0:00 nginx: worker process      ", 

        "nobody    1324  0.3  1.1 476416 91944 ?        S    16:17   0:00 nginx: cache manager process", 
        "nobody    1335  0.3  1.1 476416 91900 ?        S    16:17   0:00 nginx: cache loader process", 
        "root      1438  0.0  0.0 103316   836 ?        S    16:17   0:00 grep nginx", 
        "             total       used       free     shared    buffers     cached", 
        "Mem:          7840       7401        438          5        233        597", 

        "-/+ buffers/cache:       6570       1269", 
        "Swap:         2047          0       2046", 
        "-----------------------------------------------------------", 
        "|                     Reload SUCCESS!                     |", 
        "-----------------------------------------------------------"

    ]
}
ok: [40.83.120.179] => {
    "script_result.stdout_lines": [
        "-----------------------------------------------------------", 

        "|                 Checking Nginx Config                   |", 
        "-----------------------------------------------------------", 
        "", 
        " nginx -t ", 
        "", 

        "-----------------------------------------------------------", 
        "|                 Stopping Nginx Process                  |", 
        "-----------------------------------------------------------", 
        "", 
        " /usr/bin/killall -9 nginx ", 

        "", 
        "-----------------------------------------------------------", 
        "|                 Clearing Proxy Cache                    |", 
        "-----------------------------------------------------------", 
        "", 

        " /bin/rm -rf /tmp/nginx_cache ", 
        "", 
        "-----------------------------------------------------------", 
        "|                Restarting Nginx Process                 |", 
        "-----------------------------------------------------------", 

        "root     118300  0.0  0.0   9120   644 ?        Ss    2018   0:00 /sbin/dhclient -H bbetasia-nginx9.hk.az.monaco1.me -1 -q -cf /etc/dhcp/dhclient-eth0.conf -lf /var/lib/dhclient/dhclient-eth0.leases -pf /var/run/dhclient-eth0.pid eth0", 
        "root     119454  0.0  0.0 106112  1284 ?        S    16:17   0:00 /bin/bash /bak/bin/clear_nginxcache.sh", 
        "root     119460  0.0  2.4 475708 87788 ?        Ss   16:17   0:00 nginx: master process /usr/local/nginx/sbin/nginx", 
        "nobody   119461  1.5  2.8 477636 100008 ?       S    16:17   0:00 nginx: worker process      ", 
        "nobody   119462  1.0  2.8 477636 100036 ?       S    16:17   0:00 nginx: worker process      ", 

        "nobody   119463  1.5  2.8 477636 99980 ?        S    16:17   0:00 nginx: worker process      ", 
        "nobody   119465  2.5  2.8 477772 100000 ?       S    16:17   0:00 nginx: worker process      ", 
        "nobody   119466  0.0  2.7 475708 95660 ?        S    16:17   0:00 nginx: cache manager process", 
        "nobody   119467  0.0  2.7 475708 95660 ?        S    16:17   0:00 nginx: cache loader process", 
        "root     119469  0.0  0.0 103268   840 ?        S    16:17   0:00 grep nginx", 

        "             total       used       free     shared    buffers     cached", 
        "Mem:          3440       2959        480          0        218        347", 
        "-/+ buffers/cache:       2394       1046", 
        "Swap:            0          0          0", 
        "-----------------------------------------------------------", 

        "|                     Reload SUCCESS!                     |", 
        "-----------------------------------------------------------"
    ]
}
ok: [65.52.163.151] => {

    "script_result.stdout_lines": [
        "-----------------------------------------------------------", 
        "|                 Checking Nginx Config                   |", 
        "-----------------------------------------------------------", 
        "", 

        " nginx -t ", 
        "", 
        "-----------------------------------------------------------", 
        "|                 Stopping Nginx Process                  |", 
        "-----------------------------------------------------------", 

        "", 
        " /usr/bin/killall -9 nginx ", 
        "", 
        "-----------------------------------------------------------", 
        "|                 Clearing Proxy Cache                    |", 

        "-----------------------------------------------------------", 
        "", 
        " /bin/rm -rf /tmp/nginx_cache ", 
        "", 
        "-----------------------------------------------------------", 

        "|                Restarting Nginx Process                 |", 
        "-----------------------------------------------------------", 
        "root      74651  0.0  0.0   9120   644 ?        Ss    2018   0:00 /sbin/dhclient -H bbetasia-nginx12.hk.az.monaco1.me -1 -q -cf /etc/dhcp/dhclient-eth0.conf -lf /var/lib/dhclient/dhclient-eth0.leases -pf /var/run/dhclient-eth0.pid eth0", 
        "root      79444  0.0  0.0 106112  1284 ?        S    16:17   0:00 /bin/bash /bak/bin/clear_nginxcache.sh", 
        "root      79450  0.6  2.1 476880 88644 ?        Ss   16:17   0:00 nginx: master process /usr/local/nginx/sbin/nginx", 

        "nobody    79452  6.3  2.9 478808 117664 ?       S    16:17   0:00 nginx: worker process      ", 
        "nobody    79453  4.0  2.9 478808 117488 ?       S    16:17   0:00 nginx: worker process      ", 
        "nobody    79454  3.0  2.8 478808 116360 ?       S    16:17   0:00 nginx: worker process      ", 
        "nobody    79455  5.0  2.9 478808 117632 ?       S    16:17   0:00 nginx: worker process      ", 
        "nobody    79456  2.6  2.8 476880 113156 ?       S    16:17   0:00 nginx: cache manager process", 

        "nobody    79457  1.3  2.8 476880 113128 ?       S    16:17   0:00 nginx: cache loader process", 
        "root      79524  0.0  0.0 103264   832 ?        S    16:17   0:00 grep nginx", 
        "             total       used       free     shared    buffers     cached", 
        "Mem:          3944       3153        790          0        227        404", 
        "-/+ buffers/cache:       2522       1422", 

        "Swap:            0          0          0", 
        "-----------------------------------------------------------", 
        "|                     Reload SUCCESS!                     |", 
        "-----------------------------------------------------------"
    ]

}
ok: [23.102.227.165] => {
    "script_result.stdout_lines": [
        "-----------------------------------------------------------", 
        "|                 Checking Nginx Config                   |", 

        "-----------------------------------------------------------", 
        "", 
        " nginx -t ", 
        "", 
        "-----------------------------------------------------------", 

        "|                 Stopping Nginx Process                  |", 
        "-----------------------------------------------------------", 
        "", 
        " /usr/bin/killall -9 nginx ", 
        "", 

        "-----------------------------------------------------------", 
        "|                 Clearing Proxy Cache                    |", 
        "-----------------------------------------------------------", 
        "", 
        " /bin/rm -rf /tmp/nginx_cache ", 

        "", 
        "-----------------------------------------------------------", 
        "|                Restarting Nginx Process                 |", 
        "-----------------------------------------------------------", 
        "root       7647  0.0  0.0   9120   640 ?        Ss    2018   0:00 /sbin/dhclient -H bbetasia-nginx10.hk.az.monaco1.me -1 -q -cf /etc/dhcp/dhclient-eth0.conf -lf /var/lib/dhclient/dhclient-eth0.leases -pf /var/run/dhclient-eth0.pid eth0", 

        "root      49034  0.0  0.0 106112  1284 ?        S    16:17   0:00 /bin/bash /bak/bin/clear_nginxcache.sh", 
        "root      49040  0.0  2.1 475712 87776 ?        Ss   16:17   0:00 nginx: master process /usr/local/nginx/sbin/nginx", 
        "nobody    49041  0.0  2.3 477640 96384 ?        S    16:17   0:00 nginx: worker process      ", 
        "nobody    49043  0.3  2.3 477640 96384 ?        S    16:17   0:00 nginx: worker process      ", 
        "nobody    49044  0.0  2.3 477640 96408 ?        S    16:17   0:00 nginx: worker process      ", 

        "nobody    49045  0.0  2.4 477640 97032 ?        S    16:17   0:00 nginx: worker process      ", 
        "nobody    49046  0.3  2.3 475712 93272 ?        S    16:17   0:00 nginx: cache manager process", 
        "nobody    49047  0.0  2.3 475712 93224 ?        S    16:17   0:00 nginx: cache loader process", 
        "root      49049  0.0  0.0 103264   832 ?        S    16:17   0:00 grep nginx", 
        "             total       used       free     shared    buffers     cached", 

        "Mem:          3944       3678        266          0        246        379", 
        "-/+ buffers/cache:       3053        891", 
        "Swap:            0          0          0", 
        "-----------------------------------------------------------", 
        "|                     Reload SUCCESS!                     |", 

        "-----------------------------------------------------------"
    ]
}

PLAY [127.0.0.1] ***************************************************************


TASK [sync_to_git : Synchronizing Nginx To GIT] ********************************
changed: [127.0.0.1]

TASK [sync_to_git : debug] *****************************************************

ok: [127.0.0.1] => {
    "script_result.stdout_lines": [
        "[master d7bd0a2] robert.sarte", 
        " 1 file changed, 1 insertion(+)", 
        "Branch master set up to track remote branch master from origin."

    ]
}

PLAY [bbetasia-nginx] **********************************************************


PLAY [127.0.0.1] ***************************************************************

PLAY RECAP *********************************************************************
127.0.0.1                  : ok=2    changed=1    unreachable=0    failed=0   
13.75.109.5                : ok=8    changed=2    unreachable=0    failed=0   

161.202.34.70              : ok=8    changed=2    unreachable=0    failed=0   
161.202.34.91              : ok=8    changed=2    unreachable=0    failed=0   
168.63.205.43              : ok=8    changed=2    unreachable=0    failed=0   
23.102.227.165             : ok=8    changed=2    unreachable=0    failed=0   
40.83.120.179              : ok=8    changed=2    unreachable=0    failed=0   

65.52.163.151              : ok=8    changed=2    unreachable=0    failed=0   


