ESYNC_WORKER1_COMMAND_START
 [WARNING]: Invalid characters were found in group names but not replaced, use
-vvvv to see details

PLAY [bbetasia-nginx] **********************************************************


TASK [Gathering Facts] *********************************************************
ok: [168.63.205.43]
ok: [40.83.120.179]
ok: [119.9.91.148]
ok: [65.52.163.151]

ok: [119.81.239.181]
ok: [13.70.21.43]
ok: [23.102.227.165]

TASK [nginx_sync : Change python interpreter] **********************************

ok: [168.63.205.43]
ok: [40.83.120.179]
ok: [65.52.163.151]
ok: [23.102.227.165]
skipping: [119.9.91.148]

skipping: [13.70.21.43]
skipping: [119.81.239.181]

TASK [nginx_sync : change python interpreter] **********************************
ok: [168.63.205.43]

ok: [40.83.120.179]
ok: [65.52.163.151]
ok: [23.102.227.165]
skipping: [119.9.91.148]
skipping: [13.70.21.43]

skipping: [119.81.239.181]

TASK [nginx_sync : Notify] *****************************************************
ok: [168.63.205.43] => {
    "msg": "Syncing bbetasia-nginx"

}
ok: [40.83.120.179] => {
    "msg": "Syncing bbetasia-nginx"
}
ok: [65.52.163.151] => {

    "msg": "Syncing bbetasia-nginx"
}
ok: [23.102.227.165] => {
    "msg": "Syncing bbetasia-nginx"
}

ok: [119.9.91.148] => {
    "msg": "Syncing bbetasia-nginx"
}
ok: [13.70.21.43] => {
    "msg": "Syncing bbetasia-nginx"

}
ok: [119.81.239.181] => {
    "msg": "Syncing bbetasia-nginx"
}


TASK [nginx_sync : include_vars] ***********************************************
ok: [168.63.205.43]
ok: [40.83.120.179]
ok: [65.52.163.151]
ok: [23.102.227.165]

ok: [119.9.91.148]
ok: [13.70.21.43]
ok: [119.81.239.181]

TASK [nginx_sync : Synchronizing Nginx] ****************************************

ok: [23.102.227.165] => (item=conf)
ok: [40.83.120.179] => (item=conf)
ok: [119.9.91.148] => (item=conf)
ok: [168.63.205.43] => (item=conf)
changed: [65.52.163.151] => (item=conf)

changed: [40.83.120.179] => (item=conf.d)
changed: [119.9.91.148] => (item=conf.d)
changed: [23.102.227.165] => (item=conf.d)
changed: [168.63.205.43] => (item=conf.d)
changed: [65.52.163.151] => (item=conf.d)

ok: [40.83.120.179] => (item=data)
ok: [119.9.91.148] => (item=data)
ok: [23.102.227.165] => (item=data)
ok: [168.63.205.43] => (item=data)
ok: [65.52.163.151] => (item=data)

ok: [40.83.120.179] => (item=html)
ok: [119.9.91.148] => (item=html)
ok: [23.102.227.165] => (item=html)
ok: [168.63.205.43] => (item=html)
ok: [65.52.163.151] => (item=html)

ok: [13.70.21.43] => (item=conf)
changed: [119.81.239.181] => (item=conf)
changed: [119.81.239.181] => (item=conf.d)
changed: [13.70.21.43] => (item=conf.d)
ok: [119.81.239.181] => (item=data)

ok: [13.70.21.43] => (item=data)
ok: [119.81.239.181] => (item=html)
ok: [13.70.21.43] => (item=html)

TASK [all_servers : include_vars] **********************************************

ok: [168.63.205.43]
ok: [40.83.120.179]
ok: [65.52.163.151]
ok: [23.102.227.165]
ok: [119.9.91.148]

ok: [13.70.21.43]
ok: [119.81.239.181]

TASK [all_servers : Notify] ****************************************************
ok: [168.63.205.43] => {

    "msg": "Clearing Nginx Cache for bbetasia-nginx"
}
ok: [40.83.120.179] => {
    "msg": "Clearing Nginx Cache for bbetasia-nginx"
}

ok: [65.52.163.151] => {
    "msg": "Clearing Nginx Cache for bbetasia-nginx"
}
ok: [23.102.227.165] => {
    "msg": "Clearing Nginx Cache for bbetasia-nginx"

}
ok: [119.9.91.148] => {
    "msg": "Clearing Nginx Cache for bbetasia-nginx"
}
ok: [13.70.21.43] => {

    "msg": "Clearing Nginx Cache for bbetasia-nginx"
}
ok: [119.81.239.181] => {
    "msg": "Clearing Nginx Cache for bbetasia-nginx"
}


TASK [all_servers : Copying clear_nginxcache.sh to remote hosts] ***************
ok: [65.52.163.151]
ok: [119.9.91.148]
ok: [40.83.120.179]

ok: [23.102.227.165]
ok: [119.81.239.181]
ok: [13.70.21.43]
ok: [168.63.205.43]


TASK [all_servers : Nginx Clear Cache] *****************************************
changed: [40.83.120.179]
changed: [23.102.227.165]
changed: [65.52.163.151]
changed: [119.9.91.148]

changed: [168.63.205.43]
changed: [119.81.239.181]
changed: [13.70.21.43]

TASK [all_servers : debug] *****************************************************

ok: [168.63.205.43] => {
    "script_result.stdout_lines": [
        "-----------------------------------------------------------", 
        "|                 Checking Nginx Config                   |", 
        "-----------------------------------------------------------", 

        "", 
        " nginx -t ", 
        "", 
        "-----------------------------------------------------------", 
        "|                 Stopping Nginx Process                  |", 

        "-----------------------------------------------------------", 
        "", 
        " /usr/bin/killall -9 nginx ", 
        "", 
        "-----------------------------------------------------------", 

        "|                 Clearing Proxy Cache                    |", 
        "-----------------------------------------------------------", 
        "", 
        " /bin/rm -rf /tmp/nginx_cache ", 
        "", 

        "-----------------------------------------------------------", 
        "|                Restarting Nginx Process                 |", 
        "-----------------------------------------------------------", 
        "root       1029  0.0  0.0   9120   552 ?        Ss   Jan10   0:00 /sbin/dhclient -H bbetasia-nginx4.hk.az.monaco1.me -1 -q -lf /var/lib/dhclient/dhclient-eth0.leases -pf /var/run/dhclient-eth0.pid eth0", 
        "root      34544  0.0  0.0 106120  1280 ?        S    09:45   0:00 /bin/bash /bak/bin/clear_nginxcache.sh", 

        "root      34554  0.5  2.6 449444 94764 ?        Ss   09:45   0:00 nginx: master process /usr/local/nginx/sbin/nginx", 
        "nobody    34556  0.5  2.7 451372 98376 ?        S    09:45   0:00 nginx: worker process      ", 
        "nobody    34557  0.0  2.7 451372 98376 ?        S    09:45   0:00 nginx: worker process      ", 
        "nobody    34558  0.0  2.7 451372 98376 ?        S    09:45   0:00 nginx: worker process      ", 
        "nobody    34559  0.0  2.7 451372 98376 ?        S    09:45   0:00 nginx: worker process      ", 

        "nobody    34560  0.0  2.7 449444 95256 ?        S    09:45   0:00 nginx: cache manager process", 
        "nobody    34561  0.0  2.7 449444 95144 ?        S    09:45   0:00 nginx: cache loader process", 
        "root      34563  0.0  0.0 103332   852 ?        S    09:45   0:00 grep nginx", 
        "             total       used       free     shared    buffers     cached", 
        "Mem:          3440       3089        351          2        319       1031", 

        "-/+ buffers/cache:       1737       1703", 
        "Swap:            0          0          0", 
        "-----------------------------------------------------------", 
        "|                     Reload SUCCESS!                     |", 
        "-----------------------------------------------------------"

    ]
}
ok: [40.83.120.179] => {
    "script_result.stdout_lines": [
        "-----------------------------------------------------------", 

        "|                 Checking Nginx Config                   |", 
        "-----------------------------------------------------------", 
        "", 
        " nginx -t ", 
        "", 

        "-----------------------------------------------------------", 
        "|                 Stopping Nginx Process                  |", 
        "-----------------------------------------------------------", 
        "", 
        " /usr/bin/killall -9 nginx ", 

        "", 
        "-----------------------------------------------------------", 
        "|                 Clearing Proxy Cache                    |", 
        "-----------------------------------------------------------", 
        "", 

        " /bin/rm -rf /tmp/nginx_cache ", 
        "", 
        "-----------------------------------------------------------", 
        "|                Restarting Nginx Process                 |", 
        "-----------------------------------------------------------", 

        "root      24961  0.0  0.0 106112  1280 ?        S    09:45   0:00 /bin/bash /bak/bin/clear_nginxcache.sh", 
        "root      24967  0.5  2.6 449908 94768 ?        Ss   09:45   0:00 nginx: master process /usr/local/nginx/sbin/nginx", 
        "nobody    24968  0.0  2.8 451836 99576 ?        S    09:45   0:00 nginx: worker process      ", 
        "nobody    24969  0.0  2.8 451836 99576 ?        S    09:45   0:00 nginx: worker process      ", 
        "nobody    24970  0.0  2.8 451836 99412 ?        S    09:45   0:00 nginx: worker process      ", 

        "nobody    24972  0.0  2.8 451836 99576 ?        S    09:45   0:00 nginx: worker process      ", 
        "nobody    24973  0.0  2.7 449908 95188 ?        S    09:45   0:00 nginx: cache manager process", 
        "nobody    24974  0.0  2.7 449908 95148 ?        S    09:45   0:00 nginx: cache loader process", 
        "root      24980  0.0  0.0 103264   832 ?        S    09:45   0:00 grep nginx", 
        "root     118300  0.0  0.0   9120   644 ?        Ss    2018   0:00 /sbin/dhclient -H bbetasia-nginx9.hk.az.monaco1.me -1 -q -cf /etc/dhcp/dhclient-eth0.conf -lf /var/lib/dhclient/dhclient-eth0.leases -pf /var/run/dhclient-eth0.pid eth0", 

        "             total       used       free     shared    buffers     cached", 
        "Mem:          3440       2888        551          0        245        777", 
        "-/+ buffers/cache:       1866       1574", 
        "Swap:            0          0          0", 
        "-----------------------------------------------------------", 

        "|                     Reload SUCCESS!                     |", 
        "-----------------------------------------------------------"
    ]
}
ok: [65.52.163.151] => {

    "script_result.stdout_lines": [
        "-----------------------------------------------------------", 
        "|                 Checking Nginx Config                   |", 
        "-----------------------------------------------------------", 
        "", 

        " nginx -t ", 
        "", 
        "-----------------------------------------------------------", 
        "|                 Stopping Nginx Process                  |", 
        "-----------------------------------------------------------", 

        "", 
        " /usr/bin/killall -9 nginx ", 
        "", 
        "-----------------------------------------------------------", 
        "|                 Clearing Proxy Cache                    |", 

        "-----------------------------------------------------------", 
        "", 
        " /bin/rm -rf /tmp/nginx_cache ", 
        "", 
        "-----------------------------------------------------------", 

        "|                Restarting Nginx Process                 |", 
        "-----------------------------------------------------------", 
        "root      40217  0.0  0.0 106112  1284 ?        S    09:45   0:00 /bin/bash /bak/bin/clear_nginxcache.sh", 
        "root      40223  0.3  2.3 451144 95700 ?        Ss   09:45   0:00 nginx: master process /usr/local/nginx/sbin/nginx", 
        "nobody    40224  0.0  2.4 453072 99312 ?        S    09:45   0:00 nginx: worker process      ", 

        "nobody    40225  0.0  2.4 453072 99312 ?        S    09:45   0:00 nginx: worker process      ", 
        "nobody    40226  0.0  2.4 453072 99312 ?        S    09:45   0:00 nginx: worker process      ", 
        "nobody    40227  0.0  2.4 453072 99312 ?        S    09:45   0:00 nginx: worker process      ", 
        "nobody    40229  0.0  2.3 451144 96196 ?        S    09:45   0:00 nginx: cache manager process", 
        "nobody    40230  0.0  2.3 451144 96068 ?        S    09:45   0:00 nginx: cache loader process", 

        "root      40232  0.0  0.0 103264   832 ?        S    09:45   0:00 grep nginx", 
        "root      74651  0.0  0.0   9120   644 ?        Ss    2018   0:00 /sbin/dhclient -H bbetasia-nginx12.hk.az.monaco1.me -1 -q -cf /etc/dhcp/dhclient-eth0.conf -lf /var/lib/dhclient/dhclient-eth0.leases -pf /var/run/dhclient-eth0.pid eth0", 
        "             total       used       free     shared    buffers     cached", 
        "Mem:          3944       3507        436          0        248        797", 
        "-/+ buffers/cache:       2460       1483", 

        "Swap:            0          0          0", 
        "-----------------------------------------------------------", 
        "|                     Reload SUCCESS!                     |", 
        "-----------------------------------------------------------"
    ]

}
ok: [23.102.227.165] => {
    "script_result.stdout_lines": [
        "-----------------------------------------------------------", 
        "|                 Checking Nginx Config                   |", 

        "-----------------------------------------------------------", 
        "", 
        " nginx -t ", 
        "", 
        "-----------------------------------------------------------", 

        "|                 Stopping Nginx Process                  |", 
        "-----------------------------------------------------------", 
        "", 
        " /usr/bin/killall -9 nginx ", 
        "", 

        "-----------------------------------------------------------", 
        "|                 Clearing Proxy Cache                    |", 
        "-----------------------------------------------------------", 
        "", 
        " /bin/rm -rf /tmp/nginx_cache ", 

        "", 
        "-----------------------------------------------------------", 
        "|                Restarting Nginx Process                 |", 
        "-----------------------------------------------------------", 
        "root       7647  0.0  0.0   9120   640 ?        Ss    2018   0:00 /sbin/dhclient -H bbetasia-nginx10.hk.az.monaco1.me -1 -q -cf /etc/dhcp/dhclient-eth0.conf -lf /var/lib/dhclient/dhclient-eth0.leases -pf /var/run/dhclient-eth0.pid eth0", 

        "root      95400  0.1  0.0 106112  1284 ?        S    09:45   0:00 /bin/bash /bak/bin/clear_nginxcache.sh", 
        "root      95406  0.3  2.3 449908 94768 ?        Ss   09:45   0:00 nginx: master process /usr/local/nginx/sbin/nginx", 
        "nobody    95408  0.0  2.4 451836 98380 ?        S    09:45   0:00 nginx: worker process      ", 
        "nobody    95409  0.0  2.4 451836 98380 ?        S    09:45   0:00 nginx: worker process      ", 
        "nobody    95410  0.0  2.4 451836 98380 ?        S    09:45   0:00 nginx: worker process      ", 

        "nobody    95411  0.0  2.4 451836 98380 ?        S    09:45   0:00 nginx: worker process      ", 
        "nobody    95412  0.0  2.3 449908 95260 ?        S    09:45   0:00 nginx: cache manager process", 
        "nobody    95413  0.0  2.3 449908 95148 ?        S    09:45   0:00 nginx: cache loader process", 
        "root      95415  0.0  0.0 103264   832 ?        S    09:45   0:00 grep nginx", 
        "             total       used       free     shared    buffers     cached", 

        "Mem:          3944       3708        236          0        261        852", 
        "-/+ buffers/cache:       2595       1349", 
        "Swap:            0          0          0", 
        "-----------------------------------------------------------", 
        "|                     Reload SUCCESS!                     |", 

        "-----------------------------------------------------------"
    ]
}
ok: [119.9.91.148] => {
    "script_result.stdout_lines": [

        "-----------------------------------------------------------", 
        "|                 Checking Nginx Config                   |", 
        "-----------------------------------------------------------", 
        "", 
        " nginx -t ", 

        "", 
        "-----------------------------------------------------------", 
        "|                 Stopping Nginx Process                  |", 
        "-----------------------------------------------------------", 
        "", 

        " /usr/bin/killall -9 nginx ", 
        "", 
        "-----------------------------------------------------------", 
        "|                 Clearing Proxy Cache                    |", 
        "-----------------------------------------------------------", 

        "", 
        " /bin/rm -rf /tmp/nginx_cache ", 
        "", 
        "-----------------------------------------------------------", 
        "|                Restarting Nginx Process                 |", 

        "-----------------------------------------------------------", 
        "root      2976  1.8  0.0 113180  1500 ?        S    09:45   0:00 /bin/bash /bak/bin/clear_nginxcache.sh", 
        "root      2987  0.5  3.8 427500 72140 ?        Ss   09:45   0:00 nginx: master process /usr/local/nginx/sbin/nginx", 
        "nobody    2988  2.0  4.1 430124 77424 ?        S    09:45   0:00 nginx: worker process", 
        "nobody    2990  1.5  4.1 430108 77480 ?        S    09:45   0:00 nginx: worker process", 

        "nobody    2991  0.5  4.1 429964 77380 ?        S    09:45   0:00 nginx: worker process", 
        "nobody    2992  0.5  4.1 429964 77408 ?        S    09:45   0:00 nginx: worker process", 
        "nobody    2993  0.0  3.8 427500 72560 ?        S    09:45   0:00 nginx: cache manager process", 
        "nobody    2994  0.0  3.8 427500 72560 ?        S    09:45   0:00 nginx: cache loader process", 
        "root      2998  0.0  0.0 112708   968 ?        S    09:45   0:00 grep nginx", 

        "              total        used        free      shared  buff/cache   available", 
        "Mem:           1832         290         771         106         770        1242", 
        "Swap:             0           0           0", 
        "-----------------------------------------------------------", 
        "|                     Reload SUCCESS!                     |", 

        "-----------------------------------------------------------"
    ]
}
ok: [13.70.21.43] => {
    "script_result.stdout_lines": [

        "-----------------------------------------------------------", 
        "|                 Checking Nginx Config                   |", 
        "-----------------------------------------------------------", 
        "", 
        " nginx -t ", 

        "", 
        "-----------------------------------------------------------", 
        "|                 Stopping Nginx Process                  |", 
        "-----------------------------------------------------------", 
        "", 

        " /usr/bin/killall -9 nginx ", 
        "", 
        "-----------------------------------------------------------", 
        "|                 Clearing Proxy Cache                    |", 
        "-----------------------------------------------------------", 

        "", 
        " /bin/rm -rf /tmp/nginx_cache ", 
        "", 
        "-----------------------------------------------------------", 
        "|                Restarting Nginx Process                 |", 

        "-----------------------------------------------------------", 
        "root      10133  1.0  0.0 113180  1492 ?        S    09:45   0:00 /bin/bash /bak/bin/clear_nginxcache.sh", 
        "root      10140  0.5  1.7 427500 72148 ?        Ss   09:45   0:00 nginx: master process /usr/local/nginx/sbin/nginx", 
        "nobody    10141  0.5  1.9 431908 77520 ?        S    09:45   0:00 nginx: worker process", 
        "nobody    10143  0.5  1.9 432208 77584 ?        S    09:45   0:00 nginx: worker process", 

        "nobody    10144  0.0  1.9 432048 77520 ?        S    09:45   0:00 nginx: worker process", 
        "nobody    10145  0.5  1.9 431908 77344 ?        S    09:45   0:00 nginx: worker process", 
        "nobody    10146  0.0  1.8 429584 72648 ?        S    09:45   0:00 nginx: cache manager process", 
        "nobody    10147  0.0  1.8 429584 72648 ?        S    09:45   0:00 nginx: cache loader process", 
        "root      10153  0.0  0.0 112708   956 ?        S    09:45   0:00 grep nginx", 

        "              total        used        free      shared  buff/cache   available", 
        "Mem:           3934         270         798         203        2864        3048", 
        "Swap:             0           0           0", 
        "-----------------------------------------------------------", 
        "|                     Reload SUCCESS!                     |", 

        "-----------------------------------------------------------"
    ]
}
ok: [119.81.239.181] => {
    "script_result.stdout_lines": [

        "-----------------------------------------------------------", 
        "|                 Checking Nginx Config                   |", 
        "-----------------------------------------------------------", 
        "", 
        " nginx -t ", 

        "", 
        "-----------------------------------------------------------", 
        "|                 Stopping Nginx Process                  |", 
        "-----------------------------------------------------------", 
        "", 

        " /usr/bin/killall -9 nginx ", 
        "", 
        "-----------------------------------------------------------", 
        "|                 Clearing Proxy Cache                    |", 
        "-----------------------------------------------------------", 

        "", 
        " /bin/rm -rf /tmp/nginx_cache ", 
        "", 
        "-----------------------------------------------------------", 
        "|                Restarting Nginx Process                 |", 

        "-----------------------------------------------------------", 
        "root      9115  0.5  0.0 113180  1496 ?        S    09:45   0:00 /bin/bash /bak/bin/clear_nginxcache.sh", 
        "root      9122  0.0  1.8 427500 72148 ?        Ss   09:45   0:00 nginx: master process /usr/local/nginx/sbin/nginx", 
        "nobody    9123  0.0  1.9 429824 77000 ?        S    09:45   0:00 nginx: worker process", 
        "nobody    9125  0.5  1.9 429824 77416 ?        S    09:45   0:00 nginx: worker process", 

        "nobody    9126  0.0  1.9 429824 75580 ?        S    09:45   0:00 nginx: worker process", 
        "nobody    9127  0.0  1.9 429824 75580 ?        S    09:45   0:00 nginx: worker process", 
        "nobody    9128  0.0  1.8 427500 72572 ?        S    09:45   0:00 nginx: cache manager process", 
        "nobody    9129  0.0  1.8 427500 72572 ?        S    09:45   0:00 nginx: cache loader process", 
        "root      9131  0.0  0.0 112708   956 ?        S    09:45   0:00 grep nginx", 

        "              total        used        free      shared  buff/cache   available", 
        "Mem:           3783        1869         527         193        1387        1404", 
        "Swap:          2047         111        1935", 
        "-----------------------------------------------------------", 
        "|                     Reload SUCCESS!                     |", 

        "-----------------------------------------------------------"
    ]
}

PLAY [127.0.0.1] ***************************************************************


TASK [sync_to_git : Synchronizing Nginx To GIT] ********************************
changed: [127.0.0.1]

TASK [sync_to_git : debug] *****************************************************

ok: [127.0.0.1] => {
    "msg": " [u'[master 9f0121a] thunder', u' 3 files changed, 108 insertions(+), 1 deletion(-)', u' create mode 100644 nginx/conf.d/include/xjw2.0_jsh_masterconfig.include', u'Branch master set up to track remote branch master from origin.']"
}

PLAY [bbetasia-nginx] **********************************************************


PLAY [127.0.0.1] ***************************************************************

PLAY RECAP *********************************************************************
119.81.239.181             : ok=9    changed=2    unreachable=0    failed=0    skipped=2    rescued=0    ignored=0   

119.9.91.148               : ok=9    changed=2    unreachable=0    failed=0    skipped=2    rescued=0    ignored=0   
127.0.0.1                  : ok=2    changed=1    unreachable=0    failed=0    skipped=0    rescued=0    ignored=0   
13.70.21.43                : ok=9    changed=2    unreachable=0    failed=0    skipped=2    rescued=0    ignored=0   
168.63.205.43              : ok=11   changed=2    unreachable=0    failed=0    skipped=0    rescued=0    ignored=0   
23.102.227.165             : ok=11   changed=2    unreachable=0    failed=0    skipped=0    rescued=0    ignored=0   

40.83.120.179              : ok=11   changed=2    unreachable=0    failed=0    skipped=0    rescued=0    ignored=0   
65.52.163.151              : ok=11   changed=2    unreachable=0    failed=0    skipped=0    rescued=0    ignored=0   


ESYNC_WORKER1_COMMAND_END
MAX RETRIES EXECUTED, COMMAND NOT RESPONDING