ESYNC_COMMAND_START

PLAY [Product-XBET__NginxForward] **********************************************

TASK [nginx_sync : Notify] *****************************************************
ok: [207.46.157.209] => {

    "msg": "Syncing Product-XBET__NginxForward"
}
ok: [119.9.108.8] => {
    "msg": "Syncing Product-XBET__NginxForward"
}

ok: [161.202.34.78] => {
    "msg": "Syncing Product-XBET__NginxForward"
}
ok: [52.229.204.245] => {
    "msg": "Syncing Product-XBET__NginxForward"

}

TASK [nginx_sync : include_vars] ***********************************************
ok: [207.46.157.209]
ok: [119.9.108.8]

ok: [161.202.34.78]
ok: [52.229.204.245]

TASK [nginx_sync : Synchronizing Nginx] ****************************************
changed: [119.9.108.8] => (item=conf)

ok: [52.229.204.245] => (item=conf)
ok: [161.202.34.78] => (item=conf)
ok: [207.46.157.209] => (item=conf)
ok: [119.9.108.8] => (item=conf.d)
ok: [207.46.157.209] => (item=conf.d)

ok: [119.9.108.8] => (item=data)
ok: [161.202.34.78] => (item=conf.d)
ok: [207.46.157.209] => (item=data)
ok: [119.9.108.8] => (item=html)
ok: [161.202.34.78] => (item=data)

ok: [207.46.157.209] => (item=html)
ok: [161.202.34.78] => (item=html)
changed: [52.229.204.245] => (item=conf.d)
ok: [52.229.204.245] => (item=data)
ok: [52.229.204.245] => (item=html)


TASK [all_servers : include_vars] **********************************************
ok: [207.46.157.209]
ok: [119.9.108.8]
ok: [161.202.34.78]

ok: [52.229.204.245]

TASK [all_servers : Notify] ****************************************************
ok: [207.46.157.209] => {
    "msg": "Clearing Nginx Cache for Product-XBET__NginxForward"

}
ok: [119.9.108.8] => {
    "msg": "Clearing Nginx Cache for Product-XBET__NginxForward"
}
ok: [161.202.34.78] => {

    "msg": "Clearing Nginx Cache for Product-XBET__NginxForward"
}
ok: [52.229.204.245] => {
    "msg": "Clearing Nginx Cache for Product-XBET__NginxForward"
}


TASK [all_servers : Copying clear_nginxcache.sh to remote hosts] ***************
changed: [161.202.34.78]
changed: [119.9.108.8]
changed: [207.46.157.209]

changed: [52.229.204.245]

TASK [all_servers : Nginx Clear Cache] *****************************************
changed: [119.9.108.8]
changed: [161.202.34.78]

changed: [52.229.204.245]
changed: [207.46.157.209]

TASK [all_servers : debug] *****************************************************
ok: [207.46.157.209] => {

    "script_result.stdout_lines": [
        "-----------------------------------------------------------", 
        "|                 Checking Nginx Config                   |", 
        "-----------------------------------------------------------", 
        "", 

        " nginx -t ", 
        "", 
        "-----------------------------------------------------------", 
        "|                 Stopping Nginx Process                  |", 
        "-----------------------------------------------------------", 

        "", 
        " /usr/bin/killall -9 nginx ", 
        "", 
        "-----------------------------------------------------------", 
        "|                 Clearing Proxy Cache                    |", 

        "-----------------------------------------------------------", 
        "", 
        " /bin/rm -rf /tmp/nginx_cache ", 
        "", 
        "-----------------------------------------------------------", 

        "|                Restarting Nginx Process                 |", 
        "-----------------------------------------------------------", 
        "root       9579  0.0  0.0 106120  1280 ?        S    09:27   0:00 /bin/bash /bak/bin/clear_nginxcache.sh", 
        "root       9609  1.0  3.1 610380 222984 ?       Ss   09:27   0:00 nginx: master process /usr/local/nginx/sbin/nginx", 
        "nobody     9612  4.0  3.3 612308 238576 ?       S    09:27   0:00 nginx: worker process      ", 

        "nobody     9616  3.0  3.3 612308 239744 ?       S    09:27   0:00 nginx: worker process      ", 
        "nobody     9622  2.0  3.2 610380 235464 ?       S    09:27   0:00 nginx: cache manager process", 
        "nobody     9625  0.5  3.2 610380 234320 ?       S    09:27   0:00 nginx: cache loader process", 
        "root       9683  0.0  0.0 103328   852 ?        S    09:27   0:00 grep nginx", 
        "-----------------------------------------------------------", 

        "|                     Reload SUCCESS!                     |", 
        "-----------------------------------------------------------"
    ]
}
ok: [119.9.108.8] => {

    "script_result.stdout_lines": [
        "-----------------------------------------------------------", 
        "|                 Checking Nginx Config                   |", 
        "-----------------------------------------------------------", 
        "", 

        " nginx -t ", 
        "", 
        "-----------------------------------------------------------", 
        "|                 Stopping Nginx Process                  |", 
        "-----------------------------------------------------------", 

        "", 
        " /usr/bin/killall -9 nginx ", 
        "", 
        "-----------------------------------------------------------", 
        "|                 Clearing Proxy Cache                    |", 

        "-----------------------------------------------------------", 
        "", 
        " /bin/rm -rf /tmp/nginx_cache ", 
        "", 
        "-----------------------------------------------------------", 

        "|                Restarting Nginx Process                 |", 
        "-----------------------------------------------------------", 
        "root     21594  0.0  0.0 106084  1428 ?        S    09:27   0:00 /bin/bash /bak/bin/clear_nginxcache.sh", 
        "root     21766  0.3  5.5 610380 223040 ?       Ss   09:27   0:00 nginx: master process /usr/local/nginx/sbin/nginx", 
        "nobody   21768  1.0  5.8 612308 237708 ?       S    09:27   0:00 nginx: worker process      ", 

        "nobody   21769  0.3  5.8 612308 236724 ?       S    09:27   0:00 nginx: worker process      ", 
        "nobody   21770  0.3  5.7 610380 233404 ?       S    09:27   0:00 nginx: cache manager process", 
        "nobody   21771  0.0  5.7 610380 233384 ?       S    09:27   0:00 nginx: cache loader process", 
        "root     21775  0.0  0.0 103324   888 ?        S    09:27   0:00 grep nginx", 
        "-----------------------------------------------------------", 

        "|                     Reload SUCCESS!                     |", 
        "-----------------------------------------------------------"
    ]
}
ok: [161.202.34.78] => {

    "script_result.stdout_lines": [
        "-----------------------------------------------------------", 
        "|                 Checking Nginx Config                   |", 
        "-----------------------------------------------------------", 
        "", 

        " nginx -t ", 
        "", 
        "-----------------------------------------------------------", 
        "|                 Stopping Nginx Process                  |", 
        "-----------------------------------------------------------", 

        "", 
        " /usr/bin/killall -9 nginx ", 
        "", 
        "-----------------------------------------------------------", 
        "|                 Clearing Proxy Cache                    |", 

        "-----------------------------------------------------------", 
        "", 
        " /bin/rm -rf /tmp/nginx_cache ", 
        "", 
        "-----------------------------------------------------------", 

        "|                Restarting Nginx Process                 |", 
        "-----------------------------------------------------------", 
        "root      2985  0.7  0.0 106120  1280 ?        S    09:27   0:00 /bin/bash /bak/bin/clear_nginxcache.sh", 
        "root      3000 13.6  5.4 610376 222980 ?       Ss   09:27   0:00 nginx: master process /usr/local/nginx/sbin/nginx", 
        "nobody    3002  1.0  5.7 612304 234332 ?       S    09:27   0:00 nginx: worker process      ", 

        "nobody    3003  0.6  5.7 612304 234528 ?       S    09:27   0:00 nginx: worker process      ", 
        "nobody    3004  0.3  5.6 610376 231216 ?       S    09:27   0:00 nginx: cache manager process", 
        "nobody    3005  0.3  5.6 610376 231180 ?       S    09:27   0:00 nginx: cache loader process", 
        "root      3007  0.0  0.0 103328   844 ?        S    09:27   0:00 grep nginx", 
        "-----------------------------------------------------------", 

        "|                     Reload SUCCESS!                     |", 
        "-----------------------------------------------------------"
    ]
}
ok: [52.229.204.245] => {

    "script_result.stdout_lines": [
        "-----------------------------------------------------------", 
        "|                 Checking Nginx Config                   |", 
        "-----------------------------------------------------------", 
        "", 

        " nginx -t ", 
        "", 
        "-----------------------------------------------------------", 
        "|                 Stopping Nginx Process                  |", 
        "-----------------------------------------------------------", 

        "", 
        " /usr/bin/killall -9 nginx ", 
        "", 
        "-----------------------------------------------------------", 
        "|                 Clearing Proxy Cache                    |", 

        "-----------------------------------------------------------", 
        "", 
        " /bin/rm -rf /tmp/nginx_cache ", 
        "", 
        "-----------------------------------------------------------", 

        "|                Restarting Nginx Process                 |", 
        "-----------------------------------------------------------", 
        "root      19734  0.0  0.0 110372  1624 ?        Ss   09:24   0:00 rsync --server -logDtprze.iLsfxC --log-format=%i --delete-after --delay-updates . /usr/local/nginx/conf.d/", 
        "root      19753  0.0  0.0 110632   936 ?        S    09:24   0:00 rsync --server -logDtprze.iLsfxC --log-format=%i --delete-after --delay-updates . /usr/local/nginx/conf.d/", 
        "root      20899  0.0  0.0 106112  1284 ?        S    09:27   0:00 /bin/bash /bak/bin/clear_nginxcache.sh", 

        "root      21045  1.0  2.7 612232 224100 ?       Ss   09:27   0:00 nginx: master process /usr/local/nginx/sbin/nginx", 
        "nobody    21046  1.0  2.8 614160 232888 ?       S    09:27   0:00 nginx: worker process      ", 
        "nobody    21047  1.0  2.8 614160 232952 ?       S    09:27   0:00 nginx: worker process      ", 
        "nobody    21049  0.0  2.7 612232 224888 ?       S    09:27   0:00 nginx: cache manager process", 
        "nobody    21050  0.0  2.7 612232 227884 ?       S    09:27   0:00 nginx: cache loader process", 

        "root      21052  0.0  0.0 103264   832 ?        R    09:27   0:00 grep nginx", 
        "-----------------------------------------------------------", 
        "|                     Reload SUCCESS!                     |", 
        "-----------------------------------------------------------"
    ]

}

PLAY [127.0.0.1] ***************************************************************

TASK [sync_to_git : Synchronizing Nginx To GIT] ********************************

changed: [127.0.0.1]

TASK [sync_to_git : debug] *****************************************************
ok: [127.0.0.1] => {
    "script_result.stdout_lines": [

        "# On branch master", 
        "# Changes not staged for commit:", 
        "#   (use \"git add/rm <file>...\" to update what will be committed)", 
        "#   (use \"git checkout -- <file>...\" to discard changes in working directory)", 
        "#", 

        "#\tdeleted:    nginx/conf.d/other/17play.org.conf", 
        "#\tdeleted:    nginx/conf.d/other/ptfish-OLD.conf", 
        "#\tdeleted:    nginx/conf/.nginx.conf.swp", 
        "#", 
        "no changes added to commit (use \"git add\" and/or \"git commit -a\")", 

        "Branch master set up to track remote branch master from origin."
    ]
}

PLAY RECAP *********************************************************************

119.9.108.8                : ok=8    changed=3    unreachable=0    failed=0   
127.0.0.1                  : ok=2    changed=1    unreachable=0    failed=0   
161.202.34.78              : ok=8    changed=2    unreachable=0    failed=0   
207.46.157.209             : ok=8    changed=2    unreachable=0    failed=0   
52.229.204.245             : ok=8    changed=3    unreachable=0    failed=0   



ESYNC_COMMAND_END
MAX RETRIES EXECUTED, COMMAND NOT RESPONDING