ESYNC_COMMAND_START

PLAY [Product-XBET__NginxForward] **********************************************

TASK [nginx_sync : Notify] *****************************************************
ok: [207.46.157.209] => {

    "msg": "Syncing Product-XBET__NginxForward"
}
ok: [119.9.108.8] => {
    "msg": "Syncing Product-XBET__NginxForward"
}

ok: [161.202.34.78] => {
    "msg": "Syncing Product-XBET__NginxForward"
}
ok: [52.229.204.245] => {
    "msg": "Syncing Product-XBET__NginxForward"

}

TASK [nginx_sync : include_vars] ***********************************************
ok: [207.46.157.209]
ok: [119.9.108.8]

ok: [161.202.34.78]
ok: [52.229.204.245]

TASK [nginx_sync : Synchronizing Nginx] ****************************************
ok: [119.9.108.8] => (item=conf)

ok: [161.202.34.78] => (item=conf)
ok: [52.229.204.245] => (item=conf)
ok: [207.46.157.209] => (item=conf)
changed: [161.202.34.78] => (item=conf.d)
changed: [52.229.204.245] => (item=conf.d)

changed: [119.9.108.8] => (item=conf.d)
ok: [161.202.34.78] => (item=data)
ok: [52.229.204.245] => (item=data)
ok: [119.9.108.8] => (item=data)
ok: [161.202.34.78] => (item=html)

ok: [52.229.204.245] => (item=html)
ok: [119.9.108.8] => (item=html)
changed: [207.46.157.209] => (item=conf.d)
ok: [207.46.157.209] => (item=data)
ok: [207.46.157.209] => (item=html)


TASK [all_servers : include_vars] **********************************************
ok: [207.46.157.209]
ok: [119.9.108.8]
ok: [161.202.34.78]

ok: [52.229.204.245]

TASK [all_servers : Notify] ****************************************************
ok: [207.46.157.209] => {
    "msg": "Clearing Nginx Cache for Product-XBET__NginxForward"

}
ok: [119.9.108.8] => {
    "msg": "Clearing Nginx Cache for Product-XBET__NginxForward"
}
ok: [161.202.34.78] => {

    "msg": "Clearing Nginx Cache for Product-XBET__NginxForward"
}
ok: [52.229.204.245] => {
    "msg": "Clearing Nginx Cache for Product-XBET__NginxForward"
}


TASK [all_servers : Copying clear_nginxcache.sh to remote hosts] ***************
ok: [119.9.108.8]
ok: [52.229.204.245]
ok: [161.202.34.78]

ok: [207.46.157.209]

TASK [all_servers : Nginx Clear Cache] *****************************************
changed: [119.9.108.8]
changed: [161.202.34.78]

changed: [52.229.204.245]
changed: [207.46.157.209]

TASK [all_servers : debug] *****************************************************
ok: [207.46.157.209] => {

    "script_result.stdout_lines": [
        "-----------------------------------------------------------", 
        "|                 Checking Nginx Config                   |", 
        "-----------------------------------------------------------", 
        "", 

        " nginx -t ", 
        "", 
        "-----------------------------------------------------------", 
        "|                 Stopping Nginx Process                  |", 
        "-----------------------------------------------------------", 

        "", 
        " /usr/bin/killall -9 nginx ", 
        "", 
        "-----------------------------------------------------------", 
        "|                 Clearing Proxy Cache                    |", 

        "-----------------------------------------------------------", 
        "", 
        " /bin/rm -rf /tmp/nginx_cache ", 
        "", 
        "-----------------------------------------------------------", 

        "|                Restarting Nginx Process                 |", 
        "-----------------------------------------------------------", 
        "root      83698  0.0  0.0 106120  1284 ?        S    12:45   0:00 /bin/bash /bak/bin/clear_nginxcache.sh", 
        "root      83719  1.3  3.1 610284 222888 ?       Ss   12:45   0:00 nginx: master process /usr/local/nginx/sbin/nginx", 
        "nobody    83720  0.6  3.3 612212 238592 ?       S    12:45   0:00 nginx: worker process      ", 

        "nobody    83721  0.6  3.3 612212 238552 ?       S    12:45   0:00 nginx: worker process      ", 
        "nobody    83723  1.0  3.3 612212 238516 ?       S    12:45   0:00 nginx: worker process      ", 
        "nobody    83724  0.6  3.3 612212 238516 ?       S    12:45   0:00 nginx: worker process      ", 
        "nobody    83725  0.6  3.2 610284 235472 ?       S    12:45   0:00 nginx: cache manager process", 
        "nobody    83726  0.6  3.2 610284 235452 ?       S    12:45   0:00 nginx: cache loader process", 

        "root      83728  0.0  0.0 103328   856 ?        S    12:45   0:00 grep nginx", 
        "             total       used       free     shared    buffers     cached", 
        "Mem:          6976       3343       3632         13        409       2062", 
        "-/+ buffers/cache:        871       6104", 
        "Swap:            0          0          0", 

        "-----------------------------------------------------------", 
        "|                     Reload SUCCESS!                     |", 
        "-----------------------------------------------------------"
    ]
}

ok: [119.9.108.8] => {
    "script_result.stdout_lines": [
        "-----------------------------------------------------------", 
        "|                 Checking Nginx Config                   |", 
        "-----------------------------------------------------------", 

        "", 
        " nginx -t ", 
        "", 
        "-----------------------------------------------------------", 
        "|                 Stopping Nginx Process                  |", 

        "-----------------------------------------------------------", 
        "", 
        " /usr/bin/killall -9 nginx ", 
        "", 
        "-----------------------------------------------------------", 

        "|                 Clearing Proxy Cache                    |", 
        "-----------------------------------------------------------", 
        "", 
        " /bin/rm -rf /tmp/nginx_cache ", 
        "", 

        "-----------------------------------------------------------", 
        "|                Restarting Nginx Process                 |", 
        "-----------------------------------------------------------", 
        "root     12599  0.0  0.0 106084  1428 ?        S    12:45   0:00 /bin/bash /bak/bin/clear_nginxcache.sh", 
        "root     12610  0.6  5.5 610284 222948 ?       Ss   12:45   0:00 nginx: master process /usr/local/nginx/sbin/nginx", 

        "nobody   12611  0.3  5.8 612212 236444 ?       S    12:45   0:00 nginx: worker process      ", 
        "nobody   12613  0.3  5.8 612212 236432 ?       S    12:45   0:00 nginx: worker process      ", 
        "nobody   12614  0.0  5.8 612212 236392 ?       S    12:45   0:00 nginx: worker process      ", 
        "nobody   12615  0.0  5.8 612212 236392 ?       S    12:45   0:00 nginx: worker process      ", 
        "nobody   12616  0.0  5.7 610284 233348 ?       S    12:45   0:00 nginx: cache manager process", 

        "nobody   12617  0.0  5.7 610284 233328 ?       S    12:45   0:00 nginx: cache loader process", 
        "root     12621  0.0  0.0 103324   884 ?        S    12:45   0:00 grep nginx", 
        "             total       used       free     shared    buffers     cached", 
        "Mem:          3954       3131        822         11        212        384", 
        "-/+ buffers/cache:       2534       1419", 

        "Swap:            0          0          0", 
        "-----------------------------------------------------------", 
        "|                     Reload SUCCESS!                     |", 
        "-----------------------------------------------------------"
    ]

}
ok: [161.202.34.78] => {
    "script_result.stdout_lines": [
        "-----------------------------------------------------------", 
        "|                 Checking Nginx Config                   |", 

        "-----------------------------------------------------------", 
        "", 
        " nginx -t ", 
        "", 
        "-----------------------------------------------------------", 

        "|                 Stopping Nginx Process                  |", 
        "-----------------------------------------------------------", 
        "", 
        " /usr/bin/killall -9 nginx ", 
        "", 

        "-----------------------------------------------------------", 
        "|                 Clearing Proxy Cache                    |", 
        "-----------------------------------------------------------", 
        "", 
        " /bin/rm -rf /tmp/nginx_cache ", 

        "", 
        "-----------------------------------------------------------", 
        "|                Restarting Nginx Process                 |", 
        "-----------------------------------------------------------", 
        "root     29872  0.6  0.0 106120  1284 ?        S    12:45   0:00 /bin/bash /bak/bin/clear_nginxcache.sh", 

        "root     29878 20.3  5.4 610284 222892 ?       Ss   12:45   0:00 nginx: master process /usr/local/nginx/sbin/nginx", 
        "nobody   29880  0.6  5.7 612212 234260 ?       S    12:45   0:00 nginx: worker process      ", 
        "nobody   29881  0.6  5.7 612212 234200 ?       S    12:45   0:00 nginx: worker process      ", 
        "nobody   29882  0.6  5.7 612212 234200 ?       S    12:45   0:00 nginx: worker process      ", 
        "nobody   29883  1.0  5.7 612212 234200 ?       S    12:45   0:00 nginx: worker process      ", 

        "nobody   29884  0.5  5.6 610284 231156 ?       S    12:45   0:00 nginx: cache manager process", 
        "nobody   29885  0.5  5.6 610284 231120 ?       S    12:45   0:00 nginx: cache loader process", 
        "root     29887  0.0  0.0 103328   848 ?        S    12:45   0:00 grep nginx", 
        "             total       used       free     shared    buffers     cached", 
        "Mem:          4009       2108       1901          9        563        888", 

        "-/+ buffers/cache:        656       3353", 
        "Swap:         2047          0       2047", 
        "-----------------------------------------------------------", 
        "|                     Reload SUCCESS!                     |", 
        "-----------------------------------------------------------"

    ]
}
ok: [52.229.204.245] => {
    "script_result.stdout_lines": [
        "-----------------------------------------------------------", 

        "|                 Checking Nginx Config                   |", 
        "-----------------------------------------------------------", 
        "", 
        " nginx -t ", 
        "", 

        "-----------------------------------------------------------", 
        "|                 Stopping Nginx Process                  |", 
        "-----------------------------------------------------------", 
        "", 
        " /usr/bin/killall -9 nginx ", 

        "", 
        "-----------------------------------------------------------", 
        "|                 Clearing Proxy Cache                    |", 
        "-----------------------------------------------------------", 
        "", 

        " /bin/rm -rf /tmp/nginx_cache ", 
        "", 
        "-----------------------------------------------------------", 
        "|                Restarting Nginx Process                 |", 
        "-----------------------------------------------------------", 

        "root      33661  0.0  0.0 106112  1284 ?        S    12:45   0:00 /bin/bash /bak/bin/clear_nginxcache.sh", 
        "root      33667  2.0  2.7 612136 224004 ?       Ss   12:45   0:00 nginx: master process /usr/local/nginx/sbin/nginx", 
        "nobody    33668  1.0  2.8 614064 232868 ?       S    12:45   0:00 nginx: worker process      ", 
        "nobody    33670  0.5  2.8 614064 231564 ?       S    12:45   0:00 nginx: worker process      ", 
        "nobody    33671  0.0  2.8 614064 231564 ?       S    12:45   0:00 nginx: worker process      ", 

        "nobody    33672  0.5  2.8 614064 232588 ?       S    12:45   0:00 nginx: worker process      ", 
        "nobody    33673  0.0  2.7 612136 228492 ?       S    12:45   0:00 nginx: cache manager process", 
        "nobody    33674  0.0  2.7 612136 228444 ?       S    12:45   0:00 nginx: cache loader process", 
        "root      33676  0.0  0.0 103264   836 ?        S    12:45   0:00 grep nginx", 
        "             total       used       free     shared    buffers     cached", 

        "Mem:          7984       1499       6484          0        287        492", 
        "-/+ buffers/cache:        719       7264", 
        "Swap:            0          0          0", 
        "-----------------------------------------------------------", 
        "|                     Reload SUCCESS!                     |", 

        "-----------------------------------------------------------"
    ]
}

PLAY [127.0.0.1] ***************************************************************


TASK [sync_to_git : Synchronizing Nginx To GIT] ********************************
changed: [127.0.0.1]

TASK [sync_to_git : debug] *****************************************************

ok: [127.0.0.1] => {
    "script_result.stdout_lines": [
        "[master 7d03617] aaron.navarro", 
        " 1 file changed, 19 insertions(+), 1 deletion(-)", 
        "Branch master set up to track remote branch master from origin."

    ]
}

PLAY RECAP *********************************************************************
119.9.108.8                : ok=8    changed=2    unreachable=0    failed=0   

127.0.0.1                  : ok=2    changed=1    unreachable=0    failed=0   
161.202.34.78              : ok=8    changed=2    unreachable=0    failed=0   
207.46.157.209             : ok=8    changed=2    unreachable=0    failed=0   
52.229.204.245             : ok=8    changed=2    unreachable=0    failed=0   



ESYNC_COMMAND_END
MAX RETRIES EXECUTED, COMMAND NOT RESPONDING