--- /srv/Product-XBET__NginxForward/nginx/conf.d/other/xbet.com.conf	2018-09-26 12:40:12.293631446 +0800
+++ /tmp/xbet.com.conf	2018-09-26 12:45:04.934631446 +0800
@@ -1,7 +1,7 @@
 
  server {
     listen       80;#HTTP Port
-    server_name  .xbet.com;
+    server_name  .xbet.com .xbet1996.com .xbet188.com;
     rewrite  ^(.*)$ https://www.xingtou.com$1      permanent; 
 }
 
@@ -14,3 +14,21 @@
     ssl_certificate_key /usr/local/nginx/conf.d/ssl/xbet.com/privkey.pem;
 }
 
+server {
+    listen       443;#HTTP Port
+    server_name  .xbet188.com;
+    rewrite  ^(.*)$ https://www.xingtou.com$1      permanent; 
+    ssl on;
+    ssl_certificate /usr/local/nginx/conf.d/ssl/xbet188.com/fullchain.pem;
+    ssl_certificate_key /usr/local/nginx/conf.d/ssl/xbet188.com/privkey.pem;
+}
+
+server {
+    listen       443;#HTTP Port
+    server_name  .xbet1996.com;
+    rewrite  ^(.*)$ https://www.xingtou.com$1      permanent; 
+    ssl on;
+    ssl_certificate /usr/local/nginx/conf.d/ssl/xbet1996.com/fullchain.pem;
+    ssl_certificate_key /usr/local/nginx/conf.d/ssl/xbet1996.com/privkey.pem;
+}
+

