ESYNC_COMMAND_START

PLAY [Product-XBET__NginxForward] **********************************************

TASK [nginx_sync : Notify] *****************************************************
ok: [207.46.157.209] => {

    "msg": "Syncing Product-XBET__NginxForward"
}
ok: [119.9.108.8] => {
    "msg": "Syncing Product-XBET__NginxForward"
}

ok: [161.202.34.78] => {
    "msg": "Syncing Product-XBET__NginxForward"
}
ok: [52.229.204.245] => {
    "msg": "Syncing Product-XBET__NginxForward"

}

TASK [nginx_sync : include_vars] ***********************************************
ok: [207.46.157.209]
ok: [119.9.108.8]

ok: [161.202.34.78]
ok: [52.229.204.245]

TASK [nginx_sync : Synchronizing Nginx] ****************************************
changed: [119.9.108.8] => (item=conf)

ok: [207.46.157.209] => (item=conf)
ok: [52.229.204.245] => (item=conf)
ok: [161.202.34.78] => (item=conf)
changed: [207.46.157.209] => (item=conf.d)
changed: [119.9.108.8] => (item=conf.d)

changed: [161.202.34.78] => (item=conf.d)
ok: [207.46.157.209] => (item=data)
ok: [119.9.108.8] => (item=data)
ok: [161.202.34.78] => (item=data)
ok: [207.46.157.209] => (item=html)

ok: [119.9.108.8] => (item=html)
ok: [161.202.34.78] => (item=html)
changed: [52.229.204.245] => (item=conf.d)
ok: [52.229.204.245] => (item=data)
ok: [52.229.204.245] => (item=html)


TASK [all_servers : include_vars] **********************************************
ok: [207.46.157.209]
ok: [119.9.108.8]
ok: [161.202.34.78]

ok: [52.229.204.245]

TASK [all_servers : Notify] ****************************************************
ok: [207.46.157.209] => {
    "msg": "Clearing Nginx Cache for Product-XBET__NginxForward"

}
ok: [119.9.108.8] => {
    "msg": "Clearing Nginx Cache for Product-XBET__NginxForward"
}
ok: [161.202.34.78] => {

    "msg": "Clearing Nginx Cache for Product-XBET__NginxForward"
}
ok: [52.229.204.245] => {
    "msg": "Clearing Nginx Cache for Product-XBET__NginxForward"
}


TASK [all_servers : Copying clear_nginxcache.sh to remote hosts] ***************
ok: [119.9.108.8]
ok: [161.202.34.78]
ok: [207.46.157.209]

ok: [52.229.204.245]

TASK [all_servers : Nginx Clear Cache] *****************************************
changed: [119.9.108.8]
changed: [207.46.157.209]

changed: [52.229.204.245]
changed: [161.202.34.78]

TASK [all_servers : debug] *****************************************************
ok: [207.46.157.209] => {

    "script_result.stdout_lines": [
        "-----------------------------------------------------------", 
        "|                 Checking Nginx Config                   |", 
        "-----------------------------------------------------------", 
        "", 

        " nginx -t ", 
        "", 
        "-----------------------------------------------------------", 
        "|                 Stopping Nginx Process                  |", 
        "-----------------------------------------------------------", 

        "", 
        " /usr/bin/killall -9 nginx ", 
        "", 
        "-----------------------------------------------------------", 
        "|                 Clearing Proxy Cache                    |", 

        "-----------------------------------------------------------", 
        "", 
        " /bin/rm -rf /tmp/nginx_cache ", 
        "", 
        "-----------------------------------------------------------", 

        "|                Restarting Nginx Process                 |", 
        "-----------------------------------------------------------", 
        "root      39233  0.0  0.0 106120  1284 ?        S    15:29   0:00 /bin/bash /bak/bin/clear_nginxcache.sh", 
        "root      39247  1.0  3.1 610316 222920 ?       Ss   15:29   0:00 nginx: master process /usr/local/nginx/sbin/nginx", 
        "nobody    39249  1.3  3.3 612244 240432 ?       S    15:29   0:00 nginx: worker process      ", 

        "nobody    39250  1.6  3.3 612244 240368 ?       S    15:29   0:00 nginx: worker process      ", 
        "nobody    39251  1.3  3.3 612244 240364 ?       S    15:29   0:00 nginx: worker process      ", 
        "nobody    39252  1.3  3.3 612244 240340 ?       S    15:29   0:00 nginx: worker process      ", 
        "nobody    39253  0.6  3.3 610316 236108 ?       S    15:29   0:00 nginx: cache manager process", 
        "nobody    39254  0.3  3.3 610316 236088 ?       S    15:29   0:00 nginx: cache loader process", 

        "root      39259  0.0  0.0 103328   852 ?        S    15:29   0:00 grep nginx", 
        "             total       used       free     shared    buffers     cached", 
        "Mem:          6976       2219       4756         14        386        925", 
        "-/+ buffers/cache:        907       6068", 
        "Swap:            0          0          0", 

        "-----------------------------------------------------------", 
        "|                     Reload SUCCESS!                     |", 
        "-----------------------------------------------------------"
    ]
}

ok: [119.9.108.8] => {
    "script_result.stdout_lines": [
        "-----------------------------------------------------------", 
        "|                 Checking Nginx Config                   |", 
        "-----------------------------------------------------------", 

        "", 
        " nginx -t ", 
        "", 
        "-----------------------------------------------------------", 
        "|                 Stopping Nginx Process                  |", 

        "-----------------------------------------------------------", 
        "", 
        " /usr/bin/killall -9 nginx ", 
        "", 
        "-----------------------------------------------------------", 

        "|                 Clearing Proxy Cache                    |", 
        "-----------------------------------------------------------", 
        "", 
        " /bin/rm -rf /tmp/nginx_cache ", 
        "", 

        "-----------------------------------------------------------", 
        "|                Restarting Nginx Process                 |", 
        "-----------------------------------------------------------", 
        "root     10323  0.0  0.0 106084  1424 ?        S    15:29   0:00 /bin/bash /bak/bin/clear_nginxcache.sh", 
        "root     10334  0.3  5.5 610316 222980 ?       Ss   15:29   0:00 nginx: master process /usr/local/nginx/sbin/nginx", 

        "nobody   10336  0.6  5.8 612244 238184 ?       S    15:29   0:00 nginx: worker process      ", 
        "nobody   10337  0.6  5.8 612244 238120 ?       S    15:29   0:00 nginx: worker process      ", 
        "nobody   10338  0.6  5.8 612244 238176 ?       S    15:29   0:00 nginx: worker process      ", 
        "nobody   10339  0.6  5.8 612244 238116 ?       S    15:29   0:00 nginx: worker process      ", 
        "nobody   10340  0.3  5.7 610316 233892 ?       S    15:29   0:00 nginx: cache manager process", 

        "nobody   10341  0.3  5.7 610316 233872 ?       S    15:29   0:00 nginx: cache loader process", 
        "root     10345  0.0  0.0 103324   884 ?        R    15:29   0:00 grep nginx", 
        "             total       used       free     shared    buffers     cached", 
        "Mem:          3954       3348        605         12        212        351", 
        "-/+ buffers/cache:       2784       1169", 

        "Swap:            0          0          0", 
        "-----------------------------------------------------------", 
        "|                     Reload SUCCESS!                     |", 
        "-----------------------------------------------------------"
    ]

}
ok: [161.202.34.78] => {
    "script_result.stdout_lines": [
        "-----------------------------------------------------------", 
        "|                 Checking Nginx Config                   |", 

        "-----------------------------------------------------------", 
        "", 
        " nginx -t ", 
        "", 
        "-----------------------------------------------------------", 

        "|                 Stopping Nginx Process                  |", 
        "-----------------------------------------------------------", 
        "", 
        " /usr/bin/killall -9 nginx ", 
        "", 

        "-----------------------------------------------------------", 
        "|                 Clearing Proxy Cache                    |", 
        "-----------------------------------------------------------", 
        "", 
        " /bin/rm -rf /tmp/nginx_cache ", 

        "", 
        "-----------------------------------------------------------", 
        "|                Restarting Nginx Process                 |", 
        "-----------------------------------------------------------", 
        "root      6777  1.5  0.0 106120  1284 ?        S    15:29   0:00 /bin/bash /bak/bin/clear_nginxcache.sh", 

        "root      6788 33.6  5.4 610316 222916 ?       Ss   15:29   0:01 nginx: master process /usr/local/nginx/sbin/nginx", 
        "nobody    6790  2.0  5.7 612244 235744 ?       S    15:29   0:00 nginx: worker process      ", 
        "nobody    6791  1.6  5.7 612244 234496 ?       S    15:29   0:00 nginx: worker process      ", 
        "nobody    6792  2.5  5.7 612244 234496 ?       S    15:29   0:00 nginx: worker process      ", 
        "nobody    6793  2.5  5.7 612244 234496 ?       S    15:29   0:00 nginx: worker process      ", 

        "nobody    6794  1.5  5.6 610316 231452 ?       S    15:29   0:00 nginx: cache manager process", 
        "nobody    6795  2.0  5.6 610316 231352 ?       S    15:29   0:00 nginx: cache loader process", 
        "root      6797  0.0  0.0 103328   844 ?        S    15:29   0:00 grep nginx", 
        "             total       used       free     shared    buffers     cached", 
        "Mem:          4009       1842       2166         10        413        812", 

        "-/+ buffers/cache:        616       3392", 
        "Swap:         2047          0       2047", 
        "-----------------------------------------------------------", 
        "|                     Reload SUCCESS!                     |", 
        "-----------------------------------------------------------"

    ]
}
ok: [52.229.204.245] => {
    "script_result.stdout_lines": [
        "-----------------------------------------------------------", 

        "|                 Checking Nginx Config                   |", 
        "-----------------------------------------------------------", 
        "", 
        " nginx -t ", 
        "", 

        "-----------------------------------------------------------", 
        "|                 Stopping Nginx Process                  |", 
        "-----------------------------------------------------------", 
        "", 
        " /usr/bin/killall -9 nginx ", 

        "", 
        "-----------------------------------------------------------", 
        "|                 Clearing Proxy Cache                    |", 
        "-----------------------------------------------------------", 
        "", 

        " /bin/rm -rf /tmp/nginx_cache ", 
        "", 
        "-----------------------------------------------------------", 
        "|                Restarting Nginx Process                 |", 
        "-----------------------------------------------------------", 

        "root     117022  0.0  0.0 106112  1284 ?        S    15:29   0:00 /bin/bash /bak/bin/clear_nginxcache.sh", 
        "root     117028  2.0  2.7 612168 224032 ?       Ss   15:29   0:00 nginx: master process /usr/local/nginx/sbin/nginx", 
        "nobody   117029  1.0  2.8 614096 233084 ?       S    15:29   0:00 nginx: worker process      ", 
        "nobody   117030  1.0  2.8 614096 233116 ?       S    15:29   0:00 nginx: worker process      ", 
        "nobody   117032  1.0  2.8 614364 233132 ?       S    15:29   0:00 nginx: worker process      ", 

        "nobody   117033  1.0  2.8 614096 233108 ?       S    15:29   0:00 nginx: worker process      ", 
        "nobody   117034  0.0  2.7 612168 228712 ?       S    15:29   0:00 nginx: cache manager process", 
        "nobody   117035  0.0  2.7 612168 228668 ?       S    15:29   0:00 nginx: cache loader process", 
        "root     117037  0.0  0.0 103264   832 ?        R    15:29   0:00 grep nginx", 
        "             total       used       free     shared    buffers     cached", 

        "Mem:          7984       2132       5852          0        346        958", 
        "-/+ buffers/cache:        827       7156", 
        "Swap:            0          0          0", 
        "-----------------------------------------------------------", 
        "|                     Reload SUCCESS!                     |", 

        "-----------------------------------------------------------"
    ]
}

PLAY [127.0.0.1] ***************************************************************


TASK [sync_to_git : Synchronizing Nginx To GIT] ********************************
changed: [127.0.0.1]

TASK [sync_to_git : debug] *****************************************************

ok: [127.0.0.1] => {
    "script_result.stdout_lines": [
        "[master fc80e32] aaron.navarro", 
        " 1 file changed, 14 insertions(+)", 
        "Branch master set up to track remote branch master from origin."

    ]
}

PLAY [Product-XBET__NginxForward] **********************************************


PLAY [127.0.0.1] ***************************************************************

PLAY RECAP *********************************************************************
119.9.108.8                : ok=8    changed=2    unreachable=0    failed=0   
127.0.0.1                  : ok=2    changed=1    unreachable=0    failed=0   

161.202.34.78              : ok=8    changed=2    unreachable=0    failed=0   
207.46.157.209             : ok=8    changed=2    unreachable=0    failed=0   
52.229.204.245             : ok=8    changed=2    unreachable=0    failed=0   


ESYNC_COMMAND_END
MAX RETRIES EXECUTED, COMMAND NOT RESPONDING