ESYNC_COMMAND_START

PLAY [Product-XBET__NginxForward] **********************************************

TASK [nginx_sync : Notify] *****************************************************
ok: [207.46.157.209] => {

    "msg": "Syncing Product-XBET__NginxForward"
}
ok: [119.9.108.8] => {
    "msg": "Syncing Product-XBET__NginxForward"
}

ok: [161.202.34.78] => {
    "msg": "Syncing Product-XBET__NginxForward"
}
ok: [52.229.204.245] => {
    "msg": "Syncing Product-XBET__NginxForward"

}

TASK [nginx_sync : include_vars] ***********************************************
ok: [207.46.157.209]
ok: [119.9.108.8]

ok: [161.202.34.78]
ok: [52.229.204.245]

TASK [nginx_sync : Synchronizing Nginx] ****************************************
ok: [207.46.157.209] => (item=conf)

ok: [161.202.34.78] => (item=conf)
ok: [119.9.108.8] => (item=conf)
ok: [52.229.204.245] => (item=conf)
changed: [52.229.204.245] => (item=conf.d)
changed: [161.202.34.78] => (item=conf.d)

ok: [52.229.204.245] => (item=data)
ok: [161.202.34.78] => (item=data)
changed: [119.9.108.8] => (item=conf.d)
ok: [52.229.204.245] => (item=html)
ok: [161.202.34.78] => (item=html)

ok: [119.9.108.8] => (item=data)
ok: [119.9.108.8] => (item=html)
changed: [207.46.157.209] => (item=conf.d)
ok: [207.46.157.209] => (item=data)
ok: [207.46.157.209] => (item=html)


TASK [all_servers : include_vars] **********************************************
ok: [207.46.157.209]
ok: [119.9.108.8]
ok: [161.202.34.78]

ok: [52.229.204.245]

TASK [all_servers : Notify] ****************************************************
ok: [207.46.157.209] => {
    "msg": "Clearing Nginx Cache for Product-XBET__NginxForward"

}
ok: [119.9.108.8] => {
    "msg": "Clearing Nginx Cache for Product-XBET__NginxForward"
}
ok: [161.202.34.78] => {

    "msg": "Clearing Nginx Cache for Product-XBET__NginxForward"
}
ok: [52.229.204.245] => {
    "msg": "Clearing Nginx Cache for Product-XBET__NginxForward"
}


TASK [all_servers : Copying clear_nginxcache.sh to remote hosts] ***************
ok: [119.9.108.8]
ok: [207.46.157.209]
ok: [52.229.204.245]

ok: [161.202.34.78]

TASK [all_servers : Nginx Clear Cache] *****************************************
changed: [119.9.108.8]
changed: [161.202.34.78]

changed: [52.229.204.245]
changed: [207.46.157.209]

TASK [all_servers : debug] *****************************************************
ok: [207.46.157.209] => {

    "script_result.stdout_lines": [
        "-----------------------------------------------------------", 
        "|                 Checking Nginx Config                   |", 
        "-----------------------------------------------------------", 
        "", 

        " nginx -t ", 
        "", 
        "-----------------------------------------------------------", 
        "|                 Stopping Nginx Process                  |", 
        "-----------------------------------------------------------", 

        "", 
        " /usr/bin/killall -9 nginx ", 
        "", 
        "-----------------------------------------------------------", 
        "|                 Clearing Proxy Cache                    |", 

        "-----------------------------------------------------------", 
        "", 
        " /bin/rm -rf /tmp/nginx_cache ", 
        "", 
        "-----------------------------------------------------------", 

        "|                Restarting Nginx Process                 |", 
        "-----------------------------------------------------------", 
        "root      82151  0.0  0.0 106120  1280 ?        S    12:40   0:00 /bin/bash /bak/bin/clear_nginxcache.sh", 
        "root      82321 42.7  3.1 610624 227388 ?       Ss   12:41   0:01 /usr/local/nginx/sbin/nginx", 
        "root      82326  1.3  3.1 610628 223228 ?       Ss   12:41   0:00 nginx: master process /usr/local/nginx/sbin/nginx", 

        "nobody    82327  0.6  3.3 612556 238936 ?       S    12:41   0:00 nginx: worker process      ", 
        "nobody    82328  1.0  3.3 612556 240068 ?       S    12:41   0:00 nginx: worker process      ", 
        "nobody    82330  0.3  3.3 612556 238856 ?       S    12:41   0:00 nginx: worker process      ", 
        "nobody    82331  0.6  3.3 612556 240032 ?       S    12:41   0:00 nginx: worker process      ", 
        "nobody    82332  0.3  3.3 610628 235812 ?       S    12:41   0:00 nginx: cache manager process", 

        "nobody    82333  0.0  3.3 610628 235792 ?       S    12:41   0:00 nginx: cache loader process", 
        "root      82335  0.0  0.0 103328   852 ?        S    12:41   0:00 grep nginx", 
        "             total       used       free     shared    buffers     cached", 
        "Mem:          6976       3516       3460         15        409       2064", 
        "-/+ buffers/cache:       1042       5934", 

        "Swap:            0          0          0", 
        "-----------------------------------------------------------", 
        "|                     Reload SUCCESS!                     |", 
        "-----------------------------------------------------------"
    ]

}
ok: [119.9.108.8] => {
    "script_result.stdout_lines": [
        "-----------------------------------------------------------", 
        "|                 Checking Nginx Config                   |", 

        "-----------------------------------------------------------", 
        "", 
        " nginx -t ", 
        "", 
        "-----------------------------------------------------------", 

        "|                 Stopping Nginx Process                  |", 
        "-----------------------------------------------------------", 
        "", 
        " /usr/bin/killall -9 nginx ", 
        "", 

        "-----------------------------------------------------------", 
        "|                 Clearing Proxy Cache                    |", 
        "-----------------------------------------------------------", 
        "", 
        " /bin/rm -rf /tmp/nginx_cache ", 

        "", 
        "-----------------------------------------------------------", 
        "|                Restarting Nginx Process                 |", 
        "-----------------------------------------------------------", 
        "root     10675  0.0  0.0 106084  1424 ?        S    12:40   0:00 /bin/bash /bak/bin/clear_nginxcache.sh", 

        "root     10688  0.3  5.5 610628 223292 ?       Ss   12:41   0:00 nginx: master process /usr/local/nginx/sbin/nginx", 
        "nobody   10689  0.6  5.8 612556 237992 ?       S    12:41   0:00 nginx: worker process      ", 
        "nobody   10691  0.6  5.8 612556 236736 ?       S    12:41   0:00 nginx: worker process      ", 
        "nobody   10692  0.0  5.8 612556 236748 ?       S    12:41   0:00 nginx: worker process      ", 
        "nobody   10693  0.3  5.8 612556 237932 ?       S    12:41   0:00 nginx: worker process      ", 

        "nobody   10694  0.0  5.7 610628 233692 ?       S    12:41   0:00 nginx: cache manager process", 
        "nobody   10695  0.3  5.7 610628 233672 ?       S    12:41   0:00 nginx: cache loader process", 
        "root     10706  0.0  0.0 103324   884 ?        R    12:41   0:00 grep nginx", 
        "             total       used       free     shared    buffers     cached", 
        "Mem:          3954       3161        792         11        212        384", 

        "-/+ buffers/cache:       2565       1389", 
        "Swap:            0          0          0", 
        "-----------------------------------------------------------", 
        "|                     Reload SUCCESS!                     |", 
        "-----------------------------------------------------------"

    ]
}
ok: [161.202.34.78] => {
    "script_result.stdout_lines": [
        "-----------------------------------------------------------", 

        "|                 Checking Nginx Config                   |", 
        "-----------------------------------------------------------", 
        "", 
        " nginx -t ", 
        "", 

        "-----------------------------------------------------------", 
        "|                 Stopping Nginx Process                  |", 
        "-----------------------------------------------------------", 
        "", 
        " /usr/bin/killall -9 nginx ", 

        "", 
        "-----------------------------------------------------------", 
        "|                 Clearing Proxy Cache                    |", 
        "-----------------------------------------------------------", 
        "", 

        " /bin/rm -rf /tmp/nginx_cache ", 
        "", 
        "-----------------------------------------------------------", 
        "|                Restarting Nginx Process                 |", 
        "-----------------------------------------------------------", 

        "root     28452  0.6  0.0 106120  1280 ?        S    12:40   0:00 /bin/bash /bak/bin/clear_nginxcache.sh", 
        "root     28462 21.0  5.4 610628 223232 ?       Ss   12:41   0:00 nginx: master process /usr/local/nginx/sbin/nginx", 
        "nobody   28464  1.0  5.7 612556 234600 ?       S    12:41   0:00 nginx: worker process      ", 
        "nobody   28465  0.6  5.7 612556 234552 ?       S    12:41   0:00 nginx: worker process      ", 
        "nobody   28466  0.6  5.7 612556 234540 ?       S    12:41   0:00 nginx: worker process      ", 

        "nobody   28467  1.0  5.7 612556 235744 ?       S    12:41   0:00 nginx: worker process      ", 
        "nobody   28468  0.6  5.6 610628 231496 ?       S    12:41   0:00 nginx: cache manager process", 
        "nobody   28469  0.5  5.6 610628 231460 ?       S    12:41   0:00 nginx: cache loader process", 
        "root     28476  0.0  0.0 103328   848 ?        S    12:41   0:00 grep nginx", 
        "             total       used       free     shared    buffers     cached", 

        "Mem:          4009       2137       1872          9        563        888", 
        "-/+ buffers/cache:        685       3324", 
        "Swap:         2047          0       2047", 
        "-----------------------------------------------------------", 
        "|                     Reload SUCCESS!                     |", 

        "-----------------------------------------------------------"
    ]
}
ok: [52.229.204.245] => {
    "script_result.stdout_lines": [

        "-----------------------------------------------------------", 
        "|                 Checking Nginx Config                   |", 
        "-----------------------------------------------------------", 
        "", 
        " nginx -t ", 

        "", 
        "-----------------------------------------------------------", 
        "|                 Stopping Nginx Process                  |", 
        "-----------------------------------------------------------", 
        "", 

        " /usr/bin/killall -9 nginx ", 
        "", 
        "-----------------------------------------------------------", 
        "|                 Clearing Proxy Cache                    |", 
        "-----------------------------------------------------------", 

        "", 
        " /bin/rm -rf /tmp/nginx_cache ", 
        "", 
        "-----------------------------------------------------------", 
        "|                Restarting Nginx Process                 |", 

        "-----------------------------------------------------------", 
        "root      32204  0.0  0.0 106112  1280 ?        S    12:40   0:00 /bin/bash /bak/bin/clear_nginxcache.sh", 
        "root      32214  1.5  2.7 612480 224344 ?       Ss   12:41   0:00 nginx: master process /usr/local/nginx/sbin/nginx", 
        "nobody    32215  0.5  2.8 614408 233208 ?       S    12:41   0:00 nginx: worker process      ", 
        "nobody    32216  0.0  2.8 614408 233012 ?       S    12:41   0:00 nginx: worker process      ", 

        "nobody    32218  1.0  2.8 614408 233172 ?       S    12:41   0:00 nginx: worker process      ", 
        "nobody    32219  0.0  2.8 614408 233012 ?       S    12:41   0:00 nginx: worker process      ", 
        "nobody    32220  0.0  2.7 612480 228836 ?       S    12:41   0:00 nginx: cache manager process", 
        "nobody    32221  0.0  2.7 612480 228788 ?       S    12:41   0:00 nginx: cache loader process", 
        "root      32223  0.0  0.0 103264   836 ?        S    12:41   0:00 grep nginx", 

        "             total       used       free     shared    buffers     cached", 
        "Mem:          7984       1503       6481          0        287        492", 
        "-/+ buffers/cache:        723       7261", 
        "Swap:            0          0          0", 
        "-----------------------------------------------------------", 

        "|                     Reload SUCCESS!                     |", 
        "-----------------------------------------------------------"
    ]
}


PLAY [127.0.0.1] ***************************************************************

TASK [sync_to_git : Synchronizing Nginx To GIT] ********************************
changed: [127.0.0.1]


TASK [sync_to_git : debug] *****************************************************
ok: [127.0.0.1] => {
    "script_result.stdout_lines": [
        "[master f72609e] aaron.navarro", 
        " 3 files changed, 56 insertions(+)", 

        " create mode 100644 nginx/conf.d/80-443/xbet188.com.conf", 
        " create mode 100644 nginx/conf.d/80-443/xbet1996.com.conf", 
        " create mode 100644 nginx/conf.d/other/xbet.com.conf", 
        "Branch master set up to track remote branch master from origin."
    ]

}

PLAY RECAP *********************************************************************
119.9.108.8                : ok=8    changed=2    unreachable=0    failed=0   
127.0.0.1                  : ok=2    changed=1    unreachable=0    failed=0   

161.202.34.78              : ok=8    changed=2    unreachable=0    failed=0   
207.46.157.209             : ok=8    changed=2    unreachable=0    failed=0   
52.229.204.245             : ok=8    changed=2    unreachable=0    failed=0   


ESYNC_COMMAND_END
MAX RETRIES EXECUTED, COMMAND NOT RESPONDING