FILENAME: 80-443/xbet60.com.conf
-  server {
-      listen 80;
-      server_name xbet60.com www.xbet60.com;
-      rewrite ^(.*)$ https://www.xbet60.com$1 permanent;
-  }
-  
-  server {
-      listen 443;
-      server_name xbet60.com www.xbet60.com;
-      ssl on;
-      ssl_certificate /usr/local/nginx/conf.d/ssl/xbet60.com/fullchain.pem;
-      ssl_certificate_key /usr/local/nginx/conf.d/ssl/xbet60.com/privkey.pem;
-  
-      if ($http_host !~* 'www') {
-          rewrite ^(.*)$ https://www.$http_host$1 permanent;
-      }
-  
-      include /usr/local/nginx/conf.d/include/xbet_masterconfig.include;
-  }
-  
-  
+  server {
+      listen 80;
+      server_name xbet60.com www.xbet60.com;
+      rewrite ^(.*)$ https://www.xbet60.com$1 permanent;
+  }
+  
+  server {
+      listen 443;
+      server_name xbet60.com www.xbet60.com;
+      ssl on;
+      ssl_certificate /usr/local/nginx/conf.d/ssl/xbet60.com/fullchain.pem;
+      ssl_certificate_key /usr/local/nginx/conf.d/ssl/xbet60.com/privkey.pem;
+  
+      if ($http_host !~* 'www') {
+          rewrite ^(.*)$ https://www.$http_host$1 permanent;
+      }
+  
+      include /usr/local/nginx/conf.d/include/xbet_official_masterconfig.include;
+  }
+  
+  

