ESYNC_COMMAND_END
MAX RETRIES EXECUTED, COMMAND NOT RESPONDINGESYNC_COMMAND_START

PLAY [Product-XBET__NginxForward] **********************************************

TASK [nginx_sync : Notify] *****************************************************
ok: [207.46.157.209] => {

    "msg": "Syncing Product-XBET__NginxForward"
}
ok: [119.9.108.8] => {
    "msg": "Syncing Product-XBET__NginxForward"
}

ok: [161.202.34.78] => {
    "msg": "Syncing Product-XBET__NginxForward"
}
ok: [52.229.204.245] => {
    "msg": "Syncing Product-XBET__NginxForward"

}

TASK [nginx_sync : include_vars] ***********************************************
ok: [207.46.157.209]
ok: [119.9.108.8]

ok: [161.202.34.78]
ok: [52.229.204.245]

TASK [nginx_sync : Synchronizing Nginx] ****************************************
changed: [119.9.108.8] => (item=conf)

ok: [207.46.157.209] => (item=conf)
ok: [52.229.204.245] => (item=conf)
changed: [161.202.34.78] => (item=conf)
changed: [161.202.34.78] => (item=conf.d)
changed: [119.9.108.8] => (item=conf.d)

ok: [161.202.34.78] => (item=data)
changed: [207.46.157.209] => (item=conf.d)
ok: [119.9.108.8] => (item=data)
ok: [161.202.34.78] => (item=html)
ok: [207.46.157.209] => (item=data)

ok: [119.9.108.8] => (item=html)
changed: [52.229.204.245] => (item=conf.d)
ok: [207.46.157.209] => (item=html)
ok: [52.229.204.245] => (item=data)
ok: [52.229.204.245] => (item=html)


TASK [all_servers : include_vars] **********************************************
ok: [207.46.157.209]
ok: [119.9.108.8]
ok: [161.202.34.78]

ok: [52.229.204.245]

TASK [all_servers : Notify] ****************************************************
ok: [207.46.157.209] => {
    "msg": "Clearing Nginx Cache for Product-XBET__NginxForward"

}
ok: [119.9.108.8] => {
    "msg": "Clearing Nginx Cache for Product-XBET__NginxForward"
}
ok: [161.202.34.78] => {

    "msg": "Clearing Nginx Cache for Product-XBET__NginxForward"
}
ok: [52.229.204.245] => {
    "msg": "Clearing Nginx Cache for Product-XBET__NginxForward"
}


TASK [all_servers : Copying clear_nginxcache.sh to remote hosts] ***************
ok: [119.9.108.8]
ok: [52.229.204.245]
ok: [207.46.157.209]

ok: [161.202.34.78]

TASK [all_servers : Nginx Clear Cache] *****************************************
changed: [119.9.108.8]
changed: [207.46.157.209]

changed: [52.229.204.245]
changed: [161.202.34.78]

TASK [all_servers : debug] *****************************************************
ok: [207.46.157.209] => {

    "script_result.stdout_lines": [
        "-----------------------------------------------------------", 
        "|                 Checking Nginx Config                   |", 
        "-----------------------------------------------------------", 
        "", 

        " nginx -t ", 
        "", 
        "-----------------------------------------------------------", 
        "|                 Stopping Nginx Process                  |", 
        "-----------------------------------------------------------", 

        "", 
        " /usr/bin/killall -9 nginx ", 
        "", 
        "-----------------------------------------------------------", 
        "|                 Clearing Proxy Cache                    |", 

        "-----------------------------------------------------------", 
        "", 
        " /bin/rm -rf /tmp/nginx_cache ", 
        "", 
        "-----------------------------------------------------------", 

        "|                Restarting Nginx Process                 |", 
        "-----------------------------------------------------------", 
        "root      79141  0.0  0.0 106120  1280 ?        S    13:48   0:00 /bin/bash /bak/bin/clear_nginxcache.sh", 
        "root      79295 42.7  3.1 610124 226880 ?       Ss   13:48   0:01 /usr/local/nginx/sbin/nginx", 
        "root      79300  1.3  3.1 610128 222732 ?       Ss   13:49   0:00 nginx: master process /usr/local/nginx/sbin/nginx", 

        "nobody    79301  2.3  3.3 612200 241036 ?       S    13:49   0:00 nginx: worker process      ", 
        "nobody    79303  3.3  3.3 612056 241112 ?       S    13:49   0:00 nginx: worker process      ", 
        "nobody    79306  3.0  3.3 612216 241052 ?       S    13:49   0:00 nginx: worker process      ", 
        "nobody    79308  3.0  3.2 612352 229016 ?       S    13:49   0:00 nginx: worker process      ", 
        "nobody    79309  1.5  3.3 610128 236796 ?       S    13:49   0:00 nginx: cache manager process", 

        "nobody    79310  0.0  3.1 610128 223200 ?       S    13:49   0:00 nginx: cache loader process", 
        "root      79314  0.0  0.0 103328   856 ?        S    13:49   0:00 grep nginx", 
        "             total       used       free     shared    buffers     cached", 
        "Mem:          6976       6284        692         17        387        811", 
        "-/+ buffers/cache:       5085       1890", 

        "Swap:            0          0          0", 
        "-----------------------------------------------------------", 
        "|                     Reload SUCCESS!                     |", 
        "-----------------------------------------------------------"
    ]

}
ok: [119.9.108.8] => {
    "script_result.stdout_lines": [
        "-----------------------------------------------------------", 
        "|                 Checking Nginx Config                   |", 

        "-----------------------------------------------------------", 
        "", 
        " nginx -t ", 
        "", 
        "-----------------------------------------------------------", 

        "|                 Stopping Nginx Process                  |", 
        "-----------------------------------------------------------", 
        "", 
        " /usr/bin/killall -9 nginx ", 
        "", 

        "-----------------------------------------------------------", 
        "|                 Clearing Proxy Cache                    |", 
        "-----------------------------------------------------------", 
        "", 
        " /bin/rm -rf /tmp/nginx_cache ", 

        "", 
        "-----------------------------------------------------------", 
        "|                Restarting Nginx Process                 |", 
        "-----------------------------------------------------------", 
        "root      8082  0.0  0.0 106084  1424 ?        S    13:48   0:00 /bin/bash /bak/bin/clear_nginxcache.sh", 

        "root      8093  0.6  5.5 610128 222788 ?       Ss   13:48   0:00 nginx: master process /usr/local/nginx/sbin/nginx", 
        "nobody    8094  1.0  5.8 612056 238136 ?       S    13:48   0:00 nginx: worker process      ", 
        "nobody    8096  1.0  5.8 612056 238100 ?       S    13:48   0:00 nginx: worker process      ", 
        "nobody    8097  0.6  5.8 612056 238104 ?       S    13:48   0:00 nginx: worker process      ", 
        "nobody    8098  1.3  5.8 612056 238068 ?       S    13:48   0:00 nginx: worker process      ", 

        "nobody    8099  0.3  5.7 610128 233836 ?       S    13:48   0:00 nginx: cache manager process", 
        "nobody    8100  0.0  5.7 610128 233816 ?       S    13:48   0:00 nginx: cache loader process", 
        "root      8108  0.0  0.0 103324   872 ?        R    13:49   0:00 grep nginx", 
        "             total       used       free     shared    buffers     cached", 
        "Mem:          3954       3438        516         12        105        203", 

        "-/+ buffers/cache:       3129        824", 
        "Swap:            0          0          0", 
        "-----------------------------------------------------------", 
        "|                     Reload SUCCESS!                     |", 
        "-----------------------------------------------------------"

    ]
}
ok: [161.202.34.78] => {
    "script_result.stdout_lines": [
        "-----------------------------------------------------------", 

        "|                 Checking Nginx Config                   |", 
        "-----------------------------------------------------------", 
        "", 
        " nginx -t ", 
        "", 

        "-----------------------------------------------------------", 
        "|                 Stopping Nginx Process                  |", 
        "-----------------------------------------------------------", 
        "", 
        " /usr/bin/killall -9 nginx ", 

        "", 
        "-----------------------------------------------------------", 
        "|                 Clearing Proxy Cache                    |", 
        "-----------------------------------------------------------", 
        "", 

        " /bin/rm -rf /tmp/nginx_cache ", 
        "", 
        "-----------------------------------------------------------", 
        "|                Restarting Nginx Process                 |", 
        "-----------------------------------------------------------", 

        "root     10461  1.7  0.0 106120  1280 ?        S    13:48   0:00 /bin/bash /bak/bin/clear_nginxcache.sh", 
        "root     10469 33.6  5.4 610124 222724 ?       Ss   13:49   0:01 nginx: master process /usr/local/nginx/sbin/nginx", 
        "nobody   10473  2.0  5.7 612052 234428 ?       S    13:49   0:00 nginx: worker process      ", 
        "nobody   10474  1.6  5.7 612052 234376 ?       S    13:49   0:00 nginx: worker process      ", 
        "nobody   10475  2.5  5.7 612052 234364 ?       S    13:49   0:00 nginx: worker process      ", 

        "nobody   10476  3.0  5.7 612052 235548 ?       S    13:49   0:00 nginx: worker process      ", 
        "nobody   10477  2.0  5.6 610124 231320 ?       S    13:49   0:00 nginx: cache manager process", 
        "nobody   10478  1.5  5.6 610124 231220 ?       S    13:49   0:00 nginx: cache loader process", 
        "root     10480  0.0  0.0 103328   844 ?        S    13:49   0:00 grep nginx", 
        "             total       used       free     shared    buffers     cached", 

        "Mem:          4009       3277        732         10        335        480", 
        "-/+ buffers/cache:       2462       1547", 
        "Swap:         2047          0       2047", 
        "-----------------------------------------------------------", 
        "|                     Reload SUCCESS!                     |", 

        "-----------------------------------------------------------"
    ]
}
ok: [52.229.204.245] => {
    "script_result.stdout_lines": [

        "-----------------------------------------------------------", 
        "|                 Checking Nginx Config                   |", 
        "-----------------------------------------------------------", 
        "", 
        " nginx -t ", 

        "", 
        "-----------------------------------------------------------", 
        "|                 Stopping Nginx Process                  |", 
        "-----------------------------------------------------------", 
        "", 

        " /usr/bin/killall -9 nginx ", 
        "", 
        "-----------------------------------------------------------", 
        "|                 Clearing Proxy Cache                    |", 
        "-----------------------------------------------------------", 

        "", 
        " /bin/rm -rf /tmp/nginx_cache ", 
        "", 
        "-----------------------------------------------------------", 
        "|                Restarting Nginx Process                 |", 

        "-----------------------------------------------------------", 
        "root      56092  0.0  0.0 106112  1284 ?        S    13:48   0:00 /bin/bash /bak/bin/clear_nginxcache.sh", 
        "root      56217 82.0  2.7 611976 228128 ?       Ss   13:49   0:01 /usr/local/nginx/sbin/nginx", 
        "root      56220  2.0  2.7 611980 223844 ?       Ss   13:49   0:00 nginx: master process /usr/local/nginx/sbin/nginx", 
        "nobody    56221  1.5  2.8 613908 232972 ?       S    13:49   0:00 nginx: worker process      ", 

        "nobody    56223  0.5  2.8 613908 229664 ?       S    13:49   0:00 nginx: worker process      ", 
        "nobody    56224  0.5  2.8 613908 232932 ?       S    13:49   0:00 nginx: worker process      ", 
        "nobody    56225  0.5  2.8 613908 232936 ?       S    13:49   0:00 nginx: worker process      ", 
        "nobody    56226  0.0  2.7 611980 228604 ?       S    13:49   0:00 nginx: cache manager process", 
        "nobody    56227  0.0  2.7 611980 228556 ?       S    13:49   0:00 nginx: cache loader process", 

        "root      56233  0.0  0.0 103264   832 ?        S    13:49   0:00 grep nginx", 
        "             total       used       free     shared    buffers     cached", 
        "Mem:          7984       7246        737          0        321       1177", 
        "-/+ buffers/cache:       5747       2236", 
        "Swap:            0          0          0", 

        "-----------------------------------------------------------", 
        "|                     Reload SUCCESS!                     |", 
        "-----------------------------------------------------------"
    ]
}


PLAY [127.0.0.1] ***************************************************************

TASK [sync_to_git : Synchronizing Nginx To GIT] ********************************
changed: [127.0.0.1]


TASK [sync_to_git : debug] *****************************************************
ok: [127.0.0.1] => {
    "script_result.stdout_lines": [
        "[master ac82d5e] robert.sarte", 

        " 1 file changed, 1 insertion(+)", 
        "Branch master set up to track remote branch master from origin."
    ]
}


PLAY [Product-XBET__NginxForward] **********************************************

PLAY [127.0.0.1] ***************************************************************

PLAY RECAP *********************************************************************

119.9.108.8                : ok=8    changed=2    unreachable=0    failed=0   
127.0.0.1                  : ok=2    changed=1    unreachable=0    failed=0   
161.202.34.78              : ok=8    changed=2    unreachable=0    failed=0   
207.46.157.209             : ok=8    changed=2    unreachable=0    failed=0   
52.229.204.245             : ok=8    changed=2    unreachable=0    failed=0   



