ESYNC_WORKER1_COMMAND_START
[WARNING]: Invalid characters were found in group names but not replaced, use
-vvvv to see details

PLAY [euqp-online_game] ********************************************************


TASK [Gathering Facts] *********************************************************
ok: [168.63.155.64]

TASK [nginx_sync : Change python interpreter] **********************************
skipping: [168.63.155.64]


TASK [nginx_sync : change python interpreter] **********************************
skipping: [168.63.155.64]

TASK [nginx_sync : Notify] *****************************************************

ok: [168.63.155.64] => {
    "msg": "Syncing euqp-online_game"
}

TASK [nginx_sync : include_vars] ***********************************************

ok: [168.63.155.64]

TASK [nginx_sync : Synchronizing Nginx] ****************************************
ok: [168.63.155.64] => (item=conf)
changed: [168.63.155.64] => (item=conf.d)

ok: [168.63.155.64] => (item=data)
ok: [168.63.155.64] => (item=html)

TASK [nginx_sync : Set HTML Dir to root] ***************************************
ok: [168.63.155.64]


TASK [all_servers : include_vars] **********************************************
ok: [168.63.155.64]

TASK [all_servers : Notify] ****************************************************

ok: [168.63.155.64] => {
    "msg": "Clearing Nginx Cache for euqp-online_game"
}

TASK [all_servers : Copying clear_nginxcache.sh to remote hosts] ***************

ok: [168.63.155.64]

TASK [all_servers : Nginx Clear Cache] *****************************************
changed: [168.63.155.64]


TASK [all_servers : debug] *****************************************************
ok: [168.63.155.64] => {
    "script_result.stdout_lines": [
        "-----------------------------------------------------------", 
        "|                 Checking Nginx Config                   |", 

        "-----------------------------------------------------------", 
        "", 
        " nginx -t ", 
        "", 
        "-----------------------------------------------------------", 

        "|                 Stopping Nginx Process                  |", 
        "-----------------------------------------------------------", 
        "", 
        " /usr/bin/killall -9 nginx ", 
        "", 

        "-----------------------------------------------------------", 
        "|                 Clearing Proxy Cache                    |", 
        "-----------------------------------------------------------", 
        "", 
        " /bin/rm -rf /tmp/nginx_cache ", 

        "", 
        "-----------------------------------------------------------", 
        "|                Restarting Nginx Process                 |", 
        "-----------------------------------------------------------", 
        "root     11853  0.0  0.0 410388  6592 ?        Sl    2020   8:42 /usr/bin/php -f /usr/share/nginx/html/v8/Jobs/GamelogImport.php", 

        "root     12083  0.0  0.0 410388  7848 ?        Sl    2020   7:38 /usr/bin/php -f /usr/share/nginx/html/v8/Jobs/ipInfoUpdate.php", 
        "root     12111  0.0  0.1 410388 11452 ?        Sl    2020  10:08 /usr/bin/php -f /usr/share/nginx/html/v8/Jobs/Updatemoneylog.php", 
        "root     12147  0.0  0.1 410388 11432 ?        Sl    2020   8:25 /usr/bin/php -f /usr/share/nginx/html/v8/Jobs/accountCenterDataImport.php", 
        "root     12244  0.0  0.1 410388 11672 ?        Sl    2020   8:42 /usr/bin/php -f /usr/share/nginx/html/v8/Jobs/UpdateJackpotstatus.php", 
        "root     15799  0.5  0.0 113284  1472 ?        S    15:11   0:00 /bin/bash /bak/bin/clear_nginxcache.sh", 

        "root     15859  0.0  0.0 299104  5844 ?        Ss   15:11   0:00 nginx: master process /usr/local/nginx/sbin/nginx", 
        "nobody   15860  0.0  0.1 305440 10548 ?        S    15:11   0:00 nginx: worker process", 
        "nobody   15862  0.0  0.1 305440 10548 ?        S    15:11   0:00 nginx: worker process", 
        "nobody   15863  0.0  0.1 305440 10548 ?        S    15:11   0:00 nginx: worker process", 
        "nobody   15864  0.0  0.1 305440 10548 ?        S    15:11   0:00 nginx: worker process", 

        "nobody   15865  0.0  0.0 301188  6592 ?        S    15:11   0:00 nginx: cache manager process", 
        "nobody   15866  0.0  0.0 301188  6344 ?        S    15:11   0:00 nginx: cache loader process", 
        "root     15891  0.2  0.0  10624  3572 ?        Ss   15:11   0:00 nginx: master process /usr/sbin/nginx -g daemon off;", 
        "101      15904  0.0  0.0  11020  1512 ?        S    15:11   0:00 nginx: worker process", 
        "root     15906  0.0  0.0  45940  3432 ?        S    15:11   0:00 nginx: master process /usr/local/nginx/sbin/nginx", 

        "ommgr    15907  0.0  0.0  46376  2200 ?        S    15:11   0:00 nginx: worker process", 
        "root     15925  0.0  0.0 112812   948 ?        S    15:11   0:00 grep nginx", 
        "              total        used        free      shared  buff/cache   available", 
        "Mem:           7982        2225         237         217        5519        5232", 
        "Swap:          2047         482        1565", 

        "-----------------------------------------------------------", 
        "|                     Reload SUCCESS!                     |", 
        "-----------------------------------------------------------"
    ]
}


PLAY [127.0.0.1] ***************************************************************

TASK [sync_to_git : Synchronizing Nginx To GIT] ********************************
changed: [127.0.0.1]


TASK [sync_to_git : debug] *****************************************************
ok: [127.0.0.1] => {
    "msg": " [u'[master eedfa95] jerry.lam', u' 1 file changed, 11 insertions(+), 1 deletion(-)', u'Branch master set up to track remote branch master from origin.']"
}


PLAY [euqp-online_game] ********************************************************

PLAY [127.0.0.1] ***************************************************************


PLAY RECAP *********************************************************************
127.0.0.1                  : ok=2    changed=1    unreachable=0    failed=0    skipped=0    rescued=0    ignored=0   
168.63.155.64              : ok=10   changed=2    unreachable=0    failed=0    skipped=2    rescued=0    ignored=0   


ESYNC_WORKER1_COMMAND_END
MAX RETRIES EXECUTED, COMMAND NOT RESPONDING