ESYNC_WORKER1_COMMAND_START
 [WARNING]: Invalid characters were found in group names but not replaced, use
-vvvv to see details

PLAY [euqp-online_game] ********************************************************


TASK [Gathering Facts] *********************************************************
ok: [47.52.155.116]

TASK [nginx_sync : Change python interpreter] **********************************
skipping: [47.52.155.116]


TASK [nginx_sync : change python interpreter] **********************************
skipping: [47.52.155.116]

TASK [nginx_sync : Notify] *****************************************************

ok: [47.52.155.116] => {
    "msg": "Syncing euqp-online_game"
}

TASK [nginx_sync : include_vars] ***********************************************

ok: [47.52.155.116]

TASK [nginx_sync : Synchronizing Nginx] ****************************************
ok: [47.52.155.116] => (item=conf)
changed: [47.52.155.116] => (item=conf.d)

ok: [47.52.155.116] => (item=data)
ok: [47.52.155.116] => (item=html)

TASK [nginx_sync : Set HTML Dir to root] ***************************************
ok: [47.52.155.116]


TASK [all_servers : include_vars] **********************************************
ok: [47.52.155.116]

TASK [all_servers : Notify] ****************************************************

ok: [47.52.155.116] => {
    "msg": "Clearing Nginx Cache for euqp-online_game"
}

TASK [all_servers : Copying clear_nginxcache.sh to remote hosts] ***************

ok: [47.52.155.116]

TASK [all_servers : Nginx Clear Cache] *****************************************
changed: [47.52.155.116]


TASK [all_servers : debug] *****************************************************
ok: [47.52.155.116] => {
    "script_result.stdout_lines": [
        "-----------------------------------------------------------", 
        "|                 Checking Nginx Config                   |", 

        "-----------------------------------------------------------", 
        "", 
        " nginx -t ", 
        "", 
        "-----------------------------------------------------------", 

        "|                 Stopping Nginx Process                  |", 
        "-----------------------------------------------------------", 
        "", 
        " /usr/bin/killall -9 nginx ", 
        "", 

        "-----------------------------------------------------------", 
        "|                 Clearing Proxy Cache                    |", 
        "-----------------------------------------------------------", 
        "", 
        " /bin/rm -rf /tmp/nginx_cache ", 

        "", 
        "-----------------------------------------------------------", 
        "|                Restarting Nginx Process                 |", 
        "-----------------------------------------------------------", 
        "root      4410  0.0  0.1 410384 12580 ?        Sl   May29   0:35 /usr/bin/php -f /usr/share/nginx/html/v8/Jobs/GamelogImport.php", 

        "root      4478  0.0  0.1 410384 12552 ?        Sl   May29   0:33 /usr/bin/php -f /usr/share/nginx/html/v8/Jobs/accountCenterDataImport.php", 
        "root      4548  0.0  0.1 410384 12552 ?        Sl   May29   0:30 /usr/bin/php -f /usr/share/nginx/html/v8/Jobs/ipInfoUpdate.php", 
        "root      4570  0.0  0.1 410384 12572 ?        Sl   May29   0:42 /usr/bin/php -f /usr/share/nginx/html/v8/Jobs/Updatemoneylog.php", 
        "root      4613  0.0  0.1 410384 12564 ?        Sl   May29   0:36 /usr/bin/php -f /usr/share/nginx/html/v8/Jobs/UpdateJackpotstatus.php", 
        "root      6615  0.1  0.0 113192  1488 ?        S    15:20   0:00 /bin/bash /bak/bin/clear_nginxcache.sh", 

        "root      6619  0.0  0.0  45940  3432 ?        S    15:20   0:00 nginx: master process /usr/local/nginx/sbin/nginx", 
        "ommgr     6620  0.0  0.0  46376  1956 ?        S    15:20   0:00 nginx: worker process", 
        "root      6714  0.6  0.0  10616  3420 ?        Ss   15:20   0:00 nginx: master process /usr/sbin/nginx -g daemon off;", 
        "root      6721  0.6  0.0  10764  3960 ?        Ss   15:20   0:00 nginx: master process /usr/sbin/nginx -g daemon off;", 
        "101       6755  0.0  0.0  11088  1504 ?        S    15:20   0:00 nginx: worker process", 

        "101       6760  0.0  0.0  11220  1640 ?        S    15:20   0:00 nginx: worker process", 
        "root      6765  0.0  0.0 300892  5712 ?        Ss   15:20   0:00 nginx: master process /usr/local/nginx/sbin/nginx", 
        "nobody    6766  7.5  1.9 449632 154764 ?       S    15:20   0:00 nginx: worker process", 
        "nobody    6768  0.0  0.1 449632 10344 ?        S    15:20   0:00 nginx: worker process", 
        "nobody    6769  0.0  0.1 449632 10344 ?        S    15:20   0:00 nginx: worker process", 

        "nobody    6770  0.0  0.1 449632 10344 ?        S    15:20   0:00 nginx: worker process", 
        "nobody    6771  0.0  0.0 445380  6384 ?        S    15:20   0:00 nginx: cache manager process", 
        "nobody    6772  0.0  0.0 445380  6152 ?        S    15:20   0:00 nginx: cache loader process", 
        "root      6776  0.0  0.0 112720   944 ?        S    15:20   0:00 grep nginx", 
        "              total        used        free      shared  buff/cache   available", 

        "Mem:           7821        1927         586         156        5307        5438", 
        "Swap:             0           0           0", 
        "-----------------------------------------------------------", 
        "|                     Reload SUCCESS!                     |", 
        "-----------------------------------------------------------"

    ]
}

PLAY [127.0.0.1] ***************************************************************


TASK [sync_to_git : Synchronizing Nginx To GIT] ********************************
changed: [127.0.0.1]

TASK [sync_to_git : debug] *****************************************************
ok: [127.0.0.1] => {

    "msg": " [u'[master 7725207] leriza.muralla', u' 1 file changed, 1 insertion(+)', u'Branch master set up to track remote branch master from origin.']"
}

PLAY [euqp-online_game] ********************************************************


PLAY [127.0.0.1] ***************************************************************

PLAY RECAP *********************************************************************
127.0.0.1                  : ok=2    changed=1    unreachable=0    failed=0    skipped=0    rescued=0    ignored=0   
47.52.155.116              : ok=10   changed=2    unreachable=0    failed=0    skipped=2    rescued=0    ignored=0   



ESYNC_WORKER1_COMMAND_END
MAX RETRIES EXECUTED, COMMAND NOT RESPONDING