ESYNC_WORKER1_COMMAND_START
 [WARNING]: Invalid characters were found in group names but not replaced, use
-vvvv to see details

PLAY [euqp-online_game] ********************************************************


TASK [Gathering Facts] *********************************************************
ok: [47.52.155.116]

TASK [nginx_sync : Change python interpreter] **********************************
skipping: [47.52.155.116]


TASK [nginx_sync : change python interpreter] **********************************
skipping: [47.52.155.116]

TASK [nginx_sync : Notify] *****************************************************

ok: [47.52.155.116] => {
    "msg": "Syncing euqp-online_game"
}

TASK [nginx_sync : include_vars] ***********************************************

ok: [47.52.155.116]

TASK [nginx_sync : Synchronizing Nginx] ****************************************
ok: [47.52.155.116] => (item=conf)
changed: [47.52.155.116] => (item=conf.d)

ok: [47.52.155.116] => (item=data)
ok: [47.52.155.116] => (item=html)

TASK [nginx_sync : Set HTML Dir to root] ***************************************
ok: [47.52.155.116]


TASK [all_servers : include_vars] **********************************************
ok: [47.52.155.116]

TASK [all_servers : Notify] ****************************************************

ok: [47.52.155.116] => {
    "msg": "Clearing Nginx Cache for euqp-online_game"
}

TASK [all_servers : Copying clear_nginxcache.sh to remote hosts] ***************

ok: [47.52.155.116]

TASK [all_servers : Nginx Clear Cache] *****************************************
changed: [47.52.155.116]


TASK [all_servers : debug] *****************************************************
ok: [47.52.155.116] => {
    "script_result.stdout_lines": [
        "-----------------------------------------------------------", 
        "|                 Checking Nginx Config                   |", 

        "-----------------------------------------------------------", 
        "", 
        " nginx -t ", 
        "", 
        "-----------------------------------------------------------", 

        "|                 Stopping Nginx Process                  |", 
        "-----------------------------------------------------------", 
        "", 
        " /usr/bin/killall -9 nginx ", 
        "", 

        "-----------------------------------------------------------", 
        "|                 Clearing Proxy Cache                    |", 
        "-----------------------------------------------------------", 
        "", 
        " /bin/rm -rf /tmp/nginx_cache ", 

        "", 
        "-----------------------------------------------------------", 
        "|                Restarting Nginx Process                 |", 
        "-----------------------------------------------------------", 
        "root      4410  0.0  0.1 410384 13808 ?        Sl   May29   0:14 /usr/bin/php -f /usr/share/nginx/html/v8/Jobs/GamelogImport.php", 

        "root      4478  0.0  0.1 410384 13780 ?        Sl   May29   0:14 /usr/bin/php -f /usr/share/nginx/html/v8/Jobs/accountCenterDataImport.php", 
        "root      4548  0.0  0.1 410384 13780 ?        Sl   May29   0:13 /usr/bin/php -f /usr/share/nginx/html/v8/Jobs/ipInfoUpdate.php", 
        "root      4570  0.0  0.1 410384 13800 ?        Sl   May29   0:17 /usr/bin/php -f /usr/share/nginx/html/v8/Jobs/Updatemoneylog.php", 
        "root      4613  0.0  0.1 410384 13800 ?        Sl   May29   0:15 /usr/bin/php -f /usr/share/nginx/html/v8/Jobs/UpdateJackpotstatus.php", 
        "root     32229  0.3  0.0 113192  1488 ?        S    22:44   0:00 /bin/bash /bak/bin/clear_nginxcache.sh", 

        "root     32413  0.6  0.0  10764  3956 ?        Ss   22:44   0:00 nginx: master process /usr/sbin/nginx -g daemon off;", 
        "101      32443  0.0  0.0  11220  1636 ?        S    22:44   0:00 nginx: worker process", 
        "root     32465  0.4  0.0  10628  3548 ?        Ss   22:44   0:00 nginx: master process /usr/sbin/nginx -g daemon off;", 
        "101      32492  0.0  0.0  11100  1524 ?        S    22:44   0:00 nginx: worker process", 
        "root     32493  0.0  0.0  45940  3428 ?        S    22:44   0:00 nginx: master process /usr/local/nginx/sbin/nginx", 

        "ommgr    32494  0.0  0.0  46376  1952 ?        S    22:44   0:00 nginx: worker process", 
        "root     32499  0.0  0.0 303092  6904 ?        Ss   22:44   0:00 nginx: master process /usr/local/nginx/sbin/nginx", 
        "nobody   32500  7.5  1.9 449508 155164 ?       S    22:44   0:00 nginx: worker process", 
        "nobody   32502  0.0  0.1 449508 12172 ?        S    22:44   0:00 nginx: worker process", 
        "nobody   32503  0.0  0.1 449508 10748 ?        S    22:44   0:00 nginx: worker process", 

        "nobody   32504  0.0  0.1 449508 10732 ?        S    22:44   0:00 nginx: worker process", 
        "nobody   32505  0.0  0.0 447580  7564 ?        S    22:44   0:00 nginx: cache manager process", 
        "nobody   32506  0.0  0.0 447580  7316 ?        S    22:44   0:00 nginx: cache loader process", 
        "root     32509  0.0  0.0 112720   948 ?        S    22:44   0:00 grep nginx", 
        "              total        used        free      shared  buff/cache   available", 

        "Mem:           7821        1654         797         156        5369        5711", 
        "Swap:             0           0           0", 
        "-----------------------------------------------------------", 
        "|                     Reload SUCCESS!                     |", 
        "-----------------------------------------------------------"

    ]
}

PLAY [127.0.0.1] ***************************************************************


TASK [sync_to_git : Synchronizing Nginx To GIT] ********************************
changed: [127.0.0.1]

TASK [sync_to_git : debug] *****************************************************
ok: [127.0.0.1] => {

    "msg": " [u'[master acdb8de] quincy', u' 1 file changed, 14 insertions(+)', u' create mode 100644 nginx/conf.d/other/euqp_hotupdate.64b88.cn.conf', u'Branch master set up to track remote branch master from origin.']"
}

PLAY [euqp-online_game] ********************************************************


PLAY [127.0.0.1] ***************************************************************

PLAY RECAP *********************************************************************
127.0.0.1                  : ok=2    changed=1    unreachable=0    failed=0    skipped=0    rescued=0    ignored=0   
47.52.155.116              : ok=10   changed=2    unreachable=0    failed=0    skipped=2    rescued=0    ignored=0   



ESYNC_WORKER1_COMMAND_END
MAX RETRIES EXECUTED, COMMAND NOT RESPONDING