ESYNC_WORKER1_COMMAND_START

PLAY [gabo-nginx] **************************************************************

TASK [nginx_sync : Notify] *****************************************************
ok: [52.175.19.240] => {

    "msg": "Syncing gabo-nginx"
}
ok: [13.75.115.53] => {
    "msg": "Syncing gabo-nginx"
}

ok: [13.94.46.10] => {
    "msg": "Syncing gabo-nginx"
}

TASK [nginx_sync : include_vars] ***********************************************

ok: [52.175.19.240]
ok: [13.75.115.53]
ok: [13.94.46.10]

TASK [nginx_sync : Synchronizing Nginx] ****************************************

ok: [13.94.46.10] => (item=conf)
ok: [52.175.19.240] => (item=conf)
ok: [13.75.115.53] => (item=conf)
changed: [13.94.46.10] => (item=conf.d)
changed: [52.175.19.240] => (item=conf.d)

changed: [13.75.115.53] => (item=conf.d)
ok: [13.94.46.10] => (item=data)
ok: [52.175.19.240] => (item=data)
ok: [13.75.115.53] => (item=data)
ok: [13.94.46.10] => (item=html)

ok: [52.175.19.240] => (item=html)
ok: [13.75.115.53] => (item=html)

TASK [all_servers : include_vars] **********************************************
ok: [52.175.19.240]

ok: [13.75.115.53]
ok: [13.94.46.10]

TASK [all_servers : Notify] ****************************************************
ok: [52.175.19.240] => {

    "msg": "Clearing Nginx Cache for gabo-nginx"
}
ok: [13.75.115.53] => {
    "msg": "Clearing Nginx Cache for gabo-nginx"
}

ok: [13.94.46.10] => {
    "msg": "Clearing Nginx Cache for gabo-nginx"
}

TASK [all_servers : Copying clear_nginxcache.sh to remote hosts] ***************

ok: [13.75.115.53]
ok: [13.94.46.10]
ok: [52.175.19.240]

TASK [all_servers : Nginx Clear Cache] *****************************************

changed: [13.75.115.53]
changed: [13.94.46.10]
changed: [52.175.19.240]

TASK [all_servers : debug] *****************************************************

ok: [52.175.19.240] => {
    "script_result.stdout_lines": [
        "-----------------------------------------------------------", 
        "|                 Checking Nginx Config                   |", 
        "-----------------------------------------------------------", 

        "", 
        " nginx -t ", 
        "", 
        "-----------------------------------------------------------", 
        "|                 Stopping Nginx Process                  |", 

        "-----------------------------------------------------------", 
        "", 
        " /usr/bin/killall -9 nginx ", 
        "", 
        "-----------------------------------------------------------", 

        "|                 Clearing Proxy Cache                    |", 
        "-----------------------------------------------------------", 
        "", 
        " /bin/rm -rf /tmp/nginx_cache ", 
        "", 

        "-----------------------------------------------------------", 
        "|                Restarting Nginx Process                 |", 
        "-----------------------------------------------------------", 
        "root      21609  0.0  0.0   9120   644 ?        Ss    2018   0:00 /sbin/dhclient -H gabo-nginx4.hk.az.monaco1.me -1 -q -cf /etc/dhcp/dhclient-eth0.conf -lf /var/lib/dhclient/dhclient-eth0.leases -pf /var/run/dhclient-eth0.pid eth0", 
        "root     122800  0.0  0.0 106112  1296 ?        S    14:17   0:00 /bin/bash /bak/bin/clear_nginxcache.sh", 

        "root     122806  0.0  0.5 817320 19664 ?        Ss   14:17   0:00 nginx: master process /usr/local/nginx/sbin/nginx", 
        "nobody   122807  1.0  1.2 819248 42556 ?        S    14:17   0:00 nginx: worker process      ", 
        "nobody   122809  1.6  1.2 819248 42600 ?        S    14:17   0:00 nginx: worker process      ", 
        "nobody   122810  1.0  1.2 819248 42620 ?        S    14:17   0:00 nginx: worker process      ", 
        "nobody   122811  1.3  1.2 819248 42604 ?        S    14:17   0:00 nginx: worker process      ", 

        "nobody   122812  1.0  1.0 817320 38216 ?        S    14:17   0:00 nginx: cache manager process", 
        "nobody   122813  1.0  1.0 817320 38188 ?        S    14:17   0:00 nginx: cache loader process", 
        "root     122815  0.0  0.0 103268   836 ?        S    14:17   0:00 grep nginx", 
        "             total       used       free     shared    buffers     cached", 
        "Mem:          3440       3219        220          0        203        536", 

        "-/+ buffers/cache:       2480        960", 
        "Swap:            0          0          0", 
        "-----------------------------------------------------------", 
        "|                     Reload SUCCESS!                     |", 
        "-----------------------------------------------------------"

    ]
}
ok: [13.75.115.53] => {
    "script_result.stdout_lines": [
        "-----------------------------------------------------------", 

        "|                 Checking Nginx Config                   |", 
        "-----------------------------------------------------------", 
        "", 
        " nginx -t ", 
        "", 

        "-----------------------------------------------------------", 
        "|                 Stopping Nginx Process                  |", 
        "-----------------------------------------------------------", 
        "", 
        " /usr/bin/killall -9 nginx ", 

        "", 
        "-----------------------------------------------------------", 
        "|                 Clearing Proxy Cache                    |", 
        "-----------------------------------------------------------", 
        "", 

        " /bin/rm -rf /tmp/nginx_cache ", 
        "", 
        "-----------------------------------------------------------", 
        "|                Restarting Nginx Process                 |", 
        "-----------------------------------------------------------", 

        "root      72245  0.0  0.0   9120   668 ?        Ss    2018   0:00 /sbin/dhclient -H gabo-nginx5.hk.az.monaco1.me -1 -q -cf /etc/dhcp/dhclient-eth0.conf -lf /var/lib/dhclient/dhclient-eth0.leases -pf /var/run/dhclient-eth0.pid eth0", 
        "root     102212  0.0  0.0 106112  1296 ?        S    14:17   0:00 /bin/bash /bak/bin/clear_nginxcache.sh", 
        "root     102342  0.0  0.5 817324 19672 ?        Ss   14:17   0:00 nginx: master process /usr/local/nginx/sbin/nginx", 
        "nobody   102344  0.3  1.0 819252 36424 ?        S    14:17   0:00 nginx: worker process      ", 
        "nobody   102345  0.6  1.0 819252 36432 ?        S    14:17   0:00 nginx: worker process      ", 

        "nobody   102346  0.3  1.0 819252 36436 ?        S    14:17   0:00 nginx: worker process      ", 
        "nobody   102347  1.0  1.0 819252 36384 ?        S    14:17   0:00 nginx: worker process      ", 
        "nobody   102348  0.6  0.9 817324 33204 ?        S    14:17   0:00 nginx: cache manager process", 
        "nobody   102349  0.6  0.9 817324 33176 ?        S    14:17   0:00 nginx: cache loader process", 
        "root     102427  0.0  0.0 103264   832 ?        S    14:17   0:00 grep nginx", 

        "             total       used       free     shared    buffers     cached", 
        "Mem:          3440       3137        303          0        517        426", 
        "-/+ buffers/cache:       2193       1247", 
        "Swap:            0          0          0", 
        "-----------------------------------------------------------", 

        "|                     Reload SUCCESS!                     |", 
        "-----------------------------------------------------------"
    ]
}
ok: [13.94.46.10] => {

    "script_result.stdout_lines": [
        "-----------------------------------------------------------", 
        "|                 Checking Nginx Config                   |", 
        "-----------------------------------------------------------", 
        "", 

        " nginx -t ", 
        "", 
        "-----------------------------------------------------------", 
        "|                 Stopping Nginx Process                  |", 
        "-----------------------------------------------------------", 

        "", 
        " /usr/bin/killall -9 nginx ", 
        "", 
        "-----------------------------------------------------------", 
        "|                 Clearing Proxy Cache                    |", 

        "-----------------------------------------------------------", 
        "", 
        " /bin/rm -rf /tmp/nginx_cache ", 
        "", 
        "-----------------------------------------------------------", 

        "|                Restarting Nginx Process                 |", 
        "-----------------------------------------------------------", 
        "root       2859  0.0  0.0 106112  1296 ?        S    14:17   0:00 /bin/bash /bak/bin/clear_nginxcache.sh", 
        "root       2865  0.0  0.5 817324 19676 ?        Ss   14:17   0:00 nginx: master process /usr/local/nginx/sbin/nginx", 
        "nobody     2866  0.0  0.7 819252 26380 ?        S    14:17   0:00 nginx: worker process      ", 

        "nobody     2868  0.3  0.7 819252 25156 ?        S    14:17   0:00 nginx: worker process      ", 
        "nobody     2869  0.3  0.7 819252 26376 ?        S    14:17   0:00 nginx: worker process      ", 
        "nobody     2870  0.3  0.7 819252 26404 ?        S    14:17   0:00 nginx: worker process      ", 
        "nobody     2871  0.0  0.6 817324 21952 ?        S    14:17   0:00 nginx: cache manager process", 
        "nobody     2872  0.0  0.6 817324 21936 ?        S    14:17   0:00 nginx: cache loader process", 

        "root       2874  0.0  0.0 103264   832 ?        S    14:17   0:00 grep nginx", 
        "root      22312  0.0  0.0   9120   640 ?        Ss    2018   0:00 /sbin/dhclient -H gabo-nginx6.hk.az.monaco1.me -1 -q -cf /etc/dhcp/dhclient-eth0.conf -lf /var/lib/dhclient/dhclient-eth0.leases -pf /var/run/dhclient-eth0.pid eth0", 
        "             total       used       free     shared    buffers     cached", 
        "Mem:          3440       3134        306          0        480        375", 
        "-/+ buffers/cache:       2278       1162", 

        "Swap:            0          0          0", 
        "-----------------------------------------------------------", 
        "|                     Reload SUCCESS!                     |", 
        "-----------------------------------------------------------"
    ]

}

PLAY [127.0.0.1] ***************************************************************

TASK [sync_to_git : Synchronizing Nginx To GIT] ********************************

changed: [127.0.0.1]

TASK [sync_to_git : debug] *****************************************************
ok: [127.0.0.1] => {
    "script_result.stdout_lines": [

        "[master 928fc03] aaron.navarro", 
        " 2 files changed, 21 insertions(+)", 
        " create mode 100644 nginx/conf.d/80-443/jiabo999.net.conf", 
        " create mode 120000 nginx/conf.d/ssl/jiabo999.net", 
        "Branch master set up to track remote branch master from origin."

    ]
}

PLAY [gabo-nginx] **************************************************************


PLAY [127.0.0.1] ***************************************************************

PLAY RECAP *********************************************************************
127.0.0.1                  : ok=2    changed=1    unreachable=0    failed=0   
13.75.115.53               : ok=8    changed=2    unreachable=0    failed=0   

13.94.46.10                : ok=8    changed=2    unreachable=0    failed=0   
52.175.19.240              : ok=8    changed=2    unreachable=0    failed=0   


ESYNC_WORKER1_COMMAND_END
MAX RETRIES EXECUTED, COMMAND NOT RESPONDING