ESYNC_WORKER1_COMMAND_END
MAX RETRIES EXECUTED, COMMAND NOT RESPONDINGESYNC_WORKER1_COMMAND_START

PLAY [gabo-nginx] **************************************************************

TASK [nginx_sync : Notify] *****************************************************
ok: [52.175.19.240] => {

    "msg": "Syncing gabo-nginx"
}
ok: [13.75.115.53] => {
    "msg": "Syncing gabo-nginx"
}

ok: [13.94.46.10] => {
    "msg": "Syncing gabo-nginx"
}

TASK [nginx_sync : include_vars] ***********************************************

ok: [52.175.19.240]
ok: [13.75.115.53]
ok: [13.94.46.10]

TASK [nginx_sync : Synchronizing Nginx] ****************************************

ok: [13.75.115.53] => (item=conf)
ok: [13.94.46.10] => (item=conf)
ok: [52.175.19.240] => (item=conf)
changed: [13.75.115.53] => (item=conf.d)
ok: [13.94.46.10] => (item=conf.d)

ok: [52.175.19.240] => (item=conf.d)
ok: [13.94.46.10] => (item=data)
ok: [13.75.115.53] => (item=data)
ok: [52.175.19.240] => (item=data)
ok: [13.94.46.10] => (item=html)

ok: [52.175.19.240] => (item=html)
ok: [13.75.115.53] => (item=html)

TASK [all_servers : include_vars] **********************************************
ok: [52.175.19.240]

ok: [13.75.115.53]
ok: [13.94.46.10]

TASK [all_servers : Notify] ****************************************************
ok: [52.175.19.240] => {

    "msg": "Clearing Nginx Cache for gabo-nginx"
}
ok: [13.75.115.53] => {
    "msg": "Clearing Nginx Cache for gabo-nginx"
}

ok: [13.94.46.10] => {
    "msg": "Clearing Nginx Cache for gabo-nginx"
}

TASK [all_servers : Copying clear_nginxcache.sh to remote hosts] ***************

ok: [52.175.19.240]
ok: [13.75.115.53]
ok: [13.94.46.10]

TASK [all_servers : Nginx Clear Cache] *****************************************

changed: [13.75.115.53]
changed: [13.94.46.10]
changed: [52.175.19.240]

TASK [all_servers : debug] *****************************************************

ok: [52.175.19.240] => {
    "script_result.stdout_lines": [
        "-----------------------------------------------------------", 
        "|                 Checking Nginx Config                   |", 
        "-----------------------------------------------------------", 

        "", 
        " nginx -t ", 
        "", 
        "-----------------------------------------------------------", 
        "|                 Stopping Nginx Process                  |", 

        "-----------------------------------------------------------", 
        "", 
        " /usr/bin/killall -9 nginx ", 
        "", 
        "-----------------------------------------------------------", 

        "|                 Clearing Proxy Cache                    |", 
        "-----------------------------------------------------------", 
        "", 
        " /bin/rm -rf /tmp/nginx_cache ", 
        "", 

        "-----------------------------------------------------------", 
        "|                Restarting Nginx Process                 |", 
        "-----------------------------------------------------------", 
        "root      21609  0.0  0.0   9120   644 ?        Ss    2018   0:00 /sbin/dhclient -H gabo-nginx4.hk.az.monaco1.me -1 -q -cf /etc/dhcp/dhclient-eth0.conf -lf /var/lib/dhclient/dhclient-eth0.leases -pf /var/run/dhclient-eth0.pid eth0", 
        "root      32072  0.0  0.0 106112  1296 ?        S    09:38   0:00 /bin/bash /bak/bin/clear_nginxcache.sh", 

        "root      32078  0.0  0.5 816620 18968 ?        Ss   09:38   0:00 nginx: master process /usr/local/nginx/sbin/nginx", 
        "nobody    32079  0.6  1.1 818548 38932 ?        S    09:38   0:00 nginx: worker process      ", 
        "nobody    32081  1.0  1.1 818548 38944 ?        S    09:38   0:00 nginx: worker process      ", 
        "nobody    32082  1.3  1.1 818548 40136 ?        S    09:38   0:00 nginx: worker process      ", 
        "nobody    32083  1.3  1.1 818548 40164 ?        S    09:38   0:00 nginx: worker process      ", 

        "nobody    32084  1.0  1.0 816620 35816 ?        S    09:38   0:00 nginx: cache manager process", 
        "nobody    32085  1.0  1.0 816620 35748 ?        S    09:38   0:00 nginx: cache loader process", 
        "root      32087  0.0  0.0 103264   828 ?        S    09:38   0:00 grep nginx", 
        "             total       used       free     shared    buffers     cached", 
        "Mem:          3440       3303        136          0        192        387", 

        "-/+ buffers/cache:       2723        717", 
        "Swap:            0          0          0", 
        "-----------------------------------------------------------", 
        "|                     Reload SUCCESS!                     |", 
        "-----------------------------------------------------------"

    ]
}
ok: [13.75.115.53] => {
    "script_result.stdout_lines": [
        "-----------------------------------------------------------", 

        "|                 Checking Nginx Config                   |", 
        "-----------------------------------------------------------", 
        "", 
        " nginx -t ", 
        "", 

        "-----------------------------------------------------------", 
        "|                 Stopping Nginx Process                  |", 
        "-----------------------------------------------------------", 
        "", 
        " /usr/bin/killall -9 nginx ", 

        "", 
        "-----------------------------------------------------------", 
        "|                 Clearing Proxy Cache                    |", 
        "-----------------------------------------------------------", 
        "", 

        " /bin/rm -rf /tmp/nginx_cache ", 
        "", 
        "-----------------------------------------------------------", 
        "|                Restarting Nginx Process                 |", 
        "-----------------------------------------------------------", 

        "root      41611  0.0  0.0 106112  1292 ?        S    09:38   0:00 /bin/bash /bak/bin/clear_nginxcache.sh", 
        "root      41620  0.0  0.5 816620 18968 ?        Ss   09:38   0:00 nginx: master process /usr/local/nginx/sbin/nginx", 
        "nobody    41621  1.6  0.9 818548 32684 ?        S    09:38   0:00 nginx: worker process      ", 
        "nobody    41623  0.6  0.9 818548 32968 ?        S    09:38   0:00 nginx: worker process      ", 
        "nobody    41624  0.3  0.9 818548 31740 ?        S    09:38   0:00 nginx: worker process      ", 

        "nobody    41625  0.6  0.9 818548 32996 ?        S    09:38   0:00 nginx: worker process      ", 
        "nobody    41626  0.0  0.8 816620 28552 ?        S    09:38   0:00 nginx: cache manager process", 
        "nobody    41627  0.3  0.8 816620 28572 ?        S    09:38   0:00 nginx: cache loader process", 
        "root      41631  0.0  0.0 103264   828 ?        S    09:38   0:00 grep nginx", 
        "root      72245  0.0  0.0   9120   668 ?        Ss    2018   0:00 /sbin/dhclient -H gabo-nginx5.hk.az.monaco1.me -1 -q -cf /etc/dhcp/dhclient-eth0.conf -lf /var/lib/dhclient/dhclient-eth0.leases -pf /var/run/dhclient-eth0.pid eth0", 

        "             total       used       free     shared    buffers     cached", 
        "Mem:          3440       3266        173          0        204        365", 
        "-/+ buffers/cache:       2696        743", 
        "Swap:            0          0          0", 
        "-----------------------------------------------------------", 

        "|                     Reload SUCCESS!                     |", 
        "-----------------------------------------------------------"
    ]
}
ok: [13.94.46.10] => {

    "script_result.stdout_lines": [
        "-----------------------------------------------------------", 
        "|                 Checking Nginx Config                   |", 
        "-----------------------------------------------------------", 
        "", 

        " nginx -t ", 
        "", 
        "-----------------------------------------------------------", 
        "|                 Stopping Nginx Process                  |", 
        "-----------------------------------------------------------", 

        "", 
        " /usr/bin/killall -9 nginx ", 
        "", 
        "-----------------------------------------------------------", 
        "|                 Clearing Proxy Cache                    |", 

        "-----------------------------------------------------------", 
        "", 
        " /bin/rm -rf /tmp/nginx_cache ", 
        "", 
        "-----------------------------------------------------------", 

        "|                Restarting Nginx Process                 |", 
        "-----------------------------------------------------------", 
        "root      22312  0.0  0.0   9120   640 ?        Ss    2018   0:00 /sbin/dhclient -H gabo-nginx6.hk.az.monaco1.me -1 -q -cf /etc/dhcp/dhclient-eth0.conf -lf /var/lib/dhclient/dhclient-eth0.leases -pf /var/run/dhclient-eth0.pid eth0", 
        "root      30313  0.0  0.0 106112  1296 ?        S    09:38   0:00 /bin/bash /bak/bin/clear_nginxcache.sh", 
        "root      30323  0.0  0.5 816620 18972 ?        Ss   09:38   0:00 nginx: master process /usr/local/nginx/sbin/nginx", 

        "nobody    30324  0.3  0.7 818548 25492 ?        S    09:38   0:00 nginx: worker process      ", 
        "nobody    30326  0.6  0.7 818548 25496 ?        S    09:38   0:00 nginx: worker process      ", 
        "nobody    30327  0.0  0.7 818548 25496 ?        S    09:38   0:00 nginx: worker process      ", 
        "nobody    30328  0.3  0.7 818548 25500 ?        S    09:38   0:00 nginx: worker process      ", 
        "nobody    30329  0.0  0.5 816620 21084 ?        S    09:38   0:00 nginx: cache manager process", 

        "nobody    30330  0.0  0.5 816620 21068 ?        S    09:38   0:00 nginx: cache loader process", 
        "root      30336  0.0  0.0 103264   828 ?        S    09:38   0:00 grep nginx", 
        "             total       used       free     shared    buffers     cached", 
        "Mem:          3440       3161        279          0        197        368", 
        "-/+ buffers/cache:       2595        845", 

        "Swap:            0          0          0", 
        "-----------------------------------------------------------", 
        "|                     Reload SUCCESS!                     |", 
        "-----------------------------------------------------------"
    ]

}

PLAY [127.0.0.1] ***************************************************************

TASK [sync_to_git : Synchronizing Nginx To GIT] ********************************

changed: [127.0.0.1]

TASK [sync_to_git : debug] *****************************************************
ok: [127.0.0.1] => {
    "script_result.stdout_lines": [

        "# On branch master", 
        "nothing to commit, working directory clean", 
        "Branch master set up to track remote branch master from origin."
    ]
}


PLAY [gabo-nginx] **************************************************************

PLAY [127.0.0.1] ***************************************************************


PLAY RECAP *********************************************************************
127.0.0.1                  : ok=2    changed=1    unreachable=0    failed=0   
13.75.115.53               : ok=8    changed=2    unreachable=0    failed=0   
13.94.46.10                : ok=8    changed=1    unreachable=0    failed=0   
52.175.19.240              : ok=8    changed=1    unreachable=0    failed=0   



