ESYNC_WORKER1_COMMAND_START
[WARNING]: Invalid characters were found in group names but not replaced, use
-vvvv to see details

PLAY [gabo-nginx] **************************************************************


TASK [Gathering Facts] *********************************************************
ok: [13.70.5.57]
ok: [18.162.160.182]

TASK [nginx_sync : Change python interpreter] **********************************

skipping: [13.70.5.57]
skipping: [18.162.160.182]

TASK [nginx_sync : change python interpreter] **********************************
skipping: [13.70.5.57]

skipping: [18.162.160.182]

TASK [nginx_sync : Notify] *****************************************************
ok: [13.70.5.57] => {
    "msg": "Syncing gabo-nginx"

}
ok: [18.162.160.182] => {
    "msg": "Syncing gabo-nginx"
}


TASK [nginx_sync : include_vars] ***********************************************
ok: [13.70.5.57]
ok: [18.162.160.182]

TASK [nginx_sync : Synchronizing Nginx] ****************************************

ok: [13.70.5.57] => (item=conf)
ok: [18.162.160.182] => (item=conf)
changed: [13.70.5.57] => (item=conf.d)
changed: [18.162.160.182] => (item=conf.d)
ok: [13.70.5.57] => (item=data)

ok: [18.162.160.182] => (item=data)
changed: [13.70.5.57] => (item=html)
changed: [18.162.160.182] => (item=html)

TASK [nginx_sync : Set HTML Dir to root] ***************************************

changed: [18.162.160.182]
changed: [13.70.5.57]

TASK [all_servers : include_vars] **********************************************
ok: [13.70.5.57]

ok: [18.162.160.182]

TASK [all_servers : Notify] ****************************************************
ok: [13.70.5.57] => {
    "msg": "Clearing Nginx Cache for gabo-nginx"

}
ok: [18.162.160.182] => {
    "msg": "Clearing Nginx Cache for gabo-nginx"
}


TASK [all_servers : Copying clear_nginxcache.sh to remote hosts] ***************
ok: [13.70.5.57]
ok: [18.162.160.182]

TASK [all_servers : Nginx Clear Cache] *****************************************

changed: [13.70.5.57]
changed: [18.162.160.182]

TASK [all_servers : debug] *****************************************************
ok: [13.70.5.57] => {

    "script_result.stdout_lines": [
        "-----------------------------------------------------------", 
        "|                 Checking Nginx Config                   |", 
        "-----------------------------------------------------------", 
        "", 

        " nginx -t ", 
        "", 
        "-----------------------------------------------------------", 
        "|                 Stopping Nginx Process                  |", 
        "-----------------------------------------------------------", 

        "", 
        " /usr/bin/killall -9 nginx ", 
        "", 
        "-----------------------------------------------------------", 
        "|                 Clearing Proxy Cache                    |", 

        "-----------------------------------------------------------", 
        "", 
        " /bin/rm -rf /tmp/nginx_cache ", 
        "", 
        "-----------------------------------------------------------", 

        "|                Restarting Nginx Process                 |", 
        "-----------------------------------------------------------", 
        "root        818  0.0  0.0 107396  2064 ?        Ss    2019   0:00 /sbin/dhclient -q -lf /var/lib/dhclient/dhclient--eth0.lease -pf /var/run/dhclient-eth0.pid -H gabo-nginx3.hk.az.monaco1.me eth0", 
        "root      82767  0.6  0.0 113180  1496 ?        S    15:16   0:00 /bin/bash /bak/bin/clear_nginxcache.sh", 
        "root      82774  0.0  0.3 912840 13512 ?        Ss   15:16   0:00 nginx: master process /usr/local/nginx/sbin/nginx", 

        "nobody    82775  0.0  0.4 916852 17108 ?        S    15:16   0:00 nginx: worker process", 
        "nobody    82776  0.0  0.4 916852 17108 ?        S    15:16   0:00 nginx: worker process", 
        "nobody    82778  0.0  0.4 916852 17108 ?        S    15:16   0:00 nginx: worker process", 
        "nobody    82779  0.0  0.4 916852 17108 ?        S    15:16   0:00 nginx: worker process", 
        "nobody    82780  0.0  0.3 914924 14024 ?        S    15:16   0:00 nginx: cache manager process", 

        "nobody    82781  0.0  0.3 914924 14024 ?        S    15:16   0:00 nginx: cache loader process", 
        "root      82783  0.0  0.0 112712   952 ?        S    15:16   0:00 grep nginx", 
        "              total        used        free      shared  buff/cache   available", 
        "Mem:           3934         245         207         205        3480        3126", 
        "Swap:             0           0           0", 

        "-----------------------------------------------------------", 
        "|                     Reload SUCCESS!                     |", 
        "-----------------------------------------------------------"
    ]
}

ok: [18.162.160.182] => {
    "script_result.stdout_lines": [
        "-----------------------------------------------------------", 
        "|                 Checking Nginx Config                   |", 
        "-----------------------------------------------------------", 

        "", 
        " nginx -t ", 
        "", 
        "-----------------------------------------------------------", 
        "|                 Stopping Nginx Process                  |", 

        "-----------------------------------------------------------", 
        "", 
        " /usr/bin/killall -9 nginx ", 
        "", 
        "-----------------------------------------------------------", 

        "|                 Clearing Proxy Cache                    |", 
        "-----------------------------------------------------------", 
        "", 
        " /bin/rm -rf /tmp/nginx_cache ", 
        "", 

        "-----------------------------------------------------------", 
        "|                Restarting Nginx Process                 |", 
        "-----------------------------------------------------------", 
        "root       817  0.0  0.1 102904  2788 ?        Ss   Sep29   0:01 /sbin/dhclient -1 -q -lf /var/lib/dhclient/dhclient--ens5.lease -pf /var/run/dhclient-ens5.pid -H gabo-nginx1 ens5", 
        "root     16338  0.6  0.0 113288  1496 ?        S    15:16   0:00 /bin/bash /bak/bin/clear_nginxcache.sh", 

        "root     16345  0.0  0.9 918504 17040 ?        Ss   15:16   0:00 nginx: master process /usr/local/nginx/sbin/nginx", 
        "nobody   16346  0.0  1.1 920432 20532 ?        S    15:16   0:00 nginx: worker process", 
        "nobody   16347  0.0  1.1 920432 20532 ?        S    15:16   0:00 nginx: worker process", 
        "nobody   16349  0.0  1.1 920432 20532 ?        S    15:16   0:00 nginx: worker process", 
        "nobody   16350  0.0  1.1 920432 20532 ?        S    15:16   0:00 nginx: worker process", 

        "nobody   16351  0.0  0.9 918504 17444 ?        S    15:16   0:00 nginx: cache manager process", 
        "nobody   16352  0.0  0.9 918504 17444 ?        S    15:16   0:00 nginx: cache loader process", 
        "root     16354  0.0  0.0 112816   948 ?        S    15:16   0:00 grep nginx", 
        "              total        used        free      shared  buff/cache   available", 
        "Mem:           1799         226         152         108        1420        1282", 

        "Swap:             0           0           0", 
        "-----------------------------------------------------------", 
        "|                     Reload SUCCESS!                     |", 
        "-----------------------------------------------------------"
    ]

}

PLAY [127.0.0.1] ***************************************************************

TASK [sync_to_git : Synchronizing Nginx To GIT] ********************************

changed: [127.0.0.1]

TASK [sync_to_git : debug] *****************************************************
ok: [127.0.0.1] => {
    "msg": " [u'[master bec5796] jerry.lam', u' 1 file changed, 3 insertions(+)', u'Branch master set up to track remote branch master from origin.']"

}

PLAY [gabo-nginx] **************************************************************

PLAY [127.0.0.1] ***************************************************************


PLAY RECAP *********************************************************************
127.0.0.1                  : ok=2    changed=1    unreachable=0    failed=0    skipped=0    rescued=0    ignored=0   
13.70.5.57                 : ok=10   changed=3    unreachable=0    failed=0    skipped=2    rescued=0    ignored=0   
18.162.160.182             : ok=10   changed=3    unreachable=0    failed=0    skipped=2    rescued=0    ignored=0   



ESYNC_WORKER1_COMMAND_END
MAX RETRIES EXECUTED, COMMAND NOT RESPONDING