ESYNC_WORKER1_COMMAND_START
 [WARNING]: Invalid characters were found in group names but not replaced, use
-vvvv to see details

PLAY [gabo-nginx] **************************************************************


TASK [Gathering Facts] *********************************************************
ok: [119.81.239.189]
ok: [13.70.5.57]
ok: [119.9.91.59]


TASK [nginx_sync : Change python interpreter] **********************************
skipping: [119.9.91.59]
skipping: [13.70.5.57]
skipping: [119.81.239.189]


TASK [nginx_sync : change python interpreter] **********************************
skipping: [119.9.91.59]
skipping: [13.70.5.57]
skipping: [119.81.239.189]


TASK [nginx_sync : Notify] *****************************************************
ok: [119.9.91.59] => {
    "msg": "Syncing gabo-nginx"
}
ok: [13.70.5.57] => {

    "msg": "Syncing gabo-nginx"
}
ok: [119.81.239.189] => {
    "msg": "Syncing gabo-nginx"
}


TASK [nginx_sync : include_vars] ***********************************************
ok: [119.9.91.59]
ok: [13.70.5.57]
ok: [119.81.239.189]


TASK [nginx_sync : Synchronizing Nginx] ****************************************
ok: [119.9.91.59] => (item=conf)
ok: [13.70.5.57] => (item=conf)
ok: [119.81.239.189] => (item=conf)

changed: [13.70.5.57] => (item=conf.d)
changed: [119.9.91.59] => (item=conf.d)
changed: [119.81.239.189] => (item=conf.d)
ok: [13.70.5.57] => (item=data)
ok: [119.9.91.59] => (item=data)

ok: [119.81.239.189] => (item=data)
ok: [13.70.5.57] => (item=html)
ok: [119.9.91.59] => (item=html)
ok: [119.81.239.189] => (item=html)


TASK [all_servers : include_vars] **********************************************
ok: [119.9.91.59]
ok: [13.70.5.57]
ok: [119.81.239.189]


TASK [all_servers : Notify] ****************************************************
ok: [119.9.91.59] => {
    "msg": "Clearing Nginx Cache for gabo-nginx"
}
ok: [13.70.5.57] => {

    "msg": "Clearing Nginx Cache for gabo-nginx"
}
ok: [119.81.239.189] => {
    "msg": "Clearing Nginx Cache for gabo-nginx"
}


TASK [all_servers : Copying clear_nginxcache.sh to remote hosts] ***************
ok: [119.81.239.189]
ok: [13.70.5.57]
ok: [119.9.91.59]


TASK [all_servers : Nginx Clear Cache] *****************************************
changed: [119.81.239.189]
changed: [13.70.5.57]
changed: [119.9.91.59]


TASK [all_servers : debug] *****************************************************
ok: [119.9.91.59] => {
    "script_result.stdout_lines": [
        "-----------------------------------------------------------", 

        "|                 Checking Nginx Config                   |", 
        "-----------------------------------------------------------", 
        "", 
        " nginx -t ", 
        "", 

        "-----------------------------------------------------------", 
        "|                 Stopping Nginx Process                  |", 
        "-----------------------------------------------------------", 
        "", 
        " /usr/bin/killall -9 nginx ", 

        "", 
        "-----------------------------------------------------------", 
        "|                 Clearing Proxy Cache                    |", 
        "-----------------------------------------------------------", 
        "", 

        " /bin/rm -rf /tmp/nginx_cache ", 
        "", 
        "-----------------------------------------------------------", 
        "|                Restarting Nginx Process                 |", 
        "-----------------------------------------------------------", 

        "root     23560  1.6  0.0 113180  1524 ?        S    10:00   0:00 /bin/bash /bak/bin/clear_nginxcache.sh", 
        "root     23570  0.0  0.8 781192 15688 ?        Ss   10:00   0:00 nginx: master process /usr/local/nginx/sbin/nginx", 
        "nobody   23571  0.0  1.0 783120 19192 ?        S    10:00   0:00 nginx: worker process", 
        "nobody   23573  0.0  1.1 783120 20880 ?        S    10:00   0:00 nginx: worker process", 
        "nobody   23574  0.0  1.0 783120 19192 ?        S    10:00   0:00 nginx: worker process", 

        "nobody   23575  0.0  1.0 783120 19192 ?        S    10:00   0:00 nginx: worker process", 
        "nobody   23576  0.0  0.8 781192 16108 ?        S    10:00   0:00 nginx: cache manager process", 
        "nobody   23577  0.0  0.8 781192 16108 ?        S    10:00   0:00 nginx: cache loader process", 
        "root     23581  0.0  0.0 112708   960 ?        S    10:00   0:00 grep nginx", 
        "              total        used        free      shared  buff/cache   available", 

        "Mem:           1832         221         304         108        1306        1294", 
        "Swap:             0           0           0", 
        "-----------------------------------------------------------", 
        "|                     Reload SUCCESS!                     |", 
        "-----------------------------------------------------------"

    ]
}
ok: [13.70.5.57] => {
    "script_result.stdout_lines": [
        "-----------------------------------------------------------", 

        "|                 Checking Nginx Config                   |", 
        "-----------------------------------------------------------", 
        "", 
        " nginx -t ", 
        "", 

        "-----------------------------------------------------------", 
        "|                 Stopping Nginx Process                  |", 
        "-----------------------------------------------------------", 
        "", 
        " /usr/bin/killall -9 nginx ", 

        "", 
        "-----------------------------------------------------------", 
        "|                 Clearing Proxy Cache                    |", 
        "-----------------------------------------------------------", 
        "", 

        " /bin/rm -rf /tmp/nginx_cache ", 
        "", 
        "-----------------------------------------------------------", 
        "|                Restarting Nginx Process                 |", 
        "-----------------------------------------------------------", 

        "root        818  0.0  0.0 107396  2296 ?        Ss   Jul03   0:00 /sbin/dhclient -q -lf /var/lib/dhclient/dhclient--eth0.lease -pf /var/run/dhclient-eth0.pid -H gabo-nginx3.hk.az.monaco1.me eth0", 
        "root      13348  0.8  0.0 113180  1500 ?        S    10:00   0:00 /bin/bash /bak/bin/clear_nginxcache.sh", 
        "root      13355  0.0  0.3 781192 15696 ?        Ss   10:00   0:00 nginx: master process /usr/local/nginx/sbin/nginx", 
        "nobody    13356  0.0  0.5 785204 21092 ?        S    10:00   0:00 nginx: worker process", 
        "nobody    13358  0.0  0.5 785204 21180 ?        S    10:00   0:00 nginx: worker process", 

        "nobody    13359  0.0  0.5 785204 21088 ?        S    10:00   0:00 nginx: worker process", 
        "nobody    13360  0.0  0.5 785204 21144 ?        S    10:00   0:00 nginx: worker process", 
        "nobody    13361  0.0  0.4 783276 16200 ?        S    10:00   0:00 nginx: cache manager process", 
        "nobody    13362  0.0  0.4 783276 16200 ?        S    10:00   0:00 nginx: cache loader process", 
        "root      13368  0.0  0.0 112712   952 ?        S    10:00   0:00 grep nginx", 

        "              total        used        free      shared  buff/cache   available", 
        "Mem:           3934         215         334         205        3384        3053", 
        "Swap:             0           0           0", 
        "-----------------------------------------------------------", 
        "|                     Reload SUCCESS!                     |", 

        "-----------------------------------------------------------"
    ]
}
ok: [119.81.239.189] => {
    "script_result.stdout_lines": [

        "-----------------------------------------------------------", 
        "|                 Checking Nginx Config                   |", 
        "-----------------------------------------------------------", 
        "", 
        " nginx -t ", 

        "", 
        "-----------------------------------------------------------", 
        "|                 Stopping Nginx Process                  |", 
        "-----------------------------------------------------------", 
        "", 

        " /usr/bin/killall -9 nginx ", 
        "", 
        "-----------------------------------------------------------", 
        "|                 Clearing Proxy Cache                    |", 
        "-----------------------------------------------------------", 

        "", 
        " /bin/rm -rf /tmp/nginx_cache ", 
        "", 
        "-----------------------------------------------------------", 
        "|                Restarting Nginx Process                 |", 

        "-----------------------------------------------------------", 
        "root      8096  0.6  0.0 113180  1500 ?        S    10:00   0:00 /bin/bash /bak/bin/clear_nginxcache.sh", 
        "root      8103  0.0  0.4 781192 15696 ?        Ss   10:00   0:00 nginx: master process /usr/local/nginx/sbin/nginx", 
        "nobody    8104  0.0  0.5 783120 20852 ?        S    10:00   0:00 nginx: worker process", 
        "nobody    8106  0.0  0.5 783120 21072 ?        S    10:00   0:00 nginx: worker process", 

        "nobody    8107  0.0  0.4 783120 19204 ?        S    10:00   0:00 nginx: worker process", 
        "nobody    8108  0.0  0.5 783120 20648 ?        S    10:00   0:00 nginx: worker process", 
        "nobody    8109  0.0  0.4 781192 16120 ?        S    10:00   0:00 nginx: cache manager process", 
        "nobody    8110  0.0  0.4 781192 16120 ?        S    10:00   0:00 nginx: cache loader process", 
        "root      8112  0.0  0.0 112712   956 ?        S    10:00   0:00 grep nginx", 

        "              total        used        free      shared  buff/cache   available", 
        "Mem:           3783         163         252         204        3367        3105", 
        "Swap:          2047           0        2046", 
        "-----------------------------------------------------------", 
        "|                     Reload SUCCESS!                     |", 

        "-----------------------------------------------------------"
    ]
}

PLAY [127.0.0.1] ***************************************************************


TASK [sync_to_git : Synchronizing Nginx To GIT] ********************************
changed: [127.0.0.1]

TASK [sync_to_git : debug] *****************************************************

ok: [127.0.0.1] => {
    "msg": " [u'[master 19a3fed] jommel.valdez', u' 1 file changed, 1 insertion(+)', u'Branch master set up to track remote branch master from origin.']"
}

PLAY [gabo-nginx] **************************************************************


PLAY [127.0.0.1] ***************************************************************

PLAY RECAP *********************************************************************
119.81.239.189             : ok=9    changed=2    unreachable=0    failed=0    skipped=2    rescued=0    ignored=0   

119.9.91.59                : ok=9    changed=2    unreachable=0    failed=0    skipped=2    rescued=0    ignored=0   
127.0.0.1                  : ok=2    changed=1    unreachable=0    failed=0    skipped=0    rescued=0    ignored=0   
13.70.5.57                 : ok=9    changed=2    unreachable=0    failed=0    skipped=2    rescued=0    ignored=0   


ESYNC_WORKER1_COMMAND_END
MAX RETRIES EXECUTED, COMMAND NOT RESPONDING