ESYNC_WORKER1_COMMAND_START
 [WARNING]: Invalid characters were found in group names but not replaced, use
-vvvv to see details

PLAY [gabo-nginx] **************************************************************


TASK [Gathering Facts] *********************************************************
ok: [47.91.143.111]
ok: [13.70.5.57]

TASK [nginx_sync : Change python interpreter] **********************************

skipping: [13.70.5.57]
skipping: [47.91.143.111]

TASK [nginx_sync : change python interpreter] **********************************
skipping: [13.70.5.57]

skipping: [47.91.143.111]

TASK [nginx_sync : Notify] *****************************************************
ok: [13.70.5.57] => {
    "msg": "Syncing gabo-nginx"

}
ok: [47.91.143.111] => {
    "msg": "Syncing gabo-nginx"
}


TASK [nginx_sync : include_vars] ***********************************************
ok: [13.70.5.57]
ok: [47.91.143.111]

TASK [nginx_sync : Synchronizing Nginx] ****************************************

ok: [47.91.143.111] => (item=conf)
ok: [13.70.5.57] => (item=conf)
changed: [47.91.143.111] => (item=conf.d)
changed: [13.70.5.57] => (item=conf.d)
changed: [47.91.143.111] => (item=data)

changed: [13.70.5.57] => (item=data)
changed: [47.91.143.111] => (item=html)
changed: [13.70.5.57] => (item=html)

TASK [nginx_sync : Set HTML Dir to root] ***************************************

changed: [47.91.143.111]
changed: [13.70.5.57]

TASK [all_servers : include_vars] **********************************************
ok: [13.70.5.57]

ok: [47.91.143.111]

TASK [all_servers : Notify] ****************************************************
ok: [13.70.5.57] => {
    "msg": "Clearing Nginx Cache for gabo-nginx"

}
ok: [47.91.143.111] => {
    "msg": "Clearing Nginx Cache for gabo-nginx"
}


TASK [all_servers : Copying clear_nginxcache.sh to remote hosts] ***************
ok: [47.91.143.111]
ok: [13.70.5.57]

TASK [all_servers : Nginx Clear Cache] *****************************************

changed: [47.91.143.111]
changed: [13.70.5.57]

TASK [all_servers : debug] *****************************************************
ok: [13.70.5.57] => {

    "script_result.stdout_lines": [
        "-----------------------------------------------------------", 
        "|                 Checking Nginx Config                   |", 
        "-----------------------------------------------------------", 
        "", 

        " nginx -t ", 
        "", 
        "-----------------------------------------------------------", 
        "|                 Stopping Nginx Process                  |", 
        "-----------------------------------------------------------", 

        "", 
        " /usr/bin/killall -9 nginx ", 
        "", 
        "-----------------------------------------------------------", 
        "|                 Clearing Proxy Cache                    |", 

        "-----------------------------------------------------------", 
        "", 
        " /bin/rm -rf /tmp/nginx_cache ", 
        "", 
        "-----------------------------------------------------------", 

        "|                Restarting Nginx Process                 |", 
        "-----------------------------------------------------------", 
        "root        818  0.0  0.0 107396  2060 ?        Ss    2019   0:00 /sbin/dhclient -q -lf /var/lib/dhclient/dhclient--eth0.lease -pf /var/run/dhclient-eth0.pid -H gabo-nginx3.hk.az.monaco1.me eth0", 
        "root      35203  0.5  0.0 113180  1500 ?        S    17:05   0:00 /bin/bash /bak/bin/clear_nginxcache.sh", 
        "root      35334  0.0  0.3 912800 13660 ?        Ss   17:05   0:00 nginx: master process /usr/local/nginx/sbin/nginx", 

        "nobody    35335  0.0  0.4 916812 18924 ?        S    17:05   0:00 nginx: worker process", 
        "nobody    35337  0.0  0.4 916812 19152 ?        S    17:05   0:00 nginx: worker process", 
        "nobody    35338  0.0  0.4 916812 18692 ?        S    17:05   0:00 nginx: worker process", 
        "nobody    35339  0.0  0.4 916812 18952 ?        S    17:05   0:00 nginx: worker process", 
        "nobody    35340  0.0  0.3 914884 14172 ?        S    17:05   0:00 nginx: cache manager process", 

        "nobody    35341  0.0  0.3 914884 14172 ?        S    17:05   0:00 nginx: cache loader process", 
        "root      35345  0.0  0.0 112712   952 ?        S    17:05   0:00 grep nginx", 
        "              total        used        free      shared  buff/cache   available", 
        "Mem:           3934         287         372         205        3274        3083", 
        "Swap:             0           0           0", 

        "-----------------------------------------------------------", 
        "|                     Reload SUCCESS!                     |", 
        "-----------------------------------------------------------"
    ]
}

ok: [47.91.143.111] => {
    "script_result.stdout_lines": [
        "-----------------------------------------------------------", 
        "|                 Checking Nginx Config                   |", 
        "-----------------------------------------------------------", 

        "", 
        " nginx -t ", 
        "", 
        "-----------------------------------------------------------", 
        "|                 Stopping Nginx Process                  |", 

        "-----------------------------------------------------------", 
        "", 
        " /usr/bin/killall -9 nginx ", 
        "", 
        "-----------------------------------------------------------", 

        "|                 Clearing Proxy Cache                    |", 
        "-----------------------------------------------------------", 
        "", 
        " /bin/rm -rf /tmp/nginx_cache ", 
        "", 

        "-----------------------------------------------------------", 
        "|                Restarting Nginx Process                 |", 
        "-----------------------------------------------------------", 
        "root     10236  0.6  0.0 113188  1492 ?        S    17:05   0:00 /bin/bash /bak/bin/clear_nginxcache.sh", 
        "root     10337  0.0  0.7 912808 13656 ?        Ss   17:05   0:00 nginx: master process /usr/local/nginx/sbin/nginx", 

        "nobody   10338  0.0  0.9 914736 17168 ?        S    17:05   0:00 nginx: worker process", 
        "nobody   10340  0.0  0.9 914736 17168 ?        S    17:05   0:00 nginx: worker process", 
        "nobody   10341  0.0  0.9 914736 17168 ?        S    17:05   0:00 nginx: worker process", 
        "nobody   10342  0.0  0.9 914736 17168 ?        S    17:05   0:00 nginx: worker process", 
        "nobody   10343  0.0  0.7 912808 14084 ?        S    17:05   0:00 nginx: cache manager process", 

        "nobody   10344  0.0  0.7 912808 14084 ?        S    17:05   0:00 nginx: cache loader process", 
        "root     10403  0.0  0.0 112712   936 ?        S    17:05   0:00 grep nginx", 
        "              total        used        free      shared  buff/cache   available", 
        "Mem:           1837         293         143           4        1400        1356", 
        "Swap:             0           0           0", 

        "-----------------------------------------------------------", 
        "|                     Reload SUCCESS!                     |", 
        "-----------------------------------------------------------"
    ]
}


PLAY [127.0.0.1] ***************************************************************

TASK [sync_to_git : Synchronizing Nginx To GIT] ********************************
changed: [127.0.0.1]


TASK [sync_to_git : debug] *****************************************************
ok: [127.0.0.1] => {
    "msg": " [u'[master 57a202a] leriza.muralla', u' 2 files changed, 1 insertion(+)', u'Branch master set up to track remote branch master from origin.']"
}


PLAY [gabo-nginx] **************************************************************

PLAY [127.0.0.1] ***************************************************************


PLAY RECAP *********************************************************************
127.0.0.1                  : ok=2    changed=1    unreachable=0    failed=0    skipped=0    rescued=0    ignored=0   
13.70.5.57                 : ok=10   changed=3    unreachable=0    failed=0    skipped=2    rescued=0    ignored=0   
47.91.143.111              : ok=10   changed=3    unreachable=0    failed=0    skipped=2    rescued=0    ignored=0   



ESYNC_WORKER1_COMMAND_END
MAX RETRIES EXECUTED, COMMAND NOT RESPONDING