ESYNC_WORKER1_COMMAND_START
 [WARNING]: Invalid characters were found in group names but not replaced, use
-vvvv to see details

PLAY [gabo-nginx] **************************************************************


TASK [Gathering Facts] *********************************************************
ok: [13.70.5.57]
ok: [47.91.143.111]

TASK [nginx_sync : Change python interpreter] **********************************

skipping: [13.70.5.57]
skipping: [47.91.143.111]

TASK [nginx_sync : change python interpreter] **********************************
skipping: [13.70.5.57]

skipping: [47.91.143.111]

TASK [nginx_sync : Notify] *****************************************************
ok: [13.70.5.57] => {
    "msg": "Syncing gabo-nginx"

}
ok: [47.91.143.111] => {
    "msg": "Syncing gabo-nginx"
}


TASK [nginx_sync : include_vars] ***********************************************
ok: [13.70.5.57]
ok: [47.91.143.111]

TASK [nginx_sync : Synchronizing Nginx] ****************************************

ok: [47.91.143.111] => (item=conf)
ok: [13.70.5.57] => (item=conf)
changed: [13.70.5.57] => (item=conf.d)
changed: [47.91.143.111] => (item=conf.d)
changed: [47.91.143.111] => (item=data)

changed: [13.70.5.57] => (item=data)
changed: [13.70.5.57] => (item=html)
changed: [47.91.143.111] => (item=html)

TASK [nginx_sync : Set HTML Dir to root] ***************************************

changed: [47.91.143.111]
changed: [13.70.5.57]

TASK [all_servers : include_vars] **********************************************
ok: [13.70.5.57]

ok: [47.91.143.111]

TASK [all_servers : Notify] ****************************************************
ok: [13.70.5.57] => {
    "msg": "Clearing Nginx Cache for gabo-nginx"

}
ok: [47.91.143.111] => {
    "msg": "Clearing Nginx Cache for gabo-nginx"
}


TASK [all_servers : Copying clear_nginxcache.sh to remote hosts] ***************
ok: [47.91.143.111]
ok: [13.70.5.57]

TASK [all_servers : Nginx Clear Cache] *****************************************

changed: [13.70.5.57]
changed: [47.91.143.111]

TASK [all_servers : debug] *****************************************************
ok: [13.70.5.57] => {

    "script_result.stdout_lines": [
        "-----------------------------------------------------------", 
        "|                 Checking Nginx Config                   |", 
        "-----------------------------------------------------------", 
        "", 

        " nginx -t ", 
        "", 
        "-----------------------------------------------------------", 
        "|                 Stopping Nginx Process                  |", 
        "-----------------------------------------------------------", 

        "", 
        " /usr/bin/killall -9 nginx ", 
        "", 
        "-----------------------------------------------------------", 
        "|                 Clearing Proxy Cache                    |", 

        "-----------------------------------------------------------", 
        "", 
        " /bin/rm -rf /tmp/nginx_cache ", 
        "", 
        "-----------------------------------------------------------", 

        "|                Restarting Nginx Process                 |", 
        "-----------------------------------------------------------", 
        "root        818  0.0  0.0 107396  2060 ?        Ss    2019   0:00 /sbin/dhclient -q -lf /var/lib/dhclient/dhclient--eth0.lease -pf /var/run/dhclient-eth0.pid -H gabo-nginx3.hk.az.monaco1.me eth0", 
        "root     104948  0.8  0.0 113180  1500 ?        S    17:25   0:00 /bin/bash /bak/bin/clear_nginxcache.sh", 
        "root     104955  0.0  0.3 914028 13656 ?        Ss   17:25   0:00 nginx: master process /usr/local/nginx/sbin/nginx", 

        "nobody   104956  0.0  0.4 918040 19148 ?        S    17:25   0:00 nginx: worker process", 
        "nobody   104957  0.0  0.4 918040 19148 ?        S    17:25   0:00 nginx: worker process", 
        "nobody   104959  0.0  0.4 918040 18940 ?        S    17:25   0:00 nginx: worker process", 
        "nobody   104960  0.0  0.4 918040 18216 ?        S    17:25   0:00 nginx: worker process", 
        "nobody   104961  0.0  0.3 916112 14168 ?        S    17:25   0:00 nginx: cache manager process", 

        "nobody   104962  0.0  0.3 916112 14168 ?        S    17:25   0:00 nginx: cache loader process", 
        "root     104964  0.0  0.0 112712   956 ?        S    17:25   0:00 grep nginx", 
        "              total        used        free      shared  buff/cache   available", 
        "Mem:           3934         248         247         205        3438        3123", 
        "Swap:             0           0           0", 

        "-----------------------------------------------------------", 
        "|                     Reload SUCCESS!                     |", 
        "-----------------------------------------------------------"
    ]
}

ok: [47.91.143.111] => {
    "script_result.stdout_lines": [
        "-----------------------------------------------------------", 
        "|                 Checking Nginx Config                   |", 
        "-----------------------------------------------------------", 

        "", 
        " nginx -t ", 
        "", 
        "-----------------------------------------------------------", 
        "|                 Stopping Nginx Process                  |", 

        "-----------------------------------------------------------", 
        "", 
        " /usr/bin/killall -9 nginx ", 
        "", 
        "-----------------------------------------------------------", 

        "|                 Clearing Proxy Cache                    |", 
        "-----------------------------------------------------------", 
        "", 
        " /bin/rm -rf /tmp/nginx_cache ", 
        "", 

        "-----------------------------------------------------------", 
        "|                Restarting Nginx Process                 |", 
        "-----------------------------------------------------------", 
        "root     15311  0.3  0.0 113188  1492 ?        S    17:25   0:00 /bin/bash /bak/bin/clear_nginxcache.sh", 
        "root     15318  0.0  0.7 914036 13652 ?        Ss   17:25   0:00 nginx: master process /usr/local/nginx/sbin/nginx", 

        "nobody   15319  0.0  0.9 915964 17164 ?        S    17:25   0:00 nginx: worker process", 
        "nobody   15320  0.0  0.9 915964 17164 ?        S    17:25   0:00 nginx: worker process", 
        "nobody   15322  0.0  0.9 915964 17164 ?        S    17:25   0:00 nginx: worker process", 
        "nobody   15323  0.0  0.9 915964 17164 ?        S    17:25   0:00 nginx: worker process", 
        "nobody   15324  0.0  0.7 914036 14080 ?        S    17:25   0:00 nginx: cache manager process", 

        "nobody   15325  0.0  0.7 914036 14080 ?        S    17:25   0:00 nginx: cache loader process", 
        "root     15331  0.0  0.0 112712   936 ?        S    17:25   0:00 grep nginx", 
        "              total        used        free      shared  buff/cache   available", 
        "Mem:           1837         259         276           4        1302        1390", 
        "Swap:             0           0           0", 

        "-----------------------------------------------------------", 
        "|                     Reload SUCCESS!                     |", 
        "-----------------------------------------------------------"
    ]
}


PLAY [127.0.0.1] ***************************************************************

TASK [sync_to_git : Synchronizing Nginx To GIT] ********************************
changed: [127.0.0.1]


TASK [sync_to_git : debug] *****************************************************
ok: [127.0.0.1] => {
    "msg": " [u'[master 016d9e4] leriza.muralla', u' 4 files changed, 28 insertions(+), 20 deletions(-)', u'Branch master set up to track remote branch master from origin.']"
}


PLAY [gabo-nginx] **************************************************************

PLAY [127.0.0.1] ***************************************************************


PLAY RECAP *********************************************************************
127.0.0.1                  : ok=2    changed=1    unreachable=0    failed=0    skipped=0    rescued=0    ignored=0   
13.70.5.57                 : ok=10   changed=3    unreachable=0    failed=0    skipped=2    rescued=0    ignored=0   
47.91.143.111              : ok=10   changed=3    unreachable=0    failed=0    skipped=2    rescued=0    ignored=0   



ESYNC_WORKER1_COMMAND_END
MAX RETRIES EXECUTED, COMMAND NOT RESPONDING