ESYNC_WORKER1_COMMAND_START
 [WARNING]: Invalid characters were found in group names but not replaced, use
-vvvv to see details

PLAY [gabo-nginx] **************************************************************


TASK [Gathering Facts] *********************************************************
ok: [13.70.5.57]
ok: [119.81.239.189]
ok: [119.9.91.59]


TASK [nginx_sync : Change python interpreter] **********************************
skipping: [119.9.91.59]
skipping: [13.70.5.57]
skipping: [119.81.239.189]


TASK [nginx_sync : change python interpreter] **********************************
skipping: [119.9.91.59]
skipping: [13.70.5.57]
skipping: [119.81.239.189]


TASK [nginx_sync : Notify] *****************************************************
ok: [119.9.91.59] => {
    "msg": "Syncing gabo-nginx"
}
ok: [13.70.5.57] => {

    "msg": "Syncing gabo-nginx"
}
ok: [119.81.239.189] => {
    "msg": "Syncing gabo-nginx"
}


TASK [nginx_sync : include_vars] ***********************************************
ok: [119.9.91.59]
ok: [13.70.5.57]
ok: [119.81.239.189]


TASK [nginx_sync : Synchronizing Nginx] ****************************************
ok: [13.70.5.57] => (item=conf)
changed: [119.9.91.59] => (item=conf)
ok: [119.81.239.189] => (item=conf)

changed: [119.81.239.189] => (item=conf.d)
changed: [119.9.91.59] => (item=conf.d)
ok: [119.81.239.189] => (item=data)
ok: [119.9.91.59] => (item=data)
changed: [13.70.5.57] => (item=conf.d)

ok: [119.81.239.189] => (item=html)
ok: [119.9.91.59] => (item=html)
ok: [13.70.5.57] => (item=data)
ok: [13.70.5.57] => (item=html)


TASK [all_servers : include_vars] **********************************************
ok: [119.9.91.59]
ok: [13.70.5.57]
ok: [119.81.239.189]


TASK [all_servers : Notify] ****************************************************
ok: [119.9.91.59] => {
    "msg": "Clearing Nginx Cache for gabo-nginx"
}
ok: [13.70.5.57] => {

    "msg": "Clearing Nginx Cache for gabo-nginx"
}
ok: [119.81.239.189] => {
    "msg": "Clearing Nginx Cache for gabo-nginx"
}


TASK [all_servers : Copying clear_nginxcache.sh to remote hosts] ***************
ok: [119.81.239.189]
ok: [13.70.5.57]
ok: [119.9.91.59]


TASK [all_servers : Nginx Clear Cache] *****************************************
changed: [119.81.239.189]
changed: [13.70.5.57]
changed: [119.9.91.59]


TASK [all_servers : debug] *****************************************************
ok: [119.9.91.59] => {
    "script_result.stdout_lines": [
        "-----------------------------------------------------------", 

        "|                 Checking Nginx Config                   |", 
        "-----------------------------------------------------------", 
        "", 
        " nginx -t ", 
        "", 

        "-----------------------------------------------------------", 
        "|                 Stopping Nginx Process                  |", 
        "-----------------------------------------------------------", 
        "", 
        " /usr/bin/killall -9 nginx ", 

        "", 
        "-----------------------------------------------------------", 
        "|                 Clearing Proxy Cache                    |", 
        "-----------------------------------------------------------", 
        "", 

        " /bin/rm -rf /tmp/nginx_cache ", 
        "", 
        "-----------------------------------------------------------", 
        "|                Restarting Nginx Process                 |", 
        "-----------------------------------------------------------", 

        "root     28401  1.6  0.0 113180  1520 ?        S    11:30   0:00 /bin/bash /bak/bin/clear_nginxcache.sh", 
        "root     28411  0.0  0.8 781192 15688 ?        Ss   11:30   0:00 nginx: master process /usr/local/nginx/sbin/nginx", 
        "nobody   28413  0.0  1.1 783120 21048 ?        S    11:30   0:00 nginx: worker process", 
        "nobody   28414  0.0  1.0 783120 19444 ?        S    11:30   0:00 nginx: worker process", 
        "nobody   28415  0.0  1.0 783120 19192 ?        S    11:30   0:00 nginx: worker process", 

        "nobody   28416  0.0  1.0 783120 19192 ?        S    11:30   0:00 nginx: worker process", 
        "nobody   28417  0.0  0.8 781192 16108 ?        S    11:30   0:00 nginx: cache manager process", 
        "nobody   28418  0.0  0.8 781192 16108 ?        S    11:30   0:00 nginx: cache loader process", 
        "root     28422  0.0  0.0 112708   964 ?        S    11:30   0:00 grep nginx", 
        "              total        used        free      shared  buff/cache   available", 

        "Mem:           1832         243         408         112        1180        1265", 
        "Swap:             0           0           0", 
        "-----------------------------------------------------------", 
        "|                     Reload SUCCESS!                     |", 
        "-----------------------------------------------------------"

    ]
}
ok: [13.70.5.57] => {
    "script_result.stdout_lines": [
        "-----------------------------------------------------------", 

        "|                 Checking Nginx Config                   |", 
        "-----------------------------------------------------------", 
        "", 
        " nginx -t ", 
        "", 

        "-----------------------------------------------------------", 
        "|                 Stopping Nginx Process                  |", 
        "-----------------------------------------------------------", 
        "", 
        " /usr/bin/killall -9 nginx ", 

        "", 
        "-----------------------------------------------------------", 
        "|                 Clearing Proxy Cache                    |", 
        "-----------------------------------------------------------", 
        "", 

        " /bin/rm -rf /tmp/nginx_cache ", 
        "", 
        "-----------------------------------------------------------", 
        "|                Restarting Nginx Process                 |", 
        "-----------------------------------------------------------", 

        "root        818  0.0  0.0 107396  2296 ?        Ss   Jul03   0:00 /sbin/dhclient -q -lf /var/lib/dhclient/dhclient--eth0.lease -pf /var/run/dhclient-eth0.pid -H gabo-nginx3.hk.az.monaco1.me eth0", 
        "root      51574  0.6  0.0 113180  1500 ?        S    11:30   0:00 /bin/bash /bak/bin/clear_nginxcache.sh", 
        "root      51581  0.0  0.3 781192 15692 ?        Ss   11:30   0:00 nginx: master process /usr/local/nginx/sbin/nginx", 
        "nobody    51582  0.0  0.5 785344 21188 ?        S    11:30   0:00 nginx: worker process", 
        "nobody    51584  0.5  0.5 785344 21200 ?        S    11:30   0:00 nginx: worker process", 

        "nobody    51585  0.0  0.5 785344 21084 ?        S    11:30   0:00 nginx: worker process", 
        "nobody    51586  0.0  0.5 785204 20720 ?        S    11:30   0:00 nginx: worker process", 
        "nobody    51587  0.0  0.4 783276 16196 ?        S    11:30   0:00 nginx: cache manager process", 
        "nobody    51588  0.0  0.4 783276 16196 ?        S    11:30   0:00 nginx: cache loader process", 
        "root      51590  0.0  0.0 112712   952 ?        S    11:30   0:00 grep nginx", 

        "              total        used        free      shared  buff/cache   available", 
        "Mem:           3934         205         522         205        3205        3160", 
        "Swap:             0           0           0", 
        "-----------------------------------------------------------", 
        "|                     Reload SUCCESS!                     |", 

        "-----------------------------------------------------------"
    ]
}
ok: [119.81.239.189] => {
    "script_result.stdout_lines": [

        "-----------------------------------------------------------", 
        "|                 Checking Nginx Config                   |", 
        "-----------------------------------------------------------", 
        "", 
        " nginx -t ", 

        "", 
        "-----------------------------------------------------------", 
        "|                 Stopping Nginx Process                  |", 
        "-----------------------------------------------------------", 
        "", 

        " /usr/bin/killall -9 nginx ", 
        "", 
        "-----------------------------------------------------------", 
        "|                 Clearing Proxy Cache                    |", 
        "-----------------------------------------------------------", 

        "", 
        " /bin/rm -rf /tmp/nginx_cache ", 
        "", 
        "-----------------------------------------------------------", 
        "|                Restarting Nginx Process                 |", 

        "-----------------------------------------------------------", 
        "root     11189  0.8  0.0 113180  1508 ?        S    11:30   0:00 /bin/bash /bak/bin/clear_nginxcache.sh", 
        "root     11196  0.0  0.4 781192 15696 ?        Ss   11:30   0:00 nginx: master process /usr/local/nginx/sbin/nginx", 
        "nobody   11197  0.0  0.4 783120 19204 ?        S    11:30   0:00 nginx: worker process", 
        "nobody   11199  0.0  0.4 783120 19204 ?        S    11:30   0:00 nginx: worker process", 

        "nobody   11200  0.0  0.4 783120 19204 ?        S    11:30   0:00 nginx: worker process", 
        "nobody   11201  0.0  0.4 783120 19204 ?        S    11:30   0:00 nginx: worker process", 
        "nobody   11202  0.0  0.4 781192 16120 ?        S    11:30   0:00 nginx: cache manager process", 
        "nobody   11203  0.0  0.4 781192 16120 ?        S    11:30   0:00 nginx: cache loader process", 
        "root     11205  0.0  0.0 112708   960 ?        S    11:30   0:00 grep nginx", 

        "              total        used        free      shared  buff/cache   available", 
        "Mem:           3783         147         307         204        3329        3125", 
        "Swap:          2047           7        2039", 
        "-----------------------------------------------------------", 
        "|                     Reload SUCCESS!                     |", 

        "-----------------------------------------------------------"
    ]
}

PLAY [127.0.0.1] ***************************************************************


TASK [sync_to_git : Synchronizing Nginx To GIT] ********************************
changed: [127.0.0.1]

TASK [sync_to_git : debug] *****************************************************

ok: [127.0.0.1] => {
    "msg": " [u'# On branch master', u'# Changes not staged for commit:', u'#   (use \"git add/rm <file>...\" to update what will be committed)', u'#   (use \"git checkout -- <file>...\" to discard changes in working directory)', u'#', u'#\\tdeleted:    nginx/conf.d/80-443/jab888.com.conf', u'#\\tdeleted:    nginx/conf.d/include/gabo_gameclient_masterconfig.include', u'#\\tdeleted:    nginx/conf.d/include/gabo_jab888_masterconfig.include', u'#\\tdeleted:    nginx/conf.d/other/cpms_front_tianhe.conf', u'#\\tdeleted:    nginx/conf.d/other/ptclient.conf', u'#', u'no changes added to commit (use \"git add\" and/or \"git commit -a\")', u'Branch master set up to track remote branch master from origin.']"
}

PLAY [gabo-nginx] **************************************************************


PLAY [127.0.0.1] ***************************************************************

PLAY RECAP *********************************************************************
119.81.239.189             : ok=9    changed=2    unreachable=0    failed=0    skipped=2    rescued=0    ignored=0   

119.9.91.59                : ok=9    changed=2    unreachable=0    failed=0    skipped=2    rescued=0    ignored=0   
127.0.0.1                  : ok=2    changed=1    unreachable=0    failed=0    skipped=0    rescued=0    ignored=0   
13.70.5.57                 : ok=9    changed=2    unreachable=0    failed=0    skipped=2    rescued=0    ignored=0   


ESYNC_WORKER1_COMMAND_END
MAX RETRIES EXECUTED, COMMAND NOT RESPONDING