ESYNC_WORKER1_COMMAND_START
 [WARNING]: Invalid characters were found in group names but not replaced, use
-vvvv to see details

PLAY [gabo-nginx] **************************************************************


TASK [Gathering Facts] *********************************************************
ok: [47.91.143.111]
ok: [13.70.5.57]
ok: [119.9.91.59]


TASK [nginx_sync : Change python interpreter] **********************************
skipping: [119.9.91.59]
skipping: [13.70.5.57]
skipping: [47.91.143.111]


TASK [nginx_sync : change python interpreter] **********************************
skipping: [119.9.91.59]
skipping: [13.70.5.57]
skipping: [47.91.143.111]


TASK [nginx_sync : Notify] *****************************************************
ok: [119.9.91.59] => {
    "msg": "Syncing gabo-nginx"
}
ok: [13.70.5.57] => {

    "msg": "Syncing gabo-nginx"
}
ok: [47.91.143.111] => {
    "msg": "Syncing gabo-nginx"
}


TASK [nginx_sync : include_vars] ***********************************************
ok: [119.9.91.59]
ok: [13.70.5.57]
ok: [47.91.143.111]


TASK [nginx_sync : Synchronizing Nginx] ****************************************
ok: [13.70.5.57] => (item=conf)
ok: [119.9.91.59] => (item=conf)
ok: [47.91.143.111] => (item=conf)

changed: [13.70.5.57] => (item=conf.d)
changed: [47.91.143.111] => (item=conf.d)
changed: [119.9.91.59] => (item=conf.d)
changed: [13.70.5.57] => (item=data)
changed: [47.91.143.111] => (item=data)

changed: [119.9.91.59] => (item=data)
changed: [13.70.5.57] => (item=html)
changed: [47.91.143.111] => (item=html)
changed: [119.9.91.59] => (item=html)


TASK [nginx_sync : Set HTML Dir to root] ***************************************
changed: [47.91.143.111]
changed: [13.70.5.57]
changed: [119.9.91.59]


TASK [all_servers : include_vars] **********************************************
ok: [119.9.91.59]
ok: [13.70.5.57]
ok: [47.91.143.111]


TASK [all_servers : Notify] ****************************************************
ok: [119.9.91.59] => {
    "msg": "Clearing Nginx Cache for gabo-nginx"
}
ok: [13.70.5.57] => {

    "msg": "Clearing Nginx Cache for gabo-nginx"
}
ok: [47.91.143.111] => {
    "msg": "Clearing Nginx Cache for gabo-nginx"
}


TASK [all_servers : Copying clear_nginxcache.sh to remote hosts] ***************
ok: [47.91.143.111]
ok: [13.70.5.57]
ok: [119.9.91.59]


TASK [all_servers : Nginx Clear Cache] *****************************************
changed: [47.91.143.111]
changed: [13.70.5.57]
changed: [119.9.91.59]


TASK [all_servers : debug] *****************************************************
ok: [119.9.91.59] => {
    "script_result.stdout_lines": [
        "-----------------------------------------------------------", 

        "|                 Checking Nginx Config                   |", 
        "-----------------------------------------------------------", 
        "", 
        " nginx -t ", 
        "", 

        "-----------------------------------------------------------", 
        "|                 Stopping Nginx Process                  |", 
        "-----------------------------------------------------------", 
        "", 
        " /usr/bin/killall -9 nginx ", 

        "", 
        "-----------------------------------------------------------", 
        "|                 Clearing Proxy Cache                    |", 
        "-----------------------------------------------------------", 
        "", 

        " /bin/rm -rf /tmp/nginx_cache ", 
        "", 
        "-----------------------------------------------------------", 
        "|                Restarting Nginx Process                 |", 
        "-----------------------------------------------------------", 

        "root      6408  1.0  0.0 113180  1512 ?        S    19:59   0:00 /bin/bash /bak/bin/clear_nginxcache.sh", 
        "root      6419  0.0  0.7 910304 13660 ?        Ss   19:59   0:00 nginx: master process /usr/local/nginx/sbin/nginx", 
        "nobody    6420  0.0  0.9 912232 17168 ?        S    19:59   0:00 nginx: worker process", 
        "nobody    6421  0.0  0.9 912232 17168 ?        S    19:59   0:00 nginx: worker process", 
        "nobody    6423  0.0  0.9 912232 17168 ?        S    19:59   0:00 nginx: worker process", 

        "nobody    6424  0.0  0.9 912232 17168 ?        S    19:59   0:00 nginx: worker process", 
        "nobody    6425  0.0  0.7 910304 14084 ?        S    19:59   0:00 nginx: cache manager process", 
        "nobody    6426  0.0  0.7 910304 14084 ?        S    19:59   0:00 nginx: cache loader process", 
        "root      6428  0.0  0.0 112712   968 ?        S    19:59   0:00 grep nginx", 
        "              total        used        free      shared  buff/cache   available", 

        "Mem:           1832         268         215         101        1348        1248", 
        "Swap:             0           0           0", 
        "-----------------------------------------------------------", 
        "|                     Reload SUCCESS!                     |", 
        "-----------------------------------------------------------"

    ]
}
ok: [13.70.5.57] => {
    "script_result.stdout_lines": [
        "-----------------------------------------------------------", 

        "|                 Checking Nginx Config                   |", 
        "-----------------------------------------------------------", 
        "", 
        " nginx -t ", 
        "", 

        "-----------------------------------------------------------", 
        "|                 Stopping Nginx Process                  |", 
        "-----------------------------------------------------------", 
        "", 
        " /usr/bin/killall -9 nginx ", 

        "", 
        "-----------------------------------------------------------", 
        "|                 Clearing Proxy Cache                    |", 
        "-----------------------------------------------------------", 
        "", 

        " /bin/rm -rf /tmp/nginx_cache ", 
        "", 
        "-----------------------------------------------------------", 
        "|                Restarting Nginx Process                 |", 
        "-----------------------------------------------------------", 

        "root        818  0.0  0.0 107396  2100 ?        Ss    2019   0:00 /sbin/dhclient -q -lf /var/lib/dhclient/dhclient--eth0.lease -pf /var/run/dhclient-eth0.pid -H gabo-nginx3.hk.az.monaco1.me eth0", 
        "root      95132  0.6  0.0 113180  1496 ?        S    19:59   0:00 /bin/bash /bak/bin/clear_nginxcache.sh", 
        "root      95139  0.0  0.3 910308 13664 ?        Ss   19:59   0:00 nginx: master process /usr/local/nginx/sbin/nginx", 
        "nobody    95140  0.0  0.4 914320 18960 ?        S    19:59   0:00 nginx: worker process", 
        "nobody    95141  0.0  0.4 914320 19112 ?        S    19:59   0:00 nginx: worker process", 

        "nobody    95143  0.0  0.4 914320 18692 ?        S    19:59   0:00 nginx: worker process", 
        "nobody    95144  0.0  0.4 914320 17512 ?        S    19:59   0:00 nginx: worker process", 
        "nobody    95145  0.0  0.3 912392 14176 ?        S    19:59   0:00 nginx: cache manager process", 
        "nobody    95146  0.0  0.3 912392 14176 ?        S    19:59   0:00 nginx: cache loader process", 
        "root      95148  0.0  0.0 112712   956 ?        S    19:59   0:00 grep nginx", 

        "              total        used        free      shared  buff/cache   available", 
        "Mem:           3934         250         313         213        3369        3109", 
        "Swap:             0           0           0", 
        "-----------------------------------------------------------", 
        "|                     Reload SUCCESS!                     |", 

        "-----------------------------------------------------------"
    ]
}
ok: [47.91.143.111] => {
    "script_result.stdout_lines": [

        "-----------------------------------------------------------", 
        "|                 Checking Nginx Config                   |", 
        "-----------------------------------------------------------", 
        "", 
        " nginx -t ", 

        "", 
        "-----------------------------------------------------------", 
        "|                 Stopping Nginx Process                  |", 
        "-----------------------------------------------------------", 
        "", 

        " /usr/bin/killall -9 nginx ", 
        "", 
        "-----------------------------------------------------------", 
        "|                 Clearing Proxy Cache                    |", 
        "-----------------------------------------------------------", 

        "", 
        " /bin/rm -rf /tmp/nginx_cache ", 
        "", 
        "-----------------------------------------------------------", 
        "|                Restarting Nginx Process                 |", 

        "-----------------------------------------------------------", 
        "root       994  0.5  0.0 113188  1492 ?        S    19:59   0:00 /bin/bash /bak/bin/clear_nginxcache.sh", 
        "root      1001  0.0  0.7 910312 13652 ?        Ss   19:59   0:00 nginx: master process /usr/local/nginx/sbin/nginx", 
        "nobody    1002  0.0  0.9 912240 17164 ?        S    19:59   0:00 nginx: worker process", 
        "nobody    1003  0.0  0.9 912240 17164 ?        S    19:59   0:00 nginx: worker process", 

        "nobody    1005  0.0  0.9 912240 17164 ?        S    19:59   0:00 nginx: worker process", 
        "nobody    1006  0.0  0.9 912240 17164 ?        S    19:59   0:00 nginx: worker process", 
        "nobody    1007  0.0  0.7 910312 14080 ?        S    19:59   0:00 nginx: cache manager process", 
        "nobody    1008  0.0  0.7 910312 14080 ?        S    19:59   0:00 nginx: cache loader process", 
        "root      1010  0.0  0.0 112712   936 ?        S    19:59   0:00 grep nginx", 

        "              total        used        free      shared  buff/cache   available", 
        "Mem:           1837         260         147           4        1429        1389", 
        "Swap:             0           0           0", 
        "-----------------------------------------------------------", 
        "|                     Reload SUCCESS!                     |", 

        "-----------------------------------------------------------"
    ]
}

PLAY [127.0.0.1] ***************************************************************


TASK [sync_to_git : Synchronizing Nginx To GIT] ********************************
changed: [127.0.0.1]

TASK [sync_to_git : debug] *****************************************************

ok: [127.0.0.1] => {
    "msg": " [u'[master 7415787] quincy', u' 2 files changed, 3 insertions(+)', u'Branch master set up to track remote branch master from origin.']"
}

PLAY [gabo-nginx] **************************************************************


PLAY [127.0.0.1] ***************************************************************

PLAY RECAP *********************************************************************
119.9.91.59                : ok=10   changed=3    unreachable=0    failed=0    skipped=2    rescued=0    ignored=0   

127.0.0.1                  : ok=2    changed=1    unreachable=0    failed=0    skipped=0    rescued=0    ignored=0   
13.70.5.57                 : ok=10   changed=3    unreachable=0    failed=0    skipped=2    rescued=0    ignored=0   
47.91.143.111              : ok=10   changed=3    unreachable=0    failed=0    skipped=2    rescued=0    ignored=0   


ESYNC_WORKER1_COMMAND_END
MAX RETRIES EXECUTED, COMMAND NOT RESPONDING