ESYNC_WORKER1_COMMAND_START

PLAY [gabo-nginx] **************************************************************

TASK [nginx_sync : Notify] *****************************************************
ok: [52.175.19.240] => {

    "msg": "Syncing gabo-nginx"
}
ok: [13.75.115.53] => {
    "msg": "Syncing gabo-nginx"
}

ok: [13.94.46.10] => {
    "msg": "Syncing gabo-nginx"
}

TASK [nginx_sync : include_vars] ***********************************************

ok: [52.175.19.240]
ok: [13.75.115.53]
ok: [13.94.46.10]

TASK [nginx_sync : Synchronizing Nginx] ****************************************

ok: [13.94.46.10] => (item=conf)
ok: [52.175.19.240] => (item=conf)
ok: [13.75.115.53] => (item=conf)
changed: [13.94.46.10] => (item=conf.d)
changed: [52.175.19.240] => (item=conf.d)

changed: [13.75.115.53] => (item=conf.d)
ok: [13.94.46.10] => (item=data)
ok: [52.175.19.240] => (item=data)
ok: [52.175.19.240] => (item=html)
ok: [13.75.115.53] => (item=data)

ok: [13.94.46.10] => (item=html)
ok: [13.75.115.53] => (item=html)

TASK [all_servers : include_vars] **********************************************
ok: [52.175.19.240]

ok: [13.75.115.53]
ok: [13.94.46.10]

TASK [all_servers : Notify] ****************************************************
ok: [52.175.19.240] => {

    "msg": "Clearing Nginx Cache for gabo-nginx"
}
ok: [13.75.115.53] => {
    "msg": "Clearing Nginx Cache for gabo-nginx"
}

ok: [13.94.46.10] => {
    "msg": "Clearing Nginx Cache for gabo-nginx"
}

TASK [all_servers : Copying clear_nginxcache.sh to remote hosts] ***************

ok: [13.75.115.53]
ok: [13.94.46.10]
ok: [52.175.19.240]

TASK [all_servers : Nginx Clear Cache] *****************************************

changed: [13.75.115.53]
changed: [13.94.46.10]
changed: [52.175.19.240]

TASK [all_servers : debug] *****************************************************

ok: [52.175.19.240] => {
    "script_result.stdout_lines": [
        "-----------------------------------------------------------", 
        "|                 Checking Nginx Config                   |", 
        "-----------------------------------------------------------", 

        "", 
        " nginx -t ", 
        "", 
        "-----------------------------------------------------------", 
        "|                 Stopping Nginx Process                  |", 

        "-----------------------------------------------------------", 
        "", 
        " /usr/bin/killall -9 nginx ", 
        "", 
        "-----------------------------------------------------------", 

        "|                 Clearing Proxy Cache                    |", 
        "-----------------------------------------------------------", 
        "", 
        " /bin/rm -rf /tmp/nginx_cache ", 
        "", 

        "-----------------------------------------------------------", 
        "|                Restarting Nginx Process                 |", 
        "-----------------------------------------------------------", 
        "root      21609  0.0  0.0   9120   644 ?        Ss    2018   0:00 /sbin/dhclient -H gabo-nginx4.hk.az.monaco1.me -1 -q -cf /etc/dhcp/dhclient-eth0.conf -lf /var/lib/dhclient/dhclient-eth0.leases -pf /var/run/dhclient-eth0.pid eth0", 
        "root     105161  0.0  0.0 106112  1296 ?        S    10:38   0:00 /bin/bash /bak/bin/clear_nginxcache.sh", 

        "root     105172  0.0  0.5 816768 19112 ?        Ss   10:38   0:00 nginx: master process /usr/local/nginx/sbin/nginx", 
        "nobody   105174  2.3  1.1 818696 41000 ?        S    10:38   0:00 nginx: worker process      ", 
        "nobody   105175  0.6  1.1 818696 40976 ?        S    10:38   0:00 nginx: worker process      ", 
        "nobody   105176  1.0  1.1 818696 41028 ?        S    10:38   0:00 nginx: worker process      ", 
        "nobody   105177  3.3  1.1 818696 40976 ?        S    10:38   0:00 nginx: worker process      ", 

        "nobody   105178  1.0  1.0 816768 37860 ?        S    10:38   0:00 nginx: cache manager process", 
        "nobody   105179  1.0  1.0 816768 37780 ?        S    10:38   0:00 nginx: cache loader process", 
        "root     105228  0.0  0.0 103268   836 ?        S    10:38   0:00 grep nginx", 
        "             total       used       free     shared    buffers     cached", 
        "Mem:          3440       3027        412          0        194        408", 

        "-/+ buffers/cache:       2424       1015", 
        "Swap:            0          0          0", 
        "-----------------------------------------------------------", 
        "|                     Reload SUCCESS!                     |", 
        "-----------------------------------------------------------"

    ]
}
ok: [13.75.115.53] => {
    "script_result.stdout_lines": [
        "-----------------------------------------------------------", 

        "|                 Checking Nginx Config                   |", 
        "-----------------------------------------------------------", 
        "", 
        " nginx -t ", 
        "", 

        "-----------------------------------------------------------", 
        "|                 Stopping Nginx Process                  |", 
        "-----------------------------------------------------------", 
        "", 
        " /usr/bin/killall -9 nginx ", 

        "", 
        "-----------------------------------------------------------", 
        "|                 Clearing Proxy Cache                    |", 
        "-----------------------------------------------------------", 
        "", 

        " /bin/rm -rf /tmp/nginx_cache ", 
        "", 
        "-----------------------------------------------------------", 
        "|                Restarting Nginx Process                 |", 
        "-----------------------------------------------------------", 

        "root       7929  0.0  0.0 106112  1292 ?        S    10:38   0:00 /bin/bash /bak/bin/clear_nginxcache.sh", 
        "root       7940  0.0  0.5 816772 19120 ?        Ss   10:38   0:00 nginx: master process /usr/local/nginx/sbin/nginx", 
        "nobody     7942  0.6  1.0 818700 36352 ?        S    10:38   0:00 nginx: worker process      ", 
        "nobody     7943  0.6  1.0 818700 36280 ?        S    10:38   0:00 nginx: worker process      ", 
        "nobody     7944  0.6  1.0 818700 36280 ?        S    10:38   0:00 nginx: worker process      ", 

        "nobody     7945  0.6  1.0 818700 36308 ?        S    10:38   0:00 nginx: worker process      ", 
        "nobody     7946  0.6  0.9 816772 33120 ?        S    10:38   0:00 nginx: cache manager process", 
        "nobody     7947  0.6  0.9 816772 33056 ?        S    10:38   0:00 nginx: cache loader process", 
        "root       7984  0.0  0.0 103264   832 ?        S    10:38   0:00 grep nginx", 
        "root      72245  0.0  0.0   9120   668 ?        Ss    2018   0:00 /sbin/dhclient -H gabo-nginx5.hk.az.monaco1.me -1 -q -cf /etc/dhcp/dhclient-eth0.conf -lf /var/lib/dhclient/dhclient-eth0.leases -pf /var/run/dhclient-eth0.pid eth0", 

        "             total       used       free     shared    buffers     cached", 
        "Mem:          3440       3270        170          0        304        309", 
        "-/+ buffers/cache:       2656        783", 
        "Swap:            0          0          0", 
        "-----------------------------------------------------------", 

        "|                     Reload SUCCESS!                     |", 
        "-----------------------------------------------------------"
    ]
}
ok: [13.94.46.10] => {

    "script_result.stdout_lines": [
        "-----------------------------------------------------------", 
        "|                 Checking Nginx Config                   |", 
        "-----------------------------------------------------------", 
        "", 

        " nginx -t ", 
        "", 
        "-----------------------------------------------------------", 
        "|                 Stopping Nginx Process                  |", 
        "-----------------------------------------------------------", 

        "", 
        " /usr/bin/killall -9 nginx ", 
        "", 
        "-----------------------------------------------------------", 
        "|                 Clearing Proxy Cache                    |", 

        "-----------------------------------------------------------", 
        "", 
        " /bin/rm -rf /tmp/nginx_cache ", 
        "", 
        "-----------------------------------------------------------", 

        "|                Restarting Nginx Process                 |", 
        "-----------------------------------------------------------", 
        "root      22312  0.0  0.0   9120   640 ?        Ss    2018   0:00 /sbin/dhclient -H gabo-nginx6.hk.az.monaco1.me -1 -q -cf /etc/dhcp/dhclient-eth0.conf -lf /var/lib/dhclient/dhclient-eth0.leases -pf /var/run/dhclient-eth0.pid eth0", 
        "root      95787  0.0  0.0 106112  1296 ?        S    10:38   0:00 /bin/bash /bak/bin/clear_nginxcache.sh", 
        "root      95801  0.0  0.5 816772 19124 ?        Ss   10:38   0:00 nginx: master process /usr/local/nginx/sbin/nginx", 

        "nobody    95803  0.5  0.7 818700 25868 ?        S    10:38   0:00 nginx: worker process      ", 
        "nobody    95804  0.0  0.7 818700 25892 ?        S    10:38   0:00 nginx: worker process      ", 
        "nobody    95805  0.5  0.7 818700 25864 ?        S    10:38   0:00 nginx: worker process      ", 
        "nobody    95806  0.5  0.6 818700 24644 ?        S    10:38   0:00 nginx: worker process      ", 
        "nobody    95807  0.0  0.6 816772 21460 ?        S    10:38   0:00 nginx: cache manager process", 

        "nobody    95808  0.0  0.6 816772 21400 ?        S    10:38   0:00 nginx: cache loader process", 
        "root      95858  0.0  0.0 103268   836 ?        S    10:38   0:00 grep nginx", 
        "             total       used       free     shared    buffers     cached", 
        "Mem:          3440       3067        372          0        229        292", 
        "-/+ buffers/cache:       2545        894", 

        "Swap:            0          0          0", 
        "-----------------------------------------------------------", 
        "|                     Reload SUCCESS!                     |", 
        "-----------------------------------------------------------"
    ]

}

PLAY [127.0.0.1] ***************************************************************

TASK [sync_to_git : Synchronizing Nginx To GIT] ********************************

changed: [127.0.0.1]

TASK [sync_to_git : debug] *****************************************************
ok: [127.0.0.1] => {
    "script_result.stdout_lines": [

        "[master 9cf7337] quincy", 
        " 1 file changed, 11 insertions(+), 1 deletion(-)", 
        "Branch master set up to track remote branch master from origin."
    ]
}


PLAY [gabo-nginx] **************************************************************

PLAY [127.0.0.1] ***************************************************************


PLAY RECAP *********************************************************************
127.0.0.1                  : ok=2    changed=1    unreachable=0    failed=0   
13.75.115.53               : ok=8    changed=2    unreachable=0    failed=0   
13.94.46.10                : ok=8    changed=2    unreachable=0    failed=0   
52.175.19.240              : ok=8    changed=2    unreachable=0    failed=0   



ESYNC_WORKER1_COMMAND_END
MAX RETRIES EXECUTED, COMMAND NOT RESPONDING