ESYNC_WORKER1_COMMAND_START
 [WARNING]: Invalid characters were found in group names but not replaced, use
-vvvv to see details

PLAY [gabo-nginx] **************************************************************


TASK [Gathering Facts] *********************************************************
ok: [47.91.143.111]
ok: [13.70.5.57]
ok: [119.9.91.59]


TASK [nginx_sync : Change python interpreter] **********************************
skipping: [119.9.91.59]
skipping: [13.70.5.57]
skipping: [47.91.143.111]


TASK [nginx_sync : change python interpreter] **********************************
skipping: [119.9.91.59]
skipping: [13.70.5.57]
skipping: [47.91.143.111]


TASK [nginx_sync : Notify] *****************************************************
ok: [119.9.91.59] => {
    "msg": "Syncing gabo-nginx"
}
ok: [13.70.5.57] => {

    "msg": "Syncing gabo-nginx"
}
ok: [47.91.143.111] => {
    "msg": "Syncing gabo-nginx"
}


TASK [nginx_sync : include_vars] ***********************************************
ok: [119.9.91.59]
ok: [13.70.5.57]
ok: [47.91.143.111]


TASK [nginx_sync : Synchronizing Nginx] ****************************************
ok: [119.9.91.59] => (item=conf)
ok: [13.70.5.57] => (item=conf)
ok: [47.91.143.111] => (item=conf)

changed: [119.9.91.59] => (item=conf.d)
changed: [13.70.5.57] => (item=conf.d)
changed: [47.91.143.111] => (item=conf.d)
ok: [47.91.143.111] => (item=data)
changed: [47.91.143.111] => (item=html)

changed: [13.70.5.57] => (item=data)
changed: [119.9.91.59] => (item=data)
changed: [13.70.5.57] => (item=html)
changed: [119.9.91.59] => (item=html)


TASK [nginx_sync : Set HTML Dir to root] ***************************************
changed: [47.91.143.111]
changed: [13.70.5.57]
changed: [119.9.91.59]


TASK [all_servers : include_vars] **********************************************
ok: [119.9.91.59]
ok: [13.70.5.57]
ok: [47.91.143.111]


TASK [all_servers : Notify] ****************************************************
ok: [119.9.91.59] => {
    "msg": "Clearing Nginx Cache for gabo-nginx"
}
ok: [13.70.5.57] => {

    "msg": "Clearing Nginx Cache for gabo-nginx"
}
ok: [47.91.143.111] => {
    "msg": "Clearing Nginx Cache for gabo-nginx"
}


TASK [all_servers : Copying clear_nginxcache.sh to remote hosts] ***************
ok: [47.91.143.111]
ok: [13.70.5.57]
ok: [119.9.91.59]


TASK [all_servers : Nginx Clear Cache] *****************************************
changed: [47.91.143.111]
changed: [13.70.5.57]
changed: [119.9.91.59]


TASK [all_servers : debug] *****************************************************
ok: [119.9.91.59] => {
    "script_result.stdout_lines": [
        "-----------------------------------------------------------", 

        "|                 Checking Nginx Config                   |", 
        "-----------------------------------------------------------", 
        "", 
        " nginx -t ", 
        "", 

        "-----------------------------------------------------------", 
        "|                 Stopping Nginx Process                  |", 
        "-----------------------------------------------------------", 
        "", 
        " /usr/bin/killall -9 nginx ", 

        "", 
        "-----------------------------------------------------------", 
        "|                 Clearing Proxy Cache                    |", 
        "-----------------------------------------------------------", 
        "", 

        " /bin/rm -rf /tmp/nginx_cache ", 
        "", 
        "-----------------------------------------------------------", 
        "|                Restarting Nginx Process                 |", 
        "-----------------------------------------------------------", 

        "root     29516  1.0  0.0 113180  1508 ?        S    11:26   0:00 /bin/bash /bak/bin/clear_nginxcache.sh", 
        "root     29525  0.0  0.7 909108 13664 ?        Ss   11:26   0:00 nginx: master process /usr/local/nginx/sbin/nginx", 
        "nobody   29527  0.0  1.0 911036 18852 ?        S    11:26   0:00 nginx: worker process", 
        "nobody   29528  0.0  0.9 911036 17172 ?        S    11:26   0:00 nginx: worker process", 
        "nobody   29529  0.0  0.9 911036 17172 ?        S    11:26   0:00 nginx: worker process", 

        "nobody   29530  0.0  0.9 911036 17172 ?        S    11:26   0:00 nginx: worker process", 
        "nobody   29531  0.0  0.7 909108 14088 ?        S    11:26   0:00 nginx: cache manager process", 
        "nobody   29532  0.0  0.7 909108 14088 ?        S    11:26   0:00 nginx: cache loader process", 
        "root     29534  0.0  0.0 112708   968 ?        S    11:26   0:00 grep nginx", 
        "              total        used        free      shared  buff/cache   available", 

        "Mem:           1832         185         367         104        1279        1333", 
        "Swap:             0           0           0", 
        "-----------------------------------------------------------", 
        "|                     Reload SUCCESS!                     |", 
        "-----------------------------------------------------------"

    ]
}
ok: [13.70.5.57] => {
    "script_result.stdout_lines": [
        "-----------------------------------------------------------", 

        "|                 Checking Nginx Config                   |", 
        "-----------------------------------------------------------", 
        "", 
        " nginx -t ", 
        "", 

        "-----------------------------------------------------------", 
        "|                 Stopping Nginx Process                  |", 
        "-----------------------------------------------------------", 
        "", 
        " /usr/bin/killall -9 nginx ", 

        "", 
        "-----------------------------------------------------------", 
        "|                 Clearing Proxy Cache                    |", 
        "-----------------------------------------------------------", 
        "", 

        " /bin/rm -rf /tmp/nginx_cache ", 
        "", 
        "-----------------------------------------------------------", 
        "|                Restarting Nginx Process                 |", 
        "-----------------------------------------------------------", 

        "root        818  0.0  0.0 107396  2148 ?        Ss    2019   0:00 /sbin/dhclient -q -lf /var/lib/dhclient/dhclient--eth0.lease -pf /var/run/dhclient-eth0.pid -H gabo-nginx3.hk.az.monaco1.me eth0", 
        "root     103983  0.6  0.0 113180  1496 ?        S    11:26   0:00 /bin/bash /bak/bin/clear_nginxcache.sh", 
        "root     103990  0.0  0.3 909112 13668 ?        Ss   11:26   0:00 nginx: master process /usr/local/nginx/sbin/nginx", 
        "nobody   103992  0.0  0.4 913124 19260 ?        S    11:26   0:00 nginx: worker process", 
        "nobody   103993  0.5  0.4 913412 19392 ?        S    11:26   0:00 nginx: worker process", 

        "nobody   103994  0.0  0.4 913124 19264 ?        S    11:26   0:00 nginx: worker process", 
        "nobody   103995  0.0  0.4 913124 19156 ?        S    11:26   0:00 nginx: worker process", 
        "nobody   103996  0.0  0.3 911196 14180 ?        S    11:26   0:00 nginx: cache manager process", 
        "nobody   103997  0.0  0.3 911196 14180 ?        S    11:26   0:00 nginx: cache loader process", 
        "root     103999  0.0  0.0 112712   956 ?        S    11:26   0:00 grep nginx", 

        "              total        used        free      shared  buff/cache   available", 
        "Mem:           3934         208         572         205        3152        3153", 
        "Swap:             0           0           0", 
        "-----------------------------------------------------------", 
        "|                     Reload SUCCESS!                     |", 

        "-----------------------------------------------------------"
    ]
}
ok: [47.91.143.111] => {
    "script_result.stdout_lines": [

        "-----------------------------------------------------------", 
        "|                 Checking Nginx Config                   |", 
        "-----------------------------------------------------------", 
        "", 
        " nginx -t ", 

        "", 
        "-----------------------------------------------------------", 
        "|                 Stopping Nginx Process                  |", 
        "-----------------------------------------------------------", 
        "", 

        " /usr/bin/killall -9 nginx ", 
        "", 
        "-----------------------------------------------------------", 
        "|                 Clearing Proxy Cache                    |", 
        "-----------------------------------------------------------", 

        "", 
        " /bin/rm -rf /tmp/nginx_cache ", 
        "", 
        "-----------------------------------------------------------", 
        "|                Restarting Nginx Process                 |", 

        "-----------------------------------------------------------", 
        "root     20860  0.4  0.0 113188  1488 ?        S    11:26   0:00 /bin/bash /bak/bin/clear_nginxcache.sh", 
        "root     20869  0.0  0.7 909116 13664 ?        Ss   11:26   0:00 nginx: master process /usr/local/nginx/sbin/nginx", 
        "nobody   20870  0.0  0.9 911044 17176 ?        S    11:26   0:00 nginx: worker process", 
        "nobody   20871  0.0  0.9 911044 17176 ?        S    11:26   0:00 nginx: worker process", 

        "nobody   20873  0.0  0.9 911044 17176 ?        S    11:26   0:00 nginx: worker process", 
        "nobody   20874  0.0  0.9 911044 17176 ?        S    11:26   0:00 nginx: worker process", 
        "nobody   20875  0.0  0.7 909116 14092 ?        S    11:26   0:00 nginx: cache manager process", 
        "nobody   20876  0.0  0.7 909116 14092 ?        S    11:26   0:00 nginx: cache loader process", 
        "root     20879  0.0  0.0 112712   936 ?        S    11:26   0:00 grep nginx", 

        "              total        used        free      shared  buff/cache   available", 
        "Mem:           1837         154         125           4        1558        1495", 
        "Swap:             0           0           0", 
        "-----------------------------------------------------------", 
        "|                     Reload SUCCESS!                     |", 

        "-----------------------------------------------------------"
    ]
}

PLAY [127.0.0.1] ***************************************************************


TASK [sync_to_git : Synchronizing Nginx To GIT] ********************************
changed: [127.0.0.1]

TASK [sync_to_git : debug] *****************************************************

ok: [127.0.0.1] => {
    "msg": " [u'# On branch master', u'# Changes not staged for commit:', u'#   (use \"git add/rm <file>...\" to update what will be committed)', u'#   (use \"git checkout -- <file>...\" to discard changes in working directory)', u'#', u'#\\tdeleted:    nginx/conf.d/80-443/jab888.com.conf', u'#\\tdeleted:    nginx/conf.d/include/gabo_gameclient_masterconfig.include', u'#\\tdeleted:    nginx/conf.d/include/gabo_jab888_masterconfig.include', u'#\\tdeleted:    nginx/conf.d/other/cpms_front_tianhe.conf', u'#\\tdeleted:    nginx/conf.d/other/ptclient.conf', u'#', u'no changes added to commit (use \"git add\" and/or \"git commit -a\")', u'Branch master set up to track remote branch master from origin.']"
}

PLAY [gabo-nginx] **************************************************************


PLAY [127.0.0.1] ***************************************************************

PLAY RECAP *********************************************************************
119.9.91.59                : ok=10   changed=3    unreachable=0    failed=0    skipped=2    rescued=0    ignored=0   

127.0.0.1                  : ok=2    changed=1    unreachable=0    failed=0    skipped=0    rescued=0    ignored=0   
13.70.5.57                 : ok=10   changed=3    unreachable=0    failed=0    skipped=2    rescued=0    ignored=0   
47.91.143.111              : ok=10   changed=3    unreachable=0    failed=0    skipped=2    rescued=0    ignored=0   


ESYNC_WORKER1_COMMAND_END
MAX RETRIES EXECUTED, COMMAND NOT RESPONDING