2020-06-22 15:25:10,134 DEBUG - (owen) - Successfully loaded and updated table
2020-06-22 15:25:33,939 DEBUG - (roni) - Successfully loaded and updated table
2020-06-22 15:48:42,506 DEBUG - (carl.dasig) - Successfully loaded and updated table
2020-06-22 20:51:29,200 DEBUG - starting thread (client mode): 0x38eab190L
2020-06-22 20:51:29,201 DEBUG - Local version/idstring: SSH-2.0-paramiko_2.6.0
2020-06-22 20:51:29,220 DEBUG - Remote version/idstring: SSH-2.0-OpenSSH_7.4
2020-06-22 20:51:29,220 INFO - Connected (version 2.0, client OpenSSH_7.4)
2020-06-22 20:51:29,222 DEBUG - kex algos:[u'curve25519-sha256', u'curve25519-sha256@libssh.org', u'ecdh-sha2-nistp256', u'ecdh-sha2-nistp384', u'ecdh-sha2-nistp521', u'diffie-hellman-group-exchange-sha256', u'diffie-hellman-group16-sha512', u'diffie-hellman-group18-sha512', u'diffie-hellman-group-exchange-sha1', u'diffie-hellman-group14-sha256', u'diffie-hellman-group14-sha1', u'diffie-hellman-group1-sha1'] server key:[u'ssh-rsa', u'rsa-sha2-512', u'rsa-sha2-256', u'ecdsa-sha2-nistp256', u'ssh-ed25519'] client encrypt:[u'chacha20-poly1305@openssh.com', u'aes128-ctr', u'aes192-ctr', u'aes256-ctr', u'aes128-gcm@openssh.com', u'aes256-gcm@openssh.com', u'aes128-cbc', u'aes192-cbc', u'aes256-cbc', u'blowfish-cbc', u'cast128-cbc', u'3des-cbc'] server encrypt:[u'chacha20-poly1305@openssh.com', u'aes128-ctr', u'aes192-ctr', u'aes256-ctr', u'aes128-gcm@openssh.com', u'aes256-gcm@openssh.com', u'aes128-cbc', u'aes192-cbc', u'aes256-cbc', u'blowfish-cbc', u'cast128-cbc', u'3des-cbc'] client mac:[u'umac-64-etm@openssh.com', u'umac-128-etm@openssh.com', u'hmac-sha2-256-etm@openssh.com', u'hmac-sha2-512-etm@openssh.com', u'hmac-sha1-etm@openssh.com', u'umac-64@openssh.com', u'umac-128@openssh.com', u'hmac-sha2-256', u'hmac-sha2-512', u'hmac-sha1'] server mac:[u'umac-64-etm@openssh.com', u'umac-128-etm@openssh.com', u'hmac-sha2-256-etm@openssh.com', u'hmac-sha2-512-etm@openssh.com', u'hmac-sha1-etm@openssh.com', u'umac-64@openssh.com', u'umac-128@openssh.com', u'hmac-sha2-256', u'hmac-sha2-512', u'hmac-sha1'] client compress:[u'none', u'zlib@openssh.com'] server compress:[u'none', u'zlib@openssh.com'] client lang:[u''] server lang:[u''] kex follows?False
2020-06-22 20:51:29,223 DEBUG - Kex agreed: curve25519-sha256@libssh.org
2020-06-22 20:51:29,223 DEBUG - HostKey agreed: ssh-ed25519
2020-06-22 20:51:29,223 DEBUG - Cipher agreed: aes128-ctr
2020-06-22 20:51:29,223 DEBUG - MAC agreed: hmac-sha2-256
2020-06-22 20:51:29,223 DEBUG - Compression agreed: none
2020-06-22 20:51:29,273 DEBUG - kex engine KexCurve25519 specified hash_algo <built-in function openssl_sha256>
2020-06-22 20:51:29,274 DEBUG - Switch to new keys ...
2020-06-22 20:51:29,302 DEBUG - Adding ssh-ed25519 host key for [58.64.167.39]:28032: 649bfb2ade50b259183468bcc4a641be
2020-06-22 20:51:29,303 DEBUG - Trying discovered key f1e2a20412f7e99b7abdb041b22f15e1 in /root/.ssh/id_rsa
2020-06-22 20:51:29,317 DEBUG - userauth is OK
2020-06-22 20:51:34,349 INFO - Authentication (publickey) successful!
2020-06-22 20:51:34,356 DEBUG - [chan 0] Max packet in: 32768 bytes
2020-06-22 20:51:34,363 DEBUG - Received global request "hostkeys-00@openssh.com"
2020-06-22 20:51:34,364 DEBUG - Rejecting "hostkeys-00@openssh.com" global request from server.
2020-06-22 20:51:34,364 DEBUG - Debug msg: Adding to environment: NAME=argus
2020-06-22 20:51:34,405 DEBUG - [chan 0] Max packet out: 32768 bytes
2020-06-22 20:51:34,405 DEBUG - Secsh channel 0 opened.
2020-06-22 20:51:34,426 DEBUG - [chan 0] Sesch channel 0 request ok
2020-06-22 20:51:34,431 DEBUG - [chan 0] Sesch channel 0 request ok
2020-06-22 20:51:34,432 DEBUG - [chan 1] Max packet in: 32768 bytes
2020-06-22 20:51:34,435 DEBUG - [chan 1] Max packet out: 32768 bytes
2020-06-22 20:51:34,435 DEBUG - Secsh channel 1 opened.
2020-06-22 20:51:34,447 DEBUG - [chan 1] Sesch channel 1 request ok
2020-06-22 20:51:44,998 DEBUG - [chan 2] Max packet in: 32768 bytes
2020-06-22 20:51:45,000 DEBUG - [chan 1] EOF received (1)
2020-06-22 20:51:45,000 DEBUG - [chan 1] EOF sent (1)
2020-06-22 20:51:45,002 DEBUG - [chan 2] Max packet out: 32768 bytes
2020-06-22 20:51:45,002 DEBUG - Secsh channel 2 opened.
2020-06-22 20:51:45,050 DEBUG - [chan 2] Sesch channel 2 request ok
2020-06-22 20:51:45,075 DEBUG - [chan 2] EOF received (2)
2020-06-22 20:51:45,075 DEBUG - [chan 2] EOF sent (2)
2020-06-22 20:51:45,076 DEBUG - EOF in transport thread
