2020-11-06 11:52:58,880 DEBUG - (leriza.muralla) - Successfully loaded and updated table
2020-11-06 12:24:07,048 ERROR - Internal Server Error: /vpn-manager/initialization/SSRinitlogs/
Traceback (most recent call last):
  File "/app/argus_final/venv/lib/python2.7/site-packages/django/core/handlers/exception.py", line 41, in inner
    response = get_response(request)
  File "/app/argus_final/venv/lib/python2.7/site-packages/django/core/handlers/base.py", line 187, in _get_response
    response = self.process_exception_by_middleware(e, request)
  File "/app/argus_final/venv/lib/python2.7/site-packages/django/core/handlers/base.py", line 185, in _get_response
    response = wrapped_callback(request, *callback_args, **callback_kwargs)
  File "/app/argus_final/app/argus/SSRCHECKER/views.py", line 229, in SSRinitlogs
    SSRsave().ssrlogs(str(request.user.username))
  File "/app/argus_final/app/argus/SSRCHECKER/process.py", line 2086, in ssrlogs
    PORT=ssrinfo['ssr_port'],
TypeError: string indices must be integers, not str
2020-11-06 12:37:33,483 ERROR - Internal Server Error: /vpn-manager/initialization/SSRinitlogs/
Traceback (most recent call last):
  File "/app/argus_final/venv/lib/python2.7/site-packages/django/core/handlers/exception.py", line 41, in inner
    response = get_response(request)
  File "/app/argus_final/venv/lib/python2.7/site-packages/django/core/handlers/base.py", line 187, in _get_response
    response = self.process_exception_by_middleware(e, request)
  File "/app/argus_final/venv/lib/python2.7/site-packages/django/core/handlers/base.py", line 185, in _get_response
    response = wrapped_callback(request, *callback_args, **callback_kwargs)
  File "/app/argus_final/app/argus/SSRCHECKER/views.py", line 229, in SSRinitlogs
    SSRsave().ssrlogs(str(request.user.username))
  File "/app/argus_final/app/argus/SSRCHECKER/process.py", line 2086, in ssrlogs
    PORT=ssrinfo['ssr_port'],
TypeError: string indices must be integers, not str
2020-11-06 12:38:03,023 ERROR - Internal Server Error: /vpn-manager/initialization/SSRhistory/211/
Traceback (most recent call last):
  File "/app/argus_final/venv/lib/python2.7/site-packages/django/core/handlers/exception.py", line 41, in inner
    response = get_response(request)
  File "/app/argus_final/venv/lib/python2.7/site-packages/django/core/handlers/base.py", line 187, in _get_response
    response = self.process_exception_by_middleware(e, request)
  File "/app/argus_final/venv/lib/python2.7/site-packages/django/core/handlers/base.py", line 185, in _get_response
    response = wrapped_callback(request, *callback_args, **callback_kwargs)
  File "/app/argus_final/app/argus/SSRCHECKER/views.py", line 252, in SSRhistorylogs
    SSRsave().ssrlogs(request.user.username)
  File "/app/argus_final/app/argus/SSRCHECKER/process.py", line 2086, in ssrlogs
    PORT=ssrinfo['ssr_port'],
TypeError: string indices must be integers, not str
2020-11-06 12:40:19,585 DEBUG - starting thread (client mode): 0xac1c67d0L
2020-11-06 12:40:19,586 DEBUG - Local version/idstring: SSH-2.0-paramiko_2.6.0
2020-11-06 12:40:38,233 ERROR - Exception: Error reading SSH protocol banner
2020-11-06 12:40:38,234 ERROR - Traceback (most recent call last):
2020-11-06 12:40:38,234 ERROR -   File "/app/argus_final/venv/lib/python2.7/site-packages/paramiko/transport.py", line 2039, in run
2020-11-06 12:40:38,234 ERROR -     self._check_banner()
2020-11-06 12:40:38,234 ERROR -   File "/app/argus_final/venv/lib/python2.7/site-packages/paramiko/transport.py", line 2216, in _check_banner
2020-11-06 12:40:38,234 ERROR -     "Error reading SSH protocol banner" + str(e)
2020-11-06 12:40:38,234 ERROR - SSHException: Error reading SSH protocol banner
2020-11-06 12:40:38,234 ERROR - 
2020-11-06 12:40:41,257 ERROR - Internal Server Error: /vpn-manager/initialization/SSRhistory/211/
Traceback (most recent call last):
  File "/app/argus_final/venv/lib/python2.7/site-packages/django/core/handlers/exception.py", line 41, in inner
    response = get_response(request)
  File "/app/argus_final/venv/lib/python2.7/site-packages/django/core/handlers/base.py", line 187, in _get_response
    response = self.process_exception_by_middleware(e, request)
  File "/app/argus_final/venv/lib/python2.7/site-packages/django/core/handlers/base.py", line 185, in _get_response
    response = wrapped_callback(request, *callback_args, **callback_kwargs)
  File "/app/argus_final/app/argus/SSRCHECKER/views.py", line 252, in SSRhistorylogs
    SSRsave().ssrlogs(request.user.username)
  File "/app/argus_final/app/argus/SSRCHECKER/process.py", line 2086, in ssrlogs
    PORT=ssrinfo['ssr_port'],
TypeError: string indices must be integers, not str
2020-11-06 13:06:09,432 DEBUG - starting thread (client mode): 0xb6c2be10L
2020-11-06 13:06:09,432 DEBUG - Local version/idstring: SSH-2.0-paramiko_2.6.0
2020-11-06 13:06:24,439 ERROR - Exception: Error reading SSH protocol banner
2020-11-06 13:06:24,440 ERROR - Traceback (most recent call last):
2020-11-06 13:06:24,440 ERROR -   File "/app/argus_final/venv/lib/python2.7/site-packages/paramiko/transport.py", line 2039, in run
2020-11-06 13:06:24,440 ERROR -     self._check_banner()
2020-11-06 13:06:24,440 ERROR -   File "/app/argus_final/venv/lib/python2.7/site-packages/paramiko/transport.py", line 2216, in _check_banner
2020-11-06 13:06:24,440 ERROR -     "Error reading SSH protocol banner" + str(e)
2020-11-06 13:06:24,440 ERROR - SSHException: Error reading SSH protocol banner
2020-11-06 13:06:24,440 ERROR - 
2020-11-06 13:06:27,471 ERROR - Internal Server Error: /vpn-manager/initialization/SSRhistory/209/
Traceback (most recent call last):
  File "/app/argus_final/venv/lib/python2.7/site-packages/django/core/handlers/exception.py", line 41, in inner
    response = get_response(request)
  File "/app/argus_final/venv/lib/python2.7/site-packages/django/core/handlers/base.py", line 187, in _get_response
    response = self.process_exception_by_middleware(e, request)
  File "/app/argus_final/venv/lib/python2.7/site-packages/django/core/handlers/base.py", line 185, in _get_response
    response = wrapped_callback(request, *callback_args, **callback_kwargs)
  File "/app/argus_final/app/argus/SSRCHECKER/views.py", line 252, in SSRhistorylogs
    SSRsave().ssrlogs(request.user.username)
  File "/app/argus_final/app/argus/SSRCHECKER/process.py", line 2086, in ssrlogs
    PORT=ssrinfo['ssr_port'],
TypeError: string indices must be integers, not str
2020-11-06 13:07:02,208 ERROR - Internal Server Error: /vpn-manager/initialization/SSRhistory/209/
Traceback (most recent call last):
  File "/app/argus_final/venv/lib/python2.7/site-packages/django/core/handlers/exception.py", line 41, in inner
    response = get_response(request)
  File "/app/argus_final/venv/lib/python2.7/site-packages/django/core/handlers/base.py", line 187, in _get_response
    response = self.process_exception_by_middleware(e, request)
  File "/app/argus_final/venv/lib/python2.7/site-packages/django/core/handlers/base.py", line 185, in _get_response
    response = wrapped_callback(request, *callback_args, **callback_kwargs)
  File "/app/argus_final/app/argus/SSRCHECKER/views.py", line 252, in SSRhistorylogs
    SSRsave().ssrlogs(request.user.username)
  File "/app/argus_final/app/argus/SSRCHECKER/process.py", line 2086, in ssrlogs
    PORT=ssrinfo['ssr_port'],
TypeError: string indices must be integers, not str
2020-11-06 13:09:12,160 DEBUG - starting thread (client mode): 0xabd0f350L
2020-11-06 13:09:12,160 DEBUG - Local version/idstring: SSH-2.0-paramiko_2.6.0
2020-11-06 13:09:27,215 ERROR - Exception: Error reading SSH protocol banner
2020-11-06 13:09:27,215 ERROR - Traceback (most recent call last):
2020-11-06 13:09:27,215 ERROR -   File "/app/argus_final/venv/lib/python2.7/site-packages/paramiko/transport.py", line 2039, in run
2020-11-06 13:09:27,215 ERROR -     self._check_banner()
2020-11-06 13:09:27,215 ERROR -   File "/app/argus_final/venv/lib/python2.7/site-packages/paramiko/transport.py", line 2216, in _check_banner
2020-11-06 13:09:27,215 ERROR -     "Error reading SSH protocol banner" + str(e)
2020-11-06 13:09:27,215 ERROR - SSHException: Error reading SSH protocol banner
2020-11-06 13:09:27,215 ERROR - 
2020-11-06 13:09:30,244 ERROR - Internal Server Error: /vpn-manager/initialization/SSRhistory/213/
Traceback (most recent call last):
  File "/app/argus_final/venv/lib/python2.7/site-packages/django/core/handlers/exception.py", line 41, in inner
    response = get_response(request)
  File "/app/argus_final/venv/lib/python2.7/site-packages/django/core/handlers/base.py", line 187, in _get_response
    response = self.process_exception_by_middleware(e, request)
  File "/app/argus_final/venv/lib/python2.7/site-packages/django/core/handlers/base.py", line 185, in _get_response
    response = wrapped_callback(request, *callback_args, **callback_kwargs)
  File "/app/argus_final/app/argus/SSRCHECKER/views.py", line 252, in SSRhistorylogs
    SSRsave().ssrlogs(request.user.username)
  File "/app/argus_final/app/argus/SSRCHECKER/process.py", line 2086, in ssrlogs
    PORT=ssrinfo['ssr_port'],
TypeError: string indices must be integers, not str
2020-11-06 13:24:19,421 DEBUG - starting thread (client mode): 0xa93e4150L
2020-11-06 13:24:19,422 DEBUG - Local version/idstring: SSH-2.0-paramiko_2.6.0
2020-11-06 13:24:19,465 DEBUG - Remote version/idstring: SSH-2.0-OpenSSH_7.4
2020-11-06 13:24:19,466 INFO - Connected (version 2.0, client OpenSSH_7.4)
2020-11-06 13:24:19,482 DEBUG - kex algos:[u'curve25519-sha256', u'curve25519-sha256@libssh.org', u'ecdh-sha2-nistp256', u'ecdh-sha2-nistp384', u'ecdh-sha2-nistp521', u'diffie-hellman-group-exchange-sha256', u'diffie-hellman-group16-sha512', u'diffie-hellman-group18-sha512', u'diffie-hellman-group-exchange-sha1', u'diffie-hellman-group14-sha256', u'diffie-hellman-group14-sha1', u'diffie-hellman-group1-sha1'] server key:[u'ssh-rsa', u'rsa-sha2-512', u'rsa-sha2-256', u'ecdsa-sha2-nistp256', u'ssh-ed25519'] client encrypt:[u'chacha20-poly1305@openssh.com', u'aes128-ctr', u'aes192-ctr', u'aes256-ctr', u'aes128-gcm@openssh.com', u'aes256-gcm@openssh.com', u'aes128-cbc', u'aes192-cbc', u'aes256-cbc', u'blowfish-cbc', u'cast128-cbc', u'3des-cbc'] server encrypt:[u'chacha20-poly1305@openssh.com', u'aes128-ctr', u'aes192-ctr', u'aes256-ctr', u'aes128-gcm@openssh.com', u'aes256-gcm@openssh.com', u'aes128-cbc', u'aes192-cbc', u'aes256-cbc', u'blowfish-cbc', u'cast128-cbc', u'3des-cbc'] client mac:[u'umac-64-etm@openssh.com', u'umac-128-etm@openssh.com', u'hmac-sha2-256-etm@openssh.com', u'hmac-sha2-512-etm@openssh.com', u'hmac-sha1-etm@openssh.com', u'umac-64@openssh.com', u'umac-128@openssh.com', u'hmac-sha2-256', u'hmac-sha2-512', u'hmac-sha1'] server mac:[u'umac-64-etm@openssh.com', u'umac-128-etm@openssh.com', u'hmac-sha2-256-etm@openssh.com', u'hmac-sha2-512-etm@openssh.com', u'hmac-sha1-etm@openssh.com', u'umac-64@openssh.com', u'umac-128@openssh.com', u'hmac-sha2-256', u'hmac-sha2-512', u'hmac-sha1'] client compress:[u'none', u'zlib@openssh.com'] server compress:[u'none', u'zlib@openssh.com'] client lang:[u''] server lang:[u''] kex follows?False
2020-11-06 13:24:19,483 DEBUG - Kex agreed: curve25519-sha256@libssh.org
2020-11-06 13:24:19,483 DEBUG - HostKey agreed: ssh-ed25519
2020-11-06 13:24:19,483 DEBUG - Cipher agreed: aes128-ctr
2020-11-06 13:24:19,483 DEBUG - MAC agreed: hmac-sha2-256
2020-11-06 13:24:19,483 DEBUG - Compression agreed: none
2020-11-06 13:24:19,506 DEBUG - kex engine KexCurve25519 specified hash_algo <built-in function openssl_sha256>
2020-11-06 13:24:19,507 DEBUG - Switch to new keys ...
2020-11-06 13:24:19,523 DEBUG - Adding ssh-ed25519 host key for [185.135.73.168]:28032: de457f91d6cfe90b74a47af1263b21ec
2020-11-06 13:24:19,524 DEBUG - Trying discovered key f1e2a20412f7e99b7abdb041b22f15e1 in /root/.ssh/id_rsa
2020-11-06 13:24:19,550 DEBUG - userauth is OK
2020-11-06 13:24:19,645 INFO - Authentication (publickey) successful!
2020-11-06 13:24:19,658 DEBUG - [chan 0] Max packet in: 32768 bytes
2020-11-06 13:24:19,978 DEBUG - Received global request "hostkeys-00@openssh.com"
2020-11-06 13:24:19,978 DEBUG - Rejecting "hostkeys-00@openssh.com" global request from server.
2020-11-06 13:24:19,978 DEBUG - Debug msg: Adding to environment: NAME=argus
2020-11-06 13:24:20,019 DEBUG - [chan 0] Max packet out: 32768 bytes
2020-11-06 13:24:20,020 DEBUG - Secsh channel 0 opened.
2020-11-06 13:24:20,052 DEBUG - [chan 0] Sesch channel 0 request ok
2020-11-06 13:24:20,078 DEBUG - [chan 0] Sesch channel 0 request ok
2020-11-06 13:24:20,079 DEBUG - [chan 1] Max packet in: 32768 bytes
2020-11-06 13:24:20,086 DEBUG - [chan 1] Max packet out: 32768 bytes
2020-11-06 13:24:20,087 DEBUG - Secsh channel 1 opened.
2020-11-06 13:24:20,111 DEBUG - [chan 1] Sesch channel 1 request ok
2020-11-06 13:24:29,514 DEBUG - [chan 2] Max packet in: 32768 bytes
2020-11-06 13:24:29,516 DEBUG - [chan 1] EOF received (1)
2020-11-06 13:24:29,517 DEBUG - [chan 1] EOF sent (1)
2020-11-06 13:24:29,519 DEBUG - [chan 2] Max packet out: 32768 bytes
2020-11-06 13:24:29,519 DEBUG - Secsh channel 2 opened.
2020-11-06 13:24:29,579 DEBUG - [chan 2] Sesch channel 2 request ok
2020-11-06 13:24:29,635 DEBUG - [chan 2] EOF received (2)
2020-11-06 13:24:29,635 DEBUG - [chan 2] EOF sent (2)
2020-11-06 13:24:29,636 DEBUG - EOF in transport thread
2020-11-06 16:22:26,516 DEBUG - starting thread (client mode): 0xab018190L
2020-11-06 16:22:26,516 DEBUG - Local version/idstring: SSH-2.0-paramiko_2.6.0
2020-11-06 16:22:26,612 DEBUG - Remote version/idstring: SSH-2.0-OpenSSH_7.4
2020-11-06 16:22:26,612 INFO - Connected (version 2.0, client OpenSSH_7.4)
2020-11-06 16:22:26,618 DEBUG - kex algos:[u'curve25519-sha256', u'curve25519-sha256@libssh.org', u'ecdh-sha2-nistp256', u'ecdh-sha2-nistp384', u'ecdh-sha2-nistp521', u'diffie-hellman-group-exchange-sha256', u'diffie-hellman-group16-sha512', u'diffie-hellman-group18-sha512', u'diffie-hellman-group-exchange-sha1', u'diffie-hellman-group14-sha256', u'diffie-hellman-group14-sha1', u'diffie-hellman-group1-sha1'] server key:[u'ssh-rsa', u'rsa-sha2-512', u'rsa-sha2-256', u'ecdsa-sha2-nistp256', u'ssh-ed25519'] client encrypt:[u'chacha20-poly1305@openssh.com', u'aes128-ctr', u'aes192-ctr', u'aes256-ctr', u'aes128-gcm@openssh.com', u'aes256-gcm@openssh.com', u'aes128-cbc', u'aes192-cbc', u'aes256-cbc', u'blowfish-cbc', u'cast128-cbc', u'3des-cbc'] server encrypt:[u'chacha20-poly1305@openssh.com', u'aes128-ctr', u'aes192-ctr', u'aes256-ctr', u'aes128-gcm@openssh.com', u'aes256-gcm@openssh.com', u'aes128-cbc', u'aes192-cbc', u'aes256-cbc', u'blowfish-cbc', u'cast128-cbc', u'3des-cbc'] client mac:[u'umac-64-etm@openssh.com', u'umac-128-etm@openssh.com', u'hmac-sha2-256-etm@openssh.com', u'hmac-sha2-512-etm@openssh.com', u'hmac-sha1-etm@openssh.com', u'umac-64@openssh.com', u'umac-128@openssh.com', u'hmac-sha2-256', u'hmac-sha2-512', u'hmac-sha1'] server mac:[u'umac-64-etm@openssh.com', u'umac-128-etm@openssh.com', u'hmac-sha2-256-etm@openssh.com', u'hmac-sha2-512-etm@openssh.com', u'hmac-sha1-etm@openssh.com', u'umac-64@openssh.com', u'umac-128@openssh.com', u'hmac-sha2-256', u'hmac-sha2-512', u'hmac-sha1'] client compress:[u'none', u'zlib@openssh.com'] server compress:[u'none', u'zlib@openssh.com'] client lang:[u''] server lang:[u''] kex follows?False
2020-11-06 16:22:26,618 DEBUG - Kex agreed: curve25519-sha256@libssh.org
2020-11-06 16:22:26,618 DEBUG - HostKey agreed: ssh-ed25519
2020-11-06 16:22:26,619 DEBUG - Cipher agreed: aes128-ctr
2020-11-06 16:22:26,619 DEBUG - MAC agreed: hmac-sha2-256
2020-11-06 16:22:26,619 DEBUG - Compression agreed: none
2020-11-06 16:22:26,636 DEBUG - kex engine KexCurve25519 specified hash_algo <built-in function openssl_sha256>
2020-11-06 16:22:26,637 DEBUG - Switch to new keys ...
2020-11-06 16:22:26,638 DEBUG - Adding ssh-ed25519 host key for [58.64.180.90]:28032: 649bfb2ade50b259183468bcc4a641be
2020-11-06 16:22:26,639 DEBUG - Trying discovered key f1e2a20412f7e99b7abdb041b22f15e1 in /root/.ssh/id_rsa
2020-11-06 16:22:26,677 DEBUG - userauth is OK
2020-11-06 16:22:32,188 INFO - Authentication (publickey) successful!
2020-11-06 16:22:32,189 DEBUG - [chan 0] Max packet in: 32768 bytes
2020-11-06 16:22:32,455 DEBUG - Received global request "hostkeys-00@openssh.com"
2020-11-06 16:22:32,455 DEBUG - Rejecting "hostkeys-00@openssh.com" global request from server.
2020-11-06 16:22:32,455 DEBUG - Debug msg: Adding to environment: NAME=argus
2020-11-06 16:22:32,455 DEBUG - [chan 0] Max packet out: 32768 bytes
2020-11-06 16:22:32,456 DEBUG - Secsh channel 0 opened.
2020-11-06 16:22:32,473 DEBUG - [chan 0] Sesch channel 0 request ok
2020-11-06 16:22:32,484 DEBUG - [chan 0] Sesch channel 0 request ok
2020-11-06 16:22:32,485 DEBUG - [chan 1] Max packet in: 32768 bytes
2020-11-06 16:22:32,486 DEBUG - [chan 1] Max packet out: 32768 bytes
2020-11-06 16:22:32,486 DEBUG - Secsh channel 1 opened.
2020-11-06 16:22:32,493 DEBUG - [chan 1] Sesch channel 1 request ok
2020-11-06 16:22:38,894 DEBUG - [chan 2] Max packet in: 32768 bytes
2020-11-06 16:22:38,897 DEBUG - [chan 1] EOF received (1)
2020-11-06 16:22:38,897 DEBUG - [chan 1] EOF sent (1)
2020-11-06 16:22:38,898 DEBUG - [chan 2] Max packet out: 32768 bytes
2020-11-06 16:22:38,898 DEBUG - Secsh channel 2 opened.
2020-11-06 16:22:38,945 DEBUG - [chan 2] Sesch channel 2 request ok
2020-11-06 16:22:38,995 DEBUG - [chan 2] EOF received (2)
2020-11-06 16:22:38,995 DEBUG - [chan 2] EOF sent (2)
2020-11-06 16:22:38,997 DEBUG - EOF in transport thread
2020-11-06 16:23:56,373 DEBUG - starting thread (client mode): 0xab2e9950L
2020-11-06 16:23:56,374 DEBUG - Local version/idstring: SSH-2.0-paramiko_2.6.0
2020-11-06 16:23:56,420 DEBUG - Remote version/idstring: SSH-2.0-OpenSSH_7.4
2020-11-06 16:23:56,420 INFO - Connected (version 2.0, client OpenSSH_7.4)
2020-11-06 16:23:56,430 DEBUG - kex algos:[u'curve25519-sha256', u'curve25519-sha256@libssh.org', u'ecdh-sha2-nistp256', u'ecdh-sha2-nistp384', u'ecdh-sha2-nistp521', u'diffie-hellman-group-exchange-sha256', u'diffie-hellman-group16-sha512', u'diffie-hellman-group18-sha512', u'diffie-hellman-group-exchange-sha1', u'diffie-hellman-group14-sha256', u'diffie-hellman-group14-sha1', u'diffie-hellman-group1-sha1'] server key:[u'ssh-rsa', u'rsa-sha2-512', u'rsa-sha2-256', u'ecdsa-sha2-nistp256', u'ssh-ed25519'] client encrypt:[u'chacha20-poly1305@openssh.com', u'aes128-ctr', u'aes192-ctr', u'aes256-ctr', u'aes128-gcm@openssh.com', u'aes256-gcm@openssh.com', u'aes128-cbc', u'aes192-cbc', u'aes256-cbc', u'blowfish-cbc', u'cast128-cbc', u'3des-cbc'] server encrypt:[u'chacha20-poly1305@openssh.com', u'aes128-ctr', u'aes192-ctr', u'aes256-ctr', u'aes128-gcm@openssh.com', u'aes256-gcm@openssh.com', u'aes128-cbc', u'aes192-cbc', u'aes256-cbc', u'blowfish-cbc', u'cast128-cbc', u'3des-cbc'] client mac:[u'umac-64-etm@openssh.com', u'umac-128-etm@openssh.com', u'hmac-sha2-256-etm@openssh.com', u'hmac-sha2-512-etm@openssh.com', u'hmac-sha1-etm@openssh.com', u'umac-64@openssh.com', u'umac-128@openssh.com', u'hmac-sha2-256', u'hmac-sha2-512', u'hmac-sha1'] server mac:[u'umac-64-etm@openssh.com', u'umac-128-etm@openssh.com', u'hmac-sha2-256-etm@openssh.com', u'hmac-sha2-512-etm@openssh.com', u'hmac-sha1-etm@openssh.com', u'umac-64@openssh.com', u'umac-128@openssh.com', u'hmac-sha2-256', u'hmac-sha2-512', u'hmac-sha1'] client compress:[u'none', u'zlib@openssh.com'] server compress:[u'none', u'zlib@openssh.com'] client lang:[u''] server lang:[u''] kex follows?False
2020-11-06 16:23:56,430 DEBUG - Kex agreed: curve25519-sha256@libssh.org
2020-11-06 16:23:56,430 DEBUG - HostKey agreed: ssh-ed25519
2020-11-06 16:23:56,430 DEBUG - Cipher agreed: aes128-ctr
2020-11-06 16:23:56,430 DEBUG - MAC agreed: hmac-sha2-256
2020-11-06 16:23:56,430 DEBUG - Compression agreed: none
2020-11-06 16:23:56,453 DEBUG - kex engine KexCurve25519 specified hash_algo <built-in function openssl_sha256>
2020-11-06 16:23:56,454 DEBUG - Switch to new keys ...
2020-11-06 16:23:56,475 DEBUG - Adding ssh-ed25519 host key for [58.64.180.89]:28032: 649bfb2ade50b259183468bcc4a641be
2020-11-06 16:23:56,476 DEBUG - Trying discovered key f1e2a20412f7e99b7abdb041b22f15e1 in /root/.ssh/id_rsa
2020-11-06 16:23:56,495 DEBUG - userauth is OK
2020-11-06 16:23:56,582 INFO - Authentication (publickey) successful!
2020-11-06 16:23:56,586 DEBUG - [chan 0] Max packet in: 32768 bytes
2020-11-06 16:23:57,195 DEBUG - Received global request "hostkeys-00@openssh.com"
2020-11-06 16:23:57,195 DEBUG - Rejecting "hostkeys-00@openssh.com" global request from server.
2020-11-06 16:23:57,195 DEBUG - Debug msg: Adding to environment: NAME=argus
2020-11-06 16:23:57,235 DEBUG - [chan 0] Max packet out: 32768 bytes
2020-11-06 16:23:57,235 DEBUG - Secsh channel 0 opened.
2020-11-06 16:23:57,264 DEBUG - [chan 0] Sesch channel 0 request ok
2020-11-06 16:23:57,274 DEBUG - [chan 0] Sesch channel 0 request ok
2020-11-06 16:23:57,275 DEBUG - [chan 1] Max packet in: 32768 bytes
2020-11-06 16:23:57,276 DEBUG - [chan 1] Max packet out: 32768 bytes
2020-11-06 16:23:57,277 DEBUG - Secsh channel 1 opened.
2020-11-06 16:23:57,288 DEBUG - [chan 1] Sesch channel 1 request ok
2020-11-06 16:24:03,389 DEBUG - [chan 2] Max packet in: 32768 bytes
2020-11-06 16:24:03,390 DEBUG - [chan 1] EOF received (1)
2020-11-06 16:24:03,391 DEBUG - [chan 1] EOF sent (1)
2020-11-06 16:24:03,391 DEBUG - [chan 2] Max packet out: 32768 bytes
2020-11-06 16:24:03,391 DEBUG - Secsh channel 2 opened.
2020-11-06 16:24:03,438 DEBUG - [chan 2] Sesch channel 2 request ok
2020-11-06 16:24:03,493 DEBUG - [chan 2] EOF received (2)
2020-11-06 16:24:03,493 DEBUG - [chan 2] EOF sent (2)
2020-11-06 16:24:03,495 DEBUG - EOF in transport thread
2020-11-06 16:24:11,548 DEBUG - starting thread (client mode): 0xab2e99d0L
2020-11-06 16:24:11,549 DEBUG - Local version/idstring: SSH-2.0-paramiko_2.6.0
2020-11-06 16:24:11,593 DEBUG - Remote version/idstring: SSH-2.0-OpenSSH_7.4
2020-11-06 16:24:11,593 INFO - Connected (version 2.0, client OpenSSH_7.4)
2020-11-06 16:24:11,602 DEBUG - kex algos:[u'curve25519-sha256', u'curve25519-sha256@libssh.org', u'ecdh-sha2-nistp256', u'ecdh-sha2-nistp384', u'ecdh-sha2-nistp521', u'diffie-hellman-group-exchange-sha256', u'diffie-hellman-group16-sha512', u'diffie-hellman-group18-sha512', u'diffie-hellman-group-exchange-sha1', u'diffie-hellman-group14-sha256', u'diffie-hellman-group14-sha1', u'diffie-hellman-group1-sha1'] server key:[u'ssh-rsa', u'rsa-sha2-512', u'rsa-sha2-256', u'ecdsa-sha2-nistp256', u'ssh-ed25519'] client encrypt:[u'chacha20-poly1305@openssh.com', u'aes128-ctr', u'aes192-ctr', u'aes256-ctr', u'aes128-gcm@openssh.com', u'aes256-gcm@openssh.com', u'aes128-cbc', u'aes192-cbc', u'aes256-cbc', u'blowfish-cbc', u'cast128-cbc', u'3des-cbc'] server encrypt:[u'chacha20-poly1305@openssh.com', u'aes128-ctr', u'aes192-ctr', u'aes256-ctr', u'aes128-gcm@openssh.com', u'aes256-gcm@openssh.com', u'aes128-cbc', u'aes192-cbc', u'aes256-cbc', u'blowfish-cbc', u'cast128-cbc', u'3des-cbc'] client mac:[u'umac-64-etm@openssh.com', u'umac-128-etm@openssh.com', u'hmac-sha2-256-etm@openssh.com', u'hmac-sha2-512-etm@openssh.com', u'hmac-sha1-etm@openssh.com', u'umac-64@openssh.com', u'umac-128@openssh.com', u'hmac-sha2-256', u'hmac-sha2-512', u'hmac-sha1'] server mac:[u'umac-64-etm@openssh.com', u'umac-128-etm@openssh.com', u'hmac-sha2-256-etm@openssh.com', u'hmac-sha2-512-etm@openssh.com', u'hmac-sha1-etm@openssh.com', u'umac-64@openssh.com', u'umac-128@openssh.com', u'hmac-sha2-256', u'hmac-sha2-512', u'hmac-sha1'] client compress:[u'none', u'zlib@openssh.com'] server compress:[u'none', u'zlib@openssh.com'] client lang:[u''] server lang:[u''] kex follows?False
2020-11-06 16:24:11,602 DEBUG - Kex agreed: curve25519-sha256@libssh.org
2020-11-06 16:24:11,603 DEBUG - HostKey agreed: ssh-ed25519
2020-11-06 16:24:11,603 DEBUG - Cipher agreed: aes128-ctr
2020-11-06 16:24:11,603 DEBUG - MAC agreed: hmac-sha2-256
2020-11-06 16:24:11,603 DEBUG - Compression agreed: none
2020-11-06 16:24:11,623 DEBUG - kex engine KexCurve25519 specified hash_algo <built-in function openssl_sha256>
2020-11-06 16:24:11,624 DEBUG - Switch to new keys ...
2020-11-06 16:24:11,626 DEBUG - Adding ssh-ed25519 host key for [58.64.180.88]:28032: 649bfb2ade50b259183468bcc4a641be
2020-11-06 16:24:11,627 DEBUG - Trying discovered key f1e2a20412f7e99b7abdb041b22f15e1 in /root/.ssh/id_rsa
2020-11-06 16:24:11,665 DEBUG - userauth is OK
2020-11-06 16:24:17,128 INFO - Authentication (publickey) successful!
2020-11-06 16:24:17,130 DEBUG - [chan 0] Max packet in: 32768 bytes
2020-11-06 16:24:17,368 DEBUG - Received global request "hostkeys-00@openssh.com"
2020-11-06 16:24:17,369 DEBUG - Rejecting "hostkeys-00@openssh.com" global request from server.
2020-11-06 16:24:17,369 DEBUG - Debug msg: Adding to environment: NAME=argus
2020-11-06 16:24:17,369 DEBUG - [chan 0] Max packet out: 32768 bytes
2020-11-06 16:24:17,369 DEBUG - Secsh channel 0 opened.
2020-11-06 16:24:17,405 DEBUG - [chan 0] Sesch channel 0 request ok
2020-11-06 16:24:17,415 DEBUG - [chan 0] Sesch channel 0 request ok
2020-11-06 16:24:17,416 DEBUG - [chan 1] Max packet in: 32768 bytes
2020-11-06 16:24:17,417 DEBUG - [chan 1] Max packet out: 32768 bytes
2020-11-06 16:24:17,417 DEBUG - Secsh channel 1 opened.
2020-11-06 16:24:17,425 DEBUG - [chan 1] Sesch channel 1 request ok
2020-11-06 16:24:28,810 DEBUG - [chan 2] Max packet in: 32768 bytes
2020-11-06 16:24:28,812 DEBUG - [chan 1] EOF received (1)
2020-11-06 16:24:28,812 DEBUG - [chan 1] EOF sent (1)
2020-11-06 16:24:28,813 DEBUG - [chan 2] Max packet out: 32768 bytes
2020-11-06 16:24:28,813 DEBUG - Secsh channel 2 opened.
2020-11-06 16:24:28,859 DEBUG - [chan 2] Sesch channel 2 request ok
2020-11-06 16:24:28,912 DEBUG - [chan 2] EOF received (2)
2020-11-06 16:24:28,912 DEBUG - [chan 2] EOF sent (2)
2020-11-06 16:24:28,913 DEBUG - EOF in transport thread
2020-11-06 16:24:36,965 DEBUG - starting thread (client mode): 0xac7f3390L
2020-11-06 16:24:36,965 DEBUG - Local version/idstring: SSH-2.0-paramiko_2.6.0
2020-11-06 16:24:37,035 DEBUG - Remote version/idstring: SSH-2.0-OpenSSH_7.4
2020-11-06 16:24:37,035 INFO - Connected (version 2.0, client OpenSSH_7.4)
2020-11-06 16:24:37,046 DEBUG - kex algos:[u'curve25519-sha256', u'curve25519-sha256@libssh.org', u'ecdh-sha2-nistp256', u'ecdh-sha2-nistp384', u'ecdh-sha2-nistp521', u'diffie-hellman-group-exchange-sha256', u'diffie-hellman-group16-sha512', u'diffie-hellman-group18-sha512', u'diffie-hellman-group-exchange-sha1', u'diffie-hellman-group14-sha256', u'diffie-hellman-group14-sha1', u'diffie-hellman-group1-sha1'] server key:[u'ssh-rsa', u'rsa-sha2-512', u'rsa-sha2-256', u'ecdsa-sha2-nistp256', u'ssh-ed25519'] client encrypt:[u'chacha20-poly1305@openssh.com', u'aes128-ctr', u'aes192-ctr', u'aes256-ctr', u'aes128-gcm@openssh.com', u'aes256-gcm@openssh.com', u'aes128-cbc', u'aes192-cbc', u'aes256-cbc', u'blowfish-cbc', u'cast128-cbc', u'3des-cbc'] server encrypt:[u'chacha20-poly1305@openssh.com', u'aes128-ctr', u'aes192-ctr', u'aes256-ctr', u'aes128-gcm@openssh.com', u'aes256-gcm@openssh.com', u'aes128-cbc', u'aes192-cbc', u'aes256-cbc', u'blowfish-cbc', u'cast128-cbc', u'3des-cbc'] client mac:[u'umac-64-etm@openssh.com', u'umac-128-etm@openssh.com', u'hmac-sha2-256-etm@openssh.com', u'hmac-sha2-512-etm@openssh.com', u'hmac-sha1-etm@openssh.com', u'umac-64@openssh.com', u'umac-128@openssh.com', u'hmac-sha2-256', u'hmac-sha2-512', u'hmac-sha1'] server mac:[u'umac-64-etm@openssh.com', u'umac-128-etm@openssh.com', u'hmac-sha2-256-etm@openssh.com', u'hmac-sha2-512-etm@openssh.com', u'hmac-sha1-etm@openssh.com', u'umac-64@openssh.com', u'umac-128@openssh.com', u'hmac-sha2-256', u'hmac-sha2-512', u'hmac-sha1'] client compress:[u'none', u'zlib@openssh.com'] server compress:[u'none', u'zlib@openssh.com'] client lang:[u''] server lang:[u''] kex follows?False
2020-11-06 16:24:37,046 DEBUG - Kex agreed: curve25519-sha256@libssh.org
2020-11-06 16:24:37,046 DEBUG - HostKey agreed: ssh-ed25519
2020-11-06 16:24:37,047 DEBUG - Cipher agreed: aes128-ctr
2020-11-06 16:24:37,047 DEBUG - MAC agreed: hmac-sha2-256
2020-11-06 16:24:37,047 DEBUG - Compression agreed: none
2020-11-06 16:24:37,067 DEBUG - kex engine KexCurve25519 specified hash_algo <built-in function openssl_sha256>
2020-11-06 16:24:37,067 DEBUG - Switch to new keys ...
2020-11-06 16:24:37,069 DEBUG - Adding ssh-ed25519 host key for [58.64.180.87]:28032: 649bfb2ade50b259183468bcc4a641be
2020-11-06 16:24:37,071 DEBUG - Trying discovered key f1e2a20412f7e99b7abdb041b22f15e1 in /root/.ssh/id_rsa
2020-11-06 16:24:37,108 DEBUG - userauth is OK
2020-11-06 16:24:42,195 INFO - Authentication (publickey) successful!
2020-11-06 16:24:42,205 DEBUG - [chan 0] Max packet in: 32768 bytes
2020-11-06 16:24:42,818 DEBUG - Received global request "hostkeys-00@openssh.com"
2020-11-06 16:24:42,819 DEBUG - Rejecting "hostkeys-00@openssh.com" global request from server.
2020-11-06 16:24:42,819 DEBUG - Debug msg: Adding to environment: NAME=argus
2020-11-06 16:24:42,858 DEBUG - [chan 0] Max packet out: 32768 bytes
2020-11-06 16:24:42,859 DEBUG - Secsh channel 0 opened.
2020-11-06 16:24:42,891 DEBUG - [chan 0] Sesch channel 0 request ok
2020-11-06 16:24:42,902 DEBUG - [chan 0] Sesch channel 0 request ok
2020-11-06 16:24:42,903 DEBUG - [chan 1] Max packet in: 32768 bytes
2020-11-06 16:24:42,904 DEBUG - [chan 1] Max packet out: 32768 bytes
2020-11-06 16:24:42,904 DEBUG - Secsh channel 1 opened.
2020-11-06 16:24:42,913 DEBUG - [chan 1] Sesch channel 1 request ok
2020-11-06 16:24:53,984 DEBUG - [chan 2] Max packet in: 32768 bytes
2020-11-06 16:24:53,986 DEBUG - [chan 1] EOF received (1)
2020-11-06 16:24:53,986 DEBUG - [chan 1] EOF sent (1)
2020-11-06 16:24:53,987 DEBUG - [chan 2] Max packet out: 32768 bytes
2020-11-06 16:24:53,987 DEBUG - Secsh channel 2 opened.
2020-11-06 16:24:54,032 DEBUG - [chan 2] Sesch channel 2 request ok
2020-11-06 16:24:54,066 DEBUG - [chan 2] EOF received (2)
2020-11-06 16:24:54,067 DEBUG - [chan 2] EOF sent (2)
2020-11-06 16:24:54,068 DEBUG - EOF in transport thread
2020-11-06 16:25:02,119 DEBUG - starting thread (client mode): 0xa991a450L
2020-11-06 16:25:02,119 DEBUG - Local version/idstring: SSH-2.0-paramiko_2.6.0
2020-11-06 16:25:02,139 DEBUG - Remote version/idstring: SSH-2.0-OpenSSH_7.4
2020-11-06 16:25:02,139 INFO - Connected (version 2.0, client OpenSSH_7.4)
2020-11-06 16:25:02,143 DEBUG - kex algos:[u'curve25519-sha256', u'curve25519-sha256@libssh.org', u'ecdh-sha2-nistp256', u'ecdh-sha2-nistp384', u'ecdh-sha2-nistp521', u'diffie-hellman-group-exchange-sha256', u'diffie-hellman-group16-sha512', u'diffie-hellman-group18-sha512', u'diffie-hellman-group-exchange-sha1', u'diffie-hellman-group14-sha256', u'diffie-hellman-group14-sha1', u'diffie-hellman-group1-sha1'] server key:[u'ssh-rsa', u'rsa-sha2-512', u'rsa-sha2-256', u'ecdsa-sha2-nistp256', u'ssh-ed25519'] client encrypt:[u'chacha20-poly1305@openssh.com', u'aes128-ctr', u'aes192-ctr', u'aes256-ctr', u'aes128-gcm@openssh.com', u'aes256-gcm@openssh.com', u'aes128-cbc', u'aes192-cbc', u'aes256-cbc', u'blowfish-cbc', u'cast128-cbc', u'3des-cbc'] server encrypt:[u'chacha20-poly1305@openssh.com', u'aes128-ctr', u'aes192-ctr', u'aes256-ctr', u'aes128-gcm@openssh.com', u'aes256-gcm@openssh.com', u'aes128-cbc', u'aes192-cbc', u'aes256-cbc', u'blowfish-cbc', u'cast128-cbc', u'3des-cbc'] client mac:[u'umac-64-etm@openssh.com', u'umac-128-etm@openssh.com', u'hmac-sha2-256-etm@openssh.com', u'hmac-sha2-512-etm@openssh.com', u'hmac-sha1-etm@openssh.com', u'umac-64@openssh.com', u'umac-128@openssh.com', u'hmac-sha2-256', u'hmac-sha2-512', u'hmac-sha1'] server mac:[u'umac-64-etm@openssh.com', u'umac-128-etm@openssh.com', u'hmac-sha2-256-etm@openssh.com', u'hmac-sha2-512-etm@openssh.com', u'hmac-sha1-etm@openssh.com', u'umac-64@openssh.com', u'umac-128@openssh.com', u'hmac-sha2-256', u'hmac-sha2-512', u'hmac-sha1'] client compress:[u'none', u'zlib@openssh.com'] server compress:[u'none', u'zlib@openssh.com'] client lang:[u''] server lang:[u''] kex follows?False
2020-11-06 16:25:02,143 DEBUG - Kex agreed: curve25519-sha256@libssh.org
2020-11-06 16:25:02,143 DEBUG - HostKey agreed: ssh-ed25519
2020-11-06 16:25:02,143 DEBUG - Cipher agreed: aes128-ctr
2020-11-06 16:25:02,143 DEBUG - MAC agreed: hmac-sha2-256
2020-11-06 16:25:02,144 DEBUG - Compression agreed: none
2020-11-06 16:25:02,152 DEBUG - kex engine KexCurve25519 specified hash_algo <built-in function openssl_sha256>
2020-11-06 16:25:02,153 DEBUG - Switch to new keys ...
2020-11-06 16:25:02,154 DEBUG - Adding ssh-ed25519 host key for [58.64.180.82]:28032: 649bfb2ade50b259183468bcc4a641be
2020-11-06 16:25:02,155 DEBUG - Trying discovered key f1e2a20412f7e99b7abdb041b22f15e1 in /root/.ssh/id_rsa
2020-11-06 16:25:02,193 DEBUG - userauth is OK
2020-11-06 16:25:02,287 INFO - Authentication (publickey) successful!
2020-11-06 16:25:02,289 DEBUG - [chan 0] Max packet in: 32768 bytes
2020-11-06 16:25:02,611 DEBUG - Received global request "hostkeys-00@openssh.com"
2020-11-06 16:25:02,612 DEBUG - Rejecting "hostkeys-00@openssh.com" global request from server.
2020-11-06 16:25:02,612 DEBUG - Debug msg: Adding to environment: NAME=argus
2020-11-06 16:25:02,651 DEBUG - [chan 0] Max packet out: 32768 bytes
2020-11-06 16:25:02,652 DEBUG - Secsh channel 0 opened.
2020-11-06 16:25:02,668 DEBUG - [chan 0] Sesch channel 0 request ok
2020-11-06 16:25:02,677 DEBUG - [chan 0] Sesch channel 0 request ok
2020-11-06 16:25:02,678 DEBUG - [chan 1] Max packet in: 32768 bytes
2020-11-06 16:25:02,679 DEBUG - [chan 1] Max packet out: 32768 bytes
2020-11-06 16:25:02,679 DEBUG - Secsh channel 1 opened.
2020-11-06 16:25:02,692 DEBUG - [chan 1] Sesch channel 1 request ok
2020-11-06 16:25:07,480 DEBUG - [chan 2] Max packet in: 32768 bytes
2020-11-06 16:25:07,482 DEBUG - [chan 1] EOF received (1)
2020-11-06 16:25:07,483 DEBUG - [chan 1] EOF sent (1)
2020-11-06 16:25:07,483 DEBUG - [chan 2] Max packet out: 32768 bytes
2020-11-06 16:25:07,483 DEBUG - Secsh channel 2 opened.
2020-11-06 16:25:07,530 DEBUG - [chan 2] Sesch channel 2 request ok
2020-11-06 16:25:07,586 DEBUG - [chan 2] EOF received (2)
2020-11-06 16:25:07,586 DEBUG - [chan 2] EOF sent (2)
2020-11-06 16:25:07,588 DEBUG - EOF in transport thread
2020-11-06 16:34:19,121 DEBUG - starting thread (client mode): 0xaa6766d0L
2020-11-06 16:34:19,122 DEBUG - Local version/idstring: SSH-2.0-paramiko_2.6.0
2020-11-06 16:34:19,173 DEBUG - Remote version/idstring: SSH-2.0-OpenSSH_7.4
2020-11-06 16:34:19,173 INFO - Connected (version 2.0, client OpenSSH_7.4)
2020-11-06 16:34:19,176 DEBUG - kex algos:[u'curve25519-sha256', u'curve25519-sha256@libssh.org', u'ecdh-sha2-nistp256', u'ecdh-sha2-nistp384', u'ecdh-sha2-nistp521', u'diffie-hellman-group-exchange-sha256', u'diffie-hellman-group16-sha512', u'diffie-hellman-group18-sha512', u'diffie-hellman-group-exchange-sha1', u'diffie-hellman-group14-sha256', u'diffie-hellman-group14-sha1', u'diffie-hellman-group1-sha1'] server key:[u'ssh-rsa', u'rsa-sha2-512', u'rsa-sha2-256', u'ecdsa-sha2-nistp256', u'ssh-ed25519'] client encrypt:[u'chacha20-poly1305@openssh.com', u'aes128-ctr', u'aes192-ctr', u'aes256-ctr', u'aes128-gcm@openssh.com', u'aes256-gcm@openssh.com', u'aes128-cbc', u'aes192-cbc', u'aes256-cbc', u'blowfish-cbc', u'cast128-cbc', u'3des-cbc'] server encrypt:[u'chacha20-poly1305@openssh.com', u'aes128-ctr', u'aes192-ctr', u'aes256-ctr', u'aes128-gcm@openssh.com', u'aes256-gcm@openssh.com', u'aes128-cbc', u'aes192-cbc', u'aes256-cbc', u'blowfish-cbc', u'cast128-cbc', u'3des-cbc'] client mac:[u'umac-64-etm@openssh.com', u'umac-128-etm@openssh.com', u'hmac-sha2-256-etm@openssh.com', u'hmac-sha2-512-etm@openssh.com', u'hmac-sha1-etm@openssh.com', u'umac-64@openssh.com', u'umac-128@openssh.com', u'hmac-sha2-256', u'hmac-sha2-512', u'hmac-sha1'] server mac:[u'umac-64-etm@openssh.com', u'umac-128-etm@openssh.com', u'hmac-sha2-256-etm@openssh.com', u'hmac-sha2-512-etm@openssh.com', u'hmac-sha1-etm@openssh.com', u'umac-64@openssh.com', u'umac-128@openssh.com', u'hmac-sha2-256', u'hmac-sha2-512', u'hmac-sha1'] client compress:[u'none', u'zlib@openssh.com'] server compress:[u'none', u'zlib@openssh.com'] client lang:[u''] server lang:[u''] kex follows?False
2020-11-06 16:34:19,176 DEBUG - Kex agreed: curve25519-sha256@libssh.org
2020-11-06 16:34:19,176 DEBUG - HostKey agreed: ssh-ed25519
2020-11-06 16:34:19,177 DEBUG - Cipher agreed: aes128-ctr
2020-11-06 16:34:19,177 DEBUG - MAC agreed: hmac-sha2-256
2020-11-06 16:34:19,177 DEBUG - Compression agreed: none
2020-11-06 16:34:19,193 DEBUG - kex engine KexCurve25519 specified hash_algo <built-in function openssl_sha256>
2020-11-06 16:34:19,194 DEBUG - Switch to new keys ...
2020-11-06 16:34:19,223 DEBUG - Adding ssh-ed25519 host key for [210.209.72.140]:28032: f0e839335cba3de5a05d8dd23be98e47
2020-11-06 16:34:19,225 DEBUG - Trying discovered key f1e2a20412f7e99b7abdb041b22f15e1 in /root/.ssh/id_rsa
2020-11-06 16:34:19,237 DEBUG - userauth is OK
2020-11-06 16:34:19,346 INFO - Authentication (publickey) successful!
2020-11-06 16:34:19,359 DEBUG - [chan 0] Max packet in: 32768 bytes
2020-11-06 16:34:19,547 DEBUG - Received global request "hostkeys-00@openssh.com"
2020-11-06 16:34:19,547 DEBUG - Rejecting "hostkeys-00@openssh.com" global request from server.
2020-11-06 16:34:19,547 DEBUG - Debug msg: Adding to environment: NAME=argus
2020-11-06 16:34:19,587 DEBUG - [chan 0] Max packet out: 32768 bytes
2020-11-06 16:34:19,587 DEBUG - Secsh channel 0 opened.
2020-11-06 16:34:19,598 DEBUG - [chan 0] Sesch channel 0 request ok
2020-11-06 16:34:19,605 DEBUG - [chan 0] Sesch channel 0 request ok
2020-11-06 16:34:19,605 DEBUG - [chan 1] Max packet in: 32768 bytes
2020-11-06 16:34:19,606 DEBUG - [chan 1] Max packet out: 32768 bytes
2020-11-06 16:34:19,606 DEBUG - Secsh channel 1 opened.
2020-11-06 16:34:19,614 DEBUG - [chan 1] Sesch channel 1 request ok
2020-11-06 16:34:24,309 DEBUG - [chan 2] Max packet in: 32768 bytes
2020-11-06 16:34:24,311 DEBUG - [chan 1] EOF received (1)
2020-11-06 16:34:24,311 DEBUG - [chan 1] EOF sent (1)
2020-11-06 16:34:24,312 DEBUG - [chan 2] Max packet out: 32768 bytes
2020-11-06 16:34:24,312 DEBUG - Secsh channel 2 opened.
2020-11-06 16:34:24,360 DEBUG - [chan 2] Sesch channel 2 request ok
2020-11-06 16:34:24,393 DEBUG - [chan 2] EOF received (2)
2020-11-06 16:34:24,394 DEBUG - [chan 2] EOF sent (2)
2020-11-06 16:34:24,395 DEBUG - EOF in transport thread
2020-11-06 16:34:32,448 DEBUG - starting thread (client mode): 0xab62e1d0L
2020-11-06 16:34:32,449 DEBUG - Local version/idstring: SSH-2.0-paramiko_2.6.0
2020-11-06 16:34:32,606 DEBUG - Remote version/idstring: SSH-2.0-OpenSSH_7.4
2020-11-06 16:34:32,606 INFO - Connected (version 2.0, client OpenSSH_7.4)
2020-11-06 16:34:32,610 DEBUG - kex algos:[u'curve25519-sha256', u'curve25519-sha256@libssh.org', u'ecdh-sha2-nistp256', u'ecdh-sha2-nistp384', u'ecdh-sha2-nistp521', u'diffie-hellman-group-exchange-sha256', u'diffie-hellman-group16-sha512', u'diffie-hellman-group18-sha512', u'diffie-hellman-group-exchange-sha1', u'diffie-hellman-group14-sha256', u'diffie-hellman-group14-sha1', u'diffie-hellman-group1-sha1'] server key:[u'ssh-rsa', u'rsa-sha2-512', u'rsa-sha2-256', u'ecdsa-sha2-nistp256', u'ssh-ed25519'] client encrypt:[u'chacha20-poly1305@openssh.com', u'aes128-ctr', u'aes192-ctr', u'aes256-ctr', u'aes128-gcm@openssh.com', u'aes256-gcm@openssh.com', u'aes128-cbc', u'aes192-cbc', u'aes256-cbc', u'blowfish-cbc', u'cast128-cbc', u'3des-cbc'] server encrypt:[u'chacha20-poly1305@openssh.com', u'aes128-ctr', u'aes192-ctr', u'aes256-ctr', u'aes128-gcm@openssh.com', u'aes256-gcm@openssh.com', u'aes128-cbc', u'aes192-cbc', u'aes256-cbc', u'blowfish-cbc', u'cast128-cbc', u'3des-cbc'] client mac:[u'umac-64-etm@openssh.com', u'umac-128-etm@openssh.com', u'hmac-sha2-256-etm@openssh.com', u'hmac-sha2-512-etm@openssh.com', u'hmac-sha1-etm@openssh.com', u'umac-64@openssh.com', u'umac-128@openssh.com', u'hmac-sha2-256', u'hmac-sha2-512', u'hmac-sha1'] server mac:[u'umac-64-etm@openssh.com', u'umac-128-etm@openssh.com', u'hmac-sha2-256-etm@openssh.com', u'hmac-sha2-512-etm@openssh.com', u'hmac-sha1-etm@openssh.com', u'umac-64@openssh.com', u'umac-128@openssh.com', u'hmac-sha2-256', u'hmac-sha2-512', u'hmac-sha1'] client compress:[u'none', u'zlib@openssh.com'] server compress:[u'none', u'zlib@openssh.com'] client lang:[u''] server lang:[u''] kex follows?False
2020-11-06 16:34:32,610 DEBUG - Kex agreed: curve25519-sha256@libssh.org
2020-11-06 16:34:32,610 DEBUG - HostKey agreed: ssh-ed25519
2020-11-06 16:34:32,610 DEBUG - Cipher agreed: aes128-ctr
2020-11-06 16:34:32,610 DEBUG - MAC agreed: hmac-sha2-256
2020-11-06 16:34:32,610 DEBUG - Compression agreed: none
2020-11-06 16:34:32,628 DEBUG - kex engine KexCurve25519 specified hash_algo <built-in function openssl_sha256>
2020-11-06 16:34:32,628 DEBUG - Switch to new keys ...
2020-11-06 16:34:32,650 DEBUG - Adding ssh-ed25519 host key for [210.209.72.136]:28032: f0e839335cba3de5a05d8dd23be98e47
2020-11-06 16:34:32,653 DEBUG - Trying discovered key f1e2a20412f7e99b7abdb041b22f15e1 in /root/.ssh/id_rsa
2020-11-06 16:34:32,669 DEBUG - userauth is OK
2020-11-06 16:34:32,724 INFO - Authentication (publickey) successful!
2020-11-06 16:34:32,754 DEBUG - [chan 0] Max packet in: 32768 bytes
2020-11-06 16:34:38,147 DEBUG - Received global request "hostkeys-00@openssh.com"
2020-11-06 16:34:38,147 DEBUG - Rejecting "hostkeys-00@openssh.com" global request from server.
2020-11-06 16:34:38,148 DEBUG - Debug msg: Adding to environment: NAME=argus
2020-11-06 16:34:38,148 DEBUG - [chan 0] Max packet out: 32768 bytes
2020-11-06 16:34:38,148 DEBUG - Secsh channel 0 opened.
2020-11-06 16:34:38,154 DEBUG - [chan 0] Sesch channel 0 request ok
2020-11-06 16:34:38,168 DEBUG - [chan 0] Sesch channel 0 request ok
2020-11-06 16:34:38,169 DEBUG - [chan 1] Max packet in: 32768 bytes
2020-11-06 16:34:38,170 DEBUG - [chan 1] Max packet out: 32768 bytes
2020-11-06 16:34:38,170 DEBUG - Secsh channel 1 opened.
2020-11-06 16:34:38,181 DEBUG - [chan 1] Sesch channel 1 request ok
2020-11-06 16:34:42,955 DEBUG - [chan 2] Max packet in: 32768 bytes
2020-11-06 16:34:42,957 DEBUG - [chan 1] EOF received (1)
2020-11-06 16:34:42,958 DEBUG - [chan 1] EOF sent (1)
2020-11-06 16:34:42,958 DEBUG - [chan 2] Max packet out: 32768 bytes
2020-11-06 16:34:42,958 DEBUG - Secsh channel 2 opened.
2020-11-06 16:34:43,009 DEBUG - [chan 2] Sesch channel 2 request ok
2020-11-06 16:34:43,035 DEBUG - [chan 2] EOF received (2)
2020-11-06 16:34:43,036 DEBUG - [chan 2] EOF sent (2)
2020-11-06 16:34:43,037 DEBUG - EOF in transport thread
2020-11-06 16:34:51,086 DEBUG - starting thread (client mode): 0xaa68ae50L
2020-11-06 16:34:51,086 DEBUG - Local version/idstring: SSH-2.0-paramiko_2.6.0
2020-11-06 16:34:51,105 DEBUG - Remote version/idstring: SSH-2.0-OpenSSH_7.4
2020-11-06 16:34:51,106 INFO - Connected (version 2.0, client OpenSSH_7.4)
2020-11-06 16:34:51,107 DEBUG - kex algos:[u'curve25519-sha256', u'curve25519-sha256@libssh.org', u'ecdh-sha2-nistp256', u'ecdh-sha2-nistp384', u'ecdh-sha2-nistp521', u'diffie-hellman-group-exchange-sha256', u'diffie-hellman-group16-sha512', u'diffie-hellman-group18-sha512', u'diffie-hellman-group-exchange-sha1', u'diffie-hellman-group14-sha256', u'diffie-hellman-group14-sha1', u'diffie-hellman-group1-sha1'] server key:[u'ssh-rsa', u'rsa-sha2-512', u'rsa-sha2-256', u'ecdsa-sha2-nistp256', u'ssh-ed25519'] client encrypt:[u'chacha20-poly1305@openssh.com', u'aes128-ctr', u'aes192-ctr', u'aes256-ctr', u'aes128-gcm@openssh.com', u'aes256-gcm@openssh.com', u'aes128-cbc', u'aes192-cbc', u'aes256-cbc', u'blowfish-cbc', u'cast128-cbc', u'3des-cbc'] server encrypt:[u'chacha20-poly1305@openssh.com', u'aes128-ctr', u'aes192-ctr', u'aes256-ctr', u'aes128-gcm@openssh.com', u'aes256-gcm@openssh.com', u'aes128-cbc', u'aes192-cbc', u'aes256-cbc', u'blowfish-cbc', u'cast128-cbc', u'3des-cbc'] client mac:[u'umac-64-etm@openssh.com', u'umac-128-etm@openssh.com', u'hmac-sha2-256-etm@openssh.com', u'hmac-sha2-512-etm@openssh.com', u'hmac-sha1-etm@openssh.com', u'umac-64@openssh.com', u'umac-128@openssh.com', u'hmac-sha2-256', u'hmac-sha2-512', u'hmac-sha1'] server mac:[u'umac-64-etm@openssh.com', u'umac-128-etm@openssh.com', u'hmac-sha2-256-etm@openssh.com', u'hmac-sha2-512-etm@openssh.com', u'hmac-sha1-etm@openssh.com', u'umac-64@openssh.com', u'umac-128@openssh.com', u'hmac-sha2-256', u'hmac-sha2-512', u'hmac-sha1'] client compress:[u'none', u'zlib@openssh.com'] server compress:[u'none', u'zlib@openssh.com'] client lang:[u''] server lang:[u''] kex follows?False
2020-11-06 16:34:51,108 DEBUG - Kex agreed: curve25519-sha256@libssh.org
2020-11-06 16:34:51,108 DEBUG - HostKey agreed: ssh-ed25519
2020-11-06 16:34:51,108 DEBUG - Cipher agreed: aes128-ctr
2020-11-06 16:34:51,108 DEBUG - MAC agreed: hmac-sha2-256
2020-11-06 16:34:51,108 DEBUG - Compression agreed: none
2020-11-06 16:34:51,166 DEBUG - kex engine KexCurve25519 specified hash_algo <built-in function openssl_sha256>
2020-11-06 16:34:51,166 DEBUG - Switch to new keys ...
2020-11-06 16:34:51,187 DEBUG - Adding ssh-ed25519 host key for [210.209.72.125]:28032: f0e839335cba3de5a05d8dd23be98e47
2020-11-06 16:34:51,188 DEBUG - Trying discovered key f1e2a20412f7e99b7abdb041b22f15e1 in /root/.ssh/id_rsa
2020-11-06 16:34:51,207 DEBUG - userauth is OK
2020-11-06 16:34:51,234 INFO - Authentication (publickey) successful!
2020-11-06 16:34:51,255 DEBUG - [chan 0] Max packet in: 32768 bytes
2020-11-06 16:34:51,589 DEBUG - Received global request "hostkeys-00@openssh.com"
2020-11-06 16:34:51,589 DEBUG - Rejecting "hostkeys-00@openssh.com" global request from server.
2020-11-06 16:34:51,589 DEBUG - Debug msg: Adding to environment: NAME=argus
2020-11-06 16:34:51,629 DEBUG - [chan 0] Max packet out: 32768 bytes
2020-11-06 16:34:51,629 DEBUG - Secsh channel 0 opened.
2020-11-06 16:34:51,661 DEBUG - [chan 0] Sesch channel 0 request ok
2020-11-06 16:34:51,668 DEBUG - [chan 0] Sesch channel 0 request ok
2020-11-06 16:34:51,668 DEBUG - [chan 1] Max packet in: 32768 bytes
2020-11-06 16:34:51,670 DEBUG - [chan 1] Max packet out: 32768 bytes
2020-11-06 16:34:51,670 DEBUG - Secsh channel 1 opened.
2020-11-06 16:34:51,678 DEBUG - [chan 1] Sesch channel 1 request ok
2020-11-06 16:34:55,833 DEBUG - [chan 2] Max packet in: 32768 bytes
2020-11-06 16:34:55,835 DEBUG - [chan 1] EOF received (1)
2020-11-06 16:34:55,835 DEBUG - [chan 1] EOF sent (1)
2020-11-06 16:34:55,836 DEBUG - [chan 2] Max packet out: 32768 bytes
2020-11-06 16:34:55,836 DEBUG - Secsh channel 2 opened.
2020-11-06 16:34:55,882 DEBUG - [chan 2] Sesch channel 2 request ok
2020-11-06 16:34:55,902 DEBUG - [chan 2] EOF received (2)
2020-11-06 16:34:55,903 DEBUG - [chan 2] EOF sent (2)
2020-11-06 16:34:55,904 DEBUG - EOF in transport thread
2020-11-06 16:35:03,961 DEBUG - starting thread (client mode): 0xaa68ac50L
2020-11-06 16:35:03,961 DEBUG - EOF in transport thread
2020-11-06 16:40:29,055 DEBUG - starting thread (client mode): 0xabd51190L
2020-11-06 16:40:29,055 DEBUG - Local version/idstring: SSH-2.0-paramiko_2.6.0
2020-11-06 16:40:29,122 DEBUG - Remote version/idstring: SSH-2.0-OpenSSH_7.4
2020-11-06 16:40:29,122 INFO - Connected (version 2.0, client OpenSSH_7.4)
2020-11-06 16:40:29,125 DEBUG - kex algos:[u'curve25519-sha256', u'curve25519-sha256@libssh.org', u'ecdh-sha2-nistp256', u'ecdh-sha2-nistp384', u'ecdh-sha2-nistp521', u'diffie-hellman-group-exchange-sha256', u'diffie-hellman-group16-sha512', u'diffie-hellman-group18-sha512', u'diffie-hellman-group-exchange-sha1', u'diffie-hellman-group14-sha256', u'diffie-hellman-group14-sha1', u'diffie-hellman-group1-sha1'] server key:[u'ssh-rsa', u'rsa-sha2-512', u'rsa-sha2-256', u'ecdsa-sha2-nistp256', u'ssh-ed25519'] client encrypt:[u'chacha20-poly1305@openssh.com', u'aes128-ctr', u'aes192-ctr', u'aes256-ctr', u'aes128-gcm@openssh.com', u'aes256-gcm@openssh.com', u'aes128-cbc', u'aes192-cbc', u'aes256-cbc', u'blowfish-cbc', u'cast128-cbc', u'3des-cbc'] server encrypt:[u'chacha20-poly1305@openssh.com', u'aes128-ctr', u'aes192-ctr', u'aes256-ctr', u'aes128-gcm@openssh.com', u'aes256-gcm@openssh.com', u'aes128-cbc', u'aes192-cbc', u'aes256-cbc', u'blowfish-cbc', u'cast128-cbc', u'3des-cbc'] client mac:[u'umac-64-etm@openssh.com', u'umac-128-etm@openssh.com', u'hmac-sha2-256-etm@openssh.com', u'hmac-sha2-512-etm@openssh.com', u'hmac-sha1-etm@openssh.com', u'umac-64@openssh.com', u'umac-128@openssh.com', u'hmac-sha2-256', u'hmac-sha2-512', u'hmac-sha1'] server mac:[u'umac-64-etm@openssh.com', u'umac-128-etm@openssh.com', u'hmac-sha2-256-etm@openssh.com', u'hmac-sha2-512-etm@openssh.com', u'hmac-sha1-etm@openssh.com', u'umac-64@openssh.com', u'umac-128@openssh.com', u'hmac-sha2-256', u'hmac-sha2-512', u'hmac-sha1'] client compress:[u'none', u'zlib@openssh.com'] server compress:[u'none', u'zlib@openssh.com'] client lang:[u''] server lang:[u''] kex follows?False
2020-11-06 16:40:29,126 DEBUG - Kex agreed: curve25519-sha256@libssh.org
2020-11-06 16:40:29,126 DEBUG - HostKey agreed: ssh-ed25519
2020-11-06 16:40:29,126 DEBUG - Cipher agreed: aes128-ctr
2020-11-06 16:40:29,126 DEBUG - MAC agreed: hmac-sha2-256
2020-11-06 16:40:29,126 DEBUG - Compression agreed: none
2020-11-06 16:40:29,141 DEBUG - kex engine KexCurve25519 specified hash_algo <built-in function openssl_sha256>
2020-11-06 16:40:29,142 DEBUG - Switch to new keys ...
2020-11-06 16:40:29,157 DEBUG - Adding ssh-ed25519 host key for [210.209.72.141]:28032: f0e839335cba3de5a05d8dd23be98e47
2020-11-06 16:40:29,159 DEBUG - Trying discovered key f1e2a20412f7e99b7abdb041b22f15e1 in /root/.ssh/id_rsa
2020-11-06 16:40:29,183 DEBUG - userauth is OK
2020-11-06 16:40:29,390 INFO - Authentication (publickey) successful!
2020-11-06 16:40:29,394 DEBUG - [chan 0] Max packet in: 32768 bytes
2020-11-06 16:40:29,640 DEBUG - Received global request "hostkeys-00@openssh.com"
2020-11-06 16:40:29,640 DEBUG - Rejecting "hostkeys-00@openssh.com" global request from server.
2020-11-06 16:40:29,640 DEBUG - Debug msg: Adding to environment: NAME=argus
2020-11-06 16:40:29,680 DEBUG - [chan 0] Max packet out: 32768 bytes
2020-11-06 16:40:29,680 DEBUG - Secsh channel 0 opened.
2020-11-06 16:40:29,704 DEBUG - [chan 0] Sesch channel 0 request ok
2020-11-06 16:40:29,710 DEBUG - [chan 0] Sesch channel 0 request ok
2020-11-06 16:40:29,711 DEBUG - [chan 1] Max packet in: 32768 bytes
2020-11-06 16:40:29,712 DEBUG - [chan 1] Max packet out: 32768 bytes
2020-11-06 16:40:29,712 DEBUG - Secsh channel 1 opened.
2020-11-06 16:40:29,719 DEBUG - [chan 1] Sesch channel 1 request ok
2020-11-06 16:40:33,914 DEBUG - [chan 2] Max packet in: 32768 bytes
2020-11-06 16:40:33,916 DEBUG - [chan 1] EOF received (1)
2020-11-06 16:40:33,916 DEBUG - [chan 1] EOF sent (1)
2020-11-06 16:40:33,917 DEBUG - [chan 2] Max packet out: 32768 bytes
2020-11-06 16:40:33,917 DEBUG - Secsh channel 2 opened.
2020-11-06 16:40:33,964 DEBUG - [chan 2] Sesch channel 2 request ok
2020-11-06 16:40:33,985 DEBUG - [chan 2] EOF received (2)
2020-11-06 16:40:33,986 DEBUG - [chan 2] EOF sent (2)
2020-11-06 16:40:33,987 DEBUG - EOF in transport thread
2020-11-06 17:17:37,240 DEBUG - starting thread (client mode): 0xaa073fd0L
2020-11-06 17:17:37,240 DEBUG - Local version/idstring: SSH-2.0-paramiko_2.6.0
2020-11-06 17:17:37,269 DEBUG - Remote version/idstring: SSH-2.0-OpenSSH_7.4
2020-11-06 17:17:37,270 INFO - Connected (version 2.0, client OpenSSH_7.4)
2020-11-06 17:17:37,279 DEBUG - kex algos:[u'curve25519-sha256', u'curve25519-sha256@libssh.org', u'ecdh-sha2-nistp256', u'ecdh-sha2-nistp384', u'ecdh-sha2-nistp521', u'diffie-hellman-group-exchange-sha256', u'diffie-hellman-group16-sha512', u'diffie-hellman-group18-sha512', u'diffie-hellman-group-exchange-sha1', u'diffie-hellman-group14-sha256', u'diffie-hellman-group14-sha1', u'diffie-hellman-group1-sha1'] server key:[u'ssh-rsa', u'rsa-sha2-512', u'rsa-sha2-256', u'ecdsa-sha2-nistp256', u'ssh-ed25519'] client encrypt:[u'chacha20-poly1305@openssh.com', u'aes128-ctr', u'aes192-ctr', u'aes256-ctr', u'aes128-gcm@openssh.com', u'aes256-gcm@openssh.com', u'aes128-cbc', u'aes192-cbc', u'aes256-cbc', u'blowfish-cbc', u'cast128-cbc', u'3des-cbc'] server encrypt:[u'chacha20-poly1305@openssh.com', u'aes128-ctr', u'aes192-ctr', u'aes256-ctr', u'aes128-gcm@openssh.com', u'aes256-gcm@openssh.com', u'aes128-cbc', u'aes192-cbc', u'aes256-cbc', u'blowfish-cbc', u'cast128-cbc', u'3des-cbc'] client mac:[u'umac-64-etm@openssh.com', u'umac-128-etm@openssh.com', u'hmac-sha2-256-etm@openssh.com', u'hmac-sha2-512-etm@openssh.com', u'hmac-sha1-etm@openssh.com', u'umac-64@openssh.com', u'umac-128@openssh.com', u'hmac-sha2-256', u'hmac-sha2-512', u'hmac-sha1'] server mac:[u'umac-64-etm@openssh.com', u'umac-128-etm@openssh.com', u'hmac-sha2-256-etm@openssh.com', u'hmac-sha2-512-etm@openssh.com', u'hmac-sha1-etm@openssh.com', u'umac-64@openssh.com', u'umac-128@openssh.com', u'hmac-sha2-256', u'hmac-sha2-512', u'hmac-sha1'] client compress:[u'none', u'zlib@openssh.com'] server compress:[u'none', u'zlib@openssh.com'] client lang:[u''] server lang:[u''] kex follows?False
2020-11-06 17:17:37,279 DEBUG - Kex agreed: curve25519-sha256@libssh.org
2020-11-06 17:17:37,280 DEBUG - HostKey agreed: ssh-ed25519
2020-11-06 17:17:37,280 DEBUG - Cipher agreed: aes128-ctr
2020-11-06 17:17:37,280 DEBUG - MAC agreed: hmac-sha2-256
2020-11-06 17:17:37,280 DEBUG - Compression agreed: none
2020-11-06 17:17:37,293 DEBUG - kex engine KexCurve25519 specified hash_algo <built-in function openssl_sha256>
2020-11-06 17:17:37,294 DEBUG - Switch to new keys ...
2020-11-06 17:17:37,306 DEBUG - Adding ssh-ed25519 host key for [185.135.72.205]:28032: de457f91d6cfe90b74a47af1263b21ec
2020-11-06 17:17:37,307 DEBUG - Trying discovered key f1e2a20412f7e99b7abdb041b22f15e1 in /root/.ssh/id_rsa
2020-11-06 17:17:37,337 DEBUG - userauth is OK
2020-11-06 17:17:42,384 INFO - Authentication (publickey) successful!
2020-11-06 17:17:42,410 DEBUG - [chan 0] Max packet in: 32768 bytes
2020-11-06 17:17:42,605 DEBUG - Received global request "hostkeys-00@openssh.com"
2020-11-06 17:17:42,605 DEBUG - Rejecting "hostkeys-00@openssh.com" global request from server.
2020-11-06 17:17:42,605 DEBUG - Debug msg: Adding to environment: NAME=argus
2020-11-06 17:17:42,646 DEBUG - [chan 0] Max packet out: 32768 bytes
2020-11-06 17:17:42,646 DEBUG - Secsh channel 0 opened.
2020-11-06 17:17:42,686 DEBUG - [chan 0] Sesch channel 0 request ok
2020-11-06 17:17:42,703 DEBUG - [chan 0] Sesch channel 0 request ok
2020-11-06 17:17:42,703 DEBUG - [chan 1] Max packet in: 32768 bytes
2020-11-06 17:17:42,706 DEBUG - [chan 1] Max packet out: 32768 bytes
2020-11-06 17:17:42,706 DEBUG - Secsh channel 1 opened.
2020-11-06 17:17:42,720 DEBUG - [chan 1] Sesch channel 1 request ok
2020-11-06 17:17:42,759 DEBUG - [chan 1] EOF received (1)
2020-11-06 17:17:42,759 DEBUG - [chan 1] EOF sent (1)
2020-11-06 17:17:42,760 DEBUG - EOF in transport thread
2020-11-06 17:17:42,769 DEBUG - starting thread (client mode): 0xab63a9d0L
2020-11-06 17:17:42,769 DEBUG - Local version/idstring: SSH-2.0-paramiko_2.6.0
2020-11-06 17:17:42,822 DEBUG - Remote version/idstring: SSH-2.0-OpenSSH_7.4
2020-11-06 17:17:42,822 INFO - Connected (version 2.0, client OpenSSH_7.4)
2020-11-06 17:17:42,829 DEBUG - kex algos:[u'curve25519-sha256', u'curve25519-sha256@libssh.org', u'ecdh-sha2-nistp256', u'ecdh-sha2-nistp384', u'ecdh-sha2-nistp521', u'diffie-hellman-group-exchange-sha256', u'diffie-hellman-group16-sha512', u'diffie-hellman-group18-sha512', u'diffie-hellman-group-exchange-sha1', u'diffie-hellman-group14-sha256', u'diffie-hellman-group14-sha1', u'diffie-hellman-group1-sha1'] server key:[u'ssh-rsa', u'rsa-sha2-512', u'rsa-sha2-256', u'ecdsa-sha2-nistp256', u'ssh-ed25519'] client encrypt:[u'chacha20-poly1305@openssh.com', u'aes128-ctr', u'aes192-ctr', u'aes256-ctr', u'aes128-gcm@openssh.com', u'aes256-gcm@openssh.com', u'aes128-cbc', u'aes192-cbc', u'aes256-cbc', u'blowfish-cbc', u'cast128-cbc', u'3des-cbc'] server encrypt:[u'chacha20-poly1305@openssh.com', u'aes128-ctr', u'aes192-ctr', u'aes256-ctr', u'aes128-gcm@openssh.com', u'aes256-gcm@openssh.com', u'aes128-cbc', u'aes192-cbc', u'aes256-cbc', u'blowfish-cbc', u'cast128-cbc', u'3des-cbc'] client mac:[u'umac-64-etm@openssh.com', u'umac-128-etm@openssh.com', u'hmac-sha2-256-etm@openssh.com', u'hmac-sha2-512-etm@openssh.com', u'hmac-sha1-etm@openssh.com', u'umac-64@openssh.com', u'umac-128@openssh.com', u'hmac-sha2-256', u'hmac-sha2-512', u'hmac-sha1'] server mac:[u'umac-64-etm@openssh.com', u'umac-128-etm@openssh.com', u'hmac-sha2-256-etm@openssh.com', u'hmac-sha2-512-etm@openssh.com', u'hmac-sha1-etm@openssh.com', u'umac-64@openssh.com', u'umac-128@openssh.com', u'hmac-sha2-256', u'hmac-sha2-512', u'hmac-sha1'] client compress:[u'none', u'zlib@openssh.com'] server compress:[u'none', u'zlib@openssh.com'] client lang:[u''] server lang:[u''] kex follows?False
2020-11-06 17:17:42,830 DEBUG - Kex agreed: curve25519-sha256@libssh.org
2020-11-06 17:17:42,830 DEBUG - HostKey agreed: ssh-ed25519
2020-11-06 17:17:42,830 DEBUG - Cipher agreed: aes128-ctr
2020-11-06 17:17:42,830 DEBUG - MAC agreed: hmac-sha2-256
2020-11-06 17:17:42,830 DEBUG - Compression agreed: none
2020-11-06 17:17:42,844 DEBUG - kex engine KexCurve25519 specified hash_algo <built-in function openssl_sha256>
2020-11-06 17:17:42,844 DEBUG - Switch to new keys ...
2020-11-06 17:17:42,870 DEBUG - Adding ssh-ed25519 host key for [185.135.72.205]:28032: de457f91d6cfe90b74a47af1263b21ec
2020-11-06 17:17:42,871 DEBUG - Trying discovered key f1e2a20412f7e99b7abdb041b22f15e1 in /root/.ssh/id_rsa
2020-11-06 17:17:42,888 DEBUG - userauth is OK
2020-11-06 17:17:47,931 INFO - Authentication (publickey) successful!
2020-11-06 17:17:47,939 DEBUG - [chan 0] Max packet in: 32768 bytes
2020-11-06 17:17:48,134 DEBUG - Received global request "hostkeys-00@openssh.com"
2020-11-06 17:17:48,134 DEBUG - Rejecting "hostkeys-00@openssh.com" global request from server.
2020-11-06 17:17:48,134 DEBUG - Debug msg: Adding to environment: NAME=argus
2020-11-06 17:17:48,175 DEBUG - [chan 0] Max packet out: 32768 bytes
2020-11-06 17:17:48,175 DEBUG - Secsh channel 0 opened.
2020-11-06 17:17:48,217 DEBUG - [chan 0] Sesch channel 0 request ok
2020-11-06 17:17:48,238 DEBUG - [chan 0] Sesch channel 0 request ok
2020-11-06 17:17:48,239 DEBUG - [chan 1] Max packet in: 32768 bytes
2020-11-06 17:17:48,243 DEBUG - [chan 1] Max packet out: 32768 bytes
2020-11-06 17:17:48,243 DEBUG - Secsh channel 1 opened.
2020-11-06 17:17:48,261 DEBUG - [chan 1] Sesch channel 1 request ok
2020-11-06 17:17:48,304 DEBUG - [chan 1] EOF received (1)
2020-11-06 17:17:48,304 DEBUG - [chan 1] EOF sent (1)
2020-11-06 17:17:48,305 DEBUG - [chan 2] Max packet in: 32768 bytes
2020-11-06 17:17:48,328 DEBUG - [chan 2] Max packet out: 32768 bytes
2020-11-06 17:17:48,328 DEBUG - Secsh channel 2 opened.
2020-11-06 17:17:48,349 DEBUG - [chan 2] Sesch channel 2 request ok
2020-11-06 17:17:48,372 DEBUG - [chan 2] EOF received (2)
2020-11-06 17:17:48,372 DEBUG - [chan 2] EOF sent (2)
2020-11-06 17:17:48,373 DEBUG - [chan 3] Max packet in: 32768 bytes
2020-11-06 17:17:48,416 DEBUG - [chan 3] Max packet out: 32768 bytes
2020-11-06 17:17:48,416 DEBUG - Secsh channel 3 opened.
2020-11-06 17:17:48,450 DEBUG - [chan 3] Sesch channel 3 request ok
2020-11-06 17:17:48,474 DEBUG - [chan 3] EOF received (3)
2020-11-06 17:17:48,475 DEBUG - [chan 3] EOF sent (3)
2020-11-06 17:17:48,476 DEBUG - EOF in transport thread
2020-11-06 17:44:47,044 DEBUG - starting thread (client mode): 0xabd63250L
2020-11-06 17:44:47,044 DEBUG - Local version/idstring: SSH-2.0-paramiko_2.6.0
2020-11-06 17:44:47,071 DEBUG - Remote version/idstring: SSH-2.0-OpenSSH_7.4
2020-11-06 17:44:47,071 INFO - Connected (version 2.0, client OpenSSH_7.4)
2020-11-06 17:44:47,075 DEBUG - kex algos:[u'curve25519-sha256', u'curve25519-sha256@libssh.org', u'ecdh-sha2-nistp256', u'ecdh-sha2-nistp384', u'ecdh-sha2-nistp521', u'diffie-hellman-group-exchange-sha256', u'diffie-hellman-group16-sha512', u'diffie-hellman-group18-sha512', u'diffie-hellman-group-exchange-sha1', u'diffie-hellman-group14-sha256', u'diffie-hellman-group14-sha1', u'diffie-hellman-group1-sha1'] server key:[u'ssh-rsa', u'rsa-sha2-512', u'rsa-sha2-256', u'ecdsa-sha2-nistp256', u'ssh-ed25519'] client encrypt:[u'chacha20-poly1305@openssh.com', u'aes128-ctr', u'aes192-ctr', u'aes256-ctr', u'aes128-gcm@openssh.com', u'aes256-gcm@openssh.com', u'aes128-cbc', u'aes192-cbc', u'aes256-cbc', u'blowfish-cbc', u'cast128-cbc', u'3des-cbc'] server encrypt:[u'chacha20-poly1305@openssh.com', u'aes128-ctr', u'aes192-ctr', u'aes256-ctr', u'aes128-gcm@openssh.com', u'aes256-gcm@openssh.com', u'aes128-cbc', u'aes192-cbc', u'aes256-cbc', u'blowfish-cbc', u'cast128-cbc', u'3des-cbc'] client mac:[u'umac-64-etm@openssh.com', u'umac-128-etm@openssh.com', u'hmac-sha2-256-etm@openssh.com', u'hmac-sha2-512-etm@openssh.com', u'hmac-sha1-etm@openssh.com', u'umac-64@openssh.com', u'umac-128@openssh.com', u'hmac-sha2-256', u'hmac-sha2-512', u'hmac-sha1'] server mac:[u'umac-64-etm@openssh.com', u'umac-128-etm@openssh.com', u'hmac-sha2-256-etm@openssh.com', u'hmac-sha2-512-etm@openssh.com', u'hmac-sha1-etm@openssh.com', u'umac-64@openssh.com', u'umac-128@openssh.com', u'hmac-sha2-256', u'hmac-sha2-512', u'hmac-sha1'] client compress:[u'none', u'zlib@openssh.com'] server compress:[u'none', u'zlib@openssh.com'] client lang:[u''] server lang:[u''] kex follows?False
2020-11-06 17:44:47,075 DEBUG - Kex agreed: curve25519-sha256@libssh.org
2020-11-06 17:44:47,075 DEBUG - HostKey agreed: ssh-ed25519
2020-11-06 17:44:47,075 DEBUG - Cipher agreed: aes128-ctr
2020-11-06 17:44:47,075 DEBUG - MAC agreed: hmac-sha2-256
2020-11-06 17:44:47,075 DEBUG - Compression agreed: none
2020-11-06 17:44:47,138 DEBUG - kex engine KexCurve25519 specified hash_algo <built-in function openssl_sha256>
2020-11-06 17:44:47,138 DEBUG - Switch to new keys ...
2020-11-06 17:44:47,145 DEBUG - Adding ssh-ed25519 host key for [43.255.28.30]:28032: 33efaf6c21327fd1fd3e40eb18810c1a
2020-11-06 17:44:47,146 DEBUG - Trying discovered key f1e2a20412f7e99b7abdb041b22f15e1 in /root/.ssh/id_rsa
2020-11-06 17:44:47,190 DEBUG - userauth is OK
2020-11-06 17:44:52,254 INFO - Authentication (publickey) successful!
2020-11-06 17:44:52,287 DEBUG - [chan 0] Max packet in: 32768 bytes
2020-11-06 17:44:52,291 DEBUG - Received global request "hostkeys-00@openssh.com"
2020-11-06 17:44:52,292 DEBUG - Rejecting "hostkeys-00@openssh.com" global request from server.
2020-11-06 17:44:52,292 DEBUG - Debug msg: Adding to environment: NAME=argus
2020-11-06 17:44:52,336 DEBUG - [chan 0] Max packet out: 32768 bytes
2020-11-06 17:44:52,336 DEBUG - Secsh channel 0 opened.
2020-11-06 17:44:52,359 DEBUG - [chan 0] Sesch channel 0 request ok
2020-11-06 17:44:52,366 DEBUG - [chan 0] Sesch channel 0 request ok
2020-11-06 17:44:52,366 DEBUG - [chan 1] Max packet in: 32768 bytes
2020-11-06 17:44:52,370 DEBUG - [chan 1] Max packet out: 32768 bytes
2020-11-06 17:44:52,370 DEBUG - Secsh channel 1 opened.
2020-11-06 17:44:52,383 DEBUG - [chan 1] Sesch channel 1 request ok
2020-11-06 17:44:52,404 DEBUG - [chan 1] EOF received (1)
2020-11-06 17:44:52,404 DEBUG - [chan 1] EOF sent (1)
2020-11-06 17:44:52,405 DEBUG - EOF in transport thread
2020-11-06 17:44:52,418 DEBUG - starting thread (client mode): 0xab0e0ad0L
2020-11-06 17:44:52,418 DEBUG - Local version/idstring: SSH-2.0-paramiko_2.6.0
2020-11-06 17:44:52,434 DEBUG - Remote version/idstring: SSH-2.0-OpenSSH_7.4
2020-11-06 17:44:52,434 INFO - Connected (version 2.0, client OpenSSH_7.4)
2020-11-06 17:44:52,438 DEBUG - kex algos:[u'curve25519-sha256', u'curve25519-sha256@libssh.org', u'ecdh-sha2-nistp256', u'ecdh-sha2-nistp384', u'ecdh-sha2-nistp521', u'diffie-hellman-group-exchange-sha256', u'diffie-hellman-group16-sha512', u'diffie-hellman-group18-sha512', u'diffie-hellman-group-exchange-sha1', u'diffie-hellman-group14-sha256', u'diffie-hellman-group14-sha1', u'diffie-hellman-group1-sha1'] server key:[u'ssh-rsa', u'rsa-sha2-512', u'rsa-sha2-256', u'ecdsa-sha2-nistp256', u'ssh-ed25519'] client encrypt:[u'chacha20-poly1305@openssh.com', u'aes128-ctr', u'aes192-ctr', u'aes256-ctr', u'aes128-gcm@openssh.com', u'aes256-gcm@openssh.com', u'aes128-cbc', u'aes192-cbc', u'aes256-cbc', u'blowfish-cbc', u'cast128-cbc', u'3des-cbc'] server encrypt:[u'chacha20-poly1305@openssh.com', u'aes128-ctr', u'aes192-ctr', u'aes256-ctr', u'aes128-gcm@openssh.com', u'aes256-gcm@openssh.com', u'aes128-cbc', u'aes192-cbc', u'aes256-cbc', u'blowfish-cbc', u'cast128-cbc', u'3des-cbc'] client mac:[u'umac-64-etm@openssh.com', u'umac-128-etm@openssh.com', u'hmac-sha2-256-etm@openssh.com', u'hmac-sha2-512-etm@openssh.com', u'hmac-sha1-etm@openssh.com', u'umac-64@openssh.com', u'umac-128@openssh.com', u'hmac-sha2-256', u'hmac-sha2-512', u'hmac-sha1'] server mac:[u'umac-64-etm@openssh.com', u'umac-128-etm@openssh.com', u'hmac-sha2-256-etm@openssh.com', u'hmac-sha2-512-etm@openssh.com', u'hmac-sha1-etm@openssh.com', u'umac-64@openssh.com', u'umac-128@openssh.com', u'hmac-sha2-256', u'hmac-sha2-512', u'hmac-sha1'] client compress:[u'none', u'zlib@openssh.com'] server compress:[u'none', u'zlib@openssh.com'] client lang:[u''] server lang:[u''] kex follows?False
2020-11-06 17:44:52,438 DEBUG - Kex agreed: curve25519-sha256@libssh.org
2020-11-06 17:44:52,438 DEBUG - HostKey agreed: ssh-ed25519
2020-11-06 17:44:52,438 DEBUG - Cipher agreed: aes128-ctr
2020-11-06 17:44:52,438 DEBUG - MAC agreed: hmac-sha2-256
2020-11-06 17:44:52,438 DEBUG - Compression agreed: none
2020-11-06 17:44:52,499 DEBUG - kex engine KexCurve25519 specified hash_algo <built-in function openssl_sha256>
2020-11-06 17:44:52,500 DEBUG - Switch to new keys ...
2020-11-06 17:44:52,519 DEBUG - Adding ssh-ed25519 host key for [43.255.28.30]:28032: 33efaf6c21327fd1fd3e40eb18810c1a
2020-11-06 17:44:52,521 DEBUG - Trying discovered key f1e2a20412f7e99b7abdb041b22f15e1 in /root/.ssh/id_rsa
2020-11-06 17:44:52,546 DEBUG - userauth is OK
2020-11-06 17:44:57,611 INFO - Authentication (publickey) successful!
2020-11-06 17:44:57,618 DEBUG - [chan 0] Max packet in: 32768 bytes
2020-11-06 17:44:57,630 DEBUG - Received global request "hostkeys-00@openssh.com"
2020-11-06 17:44:57,630 DEBUG - Rejecting "hostkeys-00@openssh.com" global request from server.
2020-11-06 17:44:57,630 DEBUG - Debug msg: Adding to environment: NAME=argus
2020-11-06 17:44:57,673 DEBUG - [chan 0] Max packet out: 32768 bytes
2020-11-06 17:44:57,673 DEBUG - Secsh channel 0 opened.
2020-11-06 17:44:57,690 DEBUG - [chan 0] Sesch channel 0 request ok
2020-11-06 17:44:57,701 DEBUG - [chan 0] Sesch channel 0 request ok
2020-11-06 17:44:57,702 DEBUG - [chan 1] Max packet in: 32768 bytes
2020-11-06 17:44:57,707 DEBUG - [chan 1] Max packet out: 32768 bytes
2020-11-06 17:44:57,707 DEBUG - Secsh channel 1 opened.
2020-11-06 17:44:57,718 DEBUG - [chan 1] Sesch channel 1 request ok
2020-11-06 17:44:57,747 DEBUG - [chan 1] EOF received (1)
2020-11-06 17:44:57,747 DEBUG - [chan 1] EOF sent (1)
2020-11-06 17:44:57,748 DEBUG - [chan 2] Max packet in: 32768 bytes
2020-11-06 17:44:57,795 DEBUG - [chan 2] Max packet out: 32768 bytes
2020-11-06 17:44:57,795 DEBUG - Secsh channel 2 opened.
2020-11-06 17:44:57,822 DEBUG - [chan 2] Sesch channel 2 request ok
2020-11-06 17:44:57,856 DEBUG - [chan 2] EOF received (2)
2020-11-06 17:44:57,856 DEBUG - [chan 2] EOF sent (2)
2020-11-06 17:44:57,857 DEBUG - [chan 3] Max packet in: 32768 bytes
2020-11-06 17:44:57,904 DEBUG - [chan 3] Max packet out: 32768 bytes
2020-11-06 17:44:57,905 DEBUG - Secsh channel 3 opened.
2020-11-06 17:44:57,931 DEBUG - [chan 3] Sesch channel 3 request ok
2020-11-06 17:44:57,963 DEBUG - [chan 3] EOF received (3)
2020-11-06 17:44:57,964 DEBUG - [chan 3] EOF sent (3)
2020-11-06 17:44:57,965 DEBUG - EOF in transport thread
2020-11-06 17:45:01,019 DEBUG - starting thread (client mode): 0xab0e0790L
2020-11-06 17:45:01,019 DEBUG - Local version/idstring: SSH-2.0-paramiko_2.6.0
2020-11-06 17:45:01,043 DEBUG - Remote version/idstring: SSH-2.0-OpenSSH_7.4
2020-11-06 17:45:01,043 INFO - Connected (version 2.0, client OpenSSH_7.4)
2020-11-06 17:45:01,050 DEBUG - kex algos:[u'curve25519-sha256', u'curve25519-sha256@libssh.org', u'ecdh-sha2-nistp256', u'ecdh-sha2-nistp384', u'ecdh-sha2-nistp521', u'diffie-hellman-group-exchange-sha256', u'diffie-hellman-group16-sha512', u'diffie-hellman-group18-sha512', u'diffie-hellman-group-exchange-sha1', u'diffie-hellman-group14-sha256', u'diffie-hellman-group14-sha1', u'diffie-hellman-group1-sha1'] server key:[u'ssh-rsa', u'rsa-sha2-512', u'rsa-sha2-256', u'ecdsa-sha2-nistp256', u'ssh-ed25519'] client encrypt:[u'chacha20-poly1305@openssh.com', u'aes128-ctr', u'aes192-ctr', u'aes256-ctr', u'aes128-gcm@openssh.com', u'aes256-gcm@openssh.com', u'aes128-cbc', u'aes192-cbc', u'aes256-cbc', u'blowfish-cbc', u'cast128-cbc', u'3des-cbc'] server encrypt:[u'chacha20-poly1305@openssh.com', u'aes128-ctr', u'aes192-ctr', u'aes256-ctr', u'aes128-gcm@openssh.com', u'aes256-gcm@openssh.com', u'aes128-cbc', u'aes192-cbc', u'aes256-cbc', u'blowfish-cbc', u'cast128-cbc', u'3des-cbc'] client mac:[u'umac-64-etm@openssh.com', u'umac-128-etm@openssh.com', u'hmac-sha2-256-etm@openssh.com', u'hmac-sha2-512-etm@openssh.com', u'hmac-sha1-etm@openssh.com', u'umac-64@openssh.com', u'umac-128@openssh.com', u'hmac-sha2-256', u'hmac-sha2-512', u'hmac-sha1'] server mac:[u'umac-64-etm@openssh.com', u'umac-128-etm@openssh.com', u'hmac-sha2-256-etm@openssh.com', u'hmac-sha2-512-etm@openssh.com', u'hmac-sha1-etm@openssh.com', u'umac-64@openssh.com', u'umac-128@openssh.com', u'hmac-sha2-256', u'hmac-sha2-512', u'hmac-sha1'] client compress:[u'none', u'zlib@openssh.com'] server compress:[u'none', u'zlib@openssh.com'] client lang:[u''] server lang:[u''] kex follows?False
2020-11-06 17:45:01,050 DEBUG - Kex agreed: curve25519-sha256@libssh.org
2020-11-06 17:45:01,050 DEBUG - HostKey agreed: ssh-ed25519
2020-11-06 17:45:01,050 DEBUG - Cipher agreed: aes128-ctr
2020-11-06 17:45:01,050 DEBUG - MAC agreed: hmac-sha2-256
2020-11-06 17:45:01,050 DEBUG - Compression agreed: none
2020-11-06 17:45:01,070 DEBUG - kex engine KexCurve25519 specified hash_algo <built-in function openssl_sha256>
2020-11-06 17:45:01,070 DEBUG - Switch to new keys ...
2020-11-06 17:45:01,085 DEBUG - Adding ssh-ed25519 host key for [43.255.28.186]:28032: 33efaf6c21327fd1fd3e40eb18810c1a
2020-11-06 17:45:01,086 DEBUG - Trying discovered key f1e2a20412f7e99b7abdb041b22f15e1 in /root/.ssh/id_rsa
2020-11-06 17:45:01,118 DEBUG - userauth is OK
2020-11-06 17:45:08,427 INFO - Authentication (publickey) successful!
2020-11-06 17:45:08,427 DEBUG - Received global request "hostkeys-00@openssh.com"
2020-11-06 17:45:08,427 DEBUG - Rejecting "hostkeys-00@openssh.com" global request from server.
2020-11-06 17:45:08,428 DEBUG - Debug msg: Adding to environment: NAME=argus
2020-11-06 17:45:08,429 DEBUG - [chan 0] Max packet in: 32768 bytes
2020-11-06 17:45:08,435 DEBUG - [chan 0] Max packet out: 32768 bytes
2020-11-06 17:45:08,436 DEBUG - Secsh channel 0 opened.
2020-11-06 17:45:08,445 DEBUG - [chan 0] Sesch channel 0 request ok
2020-11-06 17:45:08,454 DEBUG - [chan 0] Sesch channel 0 request ok
2020-11-06 17:45:08,455 DEBUG - [chan 1] Max packet in: 32768 bytes
2020-11-06 17:45:08,460 DEBUG - [chan 1] Max packet out: 32768 bytes
2020-11-06 17:45:08,460 DEBUG - Secsh channel 1 opened.
2020-11-06 17:45:08,474 DEBUG - [chan 1] Sesch channel 1 request ok
2020-11-06 17:45:08,499 DEBUG - [chan 1] EOF received (1)
2020-11-06 17:45:08,499 DEBUG - [chan 1] EOF sent (1)
2020-11-06 17:45:08,500 DEBUG - EOF in transport thread
2020-11-06 17:45:08,515 DEBUG - starting thread (client mode): 0xac5f0890L
2020-11-06 17:45:08,515 DEBUG - Local version/idstring: SSH-2.0-paramiko_2.6.0
2020-11-06 17:45:08,530 DEBUG - Remote version/idstring: SSH-2.0-OpenSSH_7.4
2020-11-06 17:45:08,530 INFO - Connected (version 2.0, client OpenSSH_7.4)
2020-11-06 17:45:08,535 DEBUG - kex algos:[u'curve25519-sha256', u'curve25519-sha256@libssh.org', u'ecdh-sha2-nistp256', u'ecdh-sha2-nistp384', u'ecdh-sha2-nistp521', u'diffie-hellman-group-exchange-sha256', u'diffie-hellman-group16-sha512', u'diffie-hellman-group18-sha512', u'diffie-hellman-group-exchange-sha1', u'diffie-hellman-group14-sha256', u'diffie-hellman-group14-sha1', u'diffie-hellman-group1-sha1'] server key:[u'ssh-rsa', u'rsa-sha2-512', u'rsa-sha2-256', u'ecdsa-sha2-nistp256', u'ssh-ed25519'] client encrypt:[u'chacha20-poly1305@openssh.com', u'aes128-ctr', u'aes192-ctr', u'aes256-ctr', u'aes128-gcm@openssh.com', u'aes256-gcm@openssh.com', u'aes128-cbc', u'aes192-cbc', u'aes256-cbc', u'blowfish-cbc', u'cast128-cbc', u'3des-cbc'] server encrypt:[u'chacha20-poly1305@openssh.com', u'aes128-ctr', u'aes192-ctr', u'aes256-ctr', u'aes128-gcm@openssh.com', u'aes256-gcm@openssh.com', u'aes128-cbc', u'aes192-cbc', u'aes256-cbc', u'blowfish-cbc', u'cast128-cbc', u'3des-cbc'] client mac:[u'umac-64-etm@openssh.com', u'umac-128-etm@openssh.com', u'hmac-sha2-256-etm@openssh.com', u'hmac-sha2-512-etm@openssh.com', u'hmac-sha1-etm@openssh.com', u'umac-64@openssh.com', u'umac-128@openssh.com', u'hmac-sha2-256', u'hmac-sha2-512', u'hmac-sha1'] server mac:[u'umac-64-etm@openssh.com', u'umac-128-etm@openssh.com', u'hmac-sha2-256-etm@openssh.com', u'hmac-sha2-512-etm@openssh.com', u'hmac-sha1-etm@openssh.com', u'umac-64@openssh.com', u'umac-128@openssh.com', u'hmac-sha2-256', u'hmac-sha2-512', u'hmac-sha1'] client compress:[u'none', u'zlib@openssh.com'] server compress:[u'none', u'zlib@openssh.com'] client lang:[u''] server lang:[u''] kex follows?False
2020-11-06 17:45:08,535 DEBUG - Kex agreed: curve25519-sha256@libssh.org
2020-11-06 17:45:08,535 DEBUG - HostKey agreed: ssh-ed25519
2020-11-06 17:45:08,535 DEBUG - Cipher agreed: aes128-ctr
2020-11-06 17:45:08,535 DEBUG - MAC agreed: hmac-sha2-256
2020-11-06 17:45:08,535 DEBUG - Compression agreed: none
2020-11-06 17:45:08,593 DEBUG - kex engine KexCurve25519 specified hash_algo <built-in function openssl_sha256>
2020-11-06 17:45:08,594 DEBUG - Switch to new keys ...
2020-11-06 17:45:08,617 DEBUG - Adding ssh-ed25519 host key for [43.255.28.186]:28032: 33efaf6c21327fd1fd3e40eb18810c1a
2020-11-06 17:45:08,618 DEBUG - Trying discovered key f1e2a20412f7e99b7abdb041b22f15e1 in /root/.ssh/id_rsa
2020-11-06 17:45:08,641 DEBUG - userauth is OK
2020-11-06 17:45:13,685 INFO - Authentication (publickey) successful!
2020-11-06 17:45:13,688 DEBUG - [chan 0] Max packet in: 32768 bytes
2020-11-06 17:45:13,726 DEBUG - Received global request "hostkeys-00@openssh.com"
2020-11-06 17:45:13,726 DEBUG - Rejecting "hostkeys-00@openssh.com" global request from server.
2020-11-06 17:45:13,727 DEBUG - Debug msg: Adding to environment: NAME=argus
2020-11-06 17:45:13,770 DEBUG - [chan 0] Max packet out: 32768 bytes
2020-11-06 17:45:13,770 DEBUG - Secsh channel 0 opened.
2020-11-06 17:45:13,798 DEBUG - [chan 0] Sesch channel 0 request ok
2020-11-06 17:45:13,807 DEBUG - [chan 0] Sesch channel 0 request ok
2020-11-06 17:45:13,808 DEBUG - [chan 1] Max packet in: 32768 bytes
2020-11-06 17:45:13,813 DEBUG - [chan 1] Max packet out: 32768 bytes
2020-11-06 17:45:13,813 DEBUG - Secsh channel 1 opened.
2020-11-06 17:45:13,826 DEBUG - [chan 1] Sesch channel 1 request ok
2020-11-06 17:45:13,850 DEBUG - [chan 1] EOF received (1)
2020-11-06 17:45:13,850 DEBUG - [chan 1] EOF sent (1)
2020-11-06 17:45:13,851 DEBUG - [chan 2] Max packet in: 32768 bytes
2020-11-06 17:45:13,900 DEBUG - [chan 2] Max packet out: 32768 bytes
2020-11-06 17:45:13,900 DEBUG - Secsh channel 2 opened.
2020-11-06 17:45:13,925 DEBUG - [chan 2] Sesch channel 2 request ok
2020-11-06 17:45:13,958 DEBUG - [chan 2] EOF received (2)
2020-11-06 17:45:13,959 DEBUG - [chan 2] EOF sent (2)
2020-11-06 17:45:13,960 DEBUG - [chan 3] Max packet in: 32768 bytes
2020-11-06 17:45:14,008 DEBUG - [chan 3] Max packet out: 32768 bytes
2020-11-06 17:45:14,008 DEBUG - Secsh channel 3 opened.
2020-11-06 17:45:14,033 DEBUG - [chan 3] Sesch channel 3 request ok
2020-11-06 17:45:14,057 DEBUG - [chan 3] EOF received (3)
2020-11-06 17:45:14,058 DEBUG - [chan 3] EOF sent (3)
2020-11-06 17:45:14,059 DEBUG - EOF in transport thread
2020-11-06 17:45:17,102 DEBUG - starting thread (client mode): 0xac5f0890L
2020-11-06 17:45:17,102 DEBUG - Local version/idstring: SSH-2.0-paramiko_2.6.0
2020-11-06 17:45:17,125 DEBUG - Remote version/idstring: SSH-2.0-OpenSSH_7.4
2020-11-06 17:45:17,125 INFO - Connected (version 2.0, client OpenSSH_7.4)
2020-11-06 17:45:17,129 DEBUG - kex algos:[u'curve25519-sha256', u'curve25519-sha256@libssh.org', u'ecdh-sha2-nistp256', u'ecdh-sha2-nistp384', u'ecdh-sha2-nistp521', u'diffie-hellman-group-exchange-sha256', u'diffie-hellman-group16-sha512', u'diffie-hellman-group18-sha512', u'diffie-hellman-group-exchange-sha1', u'diffie-hellman-group14-sha256', u'diffie-hellman-group14-sha1', u'diffie-hellman-group1-sha1'] server key:[u'ssh-rsa', u'rsa-sha2-512', u'rsa-sha2-256', u'ecdsa-sha2-nistp256', u'ssh-ed25519'] client encrypt:[u'chacha20-poly1305@openssh.com', u'aes128-ctr', u'aes192-ctr', u'aes256-ctr', u'aes128-gcm@openssh.com', u'aes256-gcm@openssh.com', u'aes128-cbc', u'aes192-cbc', u'aes256-cbc', u'blowfish-cbc', u'cast128-cbc', u'3des-cbc'] server encrypt:[u'chacha20-poly1305@openssh.com', u'aes128-ctr', u'aes192-ctr', u'aes256-ctr', u'aes128-gcm@openssh.com', u'aes256-gcm@openssh.com', u'aes128-cbc', u'aes192-cbc', u'aes256-cbc', u'blowfish-cbc', u'cast128-cbc', u'3des-cbc'] client mac:[u'umac-64-etm@openssh.com', u'umac-128-etm@openssh.com', u'hmac-sha2-256-etm@openssh.com', u'hmac-sha2-512-etm@openssh.com', u'hmac-sha1-etm@openssh.com', u'umac-64@openssh.com', u'umac-128@openssh.com', u'hmac-sha2-256', u'hmac-sha2-512', u'hmac-sha1'] server mac:[u'umac-64-etm@openssh.com', u'umac-128-etm@openssh.com', u'hmac-sha2-256-etm@openssh.com', u'hmac-sha2-512-etm@openssh.com', u'hmac-sha1-etm@openssh.com', u'umac-64@openssh.com', u'umac-128@openssh.com', u'hmac-sha2-256', u'hmac-sha2-512', u'hmac-sha1'] client compress:[u'none', u'zlib@openssh.com'] server compress:[u'none', u'zlib@openssh.com'] client lang:[u''] server lang:[u''] kex follows?False
2020-11-06 17:45:17,129 DEBUG - Kex agreed: curve25519-sha256@libssh.org
2020-11-06 17:45:17,129 DEBUG - HostKey agreed: ssh-ed25519
2020-11-06 17:45:17,129 DEBUG - Cipher agreed: aes128-ctr
2020-11-06 17:45:17,129 DEBUG - MAC agreed: hmac-sha2-256
2020-11-06 17:45:17,129 DEBUG - Compression agreed: none
2020-11-06 17:45:17,192 DEBUG - kex engine KexCurve25519 specified hash_algo <built-in function openssl_sha256>
2020-11-06 17:45:17,192 DEBUG - Switch to new keys ...
2020-11-06 17:45:17,203 DEBUG - Adding ssh-ed25519 host key for [43.255.30.68]:28032: 33efaf6c21327fd1fd3e40eb18810c1a
2020-11-06 17:45:17,205 DEBUG - Trying discovered key f1e2a20412f7e99b7abdb041b22f15e1 in /root/.ssh/id_rsa
2020-11-06 17:45:17,238 DEBUG - userauth is OK
2020-11-06 17:45:22,296 INFO - Authentication (publickey) successful!
2020-11-06 17:45:22,315 DEBUG - [chan 0] Max packet in: 32768 bytes
2020-11-06 17:45:22,324 DEBUG - Received global request "hostkeys-00@openssh.com"
2020-11-06 17:45:22,324 DEBUG - Rejecting "hostkeys-00@openssh.com" global request from server.
2020-11-06 17:45:22,325 DEBUG - Debug msg: Adding to environment: NAME=argus
2020-11-06 17:45:22,367 DEBUG - [chan 0] Max packet out: 32768 bytes
2020-11-06 17:45:22,367 DEBUG - Secsh channel 0 opened.
2020-11-06 17:45:22,386 DEBUG - [chan 0] Sesch channel 0 request ok
2020-11-06 17:45:22,391 DEBUG - [chan 0] Sesch channel 0 request ok
2020-11-06 17:45:22,392 DEBUG - [chan 1] Max packet in: 32768 bytes
2020-11-06 17:45:22,396 DEBUG - [chan 1] Max packet out: 32768 bytes
2020-11-06 17:45:22,396 DEBUG - Secsh channel 1 opened.
2020-11-06 17:45:22,403 DEBUG - [chan 1] Sesch channel 1 request ok
2020-11-06 17:45:22,427 DEBUG - [chan 1] EOF received (1)
2020-11-06 17:45:22,427 DEBUG - [chan 1] EOF sent (1)
2020-11-06 17:45:22,428 DEBUG - EOF in transport thread
2020-11-06 17:45:22,442 DEBUG - starting thread (client mode): 0xaa697d10L
2020-11-06 17:45:22,442 DEBUG - Local version/idstring: SSH-2.0-paramiko_2.6.0
2020-11-06 17:45:22,455 DEBUG - Remote version/idstring: SSH-2.0-OpenSSH_7.4
2020-11-06 17:45:22,455 INFO - Connected (version 2.0, client OpenSSH_7.4)
2020-11-06 17:45:22,459 DEBUG - kex algos:[u'curve25519-sha256', u'curve25519-sha256@libssh.org', u'ecdh-sha2-nistp256', u'ecdh-sha2-nistp384', u'ecdh-sha2-nistp521', u'diffie-hellman-group-exchange-sha256', u'diffie-hellman-group16-sha512', u'diffie-hellman-group18-sha512', u'diffie-hellman-group-exchange-sha1', u'diffie-hellman-group14-sha256', u'diffie-hellman-group14-sha1', u'diffie-hellman-group1-sha1'] server key:[u'ssh-rsa', u'rsa-sha2-512', u'rsa-sha2-256', u'ecdsa-sha2-nistp256', u'ssh-ed25519'] client encrypt:[u'chacha20-poly1305@openssh.com', u'aes128-ctr', u'aes192-ctr', u'aes256-ctr', u'aes128-gcm@openssh.com', u'aes256-gcm@openssh.com', u'aes128-cbc', u'aes192-cbc', u'aes256-cbc', u'blowfish-cbc', u'cast128-cbc', u'3des-cbc'] server encrypt:[u'chacha20-poly1305@openssh.com', u'aes128-ctr', u'aes192-ctr', u'aes256-ctr', u'aes128-gcm@openssh.com', u'aes256-gcm@openssh.com', u'aes128-cbc', u'aes192-cbc', u'aes256-cbc', u'blowfish-cbc', u'cast128-cbc', u'3des-cbc'] client mac:[u'umac-64-etm@openssh.com', u'umac-128-etm@openssh.com', u'hmac-sha2-256-etm@openssh.com', u'hmac-sha2-512-etm@openssh.com', u'hmac-sha1-etm@openssh.com', u'umac-64@openssh.com', u'umac-128@openssh.com', u'hmac-sha2-256', u'hmac-sha2-512', u'hmac-sha1'] server mac:[u'umac-64-etm@openssh.com', u'umac-128-etm@openssh.com', u'hmac-sha2-256-etm@openssh.com', u'hmac-sha2-512-etm@openssh.com', u'hmac-sha1-etm@openssh.com', u'umac-64@openssh.com', u'umac-128@openssh.com', u'hmac-sha2-256', u'hmac-sha2-512', u'hmac-sha1'] client compress:[u'none', u'zlib@openssh.com'] server compress:[u'none', u'zlib@openssh.com'] client lang:[u''] server lang:[u''] kex follows?False
2020-11-06 17:45:22,459 DEBUG - Kex agreed: curve25519-sha256@libssh.org
2020-11-06 17:45:22,459 DEBUG - HostKey agreed: ssh-ed25519
2020-11-06 17:45:22,459 DEBUG - Cipher agreed: aes128-ctr
2020-11-06 17:45:22,460 DEBUG - MAC agreed: hmac-sha2-256
2020-11-06 17:45:22,460 DEBUG - Compression agreed: none
2020-11-06 17:45:22,514 DEBUG - kex engine KexCurve25519 specified hash_algo <built-in function openssl_sha256>
2020-11-06 17:45:22,514 DEBUG - Switch to new keys ...
2020-11-06 17:45:22,543 DEBUG - Adding ssh-ed25519 host key for [43.255.30.68]:28032: 33efaf6c21327fd1fd3e40eb18810c1a
2020-11-06 17:45:22,544 DEBUG - Trying discovered key f1e2a20412f7e99b7abdb041b22f15e1 in /root/.ssh/id_rsa
2020-11-06 17:45:22,560 DEBUG - userauth is OK
2020-11-06 17:45:27,603 INFO - Authentication (publickey) successful!
2020-11-06 17:45:27,615 DEBUG - [chan 0] Max packet in: 32768 bytes
2020-11-06 17:45:27,625 DEBUG - Received global request "hostkeys-00@openssh.com"
2020-11-06 17:45:27,625 DEBUG - Rejecting "hostkeys-00@openssh.com" global request from server.
2020-11-06 17:45:27,625 DEBUG - Debug msg: Adding to environment: NAME=argus
2020-11-06 17:45:27,668 DEBUG - [chan 0] Max packet out: 32768 bytes
2020-11-06 17:45:27,668 DEBUG - Secsh channel 0 opened.
2020-11-06 17:45:27,688 DEBUG - [chan 0] Sesch channel 0 request ok
2020-11-06 17:45:27,694 DEBUG - [chan 0] Sesch channel 0 request ok
2020-11-06 17:45:27,694 DEBUG - [chan 1] Max packet in: 32768 bytes
2020-11-06 17:45:27,698 DEBUG - [chan 1] Max packet out: 32768 bytes
2020-11-06 17:45:27,699 DEBUG - Secsh channel 1 opened.
2020-11-06 17:45:27,709 DEBUG - [chan 1] Sesch channel 1 request ok
2020-11-06 17:45:27,730 DEBUG - [chan 1] EOF received (1)
2020-11-06 17:45:27,731 DEBUG - [chan 1] EOF sent (1)
2020-11-06 17:45:27,731 DEBUG - [chan 2] Max packet in: 32768 bytes
2020-11-06 17:45:27,778 DEBUG - [chan 2] Max packet out: 32768 bytes
2020-11-06 17:45:27,778 DEBUG - Secsh channel 2 opened.
2020-11-06 17:45:27,804 DEBUG - [chan 2] Sesch channel 2 request ok
2020-11-06 17:45:27,832 DEBUG - [chan 2] EOF received (2)
2020-11-06 17:45:27,833 DEBUG - [chan 2] EOF sent (2)
2020-11-06 17:45:27,834 DEBUG - [chan 3] Max packet in: 32768 bytes
2020-11-06 17:45:27,880 DEBUG - [chan 3] Max packet out: 32768 bytes
2020-11-06 17:45:27,880 DEBUG - Secsh channel 3 opened.
2020-11-06 17:45:27,906 DEBUG - [chan 3] Sesch channel 3 request ok
2020-11-06 17:45:27,936 DEBUG - [chan 3] EOF received (3)
2020-11-06 17:45:27,937 DEBUG - [chan 3] EOF sent (3)
2020-11-06 17:45:27,938 DEBUG - EOF in transport thread
2020-11-06 17:45:30,980 DEBUG - starting thread (client mode): 0xaa697710L
2020-11-06 17:45:30,980 DEBUG - Local version/idstring: SSH-2.0-paramiko_2.6.0
2020-11-06 17:45:30,998 DEBUG - Remote version/idstring: SSH-2.0-OpenSSH_7.4
2020-11-06 17:45:30,998 INFO - Connected (version 2.0, client OpenSSH_7.4)
2020-11-06 17:45:31,002 DEBUG - kex algos:[u'curve25519-sha256', u'curve25519-sha256@libssh.org', u'ecdh-sha2-nistp256', u'ecdh-sha2-nistp384', u'ecdh-sha2-nistp521', u'diffie-hellman-group-exchange-sha256', u'diffie-hellman-group16-sha512', u'diffie-hellman-group18-sha512', u'diffie-hellman-group-exchange-sha1', u'diffie-hellman-group14-sha256', u'diffie-hellman-group14-sha1', u'diffie-hellman-group1-sha1'] server key:[u'ssh-rsa', u'rsa-sha2-512', u'rsa-sha2-256', u'ecdsa-sha2-nistp256', u'ssh-ed25519'] client encrypt:[u'chacha20-poly1305@openssh.com', u'aes128-ctr', u'aes192-ctr', u'aes256-ctr', u'aes128-gcm@openssh.com', u'aes256-gcm@openssh.com', u'aes128-cbc', u'aes192-cbc', u'aes256-cbc', u'blowfish-cbc', u'cast128-cbc', u'3des-cbc'] server encrypt:[u'chacha20-poly1305@openssh.com', u'aes128-ctr', u'aes192-ctr', u'aes256-ctr', u'aes128-gcm@openssh.com', u'aes256-gcm@openssh.com', u'aes128-cbc', u'aes192-cbc', u'aes256-cbc', u'blowfish-cbc', u'cast128-cbc', u'3des-cbc'] client mac:[u'umac-64-etm@openssh.com', u'umac-128-etm@openssh.com', u'hmac-sha2-256-etm@openssh.com', u'hmac-sha2-512-etm@openssh.com', u'hmac-sha1-etm@openssh.com', u'umac-64@openssh.com', u'umac-128@openssh.com', u'hmac-sha2-256', u'hmac-sha2-512', u'hmac-sha1'] server mac:[u'umac-64-etm@openssh.com', u'umac-128-etm@openssh.com', u'hmac-sha2-256-etm@openssh.com', u'hmac-sha2-512-etm@openssh.com', u'hmac-sha1-etm@openssh.com', u'umac-64@openssh.com', u'umac-128@openssh.com', u'hmac-sha2-256', u'hmac-sha2-512', u'hmac-sha1'] client compress:[u'none', u'zlib@openssh.com'] server compress:[u'none', u'zlib@openssh.com'] client lang:[u''] server lang:[u''] kex follows?False
2020-11-06 17:45:31,002 DEBUG - Kex agreed: curve25519-sha256@libssh.org
2020-11-06 17:45:31,002 DEBUG - HostKey agreed: ssh-ed25519
2020-11-06 17:45:31,002 DEBUG - Cipher agreed: aes128-ctr
2020-11-06 17:45:31,002 DEBUG - MAC agreed: hmac-sha2-256
2020-11-06 17:45:31,002 DEBUG - Compression agreed: none
2020-11-06 17:45:31,057 DEBUG - kex engine KexCurve25519 specified hash_algo <built-in function openssl_sha256>
2020-11-06 17:45:31,057 DEBUG - Switch to new keys ...
2020-11-06 17:45:31,081 DEBUG - Adding ssh-ed25519 host key for [43.255.30.35]:28032: 33efaf6c21327fd1fd3e40eb18810c1a
2020-11-06 17:45:31,082 DEBUG - Trying discovered key f1e2a20412f7e99b7abdb041b22f15e1 in /root/.ssh/id_rsa
2020-11-06 17:45:31,103 DEBUG - userauth is OK
2020-11-06 17:45:36,188 INFO - Authentication (publickey) successful!
2020-11-06 17:45:36,218 DEBUG - [chan 0] Max packet in: 32768 bytes
2020-11-06 17:45:36,223 DEBUG - Received global request "hostkeys-00@openssh.com"
2020-11-06 17:45:36,223 DEBUG - Rejecting "hostkeys-00@openssh.com" global request from server.
2020-11-06 17:45:36,223 DEBUG - Debug msg: Adding to environment: NAME=argus
2020-11-06 17:45:36,266 DEBUG - [chan 0] Max packet out: 32768 bytes
2020-11-06 17:45:36,266 DEBUG - Secsh channel 0 opened.
2020-11-06 17:45:36,290 DEBUG - [chan 0] Sesch channel 0 request ok
2020-11-06 17:45:36,298 DEBUG - [chan 0] Sesch channel 0 request ok
2020-11-06 17:45:36,298 DEBUG - [chan 1] Max packet in: 32768 bytes
2020-11-06 17:45:36,302 DEBUG - [chan 1] Max packet out: 32768 bytes
2020-11-06 17:45:36,302 DEBUG - Secsh channel 1 opened.
2020-11-06 17:45:36,313 DEBUG - [chan 1] Sesch channel 1 request ok
2020-11-06 17:45:36,334 DEBUG - [chan 1] EOF received (1)
2020-11-06 17:45:36,334 DEBUG - [chan 1] EOF sent (1)
2020-11-06 17:45:36,336 DEBUG - EOF in transport thread
2020-11-06 17:45:36,348 DEBUG - starting thread (client mode): 0xaa6ad150L
2020-11-06 17:45:36,348 DEBUG - Local version/idstring: SSH-2.0-paramiko_2.6.0
2020-11-06 17:45:36,364 DEBUG - Remote version/idstring: SSH-2.0-OpenSSH_7.4
2020-11-06 17:45:36,364 INFO - Connected (version 2.0, client OpenSSH_7.4)
2020-11-06 17:45:36,367 DEBUG - kex algos:[u'curve25519-sha256', u'curve25519-sha256@libssh.org', u'ecdh-sha2-nistp256', u'ecdh-sha2-nistp384', u'ecdh-sha2-nistp521', u'diffie-hellman-group-exchange-sha256', u'diffie-hellman-group16-sha512', u'diffie-hellman-group18-sha512', u'diffie-hellman-group-exchange-sha1', u'diffie-hellman-group14-sha256', u'diffie-hellman-group14-sha1', u'diffie-hellman-group1-sha1'] server key:[u'ssh-rsa', u'rsa-sha2-512', u'rsa-sha2-256', u'ecdsa-sha2-nistp256', u'ssh-ed25519'] client encrypt:[u'chacha20-poly1305@openssh.com', u'aes128-ctr', u'aes192-ctr', u'aes256-ctr', u'aes128-gcm@openssh.com', u'aes256-gcm@openssh.com', u'aes128-cbc', u'aes192-cbc', u'aes256-cbc', u'blowfish-cbc', u'cast128-cbc', u'3des-cbc'] server encrypt:[u'chacha20-poly1305@openssh.com', u'aes128-ctr', u'aes192-ctr', u'aes256-ctr', u'aes128-gcm@openssh.com', u'aes256-gcm@openssh.com', u'aes128-cbc', u'aes192-cbc', u'aes256-cbc', u'blowfish-cbc', u'cast128-cbc', u'3des-cbc'] client mac:[u'umac-64-etm@openssh.com', u'umac-128-etm@openssh.com', u'hmac-sha2-256-etm@openssh.com', u'hmac-sha2-512-etm@openssh.com', u'hmac-sha1-etm@openssh.com', u'umac-64@openssh.com', u'umac-128@openssh.com', u'hmac-sha2-256', u'hmac-sha2-512', u'hmac-sha1'] server mac:[u'umac-64-etm@openssh.com', u'umac-128-etm@openssh.com', u'hmac-sha2-256-etm@openssh.com', u'hmac-sha2-512-etm@openssh.com', u'hmac-sha1-etm@openssh.com', u'umac-64@openssh.com', u'umac-128@openssh.com', u'hmac-sha2-256', u'hmac-sha2-512', u'hmac-sha1'] client compress:[u'none', u'zlib@openssh.com'] server compress:[u'none', u'zlib@openssh.com'] client lang:[u''] server lang:[u''] kex follows?False
2020-11-06 17:45:36,367 DEBUG - Kex agreed: curve25519-sha256@libssh.org
2020-11-06 17:45:36,367 DEBUG - HostKey agreed: ssh-ed25519
2020-11-06 17:45:36,368 DEBUG - Cipher agreed: aes128-ctr
2020-11-06 17:45:36,368 DEBUG - MAC agreed: hmac-sha2-256
2020-11-06 17:45:36,368 DEBUG - Compression agreed: none
2020-11-06 17:45:36,422 DEBUG - kex engine KexCurve25519 specified hash_algo <built-in function openssl_sha256>
2020-11-06 17:45:36,422 DEBUG - Switch to new keys ...
2020-11-06 17:45:36,449 DEBUG - Adding ssh-ed25519 host key for [43.255.30.35]:28032: 33efaf6c21327fd1fd3e40eb18810c1a
2020-11-06 17:45:36,450 DEBUG - Trying discovered key f1e2a20412f7e99b7abdb041b22f15e1 in /root/.ssh/id_rsa
2020-11-06 17:45:36,471 DEBUG - userauth is OK
2020-11-06 17:45:45,362 INFO - Authentication (publickey) successful!
2020-11-06 17:45:45,363 DEBUG - Received global request "hostkeys-00@openssh.com"
2020-11-06 17:45:45,363 DEBUG - Rejecting "hostkeys-00@openssh.com" global request from server.
2020-11-06 17:45:45,363 DEBUG - Debug msg: Adding to environment: NAME=argus
2020-11-06 17:45:45,365 DEBUG - [chan 0] Max packet in: 32768 bytes
2020-11-06 17:45:45,369 DEBUG - [chan 0] Max packet out: 32768 bytes
2020-11-06 17:45:45,369 DEBUG - Secsh channel 0 opened.
2020-11-06 17:45:45,378 DEBUG - [chan 0] Sesch channel 0 request ok
2020-11-06 17:45:45,386 DEBUG - [chan 0] Sesch channel 0 request ok
2020-11-06 17:45:45,387 DEBUG - [chan 1] Max packet in: 32768 bytes
2020-11-06 17:45:45,391 DEBUG - [chan 1] Max packet out: 32768 bytes
2020-11-06 17:45:45,391 DEBUG - Secsh channel 1 opened.
2020-11-06 17:45:45,404 DEBUG - [chan 1] Sesch channel 1 request ok
2020-11-06 17:45:45,423 DEBUG - [chan 1] EOF received (1)
2020-11-06 17:45:45,423 DEBUG - [chan 1] EOF sent (1)
2020-11-06 17:45:45,424 DEBUG - [chan 2] Max packet in: 32768 bytes
2020-11-06 17:45:45,470 DEBUG - [chan 2] Max packet out: 32768 bytes
2020-11-06 17:45:45,470 DEBUG - Secsh channel 2 opened.
2020-11-06 17:45:45,496 DEBUG - [chan 2] Sesch channel 2 request ok
2020-11-06 17:45:45,517 DEBUG - [chan 2] EOF received (2)
2020-11-06 17:45:45,517 DEBUG - [chan 2] EOF sent (2)
2020-11-06 17:45:45,518 DEBUG - [chan 3] Max packet in: 32768 bytes
2020-11-06 17:45:45,564 DEBUG - [chan 3] Max packet out: 32768 bytes
2020-11-06 17:45:45,565 DEBUG - Secsh channel 3 opened.
2020-11-06 17:45:45,589 DEBUG - [chan 3] Sesch channel 3 request ok
2020-11-06 17:45:45,617 DEBUG - [chan 3] EOF received (3)
2020-11-06 17:45:45,617 DEBUG - [chan 3] EOF sent (3)
2020-11-06 17:45:45,618 DEBUG - EOF in transport thread
2020-11-06 22:24:04,968 DEBUG - starting thread (client mode): 0xaa2c1e90L
2020-11-06 22:24:04,969 DEBUG - Local version/idstring: SSH-2.0-paramiko_2.6.0
2020-11-06 22:24:04,979 DEBUG - Remote version/idstring: SSH-2.0-OpenSSH_5.3
2020-11-06 22:24:04,979 INFO - Connected (version 2.0, client OpenSSH_5.3)
2020-11-06 22:24:04,981 DEBUG - kex algos:[u'diffie-hellman-group-exchange-sha256', u'diffie-hellman-group-exchange-sha1', u'diffie-hellman-group14-sha1', u'diffie-hellman-group1-sha1'] server key:[u'ssh-rsa', u'ssh-dss'] client encrypt:[u'aes128-ctr', u'aes192-ctr', u'aes256-ctr', u'arcfour256', u'arcfour128', u'aes128-cbc', u'3des-cbc', u'blowfish-cbc', u'cast128-cbc', u'aes192-cbc', u'aes256-cbc', u'arcfour', u'rijndael-cbc@lysator.liu.se'] server encrypt:[u'aes128-ctr', u'aes192-ctr', u'aes256-ctr', u'arcfour256', u'arcfour128', u'aes128-cbc', u'3des-cbc', u'blowfish-cbc', u'cast128-cbc', u'aes192-cbc', u'aes256-cbc', u'arcfour', u'rijndael-cbc@lysator.liu.se'] client mac:[u'hmac-md5', u'hmac-sha1', u'umac-64@openssh.com', u'hmac-sha2-256', u'hmac-sha2-512', u'hmac-ripemd160', u'hmac-ripemd160@openssh.com', u'hmac-sha1-96', u'hmac-md5-96'] server mac:[u'hmac-md5', u'hmac-sha1', u'umac-64@openssh.com', u'hmac-sha2-256', u'hmac-sha2-512', u'hmac-ripemd160', u'hmac-ripemd160@openssh.com', u'hmac-sha1-96', u'hmac-md5-96'] client compress:[u'none', u'zlib@openssh.com'] server compress:[u'none', u'zlib@openssh.com'] client lang:[u''] server lang:[u''] kex follows?False
2020-11-06 22:24:04,982 DEBUG - Kex agreed: diffie-hellman-group-exchange-sha256
2020-11-06 22:24:04,982 DEBUG - HostKey agreed: ssh-rsa
2020-11-06 22:24:04,982 DEBUG - Cipher agreed: aes128-ctr
2020-11-06 22:24:04,982 DEBUG - MAC agreed: hmac-sha2-256
2020-11-06 22:24:04,982 DEBUG - Compression agreed: none
2020-11-06 22:24:05,024 DEBUG - Got server p (2048 bits)
2020-11-06 22:24:05,113 DEBUG - kex engine KexGexSHA256 specified hash_algo <built-in function openssl_sha256>
2020-11-06 22:24:05,114 DEBUG - Switch to new keys ...
2020-11-06 22:24:05,116 DEBUG - Adding ssh-rsa host key for [210.209.72.176]:28032: ae3c4c53d0854963a7a52a85c87b2610
2020-11-06 22:24:05,117 DEBUG - Trying discovered key f1e2a20412f7e99b7abdb041b22f15e1 in /root/.ssh/id_rsa
2020-11-06 22:24:05,155 DEBUG - userauth is OK
2020-11-06 22:24:10,208 DEBUG - Debug msg: Adding to environment: NAME=argus
2020-11-06 22:24:10,249 INFO - Authentication (publickey) successful!
2020-11-06 22:24:10,256 DEBUG - [chan 0] Max packet in: 32768 bytes
2020-11-06 22:24:10,258 DEBUG - [chan 0] Max packet out: 32768 bytes
2020-11-06 22:24:10,258 DEBUG - Secsh channel 0 opened.
2020-11-06 22:24:10,264 DEBUG - [chan 0] Sesch channel 0 request ok
2020-11-06 22:24:10,267 DEBUG - [chan 0] Sesch channel 0 request ok
2020-11-06 22:24:10,267 DEBUG - [chan 1] Max packet in: 32768 bytes
2020-11-06 22:24:10,269 DEBUG - [chan 1] Max packet out: 32768 bytes
2020-11-06 22:24:10,269 DEBUG - Secsh channel 1 opened.
2020-11-06 22:24:10,325 DEBUG - [chan 1] Sesch channel 1 request ok
2020-11-06 22:24:10,325 DEBUG - [chan 1] EOF received (1)
2020-11-06 22:24:10,325 DEBUG - [chan 1] EOF sent (1)
2020-11-06 22:24:19,774 DEBUG - [chan 2] Max packet in: 32768 bytes
2020-11-06 22:24:19,777 DEBUG - [chan 2] Max packet out: 32768 bytes
2020-11-06 22:24:19,777 DEBUG - Secsh channel 2 opened.
2020-11-06 22:24:19,782 DEBUG - [chan 2] Sesch channel 2 request ok
2020-11-06 22:24:19,800 DEBUG - [chan 2] EOF received (2)
2020-11-06 22:24:19,800 DEBUG - EOF in transport thread
2020-11-06 22:24:19,804 DEBUG - [chan 2] EOF sent (2)
2020-11-06 22:24:19,804 DEBUG - Dropping user packet because connection is dead.
2020-11-06 23:36:58,028 ERROR - Internal Server Error: /esync/om-live800_nginx/generate/
Traceback (most recent call last):
  File "/app/argus_final/venv/lib/python2.7/site-packages/django/core/handlers/exception.py", line 41, in inner
    response = get_response(request)
  File "/app/argus_final/venv/lib/python2.7/site-packages/django/core/handlers/base.py", line 187, in _get_response
    response = self.process_exception_by_middleware(e, request)
  File "/app/argus_final/venv/lib/python2.7/site-packages/django/core/handlers/base.py", line 185, in _get_response
    response = wrapped_callback(request, *callback_args, **callback_kwargs)
  File "/app/argus_final/venv/lib/python2.7/site-packages/django/contrib/auth/decorators.py", line 23, in _wrapped_view
    return view_func(request, *args, **kwargs)
  File "/app/argus_final/venv/lib/python2.7/site-packages/django/views/generic/base.py", line 68, in view
    return self.dispatch(request, *args, **kwargs)
  File "/app/argus_final/venv/lib/python2.7/site-packages/django/utils/decorators.py", line 67, in _wrapper
    return bound_func(*args, **kwargs)
  File "/app/argus_final/venv/lib/python2.7/site-packages/django/views/decorators/csrf.py", line 58, in wrapped_view
    return view_func(*args, **kwargs)
  File "/app/argus_final/venv/lib/python2.7/site-packages/django/utils/decorators.py", line 63, in bound_func
    return func.__get__(self, type(self))(*args2, **kwargs2)
  File "/app/argus_final/app/argus/argus/mixins.py", line 14, in dispatch
    return super(GENERIC_PERMISSION_MIXIN, self).dispatch(request, *args, **kwargs)
  File "/app/argus_final/venv/lib/python2.7/site-packages/django/views/generic/base.py", line 88, in dispatch
    return handler(request, *args, **kwargs)
  File "/app/argus_final/app/argus/esync/views.py", line 287, in post
    nonstandard_esync_log(hostgroup, request.user.username, [result[1]],activity_type='CREATE')
  File "/app/argus_final/app/argus/esync/lib/esync_logger.py", line 20, in nonstandard_esync_log
    f.write(i)
UnicodeEncodeError: 'ascii' codec can't encode characters in position 251-253: ordinal not in range(128)
