2020-06-27 16:01:56,744 DEBUG - (tyler) - Successfully loaded and updated table
2020-06-27 17:13:52,449 DEBUG - starting thread (client mode): 0x2dbae290L
2020-06-27 17:13:52,449 DEBUG - Local version/idstring: SSH-2.0-paramiko_2.6.0
2020-06-27 17:13:52,498 DEBUG - Remote version/idstring: SSH-2.0-OpenSSH_7.4
2020-06-27 17:13:52,499 INFO - Connected (version 2.0, client OpenSSH_7.4)
2020-06-27 17:13:52,505 DEBUG - kex algos:[u'curve25519-sha256', u'curve25519-sha256@libssh.org', u'ecdh-sha2-nistp256', u'ecdh-sha2-nistp384', u'ecdh-sha2-nistp521', u'diffie-hellman-group-exchange-sha256', u'diffie-hellman-group16-sha512', u'diffie-hellman-group18-sha512', u'diffie-hellman-group-exchange-sha1', u'diffie-hellman-group14-sha256', u'diffie-hellman-group14-sha1', u'diffie-hellman-group1-sha1'] server key:[u'ssh-rsa', u'rsa-sha2-512', u'rsa-sha2-256', u'ssh-dss', u'ecdsa-sha2-nistp256', u'ssh-ed25519'] client encrypt:[u'chacha20-poly1305@openssh.com', u'aes128-ctr', u'aes192-ctr', u'aes256-ctr', u'aes128-gcm@openssh.com', u'aes256-gcm@openssh.com', u'aes128-cbc', u'aes192-cbc', u'aes256-cbc', u'blowfish-cbc', u'cast128-cbc', u'3des-cbc'] server encrypt:[u'chacha20-poly1305@openssh.com', u'aes128-ctr', u'aes192-ctr', u'aes256-ctr', u'aes128-gcm@openssh.com', u'aes256-gcm@openssh.com', u'aes128-cbc', u'aes192-cbc', u'aes256-cbc', u'blowfish-cbc', u'cast128-cbc', u'3des-cbc'] client mac:[u'umac-64-etm@openssh.com', u'umac-128-etm@openssh.com', u'hmac-sha2-256-etm@openssh.com', u'hmac-sha2-512-etm@openssh.com', u'hmac-sha1-etm@openssh.com', u'umac-64@openssh.com', u'umac-128@openssh.com', u'hmac-sha2-256', u'hmac-sha2-512', u'hmac-sha1'] server mac:[u'umac-64-etm@openssh.com', u'umac-128-etm@openssh.com', u'hmac-sha2-256-etm@openssh.com', u'hmac-sha2-512-etm@openssh.com', u'hmac-sha1-etm@openssh.com', u'umac-64@openssh.com', u'umac-128@openssh.com', u'hmac-sha2-256', u'hmac-sha2-512', u'hmac-sha1'] client compress:[u'none', u'zlib@openssh.com'] server compress:[u'none', u'zlib@openssh.com'] client lang:[u''] server lang:[u''] kex follows?False
2020-06-27 17:13:52,506 DEBUG - Kex agreed: curve25519-sha256@libssh.org
2020-06-27 17:13:52,506 DEBUG - HostKey agreed: ssh-ed25519
2020-06-27 17:13:52,506 DEBUG - Cipher agreed: aes128-ctr
2020-06-27 17:13:52,506 DEBUG - MAC agreed: hmac-sha2-256
2020-06-27 17:13:52,506 DEBUG - Compression agreed: none
2020-06-27 17:13:52,524 DEBUG - kex engine KexCurve25519 specified hash_algo <built-in function openssl_sha256>
2020-06-27 17:13:52,525 DEBUG - Switch to new keys ...
2020-06-27 17:13:52,550 DEBUG - Adding ssh-ed25519 host key for [150.109.151.76]:28032: 4fc508d98a06091326c688001eefa805
2020-06-27 17:13:52,551 DEBUG - Trying discovered key f1e2a20412f7e99b7abdb041b22f15e1 in /root/.ssh/id_rsa
2020-06-27 17:13:52,570 DEBUG - userauth is OK
2020-06-27 17:13:52,592 INFO - Authentication (publickey) successful!
2020-06-27 17:13:52,617 DEBUG - [chan 0] Max packet in: 32768 bytes
2020-06-27 17:13:52,620 DEBUG - Received global request "hostkeys-00@openssh.com"
2020-06-27 17:13:52,620 DEBUG - Rejecting "hostkeys-00@openssh.com" global request from server.
2020-06-27 17:13:52,621 DEBUG - Debug msg: Adding to environment: NAME=argus
2020-06-27 17:13:52,670 DEBUG - [chan 0] Max packet out: 32768 bytes
2020-06-27 17:13:52,670 DEBUG - Secsh channel 0 opened.
2020-06-27 17:13:52,689 DEBUG - [chan 0] Sesch channel 0 request ok
2020-06-27 17:13:52,697 DEBUG - [chan 0] Sesch channel 0 request ok
2020-06-27 17:13:52,697 DEBUG - [chan 1] Max packet in: 32768 bytes
2020-06-27 17:13:52,702 DEBUG - [chan 1] Max packet out: 32768 bytes
2020-06-27 17:13:52,702 DEBUG - Secsh channel 1 opened.
2020-06-27 17:13:52,721 DEBUG - [chan 1] Sesch channel 1 request ok
2020-06-27 17:13:58,033 DEBUG - [chan 2] Max packet in: 32768 bytes
2020-06-27 17:13:58,034 DEBUG - [chan 1] EOF received (1)
2020-06-27 17:13:58,035 DEBUG - [chan 1] EOF sent (1)
2020-06-27 17:13:58,037 DEBUG - [chan 2] Max packet out: 32768 bytes
2020-06-27 17:13:58,037 DEBUG - Secsh channel 2 opened.
2020-06-27 17:13:58,088 DEBUG - [chan 2] Sesch channel 2 request ok
2020-06-27 17:13:58,099 DEBUG - [chan 2] EOF received (2)
2020-06-27 17:13:58,100 DEBUG - [chan 2] EOF sent (2)
2020-06-27 17:13:58,100 DEBUG - EOF in transport thread
2020-06-27 17:15:11,814 DEBUG - starting thread (client mode): 0x2e053dd0L
2020-06-27 17:15:11,815 DEBUG - Local version/idstring: SSH-2.0-paramiko_2.6.0
2020-06-27 17:15:11,909 DEBUG - Remote version/idstring: SSH-2.0-OpenSSH_7.4
2020-06-27 17:15:11,909 INFO - Connected (version 2.0, client OpenSSH_7.4)
2020-06-27 17:15:11,913 DEBUG - kex algos:[u'curve25519-sha256', u'curve25519-sha256@libssh.org', u'ecdh-sha2-nistp256', u'ecdh-sha2-nistp384', u'ecdh-sha2-nistp521', u'diffie-hellman-group-exchange-sha256', u'diffie-hellman-group16-sha512', u'diffie-hellman-group18-sha512', u'diffie-hellman-group-exchange-sha1', u'diffie-hellman-group14-sha256', u'diffie-hellman-group14-sha1', u'diffie-hellman-group1-sha1'] server key:[u'ssh-rsa', u'rsa-sha2-512', u'rsa-sha2-256', u'ssh-dss', u'ecdsa-sha2-nistp256', u'ssh-ed25519'] client encrypt:[u'chacha20-poly1305@openssh.com', u'aes128-ctr', u'aes192-ctr', u'aes256-ctr', u'aes128-gcm@openssh.com', u'aes256-gcm@openssh.com', u'aes128-cbc', u'aes192-cbc', u'aes256-cbc', u'blowfish-cbc', u'cast128-cbc', u'3des-cbc'] server encrypt:[u'chacha20-poly1305@openssh.com', u'aes128-ctr', u'aes192-ctr', u'aes256-ctr', u'aes128-gcm@openssh.com', u'aes256-gcm@openssh.com', u'aes128-cbc', u'aes192-cbc', u'aes256-cbc', u'blowfish-cbc', u'cast128-cbc', u'3des-cbc'] client mac:[u'umac-64-etm@openssh.com', u'umac-128-etm@openssh.com', u'hmac-sha2-256-etm@openssh.com', u'hmac-sha2-512-etm@openssh.com', u'hmac-sha1-etm@openssh.com', u'umac-64@openssh.com', u'umac-128@openssh.com', u'hmac-sha2-256', u'hmac-sha2-512', u'hmac-sha1'] server mac:[u'umac-64-etm@openssh.com', u'umac-128-etm@openssh.com', u'hmac-sha2-256-etm@openssh.com', u'hmac-sha2-512-etm@openssh.com', u'hmac-sha1-etm@openssh.com', u'umac-64@openssh.com', u'umac-128@openssh.com', u'hmac-sha2-256', u'hmac-sha2-512', u'hmac-sha1'] client compress:[u'none', u'zlib@openssh.com'] server compress:[u'none', u'zlib@openssh.com'] client lang:[u''] server lang:[u''] kex follows?False
2020-06-27 17:15:11,913 DEBUG - Kex agreed: curve25519-sha256@libssh.org
2020-06-27 17:15:11,913 DEBUG - HostKey agreed: ssh-ed25519
2020-06-27 17:15:11,913 DEBUG - Cipher agreed: aes128-ctr
2020-06-27 17:15:11,913 DEBUG - MAC agreed: hmac-sha2-256
2020-06-27 17:15:11,913 DEBUG - Compression agreed: none
2020-06-27 17:15:11,933 DEBUG - kex engine KexCurve25519 specified hash_algo <built-in function openssl_sha256>
2020-06-27 17:15:11,934 DEBUG - Switch to new keys ...
2020-06-27 17:15:11,948 DEBUG - Adding ssh-ed25519 host key for [150.109.151.118]:28032: 05bbbc67b74f80b930671ee50e0a8163
2020-06-27 17:15:11,949 DEBUG - Trying discovered key f1e2a20412f7e99b7abdb041b22f15e1 in /root/.ssh/id_rsa
2020-06-27 17:15:11,978 DEBUG - userauth is OK
2020-06-27 17:15:12,300 INFO - Authentication (publickey) successful!
2020-06-27 17:15:12,300 DEBUG - Received global request "hostkeys-00@openssh.com"
2020-06-27 17:15:12,300 DEBUG - Rejecting "hostkeys-00@openssh.com" global request from server.
2020-06-27 17:15:12,300 DEBUG - Debug msg: Adding to environment: NAME=argus
2020-06-27 17:15:12,302 DEBUG - [chan 0] Max packet in: 32768 bytes
2020-06-27 17:15:12,305 DEBUG - [chan 0] Max packet out: 32768 bytes
2020-06-27 17:15:12,305 DEBUG - Secsh channel 0 opened.
2020-06-27 17:15:12,311 DEBUG - [chan 0] Sesch channel 0 request ok
2020-06-27 17:15:12,319 DEBUG - [chan 0] Sesch channel 0 request ok
2020-06-27 17:15:12,320 DEBUG - [chan 1] Max packet in: 32768 bytes
2020-06-27 17:15:12,336 DEBUG - [chan 1] Max packet out: 32768 bytes
2020-06-27 17:15:12,336 DEBUG - Secsh channel 1 opened.
2020-06-27 17:15:12,350 DEBUG - [chan 1] Sesch channel 1 request ok
2020-06-27 17:15:18,643 DEBUG - [chan 2] Max packet in: 32768 bytes
2020-06-27 17:15:18,645 DEBUG - [chan 1] EOF received (1)
2020-06-27 17:15:18,645 DEBUG - [chan 1] EOF sent (1)
2020-06-27 17:15:18,647 DEBUG - [chan 2] Max packet out: 32768 bytes
2020-06-27 17:15:18,647 DEBUG - Secsh channel 2 opened.
2020-06-27 17:15:18,698 DEBUG - [chan 2] Sesch channel 2 request ok
2020-06-27 17:15:18,710 DEBUG - [chan 2] EOF received (2)
2020-06-27 17:15:18,710 DEBUG - [chan 2] EOF sent (2)
2020-06-27 17:15:18,711 DEBUG - EOF in transport thread
