2020-06-19 09:22:43,079 DEBUG - (carl.dasig) - Successfully loaded and updated table
2020-06-19 09:23:14,527 DEBUG - (yroll.macalino) - Successfully loaded and updated table
2020-06-19 10:08:49,802 DEBUG - (terrytang) - Successfully loaded and updated table
2020-06-19 12:20:07,203 DEBUG - (yroll.macalino) - Successfully loaded and updated table
2020-06-19 13:12:31,107 DEBUG - (yroll.macalino) - Successfully loaded and updated table
2020-06-19 13:12:58,461 DEBUG - (carl.dasig) - Successfully loaded and updated table
2020-06-19 14:30:52,302 DEBUG - starting thread (client mode): 0xb17d6250L
2020-06-19 14:30:52,302 DEBUG - Local version/idstring: SSH-2.0-paramiko_2.6.0
2020-06-19 14:30:52,341 DEBUG - Remote version/idstring: SSH-2.0-OpenSSH_7.4
2020-06-19 14:30:52,341 INFO - Connected (version 2.0, client OpenSSH_7.4)
2020-06-19 14:30:52,351 DEBUG - kex algos:[u'curve25519-sha256', u'curve25519-sha256@libssh.org', u'ecdh-sha2-nistp256', u'ecdh-sha2-nistp384', u'ecdh-sha2-nistp521', u'diffie-hellman-group-exchange-sha256', u'diffie-hellman-group16-sha512', u'diffie-hellman-group18-sha512', u'diffie-hellman-group-exchange-sha1', u'diffie-hellman-group14-sha256', u'diffie-hellman-group14-sha1', u'diffie-hellman-group1-sha1'] server key:[u'ssh-rsa', u'rsa-sha2-512', u'rsa-sha2-256', u'ecdsa-sha2-nistp256', u'ssh-ed25519'] client encrypt:[u'chacha20-poly1305@openssh.com', u'aes128-ctr', u'aes192-ctr', u'aes256-ctr', u'aes128-gcm@openssh.com', u'aes256-gcm@openssh.com', u'aes128-cbc', u'aes192-cbc', u'aes256-cbc', u'blowfish-cbc', u'cast128-cbc', u'3des-cbc'] server encrypt:[u'chacha20-poly1305@openssh.com', u'aes128-ctr', u'aes192-ctr', u'aes256-ctr', u'aes128-gcm@openssh.com', u'aes256-gcm@openssh.com', u'aes128-cbc', u'aes192-cbc', u'aes256-cbc', u'blowfish-cbc', u'cast128-cbc', u'3des-cbc'] client mac:[u'umac-64-etm@openssh.com', u'umac-128-etm@openssh.com', u'hmac-sha2-256-etm@openssh.com', u'hmac-sha2-512-etm@openssh.com', u'hmac-sha1-etm@openssh.com', u'umac-64@openssh.com', u'umac-128@openssh.com', u'hmac-sha2-256', u'hmac-sha2-512', u'hmac-sha1'] server mac:[u'umac-64-etm@openssh.com', u'umac-128-etm@openssh.com', u'hmac-sha2-256-etm@openssh.com', u'hmac-sha2-512-etm@openssh.com', u'hmac-sha1-etm@openssh.com', u'umac-64@openssh.com', u'umac-128@openssh.com', u'hmac-sha2-256', u'hmac-sha2-512', u'hmac-sha1'] client compress:[u'none', u'zlib@openssh.com'] server compress:[u'none', u'zlib@openssh.com'] client lang:[u''] server lang:[u''] kex follows?False
2020-06-19 14:30:52,351 DEBUG - Kex agreed: curve25519-sha256@libssh.org
2020-06-19 14:30:52,351 DEBUG - HostKey agreed: ssh-ed25519
2020-06-19 14:30:52,351 DEBUG - Cipher agreed: aes128-ctr
2020-06-19 14:30:52,351 DEBUG - MAC agreed: hmac-sha2-256
2020-06-19 14:30:52,351 DEBUG - Compression agreed: none
2020-06-19 14:30:52,364 DEBUG - kex engine KexCurve25519 specified hash_algo <built-in function openssl_sha256>
2020-06-19 14:30:52,364 DEBUG - Switch to new keys ...
2020-06-19 14:30:52,367 DEBUG - Adding ssh-ed25519 host key for [103.106.246.98]:28032: de457f91d6cfe90b74a47af1263b21ec
2020-06-19 14:30:52,368 DEBUG - Trying discovered key f1e2a20412f7e99b7abdb041b22f15e1 in /root/.ssh/id_rsa
2020-06-19 14:30:52,410 DEBUG - userauth is OK
2020-06-19 14:30:57,483 INFO - Authentication (publickey) successful!
2020-06-19 14:30:57,509 DEBUG - [chan 0] Max packet in: 32768 bytes
2020-06-19 14:30:57,877 DEBUG - Received global request "hostkeys-00@openssh.com"
2020-06-19 14:30:57,877 DEBUG - Rejecting "hostkeys-00@openssh.com" global request from server.
2020-06-19 14:30:57,878 DEBUG - Debug msg: Adding to environment: NAME=argus
2020-06-19 14:30:58,084 DEBUG - [chan 0] Max packet out: 32768 bytes
2020-06-19 14:30:58,084 DEBUG - Secsh channel 0 opened.
2020-06-19 14:30:58,311 DEBUG - [chan 0] Sesch channel 0 request ok
2020-06-19 14:30:58,373 DEBUG - [chan 0] Sesch channel 0 request ok
2020-06-19 14:30:58,373 DEBUG - [chan 1] Max packet in: 32768 bytes
2020-06-19 14:30:58,388 DEBUG - [chan 1] Max packet out: 32768 bytes
2020-06-19 14:30:58,388 DEBUG - Secsh channel 1 opened.
2020-06-19 14:30:58,411 DEBUG - [chan 1] Sesch channel 1 request ok
2020-06-19 14:31:12,897 DEBUG - [chan 2] Max packet in: 32768 bytes
2020-06-19 14:31:12,898 DEBUG - [chan 1] EOF received (1)
2020-06-19 14:31:12,898 DEBUG - [chan 1] EOF sent (1)
2020-06-19 14:31:12,905 DEBUG - [chan 2] Max packet out: 32768 bytes
2020-06-19 14:31:12,905 DEBUG - Secsh channel 2 opened.
2020-06-19 14:31:12,962 DEBUG - [chan 2] Sesch channel 2 request ok
2020-06-19 14:31:13,012 DEBUG - [chan 2] EOF received (2)
2020-06-19 14:31:13,013 DEBUG - [chan 2] EOF sent (2)
2020-06-19 14:31:13,014 DEBUG - EOF in transport thread
2020-06-19 14:40:48,611 DEBUG - starting thread (client mode): 0xb15a6110L
2020-06-19 14:40:48,611 DEBUG - Local version/idstring: SSH-2.0-paramiko_2.6.0
2020-06-19 14:40:48,656 DEBUG - Remote version/idstring: SSH-2.0-OpenSSH_7.4
2020-06-19 14:40:48,656 INFO - Connected (version 2.0, client OpenSSH_7.4)
2020-06-19 14:40:48,669 DEBUG - kex algos:[u'curve25519-sha256', u'curve25519-sha256@libssh.org', u'ecdh-sha2-nistp256', u'ecdh-sha2-nistp384', u'ecdh-sha2-nistp521', u'diffie-hellman-group-exchange-sha256', u'diffie-hellman-group16-sha512', u'diffie-hellman-group18-sha512', u'diffie-hellman-group-exchange-sha1', u'diffie-hellman-group14-sha256', u'diffie-hellman-group14-sha1', u'diffie-hellman-group1-sha1'] server key:[u'ssh-rsa', u'rsa-sha2-512', u'rsa-sha2-256', u'ecdsa-sha2-nistp256', u'ssh-ed25519'] client encrypt:[u'chacha20-poly1305@openssh.com', u'aes128-ctr', u'aes192-ctr', u'aes256-ctr', u'aes128-gcm@openssh.com', u'aes256-gcm@openssh.com', u'aes128-cbc', u'aes192-cbc', u'aes256-cbc', u'blowfish-cbc', u'cast128-cbc', u'3des-cbc'] server encrypt:[u'chacha20-poly1305@openssh.com', u'aes128-ctr', u'aes192-ctr', u'aes256-ctr', u'aes128-gcm@openssh.com', u'aes256-gcm@openssh.com', u'aes128-cbc', u'aes192-cbc', u'aes256-cbc', u'blowfish-cbc', u'cast128-cbc', u'3des-cbc'] client mac:[u'umac-64-etm@openssh.com', u'umac-128-etm@openssh.com', u'hmac-sha2-256-etm@openssh.com', u'hmac-sha2-512-etm@openssh.com', u'hmac-sha1-etm@openssh.com', u'umac-64@openssh.com', u'umac-128@openssh.com', u'hmac-sha2-256', u'hmac-sha2-512', u'hmac-sha1'] server mac:[u'umac-64-etm@openssh.com', u'umac-128-etm@openssh.com', u'hmac-sha2-256-etm@openssh.com', u'hmac-sha2-512-etm@openssh.com', u'hmac-sha1-etm@openssh.com', u'umac-64@openssh.com', u'umac-128@openssh.com', u'hmac-sha2-256', u'hmac-sha2-512', u'hmac-sha1'] client compress:[u'none', u'zlib@openssh.com'] server compress:[u'none', u'zlib@openssh.com'] client lang:[u''] server lang:[u''] kex follows?False
2020-06-19 14:40:48,669 DEBUG - Kex agreed: curve25519-sha256@libssh.org
2020-06-19 14:40:48,669 DEBUG - HostKey agreed: ssh-ed25519
2020-06-19 14:40:48,669 DEBUG - Cipher agreed: aes128-ctr
2020-06-19 14:40:48,669 DEBUG - MAC agreed: hmac-sha2-256
2020-06-19 14:40:48,669 DEBUG - Compression agreed: none
2020-06-19 14:40:48,683 DEBUG - kex engine KexCurve25519 specified hash_algo <built-in function openssl_sha256>
2020-06-19 14:40:48,684 DEBUG - Switch to new keys ...
2020-06-19 14:40:48,713 DEBUG - Adding ssh-ed25519 host key for [103.106.246.98]:28032: de457f91d6cfe90b74a47af1263b21ec
2020-06-19 14:40:48,714 DEBUG - Trying discovered key f1e2a20412f7e99b7abdb041b22f15e1 in /root/.ssh/id_rsa
2020-06-19 14:40:48,727 DEBUG - userauth is OK
2020-06-19 14:40:53,819 INFO - Authentication (publickey) successful!
2020-06-19 14:40:53,852 DEBUG - [chan 0] Max packet in: 32768 bytes
2020-06-19 14:40:54,167 DEBUG - Received global request "hostkeys-00@openssh.com"
2020-06-19 14:40:54,167 DEBUG - Rejecting "hostkeys-00@openssh.com" global request from server.
2020-06-19 14:40:54,167 DEBUG - Debug msg: Adding to environment: NAME=argus
2020-06-19 14:40:54,208 DEBUG - [chan 0] Max packet out: 32768 bytes
2020-06-19 14:40:54,208 DEBUG - Secsh channel 0 opened.
2020-06-19 14:40:54,229 DEBUG - [chan 0] Sesch channel 0 request ok
2020-06-19 14:40:54,240 DEBUG - [chan 0] Sesch channel 0 request ok
2020-06-19 14:40:54,240 DEBUG - [chan 1] Max packet in: 32768 bytes
2020-06-19 14:40:54,244 DEBUG - [chan 1] Max packet out: 32768 bytes
2020-06-19 14:40:54,244 DEBUG - Secsh channel 1 opened.
2020-06-19 14:40:54,258 DEBUG - [chan 1] Sesch channel 1 request ok
2020-06-19 14:41:09,226 DEBUG - [chan 2] Max packet in: 32768 bytes
2020-06-19 14:41:09,227 DEBUG - [chan 1] EOF received (1)
2020-06-19 14:41:09,228 DEBUG - [chan 1] EOF sent (1)
2020-06-19 14:41:09,385 DEBUG - [chan 2] Max packet out: 32768 bytes
2020-06-19 14:41:09,385 DEBUG - Secsh channel 2 opened.
2020-06-19 14:41:09,550 DEBUG - [chan 2] Sesch channel 2 request ok
2020-06-19 14:41:09,605 DEBUG - [chan 2] EOF received (2)
2020-06-19 14:41:09,606 DEBUG - [chan 2] EOF sent (2)
2020-06-19 14:41:09,607 DEBUG - EOF in transport thread
2020-06-19 17:24:08,668 DEBUG - (carl.dasig) - Successfully loaded and updated table
