2021-01-03 08:24:07,127 DEBUG - (jonas.nicanor) - Successfully loaded and updated table
2021-01-03 11:45:36,712 DEBUG - (james.cadelina) - Successfully loaded and updated table
2021-01-03 11:45:48,906 DEBUG - (james.cadelina) - Successfully loaded and updated table
2021-01-03 14:55:15,208 DEBUG - starting thread (client mode): 0xb1c2fa10L
2021-01-03 14:55:15,208 DEBUG - Local version/idstring: SSH-2.0-paramiko_2.6.0
2021-01-03 14:55:15,316 DEBUG - Remote version/idstring: SSH-2.0-OpenSSH_7.4
2021-01-03 14:55:15,316 INFO - Connected (version 2.0, client OpenSSH_7.4)
2021-01-03 14:55:15,324 DEBUG - kex algos:[u'curve25519-sha256', u'curve25519-sha256@libssh.org', u'ecdh-sha2-nistp256', u'ecdh-sha2-nistp384', u'ecdh-sha2-nistp521', u'diffie-hellman-group-exchange-sha256', u'diffie-hellman-group16-sha512', u'diffie-hellman-group18-sha512', u'diffie-hellman-group-exchange-sha1', u'diffie-hellman-group14-sha256', u'diffie-hellman-group14-sha1', u'diffie-hellman-group1-sha1'] server key:[u'ssh-rsa', u'rsa-sha2-512', u'rsa-sha2-256', u'ecdsa-sha2-nistp256', u'ssh-ed25519'] client encrypt:[u'chacha20-poly1305@openssh.com', u'aes128-ctr', u'aes192-ctr', u'aes256-ctr', u'aes128-gcm@openssh.com', u'aes256-gcm@openssh.com', u'aes128-cbc', u'aes192-cbc', u'aes256-cbc', u'blowfish-cbc', u'cast128-cbc', u'3des-cbc'] server encrypt:[u'chacha20-poly1305@openssh.com', u'aes128-ctr', u'aes192-ctr', u'aes256-ctr', u'aes128-gcm@openssh.com', u'aes256-gcm@openssh.com', u'aes128-cbc', u'aes192-cbc', u'aes256-cbc', u'blowfish-cbc', u'cast128-cbc', u'3des-cbc'] client mac:[u'umac-64-etm@openssh.com', u'umac-128-etm@openssh.com', u'hmac-sha2-256-etm@openssh.com', u'hmac-sha2-512-etm@openssh.com', u'hmac-sha1-etm@openssh.com', u'umac-64@openssh.com', u'umac-128@openssh.com', u'hmac-sha2-256', u'hmac-sha2-512', u'hmac-sha1'] server mac:[u'umac-64-etm@openssh.com', u'umac-128-etm@openssh.com', u'hmac-sha2-256-etm@openssh.com', u'hmac-sha2-512-etm@openssh.com', u'hmac-sha1-etm@openssh.com', u'umac-64@openssh.com', u'umac-128@openssh.com', u'hmac-sha2-256', u'hmac-sha2-512', u'hmac-sha1'] client compress:[u'none', u'zlib@openssh.com'] server compress:[u'none', u'zlib@openssh.com'] client lang:[u''] server lang:[u''] kex follows?False
2021-01-03 14:55:15,324 DEBUG - Kex agreed: curve25519-sha256@libssh.org
2021-01-03 14:55:15,324 DEBUG - HostKey agreed: ssh-ed25519
2021-01-03 14:55:15,324 DEBUG - Cipher agreed: aes128-ctr
2021-01-03 14:55:15,324 DEBUG - MAC agreed: hmac-sha2-256
2021-01-03 14:55:15,324 DEBUG - Compression agreed: none
2021-01-03 14:55:15,354 DEBUG - kex engine KexCurve25519 specified hash_algo <built-in function openssl_sha256>
2021-01-03 14:55:15,354 DEBUG - Switch to new keys ...
2021-01-03 14:55:15,376 DEBUG - Adding ssh-ed25519 host key for [210.209.72.125]:28032: f0e839335cba3de5a05d8dd23be98e47
2021-01-03 14:55:15,378 DEBUG - Trying discovered key f1e2a20412f7e99b7abdb041b22f15e1 in /root/.ssh/id_rsa
2021-01-03 14:55:15,396 DEBUG - userauth is OK
2021-01-03 14:55:20,488 INFO - Authentication (publickey) successful!
2021-01-03 14:55:20,520 DEBUG - [chan 0] Max packet in: 32768 bytes
2021-01-03 14:55:20,537 DEBUG - Received global request "hostkeys-00@openssh.com"
2021-01-03 14:55:20,537 DEBUG - Rejecting "hostkeys-00@openssh.com" global request from server.
2021-01-03 14:55:20,538 DEBUG - Debug msg: Adding to environment: NAME=argus
2021-01-03 14:55:20,577 DEBUG - [chan 0] Max packet out: 32768 bytes
2021-01-03 14:55:20,577 DEBUG - Secsh channel 0 opened.
2021-01-03 14:55:20,611 DEBUG - [chan 0] Sesch channel 0 request ok
2021-01-03 14:55:20,622 DEBUG - [chan 0] Sesch channel 0 request ok
2021-01-03 14:55:20,622 DEBUG - [chan 1] Max packet in: 32768 bytes
2021-01-03 14:55:20,624 DEBUG - [chan 1] Max packet out: 32768 bytes
2021-01-03 14:55:20,624 DEBUG - Secsh channel 1 opened.
2021-01-03 14:55:20,637 DEBUG - [chan 1] Sesch channel 1 request ok
2021-01-03 14:55:31,872 DEBUG - [chan 2] Max packet in: 32768 bytes
2021-01-03 14:55:31,874 DEBUG - [chan 1] EOF received (1)
2021-01-03 14:55:31,874 DEBUG - [chan 1] EOF sent (1)
2021-01-03 14:55:31,878 DEBUG - [chan 2] Max packet out: 32768 bytes
2021-01-03 14:55:31,878 DEBUG - Secsh channel 2 opened.
2021-01-03 14:55:31,983 DEBUG - [chan 2] Sesch channel 2 request ok
2021-01-03 14:55:32,119 DEBUG - [chan 2] EOF received (2)
2021-01-03 14:55:32,119 DEBUG - [chan 2] EOF sent (2)
2021-01-03 14:55:32,120 DEBUG - EOF in transport thread
2021-01-03 23:21:42,982 DEBUG - starting thread (client mode): 0xb1b3d2d0L
2021-01-03 23:21:42,983 DEBUG - Local version/idstring: SSH-2.0-paramiko_2.6.0
2021-01-03 23:21:43,021 DEBUG - Remote version/idstring: SSH-2.0-OpenSSH_7.4
2021-01-03 23:21:43,021 INFO - Connected (version 2.0, client OpenSSH_7.4)
2021-01-03 23:21:43,028 DEBUG - kex algos:[u'curve25519-sha256', u'curve25519-sha256@libssh.org', u'ecdh-sha2-nistp256', u'ecdh-sha2-nistp384', u'ecdh-sha2-nistp521', u'diffie-hellman-group-exchange-sha256', u'diffie-hellman-group16-sha512', u'diffie-hellman-group18-sha512', u'diffie-hellman-group-exchange-sha1', u'diffie-hellman-group14-sha256', u'diffie-hellman-group14-sha1', u'diffie-hellman-group1-sha1'] server key:[u'ssh-rsa', u'rsa-sha2-512', u'rsa-sha2-256', u'ecdsa-sha2-nistp256', u'ssh-ed25519'] client encrypt:[u'chacha20-poly1305@openssh.com', u'aes128-ctr', u'aes192-ctr', u'aes256-ctr', u'aes128-gcm@openssh.com', u'aes256-gcm@openssh.com', u'aes128-cbc', u'aes192-cbc', u'aes256-cbc', u'blowfish-cbc', u'cast128-cbc', u'3des-cbc'] server encrypt:[u'chacha20-poly1305@openssh.com', u'aes128-ctr', u'aes192-ctr', u'aes256-ctr', u'aes128-gcm@openssh.com', u'aes256-gcm@openssh.com', u'aes128-cbc', u'aes192-cbc', u'aes256-cbc', u'blowfish-cbc', u'cast128-cbc', u'3des-cbc'] client mac:[u'umac-64-etm@openssh.com', u'umac-128-etm@openssh.com', u'hmac-sha2-256-etm@openssh.com', u'hmac-sha2-512-etm@openssh.com', u'hmac-sha1-etm@openssh.com', u'umac-64@openssh.com', u'umac-128@openssh.com', u'hmac-sha2-256', u'hmac-sha2-512', u'hmac-sha1'] server mac:[u'umac-64-etm@openssh.com', u'umac-128-etm@openssh.com', u'hmac-sha2-256-etm@openssh.com', u'hmac-sha2-512-etm@openssh.com', u'hmac-sha1-etm@openssh.com', u'umac-64@openssh.com', u'umac-128@openssh.com', u'hmac-sha2-256', u'hmac-sha2-512', u'hmac-sha1'] client compress:[u'none', u'zlib@openssh.com'] server compress:[u'none', u'zlib@openssh.com'] client lang:[u''] server lang:[u''] kex follows?False
2021-01-03 23:21:43,028 DEBUG - Kex agreed: curve25519-sha256@libssh.org
2021-01-03 23:21:43,028 DEBUG - HostKey agreed: ssh-ed25519
2021-01-03 23:21:43,028 DEBUG - Cipher agreed: aes128-ctr
2021-01-03 23:21:43,028 DEBUG - MAC agreed: hmac-sha2-256
2021-01-03 23:21:43,028 DEBUG - Compression agreed: none
2021-01-03 23:21:43,052 DEBUG - kex engine KexCurve25519 specified hash_algo <built-in function openssl_sha256>
2021-01-03 23:21:43,053 DEBUG - Switch to new keys ...
2021-01-03 23:21:43,083 DEBUG - Adding ssh-ed25519 host key for [58.64.177.145]:28032: 649bfb2ade50b259183468bcc4a641be
2021-01-03 23:21:43,085 DEBUG - Trying discovered key f1e2a20412f7e99b7abdb041b22f15e1 in /root/.ssh/id_rsa
2021-01-03 23:21:43,094 DEBUG - userauth is OK
2021-01-03 23:21:48,161 INFO - Authentication (publickey) successful!
2021-01-03 23:21:48,189 DEBUG - [chan 0] Max packet in: 32768 bytes
2021-01-03 23:21:48,201 DEBUG - Received global request "hostkeys-00@openssh.com"
2021-01-03 23:21:48,201 DEBUG - Rejecting "hostkeys-00@openssh.com" global request from server.
2021-01-03 23:21:48,201 DEBUG - Debug msg: Adding to environment: NAME=argus
2021-01-03 23:21:48,241 DEBUG - [chan 0] Max packet out: 32768 bytes
2021-01-03 23:21:48,241 DEBUG - Secsh channel 0 opened.
2021-01-03 23:21:48,259 DEBUG - [chan 0] Sesch channel 0 request ok
2021-01-03 23:21:48,267 DEBUG - [chan 0] Sesch channel 0 request ok
2021-01-03 23:21:48,268 DEBUG - [chan 1] Max packet in: 32768 bytes
2021-01-03 23:21:48,270 DEBUG - [chan 1] Max packet out: 32768 bytes
2021-01-03 23:21:48,270 DEBUG - Secsh channel 1 opened.
2021-01-03 23:21:48,281 DEBUG - [chan 1] Sesch channel 1 request ok
2021-01-03 23:22:00,731 DEBUG - [chan 2] Max packet in: 32768 bytes
2021-01-03 23:22:00,733 DEBUG - [chan 1] EOF received (1)
2021-01-03 23:22:00,734 DEBUG - [chan 1] EOF sent (1)
2021-01-03 23:22:00,734 DEBUG - [chan 2] Max packet out: 32768 bytes
2021-01-03 23:22:00,735 DEBUG - Secsh channel 2 opened.
2021-01-03 23:22:00,786 DEBUG - [chan 2] Sesch channel 2 request ok
2021-01-03 23:22:00,850 DEBUG - [chan 2] EOF received (2)
2021-01-03 23:22:00,850 DEBUG - [chan 2] EOF sent (2)
2021-01-03 23:22:00,851 DEBUG - EOF in transport thread
2021-01-03 23:22:25,623 DEBUG - starting thread (client mode): 0xb1a8cdd0L
2021-01-03 23:22:25,624 DEBUG - Local version/idstring: SSH-2.0-paramiko_2.6.0
2021-01-03 23:22:25,640 DEBUG - Remote version/idstring: SSH-2.0-OpenSSH_7.4
2021-01-03 23:22:25,641 INFO - Connected (version 2.0, client OpenSSH_7.4)
2021-01-03 23:22:25,644 DEBUG - kex algos:[u'curve25519-sha256', u'curve25519-sha256@libssh.org', u'ecdh-sha2-nistp256', u'ecdh-sha2-nistp384', u'ecdh-sha2-nistp521', u'diffie-hellman-group-exchange-sha256', u'diffie-hellman-group16-sha512', u'diffie-hellman-group18-sha512', u'diffie-hellman-group-exchange-sha1', u'diffie-hellman-group14-sha256', u'diffie-hellman-group14-sha1', u'diffie-hellman-group1-sha1'] server key:[u'ssh-rsa', u'rsa-sha2-512', u'rsa-sha2-256', u'ecdsa-sha2-nistp256', u'ssh-ed25519'] client encrypt:[u'chacha20-poly1305@openssh.com', u'aes128-ctr', u'aes192-ctr', u'aes256-ctr', u'aes128-gcm@openssh.com', u'aes256-gcm@openssh.com', u'aes128-cbc', u'aes192-cbc', u'aes256-cbc', u'blowfish-cbc', u'cast128-cbc', u'3des-cbc'] server encrypt:[u'chacha20-poly1305@openssh.com', u'aes128-ctr', u'aes192-ctr', u'aes256-ctr', u'aes128-gcm@openssh.com', u'aes256-gcm@openssh.com', u'aes128-cbc', u'aes192-cbc', u'aes256-cbc', u'blowfish-cbc', u'cast128-cbc', u'3des-cbc'] client mac:[u'umac-64-etm@openssh.com', u'umac-128-etm@openssh.com', u'hmac-sha2-256-etm@openssh.com', u'hmac-sha2-512-etm@openssh.com', u'hmac-sha1-etm@openssh.com', u'umac-64@openssh.com', u'umac-128@openssh.com', u'hmac-sha2-256', u'hmac-sha2-512', u'hmac-sha1'] server mac:[u'umac-64-etm@openssh.com', u'umac-128-etm@openssh.com', u'hmac-sha2-256-etm@openssh.com', u'hmac-sha2-512-etm@openssh.com', u'hmac-sha1-etm@openssh.com', u'umac-64@openssh.com', u'umac-128@openssh.com', u'hmac-sha2-256', u'hmac-sha2-512', u'hmac-sha1'] client compress:[u'none', u'zlib@openssh.com'] server compress:[u'none', u'zlib@openssh.com'] client lang:[u''] server lang:[u''] kex follows?False
2021-01-03 23:22:25,644 DEBUG - Kex agreed: curve25519-sha256@libssh.org
2021-01-03 23:22:25,644 DEBUG - HostKey agreed: ssh-ed25519
2021-01-03 23:22:25,644 DEBUG - Cipher agreed: aes128-ctr
2021-01-03 23:22:25,644 DEBUG - MAC agreed: hmac-sha2-256
2021-01-03 23:22:25,644 DEBUG - Compression agreed: none
2021-01-03 23:22:25,656 DEBUG - kex engine KexCurve25519 specified hash_algo <built-in function openssl_sha256>
2021-01-03 23:22:25,657 DEBUG - Switch to new keys ...
2021-01-03 23:22:25,659 DEBUG - Adding ssh-ed25519 host key for [58.64.177.241]:28032: 649bfb2ade50b259183468bcc4a641be
2021-01-03 23:22:25,660 DEBUG - Trying discovered key f1e2a20412f7e99b7abdb041b22f15e1 in /root/.ssh/id_rsa
2021-01-03 23:22:25,697 DEBUG - userauth is OK
2021-01-03 23:22:30,725 INFO - Authentication (publickey) successful!
2021-01-03 23:22:30,727 DEBUG - [chan 0] Max packet in: 32768 bytes
2021-01-03 23:22:30,743 DEBUG - Received global request "hostkeys-00@openssh.com"
2021-01-03 23:22:30,743 DEBUG - Rejecting "hostkeys-00@openssh.com" global request from server.
2021-01-03 23:22:30,743 DEBUG - Debug msg: Adding to environment: NAME=argus
2021-01-03 23:22:30,783 DEBUG - [chan 0] Max packet out: 32768 bytes
2021-01-03 23:22:30,783 DEBUG - Secsh channel 0 opened.
2021-01-03 23:22:30,796 DEBUG - [chan 0] Sesch channel 0 request ok
2021-01-03 23:22:30,801 DEBUG - [chan 0] Sesch channel 0 request ok
2021-01-03 23:22:30,802 DEBUG - [chan 1] Max packet in: 32768 bytes
2021-01-03 23:22:30,803 DEBUG - [chan 1] Max packet out: 32768 bytes
2021-01-03 23:22:30,803 DEBUG - Secsh channel 1 opened.
2021-01-03 23:22:30,811 DEBUG - [chan 1] Sesch channel 1 request ok
2021-01-03 23:22:41,465 DEBUG - [chan 2] Max packet in: 32768 bytes
2021-01-03 23:22:41,467 DEBUG - [chan 1] EOF received (1)
2021-01-03 23:22:41,468 DEBUG - [chan 1] EOF sent (1)
2021-01-03 23:22:41,468 DEBUG - [chan 2] Max packet out: 32768 bytes
2021-01-03 23:22:41,468 DEBUG - Secsh channel 2 opened.
2021-01-03 23:22:41,514 DEBUG - [chan 2] Sesch channel 2 request ok
2021-01-03 23:22:41,545 DEBUG - [chan 2] EOF received (2)
2021-01-03 23:22:41,545 DEBUG - [chan 2] EOF sent (2)
2021-01-03 23:22:41,546 DEBUG - EOF in transport thread
2021-01-03 23:25:41,739 DEBUG - starting thread (client mode): 0xb1a0b190L
2021-01-03 23:25:41,739 DEBUG - Local version/idstring: SSH-2.0-paramiko_2.6.0
2021-01-03 23:25:41,776 DEBUG - Remote version/idstring: SSH-2.0-OpenSSH_7.4
2021-01-03 23:25:41,777 INFO - Connected (version 2.0, client OpenSSH_7.4)
2021-01-03 23:25:41,783 DEBUG - kex algos:[u'curve25519-sha256', u'curve25519-sha256@libssh.org', u'ecdh-sha2-nistp256', u'ecdh-sha2-nistp384', u'ecdh-sha2-nistp521', u'diffie-hellman-group-exchange-sha256', u'diffie-hellman-group16-sha512', u'diffie-hellman-group18-sha512', u'diffie-hellman-group-exchange-sha1', u'diffie-hellman-group14-sha256', u'diffie-hellman-group14-sha1', u'diffie-hellman-group1-sha1'] server key:[u'ssh-rsa', u'rsa-sha2-512', u'rsa-sha2-256', u'ecdsa-sha2-nistp256', u'ssh-ed25519'] client encrypt:[u'chacha20-poly1305@openssh.com', u'aes128-ctr', u'aes192-ctr', u'aes256-ctr', u'aes128-gcm@openssh.com', u'aes256-gcm@openssh.com', u'aes128-cbc', u'aes192-cbc', u'aes256-cbc', u'blowfish-cbc', u'cast128-cbc', u'3des-cbc'] server encrypt:[u'chacha20-poly1305@openssh.com', u'aes128-ctr', u'aes192-ctr', u'aes256-ctr', u'aes128-gcm@openssh.com', u'aes256-gcm@openssh.com', u'aes128-cbc', u'aes192-cbc', u'aes256-cbc', u'blowfish-cbc', u'cast128-cbc', u'3des-cbc'] client mac:[u'umac-64-etm@openssh.com', u'umac-128-etm@openssh.com', u'hmac-sha2-256-etm@openssh.com', u'hmac-sha2-512-etm@openssh.com', u'hmac-sha1-etm@openssh.com', u'umac-64@openssh.com', u'umac-128@openssh.com', u'hmac-sha2-256', u'hmac-sha2-512', u'hmac-sha1'] server mac:[u'umac-64-etm@openssh.com', u'umac-128-etm@openssh.com', u'hmac-sha2-256-etm@openssh.com', u'hmac-sha2-512-etm@openssh.com', u'hmac-sha1-etm@openssh.com', u'umac-64@openssh.com', u'umac-128@openssh.com', u'hmac-sha2-256', u'hmac-sha2-512', u'hmac-sha1'] client compress:[u'none', u'zlib@openssh.com'] server compress:[u'none', u'zlib@openssh.com'] client lang:[u''] server lang:[u''] kex follows?False
2021-01-03 23:25:41,783 DEBUG - Kex agreed: curve25519-sha256@libssh.org
2021-01-03 23:25:41,784 DEBUG - HostKey agreed: ssh-ed25519
2021-01-03 23:25:41,784 DEBUG - Cipher agreed: aes128-ctr
2021-01-03 23:25:41,784 DEBUG - MAC agreed: hmac-sha2-256
2021-01-03 23:25:41,784 DEBUG - Compression agreed: none
2021-01-03 23:25:41,806 DEBUG - kex engine KexCurve25519 specified hash_algo <built-in function openssl_sha256>
2021-01-03 23:25:41,807 DEBUG - Switch to new keys ...
2021-01-03 23:25:41,841 DEBUG - Adding ssh-ed25519 host key for [58.64.177.145]:28032: 649bfb2ade50b259183468bcc4a641be
2021-01-03 23:25:41,842 DEBUG - Trying discovered key f1e2a20412f7e99b7abdb041b22f15e1 in /root/.ssh/id_rsa
2021-01-03 23:25:41,847 DEBUG - userauth is OK
2021-01-03 23:25:46,911 INFO - Authentication (publickey) successful!
2021-01-03 23:25:46,913 DEBUG - [chan 0] Max packet in: 32768 bytes
2021-01-03 23:25:46,941 DEBUG - Received global request "hostkeys-00@openssh.com"
2021-01-03 23:25:46,941 DEBUG - Rejecting "hostkeys-00@openssh.com" global request from server.
2021-01-03 23:25:46,941 DEBUG - Debug msg: Adding to environment: NAME=argus
2021-01-03 23:25:46,982 DEBUG - [chan 0] Max packet out: 32768 bytes
2021-01-03 23:25:46,982 DEBUG - Secsh channel 0 opened.
2021-01-03 23:25:47,023 DEBUG - [chan 0] Sesch channel 0 request ok
2021-01-03 23:25:47,033 DEBUG - [chan 0] Sesch channel 0 request ok
2021-01-03 23:25:47,034 DEBUG - [chan 1] Max packet in: 32768 bytes
2021-01-03 23:25:47,036 DEBUG - [chan 1] Max packet out: 32768 bytes
2021-01-03 23:25:47,036 DEBUG - Secsh channel 1 opened.
2021-01-03 23:25:47,056 DEBUG - [chan 1] Sesch channel 1 request ok
2021-01-03 23:25:47,144 DEBUG - [chan 1] EOF received (1)
2021-01-03 23:25:47,144 DEBUG - [chan 1] EOF sent (1)
2021-01-03 23:25:47,145 DEBUG - EOF in transport thread
2021-01-03 23:25:47,153 DEBUG - starting thread (client mode): 0xb1a80110L
2021-01-03 23:25:47,153 DEBUG - Local version/idstring: SSH-2.0-paramiko_2.6.0
2021-01-03 23:25:47,219 DEBUG - Remote version/idstring: SSH-2.0-OpenSSH_7.4
2021-01-03 23:25:47,219 INFO - Connected (version 2.0, client OpenSSH_7.4)
2021-01-03 23:25:47,225 DEBUG - kex algos:[u'curve25519-sha256', u'curve25519-sha256@libssh.org', u'ecdh-sha2-nistp256', u'ecdh-sha2-nistp384', u'ecdh-sha2-nistp521', u'diffie-hellman-group-exchange-sha256', u'diffie-hellman-group16-sha512', u'diffie-hellman-group18-sha512', u'diffie-hellman-group-exchange-sha1', u'diffie-hellman-group14-sha256', u'diffie-hellman-group14-sha1', u'diffie-hellman-group1-sha1'] server key:[u'ssh-rsa', u'rsa-sha2-512', u'rsa-sha2-256', u'ecdsa-sha2-nistp256', u'ssh-ed25519'] client encrypt:[u'chacha20-poly1305@openssh.com', u'aes128-ctr', u'aes192-ctr', u'aes256-ctr', u'aes128-gcm@openssh.com', u'aes256-gcm@openssh.com', u'aes128-cbc', u'aes192-cbc', u'aes256-cbc', u'blowfish-cbc', u'cast128-cbc', u'3des-cbc'] server encrypt:[u'chacha20-poly1305@openssh.com', u'aes128-ctr', u'aes192-ctr', u'aes256-ctr', u'aes128-gcm@openssh.com', u'aes256-gcm@openssh.com', u'aes128-cbc', u'aes192-cbc', u'aes256-cbc', u'blowfish-cbc', u'cast128-cbc', u'3des-cbc'] client mac:[u'umac-64-etm@openssh.com', u'umac-128-etm@openssh.com', u'hmac-sha2-256-etm@openssh.com', u'hmac-sha2-512-etm@openssh.com', u'hmac-sha1-etm@openssh.com', u'umac-64@openssh.com', u'umac-128@openssh.com', u'hmac-sha2-256', u'hmac-sha2-512', u'hmac-sha1'] server mac:[u'umac-64-etm@openssh.com', u'umac-128-etm@openssh.com', u'hmac-sha2-256-etm@openssh.com', u'hmac-sha2-512-etm@openssh.com', u'hmac-sha1-etm@openssh.com', u'umac-64@openssh.com', u'umac-128@openssh.com', u'hmac-sha2-256', u'hmac-sha2-512', u'hmac-sha1'] client compress:[u'none', u'zlib@openssh.com'] server compress:[u'none', u'zlib@openssh.com'] client lang:[u''] server lang:[u''] kex follows?False
2021-01-03 23:25:47,225 DEBUG - Kex agreed: curve25519-sha256@libssh.org
2021-01-03 23:25:47,225 DEBUG - HostKey agreed: ssh-ed25519
2021-01-03 23:25:47,225 DEBUG - Cipher agreed: aes128-ctr
2021-01-03 23:25:47,225 DEBUG - MAC agreed: hmac-sha2-256
2021-01-03 23:25:47,225 DEBUG - Compression agreed: none
2021-01-03 23:25:47,247 DEBUG - kex engine KexCurve25519 specified hash_algo <built-in function openssl_sha256>
2021-01-03 23:25:47,248 DEBUG - Switch to new keys ...
2021-01-03 23:25:47,254 DEBUG - Adding ssh-ed25519 host key for [58.64.177.145]:28032: 649bfb2ade50b259183468bcc4a641be
2021-01-03 23:25:47,255 DEBUG - Trying discovered key f1e2a20412f7e99b7abdb041b22f15e1 in /root/.ssh/id_rsa
2021-01-03 23:25:47,289 DEBUG - userauth is OK
2021-01-03 23:25:52,330 INFO - Authentication (publickey) successful!
2021-01-03 23:25:52,357 DEBUG - [chan 0] Max packet in: 32768 bytes
2021-01-03 23:25:52,361 DEBUG - Received global request "hostkeys-00@openssh.com"
2021-01-03 23:25:52,362 DEBUG - Rejecting "hostkeys-00@openssh.com" global request from server.
2021-01-03 23:25:52,362 DEBUG - Debug msg: Adding to environment: NAME=argus
2021-01-03 23:25:52,402 DEBUG - [chan 0] Max packet out: 32768 bytes
2021-01-03 23:25:52,402 DEBUG - Secsh channel 0 opened.
2021-01-03 23:25:52,428 DEBUG - [chan 0] Sesch channel 0 request ok
2021-01-03 23:25:52,436 DEBUG - [chan 0] Sesch channel 0 request ok
2021-01-03 23:25:52,437 DEBUG - [chan 1] Max packet in: 32768 bytes
2021-01-03 23:25:52,440 DEBUG - [chan 1] Max packet out: 32768 bytes
2021-01-03 23:25:52,440 DEBUG - Secsh channel 1 opened.
2021-01-03 23:25:52,456 DEBUG - [chan 1] Sesch channel 1 request ok
2021-01-03 23:25:52,536 DEBUG - [chan 1] EOF received (1)
2021-01-03 23:25:52,536 DEBUG - [chan 1] EOF sent (1)
2021-01-03 23:25:52,537 DEBUG - [chan 2] Max packet in: 32768 bytes
2021-01-03 23:25:52,573 DEBUG - [chan 2] Max packet out: 32768 bytes
2021-01-03 23:25:52,573 DEBUG - Secsh channel 2 opened.
2021-01-03 23:25:52,610 DEBUG - [chan 2] Sesch channel 2 request ok
2021-01-03 23:25:52,680 DEBUG - [chan 2] EOF received (2)
2021-01-03 23:25:52,681 DEBUG - [chan 2] EOF sent (2)
2021-01-03 23:25:52,682 DEBUG - [chan 3] Max packet in: 32768 bytes
2021-01-03 23:25:52,724 DEBUG - [chan 3] Max packet out: 32768 bytes
2021-01-03 23:25:52,724 DEBUG - Secsh channel 3 opened.
2021-01-03 23:25:52,758 DEBUG - [chan 3] Sesch channel 3 request ok
2021-01-03 23:25:52,838 DEBUG - [chan 3] EOF received (3)
2021-01-03 23:25:52,839 DEBUG - [chan 3] EOF sent (3)
2021-01-03 23:25:52,840 DEBUG - EOF in transport thread
2021-01-04 00:27:36,843 DEBUG - starting thread (client mode): 0xb2348410L
2021-01-04 00:27:36,844 DEBUG - Local version/idstring: SSH-2.0-paramiko_2.6.0
2021-01-04 00:27:36,860 DEBUG - Remote version/idstring: SSH-2.0-OpenSSH_7.4
2021-01-04 00:27:36,860 INFO - Connected (version 2.0, client OpenSSH_7.4)
2021-01-04 00:27:36,864 DEBUG - kex algos:[u'curve25519-sha256', u'curve25519-sha256@libssh.org', u'ecdh-sha2-nistp256', u'ecdh-sha2-nistp384', u'ecdh-sha2-nistp521', u'diffie-hellman-group-exchange-sha256', u'diffie-hellman-group16-sha512', u'diffie-hellman-group18-sha512', u'diffie-hellman-group-exchange-sha1', u'diffie-hellman-group14-sha256', u'diffie-hellman-group14-sha1', u'diffie-hellman-group1-sha1'] server key:[u'ssh-rsa', u'rsa-sha2-512', u'rsa-sha2-256', u'ecdsa-sha2-nistp256', u'ssh-ed25519'] client encrypt:[u'chacha20-poly1305@openssh.com', u'aes128-ctr', u'aes192-ctr', u'aes256-ctr', u'aes128-gcm@openssh.com', u'aes256-gcm@openssh.com', u'aes128-cbc', u'aes192-cbc', u'aes256-cbc', u'blowfish-cbc', u'cast128-cbc', u'3des-cbc'] server encrypt:[u'chacha20-poly1305@openssh.com', u'aes128-ctr', u'aes192-ctr', u'aes256-ctr', u'aes128-gcm@openssh.com', u'aes256-gcm@openssh.com', u'aes128-cbc', u'aes192-cbc', u'aes256-cbc', u'blowfish-cbc', u'cast128-cbc', u'3des-cbc'] client mac:[u'umac-64-etm@openssh.com', u'umac-128-etm@openssh.com', u'hmac-sha2-256-etm@openssh.com', u'hmac-sha2-512-etm@openssh.com', u'hmac-sha1-etm@openssh.com', u'umac-64@openssh.com', u'umac-128@openssh.com', u'hmac-sha2-256', u'hmac-sha2-512', u'hmac-sha1'] server mac:[u'umac-64-etm@openssh.com', u'umac-128-etm@openssh.com', u'hmac-sha2-256-etm@openssh.com', u'hmac-sha2-512-etm@openssh.com', u'hmac-sha1-etm@openssh.com', u'umac-64@openssh.com', u'umac-128@openssh.com', u'hmac-sha2-256', u'hmac-sha2-512', u'hmac-sha1'] client compress:[u'none', u'zlib@openssh.com'] server compress:[u'none', u'zlib@openssh.com'] client lang:[u''] server lang:[u''] kex follows?False
2021-01-04 00:27:36,864 DEBUG - Kex agreed: curve25519-sha256@libssh.org
2021-01-04 00:27:36,864 DEBUG - HostKey agreed: ssh-ed25519
2021-01-04 00:27:36,865 DEBUG - Cipher agreed: aes128-ctr
2021-01-04 00:27:36,865 DEBUG - MAC agreed: hmac-sha2-256
2021-01-04 00:27:36,865 DEBUG - Compression agreed: none
2021-01-04 00:27:37,078 DEBUG - kex engine KexCurve25519 specified hash_algo <built-in function openssl_sha256>
2021-01-04 00:27:37,079 DEBUG - Switch to new keys ...
2021-01-04 00:27:37,080 DEBUG - Adding ssh-ed25519 host key for [58.64.177.241]:28032: 649bfb2ade50b259183468bcc4a641be
2021-01-04 00:27:37,082 DEBUG - Trying discovered key f1e2a20412f7e99b7abdb041b22f15e1 in /root/.ssh/id_rsa
2021-01-04 00:27:37,119 DEBUG - userauth is OK
2021-01-04 00:27:55,479 INFO - Authentication (publickey) successful!
2021-01-04 00:27:55,481 DEBUG - [chan 0] Max packet in: 32768 bytes
2021-01-04 00:27:55,594 DEBUG - Received global request "hostkeys-00@openssh.com"
2021-01-04 00:27:55,594 DEBUG - Rejecting "hostkeys-00@openssh.com" global request from server.
2021-01-04 00:27:55,595 DEBUG - Debug msg: Adding to environment: NAME=argus
2021-01-04 00:27:55,749 DEBUG - [chan 0] Max packet out: 32768 bytes
2021-01-04 00:27:55,749 DEBUG - Secsh channel 0 opened.
2021-01-04 00:27:55,900 DEBUG - [chan 0] Sesch channel 0 request ok
2021-01-04 00:27:56,019 DEBUG - [chan 0] Sesch channel 0 request ok
2021-01-04 00:27:56,020 DEBUG - [chan 1] Max packet in: 32768 bytes
2021-01-04 00:27:56,135 DEBUG - [chan 1] Max packet out: 32768 bytes
2021-01-04 00:27:56,135 DEBUG - Secsh channel 1 opened.
2021-01-04 00:27:56,258 DEBUG - [chan 1] Sesch channel 1 request ok
