2020-07-28 09:43:25,085 DEBUG - (terrytang) - Successfully loaded and updated table
2020-07-28 09:44:11,046 DEBUG - (gavinlyu) - Successfully loaded and updated table
2020-07-28 09:44:19,167 DEBUG - (gavinlyu) - Successfully loaded and updated table
2020-07-28 09:44:19,408 DEBUG - (gavinlyu) - Successfully loaded and updated table
2020-07-28 09:44:20,461 DEBUG - (gavinlyu) - Successfully loaded and updated table
2020-07-28 09:46:53,200 DEBUG - (terrytang) - Successfully loaded and updated table
2020-07-28 09:47:22,117 DEBUG - (terrytang) - Successfully loaded and updated table
2020-07-28 09:49:08,558 DEBUG - (terrytang) - Successfully loaded and updated table
2020-07-28 09:50:12,743 DEBUG - (terrytang) - Successfully loaded and updated table
2020-07-28 09:51:06,885 DEBUG - (terrytang) - Successfully loaded and updated table
2020-07-28 09:56:12,727 DEBUG - (geeann.badillo) - Successfully loaded and updated table
2020-07-28 09:56:44,916 DEBUG - (terrytang) - Successfully loaded and updated table
2020-07-28 09:57:08,258 DEBUG - (terrytang) - Successfully loaded and updated table
2020-07-28 09:59:21,442 DEBUG - (geeann.badillo) - Successfully loaded and updated table
2020-07-28 10:09:24,079 DEBUG - (nikko.aratan) - Successfully loaded and updated table
2020-07-28 10:09:31,431 DEBUG - starting thread (client mode): 0x3570c210L
2020-07-28 10:09:31,431 DEBUG - Local version/idstring: SSH-2.0-paramiko_2.6.0
2020-07-28 10:09:31,441 DEBUG - Remote version/idstring: SSH-2.0-OpenSSH_5.3
2020-07-28 10:09:31,441 INFO - Connected (version 2.0, client OpenSSH_5.3)
2020-07-28 10:09:31,444 DEBUG - kex algos:[u'diffie-hellman-group-exchange-sha256', u'diffie-hellman-group-exchange-sha1', u'diffie-hellman-group14-sha1', u'diffie-hellman-group1-sha1'] server key:[u'ssh-rsa', u'ssh-dss'] client encrypt:[u'aes128-ctr', u'aes192-ctr', u'aes256-ctr', u'arcfour256', u'arcfour128', u'aes128-cbc', u'3des-cbc', u'blowfish-cbc', u'cast128-cbc', u'aes192-cbc', u'aes256-cbc', u'arcfour', u'rijndael-cbc@lysator.liu.se'] server encrypt:[u'aes128-ctr', u'aes192-ctr', u'aes256-ctr', u'arcfour256', u'arcfour128', u'aes128-cbc', u'3des-cbc', u'blowfish-cbc', u'cast128-cbc', u'aes192-cbc', u'aes256-cbc', u'arcfour', u'rijndael-cbc@lysator.liu.se'] client mac:[u'hmac-md5', u'hmac-sha1', u'umac-64@openssh.com', u'hmac-sha2-256', u'hmac-sha2-512', u'hmac-ripemd160', u'hmac-ripemd160@openssh.com', u'hmac-sha1-96', u'hmac-md5-96'] server mac:[u'hmac-md5', u'hmac-sha1', u'umac-64@openssh.com', u'hmac-sha2-256', u'hmac-sha2-512', u'hmac-ripemd160', u'hmac-ripemd160@openssh.com', u'hmac-sha1-96', u'hmac-md5-96'] client compress:[u'none', u'zlib@openssh.com'] server compress:[u'none', u'zlib@openssh.com'] client lang:[u''] server lang:[u''] kex follows?False
2020-07-28 10:09:31,444 DEBUG - Kex agreed: diffie-hellman-group-exchange-sha256
2020-07-28 10:09:31,444 DEBUG - HostKey agreed: ssh-rsa
2020-07-28 10:09:31,444 DEBUG - Cipher agreed: aes128-ctr
2020-07-28 10:09:31,444 DEBUG - MAC agreed: hmac-sha2-256
2020-07-28 10:09:31,444 DEBUG - Compression agreed: none
2020-07-28 10:09:31,488 DEBUG - Got server p (2048 bits)
2020-07-28 10:09:31,572 DEBUG - kex engine KexGexSHA256 specified hash_algo <built-in function openssl_sha256>
2020-07-28 10:09:31,573 DEBUG - Switch to new keys ...
2020-07-28 10:09:31,575 DEBUG - Adding ssh-rsa host key for [103.106.247.161]:28032: 92630fcff74d49ce843b79bbb5e65cce
2020-07-28 10:09:31,576 DEBUG - Trying discovered key f1e2a20412f7e99b7abdb041b22f15e1 in /root/.ssh/id_rsa
2020-07-28 10:09:31,615 DEBUG - userauth is OK
2020-07-28 10:09:46,574 DEBUG - Debug msg: Adding to environment: NAME=argus
2020-07-28 10:09:46,575 INFO - Authentication (publickey) successful!
2020-07-28 10:09:46,575 DEBUG - [chan 0] Max packet in: 32768 bytes
2020-07-28 10:09:46,578 DEBUG - [chan 0] Max packet out: 32768 bytes
2020-07-28 10:09:46,578 DEBUG - Secsh channel 0 opened.
2020-07-28 10:09:46,582 DEBUG - [chan 0] Sesch channel 0 request ok
2020-07-28 10:09:46,586 DEBUG - [chan 0] Sesch channel 0 request ok
2020-07-28 10:09:46,586 DEBUG - [chan 1] Max packet in: 32768 bytes
2020-07-28 10:09:46,588 DEBUG - [chan 1] Max packet out: 32768 bytes
2020-07-28 10:09:46,588 DEBUG - Secsh channel 1 opened.
2020-07-28 10:09:46,593 DEBUG - [chan 1] Sesch channel 1 request ok
2020-07-28 10:09:57,021 DEBUG - [chan 2] Max packet in: 32768 bytes
2020-07-28 10:09:57,024 DEBUG - [chan 1] EOF received (1)
2020-07-28 10:09:57,024 DEBUG - [chan 1] EOF sent (1)
2020-07-28 10:09:57,025 DEBUG - [chan 2] Max packet out: 32768 bytes
2020-07-28 10:09:57,025 DEBUG - Secsh channel 2 opened.
2020-07-28 10:09:57,070 DEBUG - [chan 2] Sesch channel 2 request ok
2020-07-28 10:09:57,091 DEBUG - [chan 2] EOF received (2)
2020-07-28 10:09:57,091 DEBUG - [chan 2] EOF sent (2)
2020-07-28 10:09:57,092 DEBUG - EOF in transport thread
2020-07-28 10:16:07,447 DEBUG - (yroll.macalino) - Successfully loaded and updated table
