2020-09-25 11:58:53,888 DEBUG - (terrytang) - Successfully loaded and updated table
2020-09-25 12:35:23,248 DEBUG - starting thread (client mode): 0x2bbcaf90L
2020-09-25 12:35:23,248 DEBUG - Local version/idstring: SSH-2.0-paramiko_2.6.0
2020-09-25 12:35:23,271 DEBUG - Remote version/idstring: SSH-2.0-OpenSSH_7.4
2020-09-25 12:35:23,271 INFO - Connected (version 2.0, client OpenSSH_7.4)
2020-09-25 12:35:23,275 DEBUG - kex algos:[u'curve25519-sha256', u'curve25519-sha256@libssh.org', u'ecdh-sha2-nistp256', u'ecdh-sha2-nistp384', u'ecdh-sha2-nistp521', u'diffie-hellman-group-exchange-sha256', u'diffie-hellman-group16-sha512', u'diffie-hellman-group18-sha512', u'diffie-hellman-group-exchange-sha1', u'diffie-hellman-group14-sha256', u'diffie-hellman-group14-sha1', u'diffie-hellman-group1-sha1'] server key:[u'ssh-rsa', u'rsa-sha2-512', u'rsa-sha2-256', u'ecdsa-sha2-nistp256', u'ssh-ed25519'] client encrypt:[u'chacha20-poly1305@openssh.com', u'aes128-ctr', u'aes192-ctr', u'aes256-ctr', u'aes128-gcm@openssh.com', u'aes256-gcm@openssh.com', u'aes128-cbc', u'aes192-cbc', u'aes256-cbc', u'blowfish-cbc', u'cast128-cbc', u'3des-cbc'] server encrypt:[u'chacha20-poly1305@openssh.com', u'aes128-ctr', u'aes192-ctr', u'aes256-ctr', u'aes128-gcm@openssh.com', u'aes256-gcm@openssh.com', u'aes128-cbc', u'aes192-cbc', u'aes256-cbc', u'blowfish-cbc', u'cast128-cbc', u'3des-cbc'] client mac:[u'umac-64-etm@openssh.com', u'umac-128-etm@openssh.com', u'hmac-sha2-256-etm@openssh.com', u'hmac-sha2-512-etm@openssh.com', u'hmac-sha1-etm@openssh.com', u'umac-64@openssh.com', u'umac-128@openssh.com', u'hmac-sha2-256', u'hmac-sha2-512', u'hmac-sha1'] server mac:[u'umac-64-etm@openssh.com', u'umac-128-etm@openssh.com', u'hmac-sha2-256-etm@openssh.com', u'hmac-sha2-512-etm@openssh.com', u'hmac-sha1-etm@openssh.com', u'umac-64@openssh.com', u'umac-128@openssh.com', u'hmac-sha2-256', u'hmac-sha2-512', u'hmac-sha1'] client compress:[u'none', u'zlib@openssh.com'] server compress:[u'none', u'zlib@openssh.com'] client lang:[u''] server lang:[u''] kex follows?False
2020-09-25 12:35:23,276 DEBUG - Kex agreed: curve25519-sha256@libssh.org
2020-09-25 12:35:23,276 DEBUG - HostKey agreed: ssh-ed25519
2020-09-25 12:35:23,276 DEBUG - Cipher agreed: aes128-ctr
2020-09-25 12:35:23,276 DEBUG - MAC agreed: hmac-sha2-256
2020-09-25 12:35:23,276 DEBUG - Compression agreed: none
2020-09-25 12:35:23,287 DEBUG - kex engine KexCurve25519 specified hash_algo <built-in function openssl_sha256>
2020-09-25 12:35:23,288 DEBUG - Switch to new keys ...
2020-09-25 12:35:23,314 DEBUG - Adding ssh-ed25519 host key for [59.188.83.76]:28032: 649bfb2ade50b259183468bcc4a641be
2020-09-25 12:35:23,315 DEBUG - Trying discovered key f1e2a20412f7e99b7abdb041b22f15e1 in /root/.ssh/id_rsa
2020-09-25 12:35:23,328 DEBUG - userauth is OK
2020-09-25 12:35:28,369 INFO - Authentication (publickey) successful!
2020-09-25 12:35:28,371 DEBUG - [chan 0] Max packet in: 32768 bytes
2020-09-25 12:35:28,606 DEBUG - Received global request "hostkeys-00@openssh.com"
2020-09-25 12:35:28,606 DEBUG - Rejecting "hostkeys-00@openssh.com" global request from server.
2020-09-25 12:35:28,606 DEBUG - Debug msg: Adding to environment: NAME=argus
2020-09-25 12:35:28,654 DEBUG - [chan 0] Max packet out: 32768 bytes
2020-09-25 12:35:28,654 DEBUG - Secsh channel 0 opened.
2020-09-25 12:35:28,679 DEBUG - [chan 0] Sesch channel 0 request ok
2020-09-25 12:35:28,683 DEBUG - [chan 0] Sesch channel 0 request ok
2020-09-25 12:35:28,684 DEBUG - [chan 1] Max packet in: 32768 bytes
2020-09-25 12:35:28,686 DEBUG - [chan 1] Max packet out: 32768 bytes
2020-09-25 12:35:28,686 DEBUG - Secsh channel 1 opened.
2020-09-25 12:35:28,693 DEBUG - [chan 1] Sesch channel 1 request ok
2020-09-25 12:35:39,678 DEBUG - [chan 2] Max packet in: 32768 bytes
2020-09-25 12:35:39,680 DEBUG - [chan 1] EOF received (1)
2020-09-25 12:35:39,681 DEBUG - [chan 1] EOF sent (1)
2020-09-25 12:35:39,681 DEBUG - [chan 2] Max packet out: 32768 bytes
2020-09-25 12:35:39,681 DEBUG - Secsh channel 2 opened.
2020-09-25 12:35:39,726 DEBUG - [chan 2] Sesch channel 2 request ok
2020-09-25 12:35:39,748 DEBUG - [chan 2] EOF received (2)
2020-09-25 12:35:39,749 DEBUG - [chan 2] EOF sent (2)
2020-09-25 12:35:39,750 DEBUG - EOF in transport thread
2020-09-25 12:35:58,576 DEBUG - starting thread (client mode): 0x2bedb550L
2020-09-25 12:35:58,576 DEBUG - Local version/idstring: SSH-2.0-paramiko_2.6.0
2020-09-25 12:35:58,594 DEBUG - Remote version/idstring: SSH-2.0-OpenSSH_7.4
2020-09-25 12:35:58,594 INFO - Connected (version 2.0, client OpenSSH_7.4)
2020-09-25 12:35:58,599 DEBUG - kex algos:[u'curve25519-sha256', u'curve25519-sha256@libssh.org', u'ecdh-sha2-nistp256', u'ecdh-sha2-nistp384', u'ecdh-sha2-nistp521', u'diffie-hellman-group-exchange-sha256', u'diffie-hellman-group16-sha512', u'diffie-hellman-group18-sha512', u'diffie-hellman-group-exchange-sha1', u'diffie-hellman-group14-sha256', u'diffie-hellman-group14-sha1', u'diffie-hellman-group1-sha1'] server key:[u'ssh-rsa', u'rsa-sha2-512', u'rsa-sha2-256', u'ecdsa-sha2-nistp256', u'ssh-ed25519'] client encrypt:[u'chacha20-poly1305@openssh.com', u'aes128-ctr', u'aes192-ctr', u'aes256-ctr', u'aes128-gcm@openssh.com', u'aes256-gcm@openssh.com', u'aes128-cbc', u'aes192-cbc', u'aes256-cbc', u'blowfish-cbc', u'cast128-cbc', u'3des-cbc'] server encrypt:[u'chacha20-poly1305@openssh.com', u'aes128-ctr', u'aes192-ctr', u'aes256-ctr', u'aes128-gcm@openssh.com', u'aes256-gcm@openssh.com', u'aes128-cbc', u'aes192-cbc', u'aes256-cbc', u'blowfish-cbc', u'cast128-cbc', u'3des-cbc'] client mac:[u'umac-64-etm@openssh.com', u'umac-128-etm@openssh.com', u'hmac-sha2-256-etm@openssh.com', u'hmac-sha2-512-etm@openssh.com', u'hmac-sha1-etm@openssh.com', u'umac-64@openssh.com', u'umac-128@openssh.com', u'hmac-sha2-256', u'hmac-sha2-512', u'hmac-sha1'] server mac:[u'umac-64-etm@openssh.com', u'umac-128-etm@openssh.com', u'hmac-sha2-256-etm@openssh.com', u'hmac-sha2-512-etm@openssh.com', u'hmac-sha1-etm@openssh.com', u'umac-64@openssh.com', u'umac-128@openssh.com', u'hmac-sha2-256', u'hmac-sha2-512', u'hmac-sha1'] client compress:[u'none', u'zlib@openssh.com'] server compress:[u'none', u'zlib@openssh.com'] client lang:[u''] server lang:[u''] kex follows?False
2020-09-25 12:35:58,599 DEBUG - Kex agreed: curve25519-sha256@libssh.org
2020-09-25 12:35:58,600 DEBUG - HostKey agreed: ssh-ed25519
2020-09-25 12:35:58,600 DEBUG - Cipher agreed: aes128-ctr
2020-09-25 12:35:58,600 DEBUG - MAC agreed: hmac-sha2-256
2020-09-25 12:35:58,600 DEBUG - Compression agreed: none
2020-09-25 12:35:58,610 DEBUG - kex engine KexCurve25519 specified hash_algo <built-in function openssl_sha256>
2020-09-25 12:35:58,611 DEBUG - Switch to new keys ...
2020-09-25 12:35:58,642 DEBUG - Adding ssh-ed25519 host key for [59.188.83.76]:28032: 649bfb2ade50b259183468bcc4a641be
2020-09-25 12:35:58,643 DEBUG - Trying discovered key f1e2a20412f7e99b7abdb041b22f15e1 in /root/.ssh/id_rsa
2020-09-25 12:35:58,651 DEBUG - userauth is OK
2020-09-25 12:36:03,715 INFO - Authentication (publickey) successful!
2020-09-25 12:36:03,724 DEBUG - [chan 0] Max packet in: 32768 bytes
2020-09-25 12:36:03,945 DEBUG - Received global request "hostkeys-00@openssh.com"
2020-09-25 12:36:03,946 DEBUG - Rejecting "hostkeys-00@openssh.com" global request from server.
2020-09-25 12:36:03,946 DEBUG - Debug msg: Adding to environment: NAME=argus
2020-09-25 12:36:03,993 DEBUG - [chan 0] Max packet out: 32768 bytes
2020-09-25 12:36:03,993 DEBUG - Secsh channel 0 opened.
2020-09-25 12:36:04,033 DEBUG - [chan 0] Sesch channel 0 request ok
2020-09-25 12:36:04,038 DEBUG - [chan 0] Sesch channel 0 request ok
2020-09-25 12:36:04,038 DEBUG - [chan 1] Max packet in: 32768 bytes
2020-09-25 12:36:04,041 DEBUG - [chan 1] Max packet out: 32768 bytes
2020-09-25 12:36:04,041 DEBUG - Secsh channel 1 opened.
2020-09-25 12:36:04,048 DEBUG - [chan 1] Sesch channel 1 request ok
2020-09-25 12:36:09,602 DEBUG - [chan 2] Max packet in: 32768 bytes
2020-09-25 12:36:09,604 DEBUG - [chan 1] EOF received (1)
2020-09-25 12:36:09,604 DEBUG - [chan 1] EOF sent (1)
2020-09-25 12:36:09,605 DEBUG - [chan 2] Max packet out: 32768 bytes
2020-09-25 12:36:09,605 DEBUG - Secsh channel 2 opened.
2020-09-25 12:36:09,649 DEBUG - [chan 2] Sesch channel 2 request ok
2020-09-25 12:36:09,675 DEBUG - [chan 2] EOF received (2)
2020-09-25 12:36:09,675 DEBUG - [chan 2] EOF sent (2)
2020-09-25 12:36:09,676 DEBUG - EOF in transport thread
2020-09-25 12:36:27,285 DEBUG - starting thread (client mode): 0x2bcceb10L
2020-09-25 12:36:27,285 DEBUG - Local version/idstring: SSH-2.0-paramiko_2.6.0
2020-09-25 12:36:27,302 DEBUG - Remote version/idstring: SSH-2.0-OpenSSH_7.4
2020-09-25 12:36:27,303 INFO - Connected (version 2.0, client OpenSSH_7.4)
2020-09-25 12:36:27,307 DEBUG - kex algos:[u'curve25519-sha256', u'curve25519-sha256@libssh.org', u'ecdh-sha2-nistp256', u'ecdh-sha2-nistp384', u'ecdh-sha2-nistp521', u'diffie-hellman-group-exchange-sha256', u'diffie-hellman-group16-sha512', u'diffie-hellman-group18-sha512', u'diffie-hellman-group-exchange-sha1', u'diffie-hellman-group14-sha256', u'diffie-hellman-group14-sha1', u'diffie-hellman-group1-sha1'] server key:[u'ssh-rsa', u'rsa-sha2-512', u'rsa-sha2-256', u'ecdsa-sha2-nistp256', u'ssh-ed25519'] client encrypt:[u'chacha20-poly1305@openssh.com', u'aes128-ctr', u'aes192-ctr', u'aes256-ctr', u'aes128-gcm@openssh.com', u'aes256-gcm@openssh.com', u'aes128-cbc', u'aes192-cbc', u'aes256-cbc', u'blowfish-cbc', u'cast128-cbc', u'3des-cbc'] server encrypt:[u'chacha20-poly1305@openssh.com', u'aes128-ctr', u'aes192-ctr', u'aes256-ctr', u'aes128-gcm@openssh.com', u'aes256-gcm@openssh.com', u'aes128-cbc', u'aes192-cbc', u'aes256-cbc', u'blowfish-cbc', u'cast128-cbc', u'3des-cbc'] client mac:[u'umac-64-etm@openssh.com', u'umac-128-etm@openssh.com', u'hmac-sha2-256-etm@openssh.com', u'hmac-sha2-512-etm@openssh.com', u'hmac-sha1-etm@openssh.com', u'umac-64@openssh.com', u'umac-128@openssh.com', u'hmac-sha2-256', u'hmac-sha2-512', u'hmac-sha1'] server mac:[u'umac-64-etm@openssh.com', u'umac-128-etm@openssh.com', u'hmac-sha2-256-etm@openssh.com', u'hmac-sha2-512-etm@openssh.com', u'hmac-sha1-etm@openssh.com', u'umac-64@openssh.com', u'umac-128@openssh.com', u'hmac-sha2-256', u'hmac-sha2-512', u'hmac-sha1'] client compress:[u'none', u'zlib@openssh.com'] server compress:[u'none', u'zlib@openssh.com'] client lang:[u''] server lang:[u''] kex follows?False
2020-09-25 12:36:27,308 DEBUG - Kex agreed: curve25519-sha256@libssh.org
2020-09-25 12:36:27,308 DEBUG - HostKey agreed: ssh-ed25519
2020-09-25 12:36:27,308 DEBUG - Cipher agreed: aes128-ctr
2020-09-25 12:36:27,308 DEBUG - MAC agreed: hmac-sha2-256
2020-09-25 12:36:27,308 DEBUG - Compression agreed: none
2020-09-25 12:36:27,319 DEBUG - kex engine KexCurve25519 specified hash_algo <built-in function openssl_sha256>
2020-09-25 12:36:27,320 DEBUG - Switch to new keys ...
2020-09-25 12:36:27,322 DEBUG - Adding ssh-ed25519 host key for [59.188.83.76]:28032: 649bfb2ade50b259183468bcc4a641be
2020-09-25 12:36:27,323 DEBUG - Trying discovered key f1e2a20412f7e99b7abdb041b22f15e1 in /root/.ssh/id_rsa
2020-09-25 12:36:27,360 DEBUG - userauth is OK
2020-09-25 12:36:32,398 INFO - Authentication (publickey) successful!
2020-09-25 12:36:32,406 DEBUG - [chan 0] Max packet in: 32768 bytes
2020-09-25 12:36:32,622 DEBUG - Received global request "hostkeys-00@openssh.com"
2020-09-25 12:36:32,622 DEBUG - Rejecting "hostkeys-00@openssh.com" global request from server.
2020-09-25 12:36:32,622 DEBUG - Debug msg: Adding to environment: NAME=argus
2020-09-25 12:36:32,661 DEBUG - [chan 0] Max packet out: 32768 bytes
2020-09-25 12:36:32,662 DEBUG - Secsh channel 0 opened.
2020-09-25 12:36:32,680 DEBUG - [chan 0] Sesch channel 0 request ok
2020-09-25 12:36:32,685 DEBUG - [chan 0] Sesch channel 0 request ok
2020-09-25 12:36:32,686 DEBUG - [chan 1] Max packet in: 32768 bytes
2020-09-25 12:36:32,688 DEBUG - [chan 1] Max packet out: 32768 bytes
2020-09-25 12:36:32,688 DEBUG - Secsh channel 1 opened.
2020-09-25 12:36:32,696 DEBUG - [chan 1] Sesch channel 1 request ok
2020-09-25 12:36:38,214 DEBUG - [chan 2] Max packet in: 32768 bytes
2020-09-25 12:36:38,215 DEBUG - [chan 1] EOF received (1)
2020-09-25 12:36:38,216 DEBUG - [chan 1] EOF sent (1)
2020-09-25 12:36:38,216 DEBUG - [chan 2] Max packet out: 32768 bytes
2020-09-25 12:36:38,216 DEBUG - Secsh channel 2 opened.
2020-09-25 12:36:38,262 DEBUG - [chan 2] Sesch channel 2 request ok
2020-09-25 12:36:38,286 DEBUG - [chan 2] EOF received (2)
2020-09-25 12:36:38,287 DEBUG - [chan 2] EOF sent (2)
2020-09-25 12:36:38,288 DEBUG - EOF in transport thread
2020-09-25 15:37:05,100 ERROR - Internal Server Error: /esync/acc-midpay_nginx/generate/
Traceback (most recent call last):
  File "/app/argus_final/venv/lib/python2.7/site-packages/django/core/handlers/exception.py", line 41, in inner
    response = get_response(request)
  File "/app/argus_final/venv/lib/python2.7/site-packages/django/core/handlers/base.py", line 187, in _get_response
    response = self.process_exception_by_middleware(e, request)
  File "/app/argus_final/venv/lib/python2.7/site-packages/django/core/handlers/base.py", line 185, in _get_response
    response = wrapped_callback(request, *callback_args, **callback_kwargs)
  File "/app/argus_final/venv/lib/python2.7/site-packages/django/contrib/auth/decorators.py", line 23, in _wrapped_view
    return view_func(request, *args, **kwargs)
  File "/app/argus_final/venv/lib/python2.7/site-packages/django/views/generic/base.py", line 68, in view
    return self.dispatch(request, *args, **kwargs)
  File "/app/argus_final/venv/lib/python2.7/site-packages/django/utils/decorators.py", line 67, in _wrapper
    return bound_func(*args, **kwargs)
  File "/app/argus_final/venv/lib/python2.7/site-packages/django/views/decorators/csrf.py", line 58, in wrapped_view
    return view_func(*args, **kwargs)
  File "/app/argus_final/venv/lib/python2.7/site-packages/django/utils/decorators.py", line 63, in bound_func
    return func.__get__(self, type(self))(*args2, **kwargs2)
  File "/app/argus_final/app/argus/argus/mixins.py", line 14, in dispatch
    return super(GENERIC_PERMISSION_MIXIN, self).dispatch(request, *args, **kwargs)
  File "/app/argus_final/venv/lib/python2.7/site-packages/django/views/generic/base.py", line 88, in dispatch
    return handler(request, *args, **kwargs)
  File "/app/argus_final/app/argus/esync/views.py", line 287, in post
    nonstandard_esync_log(hostgroup, request.user.username, [result[1]],activity_type='CREATE')
  File "/app/argus_final/app/argus/esync/lib/esync_logger.py", line 20, in nonstandard_esync_log
    f.write(i)
UnicodeEncodeError: 'ascii' codec can't encode characters in position 207-208: ordinal not in range(128)
2020-09-25 15:39:25,293 ERROR - Internal Server Error: /esync/acc-midpay_nginx/generate/
Traceback (most recent call last):
  File "/app/argus_final/venv/lib/python2.7/site-packages/django/core/handlers/exception.py", line 41, in inner
    response = get_response(request)
  File "/app/argus_final/venv/lib/python2.7/site-packages/django/core/handlers/base.py", line 187, in _get_response
    response = self.process_exception_by_middleware(e, request)
  File "/app/argus_final/venv/lib/python2.7/site-packages/django/core/handlers/base.py", line 185, in _get_response
    response = wrapped_callback(request, *callback_args, **callback_kwargs)
  File "/app/argus_final/venv/lib/python2.7/site-packages/django/contrib/auth/decorators.py", line 23, in _wrapped_view
    return view_func(request, *args, **kwargs)
  File "/app/argus_final/venv/lib/python2.7/site-packages/django/views/generic/base.py", line 68, in view
    return self.dispatch(request, *args, **kwargs)
  File "/app/argus_final/venv/lib/python2.7/site-packages/django/utils/decorators.py", line 67, in _wrapper
    return bound_func(*args, **kwargs)
  File "/app/argus_final/venv/lib/python2.7/site-packages/django/views/decorators/csrf.py", line 58, in wrapped_view
    return view_func(*args, **kwargs)
  File "/app/argus_final/venv/lib/python2.7/site-packages/django/utils/decorators.py", line 63, in bound_func
    return func.__get__(self, type(self))(*args2, **kwargs2)
  File "/app/argus_final/app/argus/argus/mixins.py", line 14, in dispatch
    return super(GENERIC_PERMISSION_MIXIN, self).dispatch(request, *args, **kwargs)
  File "/app/argus_final/venv/lib/python2.7/site-packages/django/views/generic/base.py", line 88, in dispatch
    return handler(request, *args, **kwargs)
  File "/app/argus_final/app/argus/esync/views.py", line 287, in post
    nonstandard_esync_log(hostgroup, request.user.username, [result[1]],activity_type='CREATE')
  File "/app/argus_final/app/argus/esync/lib/esync_logger.py", line 20, in nonstandard_esync_log
    f.write(i)
UnicodeEncodeError: 'ascii' codec can't encode characters in position 207-208: ordinal not in range(128)
2020-09-25 16:38:14,331 DEBUG - starting thread (client mode): 0x30a5c190L
2020-09-25 16:38:14,331 DEBUG - Local version/idstring: SSH-2.0-paramiko_2.6.0
2020-09-25 16:38:14,346 DEBUG - Remote version/idstring: SSH-2.0-OpenSSH_7.4
2020-09-25 16:38:14,346 INFO - Connected (version 2.0, client OpenSSH_7.4)
2020-09-25 16:38:14,355 DEBUG - kex algos:[u'curve25519-sha256', u'curve25519-sha256@libssh.org', u'ecdh-sha2-nistp256', u'ecdh-sha2-nistp384', u'ecdh-sha2-nistp521', u'diffie-hellman-group-exchange-sha256', u'diffie-hellman-group16-sha512', u'diffie-hellman-group18-sha512', u'diffie-hellman-group-exchange-sha1', u'diffie-hellman-group14-sha256', u'diffie-hellman-group14-sha1', u'diffie-hellman-group1-sha1'] server key:[u'ssh-rsa', u'rsa-sha2-512', u'rsa-sha2-256', u'ecdsa-sha2-nistp256', u'ssh-ed25519'] client encrypt:[u'chacha20-poly1305@openssh.com', u'aes128-ctr', u'aes192-ctr', u'aes256-ctr', u'aes128-gcm@openssh.com', u'aes256-gcm@openssh.com', u'aes128-cbc', u'aes192-cbc', u'aes256-cbc', u'blowfish-cbc', u'cast128-cbc', u'3des-cbc'] server encrypt:[u'chacha20-poly1305@openssh.com', u'aes128-ctr', u'aes192-ctr', u'aes256-ctr', u'aes128-gcm@openssh.com', u'aes256-gcm@openssh.com', u'aes128-cbc', u'aes192-cbc', u'aes256-cbc', u'blowfish-cbc', u'cast128-cbc', u'3des-cbc'] client mac:[u'umac-64-etm@openssh.com', u'umac-128-etm@openssh.com', u'hmac-sha2-256-etm@openssh.com', u'hmac-sha2-512-etm@openssh.com', u'hmac-sha1-etm@openssh.com', u'umac-64@openssh.com', u'umac-128@openssh.com', u'hmac-sha2-256', u'hmac-sha2-512', u'hmac-sha1'] server mac:[u'umac-64-etm@openssh.com', u'umac-128-etm@openssh.com', u'hmac-sha2-256-etm@openssh.com', u'hmac-sha2-512-etm@openssh.com', u'hmac-sha1-etm@openssh.com', u'umac-64@openssh.com', u'umac-128@openssh.com', u'hmac-sha2-256', u'hmac-sha2-512', u'hmac-sha1'] client compress:[u'none', u'zlib@openssh.com'] server compress:[u'none', u'zlib@openssh.com'] client lang:[u''] server lang:[u''] kex follows?False
2020-09-25 16:38:14,355 DEBUG - Kex agreed: curve25519-sha256@libssh.org
2020-09-25 16:38:14,356 DEBUG - HostKey agreed: ssh-ed25519
2020-09-25 16:38:14,356 DEBUG - Cipher agreed: aes128-ctr
2020-09-25 16:38:14,356 DEBUG - MAC agreed: hmac-sha2-256
2020-09-25 16:38:14,356 DEBUG - Compression agreed: none
2020-09-25 16:38:14,413 DEBUG - kex engine KexCurve25519 specified hash_algo <built-in function openssl_sha256>
2020-09-25 16:38:14,414 DEBUG - Switch to new keys ...
2020-09-25 16:38:14,432 DEBUG - Adding ssh-ed25519 host key for [14.18.94.139]:28032: 221645bba7db1ffa9b6eca2b9bd17b2b
2020-09-25 16:38:14,433 DEBUG - Trying discovered key f1e2a20412f7e99b7abdb041b22f15e1 in /root/.ssh/id_rsa
2020-09-25 16:38:14,470 DEBUG - userauth is OK
2020-09-25 16:38:19,519 INFO - Authentication (publickey) successful!
2020-09-25 16:38:19,544 DEBUG - [chan 0] Max packet in: 32768 bytes
2020-09-25 16:38:19,553 DEBUG - Received global request "hostkeys-00@openssh.com"
2020-09-25 16:38:19,553 DEBUG - Rejecting "hostkeys-00@openssh.com" global request from server.
2020-09-25 16:38:19,554 DEBUG - Debug msg: Adding to environment: NAME=argus
2020-09-25 16:38:19,601 DEBUG - [chan 0] Max packet out: 32768 bytes
2020-09-25 16:38:19,601 DEBUG - Secsh channel 0 opened.
2020-09-25 16:38:19,620 DEBUG - [chan 0] Sesch channel 0 request ok
2020-09-25 16:38:19,630 DEBUG - [chan 0] Sesch channel 0 request ok
2020-09-25 16:38:19,631 DEBUG - [chan 1] Max packet in: 32768 bytes
2020-09-25 16:38:19,640 DEBUG - [chan 1] Max packet out: 32768 bytes
2020-09-25 16:38:19,640 DEBUG - Secsh channel 1 opened.
2020-09-25 16:38:19,658 DEBUG - [chan 1] Sesch channel 1 request ok
2020-09-25 16:38:19,672 DEBUG - [chan 1] EOF received (1)
2020-09-25 16:38:19,673 DEBUG - [chan 1] EOF sent (1)
2020-09-25 16:38:19,674 DEBUG - EOF in transport thread
2020-09-25 16:38:19,700 DEBUG - starting thread (client mode): 0x30994cd0L
2020-09-25 16:38:19,701 DEBUG - Local version/idstring: SSH-2.0-paramiko_2.6.0
2020-09-25 16:38:19,716 DEBUG - Remote version/idstring: SSH-2.0-OpenSSH_7.4
2020-09-25 16:38:19,717 INFO - Connected (version 2.0, client OpenSSH_7.4)
2020-09-25 16:38:19,728 DEBUG - kex algos:[u'curve25519-sha256', u'curve25519-sha256@libssh.org', u'ecdh-sha2-nistp256', u'ecdh-sha2-nistp384', u'ecdh-sha2-nistp521', u'diffie-hellman-group-exchange-sha256', u'diffie-hellman-group16-sha512', u'diffie-hellman-group18-sha512', u'diffie-hellman-group-exchange-sha1', u'diffie-hellman-group14-sha256', u'diffie-hellman-group14-sha1', u'diffie-hellman-group1-sha1'] server key:[u'ssh-rsa', u'rsa-sha2-512', u'rsa-sha2-256', u'ecdsa-sha2-nistp256', u'ssh-ed25519'] client encrypt:[u'chacha20-poly1305@openssh.com', u'aes128-ctr', u'aes192-ctr', u'aes256-ctr', u'aes128-gcm@openssh.com', u'aes256-gcm@openssh.com', u'aes128-cbc', u'aes192-cbc', u'aes256-cbc', u'blowfish-cbc', u'cast128-cbc', u'3des-cbc'] server encrypt:[u'chacha20-poly1305@openssh.com', u'aes128-ctr', u'aes192-ctr', u'aes256-ctr', u'aes128-gcm@openssh.com', u'aes256-gcm@openssh.com', u'aes128-cbc', u'aes192-cbc', u'aes256-cbc', u'blowfish-cbc', u'cast128-cbc', u'3des-cbc'] client mac:[u'umac-64-etm@openssh.com', u'umac-128-etm@openssh.com', u'hmac-sha2-256-etm@openssh.com', u'hmac-sha2-512-etm@openssh.com', u'hmac-sha1-etm@openssh.com', u'umac-64@openssh.com', u'umac-128@openssh.com', u'hmac-sha2-256', u'hmac-sha2-512', u'hmac-sha1'] server mac:[u'umac-64-etm@openssh.com', u'umac-128-etm@openssh.com', u'hmac-sha2-256-etm@openssh.com', u'hmac-sha2-512-etm@openssh.com', u'hmac-sha1-etm@openssh.com', u'umac-64@openssh.com', u'umac-128@openssh.com', u'hmac-sha2-256', u'hmac-sha2-512', u'hmac-sha1'] client compress:[u'none', u'zlib@openssh.com'] server compress:[u'none', u'zlib@openssh.com'] client lang:[u''] server lang:[u''] kex follows?False
2020-09-25 16:38:19,728 DEBUG - Kex agreed: curve25519-sha256@libssh.org
2020-09-25 16:38:19,728 DEBUG - HostKey agreed: ssh-ed25519
2020-09-25 16:38:19,728 DEBUG - Cipher agreed: aes128-ctr
2020-09-25 16:38:19,729 DEBUG - MAC agreed: hmac-sha2-256
2020-09-25 16:38:19,729 DEBUG - Compression agreed: none
2020-09-25 16:38:19,785 DEBUG - kex engine KexCurve25519 specified hash_algo <built-in function openssl_sha256>
2020-09-25 16:38:19,785 DEBUG - Switch to new keys ...
2020-09-25 16:38:19,801 DEBUG - Adding ssh-ed25519 host key for [14.18.94.139]:28032: 221645bba7db1ffa9b6eca2b9bd17b2b
2020-09-25 16:38:19,802 DEBUG - Trying discovered key f1e2a20412f7e99b7abdb041b22f15e1 in /root/.ssh/id_rsa
2020-09-25 16:38:19,844 DEBUG - userauth is OK
2020-09-25 16:38:24,918 INFO - Authentication (publickey) successful!
2020-09-25 16:38:24,921 DEBUG - [chan 0] Max packet in: 32768 bytes
2020-09-25 16:38:24,931 DEBUG - Received global request "hostkeys-00@openssh.com"
2020-09-25 16:38:24,931 DEBUG - Rejecting "hostkeys-00@openssh.com" global request from server.
2020-09-25 16:38:24,932 DEBUG - Debug msg: Adding to environment: NAME=argus
2020-09-25 16:38:24,980 DEBUG - [chan 0] Max packet out: 32768 bytes
2020-09-25 16:38:24,981 DEBUG - Secsh channel 0 opened.
2020-09-25 16:38:25,010 DEBUG - [chan 0] Sesch channel 0 request ok
2020-09-25 16:38:25,021 DEBUG - [chan 0] Sesch channel 0 request ok
2020-09-25 16:38:25,022 DEBUG - [chan 1] Max packet in: 32768 bytes
2020-09-25 16:38:25,032 DEBUG - [chan 1] Max packet out: 32768 bytes
2020-09-25 16:38:25,032 DEBUG - Secsh channel 1 opened.
2020-09-25 16:38:25,051 DEBUG - [chan 1] Sesch channel 1 request ok
2020-09-25 16:38:25,065 DEBUG - [chan 1] EOF received (1)
2020-09-25 16:38:25,065 DEBUG - [chan 1] EOF sent (1)
2020-09-25 16:38:25,066 DEBUG - [chan 2] Max packet in: 32768 bytes
2020-09-25 16:38:25,105 DEBUG - [chan 2] Max packet out: 32768 bytes
2020-09-25 16:38:25,105 DEBUG - Secsh channel 2 opened.
2020-09-25 16:38:25,144 DEBUG - [chan 2] Sesch channel 2 request ok
2020-09-25 16:38:25,156 DEBUG - [chan 2] EOF received (2)
2020-09-25 16:38:25,156 DEBUG - [chan 2] EOF sent (2)
2020-09-25 16:38:25,157 DEBUG - [chan 3] Max packet in: 32768 bytes
2020-09-25 16:38:25,215 DEBUG - [chan 3] Max packet out: 32768 bytes
2020-09-25 16:38:25,216 DEBUG - Secsh channel 3 opened.
2020-09-25 16:38:25,234 DEBUG - [chan 3] Sesch channel 3 request ok
2020-09-25 16:38:25,246 DEBUG - [chan 3] EOF received (3)
2020-09-25 16:38:25,246 DEBUG - [chan 3] EOF sent (3)
2020-09-25 16:38:25,248 DEBUG - EOF in transport thread
2020-09-25 16:38:25,298 DEBUG - starting thread (client mode): 0x30030310L
2020-09-25 16:38:25,299 DEBUG - Local version/idstring: SSH-2.0-paramiko_2.6.0
2020-09-25 16:38:25,316 DEBUG - Remote version/idstring: SSH-2.0-OpenSSH_7.4
2020-09-25 16:38:25,316 INFO - Connected (version 2.0, client OpenSSH_7.4)
2020-09-25 16:38:25,341 DEBUG - kex algos:[u'curve25519-sha256', u'curve25519-sha256@libssh.org', u'ecdh-sha2-nistp256', u'ecdh-sha2-nistp384', u'ecdh-sha2-nistp521', u'diffie-hellman-group-exchange-sha256', u'diffie-hellman-group16-sha512', u'diffie-hellman-group18-sha512', u'diffie-hellman-group-exchange-sha1', u'diffie-hellman-group14-sha256', u'diffie-hellman-group14-sha1', u'diffie-hellman-group1-sha1'] server key:[u'ssh-rsa', u'rsa-sha2-512', u'rsa-sha2-256', u'ecdsa-sha2-nistp256', u'ssh-ed25519'] client encrypt:[u'chacha20-poly1305@openssh.com', u'aes128-ctr', u'aes192-ctr', u'aes256-ctr', u'aes128-gcm@openssh.com', u'aes256-gcm@openssh.com', u'aes128-cbc', u'aes192-cbc', u'aes256-cbc', u'blowfish-cbc', u'cast128-cbc', u'3des-cbc'] server encrypt:[u'chacha20-poly1305@openssh.com', u'aes128-ctr', u'aes192-ctr', u'aes256-ctr', u'aes128-gcm@openssh.com', u'aes256-gcm@openssh.com', u'aes128-cbc', u'aes192-cbc', u'aes256-cbc', u'blowfish-cbc', u'cast128-cbc', u'3des-cbc'] client mac:[u'umac-64-etm@openssh.com', u'umac-128-etm@openssh.com', u'hmac-sha2-256-etm@openssh.com', u'hmac-sha2-512-etm@openssh.com', u'hmac-sha1-etm@openssh.com', u'umac-64@openssh.com', u'umac-128@openssh.com', u'hmac-sha2-256', u'hmac-sha2-512', u'hmac-sha1'] server mac:[u'umac-64-etm@openssh.com', u'umac-128-etm@openssh.com', u'hmac-sha2-256-etm@openssh.com', u'hmac-sha2-512-etm@openssh.com', u'hmac-sha1-etm@openssh.com', u'umac-64@openssh.com', u'umac-128@openssh.com', u'hmac-sha2-256', u'hmac-sha2-512', u'hmac-sha1'] client compress:[u'none', u'zlib@openssh.com'] server compress:[u'none', u'zlib@openssh.com'] client lang:[u''] server lang:[u''] kex follows?False
2020-09-25 16:38:25,341 DEBUG - Kex agreed: curve25519-sha256@libssh.org
2020-09-25 16:38:25,341 DEBUG - HostKey agreed: ssh-ed25519
2020-09-25 16:38:25,342 DEBUG - Cipher agreed: aes128-ctr
2020-09-25 16:38:25,342 DEBUG - MAC agreed: hmac-sha2-256
2020-09-25 16:38:25,342 DEBUG - Compression agreed: none
2020-09-25 16:38:25,382 DEBUG - kex engine KexCurve25519 specified hash_algo <built-in function openssl_sha256>
2020-09-25 16:38:25,382 DEBUG - Switch to new keys ...
2020-09-25 16:38:25,400 DEBUG - Adding ssh-ed25519 host key for [14.215.46.38]:28032: 221645bba7db1ffa9b6eca2b9bd17b2b
2020-09-25 16:38:25,401 DEBUG - Trying discovered key f1e2a20412f7e99b7abdb041b22f15e1 in /root/.ssh/id_rsa
2020-09-25 16:38:25,438 DEBUG - userauth is OK
2020-09-25 16:38:33,495 INFO - Authentication (publickey) successful!
2020-09-25 16:38:33,504 DEBUG - [chan 0] Max packet in: 32768 bytes
2020-09-25 16:38:33,514 DEBUG - Received global request "hostkeys-00@openssh.com"
2020-09-25 16:38:33,514 DEBUG - Rejecting "hostkeys-00@openssh.com" global request from server.
2020-09-25 16:38:33,515 DEBUG - Debug msg: Adding to environment: NAME=argus
2020-09-25 16:38:33,562 DEBUG - [chan 0] Max packet out: 32768 bytes
2020-09-25 16:38:33,563 DEBUG - Secsh channel 0 opened.
2020-09-25 16:38:33,581 DEBUG - [chan 0] Sesch channel 0 request ok
2020-09-25 16:38:33,592 DEBUG - [chan 0] Sesch channel 0 request ok
2020-09-25 16:38:33,592 DEBUG - [chan 1] Max packet in: 32768 bytes
2020-09-25 16:38:33,601 DEBUG - [chan 1] Max packet out: 32768 bytes
2020-09-25 16:38:33,602 DEBUG - Secsh channel 1 opened.
2020-09-25 16:38:33,620 DEBUG - [chan 1] Sesch channel 1 request ok
2020-09-25 16:38:33,633 DEBUG - [chan 1] EOF received (1)
2020-09-25 16:38:33,634 DEBUG - [chan 1] EOF sent (1)
2020-09-25 16:38:33,635 DEBUG - EOF in transport thread
2020-09-25 16:38:33,661 DEBUG - starting thread (client mode): 0x2be96250L
2020-09-25 16:38:33,661 DEBUG - Local version/idstring: SSH-2.0-paramiko_2.6.0
2020-09-25 16:38:33,676 DEBUG - Remote version/idstring: SSH-2.0-OpenSSH_7.4
2020-09-25 16:38:33,676 INFO - Connected (version 2.0, client OpenSSH_7.4)
2020-09-25 16:38:33,687 DEBUG - kex algos:[u'curve25519-sha256', u'curve25519-sha256@libssh.org', u'ecdh-sha2-nistp256', u'ecdh-sha2-nistp384', u'ecdh-sha2-nistp521', u'diffie-hellman-group-exchange-sha256', u'diffie-hellman-group16-sha512', u'diffie-hellman-group18-sha512', u'diffie-hellman-group-exchange-sha1', u'diffie-hellman-group14-sha256', u'diffie-hellman-group14-sha1', u'diffie-hellman-group1-sha1'] server key:[u'ssh-rsa', u'rsa-sha2-512', u'rsa-sha2-256', u'ecdsa-sha2-nistp256', u'ssh-ed25519'] client encrypt:[u'chacha20-poly1305@openssh.com', u'aes128-ctr', u'aes192-ctr', u'aes256-ctr', u'aes128-gcm@openssh.com', u'aes256-gcm@openssh.com', u'aes128-cbc', u'aes192-cbc', u'aes256-cbc', u'blowfish-cbc', u'cast128-cbc', u'3des-cbc'] server encrypt:[u'chacha20-poly1305@openssh.com', u'aes128-ctr', u'aes192-ctr', u'aes256-ctr', u'aes128-gcm@openssh.com', u'aes256-gcm@openssh.com', u'aes128-cbc', u'aes192-cbc', u'aes256-cbc', u'blowfish-cbc', u'cast128-cbc', u'3des-cbc'] client mac:[u'umac-64-etm@openssh.com', u'umac-128-etm@openssh.com', u'hmac-sha2-256-etm@openssh.com', u'hmac-sha2-512-etm@openssh.com', u'hmac-sha1-etm@openssh.com', u'umac-64@openssh.com', u'umac-128@openssh.com', u'hmac-sha2-256', u'hmac-sha2-512', u'hmac-sha1'] server mac:[u'umac-64-etm@openssh.com', u'umac-128-etm@openssh.com', u'hmac-sha2-256-etm@openssh.com', u'hmac-sha2-512-etm@openssh.com', u'hmac-sha1-etm@openssh.com', u'umac-64@openssh.com', u'umac-128@openssh.com', u'hmac-sha2-256', u'hmac-sha2-512', u'hmac-sha1'] client compress:[u'none', u'zlib@openssh.com'] server compress:[u'none', u'zlib@openssh.com'] client lang:[u''] server lang:[u''] kex follows?False
2020-09-25 16:38:33,687 DEBUG - Kex agreed: curve25519-sha256@libssh.org
2020-09-25 16:38:33,687 DEBUG - HostKey agreed: ssh-ed25519
2020-09-25 16:38:33,687 DEBUG - Cipher agreed: aes128-ctr
2020-09-25 16:38:33,687 DEBUG - MAC agreed: hmac-sha2-256
2020-09-25 16:38:33,687 DEBUG - Compression agreed: none
2020-09-25 16:38:33,744 DEBUG - kex engine KexCurve25519 specified hash_algo <built-in function openssl_sha256>
2020-09-25 16:38:33,744 DEBUG - Switch to new keys ...
2020-09-25 16:38:33,762 DEBUG - Adding ssh-ed25519 host key for [14.215.46.38]:28032: 221645bba7db1ffa9b6eca2b9bd17b2b
2020-09-25 16:38:33,763 DEBUG - Trying discovered key f1e2a20412f7e99b7abdb041b22f15e1 in /root/.ssh/id_rsa
2020-09-25 16:38:33,803 DEBUG - userauth is OK
2020-09-25 16:38:41,855 INFO - Authentication (publickey) successful!
2020-09-25 16:38:41,871 DEBUG - [chan 0] Max packet in: 32768 bytes
2020-09-25 16:38:41,881 DEBUG - Received global request "hostkeys-00@openssh.com"
2020-09-25 16:38:41,881 DEBUG - Rejecting "hostkeys-00@openssh.com" global request from server.
2020-09-25 16:38:41,881 DEBUG - Debug msg: Adding to environment: NAME=argus
2020-09-25 16:38:41,928 DEBUG - [chan 0] Max packet out: 32768 bytes
2020-09-25 16:38:41,929 DEBUG - Secsh channel 0 opened.
2020-09-25 16:38:41,946 DEBUG - [chan 0] Sesch channel 0 request ok
2020-09-25 16:38:41,958 DEBUG - [chan 0] Sesch channel 0 request ok
2020-09-25 16:38:41,959 DEBUG - [chan 1] Max packet in: 32768 bytes
2020-09-25 16:38:41,969 DEBUG - [chan 1] Max packet out: 32768 bytes
2020-09-25 16:38:41,969 DEBUG - Secsh channel 1 opened.
2020-09-25 16:38:41,987 DEBUG - [chan 1] Sesch channel 1 request ok
2020-09-25 16:38:42,004 DEBUG - [chan 1] EOF received (1)
2020-09-25 16:38:42,005 DEBUG - [chan 1] EOF sent (1)
2020-09-25 16:38:42,006 DEBUG - [chan 2] Max packet in: 32768 bytes
2020-09-25 16:38:42,040 DEBUG - [chan 2] Max packet out: 32768 bytes
2020-09-25 16:38:42,041 DEBUG - Secsh channel 2 opened.
2020-09-25 16:38:42,083 DEBUG - [chan 2] Sesch channel 2 request ok
2020-09-25 16:38:42,095 DEBUG - [chan 2] EOF received (2)
2020-09-25 16:38:42,096 DEBUG - [chan 2] EOF sent (2)
2020-09-25 16:38:42,097 DEBUG - [chan 3] Max packet in: 32768 bytes
2020-09-25 16:38:42,154 DEBUG - [chan 3] Max packet out: 32768 bytes
2020-09-25 16:38:42,154 DEBUG - Secsh channel 3 opened.
2020-09-25 16:38:42,181 DEBUG - [chan 3] Sesch channel 3 request ok
2020-09-25 16:38:42,193 DEBUG - [chan 3] EOF received (3)
2020-09-25 16:38:42,194 DEBUG - [chan 3] EOF sent (3)
2020-09-25 16:38:42,195 DEBUG - EOF in transport thread
2020-09-25 17:03:57,039 ERROR - Internal Server Error: /esync/acc-midpay_nginx/generate/
Traceback (most recent call last):
  File "/app/argus_final/venv/lib/python2.7/site-packages/django/core/handlers/exception.py", line 41, in inner
    response = get_response(request)
  File "/app/argus_final/venv/lib/python2.7/site-packages/django/core/handlers/base.py", line 187, in _get_response
    response = self.process_exception_by_middleware(e, request)
  File "/app/argus_final/venv/lib/python2.7/site-packages/django/core/handlers/base.py", line 185, in _get_response
    response = wrapped_callback(request, *callback_args, **callback_kwargs)
  File "/app/argus_final/venv/lib/python2.7/site-packages/django/contrib/auth/decorators.py", line 23, in _wrapped_view
    return view_func(request, *args, **kwargs)
  File "/app/argus_final/venv/lib/python2.7/site-packages/django/views/generic/base.py", line 68, in view
    return self.dispatch(request, *args, **kwargs)
  File "/app/argus_final/venv/lib/python2.7/site-packages/django/utils/decorators.py", line 67, in _wrapper
    return bound_func(*args, **kwargs)
  File "/app/argus_final/venv/lib/python2.7/site-packages/django/views/decorators/csrf.py", line 58, in wrapped_view
    return view_func(*args, **kwargs)
  File "/app/argus_final/venv/lib/python2.7/site-packages/django/utils/decorators.py", line 63, in bound_func
    return func.__get__(self, type(self))(*args2, **kwargs2)
  File "/app/argus_final/app/argus/argus/mixins.py", line 14, in dispatch
    return super(GENERIC_PERMISSION_MIXIN, self).dispatch(request, *args, **kwargs)
  File "/app/argus_final/venv/lib/python2.7/site-packages/django/views/generic/base.py", line 88, in dispatch
    return handler(request, *args, **kwargs)
  File "/app/argus_final/app/argus/esync/views.py", line 287, in post
    nonstandard_esync_log(hostgroup, request.user.username, [result[1]],activity_type='CREATE')
  File "/app/argus_final/app/argus/esync/lib/esync_logger.py", line 20, in nonstandard_esync_log
    f.write(i)
UnicodeEncodeError: 'ascii' codec can't encode characters in position 201-202: ordinal not in range(128)
