2020-06-22 09:56:09,209 DEBUG - (carl.dasig) - Successfully loaded and updated table
2020-06-22 11:08:53,775 DEBUG - (carl.dasig) - Successfully loaded and updated table
2020-06-22 12:01:50,153 DEBUG - (carl.dasig) - Successfully loaded and updated table
2020-06-22 12:06:56,799 DEBUG - (carl.dasig) - Successfully loaded and updated table
2020-06-22 13:00:39,989 DEBUG - starting thread (client mode): 0x38c6eb10L
2020-06-22 13:00:39,989 DEBUG - Local version/idstring: SSH-2.0-paramiko_2.6.0
2020-06-22 13:00:40,135 DEBUG - Remote version/idstring: SSH-2.0-OpenSSH_5.3
2020-06-22 13:00:40,135 INFO - Connected (version 2.0, client OpenSSH_5.3)
2020-06-22 13:00:40,143 DEBUG - kex algos:[u'diffie-hellman-group-exchange-sha256', u'diffie-hellman-group-exchange-sha1', u'diffie-hellman-group14-sha1', u'diffie-hellman-group1-sha1'] server key:[u'ssh-rsa', u'ssh-dss'] client encrypt:[u'aes128-ctr', u'aes192-ctr', u'aes256-ctr', u'arcfour256', u'arcfour128', u'aes128-cbc', u'3des-cbc', u'blowfish-cbc', u'cast128-cbc', u'aes192-cbc', u'aes256-cbc', u'arcfour', u'rijndael-cbc@lysator.liu.se'] server encrypt:[u'aes128-ctr', u'aes192-ctr', u'aes256-ctr', u'arcfour256', u'arcfour128', u'aes128-cbc', u'3des-cbc', u'blowfish-cbc', u'cast128-cbc', u'aes192-cbc', u'aes256-cbc', u'arcfour', u'rijndael-cbc@lysator.liu.se'] client mac:[u'hmac-md5', u'hmac-sha1', u'umac-64@openssh.com', u'hmac-sha2-256', u'hmac-sha2-512', u'hmac-ripemd160', u'hmac-ripemd160@openssh.com', u'hmac-sha1-96', u'hmac-md5-96'] server mac:[u'hmac-md5', u'hmac-sha1', u'umac-64@openssh.com', u'hmac-sha2-256', u'hmac-sha2-512', u'hmac-ripemd160', u'hmac-ripemd160@openssh.com', u'hmac-sha1-96', u'hmac-md5-96'] client compress:[u'none', u'zlib@openssh.com'] server compress:[u'none', u'zlib@openssh.com'] client lang:[u''] server lang:[u''] kex follows?False
2020-06-22 13:00:40,143 DEBUG - Kex agreed: diffie-hellman-group-exchange-sha256
2020-06-22 13:00:40,143 DEBUG - HostKey agreed: ssh-rsa
2020-06-22 13:00:40,143 DEBUG - Cipher agreed: aes128-ctr
2020-06-22 13:00:40,143 DEBUG - MAC agreed: hmac-sha2-256
2020-06-22 13:00:40,143 DEBUG - Compression agreed: none
2020-06-22 13:00:40,148 DEBUG - Got server p (2048 bits)
2020-06-22 13:00:40,230 DEBUG - kex engine KexGexSHA256 specified hash_algo <built-in function openssl_sha256>
2020-06-22 13:00:40,232 DEBUG - Switch to new keys ...
2020-06-22 13:00:40,234 DEBUG - Adding ssh-rsa host key for [210.209.72.176]:28032: ae3c4c53d0854963a7a52a85c87b2610
2020-06-22 13:00:40,234 DEBUG - Trying discovered key f1e2a20412f7e99b7abdb041b22f15e1 in /root/.ssh/id_rsa
2020-06-22 13:00:40,275 DEBUG - userauth is OK
2020-06-22 13:00:41,859 DEBUG - Debug msg: Adding to environment: NAME=argus
2020-06-22 13:00:41,900 INFO - Authentication (publickey) successful!
2020-06-22 13:00:41,913 DEBUG - [chan 0] Max packet in: 32768 bytes
2020-06-22 13:00:41,917 DEBUG - [chan 0] Max packet out: 32768 bytes
2020-06-22 13:00:41,917 DEBUG - Secsh channel 0 opened.
2020-06-22 13:00:41,955 DEBUG - [chan 0] Sesch channel 0 request ok
2020-06-22 13:00:41,959 DEBUG - [chan 0] Sesch channel 0 request ok
2020-06-22 13:00:41,959 DEBUG - [chan 1] Max packet in: 32768 bytes
2020-06-22 13:00:41,962 DEBUG - [chan 1] Max packet out: 32768 bytes
2020-06-22 13:00:41,962 DEBUG - Secsh channel 1 opened.
2020-06-22 13:00:41,967 DEBUG - [chan 1] Sesch channel 1 request ok
2020-06-22 13:00:53,233 DEBUG - [chan 2] Max packet in: 32768 bytes
2020-06-22 13:00:53,234 DEBUG - [chan 1] EOF received (1)
2020-06-22 13:00:53,235 DEBUG - [chan 1] EOF sent (1)
2020-06-22 13:00:53,237 DEBUG - [chan 2] Max packet out: 32768 bytes
2020-06-22 13:00:53,237 DEBUG - Secsh channel 2 opened.
2020-06-22 13:00:53,296 DEBUG - [chan 2] Sesch channel 2 request ok
2020-06-22 13:00:53,320 DEBUG - [chan 2] EOF received (2)
2020-06-22 13:00:53,320 DEBUG - [chan 2] EOF sent (2)
2020-06-22 13:00:53,321 DEBUG - EOF in transport thread
2020-06-22 13:01:52,697 DEBUG - starting thread (client mode): 0x3a639d50L
2020-06-22 13:01:52,697 DEBUG - Local version/idstring: SSH-2.0-paramiko_2.6.0
2020-06-22 13:01:52,708 DEBUG - Remote version/idstring: SSH-2.0-OpenSSH_5.3
2020-06-22 13:01:52,708 INFO - Connected (version 2.0, client OpenSSH_5.3)
2020-06-22 13:01:52,710 DEBUG - kex algos:[u'diffie-hellman-group-exchange-sha256', u'diffie-hellman-group-exchange-sha1', u'diffie-hellman-group14-sha1', u'diffie-hellman-group1-sha1'] server key:[u'ssh-rsa', u'ssh-dss'] client encrypt:[u'aes128-ctr', u'aes192-ctr', u'aes256-ctr', u'arcfour256', u'arcfour128', u'aes128-cbc', u'3des-cbc', u'blowfish-cbc', u'cast128-cbc', u'aes192-cbc', u'aes256-cbc', u'arcfour', u'rijndael-cbc@lysator.liu.se'] server encrypt:[u'aes128-ctr', u'aes192-ctr', u'aes256-ctr', u'arcfour256', u'arcfour128', u'aes128-cbc', u'3des-cbc', u'blowfish-cbc', u'cast128-cbc', u'aes192-cbc', u'aes256-cbc', u'arcfour', u'rijndael-cbc@lysator.liu.se'] client mac:[u'hmac-md5', u'hmac-sha1', u'umac-64@openssh.com', u'hmac-sha2-256', u'hmac-sha2-512', u'hmac-ripemd160', u'hmac-ripemd160@openssh.com', u'hmac-sha1-96', u'hmac-md5-96'] server mac:[u'hmac-md5', u'hmac-sha1', u'umac-64@openssh.com', u'hmac-sha2-256', u'hmac-sha2-512', u'hmac-ripemd160', u'hmac-ripemd160@openssh.com', u'hmac-sha1-96', u'hmac-md5-96'] client compress:[u'none', u'zlib@openssh.com'] server compress:[u'none', u'zlib@openssh.com'] client lang:[u''] server lang:[u''] kex follows?False
2020-06-22 13:01:52,711 DEBUG - Kex agreed: diffie-hellman-group-exchange-sha256
2020-06-22 13:01:52,711 DEBUG - HostKey agreed: ssh-rsa
2020-06-22 13:01:52,711 DEBUG - Cipher agreed: aes128-ctr
2020-06-22 13:01:52,711 DEBUG - MAC agreed: hmac-sha2-256
2020-06-22 13:01:52,711 DEBUG - Compression agreed: none
2020-06-22 13:01:52,755 DEBUG - Got server p (2048 bits)
2020-06-22 13:01:52,839 DEBUG - kex engine KexGexSHA256 specified hash_algo <built-in function openssl_sha256>
2020-06-22 13:01:52,839 DEBUG - Switch to new keys ...
2020-06-22 13:01:52,841 DEBUG - Adding ssh-rsa host key for [210.209.72.176]:28032: ae3c4c53d0854963a7a52a85c87b2610
2020-06-22 13:01:52,842 DEBUG - Trying discovered key f1e2a20412f7e99b7abdb041b22f15e1 in /root/.ssh/id_rsa
2020-06-22 13:01:52,885 DEBUG - userauth is OK
2020-06-22 13:01:57,917 DEBUG - Debug msg: Adding to environment: NAME=argus
2020-06-22 13:01:57,959 INFO - Authentication (publickey) successful!
2020-06-22 13:01:57,981 DEBUG - [chan 0] Max packet in: 32768 bytes
2020-06-22 13:01:57,986 DEBUG - [chan 0] Max packet out: 32768 bytes
2020-06-22 13:01:57,986 DEBUG - Secsh channel 0 opened.
2020-06-22 13:01:57,995 DEBUG - [chan 0] Sesch channel 0 request ok
2020-06-22 13:01:57,999 DEBUG - [chan 0] Sesch channel 0 request ok
2020-06-22 13:01:58,000 DEBUG - [chan 1] Max packet in: 32768 bytes
2020-06-22 13:01:58,003 DEBUG - [chan 1] Max packet out: 32768 bytes
2020-06-22 13:01:58,003 DEBUG - Secsh channel 1 opened.
2020-06-22 13:01:58,009 DEBUG - [chan 1] Sesch channel 1 request ok
2020-06-22 13:02:08,937 DEBUG - [chan 2] Max packet in: 32768 bytes
2020-06-22 13:02:08,939 DEBUG - [chan 1] EOF received (1)
2020-06-22 13:02:08,939 DEBUG - [chan 1] EOF sent (1)
2020-06-22 13:02:08,941 DEBUG - [chan 2] Max packet out: 32768 bytes
2020-06-22 13:02:08,941 DEBUG - Secsh channel 2 opened.
2020-06-22 13:02:08,987 DEBUG - [chan 2] Sesch channel 2 request ok
2020-06-22 13:02:09,006 DEBUG - [chan 2] EOF received (2)
2020-06-22 13:02:09,006 DEBUG - [chan 2] EOF sent (2)
2020-06-22 13:02:09,007 DEBUG - EOF in transport thread
