2020-09-01 08:08:29,540 DEBUG - (geeann.badillo) - Successfully loaded and updated table
2020-09-01 08:26:13,763 DEBUG - (yroll.macalino) - Successfully loaded and updated table
2020-09-01 08:26:55,477 DEBUG - (yroll.macalino) - Successfully loaded and updated table
2020-09-01 08:27:09,931 DEBUG - (yroll.macalino) - Successfully loaded and updated table
2020-09-01 10:31:31,815 DEBUG - (leriza.muralla) - Successfully loaded and updated table
2020-09-01 10:31:55,688 DEBUG - (leriza.muralla) - Successfully loaded and updated table
2020-09-01 10:40:22,630 DEBUG - (leriza.muralla) - Successfully loaded and updated table
2020-09-01 10:40:28,524 DEBUG - (leriza.muralla) - Successfully loaded and updated table
2020-09-01 11:11:09,948 DEBUG - (leriza.muralla) - Successfully loaded and updated table
2020-09-01 13:26:39,156 DEBUG - (leriza.muralla) - Successfully loaded and updated table
2020-09-01 13:28:05,850 DEBUG - (leriza.muralla) - Successfully loaded and updated table
2020-09-01 21:23:25,955 DEBUG - starting thread (client mode): 0xc4810390L
2020-09-01 21:23:25,955 DEBUG - Local version/idstring: SSH-2.0-paramiko_2.6.0
2020-09-01 21:23:26,044 DEBUG - Remote version/idstring: SSH-2.0-OpenSSH_7.4
2020-09-01 21:23:26,044 INFO - Connected (version 2.0, client OpenSSH_7.4)
2020-09-01 21:23:26,048 DEBUG - kex algos:[u'curve25519-sha256', u'curve25519-sha256@libssh.org', u'ecdh-sha2-nistp256', u'ecdh-sha2-nistp384', u'ecdh-sha2-nistp521', u'diffie-hellman-group-exchange-sha256', u'diffie-hellman-group16-sha512', u'diffie-hellman-group18-sha512', u'diffie-hellman-group-exchange-sha1', u'diffie-hellman-group14-sha256', u'diffie-hellman-group14-sha1', u'diffie-hellman-group1-sha1'] server key:[u'ssh-rsa', u'rsa-sha2-512', u'rsa-sha2-256', u'ecdsa-sha2-nistp256', u'ssh-ed25519'] client encrypt:[u'chacha20-poly1305@openssh.com', u'aes128-ctr', u'aes192-ctr', u'aes256-ctr', u'aes128-gcm@openssh.com', u'aes256-gcm@openssh.com', u'aes128-cbc', u'aes192-cbc', u'aes256-cbc', u'blowfish-cbc', u'cast128-cbc', u'3des-cbc'] server encrypt:[u'chacha20-poly1305@openssh.com', u'aes128-ctr', u'aes192-ctr', u'aes256-ctr', u'aes128-gcm@openssh.com', u'aes256-gcm@openssh.com', u'aes128-cbc', u'aes192-cbc', u'aes256-cbc', u'blowfish-cbc', u'cast128-cbc', u'3des-cbc'] client mac:[u'umac-64-etm@openssh.com', u'umac-128-etm@openssh.com', u'hmac-sha2-256-etm@openssh.com', u'hmac-sha2-512-etm@openssh.com', u'hmac-sha1-etm@openssh.com', u'umac-64@openssh.com', u'umac-128@openssh.com', u'hmac-sha2-256', u'hmac-sha2-512', u'hmac-sha1'] server mac:[u'umac-64-etm@openssh.com', u'umac-128-etm@openssh.com', u'hmac-sha2-256-etm@openssh.com', u'hmac-sha2-512-etm@openssh.com', u'hmac-sha1-etm@openssh.com', u'umac-64@openssh.com', u'umac-128@openssh.com', u'hmac-sha2-256', u'hmac-sha2-512', u'hmac-sha1'] client compress:[u'none', u'zlib@openssh.com'] server compress:[u'none', u'zlib@openssh.com'] client lang:[u''] server lang:[u''] kex follows?False
2020-09-01 21:23:26,048 DEBUG - Kex agreed: curve25519-sha256@libssh.org
2020-09-01 21:23:26,049 DEBUG - HostKey agreed: ssh-ed25519
2020-09-01 21:23:26,049 DEBUG - Cipher agreed: aes128-ctr
2020-09-01 21:23:26,049 DEBUG - MAC agreed: hmac-sha2-256
2020-09-01 21:23:26,050 DEBUG - Compression agreed: none
2020-09-01 21:23:26,060 DEBUG - kex engine KexCurve25519 specified hash_algo <built-in function openssl_sha256>
2020-09-01 21:23:26,060 DEBUG - Switch to new keys ...
2020-09-01 21:23:26,062 DEBUG - Adding ssh-ed25519 host key for [58.64.167.49]:28032: 649bfb2ade50b259183468bcc4a641be
2020-09-01 21:23:26,063 DEBUG - Trying discovered key f1e2a20412f7e99b7abdb041b22f15e1 in /root/.ssh/id_rsa
2020-09-01 21:23:26,101 DEBUG - userauth is OK
2020-09-01 21:23:26,203 INFO - Authentication (publickey) successful!
2020-09-01 21:23:26,231 DEBUG - [chan 0] Max packet in: 32768 bytes
2020-09-01 21:23:26,426 DEBUG - Received global request "hostkeys-00@openssh.com"
2020-09-01 21:23:26,426 DEBUG - Rejecting "hostkeys-00@openssh.com" global request from server.
2020-09-01 21:23:26,427 DEBUG - Debug msg: Adding to environment: NAME=argus
2020-09-01 21:23:26,466 DEBUG - [chan 0] Max packet out: 32768 bytes
2020-09-01 21:23:26,467 DEBUG - Secsh channel 0 opened.
2020-09-01 21:23:27,377 DEBUG - [chan 0] Sesch channel 0 request ok
2020-09-01 21:23:27,383 DEBUG - [chan 0] Sesch channel 0 request ok
2020-09-01 21:23:27,384 DEBUG - [chan 1] Max packet in: 32768 bytes
2020-09-01 21:23:27,386 DEBUG - [chan 1] Max packet out: 32768 bytes
2020-09-01 21:23:27,386 DEBUG - Secsh channel 1 opened.
2020-09-01 21:23:27,394 DEBUG - [chan 1] Sesch channel 1 request ok
2020-09-01 21:23:33,401 DEBUG - [chan 2] Max packet in: 32768 bytes
2020-09-01 21:23:33,403 DEBUG - [chan 1] EOF received (1)
2020-09-01 21:23:33,403 DEBUG - [chan 1] EOF sent (1)
2020-09-01 21:23:33,404 DEBUG - [chan 2] Max packet out: 32768 bytes
2020-09-01 21:23:33,404 DEBUG - Secsh channel 2 opened.
2020-09-01 21:23:33,448 DEBUG - [chan 2] Sesch channel 2 request ok
2020-09-01 21:23:33,470 DEBUG - [chan 2] EOF received (2)
2020-09-01 21:23:33,470 DEBUG - [chan 2] EOF sent (2)
2020-09-01 21:23:33,471 DEBUG - EOF in transport thread
