2020-06-29 09:40:27,117 DEBUG - (nikko.aratan) - Successfully loaded and updated table
2020-06-29 09:40:39,842 DEBUG - (nikko.aratan) - Successfully loaded and updated table
2020-06-29 09:40:50,690 DEBUG - (nikko.aratan) - Successfully loaded and updated table
2020-06-29 09:40:57,928 DEBUG - (nikko.aratan) - Successfully loaded and updated table
2020-06-29 09:41:53,742 DEBUG - (nikko.aratan) - Successfully loaded and updated table
2020-06-29 09:42:02,179 DEBUG - (nikko.aratan) - Successfully loaded and updated table
2020-06-29 09:42:10,606 DEBUG - (nikko.aratan) - Successfully loaded and updated table
2020-06-29 09:44:02,408 DEBUG - (carl.dasig) - Successfully loaded and updated table
2020-06-29 11:55:47,176 DEBUG - (nikko.aratan) - Successfully loaded and updated table
2020-06-29 11:58:57,647 DEBUG - (james.cadelina) - Successfully loaded and updated table
2020-06-29 11:59:48,392 DEBUG - (james.cadelina) - Successfully loaded and updated table
2020-06-29 18:15:20,823 DEBUG - starting thread (client mode): 0xcbb39a90L
2020-06-29 18:15:20,823 DEBUG - Local version/idstring: SSH-2.0-paramiko_2.6.0
2020-06-29 18:15:20,850 DEBUG - Remote version/idstring: SSH-2.0-OpenSSH_7.4
2020-06-29 18:15:20,850 INFO - Connected (version 2.0, client OpenSSH_7.4)
2020-06-29 18:15:20,856 DEBUG - kex algos:[u'curve25519-sha256', u'curve25519-sha256@libssh.org', u'ecdh-sha2-nistp256', u'ecdh-sha2-nistp384', u'ecdh-sha2-nistp521', u'diffie-hellman-group-exchange-sha256', u'diffie-hellman-group16-sha512', u'diffie-hellman-group18-sha512', u'diffie-hellman-group-exchange-sha1', u'diffie-hellman-group14-sha256', u'diffie-hellman-group14-sha1', u'diffie-hellman-group1-sha1'] server key:[u'ssh-rsa', u'rsa-sha2-512', u'rsa-sha2-256', u'ecdsa-sha2-nistp256', u'ssh-ed25519'] client encrypt:[u'chacha20-poly1305@openssh.com', u'aes128-ctr', u'aes192-ctr', u'aes256-ctr', u'aes128-gcm@openssh.com', u'aes256-gcm@openssh.com', u'aes128-cbc', u'aes192-cbc', u'aes256-cbc', u'blowfish-cbc', u'cast128-cbc', u'3des-cbc'] server encrypt:[u'chacha20-poly1305@openssh.com', u'aes128-ctr', u'aes192-ctr', u'aes256-ctr', u'aes128-gcm@openssh.com', u'aes256-gcm@openssh.com', u'aes128-cbc', u'aes192-cbc', u'aes256-cbc', u'blowfish-cbc', u'cast128-cbc', u'3des-cbc'] client mac:[u'umac-64-etm@openssh.com', u'umac-128-etm@openssh.com', u'hmac-sha2-256-etm@openssh.com', u'hmac-sha2-512-etm@openssh.com', u'hmac-sha1-etm@openssh.com', u'umac-64@openssh.com', u'umac-128@openssh.com', u'hmac-sha2-256', u'hmac-sha2-512', u'hmac-sha1'] server mac:[u'umac-64-etm@openssh.com', u'umac-128-etm@openssh.com', u'hmac-sha2-256-etm@openssh.com', u'hmac-sha2-512-etm@openssh.com', u'hmac-sha1-etm@openssh.com', u'umac-64@openssh.com', u'umac-128@openssh.com', u'hmac-sha2-256', u'hmac-sha2-512', u'hmac-sha1'] client compress:[u'none', u'zlib@openssh.com'] server compress:[u'none', u'zlib@openssh.com'] client lang:[u''] server lang:[u''] kex follows?False
2020-06-29 18:15:20,856 DEBUG - Kex agreed: curve25519-sha256@libssh.org
2020-06-29 18:15:20,856 DEBUG - HostKey agreed: ssh-ed25519
2020-06-29 18:15:20,856 DEBUG - Cipher agreed: aes128-ctr
2020-06-29 18:15:20,856 DEBUG - MAC agreed: hmac-sha2-256
2020-06-29 18:15:20,857 DEBUG - Compression agreed: none
2020-06-29 18:15:20,869 DEBUG - kex engine KexCurve25519 specified hash_algo <built-in function openssl_sha256>
2020-06-29 18:15:20,870 DEBUG - Switch to new keys ...
2020-06-29 18:15:20,888 DEBUG - Adding ssh-ed25519 host key for [59.188.83.86]:28032: 649bfb2ade50b259183468bcc4a641be
2020-06-29 18:15:20,890 DEBUG - Trying discovered key f1e2a20412f7e99b7abdb041b22f15e1 in /root/.ssh/id_rsa
2020-06-29 18:15:20,914 DEBUG - userauth is OK
2020-06-29 18:15:25,980 INFO - Authentication (publickey) successful!
2020-06-29 18:15:25,995 DEBUG - [chan 0] Max packet in: 32768 bytes
2020-06-29 18:15:26,210 DEBUG - Received global request "hostkeys-00@openssh.com"
2020-06-29 18:15:26,210 DEBUG - Rejecting "hostkeys-00@openssh.com" global request from server.
2020-06-29 18:15:26,210 DEBUG - Debug msg: Adding to environment: NAME=argus
2020-06-29 18:15:26,252 DEBUG - [chan 0] Max packet out: 32768 bytes
2020-06-29 18:15:26,252 DEBUG - Secsh channel 0 opened.
2020-06-29 18:15:26,269 DEBUG - [chan 0] Sesch channel 0 request ok
2020-06-29 18:15:26,277 DEBUG - [chan 0] Sesch channel 0 request ok
2020-06-29 18:15:26,278 DEBUG - [chan 1] Max packet in: 32768 bytes
2020-06-29 18:15:26,281 DEBUG - [chan 1] Max packet out: 32768 bytes
2020-06-29 18:15:26,281 DEBUG - Secsh channel 1 opened.
2020-06-29 18:15:26,289 DEBUG - [chan 1] Sesch channel 1 request ok
2020-06-29 18:15:37,690 DEBUG - [chan 2] Max packet in: 32768 bytes
2020-06-29 18:15:37,691 DEBUG - [chan 1] EOF received (1)
2020-06-29 18:15:37,692 DEBUG - [chan 1] EOF sent (1)
2020-06-29 18:15:37,694 DEBUG - [chan 2] Max packet out: 32768 bytes
2020-06-29 18:15:37,694 DEBUG - Secsh channel 2 opened.
2020-06-29 18:15:37,742 DEBUG - [chan 2] Sesch channel 2 request ok
2020-06-29 18:15:37,768 DEBUG - [chan 2] EOF received (2)
2020-06-29 18:15:37,768 DEBUG - [chan 2] EOF sent (2)
2020-06-29 18:15:37,769 DEBUG - EOF in transport thread
2020-06-29 18:51:05,332 DEBUG - starting thread (client mode): 0xd22e8c90L
2020-06-29 18:51:05,332 DEBUG - Local version/idstring: SSH-2.0-paramiko_2.6.0
2020-06-29 18:51:05,350 DEBUG - Remote version/idstring: SSH-2.0-OpenSSH_7.4
2020-06-29 18:51:05,350 INFO - Connected (version 2.0, client OpenSSH_7.4)
2020-06-29 18:51:05,354 DEBUG - kex algos:[u'curve25519-sha256', u'curve25519-sha256@libssh.org', u'ecdh-sha2-nistp256', u'ecdh-sha2-nistp384', u'ecdh-sha2-nistp521', u'diffie-hellman-group-exchange-sha256', u'diffie-hellman-group16-sha512', u'diffie-hellman-group18-sha512', u'diffie-hellman-group-exchange-sha1', u'diffie-hellman-group14-sha256', u'diffie-hellman-group14-sha1', u'diffie-hellman-group1-sha1'] server key:[u'ssh-rsa', u'rsa-sha2-512', u'rsa-sha2-256', u'ecdsa-sha2-nistp256', u'ssh-ed25519'] client encrypt:[u'chacha20-poly1305@openssh.com', u'aes128-ctr', u'aes192-ctr', u'aes256-ctr', u'aes128-gcm@openssh.com', u'aes256-gcm@openssh.com', u'aes128-cbc', u'aes192-cbc', u'aes256-cbc', u'blowfish-cbc', u'cast128-cbc', u'3des-cbc'] server encrypt:[u'chacha20-poly1305@openssh.com', u'aes128-ctr', u'aes192-ctr', u'aes256-ctr', u'aes128-gcm@openssh.com', u'aes256-gcm@openssh.com', u'aes128-cbc', u'aes192-cbc', u'aes256-cbc', u'blowfish-cbc', u'cast128-cbc', u'3des-cbc'] client mac:[u'umac-64-etm@openssh.com', u'umac-128-etm@openssh.com', u'hmac-sha2-256-etm@openssh.com', u'hmac-sha2-512-etm@openssh.com', u'hmac-sha1-etm@openssh.com', u'umac-64@openssh.com', u'umac-128@openssh.com', u'hmac-sha2-256', u'hmac-sha2-512', u'hmac-sha1'] server mac:[u'umac-64-etm@openssh.com', u'umac-128-etm@openssh.com', u'hmac-sha2-256-etm@openssh.com', u'hmac-sha2-512-etm@openssh.com', u'hmac-sha1-etm@openssh.com', u'umac-64@openssh.com', u'umac-128@openssh.com', u'hmac-sha2-256', u'hmac-sha2-512', u'hmac-sha1'] client compress:[u'none', u'zlib@openssh.com'] server compress:[u'none', u'zlib@openssh.com'] client lang:[u''] server lang:[u''] kex follows?False
2020-06-29 18:51:05,354 DEBUG - Kex agreed: curve25519-sha256@libssh.org
2020-06-29 18:51:05,354 DEBUG - HostKey agreed: ssh-ed25519
2020-06-29 18:51:05,354 DEBUG - Cipher agreed: aes128-ctr
2020-06-29 18:51:05,355 DEBUG - MAC agreed: hmac-sha2-256
2020-06-29 18:51:05,355 DEBUG - Compression agreed: none
2020-06-29 18:51:05,404 DEBUG - kex engine KexCurve25519 specified hash_algo <built-in function openssl_sha256>
2020-06-29 18:51:05,404 DEBUG - Switch to new keys ...
2020-06-29 18:51:05,433 DEBUG - Adding ssh-ed25519 host key for [58.64.177.223]:28032: 649bfb2ade50b259183468bcc4a641be
2020-06-29 18:51:05,434 DEBUG - Trying discovered key f1e2a20412f7e99b7abdb041b22f15e1 in /root/.ssh/id_rsa
2020-06-29 18:51:05,453 DEBUG - userauth is OK
2020-06-29 18:51:07,084 DEBUG - starting thread (client mode): 0xcdb17cd0L
2020-06-29 18:51:07,085 DEBUG - Local version/idstring: SSH-2.0-paramiko_2.6.0
2020-06-29 18:51:07,099 DEBUG - Remote version/idstring: SSH-2.0-OpenSSH_7.4
2020-06-29 18:51:07,099 INFO - Connected (version 2.0, client OpenSSH_7.4)
2020-06-29 18:51:07,103 DEBUG - kex algos:[u'curve25519-sha256', u'curve25519-sha256@libssh.org', u'ecdh-sha2-nistp256', u'ecdh-sha2-nistp384', u'ecdh-sha2-nistp521', u'diffie-hellman-group-exchange-sha256', u'diffie-hellman-group16-sha512', u'diffie-hellman-group18-sha512', u'diffie-hellman-group-exchange-sha1', u'diffie-hellman-group14-sha256', u'diffie-hellman-group14-sha1', u'diffie-hellman-group1-sha1'] server key:[u'ssh-rsa', u'rsa-sha2-512', u'rsa-sha2-256', u'ecdsa-sha2-nistp256', u'ssh-ed25519'] client encrypt:[u'chacha20-poly1305@openssh.com', u'aes128-ctr', u'aes192-ctr', u'aes256-ctr', u'aes128-gcm@openssh.com', u'aes256-gcm@openssh.com', u'aes128-cbc', u'aes192-cbc', u'aes256-cbc', u'blowfish-cbc', u'cast128-cbc', u'3des-cbc'] server encrypt:[u'chacha20-poly1305@openssh.com', u'aes128-ctr', u'aes192-ctr', u'aes256-ctr', u'aes128-gcm@openssh.com', u'aes256-gcm@openssh.com', u'aes128-cbc', u'aes192-cbc', u'aes256-cbc', u'blowfish-cbc', u'cast128-cbc', u'3des-cbc'] client mac:[u'umac-64-etm@openssh.com', u'umac-128-etm@openssh.com', u'hmac-sha2-256-etm@openssh.com', u'hmac-sha2-512-etm@openssh.com', u'hmac-sha1-etm@openssh.com', u'umac-64@openssh.com', u'umac-128@openssh.com', u'hmac-sha2-256', u'hmac-sha2-512', u'hmac-sha1'] server mac:[u'umac-64-etm@openssh.com', u'umac-128-etm@openssh.com', u'hmac-sha2-256-etm@openssh.com', u'hmac-sha2-512-etm@openssh.com', u'hmac-sha1-etm@openssh.com', u'umac-64@openssh.com', u'umac-128@openssh.com', u'hmac-sha2-256', u'hmac-sha2-512', u'hmac-sha1'] client compress:[u'none', u'zlib@openssh.com'] server compress:[u'none', u'zlib@openssh.com'] client lang:[u''] server lang:[u''] kex follows?False
2020-06-29 18:51:07,103 DEBUG - Kex agreed: curve25519-sha256@libssh.org
2020-06-29 18:51:07,103 DEBUG - HostKey agreed: ssh-ed25519
2020-06-29 18:51:07,103 DEBUG - Cipher agreed: aes128-ctr
2020-06-29 18:51:07,103 DEBUG - MAC agreed: hmac-sha2-256
2020-06-29 18:51:07,103 DEBUG - Compression agreed: none
2020-06-29 18:51:07,154 DEBUG - kex engine KexCurve25519 specified hash_algo <built-in function openssl_sha256>
2020-06-29 18:51:07,155 DEBUG - Switch to new keys ...
2020-06-29 18:51:07,186 DEBUG - Adding ssh-ed25519 host key for [58.64.177.223]:28032: 649bfb2ade50b259183468bcc4a641be
2020-06-29 18:51:07,187 DEBUG - Trying discovered key f1e2a20412f7e99b7abdb041b22f15e1 in /root/.ssh/id_rsa
2020-06-29 18:51:07,202 DEBUG - userauth is OK
2020-06-29 18:51:10,501 INFO - Authentication (publickey) successful!
2020-06-29 18:51:10,529 DEBUG - [chan 0] Max packet in: 32768 bytes
2020-06-29 18:51:10,803 DEBUG - Received global request "hostkeys-00@openssh.com"
2020-06-29 18:51:10,803 DEBUG - Rejecting "hostkeys-00@openssh.com" global request from server.
2020-06-29 18:51:10,803 DEBUG - Debug msg: Adding to environment: NAME=argus
2020-06-29 18:51:10,940 DEBUG - [chan 0] Max packet out: 32768 bytes
2020-06-29 18:51:10,941 DEBUG - Secsh channel 0 opened.
2020-06-29 18:51:11,004 DEBUG - [chan 0] Sesch channel 0 request ok
2020-06-29 18:51:11,023 DEBUG - [chan 0] Sesch channel 0 request ok
2020-06-29 18:51:11,023 DEBUG - [chan 1] Max packet in: 32768 bytes
2020-06-29 18:51:11,026 DEBUG - [chan 1] Max packet out: 32768 bytes
2020-06-29 18:51:11,026 DEBUG - Secsh channel 1 opened.
2020-06-29 18:51:11,036 DEBUG - [chan 1] Sesch channel 1 request ok
2020-06-29 18:51:22,595 DEBUG - [chan 2] Max packet in: 32768 bytes
2020-06-29 18:51:22,597 DEBUG - [chan 1] EOF received (1)
2020-06-29 18:51:22,597 DEBUG - [chan 1] EOF sent (1)
2020-06-29 18:51:22,644 DEBUG - [chan 2] Max packet out: 32768 bytes
2020-06-29 18:51:22,644 DEBUG - Secsh channel 2 opened.
2020-06-29 18:51:22,682 DEBUG - [chan 2] Sesch channel 2 request ok
2020-06-29 18:51:22,702 DEBUG - [chan 2] EOF received (2)
2020-06-29 18:51:22,703 DEBUG - [chan 2] EOF sent (2)
2020-06-29 18:51:22,704 DEBUG - EOF in transport thread
2020-06-29 18:51:28,159 INFO - Authentication (publickey) successful!
2020-06-29 18:51:28,160 DEBUG - Received global request "hostkeys-00@openssh.com"
2020-06-29 18:51:28,160 DEBUG - Rejecting "hostkeys-00@openssh.com" global request from server.
2020-06-29 18:51:28,160 DEBUG - Debug msg: Adding to environment: NAME=argus
2020-06-29 18:51:28,162 DEBUG - [chan 0] Max packet in: 32768 bytes
2020-06-29 18:51:28,165 DEBUG - [chan 0] Max packet out: 32768 bytes
2020-06-29 18:51:28,165 DEBUG - Secsh channel 0 opened.
2020-06-29 18:51:28,173 DEBUG - [chan 0] Sesch channel 0 request ok
2020-06-29 18:51:28,181 DEBUG - [chan 0] Sesch channel 0 request ok
2020-06-29 18:51:28,182 DEBUG - [chan 1] Max packet in: 32768 bytes
2020-06-29 18:51:28,185 DEBUG - [chan 1] Max packet out: 32768 bytes
2020-06-29 18:51:28,185 DEBUG - Secsh channel 1 opened.
2020-06-29 18:51:28,192 DEBUG - [chan 1] Sesch channel 1 request ok
2020-06-29 18:51:33,564 DEBUG - [chan 2] Max packet in: 32768 bytes
2020-06-29 18:51:33,565 DEBUG - [chan 1] EOF received (1)
2020-06-29 18:51:33,566 DEBUG - [chan 1] EOF sent (1)
2020-06-29 18:51:33,568 DEBUG - [chan 2] Max packet out: 32768 bytes
2020-06-29 18:51:33,568 DEBUG - Secsh channel 2 opened.
2020-06-29 18:51:33,615 DEBUG - [chan 2] Sesch channel 2 request ok
2020-06-29 18:51:33,638 DEBUG - [chan 2] EOF received (2)
2020-06-29 18:51:33,639 DEBUG - [chan 2] EOF sent (2)
2020-06-29 18:51:33,639 DEBUG - EOF in transport thread
2020-06-29 18:56:02,448 DEBUG - starting thread (client mode): 0xd1cfbe10L
2020-06-29 18:56:02,449 DEBUG - Local version/idstring: SSH-2.0-paramiko_2.6.0
2020-06-29 18:56:02,473 DEBUG - Remote version/idstring: SSH-2.0-OpenSSH_7.4
2020-06-29 18:56:02,473 INFO - Connected (version 2.0, client OpenSSH_7.4)
2020-06-29 18:56:02,478 DEBUG - kex algos:[u'curve25519-sha256', u'curve25519-sha256@libssh.org', u'ecdh-sha2-nistp256', u'ecdh-sha2-nistp384', u'ecdh-sha2-nistp521', u'diffie-hellman-group-exchange-sha256', u'diffie-hellman-group16-sha512', u'diffie-hellman-group18-sha512', u'diffie-hellman-group-exchange-sha1', u'diffie-hellman-group14-sha256', u'diffie-hellman-group14-sha1', u'diffie-hellman-group1-sha1'] server key:[u'ssh-rsa', u'rsa-sha2-512', u'rsa-sha2-256', u'ecdsa-sha2-nistp256', u'ssh-ed25519'] client encrypt:[u'chacha20-poly1305@openssh.com', u'aes128-ctr', u'aes192-ctr', u'aes256-ctr', u'aes128-gcm@openssh.com', u'aes256-gcm@openssh.com', u'aes128-cbc', u'aes192-cbc', u'aes256-cbc', u'blowfish-cbc', u'cast128-cbc', u'3des-cbc'] server encrypt:[u'chacha20-poly1305@openssh.com', u'aes128-ctr', u'aes192-ctr', u'aes256-ctr', u'aes128-gcm@openssh.com', u'aes256-gcm@openssh.com', u'aes128-cbc', u'aes192-cbc', u'aes256-cbc', u'blowfish-cbc', u'cast128-cbc', u'3des-cbc'] client mac:[u'umac-64-etm@openssh.com', u'umac-128-etm@openssh.com', u'hmac-sha2-256-etm@openssh.com', u'hmac-sha2-512-etm@openssh.com', u'hmac-sha1-etm@openssh.com', u'umac-64@openssh.com', u'umac-128@openssh.com', u'hmac-sha2-256', u'hmac-sha2-512', u'hmac-sha1'] server mac:[u'umac-64-etm@openssh.com', u'umac-128-etm@openssh.com', u'hmac-sha2-256-etm@openssh.com', u'hmac-sha2-512-etm@openssh.com', u'hmac-sha1-etm@openssh.com', u'umac-64@openssh.com', u'umac-128@openssh.com', u'hmac-sha2-256', u'hmac-sha2-512', u'hmac-sha1'] client compress:[u'none', u'zlib@openssh.com'] server compress:[u'none', u'zlib@openssh.com'] client lang:[u''] server lang:[u''] kex follows?False
2020-06-29 18:56:02,478 DEBUG - Kex agreed: curve25519-sha256@libssh.org
2020-06-29 18:56:02,478 DEBUG - HostKey agreed: ssh-ed25519
2020-06-29 18:56:02,478 DEBUG - Cipher agreed: aes128-ctr
2020-06-29 18:56:02,478 DEBUG - MAC agreed: hmac-sha2-256
2020-06-29 18:56:02,478 DEBUG - Compression agreed: none
2020-06-29 18:56:02,490 DEBUG - kex engine KexCurve25519 specified hash_algo <built-in function openssl_sha256>
2020-06-29 18:56:02,490 DEBUG - Switch to new keys ...
2020-06-29 18:56:02,514 DEBUG - Adding ssh-ed25519 host key for [59.188.83.86]:28032: 649bfb2ade50b259183468bcc4a641be
2020-06-29 18:56:02,515 DEBUG - Trying discovered key f1e2a20412f7e99b7abdb041b22f15e1 in /root/.ssh/id_rsa
2020-06-29 18:56:02,534 DEBUG - userauth is OK
2020-06-29 18:56:07,601 INFO - Authentication (publickey) successful!
2020-06-29 18:56:07,617 DEBUG - [chan 0] Max packet in: 32768 bytes
2020-06-29 18:56:07,846 DEBUG - Received global request "hostkeys-00@openssh.com"
2020-06-29 18:56:07,846 DEBUG - Rejecting "hostkeys-00@openssh.com" global request from server.
2020-06-29 18:56:07,846 DEBUG - Debug msg: Adding to environment: NAME=argus
2020-06-29 18:56:07,887 DEBUG - [chan 0] Max packet out: 32768 bytes
2020-06-29 18:56:07,887 DEBUG - Secsh channel 0 opened.
2020-06-29 18:56:07,928 DEBUG - [chan 0] Sesch channel 0 request ok
2020-06-29 18:56:07,938 DEBUG - [chan 0] Sesch channel 0 request ok
2020-06-29 18:56:07,938 DEBUG - [chan 1] Max packet in: 32768 bytes
2020-06-29 18:56:07,941 DEBUG - [chan 1] Max packet out: 32768 bytes
2020-06-29 18:56:07,941 DEBUG - Secsh channel 1 opened.
2020-06-29 18:56:07,949 DEBUG - [chan 1] Sesch channel 1 request ok
2020-06-29 18:56:07,980 DEBUG - [chan 1] EOF received (1)
2020-06-29 18:56:07,980 DEBUG - [chan 1] EOF sent (1)
2020-06-29 18:56:07,981 DEBUG - EOF in transport thread
2020-06-29 18:56:07,990 DEBUG - starting thread (client mode): 0xcea37fd0L
2020-06-29 18:56:07,990 DEBUG - Local version/idstring: SSH-2.0-paramiko_2.6.0
2020-06-29 18:56:08,017 DEBUG - Remote version/idstring: SSH-2.0-OpenSSH_7.4
2020-06-29 18:56:08,018 INFO - Connected (version 2.0, client OpenSSH_7.4)
2020-06-29 18:56:08,022 DEBUG - kex algos:[u'curve25519-sha256', u'curve25519-sha256@libssh.org', u'ecdh-sha2-nistp256', u'ecdh-sha2-nistp384', u'ecdh-sha2-nistp521', u'diffie-hellman-group-exchange-sha256', u'diffie-hellman-group16-sha512', u'diffie-hellman-group18-sha512', u'diffie-hellman-group-exchange-sha1', u'diffie-hellman-group14-sha256', u'diffie-hellman-group14-sha1', u'diffie-hellman-group1-sha1'] server key:[u'ssh-rsa', u'rsa-sha2-512', u'rsa-sha2-256', u'ecdsa-sha2-nistp256', u'ssh-ed25519'] client encrypt:[u'chacha20-poly1305@openssh.com', u'aes128-ctr', u'aes192-ctr', u'aes256-ctr', u'aes128-gcm@openssh.com', u'aes256-gcm@openssh.com', u'aes128-cbc', u'aes192-cbc', u'aes256-cbc', u'blowfish-cbc', u'cast128-cbc', u'3des-cbc'] server encrypt:[u'chacha20-poly1305@openssh.com', u'aes128-ctr', u'aes192-ctr', u'aes256-ctr', u'aes128-gcm@openssh.com', u'aes256-gcm@openssh.com', u'aes128-cbc', u'aes192-cbc', u'aes256-cbc', u'blowfish-cbc', u'cast128-cbc', u'3des-cbc'] client mac:[u'umac-64-etm@openssh.com', u'umac-128-etm@openssh.com', u'hmac-sha2-256-etm@openssh.com', u'hmac-sha2-512-etm@openssh.com', u'hmac-sha1-etm@openssh.com', u'umac-64@openssh.com', u'umac-128@openssh.com', u'hmac-sha2-256', u'hmac-sha2-512', u'hmac-sha1'] server mac:[u'umac-64-etm@openssh.com', u'umac-128-etm@openssh.com', u'hmac-sha2-256-etm@openssh.com', u'hmac-sha2-512-etm@openssh.com', u'hmac-sha1-etm@openssh.com', u'umac-64@openssh.com', u'umac-128@openssh.com', u'hmac-sha2-256', u'hmac-sha2-512', u'hmac-sha1'] client compress:[u'none', u'zlib@openssh.com'] server compress:[u'none', u'zlib@openssh.com'] client lang:[u''] server lang:[u''] kex follows?False
2020-06-29 18:56:08,023 DEBUG - Kex agreed: curve25519-sha256@libssh.org
2020-06-29 18:56:08,023 DEBUG - HostKey agreed: ssh-ed25519
2020-06-29 18:56:08,023 DEBUG - Cipher agreed: aes128-ctr
2020-06-29 18:56:08,023 DEBUG - MAC agreed: hmac-sha2-256
2020-06-29 18:56:08,023 DEBUG - Compression agreed: none
2020-06-29 18:56:08,034 DEBUG - kex engine KexCurve25519 specified hash_algo <built-in function openssl_sha256>
2020-06-29 18:56:08,035 DEBUG - Switch to new keys ...
2020-06-29 18:56:08,057 DEBUG - Adding ssh-ed25519 host key for [59.188.83.86]:28032: 649bfb2ade50b259183468bcc4a641be
2020-06-29 18:56:08,058 DEBUG - Trying discovered key f1e2a20412f7e99b7abdb041b22f15e1 in /root/.ssh/id_rsa
2020-06-29 18:56:08,082 DEBUG - userauth is OK
2020-06-29 18:56:08,405 INFO - Authentication (publickey) successful!
2020-06-29 18:56:08,428 DEBUG - [chan 0] Max packet in: 32768 bytes
2020-06-29 18:56:08,631 DEBUG - Received global request "hostkeys-00@openssh.com"
2020-06-29 18:56:08,631 DEBUG - Rejecting "hostkeys-00@openssh.com" global request from server.
2020-06-29 18:56:08,631 DEBUG - Debug msg: Adding to environment: NAME=argus
2020-06-29 18:56:08,672 DEBUG - [chan 0] Max packet out: 32768 bytes
2020-06-29 18:56:08,672 DEBUG - Secsh channel 0 opened.
2020-06-29 18:56:08,706 DEBUG - [chan 0] Sesch channel 0 request ok
2020-06-29 18:56:08,715 DEBUG - [chan 0] Sesch channel 0 request ok
2020-06-29 18:56:08,715 DEBUG - [chan 1] Max packet in: 32768 bytes
2020-06-29 18:56:08,718 DEBUG - [chan 1] Max packet out: 32768 bytes
2020-06-29 18:56:08,718 DEBUG - Secsh channel 1 opened.
2020-06-29 18:56:08,728 DEBUG - [chan 1] Sesch channel 1 request ok
2020-06-29 18:56:08,753 DEBUG - [chan 1] EOF received (1)
2020-06-29 18:56:08,753 DEBUG - [chan 1] EOF sent (1)
2020-06-29 18:56:08,754 DEBUG - [chan 2] Max packet in: 32768 bytes
2020-06-29 18:56:08,767 DEBUG - [chan 2] Max packet out: 32768 bytes
2020-06-29 18:56:08,767 DEBUG - Secsh channel 2 opened.
2020-06-29 18:56:08,775 DEBUG - [chan 2] Sesch channel 2 request ok
2020-06-29 18:56:08,801 DEBUG - [chan 2] EOF received (2)
2020-06-29 18:56:08,801 DEBUG - [chan 2] EOF sent (2)
2020-06-29 18:56:08,802 DEBUG - [chan 3] Max packet in: 32768 bytes
2020-06-29 18:56:08,846 DEBUG - [chan 3] Max packet out: 32768 bytes
2020-06-29 18:56:08,846 DEBUG - Secsh channel 3 opened.
2020-06-29 18:56:08,872 DEBUG - [chan 3] Sesch channel 3 request ok
2020-06-29 18:56:08,899 DEBUG - [chan 3] EOF received (3)
2020-06-29 18:56:08,900 DEBUG - [chan 3] EOF sent (3)
2020-06-29 18:56:08,900 DEBUG - EOF in transport thread
2020-06-29 18:57:32,242 DEBUG - starting thread (client mode): 0xcdb44e50L
2020-06-29 18:57:32,243 DEBUG - Local version/idstring: SSH-2.0-paramiko_2.6.0
2020-06-29 18:57:32,259 DEBUG - Remote version/idstring: SSH-2.0-OpenSSH_7.4
2020-06-29 18:57:32,259 INFO - Connected (version 2.0, client OpenSSH_7.4)
2020-06-29 18:57:32,264 DEBUG - kex algos:[u'curve25519-sha256', u'curve25519-sha256@libssh.org', u'ecdh-sha2-nistp256', u'ecdh-sha2-nistp384', u'ecdh-sha2-nistp521', u'diffie-hellman-group-exchange-sha256', u'diffie-hellman-group16-sha512', u'diffie-hellman-group18-sha512', u'diffie-hellman-group-exchange-sha1', u'diffie-hellman-group14-sha256', u'diffie-hellman-group14-sha1', u'diffie-hellman-group1-sha1'] server key:[u'ssh-rsa', u'rsa-sha2-512', u'rsa-sha2-256', u'ecdsa-sha2-nistp256', u'ssh-ed25519'] client encrypt:[u'chacha20-poly1305@openssh.com', u'aes128-ctr', u'aes192-ctr', u'aes256-ctr', u'aes128-gcm@openssh.com', u'aes256-gcm@openssh.com', u'aes128-cbc', u'aes192-cbc', u'aes256-cbc', u'blowfish-cbc', u'cast128-cbc', u'3des-cbc'] server encrypt:[u'chacha20-poly1305@openssh.com', u'aes128-ctr', u'aes192-ctr', u'aes256-ctr', u'aes128-gcm@openssh.com', u'aes256-gcm@openssh.com', u'aes128-cbc', u'aes192-cbc', u'aes256-cbc', u'blowfish-cbc', u'cast128-cbc', u'3des-cbc'] client mac:[u'umac-64-etm@openssh.com', u'umac-128-etm@openssh.com', u'hmac-sha2-256-etm@openssh.com', u'hmac-sha2-512-etm@openssh.com', u'hmac-sha1-etm@openssh.com', u'umac-64@openssh.com', u'umac-128@openssh.com', u'hmac-sha2-256', u'hmac-sha2-512', u'hmac-sha1'] server mac:[u'umac-64-etm@openssh.com', u'umac-128-etm@openssh.com', u'hmac-sha2-256-etm@openssh.com', u'hmac-sha2-512-etm@openssh.com', u'hmac-sha1-etm@openssh.com', u'umac-64@openssh.com', u'umac-128@openssh.com', u'hmac-sha2-256', u'hmac-sha2-512', u'hmac-sha1'] client compress:[u'none', u'zlib@openssh.com'] server compress:[u'none', u'zlib@openssh.com'] client lang:[u''] server lang:[u''] kex follows?False
2020-06-29 18:57:32,264 DEBUG - Kex agreed: curve25519-sha256@libssh.org
2020-06-29 18:57:32,264 DEBUG - HostKey agreed: ssh-ed25519
2020-06-29 18:57:32,264 DEBUG - Cipher agreed: aes128-ctr
2020-06-29 18:57:32,264 DEBUG - MAC agreed: hmac-sha2-256
2020-06-29 18:57:32,264 DEBUG - Compression agreed: none
2020-06-29 18:57:32,276 DEBUG - kex engine KexCurve25519 specified hash_algo <built-in function openssl_sha256>
2020-06-29 18:57:32,276 DEBUG - Switch to new keys ...
2020-06-29 18:57:32,308 DEBUG - Adding ssh-ed25519 host key for [59.188.83.86]:28032: 649bfb2ade50b259183468bcc4a641be
2020-06-29 18:57:32,309 DEBUG - Trying discovered key f1e2a20412f7e99b7abdb041b22f15e1 in /root/.ssh/id_rsa
2020-06-29 18:57:32,320 DEBUG - userauth is OK
2020-06-29 18:57:32,759 INFO - Authentication (publickey) successful!
2020-06-29 18:57:32,777 DEBUG - [chan 0] Max packet in: 32768 bytes
2020-06-29 18:57:33,020 DEBUG - Received global request "hostkeys-00@openssh.com"
2020-06-29 18:57:33,020 DEBUG - Rejecting "hostkeys-00@openssh.com" global request from server.
2020-06-29 18:57:33,021 DEBUG - Debug msg: Adding to environment: NAME=argus
2020-06-29 18:57:33,077 DEBUG - [chan 0] Max packet out: 32768 bytes
2020-06-29 18:57:33,077 DEBUG - Secsh channel 0 opened.
2020-06-29 18:57:33,087 DEBUG - [chan 0] Sesch channel 0 request ok
2020-06-29 18:57:33,095 DEBUG - [chan 0] Sesch channel 0 request ok
2020-06-29 18:57:33,095 DEBUG - [chan 1] Max packet in: 32768 bytes
2020-06-29 18:57:33,098 DEBUG - [chan 1] Max packet out: 32768 bytes
2020-06-29 18:57:33,098 DEBUG - Secsh channel 1 opened.
2020-06-29 18:57:33,107 DEBUG - [chan 1] Sesch channel 1 request ok
2020-06-29 18:57:43,897 DEBUG - [chan 2] Max packet in: 32768 bytes
2020-06-29 18:57:43,898 DEBUG - [chan 1] EOF received (1)
2020-06-29 18:57:43,898 DEBUG - [chan 1] EOF sent (1)
2020-06-29 18:57:43,900 DEBUG - [chan 2] Max packet out: 32768 bytes
2020-06-29 18:57:43,900 DEBUG - Secsh channel 2 opened.
2020-06-29 18:57:43,948 DEBUG - [chan 2] Sesch channel 2 request ok
2020-06-29 18:57:43,974 DEBUG - [chan 2] EOF received (2)
2020-06-29 18:57:43,975 DEBUG - [chan 2] EOF sent (2)
2020-06-29 18:57:43,976 DEBUG - EOF in transport thread
2020-06-29 18:58:27,039 DEBUG - starting thread (client mode): 0xcf806a10L
2020-06-29 18:58:27,040 DEBUG - Local version/idstring: SSH-2.0-paramiko_2.6.0
2020-06-29 18:58:27,058 DEBUG - Remote version/idstring: SSH-2.0-OpenSSH_7.4
2020-06-29 18:58:27,058 INFO - Connected (version 2.0, client OpenSSH_7.4)
2020-06-29 18:58:27,062 DEBUG - kex algos:[u'curve25519-sha256', u'curve25519-sha256@libssh.org', u'ecdh-sha2-nistp256', u'ecdh-sha2-nistp384', u'ecdh-sha2-nistp521', u'diffie-hellman-group-exchange-sha256', u'diffie-hellman-group16-sha512', u'diffie-hellman-group18-sha512', u'diffie-hellman-group-exchange-sha1', u'diffie-hellman-group14-sha256', u'diffie-hellman-group14-sha1', u'diffie-hellman-group1-sha1'] server key:[u'ssh-rsa', u'rsa-sha2-512', u'rsa-sha2-256', u'ecdsa-sha2-nistp256', u'ssh-ed25519'] client encrypt:[u'chacha20-poly1305@openssh.com', u'aes128-ctr', u'aes192-ctr', u'aes256-ctr', u'aes128-gcm@openssh.com', u'aes256-gcm@openssh.com', u'aes128-cbc', u'aes192-cbc', u'aes256-cbc', u'blowfish-cbc', u'cast128-cbc', u'3des-cbc'] server encrypt:[u'chacha20-poly1305@openssh.com', u'aes128-ctr', u'aes192-ctr', u'aes256-ctr', u'aes128-gcm@openssh.com', u'aes256-gcm@openssh.com', u'aes128-cbc', u'aes192-cbc', u'aes256-cbc', u'blowfish-cbc', u'cast128-cbc', u'3des-cbc'] client mac:[u'umac-64-etm@openssh.com', u'umac-128-etm@openssh.com', u'hmac-sha2-256-etm@openssh.com', u'hmac-sha2-512-etm@openssh.com', u'hmac-sha1-etm@openssh.com', u'umac-64@openssh.com', u'umac-128@openssh.com', u'hmac-sha2-256', u'hmac-sha2-512', u'hmac-sha1'] server mac:[u'umac-64-etm@openssh.com', u'umac-128-etm@openssh.com', u'hmac-sha2-256-etm@openssh.com', u'hmac-sha2-512-etm@openssh.com', u'hmac-sha1-etm@openssh.com', u'umac-64@openssh.com', u'umac-128@openssh.com', u'hmac-sha2-256', u'hmac-sha2-512', u'hmac-sha1'] client compress:[u'none', u'zlib@openssh.com'] server compress:[u'none', u'zlib@openssh.com'] client lang:[u''] server lang:[u''] kex follows?False
2020-06-29 18:58:27,063 DEBUG - Kex agreed: curve25519-sha256@libssh.org
2020-06-29 18:58:27,063 DEBUG - HostKey agreed: ssh-ed25519
2020-06-29 18:58:27,063 DEBUG - Cipher agreed: aes128-ctr
2020-06-29 18:58:27,063 DEBUG - MAC agreed: hmac-sha2-256
2020-06-29 18:58:27,063 DEBUG - Compression agreed: none
2020-06-29 18:58:27,073 DEBUG - kex engine KexCurve25519 specified hash_algo <built-in function openssl_sha256>
2020-06-29 18:58:27,074 DEBUG - Switch to new keys ...
2020-06-29 18:58:27,105 DEBUG - Adding ssh-ed25519 host key for [58.64.177.223]:28032: 649bfb2ade50b259183468bcc4a641be
2020-06-29 18:58:27,106 DEBUG - Trying discovered key f1e2a20412f7e99b7abdb041b22f15e1 in /root/.ssh/id_rsa
2020-06-29 18:58:27,117 DEBUG - userauth is OK
2020-06-29 18:58:32,182 INFO - Authentication (publickey) successful!
2020-06-29 18:58:32,209 DEBUG - [chan 0] Max packet in: 32768 bytes
2020-06-29 18:58:32,418 DEBUG - Received global request "hostkeys-00@openssh.com"
2020-06-29 18:58:32,418 DEBUG - Rejecting "hostkeys-00@openssh.com" global request from server.
2020-06-29 18:58:32,418 DEBUG - Debug msg: Adding to environment: NAME=argus
2020-06-29 18:58:32,459 DEBUG - [chan 0] Max packet out: 32768 bytes
2020-06-29 18:58:32,459 DEBUG - Secsh channel 0 opened.
2020-06-29 18:58:32,485 DEBUG - [chan 0] Sesch channel 0 request ok
2020-06-29 18:58:32,496 DEBUG - [chan 0] Sesch channel 0 request ok
2020-06-29 18:58:32,496 DEBUG - [chan 1] Max packet in: 32768 bytes
2020-06-29 18:58:32,499 DEBUG - [chan 1] Max packet out: 32768 bytes
2020-06-29 18:58:32,499 DEBUG - Secsh channel 1 opened.
2020-06-29 18:58:32,509 DEBUG - [chan 1] Sesch channel 1 request ok
2020-06-29 18:58:43,169 DEBUG - [chan 2] Max packet in: 32768 bytes
2020-06-29 18:58:43,170 DEBUG - [chan 1] EOF received (1)
2020-06-29 18:58:43,170 DEBUG - [chan 1] EOF sent (1)
2020-06-29 18:58:43,172 DEBUG - [chan 2] Max packet out: 32768 bytes
2020-06-29 18:58:43,172 DEBUG - Secsh channel 2 opened.
2020-06-29 18:58:43,223 DEBUG - [chan 2] Sesch channel 2 request ok
2020-06-29 18:58:43,246 DEBUG - [chan 2] EOF received (2)
2020-06-29 18:58:43,247 DEBUG - [chan 2] EOF sent (2)
2020-06-29 18:58:43,248 DEBUG - EOF in transport thread
2020-06-29 19:13:45,209 DEBUG - starting thread (client mode): 0xc99840d0L
2020-06-29 19:13:45,209 DEBUG - Local version/idstring: SSH-2.0-paramiko_2.6.0
2020-06-29 19:13:45,223 DEBUG - Remote version/idstring: SSH-2.0-OpenSSH_7.4
2020-06-29 19:13:45,223 INFO - Connected (version 2.0, client OpenSSH_7.4)
2020-06-29 19:13:45,227 DEBUG - kex algos:[u'curve25519-sha256', u'curve25519-sha256@libssh.org', u'ecdh-sha2-nistp256', u'ecdh-sha2-nistp384', u'ecdh-sha2-nistp521', u'diffie-hellman-group-exchange-sha256', u'diffie-hellman-group16-sha512', u'diffie-hellman-group18-sha512', u'diffie-hellman-group-exchange-sha1', u'diffie-hellman-group14-sha256', u'diffie-hellman-group14-sha1', u'diffie-hellman-group1-sha1'] server key:[u'ssh-rsa', u'rsa-sha2-512', u'rsa-sha2-256', u'ecdsa-sha2-nistp256', u'ssh-ed25519'] client encrypt:[u'chacha20-poly1305@openssh.com', u'aes128-ctr', u'aes192-ctr', u'aes256-ctr', u'aes128-gcm@openssh.com', u'aes256-gcm@openssh.com', u'aes128-cbc', u'aes192-cbc', u'aes256-cbc', u'blowfish-cbc', u'cast128-cbc', u'3des-cbc'] server encrypt:[u'chacha20-poly1305@openssh.com', u'aes128-ctr', u'aes192-ctr', u'aes256-ctr', u'aes128-gcm@openssh.com', u'aes256-gcm@openssh.com', u'aes128-cbc', u'aes192-cbc', u'aes256-cbc', u'blowfish-cbc', u'cast128-cbc', u'3des-cbc'] client mac:[u'umac-64-etm@openssh.com', u'umac-128-etm@openssh.com', u'hmac-sha2-256-etm@openssh.com', u'hmac-sha2-512-etm@openssh.com', u'hmac-sha1-etm@openssh.com', u'umac-64@openssh.com', u'umac-128@openssh.com', u'hmac-sha2-256', u'hmac-sha2-512', u'hmac-sha1'] server mac:[u'umac-64-etm@openssh.com', u'umac-128-etm@openssh.com', u'hmac-sha2-256-etm@openssh.com', u'hmac-sha2-512-etm@openssh.com', u'hmac-sha1-etm@openssh.com', u'umac-64@openssh.com', u'umac-128@openssh.com', u'hmac-sha2-256', u'hmac-sha2-512', u'hmac-sha1'] client compress:[u'none', u'zlib@openssh.com'] server compress:[u'none', u'zlib@openssh.com'] client lang:[u''] server lang:[u''] kex follows?False
2020-06-29 19:13:45,227 DEBUG - Kex agreed: curve25519-sha256@libssh.org
2020-06-29 19:13:45,227 DEBUG - HostKey agreed: ssh-ed25519
2020-06-29 19:13:45,227 DEBUG - Cipher agreed: aes128-ctr
2020-06-29 19:13:45,227 DEBUG - MAC agreed: hmac-sha2-256
2020-06-29 19:13:45,227 DEBUG - Compression agreed: none
2020-06-29 19:13:45,282 DEBUG - kex engine KexCurve25519 specified hash_algo <built-in function openssl_sha256>
2020-06-29 19:13:45,282 DEBUG - Switch to new keys ...
2020-06-29 19:13:45,311 DEBUG - Adding ssh-ed25519 host key for [154.221.25.21]:28032: fb679dcdfda01a6424c0563de3f822e1
2020-06-29 19:13:45,312 DEBUG - Trying discovered key f1e2a20412f7e99b7abdb041b22f15e1 in /root/.ssh/id_rsa
2020-06-29 19:13:45,328 DEBUG - userauth is OK
2020-06-29 19:13:45,410 INFO - Authentication (publickey) successful!
2020-06-29 19:13:45,413 DEBUG - [chan 0] Max packet in: 32768 bytes
2020-06-29 19:13:45,422 DEBUG - Received global request "hostkeys-00@openssh.com"
2020-06-29 19:13:45,423 DEBUG - Rejecting "hostkeys-00@openssh.com" global request from server.
2020-06-29 19:13:45,423 DEBUG - Debug msg: Adding to environment: NAME=argus
2020-06-29 19:13:45,469 DEBUG - [chan 0] Max packet out: 32768 bytes
2020-06-29 19:13:45,469 DEBUG - Secsh channel 0 opened.
2020-06-29 19:13:45,482 DEBUG - [chan 0] Sesch channel 0 request ok
2020-06-29 19:13:45,488 DEBUG - [chan 0] Sesch channel 0 request ok
2020-06-29 19:13:45,488 DEBUG - [chan 1] Max packet in: 32768 bytes
2020-06-29 19:13:45,492 DEBUG - [chan 1] Max packet out: 32768 bytes
2020-06-29 19:13:45,492 DEBUG - Secsh channel 1 opened.
2020-06-29 19:13:45,503 DEBUG - [chan 1] Sesch channel 1 request ok
2020-06-29 19:13:51,052 DEBUG - [chan 2] Max packet in: 32768 bytes
2020-06-29 19:13:51,054 DEBUG - [chan 1] EOF received (1)
2020-06-29 19:13:51,054 DEBUG - [chan 1] EOF sent (1)
2020-06-29 19:13:51,056 DEBUG - [chan 2] Max packet out: 32768 bytes
2020-06-29 19:13:51,056 DEBUG - Secsh channel 2 opened.
2020-06-29 19:13:51,104 DEBUG - [chan 2] Sesch channel 2 request ok
2020-06-29 19:13:51,117 DEBUG - [chan 2] EOF received (2)
2020-06-29 19:13:51,118 DEBUG - [chan 2] EOF sent (2)
2020-06-29 19:13:51,118 DEBUG - EOF in transport thread
