2020-02-06 03:08:41,742 DEBUG - (jonas.nicanor) - Successfully loaded and updated table
2020-02-06 23:56:12,654 DEBUG - starting thread (client mode): 0x83aba7d0L
2020-02-06 23:56:12,654 DEBUG - Local version/idstring: SSH-2.0-paramiko_2.6.0
2020-02-06 23:56:12,661 DEBUG - Remote version/idstring: SSH-2.0-OpenSSH_7.4
2020-02-06 23:56:12,661 INFO - Connected (version 2.0, client OpenSSH_7.4)
2020-02-06 23:56:12,664 DEBUG - kex algos:[u'curve25519-sha256', u'curve25519-sha256@libssh.org', u'ecdh-sha2-nistp256', u'ecdh-sha2-nistp384', u'ecdh-sha2-nistp521', u'diffie-hellman-group-exchange-sha256', u'diffie-hellman-group16-sha512', u'diffie-hellman-group18-sha512', u'diffie-hellman-group-exchange-sha1', u'diffie-hellman-group14-sha256', u'diffie-hellman-group14-sha1', u'diffie-hellman-group1-sha1'] server key:[u'ssh-rsa', u'rsa-sha2-512', u'rsa-sha2-256', u'ssh-dss', u'ecdsa-sha2-nistp256', u'ssh-ed25519'] client encrypt:[u'chacha20-poly1305@openssh.com', u'aes128-ctr', u'aes192-ctr', u'aes256-ctr', u'aes128-gcm@openssh.com', u'aes256-gcm@openssh.com', u'aes128-cbc', u'aes192-cbc', u'aes256-cbc', u'blowfish-cbc', u'cast128-cbc', u'3des-cbc'] server encrypt:[u'chacha20-poly1305@openssh.com', u'aes128-ctr', u'aes192-ctr', u'aes256-ctr', u'aes128-gcm@openssh.com', u'aes256-gcm@openssh.com', u'aes128-cbc', u'aes192-cbc', u'aes256-cbc', u'blowfish-cbc', u'cast128-cbc', u'3des-cbc'] client mac:[u'umac-64-etm@openssh.com', u'umac-128-etm@openssh.com', u'hmac-sha2-256-etm@openssh.com', u'hmac-sha2-512-etm@openssh.com', u'hmac-sha1-etm@openssh.com', u'umac-64@openssh.com', u'umac-128@openssh.com', u'hmac-sha2-256', u'hmac-sha2-512', u'hmac-sha1'] server mac:[u'umac-64-etm@openssh.com', u'umac-128-etm@openssh.com', u'hmac-sha2-256-etm@openssh.com', u'hmac-sha2-512-etm@openssh.com', u'hmac-sha1-etm@openssh.com', u'umac-64@openssh.com', u'umac-128@openssh.com', u'hmac-sha2-256', u'hmac-sha2-512', u'hmac-sha1'] client compress:[u'none', u'zlib@openssh.com'] server compress:[u'none', u'zlib@openssh.com'] client lang:[u''] server lang:[u''] kex follows?False
2020-02-06 23:56:12,664 DEBUG - Kex agreed: curve25519-sha256@libssh.org
2020-02-06 23:56:12,664 DEBUG - HostKey agreed: ssh-ed25519
2020-02-06 23:56:12,664 DEBUG - Cipher agreed: aes128-ctr
2020-02-06 23:56:12,665 DEBUG - MAC agreed: hmac-sha2-256
2020-02-06 23:56:12,665 DEBUG - Compression agreed: none
2020-02-06 23:56:12,713 DEBUG - kex engine KexCurve25519 specified hash_algo <built-in function openssl_sha256>
2020-02-06 23:56:12,715 DEBUG - Switch to new keys ...
2020-02-06 23:56:12,721 DEBUG - Adding ssh-ed25519 host key for [119.28.27.203]:28032: 1b13146a61b7ab58444e46560da54f14
2020-02-06 23:56:12,723 DEBUG - Trying discovered key f1e2a20412f7e99b7abdb041b22f15e1 in /root/.ssh/id_rsa
2020-02-06 23:56:12,782 DEBUG - userauth is OK
2020-02-06 23:56:18,017 INFO - Authentication (publickey) successful!
2020-02-06 23:56:18,046 DEBUG - [chan 0] Max packet in: 32768 bytes
2020-02-06 23:56:18,123 DEBUG - Received global request "hostkeys-00@openssh.com"
2020-02-06 23:56:18,123 DEBUG - Rejecting "hostkeys-00@openssh.com" global request from server.
2020-02-06 23:56:18,123 DEBUG - Debug msg: Adding to environment: NAME=argus
2020-02-06 23:56:18,163 DEBUG - [chan 0] Max packet out: 32768 bytes
2020-02-06 23:56:18,163 DEBUG - Secsh channel 0 opened.
2020-02-06 23:56:18,232 DEBUG - [chan 0] Sesch channel 0 request ok
2020-02-06 23:56:18,237 DEBUG - [chan 0] Sesch channel 0 request ok
2020-02-06 23:56:18,238 DEBUG - [chan 1] Max packet in: 32768 bytes
2020-02-06 23:56:18,241 DEBUG - [chan 1] Max packet out: 32768 bytes
2020-02-06 23:56:18,241 DEBUG - Secsh channel 1 opened.
2020-02-06 23:56:18,288 DEBUG - [chan 1] Sesch channel 1 request ok
2020-02-06 23:56:30,052 DEBUG - [chan 2] Max packet in: 32768 bytes
2020-02-06 23:56:30,054 DEBUG - [chan 1] EOF received (1)
2020-02-06 23:56:30,054 DEBUG - [chan 1] EOF sent (1)
2020-02-06 23:56:30,054 DEBUG - [chan 2] Max packet out: 32768 bytes
2020-02-06 23:56:30,054 DEBUG - Secsh channel 2 opened.
2020-02-06 23:56:30,129 DEBUG - [chan 2] Sesch channel 2 request ok
2020-02-06 23:56:30,140 DEBUG - [chan 2] EOF received (2)
2020-02-06 23:56:30,140 DEBUG - [chan 2] EOF sent (2)
2020-02-06 23:56:30,141 DEBUG - EOF in transport thread
2020-02-07 00:45:06,031 DEBUG - starting thread (client mode): 0x83c09b10L
2020-02-07 00:45:06,031 DEBUG - Local version/idstring: SSH-2.0-paramiko_2.6.0
2020-02-07 00:45:06,040 DEBUG - Remote version/idstring: SSH-2.0-OpenSSH_7.4
2020-02-07 00:45:06,040 INFO - Connected (version 2.0, client OpenSSH_7.4)
2020-02-07 00:45:06,043 DEBUG - kex algos:[u'curve25519-sha256', u'curve25519-sha256@libssh.org', u'ecdh-sha2-nistp256', u'ecdh-sha2-nistp384', u'ecdh-sha2-nistp521', u'diffie-hellman-group-exchange-sha256', u'diffie-hellman-group16-sha512', u'diffie-hellman-group18-sha512', u'diffie-hellman-group-exchange-sha1', u'diffie-hellman-group14-sha256', u'diffie-hellman-group14-sha1', u'diffie-hellman-group1-sha1'] server key:[u'ssh-rsa', u'rsa-sha2-512', u'rsa-sha2-256', u'ssh-dss', u'ecdsa-sha2-nistp256', u'ssh-ed25519'] client encrypt:[u'chacha20-poly1305@openssh.com', u'aes128-ctr', u'aes192-ctr', u'aes256-ctr', u'aes128-gcm@openssh.com', u'aes256-gcm@openssh.com', u'aes128-cbc', u'aes192-cbc', u'aes256-cbc', u'blowfish-cbc', u'cast128-cbc', u'3des-cbc'] server encrypt:[u'chacha20-poly1305@openssh.com', u'aes128-ctr', u'aes192-ctr', u'aes256-ctr', u'aes128-gcm@openssh.com', u'aes256-gcm@openssh.com', u'aes128-cbc', u'aes192-cbc', u'aes256-cbc', u'blowfish-cbc', u'cast128-cbc', u'3des-cbc'] client mac:[u'umac-64-etm@openssh.com', u'umac-128-etm@openssh.com', u'hmac-sha2-256-etm@openssh.com', u'hmac-sha2-512-etm@openssh.com', u'hmac-sha1-etm@openssh.com', u'umac-64@openssh.com', u'umac-128@openssh.com', u'hmac-sha2-256', u'hmac-sha2-512', u'hmac-sha1'] server mac:[u'umac-64-etm@openssh.com', u'umac-128-etm@openssh.com', u'hmac-sha2-256-etm@openssh.com', u'hmac-sha2-512-etm@openssh.com', u'hmac-sha1-etm@openssh.com', u'umac-64@openssh.com', u'umac-128@openssh.com', u'hmac-sha2-256', u'hmac-sha2-512', u'hmac-sha1'] client compress:[u'none', u'zlib@openssh.com'] server compress:[u'none', u'zlib@openssh.com'] client lang:[u''] server lang:[u''] kex follows?False
2020-02-07 00:45:06,043 DEBUG - Kex agreed: curve25519-sha256@libssh.org
2020-02-07 00:45:06,043 DEBUG - HostKey agreed: ssh-ed25519
2020-02-07 00:45:06,043 DEBUG - Cipher agreed: aes128-ctr
2020-02-07 00:45:06,043 DEBUG - MAC agreed: hmac-sha2-256
2020-02-07 00:45:06,044 DEBUG - Compression agreed: none
2020-02-07 00:45:06,095 DEBUG - kex engine KexCurve25519 specified hash_algo <built-in function openssl_sha256>
2020-02-07 00:45:06,096 DEBUG - Switch to new keys ...
2020-02-07 00:45:06,097 DEBUG - Adding ssh-ed25519 host key for [119.28.27.203]:28032: 1b13146a61b7ab58444e46560da54f14
2020-02-07 00:45:06,101 DEBUG - Trying discovered key f1e2a20412f7e99b7abdb041b22f15e1 in /root/.ssh/id_rsa
2020-02-07 00:45:06,140 DEBUG - userauth is OK
2020-02-07 00:45:11,236 INFO - Authentication (publickey) successful!
2020-02-07 00:45:11,253 DEBUG - [chan 0] Max packet in: 32768 bytes
2020-02-07 00:45:11,339 DEBUG - Received global request "hostkeys-00@openssh.com"
2020-02-07 00:45:11,339 DEBUG - Rejecting "hostkeys-00@openssh.com" global request from server.
2020-02-07 00:45:11,339 DEBUG - Debug msg: Adding to environment: NAME=argus
2020-02-07 00:45:11,380 DEBUG - [chan 0] Max packet out: 32768 bytes
2020-02-07 00:45:11,380 DEBUG - Secsh channel 0 opened.
2020-02-07 00:45:11,454 DEBUG - [chan 0] Sesch channel 0 request ok
2020-02-07 00:45:11,460 DEBUG - [chan 0] Sesch channel 0 request ok
2020-02-07 00:45:11,461 DEBUG - [chan 1] Max packet in: 32768 bytes
2020-02-07 00:45:11,464 DEBUG - [chan 1] Max packet out: 32768 bytes
2020-02-07 00:45:11,465 DEBUG - Secsh channel 1 opened.
2020-02-07 00:45:11,509 DEBUG - [chan 1] Sesch channel 1 request ok
2020-02-07 00:45:11,517 DEBUG - [chan 1] EOF received (1)
2020-02-07 00:45:11,517 DEBUG - [chan 1] EOF sent (1)
2020-02-07 00:45:11,518 DEBUG - EOF in transport thread
2020-02-07 01:06:58,161 DEBUG - ###############
2020-02-07 01:06:58,172 DEBUG - DOMAIN STATUS
2020-02-07 01:06:58,172 INFO - {u'reason': u'success', u'error_code': 0, u'result': {u'CompanyName': u'\u5b81\u6ce2\u5f6d\u8463\u8d38\u6613\u6709\u9650\u516c\u53f8', u'SiteName': u'\u5b81\u6ce2\u5f6d\u8463\u8d38\u6613\u6709\u9650\u516c\u53f8', u'VerifyTime': u'2018-07-24 00:00:00', u'MainPage': u'www.hdipd.cn', u'SiteLicense': u'\u6d59ICP\u590718031115\u53f7-1', u'CompanyType': u'\u4f01\u4e1a'}}
