2020-11-27 18:23:29,300 DEBUG - (aaron.navarro) - Successfully loaded and updated table
2020-11-27 18:23:30,904 INFO - "GET /ssl-checker/ HTTP/1.0" 200 2497614
2020-11-27 18:23:39,482 INFO - "GET /cdn-checker/ HTTP/1.0" 200 18031
2020-11-27 18:25:05,132 DEBUG - computed TLD diff:
--- .tld_set_snapshot

+++ /app/argus_final/venv/lib/python2.7/site-packages/tldextract/.tld_set

@@ -5,24 +5,17 @@

 !city.sapporo.jp
 !city.sendai.jp
 !city.yokohama.jp
-!teledata.mz
 !www.ck
 *.bd
-*.bn
 *.ck
 *.er
-*.fj
 *.fk
-*.gu
 *.jm
 *.kawasaki.jp
-*.ke
 *.kh
 *.kitakyushu.jp
 *.kobe.jp
-*.kw
 *.mm
-*.mz
 *.nagoya.jp
 *.nom.br
 *.np
@@ -32,8 +25,6 @@

 *.sendai.jp
 *.ye
 *.yokohama.jp
-*.zm
-*.zw
 0.bg
 1.bg
 2.bg
@@ -45,6 +36,7 @@

 7.bg
 8.bg
 9.bg
+9guacu.br
 a.bg
 a.se
 aa.no
@@ -59,6 +51,7 @@

 abbott
 abbvie
 abc
+abc.br
 abeno.osaka.jp
 abiko.chiba.jp
 abira.hokkaido.jp
@@ -77,25 +70,29 @@

 ac.cn
 ac.cr
 ac.cy
+ac.fj
 ac.gn
+ac.gov.br
 ac.id
 ac.il
 ac.im
 ac.in
 ac.ir
 ac.jp
+ac.ke
 ac.kr
 ac.lk
+ac.ls
 ac.ma
 ac.me
 ac.mu
 ac.mw
+ac.mz
 ac.ni
 ac.nz
 ac.pa
 ac.pr
 ac.rs
-ac.ru
 ac.rw
 ac.se
 ac.sz
@@ -106,7 +103,10 @@

 ac.uk
 ac.vn
 ac.za
+ac.zm
+ac.zw
 aca.pro
+academia.bo
 academy
 academy.museum
 accenture
@@ -119,7 +119,6 @@

 aco
 act.au
 act.edu.au
-active
 actor
 ad
 ad.jp
@@ -130,8 +129,7 @@

 adult
 adult.ht
 adv.br
-adygeya.ru
-adygeya.su
+adv.mz
 ae
 aeg
 aejrie.no
@@ -148,7 +146,6 @@

 afjord.no
 afl
 africa
-africamagic
 ag
 ag.it
 aga.niigata.jp
@@ -164,6 +161,7 @@

 agriculture.museum
 agrigento.it
 agrinet.tn
+agro.bo
 agro.pl
 aguni.okinawa.jp
 ah.cn
@@ -173,7 +171,6 @@

 aichi.jp
 aid.pl
 aig
-aigo
 aikawa.kanagawa.jp
 ainan.ehime.jp
 aioi.hyogo.jp
@@ -195,6 +192,7 @@

 aizumi.tokushima.jp
 aizumisato.fukushima.jp
 aizuwakamatsu.fukushima.jp
+aju.br
 ak.us
 akabira.hokkaido.jp
 akagi.shimane.jp
@@ -212,6 +210,7 @@

 akrehamn.no
 akune.kagoshima.jp
 al
+al.gov.br
 al.it
 al.no
 al.us
@@ -233,17 +232,18 @@

 alstom
 alt.za
 alta.no
-altai.ru
 alto-adige.it
 altoadige.it
 alvdal.no
 am
 am.br
+am.gov.br
 ama.aichi.jp
 ama.shimane.jp
 amagasaki.hyogo.jp
 amakusa.kumamoto.jp
 amami.kagoshima.jp
+amazon
 amber.museum
 ambulance.aero
 ambulance.museum
@@ -261,14 +261,13 @@

 amot.no
 amsterdam
 amsterdam.museum
-amur.ru
-amursk.ru
 amusement.aero
 an.it
 analytics
 anamizu.ishikawa.jp
 anan.nagano.jp
 anan.tokushima.jp
+anani.br
 ancona.it
 and.museum
 andasuolo.no
@@ -282,6 +281,7 @@

 android
 andøy.no
 anjo.aichi.jp
+ann-arbor.mi.us
 annaka.gunma.jp
 annefrank.museum
 anpachi.gifu.jp
@@ -302,11 +302,15 @@

 aosta.it
 aostavalley.it
 aoste.it
+ap.gov.br
 ap.gov.pl
 ap.it
+aparecida.br
 apartments
 app
+app.br
 apple
+aprendemas.cl
 aq
 aq.it
 aquarelle
@@ -334,12 +338,11 @@

 arida.wakayama.jp
 aridagawa.wakayama.jp
 arita.saga.jp
-arkhangelsk.ru
-arkhangelsk.su
 army
 arna.no
 arpa
 arq.br
+art
 art.br
 art.do
 art.dz
@@ -350,6 +353,7 @@

 artcenter.museum
 artdeco.museum
 arte
+arte.bo
 arteducation.museum
 artgallery.museum
 arts.co
@@ -395,7 +399,6 @@

 ass.km
 assabu.hokkaido.jp
 assassination.museum
-assedic.fr
 assisi.museum
 assn.lk
 asso.bj
@@ -412,7 +415,6 @@

 association.aero
 association.museum
 asti.it
-astrakhan.ru
 astronomy.museum
 asuke.aichi.jp
 at
@@ -477,6 +479,7 @@

 b.br
 b.se
 ba
+ba.gov.br
 ba.it
 babia-gora.pl
 baby
@@ -488,14 +491,15 @@

 bahn.museum
 baidar.no
 baidu
-baikal.ru
 bajddar.no
-balashov.su
 balat.no
 bale.museum
 balestrand.no
 ballangen.no
 ballooning.aero
+balsan-sudtirol.it
+balsan-suedtirol.it
+balsan-südtirol.it
 balsan.it
 balsfjord.no
 baltimore.museum
@@ -519,13 +523,12 @@

 barletta-trani-andria.it
 barlettatraniandria.it
 barreau.bj
+barueri.br
 barum.no
 bas.it
 baseball
 baseball.museum
 basel.museum
-bashkiria.ru
-bashkiria.su
 basilicata.it
 basketball
 baths.museum
@@ -556,7 +559,7 @@

 beiarn.no
 bel.tr
 belau.pw
-belgorod.ru
+belem.br
 bellevue.museum
 belluno.it
 benevento.it
@@ -581,10 +584,12 @@

 bg.it
 bh
 bharti
+bhz.br
 bi
 bi.it
 bialowieza.pl
 bialystok.pl
+bib.br
 bibai.hokkaido.jp
 bible
 bible.museum
@@ -605,7 +610,6 @@

 bingo
 bio
 bio.br
-bir.ru
 biratori.hokkaido.jp
 birdart.museum
 birkenes.no
@@ -615,8 +619,10 @@

 biz.bb
 biz.cy
 biz.et
+biz.fj
 biz.id
 biz.ki
+biz.ls
 biz.mv
 biz.mw
 biz.ni
@@ -624,10 +630,12 @@

 biz.pk
 biz.pl
 biz.pr
+biz.ss
 biz.tj
 biz.tr
 biz.tt
 biz.vn
+biz.zm
 bizen.okayama.jp
 bj
 bj.cn
@@ -638,9 +646,9 @@

 bl.it
 black
 blackfriday
-blanco
 blockbuster
 blog
+blog.bo
 blog.br
 bloomberg
 blue
@@ -648,22 +656,25 @@

 bmd.br
 bms
 bmw
+bn
 bn.it
-bnl
 bnpparibas
 bo
 bo.it
 bo.nordland.no
 bo.telemark.no
 boats
+boavista.br
 bodo.no
 bodø.no
 boehringer
 bofa
 bokn.no
 boleslawiec.pl
+bolivia.bo
 bologna.it
 bolt.hu
+bolzano-altoadige.it
 bolzano.it
 bom
 bomlo.no
@@ -672,7 +683,6 @@

 boo
 book
 booking
-boots
 bosch
 bostik
 boston
@@ -684,6 +694,9 @@

 botany.museum
 boutique
 box
+bozen-sudtirol.it
+bozen-suedtirol.it
+bozen-südtirol.it
 bozen.it
 br
 br.it
@@ -711,13 +724,12 @@

 brussels
 brussels.museum
 bruxelles.museum
-bryansk.ru
-bryansk.su
 bryne.no
 brønnøy.no
 brønnøysund.no
 bs
 bs.it
+bsb.br
 bt
 bt.it
 bu.no
@@ -727,11 +739,14 @@

 build
 builders
 building.museum
+bulsan-sudtirol.it
+bulsan-suedtirol.it
+bulsan-südtirol.it
+bulsan.it
 bungoono.oita.jp
 bungotakada.oita.jp
 bunkyo.tokyo.jp
 burghof.museum
-buryatia.ru
 bus.museum
 busan.kr
 bushey.museum
@@ -740,7 +755,6 @@

 buzen.fukuoka.jp
 buzz
 bv
-bv.nl
 bw
 by
 bydgoszcz.pl
@@ -780,6 +794,7 @@

 call
 caltanissetta.it
 calvinklein
+cam
 cam.it
 cambridge.museum
 camera
@@ -787,6 +802,8 @@

 campania.it
 campidano-medio.it
 campidanomedio.it
+campinagrande.br
+campinas.br
 campobasso.it
 can.museum
 canada.museum
@@ -809,7 +826,6 @@

 carraramassa.it
 carrier.museum
 cars
-cartier
 cartoonart.museum
 casa
 casadelamoneda.museum
@@ -827,9 +843,10 @@

 catering
 catering.aero
 catholic
+catholic.edu.au
+caxias.br
 cb.it
 cba
-cbg.ru
 cbn
 cbre
 cbs
@@ -892,6 +909,7 @@

 cc.wy.us
 cci.fr
 cd
+ce.gov.br
 ce.it
 ceb
 celtic.museum
@@ -901,7 +919,9 @@

 cern
 certification.aero
 cesena-forli.it
+cesena-forlì.it
 cesenaforli.it
+cesenaforlì.it
 cf
 cfa
 cfd
@@ -912,14 +932,13 @@

 championship.aero
 chanel
 channel
+charity
 charter.aero
 chase
 chat
 chattanooga.museum
 cheap
-chel.ru
 cheltenham.museum
-chelyabinsk.ru
 cherkassy.ua
 cherkasy.ua
 chernigov.ua
@@ -952,12 +971,10 @@

 chirurgiens-dentistes.fr
 chiryu.aichi.jp
 chita.aichi.jp
-chita.ru
 chitose.hokkaido.jp
 chiyoda.gunma.jp
 chiyoda.tokyo.jp
 chizu.tottori.jp
-chloe
 chocolate.museum
 chofu.tokyo.jp
 chonan.chiba.jp
@@ -967,9 +984,7 @@

 christiansburg.museum
 christmas
 chrome
-chrysler
 chtr.k12.ma.us
-chukotka.ru
 chungbuk.kr
 chungnam.kr
 chuo.chiba.jp
@@ -978,9 +993,9 @@

 chuo.tokyo.jp
 chuo.yamanashi.jp
 church
-chuvashia.ru
 ci
 ci.it
+ciencia.bo
 cieszyn.pl
 cim.br
 cincinnati.museum
@@ -1016,7 +1031,6 @@

 club.tw
 clubmed
 cm
-cmw.ru
 cn
 cn.it
 cn.ua
@@ -1025,9 +1039,9 @@

 co
 co.ae
 co.ag
+co.am
 co.ao
 co.at
-co.ba
 co.bb
 co.bi
 co.bw
@@ -1047,6 +1061,7 @@

 co.it
 co.je
 co.jp
+co.ke
 co.kr
 co.lc
 co.ls
@@ -1055,6 +1070,7 @@

 co.mg
 co.mu
 co.mw
+co.mz
 co.na
 co.ni
 co.nz
@@ -1077,12 +1093,15 @@

 co.ve
 co.vi
 co.za
+co.zm
+co.zw
 coach
 coal.museum
 coastaldefence.museum
 codes
 cody.museum
 coffee
+cog.mi.us
 coldwar.museum
 collection.museum
 college
@@ -1097,6 +1116,7 @@

 com.ag
 com.ai
 com.al
+com.am
 com.ar
 com.au
 com.aw
@@ -1106,6 +1126,7 @@

 com.bh
 com.bi
 com.bm
+com.bn
 com.bo
 com.br
 com.bs
@@ -1127,6 +1148,8 @@

 com.eg
 com.es
 com.et
+com.fj
+com.fm
 com.fr
 com.ge
 com.gh
@@ -1136,6 +1159,7 @@

 com.gp
 com.gr
 com.gt
+com.gu
 com.gy
 com.hk
 com.hn
@@ -1150,6 +1174,7 @@

 com.ki
 com.km
 com.kp
+com.kw
 com.ky
 com.kz
 com.la
@@ -1189,8 +1214,6 @@

 com.qa
 com.re
 com.ro
-com.ru
-com.rw
 com.sa
 com.sb
 com.sc
@@ -1200,6 +1223,7 @@

 com.sl
 com.sn
 com.so
+com.ss
 com.st
 com.sv
 com.sy
@@ -1220,8 +1244,10 @@

 com.vn
 com.vu
 com.ws
+com.zm
 comcast
 commbank
+commune.am
 communication.museum
 communications.museum
 community
@@ -1244,6 +1270,7 @@

 consulting
 consulting.aero
 contact
+contagem.br
 contemporary.museum
 contemporaryart.museum
 contractors
@@ -1259,7 +1286,9 @@

 coop.mv
 coop.mw
 coop.py
+coop.rw
 coop.tt
+cooperativa.bo
 copenhagen.museum
 corporation.museum
 correios-e-telecomunicações.museum
@@ -1274,6 +1303,8 @@

 coupon
 coupons
 courses
+coz.br
+cpa
 cpa.pro
 cq.cn
 cr
@@ -1287,6 +1318,7 @@

 creditunion
 cremona.it
 crew.aero
+cri.br
 cri.nz
 cricket
 crimea.ua
@@ -1300,15 +1332,18 @@

 ct.it
 ct.us
 cu
+cuiaba.br
 cuisinella
 cultural.museum
 culturalcenter.museum
 culture.museum
 cuneo.it
+curitiba.br
 cv
 cv.ua
 cw
 cx
+cy
 cyber.museum
 cymru
 cymru.museum
@@ -1323,8 +1358,6 @@

 dad
 daegu.kr
 daejeon.kr
-dagestan.ru
-dagestan.su
 daigo.ibaraki.jp
 daisen.akita.jp
 daito.osaka.jp
@@ -1332,6 +1365,7 @@

 dali.museum
 dallas.museum
 dance
+data
 database.museum
 date
 date.fukushima.jp
@@ -1354,6 +1388,7 @@

 deals
 deatnu.no
 decorativearts.museum
+def.br
 defense.tn
 degree
 delaware.museum
@@ -1364,19 +1399,25 @@

 delmenhorst.museum
 deloitte
 delta
+democracia.bo
 democrat
 denmark.museum
 dental
 dentist
 dep.no
+deporte.bo
 depot.museum
+des.br
 desa.id
 desi
 design
 design.aero
 design.museum
+det.br
 detroit.museum
 dev
+dev.br
+df.gov.br
 dgca.aero
 dhl
 diamonds
@@ -1404,12 +1445,10 @@

 dnp
 do
 docs
-dodge
+doctor
 dog
-doha
 dolls.museum
 domains
-dominic.ua
 donetsk.ua
 donna.no
 donostia.museum
@@ -1425,23 +1464,20 @@

 drive
 drobak.no
 drøbak.no
-dstv
+dst.mi.us
 dtv
 dubai
 duck
-dudinka.ru
 dunlop
-duns
 dupont
 durban
 durham.museum
 dvag
-dwg
+dvr
 dyroy.no
 dyrøy.no
 dz
 dønna.no
-e-burg.ru
 e.bg
 e.se
 e12.ve
@@ -1450,6 +1486,7 @@

 eastafrica.museum
 eastcoast.museum
 eat
+eaton.mi.us
 ebetsu.hokkaido.jp
 ebina.kanagawa.jp
 ebino.miyazaki.jp
@@ -1457,7 +1494,10 @@

 ec
 echizen.fukui.jp
 ecn.br
+eco
 eco.br
+ecologia.bo
+economia.bo
 ed.ao
 ed.ci
 ed.cr
@@ -1477,6 +1517,7 @@

 edu.bh
 edu.bi
 edu.bm
+edu.bn
 edu.bo
 edu.br
 edu.bs
@@ -1495,6 +1536,8 @@

 edu.eg
 edu.es
 edu.et
+edu.fm
+edu.gd
 edu.ge
 edu.gh
 edu.gi
@@ -1503,6 +1546,7 @@

 edu.gp
 edu.gr
 edu.gt
+edu.gu
 edu.gy
 edu.hk
 edu.hn
@@ -1517,6 +1561,7 @@

 edu.km
 edu.kn
 edu.kp
+edu.kw
 edu.ky
 edu.kz
 edu.la
@@ -1524,6 +1569,7 @@

 edu.lc
 edu.lk
 edu.lr
+edu.ls
 edu.lv
 edu.ly
 edu.me
@@ -1538,6 +1584,7 @@

 edu.mw
 edu.mx
 edu.my
+edu.mz
 edu.ng
 edu.ni
 edu.nr
@@ -1555,8 +1602,6 @@

 edu.py
 edu.qa
 edu.rs
-edu.ru
-edu.rw
 edu.sa
 edu.sb
 edu.sc
@@ -1564,6 +1609,8 @@

 edu.sg
 edu.sl
 edu.sn
+edu.so
+edu.ss
 edu.st
 edu.sv
 edu.sy
@@ -1581,6 +1628,7 @@

 edu.vu
 edu.ws
 edu.za
+edu.zm
 education
 education.museum
 educational.museum
@@ -1606,21 +1654,23 @@

 elvendrell.museum
 elverum.no
 email
+emb.kw
 embaixada.st
 embetsu.hokkaido.jp
 embroidery.museum
 emerck
 emergency.aero
-emerson
 emilia-romagna.it
 emiliaromagna.it
 emp.br
+empresa.bo
 emr.it
 en.it
 ena.gifu.jp
 encyclopedic.museum
 enebakk.no
 energy
+enf.br
 eng.br
 eng.pro
 engerdal.no
@@ -1638,7 +1688,6 @@

 environment.museum
 environmentalconservation.museum
 epilepsy.museum
-epost
 epson
 equipment
 equipment.aero
@@ -1648,6 +1697,7 @@

 erotica.hu
 erotika.hu
 es
+es.gov.br
 es.kr
 esan.hokkaido.jp
 esashi.hokkaido.jp
@@ -1657,7 +1707,6 @@

 est.pr
 estate
 estate.museum
-esurance
 et
 etajima.hiroshima.jp
 etc.br
@@ -1675,7 +1724,6 @@

 evenes.no
 events
 evenášši.no
-everbank
 evje-og-hornnes.no
 exchange
 exchange.aero
@@ -1699,7 +1747,6 @@

 fan
 fans
 far.br
-fareast.ru
 farm
 farm.museum
 farmequipment.museum
@@ -1717,6 +1764,7 @@

 fedex
 fedje.no
 feedback
+feira.br
 fermo.it
 ferrara.it
 ferrari
@@ -1766,6 +1814,7 @@

 fit
 fitjar.no
 fitness
+fj
 fj.cn
 fjaler.no
 fjell.no
@@ -1784,11 +1833,11 @@

 flora.no
 florence.it
 florida.museum
+floripa.br
 florist
 floro.no
 florø.no
 flowers
-flsmidth
 fly
 flå.no
 fm
@@ -1801,6 +1850,7 @@

 folkebibl.no
 folldal.no
 foo
+food
 foodnetwork
 football
 force.museum
@@ -1809,8 +1859,11 @@

 forex
 forli-cesena.it
 forlicesena.it
+forlì-cesena.it
+forlìcesena.it
 forsale
 forsand.no
+fortal.br
 fortmissoula.museum
 fortworth.museum
 forum
@@ -1820,6 +1873,7 @@

 foundation
 foundation.museum
 fox
+foz.br
 fr
 fr.it
 frana.no
@@ -1831,7 +1885,6 @@

 freemasonry.museum
 frei.no
 freiburg.museum
-freight.aero
 fresenius
 fribourg.museum
 friuli-v-giulia.it
@@ -1953,6 +2006,7 @@

 gateway.museum
 gaular.no
 gausdal.no
+gay
 gb
 gbiz
 gc.ca
@@ -1967,6 +2021,7 @@

 geisei.kochi.jp
 gemological.museum
 gen.in
+gen.mi.us
 gen.nz
 gen.tr
 genkai.saga.jp
@@ -1974,6 +2029,7 @@

 genova.it
 gent
 genting
+geo.br
 geology.museum
 geometre-expert.fr
 george
@@ -2025,9 +2081,11 @@

 gniezno.pl
 go.ci
 go.cr
+go.gov.br
 go.id
 go.it
 go.jp
+go.ke
 go.kr
 go.pw
 go.th
@@ -2052,6 +2110,7 @@

 gobo.wakayama.jp
 godaddy
 godo.gifu.jp
+goiania.br
 gojome.akita.jp
 gok.pk
 gokase.miyazaki.jp
@@ -2062,7 +2121,6 @@

 gon.pk
 gonohe.aomori.jp
 goo
-goodhands
 goodyear
 goog
 google
@@ -2079,14 +2137,12 @@

 gotemba.shizuoka.jp
 goto.nagasaki.jp
 gotsu.shimane.jp
-gotv
 gouv.bj
 gouv.ci
 gouv.fr
 gouv.ht
 gouv.km
 gouv.ml
-gouv.rw
 gouv.sn
 gov
 gov.ac
@@ -2102,7 +2158,7 @@

 gov.bf
 gov.bh
 gov.bm
-gov.bo
+gov.bn
 gov.br
 gov.bs
 gov.bt
@@ -2123,11 +2179,14 @@

 gov.ee
 gov.eg
 gov.et
+gov.fj
+gov.gd
 gov.ge
 gov.gh
 gov.gi
 gov.gn
 gov.gr
+gov.gu
 gov.gy
 gov.hk
 gov.ie
@@ -2143,6 +2202,7 @@

 gov.km
 gov.kn
 gov.kp
+gov.kw
 gov.ky
 gov.kz
 gov.la
@@ -2150,6 +2210,7 @@

 gov.lc
 gov.lk
 gov.lr
+gov.ls
 gov.lt
 gov.lv
 gov.ly
@@ -2166,6 +2227,7 @@

 gov.mv
 gov.mw
 gov.my
+gov.mz
 gov.nc.tr
 gov.ng
 gov.nr
@@ -2180,7 +2242,6 @@

 gov.py
 gov.qa
 gov.rs
-gov.ru
 gov.rw
 gov.sa
 gov.sb
@@ -2189,6 +2250,8 @@

 gov.sg
 gov.sh
 gov.sl
+gov.so
+gov.ss
 gov.st
 gov.sx
 gov.sy
@@ -2207,6 +2270,8 @@

 gov.vn
 gov.ws
 gov.za
+gov.zm
+gov.zw
 government.aero
 govt.nz
 gp
@@ -2229,15 +2294,15 @@

 grimstad.no
 gripe
 griw.gov.pl
+grocery
 grondar.za
 grong.no
 grosseto.it
 groundhandling.aero
 group
 group.aero
-grozny.ru
-grozny.su
 grp.lk
+gru.br
 grue.no
 gs
 gs.aa.no
@@ -2264,7 +2329,9 @@

 gs.vf.no
 gsm.pl
 gt
+gu
 gu.us
+guam.gu
 guardian
 gub.uy
 gucci
@@ -2476,7 +2543,6 @@

 hitachinaka.ibaraki.jp
 hitachiomiya.ibaraki.jp
 hitachiota.ibaraki.jp
-hitoyoshi.kumamoto.jp
 hitra.no
 hiv
 hizen.saga.jp
@@ -2517,7 +2583,6 @@

 honbetsu.hokkaido.jp
 honda
 honefoss.no
-honeywell
 hongo.hiroshima.jp
 honjo.akita.jp
 honjo.saitama.jp
@@ -2528,6 +2593,7 @@

 horonobe.hokkaido.jp
 horse
 horten.no
+hospital
 host
 hosting
 hot
@@ -2535,6 +2601,7 @@

 hotel.lk
 hotel.tz
 hoteles
+hotels
 hotmail
 house
 house.museum
@@ -2545,7 +2612,6 @@

 hs.kr
 hsbc
 ht
-htc
 hu
 hughes
 huissier-justice.fr
@@ -2613,7 +2679,6 @@

 iida.nagano.jp
 iide.yamagata.jp
 iijima.nagano.jp
-iinet
 iitate.fukushima.jp
 iiyama.nagano.jp
 iizuka.fukuoka.jp
@@ -2667,10 +2732,12 @@

 inatsuki.fukuoka.jp
 inawashiro.fukushima.jp
 inazawa.aichi.jp
+inc
 incheon.kr
 ind.br
 ind.gt
 ind.in
+ind.kw
 ind.tn
 inderoy.no
 inderøy.no
@@ -2678,6 +2745,8 @@

 indiana.museum
 indianapolis.museum
 indianmarket.museum
+indigena.bo
+industria.bo
 industries
 ine.kyoto.jp
 inf.br
@@ -2688,13 +2757,18 @@

 info.au
 info.az
 info.bb
+info.bo
 info.co
 info.ec
 info.et
+info.fj
+info.gu
 info.ht
 info.hu
+info.ke
 info.ki
 info.la
+info.ls
 info.mv
 info.na
 info.nf
@@ -2711,6 +2785,7 @@

 info.tz
 info.ve
 info.vn
+info.zm
 ing
 ing.pa
 ingatlan.hu
@@ -2733,13 +2808,10 @@

 int.mw
 int.ni
 int.pt
-int.ru
-int.rw
 int.tj
 int.tt
 int.ve
 int.vn
-intel
 intelligence.museum
 interactive.museum
 international
@@ -2756,7 +2828,6 @@

 iraq.museum
 iris.arpa
 irish
-irkutsk.ru
 iron.museum
 iruma.saitama.jp
 is
@@ -2767,7 +2838,6 @@

 isahaya.nagasaki.jp
 ise.mie.jp
 isehara.kanagawa.jp
-iselect
 isen.kagoshima.jp
 isernia.it
 isesaki.gunma.jp
@@ -2799,8 +2869,6 @@

 its.me
 itv
 ivano-frankivsk.ua
-ivanovo.ru
-ivanovo.su
 iveco
 iveland.no
 ivgu.no
@@ -2818,12 +2886,10 @@

 iwate.iwate.jp
 iwate.jp
 iwatsuki.saitama.jp
-iwc
 iwi.nz
 iyo.ehime.jp
 iz.hr
 izena.okinawa.jp
-izhevsk.ru
 izu.shizuoka.jp
 izumi.kagoshima.jp
 izumi.osaka.jp
@@ -2834,15 +2900,15 @@

 izumozaki.niigata.jp
 izunokuni.shizuoka.jp
 j.bg
+jab.br
 jaguar
-jamal.ru
 jamison.museum
+jampa.br
 jan-mayen.no
-jar.ru
 java
 jaworzno.pl
 jcb
-jcp
+jdf.br
 je
 jeep
 jefferson.museum
@@ -2863,7 +2929,6 @@

 jinsekikogen.hiroshima.jp
 jio
 jl.cn
-jlc
 jll
 jmp
 jnj
@@ -2875,11 +2940,11 @@

 joetsu.niigata.jp
 jogasz.hu
 johana.toyama.jp
+joinville.br
 jolster.no
 jondal.no
 jor.br
 jorpeland.no
-joshkar-ola.ru
 joso.ibaraki.jp
 jot
 journal.aero
@@ -2902,7 +2967,6 @@

 jx.cn
 jølster.no
 jørpeland.no
-k-uralsk.ru
 k.bg
 k.se
 k12.ak.us
@@ -2947,7 +3011,6 @@

 k12.or.us
 k12.pa.us
 k12.pr.us
-k12.ri.us
 k12.sc.us
 k12.tn.us
 k12.tr
@@ -2986,14 +3049,9 @@

 kakogawa.hyogo.jp
 kakuda.miyagi.jp
 kalisz.pl
-kalmykia.ru
-kalmykia.su
-kaluga.ru
-kaluga.su
 kamagaya.chiba.jp
 kamaishi.iwate.jp
 kamakura.kanagawa.jp
-kamchatka.ru
 kameoka.kyoto.jp
 kameyama.mie.jp
 kami.kochi.jp
@@ -3044,8 +3102,6 @@

 karasuyama.tochigi.jp
 karate.museum
 karatsu.saga.jp
-karelia.ru
-karelia.su
 karikatur.museum
 kariwa.niigata.jp
 kariya.aichi.jp
@@ -3064,7 +3120,6 @@

 kashiba.nara.jp
 kashihara.nara.jp
 kashima.ibaraki.jp
-kashima.kumamoto.jp
 kashima.saga.jp
 kashiwa.chiba.jp
 kashiwara.osaka.jp
@@ -3113,35 +3168,28 @@

 kawaue.gifu.jp
 kawazu.shizuoka.jp
 kayabe.hokkaido.jp
-kazan.ru
 kazimierz-dolny.pl
 kazo.saitama.jp
 kazuno.akita.jp
-kchr.ru
 kddi
+ke
 keisen.fukuoka.jp
 kembuchi.hokkaido.jp
-kemerovo.ru
 kep.tr
 kepno.pl
 kerryhotels
 kerrylogistics
 kerryproperties
-kesennuma.miyagi.jp
 ketrzyn.pl
 kfh
 kg
 kg.kr
 kh.ua
-khabarovsk.ru
-khakassia.ru
-khakassia.su
 kharkiv.ua
 kharkov.ua
 kherson.ua
 khmelnitskiy.ua
 khmelnytskyi.ua
-khv.ru
 ki
 kia
 kibichuo.okayama.jp
@@ -3165,7 +3213,6 @@

 kinokawa.wakayama.jp
 kira.aichi.jp
 kirkenes.no
-kirov.ru
 kirovograd.ua
 kiryu.gunma.jp
 kisarazu.chiba.jp
@@ -3211,7 +3258,6 @@

 km
 km.ua
 kmpsp.gov.pl
-kms.ru
 kn
 kobayashi.miyazaki.jp
 kobierzyce.pl
@@ -3221,7 +3267,6 @@

 koebenhavn.museum
 koeln
 koeln.museum
-koenig.ru
 kofu.yamanashi.jp
 koga.fukuoka.jp
 koga.ibaraki.jp
@@ -3238,7 +3283,6 @@

 komatsu.ishikawa.jp
 komatsushima.tokushima.jp
 komforb.se
-komi.ru
 kommunalforbund.se
 kommune.no
 komono.mie.jp
@@ -3256,7 +3300,6 @@

 kopervik.no
 koriyama.fukushima.jp
 koryo.nara.jp
-kosa.kumamoto.jp
 kosai.shizuoka.jp
 kosaka.akita.jp
 kosei.shiga.jp
@@ -3264,7 +3307,6 @@

 koshigaya.saitama.jp
 koshimizu.hokkaido.jp
 koshu.yamanashi.jp
-kostroma.ru
 kosuge.yamanashi.jp
 kota.aichi.jp
 koto.shiga.jp
@@ -3289,8 +3331,6 @@

 kraanghke.no
 kragero.no
 kragerø.no
-krasnodar.su
-krasnoyarsk.ru
 krd
 kred
 kristiansand.no
@@ -3302,7 +3342,6 @@

 krødsherad.no
 ks.ua
 ks.us
-kuban.ru
 kuchinotsu.nagasaki.jp
 kudamatsu.yamaguchi.jp
 kudoyama.wakayama.jp
@@ -3335,8 +3374,6 @@

 kurashiki.okayama.jp
 kurate.fukuoka.jp
 kure.hiroshima.jp
-kurgan.ru
-kurgan.su
 kuriyama.hokkaido.jp
 kurobe.toyama.jp
 kurogi.fukuoka.jp
@@ -3344,19 +3381,16 @@

 kuroiso.tochigi.jp
 kuromatsunai.hokkaido.jp
 kurotaki.nara.jp
-kursk.ru
 kurume.fukuoka.jp
 kusatsu.gunma.jp
 kusatsu.shiga.jp
 kushima.miyazaki.jp
 kushimoto.wakayama.jp
 kushiro.hokkaido.jp
-kustanai.ru
 kusu.oita.jp
 kutchan.hokkaido.jp
 kutno.pl
 kuwana.mie.jp
-kuzbass.ru
 kuzumaki.iwate.jp
 kv.ua
 kvafjord.no
@@ -3370,12 +3404,12 @@

 kvitsøy.no
 kvæfjord.no
 kvænangen.no
+kw
 kwp.gov.pl
 kwpsp.gov.pl
 ky
 ky.us
 kyiv.ua
-kyknet
 kyonan.chiba.jp
 kyotamba.kyoto.jp
 kyotanabe.kyoto.jp
@@ -3397,7 +3431,6 @@

 labor.museum
 labour.museum
 lacaixa
-ladbrokes
 lahppi.no
 lajolla.museum
 lakas.hu
@@ -3407,7 +3440,6 @@

 lancashire.museum
 lancaster
 lancia
-lancome
 land
 landes.museum
 landrover
@@ -3459,7 +3491,6 @@

 leka.no
 leksvik.no
 lel.br
-lenug.su
 lenvik.no
 lerdal.no
 lesja.no
@@ -3472,7 +3503,6 @@

 lgbt
 li
 li.it
-liaison
 lib.ak.us
 lib.al.us
 lib.ar.us
@@ -3482,7 +3512,6 @@

 lib.co.us
 lib.ct.us
 lib.dc.us
-lib.de.us
 lib.ee
 lib.fl.us
 lib.ga.us
@@ -3552,7 +3581,6 @@

 lindås.no
 link
 linz.museum
-lipetsk.ru
 lipsy
 live
 living
@@ -3561,6 +3589,8 @@

 livorno.it
 lixil
 lk
+llc
+llp
 ln.cn
 lo.it
 loabat.no
@@ -3573,6 +3603,7 @@

 lodi.it
 lodingen.no
 loft
+log.br
 logistics.aero
 lol
 lom.it
@@ -3582,6 +3613,7 @@

 lomza.pl
 london
 london.museum
+londrina.br
 loppa.no
 lorenskog.no
 losangeles.museum
@@ -3641,7 +3673,10 @@

 m.bg
 m.se
 ma
+ma.gov.br
 ma.us
+macapa.br
+maceio.br
 macerata.it
 machida.tokyo.jp
 macys
@@ -3649,7 +3684,6 @@

 madrid
 madrid.museum
 maebashi.gunma.jp
-magadan.ru
 magazine.aero
 maibara.shiga.jp
 maif
@@ -3669,6 +3703,7 @@

 mamurogawa.yamagata.jp
 man
 management
+manaus.br
 manchester.museum
 mandal.no
 mango
@@ -3679,12 +3714,11 @@

 mantova.it
 manx.museum
 maori.nz
+map
 mar.it
 marburg.museum
 marche.it
-mari-el.ru
-mari.ru
-marine.ru
+maringa.br
 maritime.museum
 maritimo.museum
 marker.no
@@ -3735,14 +3769,14 @@

 mba
 mc
 mc.it
-mcd
-mcdonalds
 mckinsey
 md
 md.ci
 md.us
 me
 me.it
+me.ke
+me.so
 me.tz
 me.uk
 me.us
@@ -3765,6 +3799,7 @@

 media.museum
 media.pl
 medical.museum
+medicina.bo
 medio-campidano.it
 mediocampidano.it
 medizinhistorisches.museum
@@ -3784,13 +3819,13 @@

 memorial.museum
 men
 menu
-meo
 meraker.no
+merckmsd
 meråker.no
 mesaverde.museum
 messina.it
-metlife
 mg
+mg.gov.br
 mh
 mi.it
 mi.th
@@ -3839,6 +3874,7 @@

 mil.do
 mil.ec
 mil.eg
+mil.fj
 mil.ge
 mil.gh
 mil.gt
@@ -3855,6 +3891,7 @@

 mil.mg
 mil.mv
 mil.my
+mil.mz
 mil.ng
 mil.ni
 mil.no
@@ -3864,7 +3901,6 @@

 mil.pl
 mil.py
 mil.qa
-mil.ru
 mil.rw
 mil.sh
 mil.st
@@ -3879,6 +3915,8 @@

 mil.vc
 mil.ve
 mil.za
+mil.zm
+mil.zw
 milan.it
 milano.it
 military.museum
@@ -3979,7 +4017,6 @@

 mn
 mn.it
 mn.us
-mnet
 mo
 mo-i-rana.no
 mo.cn
@@ -3989,11 +4026,12 @@

 mobara.chiba.jp
 mobi
 mobi.gp
+mobi.ke
 mobi.na
 mobi.ng
 mobi.tt
 mobi.tz
-mobily
+mobile
 mochizuki.nagano.jp
 mod.gi
 moda
@@ -4016,7 +4054,6 @@

 money.museum
 monmouth.museum
 monster
-montblanc
 monticello.museum
 montreal.museum
 monza-brianza.it
@@ -4025,9 +4062,7 @@

 monzabrianza.it
 monzaebrianza.it
 monzaedellabrianza.it
-mopar
-mordovia.ru
-mordovia.su
+morena.br
 moriguchi.osaka.jp
 morimachi.shizuoka.jp
 morioka.iwate.jp
@@ -4055,7 +4090,7 @@

 motoyama.kochi.jp
 mov
 movie
-movistar
+movimiento.bo
 moåreke.no
 mp
 mp.br
@@ -4064,17 +4099,16 @@

 mr.no
 mragowo.pl
 ms
+ms.gov.br
 ms.it
 ms.kr
 ms.us
 msd
-msk.ru
-msk.su
 mt
+mt.gov.br
 mt.it
 mt.us
 mtn
-mtpc
 mtr
 mu
 muenchen.museum
@@ -4084,7 +4118,6 @@

 mukawa.hokkaido.jp
 muko.kyoto.jp
 mulhouse.museum
-multichoice
 munakata.fukuoka.jp
 muncie.museum
 muni.il
@@ -4094,11 +4127,10 @@

 murakami.niigata.jp
 murata.miyagi.jp
 murayama.yamagata.jp
-murmansk.ru
-murmansk.su
 muroran.hokkaido.jp
 muroto.kochi.jp
 mus.br
+mus.mi.us
 musashimurayama.tokyo.jp
 musashino.tokyo.jp
 museet.museum
@@ -4111,10 +4143,11 @@

 museumcenter.museum
 museumvereniging.museum
 music.museum
+musica.ar
+musica.bo
 mutsu.aomori.jp
 mutsuzawa.chiba.jp
 mutual
-mutuelle
 mv
 mw
 mw.gov.pl
@@ -4124,8 +4157,7 @@

 my.id
 mykolaiv.ua
 myoko.niigata.jp
-mytis.ru
-mzansimagic
+mz
 málatvuopmi.no
 mátta-várjjat.no
 målselv.no
@@ -4139,7 +4171,6 @@

 nab
 nabari.mie.jp
 nachikatsuura.wakayama.jp
-nadex
 nagahama.shiga.jp
 nagai.yamagata.jp
 nagano.jp
@@ -4185,17 +4216,15 @@

 nakatombetsu.hokkaido.jp
 nakatsugawa.gifu.jp
 nakayama.yamagata.jp
-nakhodka.ru
 nakijin.okinawa.jp
 naklo.pl
-nalchik.ru
-nalchik.su
 namdalseid.no
 name
 name.az
 name.cy
 name.eg
 name.et
+name.fj
 name.hr
 name.jo
 name.mk
@@ -4241,10 +4270,10 @@

 naruto.tokushima.jp
 narviika.no
 narvik.no
-naspers
 nasu.tochigi.jp
 nasushiobara.tochigi.jp
 nat.tn
+natal.br
 national.museum
 nationalfirearms.museum
 nationalheritage.museum
@@ -4252,6 +4281,7 @@

 nativeamerican.museum
 natori.miyagi.jp
 natura
+natural.bo
 naturalhistory.museum
 naturalhistorymuseum.museum
 naturalsciences.museum
@@ -4274,6 +4304,7 @@

 nd.us
 ne
 ne.jp
+ne.ke
 ne.kr
 ne.pw
 ne.tz
@@ -4298,6 +4329,7 @@

 net.ag
 net.ai
 net.al
+net.am
 net.ar
 net.au
 net.az
@@ -4305,6 +4337,7 @@

 net.bb
 net.bh
 net.bm
+net.bn
 net.bo
 net.br
 net.bs
@@ -4323,6 +4356,8 @@

 net.ec
 net.eg
 net.et
+net.fj
+net.fm
 net.ge
 net.gg
 net.gl
@@ -4330,6 +4365,7 @@

 net.gp
 net.gr
 net.gt
+net.gu
 net.gy
 net.hk
 net.hn
@@ -4346,6 +4382,7 @@

 net.kg
 net.ki
 net.kn
+net.kw
 net.ky
 net.kz
 net.la
@@ -4353,6 +4390,7 @@

 net.lc
 net.lk
 net.lr
+net.ls
 net.lv
 net.ly
 net.ma
@@ -4367,6 +4405,7 @@

 net.mw
 net.mx
 net.my
+net.mz
 net.nf
 net.ng
 net.ni
@@ -4384,7 +4423,6 @@

 net.pt
 net.py
 net.qa
-net.ru
 net.rw
 net.sa
 net.sb
@@ -4394,6 +4432,7 @@

 net.sh
 net.sl
 net.so
+net.ss
 net.st
 net.sy
 net.th
@@ -4415,6 +4454,7 @@

 net.vu
 net.ws
 net.za
+net.zm
 netbank
 netflix
 network
@@ -4445,8 +4485,10 @@

 nh.us
 nhk
 nhs.uk
+ni
 nic.in
 nic.tj
+nic.za
 nichinan.miyazaki.jp
 nichinan.tottori.jp
 nico
@@ -4494,16 +4536,15 @@

 nissay
 nissedal.no
 nisshin.aichi.jp
+niteroi.br
 nittedal.no
 niyodogawa.kochi.jp
 nj.us
-nkz.ru
 nl
 nl.ca
 nl.no
 nm.cn
 nm.us
-nnov.ru
 no
 no.it
 nobeoka.miyazaki.jp
@@ -4521,6 +4562,7 @@

 nom.fr
 nom.km
 nom.mg
+nom.nc
 nom.ni
 nom.pa
 nom.pe
@@ -4529,6 +4571,7 @@

 nom.ro
 nom.tm
 nom.za
+nombre.bo
 nome.pt
 nomi.ishikawa.jp
 nonoichi.ishikawa.jp
@@ -4541,7 +4584,6 @@

 nordreisa.no
 nore-og-uvdal.no
 norfolk.museum
-norilsk.ru
 north.museum
 northwesternmutual
 norton
@@ -4551,14 +4593,12 @@

 not.br
 notaires.fr
 notaires.km
+noticias.bo
 noto.ishikawa.jp
 notodden.no
 notogawa.shiga.jp
 notteroy.no
-nov.ru
-nov.su
 novara.it
-novosibirsk.ru
 now
 nowaruda.pl
 nowruz
@@ -4569,7 +4609,6 @@

 nrw
 nrw.museum
 ns.ca
-nsk.ru
 nsn.us
 nsw.au
 nsw.edu.au
@@ -4583,12 +4622,10 @@

 nu
 nu.ca
 nu.it
-nuernberg.museum
 numata.gunma.jp
 numata.hokkaido.jp
 numazu.shizuoka.jp
 nuoro.it
-nuremberg.museum
 nv.us
 nx.cn
 ny.us
@@ -4612,7 +4649,6 @@

 obi
 obihiro.hokkaido.jp
 obira.hokkaido.jp
-obninsk.su
 observer
 obu.aichi.jp
 obuse.nagano.jp
@@ -4716,14 +4752,15 @@

 omitama.ibaraki.jp
 omiya.saitama.jp
 omotego.fukushima.jp
-omsk.ru
 omura.nagasaki.jp
 omuta.fukuoka.jp
 on.ca
 onagawa.miyagi.jp
 one
 ong
+ong.br
 onga.fukuoka.jp
+onion
 onjuku.chiba.jp
 onl
 online
@@ -4753,6 +4790,7 @@

 or.id
 or.it
 or.jp
+or.ke
 or.kr
 or.mu
 or.na
@@ -4766,7 +4804,6 @@

 orange
 oregon.museum
 oregontrail.museum
-orenburg.ru
 org
 org.ac
 org.ae
@@ -4774,6 +4811,7 @@

 org.ag
 org.ai
 org.al
+org.am
 org.ar
 org.au
 org.az
@@ -4782,6 +4820,7 @@

 org.bh
 org.bi
 org.bm
+org.bn
 org.bo
 org.br
 org.bs
@@ -4802,6 +4841,8 @@

 org.eg
 org.es
 org.et
+org.fj
+org.fm
 org.ge
 org.gg
 org.gh
@@ -4811,6 +4852,7 @@

 org.gp
 org.gr
 org.gt
+org.gu
 org.gy
 org.hk
 org.hn
@@ -4829,6 +4871,7 @@

 org.km
 org.kn
 org.kp
+org.kw
 org.ky
 org.kz
 org.la
@@ -4853,6 +4896,7 @@

 org.mw
 org.mx
 org.my
+org.mz
 org.na
 org.ng
 org.ni
@@ -4873,7 +4917,7 @@

 org.qa
 org.ro
 org.rs
-org.ru
+org.rw
 org.sa
 org.sb
 org.sc
@@ -4884,6 +4928,7 @@

 org.sl
 org.sn
 org.so
+org.ss
 org.st
 org.sv
 org.sy
@@ -4907,8 +4952,9 @@

 org.vu
 org.ws
 org.za
+org.zm
+org.zw
 organic
-orientexpress
 origins
 oristano.it
 orkanger.no
@@ -4916,7 +4962,6 @@

 orland.no
 orskog.no
 orsta.no
-oryol.ru
 os.hedmark.no
 os.hordaland.no
 osaka
@@ -4924,13 +4969,13 @@

 osakasayama.osaka.jp
 osaki.miyagi.jp
 osakikamijima.hiroshima.jp
+osasco.br
 osen.no
 oseto.nagasaki.jp
 oshima.tokyo.jp
 oshima.yamaguchi.jp
 oshino.yamanashi.jp
 oshu.iwate.jp
-oskol.ru
 oslo.no
 osoyro.no
 osteroy.no
@@ -4988,6 +5033,7 @@

 p.bg
 p.se
 pa
+pa.gov.br
 pa.gov.pl
 pa.it
 pa.us
@@ -4997,14 +5043,12 @@

 padua.it
 page
 palace.museum
-palana.ru
 paleo.museum
 palermo.it
+palmas.br
 palmsprings.museum
-pamperedchef
 panama.museum
 panasonic
-panerai
 parachuting.aero
 paragliding.aero
 paris
@@ -5021,24 +5065,23 @@

 pasadena.museum
 passagens
 passenger-association.aero
+patria.bo
 pavia.it
 pay
-payu
 pb.ao
+pb.gov.br
 pc.it
 pc.pl
 pccw
 pd.it
 pe
 pe.ca
+pe.gov.br
 pe.it
 pe.kr
-penza.ru
-penza.su
 per.la
 per.nf
 per.sg
-perm.ru
 perso.ht
 perso.sn
 perso.tn
@@ -5055,19 +5098,21 @@

 pharmaciens.km
 pharmacy
 pharmacy.museum
+phd
 philadelphia.museum
 philadelphiaarea.museum
 philately.museum
 philips
 phoenix.museum
+phone
 photo
 photography
 photography.museum
 photos
 physio
+pi.gov.br
 pi.it
 piacenza.it
-piaget
 pics
 pictet
 pictures
@@ -5104,6 +5149,7 @@

 plc.uk
 plo.ps
 plumbing
+plurinacional.bo
 plus
 pm
 pmn.it
@@ -5112,20 +5158,22 @@

 pnc
 po.gov.pl
 po.it
+poa.br
 podhale.pl
 podlasie.pl
 pohl
 poker
-pokrovsk.su
 pol.dz
 pol.ht
 pol.tr
 police.uk
+politica.bo
 politie
 polkowice.pl
 poltava.ua
 pomorskie.pl
 pomorze.pl
+ponpes.id
 pordenone.it
 porn
 porsanger.no
@@ -5141,10 +5189,10 @@

 potenza.it
 powiat.pl
 pp.az
-pp.ru
 pp.se
 ppg.br
 pr
+pr.gov.br
 pr.it
 pr.us
 pramerica
@@ -5162,7 +5210,6 @@

 press.museum
 press.se
 presse.ci
-presse.fr
 presse.km
 presse.ml
 pri.ee
@@ -5177,6 +5224,7 @@

 pro.br
 pro.cy
 pro.ec
+pro.fj
 pro.ht
 pro.mv
 pro.na
@@ -5190,6 +5238,7 @@

 productions
 prof
 prof.pr
+profesional.bo
 progressive
 project.museum
 promo
@@ -5207,24 +5256,24 @@

 psse.gov.pl
 pt
 pt.it
-ptz.ru
 pu.it
 pub
 pub.sa
 publ.pt
 public.museum
 pubol.museum
+pueblo.bo
 pug.it
 puglia.it
 pulawy.pl
 pup.gov.pl
 pv.it
+pvh.br
 pvt.ge
 pvt.k12.ma.us
 pw
 pwc
 py
-pyatigorsk.ru
 pz.it
 q.bg
 qa
@@ -5244,6 +5293,7 @@

 ra.it
 racing
 rade.no
+radio
 radio.br
 radom.pl
 radoy.no
@@ -5280,6 +5330,7 @@

 rec.ro
 rec.ve
 recht.pro
+recife.br
 recipes
 recreation.aero
 red
@@ -5305,6 +5356,7 @@

 rennesøy.no
 rent
 rentals
+rep.br
 rep.kp
 repair
 repbody.aero
@@ -5319,16 +5371,17 @@

 restaurant
 review
 reviews
+revista.bo
 rexroth
 rg.it
 ri.it
 ri.us
+ribeirao.br
 rich
 richardli
 ricoh
 rieti.it
 rifu.miyagi.jp
-rightathome
 riik.ee
 rikubetsu.hokkaido.jp
 rikuzentakata.iwate.jp
@@ -5339,7 +5392,10 @@

 ringerike.no
 ringsaker.no
 rio
+rio.br
+riobranco.br
 riodejaneiro.museum
+riopreto.br
 rip
 rishiri.hokkaido.jp
 rishirifuji.hokkaido.jp
@@ -5348,15 +5404,17 @@

 risør.no
 ritto.shiga.jp
 rivne.ua
+rj.gov.br
 rl.no
 rm.it
 rmit
+rn.gov.br
 rn.it
-rnd.ru
 rnrt.tn
 rns.tn
 rnu.tn
 ro
+ro.gov.br
 ro.it
 roan.no
 rocher
@@ -5381,11 +5439,12 @@

 rovno.ua
 royken.no
 royrvik.no
+rr.gov.br
 rs
-rs.ba
+rs.gov.br
 rsvp
 ru
-rubtsovsk.ru
+rugby
 ruhr
 run
 ruovat.no
@@ -5393,7 +5452,6 @@

 rv.ua
 rw
 rwe
-ryazan.ru
 rybnik.pl
 rygge.no
 ryokami.saitama.jp
@@ -5453,7 +5511,6 @@

 sakata.yamagata.jp
 sakawa.kochi.jp
 sakegawa.yamagata.jp
-sakhalin.ru
 saku.nagano.jp
 sakuho.nagano.jp
 sakura
@@ -5469,11 +5526,13 @@

 salerno.it
 salon
 saltdal.no
+salud.bo
+salvador.br
 salvadordali.museum
 salzburg.museum
-samara.ru
 samegawa.fukushima.jp
 samnanger.no
+sampa.br
 samsclub
 samsung
 samukawa.kanagawa.jp
@@ -5502,12 +5561,14 @@

 santabarbara.museum
 santacruz.museum
 santafe.museum
+santamaria.br
+santoandre.br
 sanuki.kagawa.jp
+saobernardo.br
+saogonca.br
 saotome.st
 sap
-sapo
 sar.it
-saratov.ru
 sardegna.it
 sardinia.it
 sarl
@@ -5539,7 +5600,10 @@

 sbs
 sc
 sc.cn
+sc.gov.br
+sc.ke
 sc.kr
+sc.ls
 sc.tz
 sc.ug
 sc.us
@@ -5554,6 +5618,7 @@

 sch.ng
 sch.qa
 sch.sa
+sch.zm
 schaeffler
 schlesisches.museum
 schmidt
@@ -5565,6 +5630,7 @@

 school.na
 school.nz
 school.za
+schools.nsw.edu.au
 schule
 schwarz
 schweiz.museum
@@ -5581,7 +5647,6 @@

 sciencesnaturelles.museum
 scientist.aero
 scjohnson
-scor
 scot
 scotland.museum
 sd
@@ -5589,13 +5654,16 @@

 sd.us
 sdn.gov.pl
 se
+se.gov.br
 seaport.museum
+search
 seat
 sebastopol.ua
 sec.ps
 secure
 security
 seek
+seg.br
 seihi.nagasaki.jp
 seika.kyoto.jp
 seiro.niigata.jp
@@ -5736,9 +5804,11 @@

 shonai.fukuoka.jp
 shonai.yamagata.jp
 shoo.okayama.jp
+shop
 shop.ht
 shop.hu
 shop.pl
+shopping
 shouji
 show
 show.aero
@@ -5760,13 +5830,13 @@

 siljan.no
 silk
 silk.museum
-simbirsk.ru
 sina
 singles
 siracusa.it
 sirdal.no
 site
 sj
+sjc.br
 sk
 sk.ca
 skanit.no
@@ -5804,12 +5874,12 @@

 slg.br
 sling
 slupsk.pl
+slz.br
 sm
 sm.ua
 smart
 smile
 smola.no
-smolensk.ru
 smøla.no
 sn
 sn.cn
@@ -5818,16 +5888,15 @@

 sncf
 snillfjord.no
 snoasa.no
-snz.ru
 snåase.no
 snåsa.no
 so
 so.gov.pl
 so.it
 sobetsu.hokkaido.jp
+soc.dz
 soc.lk
 soccer
-sochi.su
 social
 society.museum
 sodegaura.chiba.jp
@@ -5860,6 +5929,7 @@

 sor-odal.no
 sor-varanger.no
 sorfold.no
+sorocaba.br
 sorreisa.no
 sortland.no
 sorum.no
@@ -5871,13 +5941,13 @@

 southwest.museum
 sowa.ibaraki.jp
 soy
+sp.gov.br
 sp.it
+spa
 space
 space.museum
-spb.ru
-spb.su
-spiegel
 spjelkavik.no
+sport
 sport.hu
 spot
 spreadbetting
@@ -5888,8 +5958,8 @@

 sr.gov.pl
 sr.it
 srl
-srt
 srv.br
+ss
 ss.it
 st
 st.no
@@ -5902,7 +5972,6 @@

 star
 starachowice.pl
 stargard.pl
-starhub
 starnberg.museum
 starostwo.gov.pl
 stat.no
@@ -5912,16 +5981,15 @@

 stateofdelaware.museum
 stathelle.no
 station.museum
-statoil
 stavanger.no
 stavern.no
-stavropol.ru
 stc
 stcgroup
 steam.museum
 steiermark.museum
 steigen.no
 steinkjer.no
+sth.ac.at
 stjohn.museum
 stjordal.no
 stjordalshalsen.no
@@ -5950,7 +6018,6 @@

 studio
 study
 stuttgart.museum
-stv.ru
 style
 su
 sucks
@@ -5974,14 +6041,12 @@

 sunagawa.hokkaido.jp
 sund.no
 sunndal.no
-supersport
 supplies
 supply
 support
 surf
 surgeonshall.museum
 surgery
-surgut.ru
 surnadal.no
 surrey.museum
 susaki.kochi.jp
@@ -6011,9 +6076,7 @@

 sydney
 sydney.museum
 sykkylven.no
-symantec
 systems
-syzran.ru
 sz
 szczecin.pl
 szczytno.pl
@@ -6031,6 +6094,7 @@

 sørfold.no
 sørreisa.no
 sørum.no
+südtirol.it
 t.bg
 t.se
 ta.it
@@ -6107,7 +6171,6 @@

 tamatsukuri.ibaraki.jp
 tamayu.shimane.jp
 tamba.hyogo.jp
-tambov.ru
 tana.no
 tanabe.kyoto.jp
 tanabe.wakayama.jp
@@ -6129,7 +6192,6 @@

 tas.gov.au
 tatamotors
 tatar
-tatarstan.ru
 tatebayashi.gunma.jp
 tateshina.nagano.jp
 tateyama.chiba.jp
@@ -6142,6 +6204,7 @@

 taxi
 taxi.br
 tc
+tc.br
 tci
 tcm.museum
 td
@@ -6149,14 +6212,15 @@

 te.it
 te.ua
 team
+tec.br
+tec.mi.us
 tec.ve
 tech
 technology
 technology.museum
+tecnologia.bo
 tel
 tel.tr
-telecity
-telefonica
 telekommunikation.museum
 television.museum
 temasek
@@ -6172,7 +6236,6 @@

 terni.it
 ternopil.ua
 teshikaga.hokkaido.jp
-test.ru
 test.tj
 teva
 texas.museum
@@ -6182,10 +6245,10 @@

 tgory.pl
 th
 thd
+the.br
 theater
 theater.museum
 theatre
-theguardian
 tiaa
 tickets
 tienda
@@ -6207,9 +6270,11 @@

 tjøme.no
 tk
 tkmaxx
+tksat.bo
 tl
 tm
 tm.cy
+tm.dz
 tm.fr
 tm.hu
 tm.km
@@ -6226,6 +6291,7 @@

 tn.it
 tn.us
 to
+to.gov.br
 to.it
 toba.mie.jp
 tobe.ehime.jp
@@ -6241,7 +6307,6 @@

 togakushi.nagano.jp
 togane.chiba.jp
 togitsu.nagasaki.jp
-togliatti.su
 togo.aichi.jp
 togura.nagano.jp
 tohma.hokkaido.jp
@@ -6262,7 +6327,6 @@

 tokyo
 tokyo.jp
 tolga.no
-tom.ru
 tomakomai.hokkaido.jp
 tomari.hokkaido.jp
 tome.miyagi.jp
@@ -6273,7 +6337,6 @@

 tomisato.chiba.jp
 tomiya.miyagi.jp
 tomobe.ibaraki.jp
-tomsk.ru
 tonaki.okinawa.jp
 tonami.toyama.jp
 tondabayashi.osaka.jp
@@ -6349,6 +6412,7 @@

 tranibarlettaandria.it
 tranoy.no
 transport.museum
+transporte.bo
 tranøy.no
 trapani.it
 travel
@@ -6359,6 +6423,12 @@

 travelersinsurance
 trd.br
 tree.museum
+trentin-sud-tirol.it
+trentin-sudtirol.it
+trentin-sued-tirol.it
+trentin-suedtirol.it
+trentin-süd-tirol.it
+trentin-südtirol.it
 trentino-a-adige.it
 trentino-aadige.it
 trentino-alto-adige.it
@@ -6369,6 +6439,8 @@

 trentino-sudtirol.it
 trentino-sued-tirol.it
 trentino-suedtirol.it
+trentino-süd-tirol.it
+trentino-südtirol.it
 trentino.it
 trentinoa-adige.it
 trentinoaadige.it
@@ -6380,12 +6452,19 @@

 trentinosudtirol.it
 trentinosued-tirol.it
 trentinosuedtirol.it
+trentinosüd-tirol.it
+trentinosüdtirol.it
+trentinsud-tirol.it
+trentinsudtirol.it
+trentinsued-tirol.it
+trentinsuedtirol.it
+trentinsüd-tirol.it
+trentinsüdtirol.it
 trento.it
 treviso.it
 trieste.it
 troandin.no
 trogstad.no
-troitsk.su
 trolley.museum
 tromsa.no
 tromso.no
@@ -6399,8 +6478,7 @@

 træna.no
 trøgstad.no
 ts.it
-tsaritsyn.ru
-tsk.ru
+tsk.tr
 tsu.mie.jp
 tsubame.niigata.jp
 tsubata.ishikawa.jp
@@ -6432,8 +6510,6 @@

 tt.im
 tube
 tui
-tula.ru
-tula.su
 tunes
 tur.ar
 tur.br
@@ -6443,8 +6519,6 @@

 turystyka.pl
 tuscany.it
 tushu
-tuva.ru
-tuva.su
 tv
 tv.bb
 tv.bo
@@ -6456,7 +6530,6 @@

 tv.tr
 tv.tz
 tvedestrand.no
-tver.ru
 tvs
 tw
 tw.cn
@@ -6468,7 +6541,6 @@

 tysnes.no
 tysvar.no
 tysvær.no
-tyumen.ru
 tz
 tønsberg.no
 u.bg
@@ -6481,12 +6553,10 @@

 uchiko.ehime.jp
 uchinada.ishikawa.jp
 uchinomi.kagawa.jp
-uconnect
 ud.it
 uda.nara.jp
+udi.br
 udine.it
-udm.ru
-udmurtia.ru
 udono.mie.jp
 ueda.nagano.jp
 ueno.gunma.jp
@@ -6501,7 +6571,6 @@

 uk
 uki.kumamoto.jp
 ukiha.fukuoka.jp
-ulan-ude.ru
 ullensaker.no
 ullensvang.no
 ulm.museum
@@ -6514,7 +6583,6 @@

 umi.fukuoka.jp
 umig.gov.pl
 unazuki.toyama.jp
-unbi.ba
 undersea.museum
 unicom
 union.aero
@@ -6525,7 +6593,6 @@

 unjárga.no
 unnan.shimane.jp
 uno
-unsa.ba
 unzen.nagasaki.jp
 uol
 uonuma.niigata.jp
@@ -6606,8 +6673,14 @@

 valled-aosta.it
 valledaosta.it
 vallee-aoste.it
+vallee-d-aoste.it
 valleeaoste.it
+valleedaoste.it
 valley.museum
+vallée-aoste.it
+vallée-d-aoste.it
+valléeaoste.it
+valléedaoste.it
 vana
 vang.no
 vanguard
@@ -6623,7 +6696,6 @@

 vc
 vc.it
 vda.it
-vdonsk.ru
 ve
 ve.it
 vefsn.no
@@ -6691,32 +6763,22 @@

 virtuel.museum
 visa
 vision
-vista
-vistaprint
 viterbo.it
 viva
 vivo
+vix.br
 vlaanderen
 vlaanderen.museum
-vladikavkaz.ru
-vladikavkaz.su
-vladimir.ru
-vladimir.su
-vladivostok.ru
 vlog.br
 vn
 vn.ua
 voagat.no
 vodka
 volda.no
-volgograd.ru
 volkenkunde.museum
 volkswagen
-vologda.ru
-vologda.su
 volvo
 volyn.ua
-voronezh.ru
 voss.no
 vossevangen.no
 vote
@@ -6724,14 +6786,12 @@

 voto
 voyage
 vr.it
-vrn.ru
 vs.it
 vt.it
 vt.us
 vu
 vuelos
 vv.it
-vyatka.ru
 várggát.no
 vågan.no
 vågsøy.no
@@ -6766,10 +6826,10 @@

 wanouchi.gifu.jp
 war.museum
 warabi.saitama.jp
-warman
 warmia.pl
 warszawa.pl
 washingtondc.museum
+washtenaw.mi.us
 wassamu.hokkaido.jp
 watarai.mie.jp
 watari.miyagi.jp
@@ -6781,8 +6841,10 @@

 wazuka.kyoto.jp
 weather
 weatherchannel
+web.bo
 web.co
 web.do
+web.gu
 web.id
 web.lk
 web.nf
@@ -6795,7 +6857,6 @@

 webcam
 weber
 website
-wed
 wedding
 wegrow.pl
 weibo
@@ -6811,6 +6872,7 @@

 wif.gov.pl
 wiih.gov.pl
 wiki
+wiki.bo
 wiki.br
 wildlife.museum
 williamhill
@@ -6858,7 +6920,6 @@

 xihuan
 xin
 xj.cn
-xperia
 xxx
 xyz
 xz.cn
@@ -6879,7 +6940,6 @@

 yakage.okayama.jp
 yakumo.hokkaido.jp
 yakumo.shimane.jp
-yakutia.ru
 yalta.ua
 yamada.fukuoka.jp
 yamada.iwate.jp
@@ -6892,7 +6952,6 @@

 yamagata.yamagata.jp
 yamaguchi.jp
 yamakita.kanagawa.jp
-yamal.ru
 yamamoto.miyagi.jp
 yamanakako.yamanashi.jp
 yamanashi.jp
@@ -6914,7 +6973,6 @@

 yandex
 yao.osaka.jp
 yaotsu.gifu.jp
-yaroslavl.ru
 yasaka.nagano.jp
 yashio.saitama.jp
 yashiro.hyogo.jp
@@ -6929,7 +6987,6 @@

 yawata.kyoto.jp
 yawatahama.ehime.jp
 yazu.tottori.jp
-yekaterinburg.ru
 yk.ca
 yn.cn
 yodobashi
@@ -6982,7 +7039,6 @@

 yuu.yamaguchi.jp
 yuza.yamagata.jp
 yuzawa.niigata.jp
-yuzhno-sakhalinsk.ru
 z.bg
 z.se
 zachpomor.pl
@@ -6999,13 +7055,12 @@

 zero
 zgora.pl
 zgorzelec.pl
-zgrad.ru
 zhitomir.ua
 zhytomyr.ua
 zip
-zippo
 zj.cn
 zlg.br
+zm
 zone
 zoological.museum
 zoology.museum
@@ -7014,6 +7069,7 @@

 zt.ua
 zuerich
 zushi.kanagawa.jp
+zw
 ákŋoluokta.no
 álaheadju.no
 áltá.no
@@ -7039,9 +7095,12 @@

 øystre-slidre.no
 čáhcesuolo.no
 ελ
+ευ
 ак.срб
+бг
 бел
 дети
+ею
 иком.museum
 католик
 ком
@@ -7081,6 +7140,7 @@

 ايران.ir
 ایران
 ایران.ir
+بارت
 بازار
 بيتك
 بھارت
@@ -7098,28 +7158,42 @@

 كوم
 مصر
 مليسيا
-موبايلي
+موريتانيا
 موقع
 همراه
 پاكستان
 پاکستان
+ڀارت
 कॉम
 नेट
 भारत
+भारतम्
+भारोत
 संगठन
 বাংলা
 ভারত
+ভাৰত
 ਭਾਰਤ
 ભારત
+ଭାରତ
 இந்தியா
 இலங்கை
 சிங்கப்பூர்
 భారత్
+ಭಾರತ
+ഭാരതം
 ලංකා
 คอม
+ทหาร.ไทย
+ธุรกิจ.ไทย
+รัฐบาล.ไทย
+ศึกษา.ไทย
+องค์กร.ไทย
+เน็ต.ไทย
 ไทย
 გე
 みんな
+アマゾン
 クラウド
 グーグル
 コム
@@ -7127,7 +7201,6 @@

 セール
 ファッション
 ポイント
-一号店
 三重.jp
 世界
 个人.hk
@@ -7135,17 +7208,20 @@

 中国
 中國
 中文网
+亚马逊
 京都.jp
 企业
 佐賀.jp
 佛山
 信息
 個人.hk
+個人.香港
 健康
 八卦
 公司
 公司.cn
 公司.hk
+公司.香港
 公益
 兵庫.jp
 北海道.jp
@@ -7179,7 +7255,6 @@

 岡山.jp
 岩手.jp
 島根.jp
-工行
 广东
 広島.jp
 微博
@@ -7189,12 +7264,14 @@

 慈善
 我爱你
 手机
-手表
+招聘
 政务
 政府
 政府.hk
+政府.香港
 敎育.hk
 教育.hk
+教育.香港
 新加坡
 新潟.jp
 新闻
@@ -7211,7 +7288,6 @@

 澳门
 点看
 熊本.jp
-珠宝
 石川.jp
 神奈川.jp
 福井.jp
@@ -7222,9 +7298,11 @@

 箇人.hk
 組織.hk
 組織.tw
+組織.香港
 組织.hk
 網絡.cn
 網絡.hk
+網絡.香港
 網络.hk
 網路.tw
 组織.hk
2020-11-27 18:25:07,669 INFO - "POST /cdn-checker/domainAdded HTTP/1.0" 200 19728
2020-11-27 18:25:39,556 INFO - "POST /cdn-checker/domainAdded HTTP/1.0" 200 21222
