2020-07-15 15:07:37,489 DEBUG - (rock.lim) - Successfully loaded and updated table
2020-07-15 16:48:43,138 DEBUG - (terrytang) - Successfully loaded and updated table
2020-07-15 17:14:39,714 DEBUG - (terrytang) - Successfully loaded and updated table
2020-07-15 17:15:06,730 DEBUG - (terrytang) - Successfully loaded and updated table
2020-07-15 17:18:44,414 DEBUG - (terrytang) - Successfully loaded and updated table
2020-07-15 17:18:57,889 DEBUG - (terrytang) - Successfully loaded and updated table
2020-07-15 17:19:21,394 DEBUG - (terrytang) - Successfully loaded and updated table
2020-07-15 17:22:35,700 DEBUG - (terrytang) - Successfully loaded and updated table
2020-07-15 17:26:28,308 DEBUG - (terrytang) - Successfully loaded and updated table
2020-07-15 17:27:38,322 DEBUG - (terrytang) - Successfully loaded and updated table
2020-07-15 17:40:20,740 DEBUG - (terrytang) - Successfully loaded and updated table
2020-07-15 17:41:48,730 DEBUG - (terrytang) - Successfully loaded and updated table
2020-07-15 17:44:58,798 DEBUG - (terrytang) - Successfully loaded and updated table
2020-07-15 17:54:25,507 DEBUG - (terrytang) - Successfully loaded and updated table
2020-07-15 17:54:56,025 DEBUG - (terrytang) - Successfully loaded and updated table
2020-07-15 20:14:13,050 DEBUG - starting thread (client mode): 0xb390f490L
2020-07-15 20:14:13,051 DEBUG - Local version/idstring: SSH-2.0-paramiko_2.6.0
2020-07-15 20:14:13,072 DEBUG - Remote version/idstring: SSH-2.0-OpenSSH_7.4
2020-07-15 20:14:13,072 INFO - Connected (version 2.0, client OpenSSH_7.4)
2020-07-15 20:14:13,077 DEBUG - kex algos:[u'curve25519-sha256', u'curve25519-sha256@libssh.org', u'ecdh-sha2-nistp256', u'ecdh-sha2-nistp384', u'ecdh-sha2-nistp521', u'diffie-hellman-group-exchange-sha256', u'diffie-hellman-group16-sha512', u'diffie-hellman-group18-sha512', u'diffie-hellman-group-exchange-sha1', u'diffie-hellman-group14-sha256', u'diffie-hellman-group14-sha1', u'diffie-hellman-group1-sha1'] server key:[u'ssh-rsa', u'rsa-sha2-512', u'rsa-sha2-256', u'ecdsa-sha2-nistp256', u'ssh-ed25519'] client encrypt:[u'chacha20-poly1305@openssh.com', u'aes128-ctr', u'aes192-ctr', u'aes256-ctr', u'aes128-gcm@openssh.com', u'aes256-gcm@openssh.com', u'aes128-cbc', u'aes192-cbc', u'aes256-cbc', u'blowfish-cbc', u'cast128-cbc', u'3des-cbc'] server encrypt:[u'chacha20-poly1305@openssh.com', u'aes128-ctr', u'aes192-ctr', u'aes256-ctr', u'aes128-gcm@openssh.com', u'aes256-gcm@openssh.com', u'aes128-cbc', u'aes192-cbc', u'aes256-cbc', u'blowfish-cbc', u'cast128-cbc', u'3des-cbc'] client mac:[u'umac-64-etm@openssh.com', u'umac-128-etm@openssh.com', u'hmac-sha2-256-etm@openssh.com', u'hmac-sha2-512-etm@openssh.com', u'hmac-sha1-etm@openssh.com', u'umac-64@openssh.com', u'umac-128@openssh.com', u'hmac-sha2-256', u'hmac-sha2-512', u'hmac-sha1'] server mac:[u'umac-64-etm@openssh.com', u'umac-128-etm@openssh.com', u'hmac-sha2-256-etm@openssh.com', u'hmac-sha2-512-etm@openssh.com', u'hmac-sha1-etm@openssh.com', u'umac-64@openssh.com', u'umac-128@openssh.com', u'hmac-sha2-256', u'hmac-sha2-512', u'hmac-sha1'] client compress:[u'none', u'zlib@openssh.com'] server compress:[u'none', u'zlib@openssh.com'] client lang:[u''] server lang:[u''] kex follows?False
2020-07-15 20:14:13,077 DEBUG - Kex agreed: curve25519-sha256@libssh.org
2020-07-15 20:14:13,078 DEBUG - HostKey agreed: ssh-ed25519
2020-07-15 20:14:13,078 DEBUG - Cipher agreed: aes128-ctr
2020-07-15 20:14:13,078 DEBUG - MAC agreed: hmac-sha2-256
2020-07-15 20:14:13,078 DEBUG - Compression agreed: none
2020-07-15 20:14:13,091 DEBUG - kex engine KexCurve25519 specified hash_algo <built-in function openssl_sha256>
2020-07-15 20:14:13,092 DEBUG - Switch to new keys ...
2020-07-15 20:14:13,116 DEBUG - Adding ssh-ed25519 host key for [59.188.83.80]:28032: 649bfb2ade50b259183468bcc4a641be
2020-07-15 20:14:13,117 DEBUG - Trying discovered key f1e2a20412f7e99b7abdb041b22f15e1 in /root/.ssh/id_rsa
2020-07-15 20:14:13,135 DEBUG - userauth is OK
2020-07-15 20:14:18,219 INFO - Authentication (publickey) successful!
2020-07-15 20:14:18,228 DEBUG - [chan 0] Max packet in: 32768 bytes
2020-07-15 20:14:24,824 DEBUG - Received global request "hostkeys-00@openssh.com"
2020-07-15 20:14:24,825 DEBUG - Rejecting "hostkeys-00@openssh.com" global request from server.
2020-07-15 20:14:24,825 DEBUG - Debug msg: Adding to environment: NAME=argus
2020-07-15 20:14:24,825 DEBUG - [chan 0] Max packet out: 32768 bytes
2020-07-15 20:14:24,825 DEBUG - Secsh channel 0 opened.
2020-07-15 20:14:24,836 DEBUG - [chan 0] Sesch channel 0 request ok
2020-07-15 20:14:24,847 DEBUG - [chan 0] Sesch channel 0 request ok
2020-07-15 20:14:24,847 DEBUG - [chan 1] Max packet in: 32768 bytes
2020-07-15 20:14:24,850 DEBUG - [chan 1] Max packet out: 32768 bytes
2020-07-15 20:14:24,850 DEBUG - Secsh channel 1 opened.
2020-07-15 20:14:24,860 DEBUG - [chan 1] Sesch channel 1 request ok
2020-07-15 20:14:24,887 DEBUG - [chan 1] EOF received (1)
2020-07-15 20:14:24,888 DEBUG - [chan 1] EOF sent (1)
2020-07-15 20:14:24,888 DEBUG - EOF in transport thread
2020-07-15 20:14:24,908 DEBUG - starting thread (client mode): 0xb390f050L
2020-07-15 20:14:24,908 DEBUG - Local version/idstring: SSH-2.0-paramiko_2.6.0
2020-07-15 20:14:24,926 DEBUG - Remote version/idstring: SSH-2.0-OpenSSH_7.4
2020-07-15 20:14:24,926 INFO - Connected (version 2.0, client OpenSSH_7.4)
2020-07-15 20:14:24,931 DEBUG - kex algos:[u'curve25519-sha256', u'curve25519-sha256@libssh.org', u'ecdh-sha2-nistp256', u'ecdh-sha2-nistp384', u'ecdh-sha2-nistp521', u'diffie-hellman-group-exchange-sha256', u'diffie-hellman-group16-sha512', u'diffie-hellman-group18-sha512', u'diffie-hellman-group-exchange-sha1', u'diffie-hellman-group14-sha256', u'diffie-hellman-group14-sha1', u'diffie-hellman-group1-sha1'] server key:[u'ssh-rsa', u'rsa-sha2-512', u'rsa-sha2-256', u'ecdsa-sha2-nistp256', u'ssh-ed25519'] client encrypt:[u'chacha20-poly1305@openssh.com', u'aes128-ctr', u'aes192-ctr', u'aes256-ctr', u'aes128-gcm@openssh.com', u'aes256-gcm@openssh.com', u'aes128-cbc', u'aes192-cbc', u'aes256-cbc', u'blowfish-cbc', u'cast128-cbc', u'3des-cbc'] server encrypt:[u'chacha20-poly1305@openssh.com', u'aes128-ctr', u'aes192-ctr', u'aes256-ctr', u'aes128-gcm@openssh.com', u'aes256-gcm@openssh.com', u'aes128-cbc', u'aes192-cbc', u'aes256-cbc', u'blowfish-cbc', u'cast128-cbc', u'3des-cbc'] client mac:[u'umac-64-etm@openssh.com', u'umac-128-etm@openssh.com', u'hmac-sha2-256-etm@openssh.com', u'hmac-sha2-512-etm@openssh.com', u'hmac-sha1-etm@openssh.com', u'umac-64@openssh.com', u'umac-128@openssh.com', u'hmac-sha2-256', u'hmac-sha2-512', u'hmac-sha1'] server mac:[u'umac-64-etm@openssh.com', u'umac-128-etm@openssh.com', u'hmac-sha2-256-etm@openssh.com', u'hmac-sha2-512-etm@openssh.com', u'hmac-sha1-etm@openssh.com', u'umac-64@openssh.com', u'umac-128@openssh.com', u'hmac-sha2-256', u'hmac-sha2-512', u'hmac-sha1'] client compress:[u'none', u'zlib@openssh.com'] server compress:[u'none', u'zlib@openssh.com'] client lang:[u''] server lang:[u''] kex follows?False
2020-07-15 20:14:24,931 DEBUG - Kex agreed: curve25519-sha256@libssh.org
2020-07-15 20:14:24,931 DEBUG - HostKey agreed: ssh-ed25519
2020-07-15 20:14:24,931 DEBUG - Cipher agreed: aes128-ctr
2020-07-15 20:14:24,931 DEBUG - MAC agreed: hmac-sha2-256
2020-07-15 20:14:24,931 DEBUG - Compression agreed: none
2020-07-15 20:14:24,943 DEBUG - kex engine KexCurve25519 specified hash_algo <built-in function openssl_sha256>
2020-07-15 20:14:24,944 DEBUG - Switch to new keys ...
2020-07-15 20:14:24,974 DEBUG - Adding ssh-ed25519 host key for [59.188.83.80]:28032: 649bfb2ade50b259183468bcc4a641be
2020-07-15 20:14:24,975 DEBUG - Trying discovered key f1e2a20412f7e99b7abdb041b22f15e1 in /root/.ssh/id_rsa
2020-07-15 20:14:24,987 DEBUG - userauth is OK
2020-07-15 20:14:30,055 INFO - Authentication (publickey) successful!
2020-07-15 20:14:30,074 DEBUG - [chan 0] Max packet in: 32768 bytes
2020-07-15 20:14:30,299 DEBUG - Received global request "hostkeys-00@openssh.com"
2020-07-15 20:14:30,299 DEBUG - Rejecting "hostkeys-00@openssh.com" global request from server.
2020-07-15 20:14:30,299 DEBUG - Debug msg: Adding to environment: NAME=argus
2020-07-15 20:14:30,344 DEBUG - [chan 0] Max packet out: 32768 bytes
2020-07-15 20:14:30,344 DEBUG - Secsh channel 0 opened.
2020-07-15 20:14:30,387 DEBUG - [chan 0] Sesch channel 0 request ok
2020-07-15 20:14:30,394 DEBUG - [chan 0] Sesch channel 0 request ok
2020-07-15 20:14:30,394 DEBUG - [chan 1] Max packet in: 32768 bytes
2020-07-15 20:14:30,397 DEBUG - [chan 1] Max packet out: 32768 bytes
2020-07-15 20:14:30,397 DEBUG - Secsh channel 1 opened.
2020-07-15 20:14:30,405 DEBUG - [chan 1] Sesch channel 1 request ok
2020-07-15 20:14:30,453 DEBUG - [chan 1] EOF received (1)
2020-07-15 20:14:30,453 DEBUG - [chan 1] EOF sent (1)
2020-07-15 20:14:30,454 DEBUG - [chan 2] Max packet in: 32768 bytes
2020-07-15 20:14:30,498 DEBUG - [chan 2] Max packet out: 32768 bytes
2020-07-15 20:14:30,498 DEBUG - Secsh channel 2 opened.
2020-07-15 20:14:30,524 DEBUG - [chan 2] Sesch channel 2 request ok
2020-07-15 20:14:30,572 DEBUG - [chan 2] EOF received (2)
2020-07-15 20:14:30,572 DEBUG - [chan 2] EOF sent (2)
2020-07-15 20:14:30,574 DEBUG - [chan 3] Max packet in: 32768 bytes
2020-07-15 20:14:30,759 DEBUG - [chan 3] Max packet out: 32768 bytes
2020-07-15 20:14:30,759 DEBUG - Secsh channel 3 opened.
2020-07-15 20:14:30,784 DEBUG - [chan 3] Sesch channel 3 request ok
2020-07-15 20:14:30,948 DEBUG - [chan 3] EOF received (3)
2020-07-15 20:14:30,948 DEBUG - [chan 3] EOF sent (3)
2020-07-15 20:14:30,950 DEBUG - EOF in transport thread
