2020-11-03 00:48:50,325 DEBUG - (jonas.nicanor) - Successfully loaded and updated table
2020-11-03 14:10:39,749 DEBUG - starting thread (client mode): 0x4c8da850L
2020-11-03 14:10:39,749 DEBUG - Local version/idstring: SSH-2.0-paramiko_2.6.0
2020-11-03 14:10:54,762 ERROR - Exception: Error reading SSH protocol banner
2020-11-03 14:10:54,763 ERROR - Traceback (most recent call last):
2020-11-03 14:10:54,763 ERROR -   File "/app/argus_final/venv/lib/python2.7/site-packages/paramiko/transport.py", line 2039, in run
2020-11-03 14:10:54,764 ERROR -     self._check_banner()
2020-11-03 14:10:54,764 ERROR -   File "/app/argus_final/venv/lib/python2.7/site-packages/paramiko/transport.py", line 2216, in _check_banner
2020-11-03 14:10:54,764 ERROR -     "Error reading SSH protocol banner" + str(e)
2020-11-03 14:10:54,764 ERROR - SSHException: Error reading SSH protocol banner
2020-11-03 14:10:54,764 ERROR - 
2020-11-03 15:30:09,217 DEBUG - starting thread (client mode): 0x4cb2c450L
2020-11-03 15:30:09,217 DEBUG - Local version/idstring: SSH-2.0-paramiko_2.6.0
2020-11-03 15:30:09,366 DEBUG - Remote version/idstring: SSH-2.0-OpenSSH_7.4
2020-11-03 15:30:09,367 INFO - Connected (version 2.0, client OpenSSH_7.4)
2020-11-03 15:30:09,506 DEBUG - kex algos:[u'curve25519-sha256', u'curve25519-sha256@libssh.org', u'ecdh-sha2-nistp256', u'ecdh-sha2-nistp384', u'ecdh-sha2-nistp521', u'diffie-hellman-group-exchange-sha256', u'diffie-hellman-group16-sha512', u'diffie-hellman-group18-sha512', u'diffie-hellman-group-exchange-sha1', u'diffie-hellman-group14-sha256', u'diffie-hellman-group14-sha1', u'diffie-hellman-group1-sha1'] server key:[u'ssh-rsa', u'rsa-sha2-512', u'rsa-sha2-256', u'ecdsa-sha2-nistp256', u'ssh-ed25519'] client encrypt:[u'chacha20-poly1305@openssh.com', u'aes128-ctr', u'aes192-ctr', u'aes256-ctr', u'aes128-gcm@openssh.com', u'aes256-gcm@openssh.com', u'aes128-cbc', u'aes192-cbc', u'aes256-cbc', u'blowfish-cbc', u'cast128-cbc', u'3des-cbc'] server encrypt:[u'chacha20-poly1305@openssh.com', u'aes128-ctr', u'aes192-ctr', u'aes256-ctr', u'aes128-gcm@openssh.com', u'aes256-gcm@openssh.com', u'aes128-cbc', u'aes192-cbc', u'aes256-cbc', u'blowfish-cbc', u'cast128-cbc', u'3des-cbc'] client mac:[u'umac-64-etm@openssh.com', u'umac-128-etm@openssh.com', u'hmac-sha2-256-etm@openssh.com', u'hmac-sha2-512-etm@openssh.com', u'hmac-sha1-etm@openssh.com', u'umac-64@openssh.com', u'umac-128@openssh.com', u'hmac-sha2-256', u'hmac-sha2-512', u'hmac-sha1'] server mac:[u'umac-64-etm@openssh.com', u'umac-128-etm@openssh.com', u'hmac-sha2-256-etm@openssh.com', u'hmac-sha2-512-etm@openssh.com', u'hmac-sha1-etm@openssh.com', u'umac-64@openssh.com', u'umac-128@openssh.com', u'hmac-sha2-256', u'hmac-sha2-512', u'hmac-sha1'] client compress:[u'none', u'zlib@openssh.com'] server compress:[u'none', u'zlib@openssh.com'] client lang:[u''] server lang:[u''] kex follows?False
2020-11-03 15:30:09,506 DEBUG - Kex agreed: curve25519-sha256@libssh.org
2020-11-03 15:30:09,506 DEBUG - HostKey agreed: ssh-ed25519
2020-11-03 15:30:09,506 DEBUG - Cipher agreed: aes128-ctr
2020-11-03 15:30:09,506 DEBUG - MAC agreed: hmac-sha2-256
2020-11-03 15:30:09,507 DEBUG - Compression agreed: none
2020-11-03 15:30:09,695 DEBUG - kex engine KexCurve25519 specified hash_algo <built-in function openssl_sha256>
2020-11-03 15:30:09,696 DEBUG - Switch to new keys ...
2020-11-03 15:30:09,721 DEBUG - Adding ssh-ed25519 host key for [45.119.126.142]:28032: 9c461e2d41388ccec7446ceecf2a252b
2020-11-03 15:30:09,722 DEBUG - Trying discovered key f1e2a20412f7e99b7abdb041b22f15e1 in /root/.ssh/id_rsa
2020-11-03 15:30:10,012 DEBUG - userauth is OK
2020-11-03 15:30:15,188 INFO - Authentication (publickey) successful!
2020-11-03 15:30:15,200 DEBUG - [chan 0] Max packet in: 32768 bytes
2020-11-03 15:30:15,340 DEBUG - Received global request "hostkeys-00@openssh.com"
2020-11-03 15:30:15,340 DEBUG - Rejecting "hostkeys-00@openssh.com" global request from server.
2020-11-03 15:30:15,340 DEBUG - Debug msg: Adding to environment: NAME=argus
2020-11-03 15:30:15,518 DEBUG - [chan 0] Max packet out: 32768 bytes
2020-11-03 15:30:15,518 DEBUG - Secsh channel 0 opened.
2020-11-03 15:30:15,661 DEBUG - [chan 0] Sesch channel 0 request ok
2020-11-03 15:30:15,805 DEBUG - [chan 0] Sesch channel 0 request ok
2020-11-03 15:30:15,806 DEBUG - [chan 1] Max packet in: 32768 bytes
2020-11-03 15:30:15,946 DEBUG - [chan 1] Max packet out: 32768 bytes
2020-11-03 15:30:15,946 DEBUG - Secsh channel 1 opened.
2020-11-03 15:30:16,114 DEBUG - [chan 1] Sesch channel 1 request ok
2020-11-03 15:30:33,659 DEBUG - [chan 2] Max packet in: 32768 bytes
2020-11-03 15:30:33,661 DEBUG - [chan 1] EOF received (1)
2020-11-03 15:30:33,661 DEBUG - [chan 1] EOF sent (1)
2020-11-03 15:30:33,800 DEBUG - [chan 2] Max packet out: 32768 bytes
2020-11-03 15:30:33,800 DEBUG - Secsh channel 2 opened.
2020-11-03 15:30:34,119 DEBUG - [chan 2] Sesch channel 2 request ok
2020-11-03 15:30:34,134 DEBUG - [chan 2] EOF received (2)
2020-11-03 15:30:34,134 DEBUG - [chan 2] EOF sent (2)
2020-11-03 15:30:34,135 DEBUG - EOF in transport thread
2020-11-03 15:33:08,720 DEBUG - starting thread (client mode): 0x4bfd1e50L
2020-11-03 15:33:08,721 DEBUG - Local version/idstring: SSH-2.0-paramiko_2.6.0
2020-11-03 15:33:08,867 DEBUG - Remote version/idstring: SSH-2.0-OpenSSH_7.4
2020-11-03 15:33:08,868 INFO - Connected (version 2.0, client OpenSSH_7.4)
2020-11-03 15:33:09,006 DEBUG - kex algos:[u'curve25519-sha256', u'curve25519-sha256@libssh.org', u'ecdh-sha2-nistp256', u'ecdh-sha2-nistp384', u'ecdh-sha2-nistp521', u'diffie-hellman-group-exchange-sha256', u'diffie-hellman-group16-sha512', u'diffie-hellman-group18-sha512', u'diffie-hellman-group-exchange-sha1', u'diffie-hellman-group14-sha256', u'diffie-hellman-group14-sha1', u'diffie-hellman-group1-sha1'] server key:[u'ssh-rsa', u'rsa-sha2-512', u'rsa-sha2-256', u'ecdsa-sha2-nistp256', u'ssh-ed25519'] client encrypt:[u'chacha20-poly1305@openssh.com', u'aes128-ctr', u'aes192-ctr', u'aes256-ctr', u'aes128-gcm@openssh.com', u'aes256-gcm@openssh.com', u'aes128-cbc', u'aes192-cbc', u'aes256-cbc', u'blowfish-cbc', u'cast128-cbc', u'3des-cbc'] server encrypt:[u'chacha20-poly1305@openssh.com', u'aes128-ctr', u'aes192-ctr', u'aes256-ctr', u'aes128-gcm@openssh.com', u'aes256-gcm@openssh.com', u'aes128-cbc', u'aes192-cbc', u'aes256-cbc', u'blowfish-cbc', u'cast128-cbc', u'3des-cbc'] client mac:[u'umac-64-etm@openssh.com', u'umac-128-etm@openssh.com', u'hmac-sha2-256-etm@openssh.com', u'hmac-sha2-512-etm@openssh.com', u'hmac-sha1-etm@openssh.com', u'umac-64@openssh.com', u'umac-128@openssh.com', u'hmac-sha2-256', u'hmac-sha2-512', u'hmac-sha1'] server mac:[u'umac-64-etm@openssh.com', u'umac-128-etm@openssh.com', u'hmac-sha2-256-etm@openssh.com', u'hmac-sha2-512-etm@openssh.com', u'hmac-sha1-etm@openssh.com', u'umac-64@openssh.com', u'umac-128@openssh.com', u'hmac-sha2-256', u'hmac-sha2-512', u'hmac-sha1'] client compress:[u'none', u'zlib@openssh.com'] server compress:[u'none', u'zlib@openssh.com'] client lang:[u''] server lang:[u''] kex follows?False
2020-11-03 15:33:09,006 DEBUG - Kex agreed: curve25519-sha256@libssh.org
2020-11-03 15:33:09,006 DEBUG - HostKey agreed: ssh-ed25519
2020-11-03 15:33:09,006 DEBUG - Cipher agreed: aes128-ctr
2020-11-03 15:33:09,007 DEBUG - MAC agreed: hmac-sha2-256
2020-11-03 15:33:09,007 DEBUG - Compression agreed: none
2020-11-03 15:33:09,190 DEBUG - kex engine KexCurve25519 specified hash_algo <built-in function openssl_sha256>
2020-11-03 15:33:09,191 DEBUG - Switch to new keys ...
2020-11-03 15:33:09,225 DEBUG - Adding ssh-ed25519 host key for [45.119.126.142]:28032: 9c461e2d41388ccec7446ceecf2a252b
2020-11-03 15:33:09,226 DEBUG - Trying discovered key f1e2a20412f7e99b7abdb041b22f15e1 in /root/.ssh/id_rsa
2020-11-03 15:33:09,505 DEBUG - userauth is OK
2020-11-03 15:33:14,670 INFO - Authentication (publickey) successful!
2020-11-03 15:33:14,703 DEBUG - [chan 0] Max packet in: 32768 bytes
2020-11-03 15:33:14,842 DEBUG - Received global request "hostkeys-00@openssh.com"
2020-11-03 15:33:14,842 DEBUG - Rejecting "hostkeys-00@openssh.com" global request from server.
2020-11-03 15:33:14,843 DEBUG - Debug msg: Adding to environment: NAME=argus
2020-11-03 15:33:15,019 DEBUG - [chan 0] Max packet out: 32768 bytes
2020-11-03 15:33:15,020 DEBUG - Secsh channel 0 opened.
2020-11-03 15:33:15,163 DEBUG - [chan 0] Sesch channel 0 request ok
2020-11-03 15:33:15,305 DEBUG - [chan 0] Sesch channel 0 request ok
2020-11-03 15:33:15,306 DEBUG - [chan 1] Max packet in: 32768 bytes
2020-11-03 15:33:15,444 DEBUG - [chan 1] Max packet out: 32768 bytes
2020-11-03 15:33:15,444 DEBUG - Secsh channel 1 opened.
2020-11-03 15:33:15,613 DEBUG - [chan 1] Sesch channel 1 request ok
2020-11-03 15:33:15,632 DEBUG - [chan 1] EOF received (1)
2020-11-03 15:33:15,632 DEBUG - [chan 1] EOF sent (1)
2020-11-03 15:33:15,633 DEBUG - EOF in transport thread
2020-11-03 15:33:15,909 DEBUG - starting thread (client mode): 0x4a93e590L
2020-11-03 15:33:15,910 DEBUG - Local version/idstring: SSH-2.0-paramiko_2.6.0
2020-11-03 15:33:16,052 DEBUG - Remote version/idstring: SSH-2.0-OpenSSH_7.4
2020-11-03 15:33:16,052 INFO - Connected (version 2.0, client OpenSSH_7.4)
2020-11-03 15:33:16,187 DEBUG - kex algos:[u'curve25519-sha256', u'curve25519-sha256@libssh.org', u'ecdh-sha2-nistp256', u'ecdh-sha2-nistp384', u'ecdh-sha2-nistp521', u'diffie-hellman-group-exchange-sha256', u'diffie-hellman-group16-sha512', u'diffie-hellman-group18-sha512', u'diffie-hellman-group-exchange-sha1', u'diffie-hellman-group14-sha256', u'diffie-hellman-group14-sha1', u'diffie-hellman-group1-sha1'] server key:[u'ssh-rsa', u'rsa-sha2-512', u'rsa-sha2-256', u'ecdsa-sha2-nistp256', u'ssh-ed25519'] client encrypt:[u'chacha20-poly1305@openssh.com', u'aes128-ctr', u'aes192-ctr', u'aes256-ctr', u'aes128-gcm@openssh.com', u'aes256-gcm@openssh.com', u'aes128-cbc', u'aes192-cbc', u'aes256-cbc', u'blowfish-cbc', u'cast128-cbc', u'3des-cbc'] server encrypt:[u'chacha20-poly1305@openssh.com', u'aes128-ctr', u'aes192-ctr', u'aes256-ctr', u'aes128-gcm@openssh.com', u'aes256-gcm@openssh.com', u'aes128-cbc', u'aes192-cbc', u'aes256-cbc', u'blowfish-cbc', u'cast128-cbc', u'3des-cbc'] client mac:[u'umac-64-etm@openssh.com', u'umac-128-etm@openssh.com', u'hmac-sha2-256-etm@openssh.com', u'hmac-sha2-512-etm@openssh.com', u'hmac-sha1-etm@openssh.com', u'umac-64@openssh.com', u'umac-128@openssh.com', u'hmac-sha2-256', u'hmac-sha2-512', u'hmac-sha1'] server mac:[u'umac-64-etm@openssh.com', u'umac-128-etm@openssh.com', u'hmac-sha2-256-etm@openssh.com', u'hmac-sha2-512-etm@openssh.com', u'hmac-sha1-etm@openssh.com', u'umac-64@openssh.com', u'umac-128@openssh.com', u'hmac-sha2-256', u'hmac-sha2-512', u'hmac-sha1'] client compress:[u'none', u'zlib@openssh.com'] server compress:[u'none', u'zlib@openssh.com'] client lang:[u''] server lang:[u''] kex follows?False
2020-11-03 15:33:16,187 DEBUG - Kex agreed: curve25519-sha256@libssh.org
2020-11-03 15:33:16,187 DEBUG - HostKey agreed: ssh-ed25519
2020-11-03 15:33:16,187 DEBUG - Cipher agreed: aes128-ctr
2020-11-03 15:33:16,187 DEBUG - MAC agreed: hmac-sha2-256
2020-11-03 15:33:16,187 DEBUG - Compression agreed: none
2020-11-03 15:33:16,369 DEBUG - kex engine KexCurve25519 specified hash_algo <built-in function openssl_sha256>
2020-11-03 15:33:16,370 DEBUG - Switch to new keys ...
2020-11-03 15:33:16,379 DEBUG - Adding ssh-ed25519 host key for [45.119.126.142]:28032: 9c461e2d41388ccec7446ceecf2a252b
2020-11-03 15:33:16,380 DEBUG - Trying discovered key f1e2a20412f7e99b7abdb041b22f15e1 in /root/.ssh/id_rsa
2020-11-03 15:33:16,677 DEBUG - userauth is OK
2020-11-03 15:33:21,859 INFO - Authentication (publickey) successful!
2020-11-03 15:33:21,862 DEBUG - [chan 0] Max packet in: 32768 bytes
2020-11-03 15:33:21,997 DEBUG - Received global request "hostkeys-00@openssh.com"
2020-11-03 15:33:21,997 DEBUG - Rejecting "hostkeys-00@openssh.com" global request from server.
2020-11-03 15:33:21,997 DEBUG - Debug msg: Adding to environment: NAME=argus
2020-11-03 15:33:22,171 DEBUG - [chan 0] Max packet out: 32768 bytes
2020-11-03 15:33:22,171 DEBUG - Secsh channel 0 opened.
2020-11-03 15:33:22,309 DEBUG - [chan 0] Sesch channel 0 request ok
2020-11-03 15:33:22,447 DEBUG - [chan 0] Sesch channel 0 request ok
2020-11-03 15:33:22,448 DEBUG - [chan 1] Max packet in: 32768 bytes
2020-11-03 15:33:22,583 DEBUG - [chan 1] Max packet out: 32768 bytes
2020-11-03 15:33:22,583 DEBUG - Secsh channel 1 opened.
2020-11-03 15:33:22,752 DEBUG - [chan 1] Sesch channel 1 request ok
2020-11-03 15:33:22,765 DEBUG - [chan 1] EOF received (1)
2020-11-03 15:33:22,766 DEBUG - [chan 1] EOF sent (1)
2020-11-03 15:33:22,767 DEBUG - [chan 2] Max packet in: 32768 bytes
2020-11-03 15:33:23,075 DEBUG - [chan 2] Max packet out: 32768 bytes
2020-11-03 15:33:23,075 DEBUG - Secsh channel 2 opened.
2020-11-03 15:33:23,214 DEBUG - [chan 2] Sesch channel 2 request ok
2020-11-03 15:33:23,229 DEBUG - [chan 2] EOF received (2)
2020-11-03 15:33:23,229 DEBUG - [chan 2] EOF sent (2)
2020-11-03 15:33:23,230 DEBUG - [chan 3] Max packet in: 32768 bytes
2020-11-03 15:33:23,538 DEBUG - [chan 3] Max packet out: 32768 bytes
2020-11-03 15:33:23,539 DEBUG - Secsh channel 3 opened.
2020-11-03 15:33:23,678 DEBUG - [chan 3] Sesch channel 3 request ok
2020-11-03 15:33:23,695 DEBUG - [chan 3] EOF received (3)
2020-11-03 15:33:23,695 DEBUG - [chan 3] EOF sent (3)
2020-11-03 15:33:23,696 DEBUG - EOF in transport thread
2020-11-03 17:38:17,549 DEBUG - (landon) - Successfully loaded and updated table
