--- /ansible/nginx/hostgroups/om-cdn_nginx/nginx/conf.d/other/196311.com.conf	2019-09-09 16:17:45.228571314 +0800
+++ /tmp/196311.com.conf	2019-09-09 16:18:01.518571314 +0800
@@ -1,2 +1,23 @@
 
-
+###jiabo-cdn
+server {
+    listen 443;
+    server_name ssocdn.196311.com;
+    charset utf-8;
+    access_log  logs/196311.com.access.log main;
+    error_log  logs/196311.com.error.log;
+    ssl on; 
+    ssl_certificate /usr/local/nginx/conf.d/ssl/196311.com/fullchain.pem;
+    ssl_certificate_key /usr/local/nginx/conf.d/ssl/196311.com/privkey.pem;
+	location / {
+		proxy_pass https://www.inxedu.com/;
+	}
+    location ^~ /cdn/ {
+        alias /var/ftp/allcdn/;
+	}
+  
+    location ^~ /images/ {
+        alias /var/ftp/images/;
+    }
+  	
+}

