ESYNC_WORKER1_COMMAND_START
[WARNING]: Invalid characters were found in group names but not replaced, use
-vvvv to see details

PLAY [om-cdn_nginx] ************************************************************


TASK [Gathering Facts] *********************************************************
ok: [18.163.113.6]
ok: [65.52.175.54]

TASK [nginx_sync : Change python interpreter] **********************************

ok: [65.52.175.54]
skipping: [18.163.113.6]

TASK [nginx_sync : change python interpreter] **********************************
ok: [65.52.175.54]

skipping: [18.163.113.6]

TASK [nginx_sync : Notify] *****************************************************
ok: [65.52.175.54] => {
    "msg": "Syncing om-cdn_nginx"

}
ok: [18.163.113.6] => {
    "msg": "Syncing om-cdn_nginx"
}


TASK [nginx_sync : include_vars] ***********************************************
ok: [65.52.175.54]
ok: [18.163.113.6]

TASK [nginx_sync : Synchronizing Nginx] ****************************************

ok: [18.163.113.6] => (item=conf)
ok: [65.52.175.54] => (item=conf)
changed: [18.163.113.6] => (item=conf.d)
changed: [65.52.175.54] => (item=conf.d)
ok: [18.163.113.6] => (item=data)

ok: [65.52.175.54] => (item=data)
ok: [18.163.113.6] => (item=html)
ok: [65.52.175.54] => (item=html)

TASK [nginx_sync : Set HTML Dir to root] ***************************************

ok: [18.163.113.6]
ok: [65.52.175.54]

TASK [all_servers : include_vars] **********************************************
ok: [65.52.175.54]

ok: [18.163.113.6]

TASK [all_servers : Notify] ****************************************************
ok: [65.52.175.54] => {
    "msg": "Clearing Nginx Cache for om-cdn_nginx"

}
ok: [18.163.113.6] => {
    "msg": "Clearing Nginx Cache for om-cdn_nginx"
}


TASK [all_servers : Copying clear_nginxcache.sh to remote hosts] ***************
ok: [18.163.113.6]
ok: [65.52.175.54]

TASK [all_servers : Nginx Clear Cache] *****************************************

changed: [65.52.175.54]
changed: [18.163.113.6]

TASK [all_servers : debug] *****************************************************
ok: [65.52.175.54] => {

    "script_result.stdout_lines": [
        "-----------------------------------------------------------", 
        "|                 Checking Nginx Config                   |", 
        "-----------------------------------------------------------", 
        "", 

        " nginx -t ", 
        "", 
        "-----------------------------------------------------------", 
        "|                 Stopping Nginx Process                  |", 
        "-----------------------------------------------------------", 

        "", 
        " /usr/bin/killall -9 nginx ", 
        "", 
        "-----------------------------------------------------------", 
        "|                 Clearing Proxy Cache                    |", 

        "-----------------------------------------------------------", 
        "", 
        " /bin/rm -rf /tmp/nginx_cache ", 
        "", 
        "-----------------------------------------------------------", 

        "|                Restarting Nginx Process                 |", 
        "-----------------------------------------------------------", 
        "root      83813  0.0  0.0   9116   652 ?        Ss    2019   0:00 /sbin/dhclient -H om-cdn_nginx4.hk.az.monaco1.me -1 -q -cf /etc/dhcp/dhclient-eth0.conf -lf /var/lib/dhclient/dhclient-eth0.leases -pf /var/run/dhclient-eth0.pid eth0", 
        "root     123170  1.0  0.0 106116  1268 ?        S    18:25   0:00 /bin/bash /bak/bin/clear_nginxcache.sh", 
        "root     123181  0.0  0.0 134448  3748 ?        Ss   18:25   0:00 nginx: master process /usr/local/nginx/sbin/nginx", 

        "nobody   123183  0.0  0.1 138700  8172 ?        S    18:25   0:00 nginx: worker process      ", 
        "nobody   123184  0.0  0.1 138700  8172 ?        S    18:25   0:00 nginx: worker process      ", 
        "nobody   123185  0.0  0.1 138700  8172 ?        S    18:25   0:00 nginx: worker process      ", 
        "nobody   123186  0.0  0.1 138700  8172 ?        S    18:25   0:00 nginx: worker process      ", 
        "nobody   123187  0.0  0.0 134448  4156 ?        S    18:25   0:00 nginx: cache manager process", 

        "nobody   123188  0.0  0.0 134448  4116 ?        S    18:25   0:00 nginx: cache loader process", 
        "root     123194  0.0  0.0 103328   852 ?        S    18:25   0:00 grep nginx", 
        "             total       used       free     shared    buffers     cached", 
        "Mem:          6973       3404       3568          1        398       1125", 
        "-/+ buffers/cache:       1880       5093", 

        "Swap:            0          0          0", 
        "-----------------------------------------------------------", 
        "|                     Reload SUCCESS!                     |", 
        "-----------------------------------------------------------"
    ]

}
ok: [18.163.113.6] => {
    "script_result.stdout_lines": [
        "-----------------------------------------------------------", 
        "|                 Checking Nginx Config                   |", 

        "-----------------------------------------------------------", 
        "", 
        " nginx -t ", 
        "", 
        "-----------------------------------------------------------", 

        "|                 Stopping Nginx Process                  |", 
        "-----------------------------------------------------------", 
        "", 
        " /usr/bin/killall -9 nginx ", 
        "", 

        "-----------------------------------------------------------", 
        "|                 Clearing Proxy Cache                    |", 
        "-----------------------------------------------------------", 
        "", 
        " /bin/rm -rf /tmp/nginx_cache ", 

        "", 
        "-----------------------------------------------------------", 
        "|                Restarting Nginx Process                 |", 
        "-----------------------------------------------------------", 
        "root      4223  0.3  0.0 113288  1468 ?        S    18:25   0:00 /bin/bash /bak/bin/clear_nginxcache.sh", 

        "root      4361  0.0  0.0 138356  4476 ?        Ss   18:25   0:00 nginx: master process /usr/local/nginx/sbin/nginx", 
        "nobody    4362  0.0  0.1 142608  8828 ?        S    18:25   0:00 nginx: worker process", 
        "nobody    4363  0.0  0.1 142608  8828 ?        S    18:25   0:00 nginx: worker process", 
        "nobody    4364  0.0  0.1 142608  8828 ?        S    18:25   0:00 nginx: worker process", 
        "nobody    4365  0.0  0.1 142608 10296 ?        S    18:25   0:00 nginx: worker process", 

        "nobody    4366  0.0  0.0 138356  4876 ?        S    18:25   0:00 nginx: cache manager process", 
        "nobody    4367  0.0  0.0 138356  4876 ?        S    18:25   0:00 nginx: cache loader process", 
        "root      4383  0.0  0.0 112812   952 ?        S    18:25   0:00 grep nginx", 
        "              total        used        free      shared  buff/cache   available", 
        "Mem:           7525         418         898         542        6207        6266", 

        "Swap:             0           0           0", 
        "-----------------------------------------------------------", 
        "|                     Reload SUCCESS!                     |", 
        "-----------------------------------------------------------"
    ]

}

PLAY [127.0.0.1] ***************************************************************

TASK [sync_to_git : Synchronizing Nginx To GIT] ********************************

changed: [127.0.0.1]

TASK [sync_to_git : debug] *****************************************************
ok: [127.0.0.1] => {
    "msg": " [u'[master cf530af] jerry.lam', u' 2 files changed, 27 insertions(+), 1 deletion(-)', u' create mode 120000 nginx/conf.d/ssl/soundbird.cn', u'Branch master set up to track remote branch master from origin.']"

}

PLAY [om-cdn_nginx] ************************************************************

PLAY [127.0.0.1] ***************************************************************


PLAY RECAP *********************************************************************
127.0.0.1                  : ok=2    changed=1    unreachable=0    failed=0    skipped=0    rescued=0    ignored=0   
18.163.113.6               : ok=10   changed=2    unreachable=0    failed=0    skipped=2    rescued=0    ignored=0   
65.52.175.54               : ok=12   changed=2    unreachable=0    failed=0    skipped=0    rescued=0    ignored=0   



ESYNC_WORKER1_COMMAND_END
MAX RETRIES EXECUTED, COMMAND NOT RESPONDING