--- /ansible/nginx/hostgroups/om-cdn_nginx/nginx/conf.d/other/ali-cdn.conf	2020-06-16 12:02:46.572122049 +0800
+++ /tmp/ali-cdn.conf	2020-06-16 12:07:25.574491262 +0800
@@ -122,6 +122,32 @@
 
 server {
     listen 443; 
+    server_name ssocdn2.6uit7n.cn;
+    charset utf-8;
+    access_log  logs/196311.com.access.log main;
+    error_log   logs/196311.com.error.log;
+    ssl on; 
+    ssl_certificate     /usr/local/nginx/conf.d/ssl/6uit7n.cn/fullchain.pem;
+    ssl_certificate_key /usr/local/nginx/conf.d/ssl/6uit7n.cn/privkey.pem;
+    location / {
+        proxy_pass https://www.inxedu.com/;
+    }
+    location ^~ /images/ {
+        alias /var/ftp/images/;
+    }
+  
+    location ^~ /cdn/ {
+        alias /var/ftp/allcdn/;
+	}
+  	location ^~ /nav-html/ {
+        alias /var/ftp/allcdn/nav-html/;
+	}
+}
+
+
+
+server {
+    listen 443; 
     server_name ssocdn2.99gov.cn;
     charset utf-8;
     access_log  logs/196311.com.access.log main;

