ESYNC_WORKER1_COMMAND_START
 [WARNING]: Invalid characters were found in group names but not replaced, use
-vvvv to see details

PLAY [om-cdn_nginx] ************************************************************


TASK [Gathering Facts] *********************************************************
ok: [47.75.7.111]
ok: [47.52.248.144]
ok: [203.60.1.33]
ok: [65.52.175.54]

ok: [23.98.42.200]

TASK [nginx_sync : Change python interpreter] **********************************
ok: [47.52.248.144]
ok: [23.98.42.200]

ok: [47.75.7.111]
ok: [65.52.175.54]
skipping: [203.60.1.33]

TASK [nginx_sync : change python interpreter] **********************************

ok: [47.52.248.144]
ok: [23.98.42.200]
ok: [47.75.7.111]
ok: [65.52.175.54]
skipping: [203.60.1.33]


TASK [nginx_sync : Notify] *****************************************************
ok: [47.52.248.144] => {
    "msg": "Syncing om-cdn_nginx"
}

ok: [23.98.42.200] => {
    "msg": "Syncing om-cdn_nginx"
}
ok: [47.75.7.111] => {
    "msg": "Syncing om-cdn_nginx"

}
ok: [65.52.175.54] => {
    "msg": "Syncing om-cdn_nginx"
}
ok: [203.60.1.33] => {

    "msg": "Syncing om-cdn_nginx"
}

TASK [nginx_sync : include_vars] ***********************************************
ok: [47.52.248.144]

ok: [23.98.42.200]
ok: [47.75.7.111]
ok: [65.52.175.54]
ok: [203.60.1.33]


TASK [nginx_sync : Synchronizing Nginx] ****************************************
ok: [47.52.248.144] => (item=conf)
ok: [23.98.42.200] => (item=conf)
ok: [65.52.175.54] => (item=conf)
ok: [47.75.7.111] => (item=conf)

changed: [203.60.1.33] => (item=conf)
changed: [47.75.7.111] => (item=conf.d)
changed: [47.52.248.144] => (item=conf.d)
changed: [65.52.175.54] => (item=conf.d)
changed: [23.98.42.200] => (item=conf.d)

changed: [203.60.1.33] => (item=conf.d)
ok: [47.75.7.111] => (item=data)
ok: [47.52.248.144] => (item=data)
ok: [65.52.175.54] => (item=data)
ok: [23.98.42.200] => (item=data)

changed: [203.60.1.33] => (item=data)
ok: [47.75.7.111] => (item=html)
ok: [47.52.248.144] => (item=html)
ok: [65.52.175.54] => (item=html)
ok: [23.98.42.200] => (item=html)

changed: [203.60.1.33] => (item=html)

TASK [all_servers : include_vars] **********************************************
ok: [47.52.248.144]
ok: [23.98.42.200]

ok: [47.75.7.111]
ok: [65.52.175.54]
ok: [203.60.1.33]

TASK [all_servers : Notify] ****************************************************

ok: [47.52.248.144] => {
    "msg": "Clearing Nginx Cache for om-cdn_nginx"
}
ok: [23.98.42.200] => {
    "msg": "Clearing Nginx Cache for om-cdn_nginx"

}
ok: [47.75.7.111] => {
    "msg": "Clearing Nginx Cache for om-cdn_nginx"
}
ok: [65.52.175.54] => {

    "msg": "Clearing Nginx Cache for om-cdn_nginx"
}
ok: [203.60.1.33] => {
    "msg": "Clearing Nginx Cache for om-cdn_nginx"
}


TASK [all_servers : Copying clear_nginxcache.sh to remote hosts] ***************
ok: [47.75.7.111]
ok: [47.52.248.144]
ok: [65.52.175.54]

ok: [23.98.42.200]
ok: [203.60.1.33]

TASK [all_servers : Nginx Clear Cache] *****************************************
changed: [47.52.248.144]

changed: [47.75.7.111]
changed: [203.60.1.33]
changed: [23.98.42.200]
changed: [65.52.175.54]


TASK [all_servers : debug] *****************************************************
ok: [47.52.248.144] => {
    "script_result.stdout_lines": [
        "-----------------------------------------------------------", 
        "|                 Checking Nginx Config                   |", 

        "-----------------------------------------------------------", 
        "", 
        " nginx -t ", 
        "", 
        "-----------------------------------------------------------", 

        "|                 Stopping Nginx Process                  |", 
        "-----------------------------------------------------------", 
        "", 
        " /usr/bin/killall -9 nginx ", 
        "", 

        "-----------------------------------------------------------", 
        "|                 Clearing Proxy Cache                    |", 
        "-----------------------------------------------------------", 
        "", 
        " /bin/rm -rf /tmp/nginx_cache ", 

        "", 
        "-----------------------------------------------------------", 
        "|                Restarting Nginx Process                 |", 
        "-----------------------------------------------------------", 
        "root       434  0.0  0.0 106080  1412 ?        S    16:44   0:00 /bin/bash /bak/bin/clear_nginxcache.sh", 

        "root       446  0.0  0.0 136744  5280 ?        Ss   16:44   0:00 nginx: master process /usr/local/nginx/sbin/nginx", 
        "nobody     448  0.0  0.1 138672  8912 ?        S    16:44   0:00 nginx: worker process      ", 
        "nobody     449  0.0  0.1 138672  8912 ?        S    16:44   0:00 nginx: worker process      ", 
        "nobody     450  0.0  0.1 138672  8912 ?        S    16:44   0:00 nginx: worker process      ", 
        "nobody     451  0.0  0.1 138672  8912 ?        S    16:44   0:00 nginx: worker process      ", 

        "nobody     452  0.0  0.0 136744  5680 ?        S    16:44   0:00 nginx: cache manager process", 
        "nobody     453  0.0  0.0 136744  5632 ?        S    16:44   0:00 nginx: cache loader process", 
        "root       458  0.0  0.0 103324   888 ?        S    16:44   0:00 grep nginx", 
        "root       999  0.0  0.0   9116   716 ?        Ss   Jun06   0:00 /sbin/dhclient -H cdn-nginx2 -1 -q -cf /etc/dhcp/dhclient-eth0.conf -lf /var/lib/dhclient/dhclient-eth0.leases -pf /var/run/dhclient-eth0.pid eth0", 
        "             total       used       free     shared    buffers     cached", 

        "Mem:          8001       7829        171          1        209       5891", 
        "-/+ buffers/cache:       1728       6273", 
        "Swap:            0          0          0", 
        "-----------------------------------------------------------", 
        "|                     Reload SUCCESS!                     |", 

        "-----------------------------------------------------------"
    ]
}
ok: [23.98.42.200] => {
    "script_result.stdout_lines": [

        "-----------------------------------------------------------", 
        "|                 Checking Nginx Config                   |", 
        "-----------------------------------------------------------", 
        "", 
        " nginx -t ", 

        "", 
        "-----------------------------------------------------------", 
        "|                 Stopping Nginx Process                  |", 
        "-----------------------------------------------------------", 
        "", 

        " /usr/bin/killall -9 nginx ", 
        "", 
        "-----------------------------------------------------------", 
        "|                 Clearing Proxy Cache                    |", 
        "-----------------------------------------------------------", 

        "", 
        " /bin/rm -rf /tmp/nginx_cache ", 
        "", 
        "-----------------------------------------------------------", 
        "|                Restarting Nginx Process                 |", 

        "-----------------------------------------------------------", 
        "root      16617  0.0  0.0   9116   656 ?        Ss   Mar19   0:00 /sbin/dhclient -H om-cdn_nginx3.hk.az.monaco1.me -1 -q -cf /etc/dhcp/dhclient-eth0.conf -lf /var/lib/dhclient/dhclient-eth0.leases -pf /var/run/dhclient-eth0.pid eth0", 
        "root      39601  0.3  0.0 106116  1272 ?        S    16:44   0:00 /bin/bash /bak/bin/clear_nginxcache.sh", 
        "root      39607  0.0  0.0 136928  5224 ?        Ss   16:44   0:00 nginx: master process /usr/local/nginx/sbin/nginx", 
        "nobody    39609  0.0  0.1 138856  9156 ?        S    16:44   0:00 nginx: worker process      ", 

        "nobody    39610  0.0  0.1 138856  8944 ?        S    16:44   0:00 nginx: worker process      ", 
        "nobody    39611  0.0  0.1 138856  8872 ?        S    16:44   0:00 nginx: worker process      ", 
        "nobody    39612  0.0  0.1 138856  8944 ?        S    16:44   0:00 nginx: worker process      ", 
        "nobody    39613  0.0  0.0 136928  5632 ?        S    16:44   0:00 nginx: cache manager process", 
        "nobody    39614  0.0  0.0 136928  5592 ?        S    16:44   0:00 nginx: cache loader process", 

        "root      39620  0.0  0.0 103328   852 ?        S    16:44   0:00 grep nginx", 
        "             total       used       free     shared    buffers     cached", 
        "Mem:          6975       6769        205          1        111       5606", 
        "-/+ buffers/cache:       1050       5924", 
        "Swap:            0          0          0", 

        "-----------------------------------------------------------", 
        "|                     Reload SUCCESS!                     |", 
        "-----------------------------------------------------------"
    ]
}

ok: [47.75.7.111] => {
    "script_result.stdout_lines": [
        "-----------------------------------------------------------", 
        "|                 Checking Nginx Config                   |", 
        "-----------------------------------------------------------", 

        "", 
        " nginx -t ", 
        "", 
        "-----------------------------------------------------------", 
        "|                 Stopping Nginx Process                  |", 

        "-----------------------------------------------------------", 
        "", 
        " /usr/bin/killall -9 nginx ", 
        "", 
        "-----------------------------------------------------------", 

        "|                 Clearing Proxy Cache                    |", 
        "-----------------------------------------------------------", 
        "", 
        " /bin/rm -rf /tmp/nginx_cache ", 
        "", 

        "-----------------------------------------------------------", 
        "|                Restarting Nginx Process                 |", 
        "-----------------------------------------------------------", 
        "root      1004  0.0  0.0   9116   660 ?        Ss   Apr11   0:00 /sbin/dhclient -H cdn-nginx1 -1 -q -cf /etc/dhcp/dhclient-eth0.conf -lf /var/lib/dhclient/dhclient-eth0.leases -pf /var/run/dhclient-eth0.pid eth0", 
        "root     26180  0.0  0.0 106080  1412 ?        S    16:44   0:00 /bin/bash /bak/bin/clear_nginxcache.sh", 

        "root     26186  0.0  0.0 136744  5284 ?        Ss   16:44   0:00 nginx: master process /usr/local/nginx/sbin/nginx", 
        "nobody   26188  0.0  0.1 138672  8916 ?        S    16:44   0:00 nginx: worker process      ", 
        "nobody   26189  0.0  0.1 138672  8916 ?        S    16:44   0:00 nginx: worker process      ", 
        "nobody   26190  0.0  0.1 138672  8916 ?        S    16:44   0:00 nginx: worker process      ", 
        "nobody   26191  0.0  0.1 138672  8916 ?        S    16:44   0:00 nginx: worker process      ", 

        "nobody   26192  0.0  0.0 136744  5684 ?        S    16:44   0:00 nginx: cache manager process", 
        "nobody   26193  0.0  0.0 136744  5636 ?        S    16:44   0:00 nginx: cache loader process", 
        "root     26195  0.0  0.0 103324   892 ?        S    16:44   0:00 grep nginx", 
        "             total       used       free     shared    buffers     cached", 
        "Mem:          8001       7164        837          1        175       5963", 

        "-/+ buffers/cache:       1025       6976", 
        "Swap:            0          0          0", 
        "-----------------------------------------------------------", 
        "|                     Reload SUCCESS!                     |", 
        "-----------------------------------------------------------"

    ]
}
ok: [65.52.175.54] => {
    "script_result.stdout_lines": [
        "-----------------------------------------------------------", 

        "|                 Checking Nginx Config                   |", 
        "-----------------------------------------------------------", 
        "", 
        " nginx -t ", 
        "", 

        "-----------------------------------------------------------", 
        "|                 Stopping Nginx Process                  |", 
        "-----------------------------------------------------------", 
        "", 
        " /usr/bin/killall -9 nginx ", 

        "", 
        "-----------------------------------------------------------", 
        "|                 Clearing Proxy Cache                    |", 
        "-----------------------------------------------------------", 
        "", 

        " /bin/rm -rf /tmp/nginx_cache ", 
        "", 
        "-----------------------------------------------------------", 
        "|                Restarting Nginx Process                 |", 
        "-----------------------------------------------------------", 

        "root      15767  0.3  0.0 106116  1272 ?        S    16:44   0:00 /bin/bash /bak/bin/clear_nginxcache.sh", 
        "root      15781  0.0  0.0 136928  5220 ?        Ss   16:44   0:00 nginx: master process /usr/local/nginx/sbin/nginx", 
        "nobody    15783  0.0  0.1 138856  9740 ?        S    16:44   0:00 nginx: worker process      ", 
        "nobody    15784  0.0  0.1 138856  8940 ?        S    16:44   0:00 nginx: worker process      ", 
        "nobody    15785  0.0  0.1 138856  9152 ?        S    16:44   0:00 nginx: worker process      ", 

        "nobody    15786  0.0  0.1 138856  9912 ?        S    16:44   0:00 nginx: worker process      ", 
        "nobody    15787  0.0  0.0 136928  5628 ?        S    16:44   0:00 nginx: cache manager process", 
        "nobody    15788  0.0  0.0 136928  5588 ?        S    16:44   0:00 nginx: cache loader process", 
        "root      15790  0.0  0.0 103324   844 ?        S    16:44   0:00 grep nginx", 
        "root      83813  0.0  0.0   9116   652 ?        Ss   Mar19   0:00 /sbin/dhclient -H om-cdn_nginx4.hk.az.monaco1.me -1 -q -cf /etc/dhcp/dhclient-eth0.conf -lf /var/lib/dhclient/dhclient-eth0.leases -pf /var/run/dhclient-eth0.pid eth0", 

        "             total       used       free     shared    buffers     cached", 
        "Mem:          6973       6471        501          1        144       5485", 
        "-/+ buffers/cache:        841       6131", 
        "Swap:            0          0          0", 
        "-----------------------------------------------------------", 

        "|                     Reload SUCCESS!                     |", 
        "-----------------------------------------------------------"
    ]
}
ok: [203.60.1.33] => {

    "script_result.stdout_lines": [
        "-----------------------------------------------------------", 
        "|                 Checking Nginx Config                   |", 
        "-----------------------------------------------------------", 
        "", 

        " nginx -t ", 
        "", 
        "-----------------------------------------------------------", 
        "|                 Stopping Nginx Process                  |", 
        "-----------------------------------------------------------", 

        "", 
        " /usr/bin/killall -9 nginx ", 
        "", 
        "-----------------------------------------------------------", 
        "|                 Clearing Proxy Cache                    |", 

        "-----------------------------------------------------------", 
        "", 
        " /bin/rm -rf /tmp/nginx_cache ", 
        "", 
        "-----------------------------------------------------------", 

        "|                Restarting Nginx Process                 |", 
        "-----------------------------------------------------------", 
        "root     26407  1.6  0.0 113180  1524 ?        S    16:44   0:00 /bin/bash /bak/bin/clear_nginxcache.sh", 
        "root     26417  0.0  0.1 138096  5332 ?        Ss   16:44   0:00 nginx: master process /usr/local/nginx/sbin/nginx", 
        "nobody   26419  0.0  0.2 140024  8920 ?        S    16:44   0:00 nginx: worker process", 

        "nobody   26420  0.0  0.2 140024  8920 ?        S    16:44   0:00 nginx: worker process", 
        "nobody   26421  0.0  0.2 140024  8920 ?        S    16:44   0:00 nginx: worker process", 
        "nobody   26422  0.0  0.2 140024  8920 ?        S    16:44   0:00 nginx: worker process", 
        "nobody   26423  0.0  0.1 138096  5756 ?        S    16:44   0:00 nginx: cache manager process", 
        "nobody   26424  0.0  0.1 138096  5756 ?        S    16:44   0:00 nginx: cache loader process", 

        "root     26436  0.0  0.0 112708   964 ?        S    16:44   0:00 grep nginx", 
        "              total        used        free      shared  buff/cache   available", 
        "Mem:           3596         181         123         193        3292        3012", 
        "Swap:             0           0           0", 
        "-----------------------------------------------------------", 

        "|                     Reload SUCCESS!                     |", 
        "-----------------------------------------------------------"
    ]
}


PLAY [127.0.0.1] ***************************************************************

TASK [sync_to_git : Synchronizing Nginx To GIT] ********************************
fatal: [127.0.0.1]: FAILED! => {"changed": true, "cmd": "git add .\ngit commit -m \"quincy\"\ngit push  \ngit push -u origin master\n", "delta": "0:00:00.732878", "end": "2019-07-19 16:44:49.993460", "msg": "non-zero return code", "rc": 1, "start": "2019-07-19 16:44:49.260582", "stderr": "warning: You ran 'git add' with neither '-A (--all)' or '--ignore-removal',\nwhose behaviour will change in Git 2.0 with respect to paths you removed.\nPaths like 'nginx/conf.d/80-443/832765.com.conf' that are\nremoved from your working tree are ignored with this version of Git.\n\n* 'git add --ignore-removal <pathspec>', which is the current default,\n  ignores paths you removed from your working tree.\n\n* 'git add --all <pathspec>' will let you also record the removals.\n\nRun 'git status' to check the paths you removed from your working tree.\n\nTo http://om:sPCJ-015@git.neweb.me/nginx_cloud/om-cdn_nginx.git\n ! [rejected]        master -> master (fetch first)\nerror: failed to push some refs to 'http://om:sPCJ-015@git.neweb.me/nginx_cloud/om-cdn_nginx.git'\nhint: Updates were rejected because the remote contains work that you do\nhint: not have locally. This is usually caused by another repository pushing\nhint: to the same ref. You may want to first merge the remote changes (e.g.,\nhint: 'git pull') before pushing again.\nhint: See the 'Note about fast-forwards' in 'git push --help' for details.\nTo http://om:sPCJ-015@git.neweb.me/nginx_cloud/om-cdn_nginx.git\n ! [rejected]        master -> master (fetch first)\nerror: failed to push some refs to 'http://om:sPCJ-015@git.neweb.me/nginx_cloud/om-cdn_nginx.git'\nhint: Updates were rejected because the remote contains work that you do\nhint: not have locally. This is usually caused by another repository pushing\nhint: to the same ref. You may want to first merge the remote changes (e.g.,\nhint: 'git pull') before pushing again.\nhint: See the 'Note about fast-forwards' in 'git push --help' for details.", "stderr_lines": ["warning: You ran 'git add' with neither '-A (--all)' or '--ignore-removal',", "whose behaviour will change in Git 2.0 with respect to paths you removed.", "Paths like 'nginx/conf.d/80-443/832765.com.conf' that are", "removed from your working tree are ignored with this version of Git.", "", "* 'git add --ignore-removal <pathspec>', which is the current default,", "  ignores paths you removed from your working tree.", "", "* 'git add --all <pathspec>' will let you also record the removals.", "", "Run 'git status' to check the paths you removed from your working tree.", "", "To http://om:sPCJ-015@git.neweb.me/nginx_cloud/om-cdn_nginx.git", " ! [rejected]        master -> master (fetch first)", "error: failed to push some refs to 'http://om:sPCJ-015@git.neweb.me/nginx_cloud/om-cdn_nginx.git'", "hint: Updates were rejected because the remote contains work that you do", "hint: not have locally. This is usually caused by another repository pushing", "hint: to the same ref. You may want to first merge the remote changes (e.g.,", "hint: 'git pull') before pushing again.", "hint: See the 'Note about fast-forwards' in 'git push --help' for details.", "To http://om:sPCJ-015@git.neweb.me/nginx_cloud/om-cdn_nginx.git", " ! [rejected]        master -> master (fetch first)", "error: failed to push some refs to 'http://om:sPCJ-015@git.neweb.me/nginx_cloud/om-cdn_nginx.git'", "hint: Updates were rejected because the remote contains work that you do", "hint: not have locally. This is usually caused by another repository pushing", "hint: to the same ref. You may want to first merge the remote changes (e.g.,", "hint: 'git pull') before pushing again.", "hint: See the 'Note about fast-forwards' in 'git push --help' for details."], "stdout": "[master 25f978b] quincy\n 3 files changed, 3 insertions(+)\n create mode 120000 nginx/conf.d/ssl/196311.com\n create mode 120000 nginx/conf.d/ssl/360891.com\n create mode 120000 nginx/conf.d/ssl/635798.com", "stdout_lines": ["[master 25f978b] quincy", " 3 files changed, 3 insertions(+)", " create mode 120000 nginx/conf.d/ssl/196311.com", " create mode 120000 nginx/conf.d/ssl/360891.com", " create mode 120000 nginx/conf.d/ssl/635798.com"]}


PLAY RECAP *********************************************************************
127.0.0.1                  : ok=0    changed=0    unreachable=0    failed=1    skipped=0    rescued=0    ignored=0   
203.60.1.33                : ok=9    changed=2    unreachable=0    failed=0    skipped=2    rescued=0    ignored=0   
23.98.42.200               : ok=11   changed=2    unreachable=0    failed=0    skipped=0    rescued=0    ignored=0   
47.52.248.144              : ok=11   changed=2    unreachable=0    failed=0    skipped=0    rescued=0    ignored=0   

47.75.7.111                : ok=11   changed=2    unreachable=0    failed=0    skipped=0    rescued=0    ignored=0   
65.52.175.54               : ok=11   changed=2    unreachable=0    failed=0    skipped=0    rescued=0    ignored=0   


ESYNC_WORKER1_COMMAND_END
MAX RETRIES EXECUTED, COMMAND NOT RESPONDING