ESYNC_WORKER1_COMMAND_START

PLAY [om-cdn_nginx] ************************************************************

TASK [nginx_sync : Notify] *****************************************************
ok: [47.52.248.144] => {

    "msg": "Syncing om-cdn_nginx"
}
ok: [23.98.42.200] => {
    "msg": "Syncing om-cdn_nginx"
}

ok: [47.75.7.111] => {
    "msg": "Syncing om-cdn_nginx"
}
ok: [65.52.175.54] => {
    "msg": "Syncing om-cdn_nginx"

}

TASK [nginx_sync : include_vars] ***********************************************
ok: [47.52.248.144]
ok: [23.98.42.200]

ok: [47.75.7.111]
ok: [65.52.175.54]

TASK [nginx_sync : Synchronizing Nginx] ****************************************
ok: [47.52.248.144] => (item=conf)

changed: [23.98.42.200] => (item=conf)
changed: [47.75.7.111] => (item=conf)
changed: [65.52.175.54] => (item=conf)
ok: [47.52.248.144] => (item=conf.d)
changed: [23.98.42.200] => (item=conf.d)

changed: [47.75.7.111] => (item=conf.d)
changed: [65.52.175.54] => (item=conf.d)
ok: [47.52.248.144] => (item=data)
changed: [47.75.7.111] => (item=data)
changed: [65.52.175.54] => (item=data)

ok: [47.52.248.144] => (item=html)
changed: [23.98.42.200] => (item=data)
changed: [47.75.7.111] => (item=html)
changed: [65.52.175.54] => (item=html)
changed: [23.98.42.200] => (item=html)


TASK [all_servers : include_vars] **********************************************
ok: [47.52.248.144]
ok: [23.98.42.200]
ok: [47.75.7.111]

ok: [65.52.175.54]

TASK [all_servers : Notify] ****************************************************
ok: [47.52.248.144] => {
    "msg": "Clearing Nginx Cache for om-cdn_nginx"

}
ok: [23.98.42.200] => {
    "msg": "Clearing Nginx Cache for om-cdn_nginx"
}
ok: [47.75.7.111] => {

    "msg": "Clearing Nginx Cache for om-cdn_nginx"
}
ok: [65.52.175.54] => {
    "msg": "Clearing Nginx Cache for om-cdn_nginx"
}


TASK [all_servers : Copying clear_nginxcache.sh to remote hosts] ***************
ok: [47.52.248.144]
changed: [47.75.7.111]
changed: [23.98.42.200]

changed: [65.52.175.54]

TASK [all_servers : Nginx Clear Cache] *****************************************
changed: [47.75.7.111]
changed: [47.52.248.144]

changed: [65.52.175.54]
changed: [23.98.42.200]

TASK [all_servers : debug] *****************************************************
ok: [47.52.248.144] => {

    "script_result.stdout_lines": [
        "-----------------------------------------------------------", 
        "|                 Checking Nginx Config                   |", 
        "-----------------------------------------------------------", 
        "", 

        " nginx -t ", 
        "", 
        "-----------------------------------------------------------", 
        "|                 Stopping Nginx Process                  |", 
        "-----------------------------------------------------------", 

        "", 
        " /usr/bin/killall -9 nginx ", 
        "", 
        "-----------------------------------------------------------", 
        "|                 Clearing Proxy Cache                    |", 

        "-----------------------------------------------------------", 
        "", 
        " /bin/rm -rf /tmp/nginx_cache ", 
        "", 
        "-----------------------------------------------------------", 

        "|                Restarting Nginx Process                 |", 
        "-----------------------------------------------------------", 
        "root       996  0.0  0.0   9116   624 ?        Ss   Apr05   0:00 /sbin/dhclient -H cdn-nginx2 -1 -q -cf /etc/dhcp/dhclient-eth0.conf -lf /var/lib/dhclient/dhclient-eth0.leases -pf /var/run/dhclient-eth0.pid eth0", 
        "root      6815  0.0  0.0 106080  1412 ?        S    12:04   0:00 /bin/bash /bak/bin/clear_nginxcache.sh", 
        "root      6821  0.0  0.0 136672  5220 ?        Ss   12:04   0:00 nginx: master process /usr/local/nginx/sbin/nginx", 

        "nobody    6824  0.0  0.1 138600  8852 ?        S    12:04   0:00 nginx: worker process      ", 
        "nobody    6825  0.0  0.1 138600  8852 ?        S    12:04   0:00 nginx: worker process      ", 
        "nobody    6826  0.0  0.1 138600  8852 ?        S    12:04   0:00 nginx: worker process      ", 
        "nobody    6827  0.0  0.1 138600  8852 ?        S    12:04   0:00 nginx: worker process      ", 
        "nobody    6828  0.0  0.0 136672  5620 ?        S    12:04   0:00 nginx: cache manager process", 

        "nobody    6829  0.0  0.0 136672  5572 ?        S    12:04   0:00 nginx: cache loader process", 
        "root      6831  0.0  0.0 103320   888 ?        S    12:04   0:00 grep nginx", 
        "             total       used       free     shared    buffers     cached", 
        "Mem:          8001       7764        236          1         76       3827", 
        "-/+ buffers/cache:       3860       4140", 

        "Swap:            0          0          0", 
        "-----------------------------------------------------------", 
        "|                     Reload SUCCESS!                     |", 
        "-----------------------------------------------------------"
    ]

}
ok: [23.98.42.200] => {
    "script_result.stdout_lines": [
        "-----------------------------------------------------------", 
        "|                 Checking Nginx Config                   |", 

        "-----------------------------------------------------------", 
        "", 
        " nginx -t ", 
        "", 
        "-----------------------------------------------------------", 

        "|                 Stopping Nginx Process                  |", 
        "-----------------------------------------------------------", 
        "", 
        " /usr/bin/killall -9 nginx ", 
        "", 

        "-----------------------------------------------------------", 
        "|                 Clearing Proxy Cache                    |", 
        "-----------------------------------------------------------", 
        "", 
        " /bin/rm -rf /tmp/nginx_cache ", 

        "", 
        "-----------------------------------------------------------", 
        "|                Restarting Nginx Process                 |", 
        "-----------------------------------------------------------", 
        "root      16617  0.0  0.0   9116   656 ?        Ss   Mar19   0:00 /sbin/dhclient -H om-cdn_nginx3.hk.az.monaco1.me -1 -q -cf /etc/dhcp/dhclient-eth0.conf -lf /var/lib/dhclient/dhclient-eth0.leases -pf /var/run/dhclient-eth0.pid eth0", 

        "root      20287  0.3  0.0 106116  1264 ?        S    12:04   0:00 /bin/bash /bak/bin/clear_nginxcache.sh", 
        "root      20295  0.0  0.0 136872  5156 ?        Ss   12:04   0:00 nginx: master process /usr/local/nginx/sbin/nginx", 
        "nobody    20297  0.0  0.1 138800  8776 ?        S    12:04   0:00 nginx: worker process      ", 
        "nobody    20298  0.0  0.1 138800  8776 ?        S    12:04   0:00 nginx: worker process      ", 
        "nobody    20299  0.0  0.1 138800  8776 ?        S    12:04   0:00 nginx: worker process      ", 

        "nobody    20300  0.0  0.1 138800  8776 ?        S    12:04   0:00 nginx: worker process      ", 
        "nobody    20301  0.0  0.0 136872  5564 ?        S    12:04   0:00 nginx: cache manager process", 
        "nobody    20302  0.0  0.0 136872  5524 ?        S    12:04   0:00 nginx: cache loader process", 
        "root      20306  0.0  0.0 103328   852 ?        S    12:04   0:00 grep nginx", 
        "             total       used       free     shared    buffers     cached", 

        "Mem:          6975       6702        272          1        136       3798", 
        "-/+ buffers/cache:       2768       4206", 
        "Swap:            0          0          0", 
        "-----------------------------------------------------------", 
        "|                     Reload SUCCESS!                     |", 

        "-----------------------------------------------------------"
    ]
}
ok: [47.75.7.111] => {
    "script_result.stdout_lines": [

        "-----------------------------------------------------------", 
        "|                 Checking Nginx Config                   |", 
        "-----------------------------------------------------------", 
        "", 
        " nginx -t ", 

        "", 
        "-----------------------------------------------------------", 
        "|                 Stopping Nginx Process                  |", 
        "-----------------------------------------------------------", 
        "", 

        " /usr/bin/killall -9 nginx ", 
        "", 
        "-----------------------------------------------------------", 
        "|                 Clearing Proxy Cache                    |", 
        "-----------------------------------------------------------", 

        "", 
        " /bin/rm -rf /tmp/nginx_cache ", 
        "", 
        "-----------------------------------------------------------", 
        "|                Restarting Nginx Process                 |", 

        "-----------------------------------------------------------", 
        "root      1004  0.0  0.0   9116   632 ?        Ss   Apr11   0:00 /sbin/dhclient -H cdn-nginx1 -1 -q -cf /etc/dhcp/dhclient-eth0.conf -lf /var/lib/dhclient/dhclient-eth0.leases -pf /var/run/dhclient-eth0.pid eth0", 
        "root     13158  0.0  0.0 106080  1412 ?        S    12:04   0:00 /bin/bash /bak/bin/clear_nginxcache.sh", 
        "root     13164  0.0  0.0 136672  5216 ?        Ss   12:04   0:00 nginx: master process /usr/local/nginx/sbin/nginx", 
        "nobody   13166  0.0  0.1 138600  8848 ?        S    12:04   0:00 nginx: worker process      ", 

        "nobody   13167  0.0  0.1 138600  8848 ?        S    12:04   0:00 nginx: worker process      ", 
        "nobody   13168  0.0  0.1 138600  8848 ?        S    12:04   0:00 nginx: worker process      ", 
        "nobody   13169  0.0  0.1 138600  8848 ?        S    12:04   0:00 nginx: worker process      ", 
        "nobody   13170  0.0  0.0 136672  5616 ?        S    12:04   0:00 nginx: cache manager process", 
        "nobody   13171  0.0  0.0 136672  5568 ?        S    12:04   0:00 nginx: cache loader process", 

        "root     13173  0.0  0.0 103320   884 ?        S    12:04   0:00 grep nginx", 
        "             total       used       free     shared    buffers     cached", 
        "Mem:          8001       7783        217          1        100       3744", 
        "-/+ buffers/cache:       3938       4063", 
        "Swap:            0          0          0", 

        "-----------------------------------------------------------", 
        "|                     Reload SUCCESS!                     |", 
        "-----------------------------------------------------------"
    ]
}

ok: [65.52.175.54] => {
    "script_result.stdout_lines": [
        "-----------------------------------------------------------", 
        "|                 Checking Nginx Config                   |", 
        "-----------------------------------------------------------", 

        "", 
        " nginx -t ", 
        "", 
        "-----------------------------------------------------------", 
        "|                 Stopping Nginx Process                  |", 

        "-----------------------------------------------------------", 
        "", 
        " /usr/bin/killall -9 nginx ", 
        "", 
        "-----------------------------------------------------------", 

        "|                 Clearing Proxy Cache                    |", 
        "-----------------------------------------------------------", 
        "", 
        " /bin/rm -rf /tmp/nginx_cache ", 
        "", 

        "-----------------------------------------------------------", 
        "|                Restarting Nginx Process                 |", 
        "-----------------------------------------------------------", 
        "root      83813  0.0  0.0   9116   652 ?        Ss   Mar19   0:00 /sbin/dhclient -H om-cdn_nginx4.hk.az.monaco1.me -1 -q -cf /etc/dhcp/dhclient-eth0.conf -lf /var/lib/dhclient/dhclient-eth0.leases -pf /var/run/dhclient-eth0.pid eth0", 
        "root     129613  1.0  0.0 106116  1268 ?        S    12:04   0:00 /bin/bash /bak/bin/clear_nginxcache.sh", 

        "root     129623  0.0  0.0 136872  5156 ?        Ss   12:04   0:00 nginx: master process /usr/local/nginx/sbin/nginx", 
        "nobody   129625  0.0  0.1 138800  8860 ?        S    12:04   0:00 nginx: worker process      ", 
        "nobody   129626  0.0  0.1 138800  8860 ?        S    12:04   0:00 nginx: worker process      ", 
        "nobody   129627  0.0  0.1 138800  8860 ?        S    12:04   0:00 nginx: worker process      ", 
        "nobody   129628  0.5  0.1 138800 10092 ?        S    12:04   0:00 nginx: worker process      ", 

        "nobody   129629  0.0  0.0 136872  5564 ?        S    12:04   0:00 nginx: cache manager process", 
        "nobody   129630  0.0  0.0 136872  5524 ?        S    12:04   0:00 nginx: cache loader process", 
        "root     129632  0.0  0.0 103328   856 ?        S    12:04   0:00 grep nginx", 
        "             total       used       free     shared    buffers     cached", 
        "Mem:          6973       6412        560          1        161       3790", 

        "-/+ buffers/cache:       2460       4512", 
        "Swap:            0          0          0", 
        "-----------------------------------------------------------", 
        "|                     Reload SUCCESS!                     |", 
        "-----------------------------------------------------------"

    ]
}

PLAY [127.0.0.1] ***************************************************************


TASK [sync_to_git : Synchronizing Nginx To GIT] ********************************
changed: [127.0.0.1]

TASK [sync_to_git : debug] *****************************************************
ok: [127.0.0.1] => {

    "script_result.stdout_lines": [
        "# On branch master", 
        "nothing to commit, working directory clean", 
        "Branch master set up to track remote branch master from origin."
    ]

}

PLAY [om-cdn_nginx] ************************************************************

PLAY [127.0.0.1] ***************************************************************


PLAY RECAP *********************************************************************
127.0.0.1                  : ok=2    changed=1    unreachable=0    failed=0   
23.98.42.200               : ok=8    changed=3    unreachable=0    failed=0   
47.52.248.144              : ok=8    changed=1    unreachable=0    failed=0   

47.75.7.111                : ok=8    changed=3    unreachable=0    failed=0   
65.52.175.54               : ok=8    changed=3    unreachable=0    failed=0   


ESYNC_WORKER1_COMMAND_END
MAX RETRIES EXECUTED, COMMAND NOT RESPONDING