--- /ansible/nginx/hostgroups/om-cdn_nginx/nginx/conf.d/other/ali-cdn.conf	2020-06-29 12:35:21.015433933 +0800
+++ /tmp/ali-cdn.conf	2020-06-29 12:43:26.985628813 +0800
@@ -353,3 +353,157 @@
 }
 
 
+server {
+    listen 443; 
+    server_name ssocdn.foxbu.cn;
+    charset utf-8;
+    access_log  logs/ssocdn2.99gov.cn.access.log main;
+    error_log   logs/ssocdn2.99gov.cn.error.log;
+    ssl on; 
+    ssl_certificate     /usr/local/nginx/conf.d/ssl/foxbu.cn/fullchain.pem;
+    ssl_certificate_key /usr/local/nginx/conf.d/ssl/foxbu.cn/privkey.pem;
+    location / {
+        proxy_pass https://www.inxedu.com/;
+    }
+    location ^~ /images/ {
+        alias /var/ftp/images/;
+    }
+  
+    location ^~ /cdn/ {
+        alias /var/ftp/allcdn/;
+	}
+  	location ^~ /nav-html/ {
+        alias /var/ftp/allcdn/nav-html/;
+	}
+}
+
+
+server {
+    listen 443; 
+    server_name ssocdn.mo36f.cn;
+    charset utf-8;
+    access_log  logs/ssocdn2.99gov.cn.access.log main;
+    error_log   logs/ssocdn2.99gov.cn.error.log;
+    ssl on; 
+    ssl_certificate     /usr/local/nginx/conf.d/ssl/mo36f.cn/fullchain.pem;
+    ssl_certificate_key /usr/local/nginx/conf.d/ssl/mo36f.cn/privkey.pem;
+    location / {
+        proxy_pass https://www.inxedu.com/;
+    }
+    location ^~ /images/ {
+        alias /var/ftp/images/;
+    }
+  
+    location ^~ /cdn/ {
+        alias /var/ftp/allcdn/;
+	}
+  	location ^~ /nav-html/ {
+        alias /var/ftp/allcdn/nav-html/;
+	}
+}
+
+
+server {
+    listen 443; 
+    server_name ssocdn.6uit7n.cn;
+    charset utf-8;
+    access_log  logs/ssocdn2.99gov.cn.access.log main;
+    error_log   logs/ssocdn2.99gov.cn.error.log;
+    ssl on; 
+    ssl_certificate     /usr/local/nginx/conf.d/ssl/6uit7n.cn/fullchain.pem;
+    ssl_certificate_key /usr/local/nginx/conf.d/ssl/6uit7n.cn/privkey.pem;
+    location / {
+        proxy_pass https://www.inxedu.com/;
+    }
+    location ^~ /images/ {
+        alias /var/ftp/images/;
+    }
+  
+    location ^~ /cdn/ {
+        alias /var/ftp/allcdn/;
+	}
+  	location ^~ /nav-html/ {
+        alias /var/ftp/allcdn/nav-html/;
+	}
+}
+
+
+server {
+    listen 443; 
+    server_name ssocdn.a74s5.cn;
+    charset utf-8;
+    access_log  logs/ssocdn2.99gov.cn.access.log main;
+    error_log   logs/ssocdn2.99gov.cn.error.log;
+    ssl on; 
+    ssl_certificate     /usr/local/nginx/conf.d/ssl/a74s5.cn/fullchain.pem;
+    ssl_certificate_key /usr/local/nginx/conf.d/ssl/a74s5.cn/privkey.pem;
+    location / {
+        proxy_pass https://www.inxedu.com/;
+    }
+    location ^~ /images/ {
+        alias /var/ftp/images/;
+    }
+  
+    location ^~ /cdn/ {
+        alias /var/ftp/allcdn/;
+	}
+  	location ^~ /nav-html/ {
+        alias /var/ftp/allcdn/nav-html/;
+	}
+}
+
+
+server {
+    listen 443; 
+    server_name ssocdn.lv68q.cn;
+    charset utf-8;
+    access_log  logs/ssocdn2.99gov.cn.access.log main;
+    error_log   logs/ssocdn2.99gov.cn.error.log;
+    ssl on; 
+    ssl_certificate     /usr/local/nginx/conf.d/ssl/lv68q.cn/fullchain.pem;
+    ssl_certificate_key /usr/local/nginx/conf.d/ssl/lv68q.cn/privkey.pem;
+    location / {
+        proxy_pass https://www.inxedu.com/;
+    }
+    location ^~ /images/ {
+        alias /var/ftp/images/;
+    }
+  
+    location ^~ /cdn/ {
+        alias /var/ftp/allcdn/;
+	}
+  	location ^~ /nav-html/ {
+        alias /var/ftp/allcdn/nav-html/;
+	}
+}
+
+
+server {
+    listen 443; 
+    server_name ssocdn.51zgsb.cn;
+    charset utf-8;
+    access_log  logs/ssocdn2.99gov.cn.access.log main;
+    error_log   logs/ssocdn2.99gov.cn.error.log;
+    ssl on; 
+    ssl_certificate     /usr/local/nginx/conf.d/ssl/51zgsb.cn/fullchain.pem;
+    ssl_certificate_key /usr/local/nginx/conf.d/ssl/51zgsb.cn/privkey.pem;
+    location / {
+        proxy_pass https://www.inxedu.com/;
+    }
+    location ^~ /images/ {
+        alias /var/ftp/images/;
+    }
+  
+    location ^~ /cdn/ {
+        alias /var/ftp/allcdn/;
+	}
+  	location ^~ /nav-html/ {
+        alias /var/ftp/allcdn/nav-html/;
+	}
+}
+
+
+
+
+
+

