--- /ansible/nginx/hostgroups/om-cdn_nginx/nginx/conf.d/other/196311.com.conf	2019-07-19 17:12:33.766501158 +0800
+++ /tmp/196311.com.conf	2019-09-03 13:51:11.537598669 +0800
@@ -44,5 +44,25 @@
 	}
 }
 
-
+###xyh-cdn-jiasu
+server {
+    listen 443; 
+    server_name ssocdn.drbear.shop;
+    charset utf-8;
+    access_log  logs/drbear.shop.access.log main;
+    error_log   logs/drbear.shop.error.log;
+    ssl on; 
+    ssl_certificate     /usr/local/nginx/conf.d/ssl/drbear.shop/fullchain.pem;
+    ssl_certificate_key /usr/local/nginx/conf.d/ssl/drbear.shop/privkey.pem;
+    location / {
+        proxy_pass https://www.inxedu.com/;
+    }
+    location ^~ /images/ {
+        alias /var/ftp/images/;
+    }
+  
+    location ^~ /cdn/ {
+        alias /var/ftp/allcdn/;
+	}
+}
 

