ESYNC_WORKER1_COMMAND_START
[WARNING]: Invalid characters were found in group names but not replaced, use
-vvvv to see details

PLAY [acc-autopay_ftp] *********************************************************


TASK [Gathering Facts] *********************************************************
ok: [119.9.106.122]

TASK [nginx_sync : Change python interpreter] **********************************
ok: [119.9.106.122]


TASK [nginx_sync : change python interpreter] **********************************
ok: [119.9.106.122]

TASK [nginx_sync : Notify] *****************************************************

ok: [119.9.106.122] => {
    "msg": "Syncing acc-autopay_ftp"
}

TASK [nginx_sync : include_vars] ***********************************************

ok: [119.9.106.122]

TASK [nginx_sync : Synchronizing Nginx] ****************************************
ok: [119.9.106.122] => (item=conf)
ok: [119.9.106.122] => (item=conf.d)

ok: [119.9.106.122] => (item=data)
ok: [119.9.106.122] => (item=html)

TASK [nginx_sync : Synchronizing Nginx For Sabang] *****************************
ok: [119.9.106.122] => (item=conf)

ok: [119.9.106.122] => (item=conf.d)
ok: [119.9.106.122] => (item=data)

TASK [nginx_sync : Set HTML Dir to root] ***************************************
ok: [119.9.106.122]


TASK [all_servers : include_vars] **********************************************
ok: [119.9.106.122]

TASK [all_servers : Notify] ****************************************************

ok: [119.9.106.122] => {
    "msg": "Clearing Nginx Cache for acc-autopay_ftp"
}

TASK [all_servers : Copying clear_nginxcache.sh to remote hosts] ***************

ok: [119.9.106.122]

TASK [all_servers : Nginx Clear Cache] *****************************************
changed: [119.9.106.122]


TASK [all_servers : debug] *****************************************************
ok: [119.9.106.122] => {
    "script_result.stdout_lines": [
        "-----------------------------------------------------------", 
        "|                 Checking Nginx Config                   |", 

        "-----------------------------------------------------------", 
        "", 
        " nginx -t ", 
        "", 
        "-----------------------------------------------------------", 

        "|                 Stopping Nginx Process                  |", 
        "-----------------------------------------------------------", 
        "", 
        " /usr/bin/killall -9 nginx ", 
        "", 

        "-----------------------------------------------------------", 
        "|                 Clearing Proxy Cache                    |", 
        "-----------------------------------------------------------", 
        "", 
        " /bin/rm -rf /tmp/nginx_cache ", 

        "", 
        "-----------------------------------------------------------", 
        "|                Restarting Nginx Process                 |", 
        "-----------------------------------------------------------", 
        "root      9184  0.0  0.2  18792 10816 ?        Sl   Apr06  13:59 ./nginx-vts-exporter -nginx.scrape_uri http://localhost:8088/status/format/json", 

        "root     23062  0.0  0.0 108128  1428 ?        S    17:04   0:00 /bin/bash /bak/bin/clear_nginxcache.sh", 
        "root     23068  0.0  0.0 296208  3044 ?        Ss   17:04   0:00 nginx: master process /usr/local/nginx/sbin/nginx", 
        "nobody   23070  0.0  0.1 300460  7476 ?        S    17:04   0:00 nginx: worker process      ", 
        "nobody   23071  0.0  0.1 300460  7476 ?        S    17:04   0:00 nginx: worker process      ", 
        "nobody   23072  0.0  0.1 300460  7476 ?        S    17:04   0:00 nginx: worker process      ", 

        "nobody   23073  0.0  0.1 300460  7476 ?        S    17:04   0:00 nginx: worker process      ", 
        "nobody   23074  0.0  0.0 296208  3452 ?        S    17:04   0:00 nginx: cache manager process", 
        "nobody   23075  0.0  0.0 296208  3412 ?        S    17:04   0:00 nginx: cache loader process", 
        "root     23078  0.0  0.0 105368   888 ?        S    17:04   0:00 grep nginx", 
        "             total       used       free     shared    buffers     cached", 

        "Mem:          3953       3723        230          1        171       1175", 
        "-/+ buffers/cache:       2377       1576", 
        "Swap:            0          0          0", 
        "-----------------------------------------------------------", 
        "|                     Reload SUCCESS!                     |", 

        "-----------------------------------------------------------"
    ]
}

PLAY [127.0.0.1] ***************************************************************


TASK [sync_to_git : Synchronizing Nginx To GIT] ********************************
changed: [127.0.0.1]

TASK [sync_to_git : debug] *****************************************************

ok: [127.0.0.1] => {
    "msg": " [u'# On branch master', u'# Changes not staged for commit:', u'#   (use \"git add/rm <file>...\" to update what will be committed)', u'#   (use \"git checkout -- <file>...\" to discard changes in working directory)', u'#', u'#\\tdeleted:    nginx/conf.d/global/geoip.conf', u'#\\tdeleted:    nginx/conf.d/other/autokey.conf', u'#\\tdeleted:    nginx/conf.d/other/autopay-front-test.conf', u'#\\tdeleted:    nginx/conf.d/other/autopay-test.conf', u'#', u'no changes added to commit (use \"git add\" and/or \"git commit -a\")', u'Branch master set up to track remote branch master from origin.']"
}

PLAY [acc-autopay_ftp] *********************************************************


PLAY [127.0.0.1] ***************************************************************

PLAY RECAP *********************************************************************
119.9.106.122              : ok=13   changed=1    unreachable=0    failed=0    skipped=0    rescued=0    ignored=0   

127.0.0.1                  : ok=2    changed=1    unreachable=0    failed=0    skipped=0    rescued=0    ignored=0   


ESYNC_WORKER1_COMMAND_END
MAX RETRIES EXECUTED, COMMAND NOT RESPONDING