ESYNC_WORKER1_COMMAND_START

PLAY [acc-autopay_ftp] *********************************************************

TASK [nginx_sync : Notify] *****************************************************
ok: [119.9.106.122] => {

    "msg": "Syncing acc-autopay_ftp"
}
ok: [161.202.63.250] => {
    "msg": "Syncing acc-autopay_ftp"
}


TASK [nginx_sync : include_vars] ***********************************************
ok: [119.9.106.122]
ok: [161.202.63.250]


TASK [nginx_sync : Synchronizing Nginx] ****************************************
changed: [119.9.106.122] => (item=conf)
changed: [161.202.63.250] => (item=conf)
changed: [119.9.106.122] => (item=conf.d)
ok: [119.9.106.122] => (item=data)

changed: [161.202.63.250] => (item=conf.d)
ok: [119.9.106.122] => (item=html)
ok: [161.202.63.250] => (item=data)
ok: [161.202.63.250] => (item=html)


TASK [all_servers : include_vars] **********************************************
ok: [119.9.106.122]
ok: [161.202.63.250]

TASK [all_servers : Notify] ****************************************************

ok: [119.9.106.122] => {
    "msg": "Clearing Nginx Cache for acc-autopay_ftp"
}
ok: [161.202.63.250] => {
    "msg": "Clearing Nginx Cache for acc-autopay_ftp"

}

TASK [all_servers : Copying clear_nginxcache.sh to remote hosts] ***************
ok: [119.9.106.122]
ok: [161.202.63.250]


TASK [all_servers : Nginx Clear Cache] *****************************************
changed: [119.9.106.122]
changed: [161.202.63.250]


TASK [all_servers : debug] *****************************************************
ok: [119.9.106.122] => {
    "script_result.stdout_lines": [
        "-----------------------------------------------------------", 
        "|                 Checking Nginx Config                   |", 

        "-----------------------------------------------------------", 
        "", 
        " nginx -t ", 
        "", 
        "-----------------------------------------------------------", 

        "|                 Stopping Nginx Process                  |", 
        "-----------------------------------------------------------", 
        "", 
        " /usr/bin/killall -9 nginx ", 
        "", 

        "-----------------------------------------------------------", 
        "|                 Clearing Proxy Cache                    |", 
        "-----------------------------------------------------------", 
        "", 
        " /bin/rm -rf /tmp/nginx_cache ", 

        "", 
        "-----------------------------------------------------------", 
        "|                Restarting Nginx Process                 |", 
        "-----------------------------------------------------------", 
        "root       493  0.0  0.0 108128  1424 ?        S    14:41   0:00 /bin/bash /bak/bin/clear_nginxcache.sh", 

        "root       515  0.0  0.0 293708  1500 ?        Ss   14:41   0:00 nginx: master process /usr/local/nginx/sbin/nginx", 
        "nobody     517  0.0  0.1 297960  6280 ?        S    14:41   0:00 nginx: worker process      ", 
        "nobody     518  0.0  0.1 297960  6012 ?        S    14:41   0:00 nginx: worker process      ", 
        "nobody     519  0.0  0.1 297960  6012 ?        S    14:41   0:00 nginx: worker process      ", 
        "nobody     520  0.0  0.1 297960  6012 ?        S    14:41   0:00 nginx: worker process      ", 

        "nobody     521  0.0  0.0 293708  1912 ?        S    14:41   0:00 nginx: cache manager process", 
        "nobody     522  0.0  0.0 293708  1868 ?        S    14:41   0:00 nginx: cache loader process", 
        "root       539  0.0  0.0 105368   868 ?        R    14:41   0:00 grep nginx", 
        "             total       used       free     shared    buffers     cached", 
        "Mem:          3953       3816        137          1         74       3493", 

        "-/+ buffers/cache:        249       3704", 
        "Swap:            0          0          0", 
        "-----------------------------------------------------------", 
        "|                     Reload SUCCESS!                     |", 
        "-----------------------------------------------------------"

    ]
}
ok: [161.202.63.250] => {
    "script_result.stdout_lines": [
        "-----------------------------------------------------------", 

        "|                 Checking Nginx Config                   |", 
        "-----------------------------------------------------------", 
        "", 
        " nginx -t ", 
        "", 

        "-----------------------------------------------------------", 
        "|                 Stopping Nginx Process                  |", 
        "-----------------------------------------------------------", 
        "", 
        " /usr/bin/killall -9 nginx ", 

        "", 
        "-----------------------------------------------------------", 
        "|                 Clearing Proxy Cache                    |", 
        "-----------------------------------------------------------", 
        "", 

        " /bin/rm -rf /tmp/nginx_cache ", 
        "", 
        "-----------------------------------------------------------", 
        "|                Restarting Nginx Process                 |", 
        "-----------------------------------------------------------", 

        "root      6471  3.5  0.0 106112  1280 ?        S    14:41   0:00 /bin/bash /bak/bin/clear_nginxcache.sh", 
        "root      6479  0.5  0.0 293956  1492 ?        Ss   14:41   0:00 nginx: master process /usr/local/nginx/sbin/nginx", 
        "nobody    6481  0.0  0.3 298208  5912 ?        S    14:41   0:00 nginx: worker process      ", 
        "nobody    6482  0.0  0.3 298208  5912 ?        S    14:41   0:00 nginx: worker process      ", 
        "nobody    6483  0.0  0.3 298208  5912 ?        S    14:41   0:00 nginx: worker process      ", 

        "nobody    6484  0.5  0.3 298208  5912 ?        S    14:41   0:00 nginx: worker process      ", 
        "nobody    6485  0.0  0.0 293956  1896 ?        S    14:41   0:00 nginx: cache manager process", 
        "nobody    6486  0.0  0.0 293956  1856 ?        S    14:41   0:00 nginx: cache loader process", 
        "root      6490  0.0  0.0 103316   836 ?        S    14:41   0:00 grep nginx", 
        "             total       used       free     shared    buffers     cached", 

        "Mem:          1869       1853         15          1        395       1282", 
        "-/+ buffers/cache:        175       1693", 
        "Swap:         2047          6       2041", 
        "-----------------------------------------------------------", 
        "|                     Reload SUCCESS!                     |", 

        "-----------------------------------------------------------"
    ]
}

PLAY [127.0.0.1] ***************************************************************


TASK [sync_to_git : Synchronizing Nginx To GIT] ********************************
changed: [127.0.0.1]

TASK [sync_to_git : debug] *****************************************************

ok: [127.0.0.1] => {
    "script_result.stdout_lines": [
        "[master 30009c5] jommel.valdez", 
        " 6 files changed, 10 insertions(+)", 
        "Branch master set up to track remote branch master from origin."

    ]
}

PLAY [acc-autopay_ftp] *********************************************************


PLAY [127.0.0.1] ***************************************************************

PLAY RECAP *********************************************************************
119.9.106.122              : ok=8    changed=2    unreachable=0    failed=0   
127.0.0.1                  : ok=2    changed=1    unreachable=0    failed=0   

161.202.63.250             : ok=8    changed=2    unreachable=0    failed=0   


ESYNC_WORKER1_COMMAND_END
MAX RETRIES EXECUTED, COMMAND NOT RESPONDING