ESYNC_WORKER1_COMMAND_START
 [WARNING]: Invalid characters were found in group names but not replaced, use
-vvvv to see details

PLAY [acc-autopay_ftp] *********************************************************


TASK [Gathering Facts] *********************************************************
ok: [119.9.106.122]
ok: [161.202.63.250]

TASK [nginx_sync : Change python interpreter] **********************************

ok: [119.9.106.122]
ok: [161.202.63.250]

TASK [nginx_sync : change python interpreter] **********************************
ok: [119.9.106.122]

ok: [161.202.63.250]

TASK [nginx_sync : Notify] *****************************************************
ok: [119.9.106.122] => {
    "msg": "Syncing acc-autopay_ftp"

}
ok: [161.202.63.250] => {
    "msg": "Syncing acc-autopay_ftp"
}


TASK [nginx_sync : include_vars] ***********************************************
ok: [119.9.106.122]
ok: [161.202.63.250]

TASK [nginx_sync : Synchronizing Nginx] ****************************************

ok: [119.9.106.122] => (item=conf)
ok: [161.202.63.250] => (item=conf)
changed: [119.9.106.122] => (item=conf.d)
changed: [161.202.63.250] => (item=conf.d)
ok: [119.9.106.122] => (item=data)

ok: [119.9.106.122] => (item=html)
ok: [161.202.63.250] => (item=data)
ok: [161.202.63.250] => (item=html)

TASK [all_servers : include_vars] **********************************************

ok: [119.9.106.122]
ok: [161.202.63.250]

TASK [all_servers : Notify] ****************************************************
ok: [119.9.106.122] => {

    "msg": "Clearing Nginx Cache for acc-autopay_ftp"
}
ok: [161.202.63.250] => {
    "msg": "Clearing Nginx Cache for acc-autopay_ftp"
}


TASK [all_servers : Copying clear_nginxcache.sh to remote hosts] ***************
ok: [119.9.106.122]
ok: [161.202.63.250]


TASK [all_servers : Nginx Clear Cache] *****************************************
changed: [119.9.106.122]
changed: [161.202.63.250]

TASK [all_servers : debug] *****************************************************

ok: [119.9.106.122] => {
    "script_result.stdout_lines": [
        "-----------------------------------------------------------", 
        "|                 Checking Nginx Config                   |", 
        "-----------------------------------------------------------", 

        "", 
        " nginx -t ", 
        "", 
        "-----------------------------------------------------------", 
        "|                 Stopping Nginx Process                  |", 

        "-----------------------------------------------------------", 
        "", 
        " /usr/bin/killall -9 nginx ", 
        "", 
        "-----------------------------------------------------------", 

        "|                 Clearing Proxy Cache                    |", 
        "-----------------------------------------------------------", 
        "", 
        " /bin/rm -rf /tmp/nginx_cache ", 
        "", 

        "-----------------------------------------------------------", 
        "|                Restarting Nginx Process                 |", 
        "-----------------------------------------------------------", 
        "root     29061  0.0  0.0 108128  1424 ?        S    11:57   0:00 /bin/bash /bak/bin/clear_nginxcache.sh", 
        "root     29067  0.0  0.0 293924  1708 ?        Ss   11:57   0:00 nginx: master process /usr/local/nginx/sbin/nginx", 

        "nobody   29069  0.0  0.1 298176  7464 ?        S    11:57   0:00 nginx: worker process      ", 
        "nobody   29070  0.0  0.1 298176  7484 ?        S    11:57   0:00 nginx: worker process      ", 
        "nobody   29071  0.0  0.1 298176  6220 ?        S    11:57   0:00 nginx: worker process      ", 
        "nobody   29072  0.0  0.1 298176  6264 ?        S    11:57   0:00 nginx: worker process      ", 
        "nobody   29073  0.0  0.0 293924  2120 ?        S    11:57   0:00 nginx: cache manager process", 

        "nobody   29074  0.0  0.0 293924  2076 ?        S    11:57   0:00 nginx: cache loader process", 
        "root     29076  0.0  0.0 105368   888 ?        S    11:57   0:00 grep nginx", 
        "             total       used       free     shared    buffers     cached", 
        "Mem:          3953       3795        158          1         37       3519", 
        "-/+ buffers/cache:        238       3715", 

        "Swap:            0          0          0", 
        "-----------------------------------------------------------", 
        "|                     Reload SUCCESS!                     |", 
        "-----------------------------------------------------------"
    ]

}
ok: [161.202.63.250] => {
    "script_result.stdout_lines": [
        "-----------------------------------------------------------", 
        "|                 Checking Nginx Config                   |", 

        "-----------------------------------------------------------", 
        "", 
        " nginx -t ", 
        "", 
        "-----------------------------------------------------------", 

        "|                 Stopping Nginx Process                  |", 
        "-----------------------------------------------------------", 
        "", 
        " /usr/bin/killall -9 nginx ", 
        "", 

        "-----------------------------------------------------------", 
        "|                 Clearing Proxy Cache                    |", 
        "-----------------------------------------------------------", 
        "", 
        " /bin/rm -rf /tmp/nginx_cache ", 

        "", 
        "-----------------------------------------------------------", 
        "|                Restarting Nginx Process                 |", 
        "-----------------------------------------------------------", 
        "root     22403  4.3  0.0 106112  1276 ?        S    11:57   0:00 /bin/bash /bak/bin/clear_nginxcache.sh", 

        "root     22410  0.3  0.0 294172  1700 ?        Ss   11:57   0:00 nginx: master process /usr/local/nginx/sbin/nginx", 
        "nobody   22412  0.3  0.3 298424  6120 ?        S    11:57   0:00 nginx: worker process      ", 
        "nobody   22413  0.3  0.3 298424  6120 ?        S    11:57   0:00 nginx: worker process      ", 
        "nobody   22414  0.3  0.3 298424  6120 ?        S    11:57   0:00 nginx: worker process      ", 
        "nobody   22415  0.3  0.3 298424  6120 ?        S    11:57   0:00 nginx: worker process      ", 

        "nobody   22416  0.0  0.1 294172  2108 ?        S    11:57   0:00 nginx: cache manager process", 
        "nobody   22417  0.0  0.1 294172  2068 ?        S    11:57   0:00 nginx: cache loader process", 
        "root     22421  0.0  0.0 103316   836 ?        S    11:57   0:00 grep nginx", 
        "             total       used       free     shared    buffers     cached", 
        "Mem:          1869       1809         59          1        493       1141", 

        "-/+ buffers/cache:        174       1694", 
        "Swap:         2047          5       2041", 
        "-----------------------------------------------------------", 
        "|                     Reload SUCCESS!                     |", 
        "-----------------------------------------------------------"

    ]
}

PLAY [127.0.0.1] ***************************************************************


TASK [sync_to_git : Synchronizing Nginx To GIT] ********************************
changed: [127.0.0.1]

TASK [sync_to_git : debug] *****************************************************
ok: [127.0.0.1] => {

    "msg": " [u'[master 144ff8c] lei.lei', u' 1 file changed, 6 insertions(+), 6 deletions(-)', u'Branch master set up to track remote branch master from origin.']"
}

PLAY [acc-autopay_ftp] *********************************************************


PLAY [127.0.0.1] ***************************************************************

PLAY RECAP *********************************************************************
119.9.106.122              : ok=11   changed=2    unreachable=0    failed=0    skipped=0    rescued=0    ignored=0   
127.0.0.1                  : ok=2    changed=1    unreachable=0    failed=0    skipped=0    rescued=0    ignored=0   

161.202.63.250             : ok=11   changed=2    unreachable=0    failed=0    skipped=0    rescued=0    ignored=0   


ESYNC_WORKER1_COMMAND_END
MAX RETRIES EXECUTED, COMMAND NOT RESPONDING