ESYNC_WORKER1_COMMAND_START

PLAY [acc-autopay_ftp] *********************************************************

TASK [nginx_sync : Notify] *****************************************************
ok: [119.9.106.122] => {

    "msg": "Syncing acc-autopay_ftp"
}
ok: [161.202.63.250] => {
    "msg": "Syncing acc-autopay_ftp"
}


TASK [nginx_sync : include_vars] ***********************************************
ok: [119.9.106.122]
ok: [161.202.63.250]


TASK [nginx_sync : Synchronizing Nginx] ****************************************
ok: [119.9.106.122] => (item=conf)
changed: [119.9.106.122] => (item=conf.d)
ok: [161.202.63.250] => (item=conf)
ok: [119.9.106.122] => (item=data)

ok: [119.9.106.122] => (item=html)
changed: [161.202.63.250] => (item=conf.d)
ok: [161.202.63.250] => (item=data)
ok: [161.202.63.250] => (item=html)


TASK [all_servers : include_vars] **********************************************
ok: [119.9.106.122]
ok: [161.202.63.250]

TASK [all_servers : Notify] ****************************************************

ok: [119.9.106.122] => {
    "msg": "Clearing Nginx Cache for acc-autopay_ftp"
}
ok: [161.202.63.250] => {
    "msg": "Clearing Nginx Cache for acc-autopay_ftp"

}

TASK [all_servers : Copying clear_nginxcache.sh to remote hosts] ***************
ok: [119.9.106.122]
ok: [161.202.63.250]


TASK [all_servers : Nginx Clear Cache] *****************************************
changed: [119.9.106.122]
changed: [161.202.63.250]


TASK [all_servers : debug] *****************************************************
ok: [119.9.106.122] => {
    "script_result.stdout_lines": [
        "-----------------------------------------------------------", 
        "|                 Checking Nginx Config                   |", 

        "-----------------------------------------------------------", 
        "", 
        " nginx -t ", 
        "", 
        "-----------------------------------------------------------", 

        "|                 Stopping Nginx Process                  |", 
        "-----------------------------------------------------------", 
        "", 
        " /usr/bin/killall -9 nginx ", 
        "", 

        "-----------------------------------------------------------", 
        "|                 Clearing Proxy Cache                    |", 
        "-----------------------------------------------------------", 
        "", 
        " /bin/rm -rf /tmp/nginx_cache ", 

        "", 
        "-----------------------------------------------------------", 
        "|                Restarting Nginx Process                 |", 
        "-----------------------------------------------------------", 
        "root      2027  0.0  0.0 108128  1424 ?        S    17:39   0:00 /bin/bash /bak/bin/clear_nginxcache.sh", 

        "root      2036  0.0  0.0 293768  1556 ?        Ss   17:39   0:00 nginx: master process /usr/local/nginx/sbin/nginx", 
        "nobody    2038  0.0  0.1 298020  6364 ?        S    17:39   0:00 nginx: worker process      ", 
        "nobody    2039  0.0  0.1 298020  6068 ?        S    17:39   0:00 nginx: worker process      ", 
        "nobody    2040  0.0  0.1 298020  7328 ?        S    17:39   0:00 nginx: worker process      ", 
        "nobody    2041  0.0  0.1 298020  6068 ?        S    17:39   0:00 nginx: worker process      ", 

        "nobody    2042  0.0  0.0 293768  1968 ?        S    17:39   0:00 nginx: cache manager process", 
        "nobody    2043  0.0  0.0 293768  1924 ?        S    17:39   0:00 nginx: cache loader process", 
        "root      2045  0.0  0.0 105368   888 ?        S    17:39   0:00 grep nginx", 
        "             total       used       free     shared    buffers     cached", 
        "Mem:          3953       3801        152          1         99       3450", 

        "-/+ buffers/cache:        251       3702", 
        "Swap:            0          0          0", 
        "-----------------------------------------------------------", 
        "|                     Reload SUCCESS!                     |", 
        "-----------------------------------------------------------"

    ]
}
ok: [161.202.63.250] => {
    "script_result.stdout_lines": [
        "-----------------------------------------------------------", 

        "|                 Checking Nginx Config                   |", 
        "-----------------------------------------------------------", 
        "", 
        " nginx -t ", 
        "", 

        "-----------------------------------------------------------", 
        "|                 Stopping Nginx Process                  |", 
        "-----------------------------------------------------------", 
        "", 
        " /usr/bin/killall -9 nginx ", 

        "", 
        "-----------------------------------------------------------", 
        "|                 Clearing Proxy Cache                    |", 
        "-----------------------------------------------------------", 
        "", 

        " /bin/rm -rf /tmp/nginx_cache ", 
        "", 
        "-----------------------------------------------------------", 
        "|                Restarting Nginx Process                 |", 
        "-----------------------------------------------------------", 

        "root     24698  4.3  0.0 106112  1280 ?        S    17:39   0:00 /bin/bash /bak/bin/clear_nginxcache.sh", 
        "root     24704  0.5  0.0 294024  1556 ?        Ss   17:39   0:00 nginx: master process /usr/local/nginx/sbin/nginx", 
        "nobody   24706  0.0  0.3 298276  5976 ?        S    17:39   0:00 nginx: worker process      ", 
        "nobody   24707  0.0  0.3 298276  5976 ?        S    17:39   0:00 nginx: worker process      ", 
        "nobody   24708  0.5  0.3 298276  5976 ?        S    17:39   0:00 nginx: worker process      ", 

        "nobody   24709  0.0  0.3 298276  5976 ?        S    17:39   0:00 nginx: worker process      ", 
        "nobody   24710  0.0  0.1 294024  1964 ?        S    17:39   0:00 nginx: cache manager process", 
        "nobody   24711  0.0  0.1 294024  1924 ?        S    17:39   0:00 nginx: cache loader process", 
        "root     24717  0.0  0.0 103316   840 ?        S    17:39   0:00 grep nginx", 
        "             total       used       free     shared    buffers     cached", 

        "Mem:          1869       1850         18          1        471       1206", 
        "-/+ buffers/cache:        172       1696", 
        "Swap:         2047          5       2041", 
        "-----------------------------------------------------------", 
        "|                     Reload SUCCESS!                     |", 

        "-----------------------------------------------------------"
    ]
}

PLAY [127.0.0.1] ***************************************************************


TASK [sync_to_git : Synchronizing Nginx To GIT] ********************************
changed: [127.0.0.1]

TASK [sync_to_git : debug] *****************************************************

ok: [127.0.0.1] => {
    "script_result.stdout_lines": [
        "[master 756b641] quincy", 
        " 1 file changed, 10 insertions(+), 3 deletions(-)", 
        "Branch master set up to track remote branch master from origin."

    ]
}

PLAY [acc-autopay_ftp] *********************************************************


PLAY [127.0.0.1] ***************************************************************

PLAY RECAP *********************************************************************
119.9.106.122              : ok=8    changed=2    unreachable=0    failed=0   
127.0.0.1                  : ok=2    changed=1    unreachable=0    failed=0   

161.202.63.250             : ok=8    changed=2    unreachable=0    failed=0   


ESYNC_WORKER1_COMMAND_END
MAX RETRIES EXECUTED, COMMAND NOT RESPONDING