ESYNC_WORKER1_COMMAND_START
 [WARNING]: Invalid characters were found in group names but not replaced, use
-vvvv to see details

PLAY [acc-autopay_ftp] *********************************************************


TASK [Gathering Facts] *********************************************************
ok: [119.9.106.122]
ok: [161.202.63.250]

TASK [nginx_sync : Change python interpreter] **********************************

ok: [119.9.106.122]
ok: [161.202.63.250]

TASK [nginx_sync : change python interpreter] **********************************
ok: [119.9.106.122]

ok: [161.202.63.250]

TASK [nginx_sync : Notify] *****************************************************
ok: [119.9.106.122] => {
    "msg": "Syncing acc-autopay_ftp"

}
ok: [161.202.63.250] => {
    "msg": "Syncing acc-autopay_ftp"
}


TASK [nginx_sync : include_vars] ***********************************************
ok: [119.9.106.122]
ok: [161.202.63.250]

TASK [nginx_sync : Synchronizing Nginx] ****************************************

ok: [119.9.106.122] => (item=conf)
ok: [161.202.63.250] => (item=conf)
changed: [119.9.106.122] => (item=conf.d)
changed: [161.202.63.250] => (item=conf.d)
ok: [119.9.106.122] => (item=data)

ok: [119.9.106.122] => (item=html)
ok: [161.202.63.250] => (item=data)
ok: [161.202.63.250] => (item=html)

TASK [all_servers : include_vars] **********************************************

ok: [119.9.106.122]
ok: [161.202.63.250]

TASK [all_servers : Notify] ****************************************************
ok: [119.9.106.122] => {

    "msg": "Clearing Nginx Cache for acc-autopay_ftp"
}
ok: [161.202.63.250] => {
    "msg": "Clearing Nginx Cache for acc-autopay_ftp"
}


TASK [all_servers : Copying clear_nginxcache.sh to remote hosts] ***************
ok: [119.9.106.122]
ok: [161.202.63.250]


TASK [all_servers : Nginx Clear Cache] *****************************************
changed: [119.9.106.122]
changed: [161.202.63.250]

TASK [all_servers : debug] *****************************************************

ok: [119.9.106.122] => {
    "script_result.stdout_lines": [
        "-----------------------------------------------------------", 
        "|                 Checking Nginx Config                   |", 
        "-----------------------------------------------------------", 

        "", 
        " nginx -t ", 
        "", 
        "-----------------------------------------------------------", 
        "|                 Stopping Nginx Process                  |", 

        "-----------------------------------------------------------", 
        "", 
        " /usr/bin/killall -9 nginx ", 
        "", 
        "-----------------------------------------------------------", 

        "|                 Clearing Proxy Cache                    |", 
        "-----------------------------------------------------------", 
        "", 
        " /bin/rm -rf /tmp/nginx_cache ", 
        "", 

        "-----------------------------------------------------------", 
        "|                Restarting Nginx Process                 |", 
        "-----------------------------------------------------------", 
        "root      1688  0.0  0.0 108128  1424 ?        S    17:00   0:00 /bin/bash /bak/bin/clear_nginxcache.sh", 
        "root      1750  0.0  0.0 293908  1700 ?        Ss   17:01   0:00 nginx: master process /usr/local/nginx/sbin/nginx", 

        "nobody    1752  0.0  0.1 298160  6136 ?        S    17:01   0:00 nginx: worker process      ", 
        "nobody    1753  0.0  0.1 298160  6136 ?        S    17:01   0:00 nginx: worker process      ", 
        "nobody    1754  0.0  0.1 298160  7168 ?        S    17:01   0:00 nginx: worker process      ", 
        "nobody    1755  0.0  0.1 298160  7412 ?        S    17:01   0:00 nginx: worker process      ", 
        "nobody    1756  0.0  0.0 293908  2112 ?        S    17:01   0:00 nginx: cache manager process", 

        "nobody    1757  0.0  0.0 293908  2068 ?        S    17:01   0:00 nginx: cache loader process", 
        "root      1761  0.0  0.0 105368   888 ?        S    17:01   0:00 grep nginx", 
        "             total       used       free     shared    buffers     cached", 
        "Mem:          3953       3795        158          1         31       3523", 
        "-/+ buffers/cache:        240       3713", 

        "Swap:            0          0          0", 
        "-----------------------------------------------------------", 
        "|                     Reload SUCCESS!                     |", 
        "-----------------------------------------------------------"
    ]

}
ok: [161.202.63.250] => {
    "script_result.stdout_lines": [
        "-----------------------------------------------------------", 
        "|                 Checking Nginx Config                   |", 

        "-----------------------------------------------------------", 
        "", 
        " nginx -t ", 
        "", 
        "-----------------------------------------------------------", 

        "|                 Stopping Nginx Process                  |", 
        "-----------------------------------------------------------", 
        "", 
        " /usr/bin/killall -9 nginx ", 
        "", 

        "-----------------------------------------------------------", 
        "|                 Clearing Proxy Cache                    |", 
        "-----------------------------------------------------------", 
        "", 
        " /bin/rm -rf /tmp/nginx_cache ", 

        "", 
        "-----------------------------------------------------------", 
        "|                Restarting Nginx Process                 |", 
        "-----------------------------------------------------------", 
        "root      6392  4.3  0.0 106112  1280 ?        S    17:00   0:00 /bin/bash /bak/bin/clear_nginxcache.sh", 

        "root      6413  0.3  0.0 294156  1688 ?        Ss   17:01   0:00 nginx: master process /usr/local/nginx/sbin/nginx", 
        "nobody    6415  0.0  0.3 298408  6108 ?        S    17:01   0:00 nginx: worker process      ", 
        "nobody    6416  0.3  0.3 298408  6108 ?        S    17:01   0:00 nginx: worker process      ", 
        "nobody    6417  0.0  0.3 298408  6108 ?        S    17:01   0:00 nginx: worker process      ", 
        "nobody    6418  0.0  0.3 298408  6108 ?        S    17:01   0:00 nginx: worker process      ", 

        "nobody    6419  0.0  0.1 294156  2096 ?        S    17:01   0:00 nginx: cache manager process", 
        "nobody    6420  0.0  0.1 294156  2056 ?        S    17:01   0:00 nginx: cache loader process", 
        "root      6426  0.0  0.0 103316   840 ?        S    17:01   0:00 grep nginx", 
        "             total       used       free     shared    buffers     cached", 
        "Mem:          1869       1852         16          1        489       1196", 

        "-/+ buffers/cache:        166       1702", 
        "Swap:         2047          5       2041", 
        "-----------------------------------------------------------", 
        "|                     Reload SUCCESS!                     |", 
        "-----------------------------------------------------------"

    ]
}

PLAY [127.0.0.1] ***************************************************************


TASK [sync_to_git : Synchronizing Nginx To GIT] ********************************
changed: [127.0.0.1]

TASK [sync_to_git : debug] *****************************************************
ok: [127.0.0.1] => {

    "msg": " [u'[master cff020f] quincy', u' 1 file changed, 3 insertions(+), 3 deletions(-)', u'Branch master set up to track remote branch master from origin.']"
}

PLAY [acc-autopay_ftp] *********************************************************


PLAY [127.0.0.1] ***************************************************************

PLAY RECAP *********************************************************************
119.9.106.122              : ok=11   changed=2    unreachable=0    failed=0    skipped=0    rescued=0    ignored=0   
127.0.0.1                  : ok=2    changed=1    unreachable=0    failed=0    skipped=0    rescued=0    ignored=0   

161.202.63.250             : ok=11   changed=2    unreachable=0    failed=0    skipped=0    rescued=0    ignored=0   


ESYNC_WORKER1_COMMAND_END
MAX RETRIES EXECUTED, COMMAND NOT RESPONDING