ESYNC_WORKER1_COMMAND_START
 [WARNING]: Invalid characters were found in group names but not replaced, use
-vvvv to see details

PLAY [acc-autopay_ftp] *********************************************************


TASK [Gathering Facts] *********************************************************
ok: [119.9.106.122]
ok: [161.202.63.250]

TASK [nginx_sync : Change python interpreter] **********************************

ok: [119.9.106.122]
ok: [161.202.63.250]

TASK [nginx_sync : change python interpreter] **********************************
ok: [119.9.106.122]

ok: [161.202.63.250]

TASK [nginx_sync : Notify] *****************************************************
ok: [119.9.106.122] => {
    "msg": "Syncing acc-autopay_ftp"

}
ok: [161.202.63.250] => {
    "msg": "Syncing acc-autopay_ftp"
}


TASK [nginx_sync : include_vars] ***********************************************
ok: [119.9.106.122]
ok: [161.202.63.250]

TASK [nginx_sync : Synchronizing Nginx] ****************************************

ok: [119.9.106.122] => (item=conf)
ok: [161.202.63.250] => (item=conf)
changed: [119.9.106.122] => (item=conf.d)
changed: [161.202.63.250] => (item=conf.d)
ok: [119.9.106.122] => (item=data)

ok: [161.202.63.250] => (item=data)
ok: [119.9.106.122] => (item=html)
ok: [161.202.63.250] => (item=html)

TASK [all_servers : include_vars] **********************************************

ok: [119.9.106.122]
ok: [161.202.63.250]

TASK [all_servers : Notify] ****************************************************
ok: [119.9.106.122] => {

    "msg": "Clearing Nginx Cache for acc-autopay_ftp"
}
ok: [161.202.63.250] => {
    "msg": "Clearing Nginx Cache for acc-autopay_ftp"
}


TASK [all_servers : Copying clear_nginxcache.sh to remote hosts] ***************
ok: [119.9.106.122]
ok: [161.202.63.250]


TASK [all_servers : Nginx Clear Cache] *****************************************
changed: [119.9.106.122]
changed: [161.202.63.250]

TASK [all_servers : debug] *****************************************************

ok: [119.9.106.122] => {
    "script_result.stdout_lines": [
        "-----------------------------------------------------------", 
        "|                 Checking Nginx Config                   |", 
        "-----------------------------------------------------------", 

        "", 
        " nginx -t ", 
        "", 
        "-----------------------------------------------------------", 
        "|                 Stopping Nginx Process                  |", 

        "-----------------------------------------------------------", 
        "", 
        " /usr/bin/killall -9 nginx ", 
        "", 
        "-----------------------------------------------------------", 

        "|                 Clearing Proxy Cache                    |", 
        "-----------------------------------------------------------", 
        "", 
        " /bin/rm -rf /tmp/nginx_cache ", 
        "", 

        "-----------------------------------------------------------", 
        "|                Restarting Nginx Process                 |", 
        "-----------------------------------------------------------", 
        "root     11068  0.0  0.0 108128  1424 ?        S    14:39   0:00 /bin/bash /bak/bin/clear_nginxcache.sh", 
        "root     11078  0.0  0.0 293924  1712 ?        Ss   14:39   0:00 nginx: master process /usr/local/nginx/sbin/nginx", 

        "nobody   11080  0.5  0.1 298176  7496 ?        S    14:39   0:00 nginx: worker process      ", 
        "nobody   11081  0.5  0.1 298176  7580 ?        S    14:39   0:00 nginx: worker process      ", 
        "nobody   11082  0.0  0.1 298176  7396 ?        S    14:39   0:00 nginx: worker process      ", 
        "nobody   11083  0.5  0.1 298176  7604 ?        S    14:39   0:00 nginx: worker process      ", 
        "nobody   11084  0.0  0.0 293924  2124 ?        S    14:39   0:00 nginx: cache manager process", 

        "nobody   11085  0.0  0.0 293924  2080 ?        S    14:39   0:00 nginx: cache loader process", 
        "root     11090  0.0  0.0 105372   892 ?        S    14:39   0:00 grep nginx", 
        "             total       used       free     shared    buffers     cached", 
        "Mem:          3953       3729        224          1        248       3202", 
        "-/+ buffers/cache:        278       3675", 

        "Swap:            0          0          0", 
        "-----------------------------------------------------------", 
        "|                     Reload SUCCESS!                     |", 
        "-----------------------------------------------------------"
    ]

}
ok: [161.202.63.250] => {
    "script_result.stdout_lines": [
        "-----------------------------------------------------------", 
        "|                 Checking Nginx Config                   |", 

        "-----------------------------------------------------------", 
        "", 
        " nginx -t ", 
        "", 
        "-----------------------------------------------------------", 

        "|                 Stopping Nginx Process                  |", 
        "-----------------------------------------------------------", 
        "", 
        " /usr/bin/killall -9 nginx ", 
        "", 

        "-----------------------------------------------------------", 
        "|                 Clearing Proxy Cache                    |", 
        "-----------------------------------------------------------", 
        "", 
        " /bin/rm -rf /tmp/nginx_cache ", 

        "", 
        "-----------------------------------------------------------", 
        "|                Restarting Nginx Process                 |", 
        "-----------------------------------------------------------", 
        "root     31426  4.3  0.0 106112  1280 ?        S    14:39   0:00 /bin/bash /bak/bin/clear_nginxcache.sh", 

        "root     31432  0.5  0.0 294172  1700 ?        Ss   14:39   0:00 nginx: master process /usr/local/nginx/sbin/nginx", 
        "nobody   31434  0.5  0.3 298424  6120 ?        S    14:39   0:00 nginx: worker process      ", 
        "nobody   31435  0.5  0.3 298424  6264 ?        S    14:39   0:00 nginx: worker process      ", 
        "nobody   31436  0.5  0.3 298424  6120 ?        S    14:39   0:00 nginx: worker process      ", 
        "nobody   31437  0.0  0.3 298424  6120 ?        S    14:39   0:00 nginx: worker process      ", 

        "nobody   31438  0.0  0.1 294172  2104 ?        S    14:39   0:00 nginx: cache manager process", 
        "nobody   31439  0.0  0.1 294172  2064 ?        S    14:39   0:00 nginx: cache loader process", 
        "root     31443  0.0  0.0 103316   840 ?        S    14:39   0:00 grep nginx", 
        "             total       used       free     shared    buffers     cached", 
        "Mem:          1869       1808         60          1        477       1153", 

        "-/+ buffers/cache:        177       1691", 
        "Swap:         2047          5       2041", 
        "-----------------------------------------------------------", 
        "|                     Reload SUCCESS!                     |", 
        "-----------------------------------------------------------"

    ]
}

PLAY [127.0.0.1] ***************************************************************


TASK [sync_to_git : Synchronizing Nginx To GIT] ********************************
changed: [127.0.0.1]

TASK [sync_to_git : debug] *****************************************************
ok: [127.0.0.1] => {

    "msg": " [u'[master 2f8dc1e] quincy', u' 1 file changed, 1 insertion(+), 1 deletion(-)', u'Branch master set up to track remote branch master from origin.']"
}

PLAY [acc-autopay_ftp] *********************************************************


PLAY [127.0.0.1] ***************************************************************

PLAY RECAP *********************************************************************
119.9.106.122              : ok=11   changed=2    unreachable=0    failed=0    skipped=0    rescued=0    ignored=0   
127.0.0.1                  : ok=2    changed=1    unreachable=0    failed=0    skipped=0    rescued=0    ignored=0   

161.202.63.250             : ok=11   changed=2    unreachable=0    failed=0    skipped=0    rescued=0    ignored=0   


ESYNC_WORKER1_COMMAND_END
MAX RETRIES EXECUTED, COMMAND NOT RESPONDING