--- /ansible/nginx/hostgroups/acc-autopay_ftp/nginx/conf.d/other/pms2-ftp.conf	2019-05-16 14:28:03.711522744 +0800
+++ /tmp/pms2-ftp.conf	2019-06-18 10:24:15.890351188 +0800
@@ -19,3 +19,18 @@
         error_log  logs/pms2-test-ftp.error.log ;
     }
 }
+
+server {
+        listen 443 ssl;
+        server_name images-test.xiantjtzy.com;
+  
+ 		ssl on;
+        ssl_certificate /usr/local/nginx/conf.d/ssl/xiantjtzy.com/fullchain.pem;
+        ssl_certificate_key /usr/local/nginx/conf.d/ssl/xiantjtzy.com/privkey.pem;
+        location  / {
+        root /web/images/qrcode-test;
+    	  access_log  logs/pms2-test-ftp.access.log main ;
+       	  access_log  logs/pms2-test-ftp.logstash.access.log logstash ;
+        error_log  logs/pms2-test-ftp.error.log ;
+    }
+}

