ESYNC_WORKER1_COMMAND_START

PLAY [acc-autopay_ftp] *********************************************************

TASK [nginx_sync : Notify] *****************************************************
ok: [119.9.106.122] => {

    "msg": "Syncing acc-autopay_ftp"
}
ok: [161.202.63.250] => {
    "msg": "Syncing acc-autopay_ftp"
}


TASK [nginx_sync : include_vars] ***********************************************
ok: [119.9.106.122]
ok: [161.202.63.250]


TASK [nginx_sync : Synchronizing Nginx] ****************************************
ok: [119.9.106.122] => (item=conf)
ok: [161.202.63.250] => (item=conf)
changed: [119.9.106.122] => (item=conf.d)
changed: [161.202.63.250] => (item=conf.d)

ok: [119.9.106.122] => (item=data)
ok: [161.202.63.250] => (item=data)
ok: [119.9.106.122] => (item=html)
ok: [161.202.63.250] => (item=html)


TASK [all_servers : include_vars] **********************************************
ok: [119.9.106.122]
ok: [161.202.63.250]

TASK [all_servers : Notify] ****************************************************

ok: [119.9.106.122] => {
    "msg": "Clearing Nginx Cache for acc-autopay_ftp"
}
ok: [161.202.63.250] => {
    "msg": "Clearing Nginx Cache for acc-autopay_ftp"

}

TASK [all_servers : Copying clear_nginxcache.sh to remote hosts] ***************
ok: [119.9.106.122]
ok: [161.202.63.250]


TASK [all_servers : Nginx Clear Cache] *****************************************
changed: [119.9.106.122]
changed: [161.202.63.250]


TASK [all_servers : debug] *****************************************************
ok: [119.9.106.122] => {
    "script_result.stdout_lines": [
        "-----------------------------------------------------------", 
        "|                 Checking Nginx Config                   |", 

        "-----------------------------------------------------------", 
        "", 
        " nginx -t ", 
        "", 
        "-----------------------------------------------------------", 

        "|                 Stopping Nginx Process                  |", 
        "-----------------------------------------------------------", 
        "", 
        " /usr/bin/killall -9 nginx ", 
        "", 

        "-----------------------------------------------------------", 
        "|                 Clearing Proxy Cache                    |", 
        "-----------------------------------------------------------", 
        "", 
        " /bin/rm -rf /tmp/nginx_cache ", 

        "", 
        "-----------------------------------------------------------", 
        "|                Restarting Nginx Process                 |", 
        "-----------------------------------------------------------", 
        "root      8817  0.0  0.0 108128  1424 ?        S    17:45   0:00 /bin/bash /bak/bin/clear_nginxcache.sh", 

        "root      8823  0.0  0.0 293624  1416 ?        Ss   17:45   0:00 nginx: master process /usr/local/nginx/sbin/nginx", 
        "nobody    8825  0.0  0.1 297876  5840 ?        S    17:45   0:00 nginx: worker process      ", 
        "nobody    8826  0.0  0.1 297876  5840 ?        S    17:45   0:00 nginx: worker process      ", 
        "nobody    8827  0.0  0.1 297876  5840 ?        S    17:45   0:00 nginx: worker process      ", 
        "nobody    8828  0.0  0.1 297876  5840 ?        S    17:45   0:00 nginx: worker process      ", 

        "nobody    8829  0.0  0.0 293624  1828 ?        S    17:45   0:00 nginx: cache manager process", 
        "nobody    8830  0.0  0.0 293624  1784 ?        S    17:45   0:00 nginx: cache loader process", 
        "root      8832  0.0  0.0 105368   892 ?        S    17:45   0:00 grep nginx", 
        "             total       used       free     shared    buffers     cached", 
        "Mem:          3953       3793        160          1         44       3463", 

        "-/+ buffers/cache:        284       3669", 
        "Swap:            0          0          0", 
        "-----------------------------------------------------------", 
        "|                     Reload SUCCESS!                     |", 
        "-----------------------------------------------------------"

    ]
}
ok: [161.202.63.250] => {
    "script_result.stdout_lines": [
        "-----------------------------------------------------------", 

        "|                 Checking Nginx Config                   |", 
        "-----------------------------------------------------------", 
        "", 
        " nginx -t ", 
        "", 

        "-----------------------------------------------------------", 
        "|                 Stopping Nginx Process                  |", 
        "-----------------------------------------------------------", 
        "", 
        " /usr/bin/killall -9 nginx ", 

        "", 
        "-----------------------------------------------------------", 
        "|                 Clearing Proxy Cache                    |", 
        "-----------------------------------------------------------", 
        "", 

        " /bin/rm -rf /tmp/nginx_cache ", 
        "", 
        "-----------------------------------------------------------", 
        "|                Restarting Nginx Process                 |", 
        "-----------------------------------------------------------", 

        "root     30986  4.6  0.0 106112  1276 ?        S    17:45   0:00 /bin/bash /bak/bin/clear_nginxcache.sh", 
        "root     30992  0.5  0.1 296068  2592 ?        Ss   17:45   0:00 nginx: master process /usr/local/nginx/sbin/nginx", 
        "nobody   30994  0.5  0.3 297996  6228 ?        S    17:45   0:00 nginx: worker process      ", 
        "nobody   30995  0.5  0.3 297996  6228 ?        S    17:45   0:00 nginx: worker process      ", 
        "nobody   30996  0.5  0.3 297996  6228 ?        S    17:45   0:00 nginx: worker process      ", 

        "nobody   30997  0.0  0.3 297996  6228 ?        S    17:45   0:00 nginx: worker process      ", 
        "nobody   30998  0.0  0.1 296068  3000 ?        S    17:45   0:00 nginx: cache manager process", 
        "nobody   30999  0.0  0.1 296068  2960 ?        S    17:45   0:00 nginx: cache loader process", 
        "root     31001  0.0  0.0 103316   840 ?        S    17:45   0:00 grep nginx", 
        "             total       used       free     shared    buffers     cached", 

        "Mem:          1869       1592        276          1        158       1209", 
        "-/+ buffers/cache:        224       1644", 
        "Swap:         2047          7       2039", 
        "-----------------------------------------------------------", 
        "|                     Reload SUCCESS!                     |", 

        "-----------------------------------------------------------"
    ]
}

PLAY [127.0.0.1] ***************************************************************


TASK [sync_to_git : Synchronizing Nginx To GIT] ********************************
changed: [127.0.0.1]

TASK [sync_to_git : debug] *****************************************************

ok: [127.0.0.1] => {
    "script_result.stdout_lines": [
        "[master e990314] robert.sarte", 
        " 1 file changed, 1 insertion(+)", 
        "Branch master set up to track remote branch master from origin."

    ]
}

PLAY [acc-autopay_ftp] *********************************************************


PLAY [127.0.0.1] ***************************************************************

PLAY RECAP *********************************************************************
119.9.106.122              : ok=8    changed=2    unreachable=0    failed=0   
127.0.0.1                  : ok=2    changed=1    unreachable=0    failed=0   

161.202.63.250             : ok=8    changed=2    unreachable=0    failed=0   


ESYNC_WORKER1_COMMAND_END
MAX RETRIES EXECUTED, COMMAND NOT RESPONDING