ESYNC_WORKER1_COMMAND_START

PLAY [newpujing-nginx] *********************************************************

TASK [nginx_sync : Notify] *****************************************************
ok: [47.52.25.165] => {

    "msg": "Syncing newpujing-nginx"
}
ok: [52.184.29.70] => {
    "msg": "Syncing newpujing-nginx"
}

ok: [119.9.106.50] => {
    "msg": "Syncing newpujing-nginx"
}

TASK [nginx_sync : include_vars] ***********************************************

ok: [47.52.25.165]
ok: [52.184.29.70]
ok: [119.9.106.50]

TASK [nginx_sync : Synchronizing Nginx] ****************************************

changed: [47.52.25.165] => (item=conf)
changed: [52.184.29.70] => (item=conf)
changed: [119.9.106.50] => (item=conf)
ok: [47.52.25.165] => (item=conf.d)
ok: [52.184.29.70] => (item=conf.d)

ok: [119.9.106.50] => (item=conf.d)
ok: [47.52.25.165] => (item=data)
changed: [47.52.25.165] => (item=html)
ok: [52.184.29.70] => (item=data)
ok: [119.9.106.50] => (item=data)

changed: [52.184.29.70] => (item=html)
changed: [119.9.106.50] => (item=html)

TASK [all_servers : include_vars] **********************************************
ok: [47.52.25.165]

ok: [52.184.29.70]
ok: [119.9.106.50]

TASK [all_servers : Notify] ****************************************************
ok: [47.52.25.165] => {

    "msg": "Clearing Nginx Cache for newpujing-nginx"
}
ok: [52.184.29.70] => {
    "msg": "Clearing Nginx Cache for newpujing-nginx"
}

ok: [119.9.106.50] => {
    "msg": "Clearing Nginx Cache for newpujing-nginx"
}

TASK [all_servers : Copying clear_nginxcache.sh to remote hosts] ***************

ok: [47.52.25.165]
ok: [52.184.29.70]
ok: [119.9.106.50]

TASK [all_servers : Nginx Clear Cache] *****************************************

changed: [47.52.25.165]
changed: [52.184.29.70]
changed: [119.9.106.50]

TASK [all_servers : debug] *****************************************************

ok: [47.52.25.165] => {
    "script_result.stdout_lines": [
        "-----------------------------------------------------------", 
        "|                 Checking Nginx Config                   |", 
        "-----------------------------------------------------------", 

        "", 
        " nginx -t ", 
        "", 
        "-----------------------------------------------------------", 
        "|                 Stopping Nginx Process                  |", 

        "-----------------------------------------------------------", 
        "", 
        " /usr/bin/killall -9 nginx ", 
        "", 
        "-----------------------------------------------------------", 

        "|                 Clearing Proxy Cache                    |", 
        "-----------------------------------------------------------", 
        "", 
        " /bin/rm -rf /tmp/nginx_cache ", 
        "", 

        "-----------------------------------------------------------", 
        "|                Restarting Nginx Process                 |", 
        "-----------------------------------------------------------", 
        "root     12199  0.2  0.0 113180  1504 ?        S    16:38   0:00 /bin/bash /bak/bin/clear_nginxcache.sh", 
        "root     12214  0.0  0.0 786156  3628 ?        Ss   16:38   0:00 nginx: master process /usr/local/nginx/sbin/nginx", 

        "www      12215  0.0  0.2 790408  8000 ?        S    16:38   0:00 nginx: worker process", 
        "www      12217  0.0  0.2 790408  8000 ?        S    16:38   0:00 nginx: worker process", 
        "www      12218  0.0  0.2 790408  8000 ?        S    16:38   0:00 nginx: worker process", 
        "www      12219  0.0  0.2 790408  8000 ?        S    16:38   0:00 nginx: worker process", 
        "www      12220  0.0  0.1 786028  4092 ?        S    16:38   0:00 nginx: cache manager process", 

        "www      12221  0.0  0.1 786028  4092 ?        S    16:38   0:00 nginx: cache loader process", 
        "root     12226  0.0  0.0 112708   956 ?        S    16:38   0:00 grep nginx", 
        "              total        used        free      shared  buff/cache   available", 
        "Mem:           3789         136        1674           5        1978        3344", 
        "Swap:             0           0           0", 

        "-----------------------------------------------------------", 
        "|                     Reload SUCCESS!                     |", 
        "-----------------------------------------------------------"
    ]
}

ok: [52.184.29.70] => {
    "script_result.stdout_lines": [
        "-----------------------------------------------------------", 
        "|                 Checking Nginx Config                   |", 
        "-----------------------------------------------------------", 

        "", 
        " nginx -t ", 
        "", 
        "-----------------------------------------------------------", 
        "|                 Stopping Nginx Process                  |", 

        "-----------------------------------------------------------", 
        "", 
        " /usr/bin/killall -9 nginx ", 
        "", 
        "-----------------------------------------------------------", 

        "|                 Clearing Proxy Cache                    |", 
        "-----------------------------------------------------------", 
        "", 
        " /bin/rm -rf /tmp/nginx_cache ", 
        "", 

        "-----------------------------------------------------------", 
        "|                Restarting Nginx Process                 |", 
        "-----------------------------------------------------------", 
        "root       9656  0.5  0.0 113180  1496 ?        S    16:38   0:00 /bin/bash /bak/bin/clear_nginxcache.sh", 
        "root       9671  0.0  0.0 112708   960 ?        S    16:38   0:00 grep nginx", 

        "root     119788  0.0  0.0  46420   972 ?        Ss   14:43   0:00 nginx: master process nginx", 
        "nginx    119791  0.0  0.0  48908  2256 ?        S    14:43   0:00 nginx: worker process", 
        "              total        used        free      shared  buff/cache   available", 
        "Mem:           3934         204        1504          73        2225        3270", 
        "Swap:             0           0           0", 

        "-----------------------------------------------------------", 
        "|                     Reload SUCCESS!                     |", 
        "-----------------------------------------------------------"
    ]
}

ok: [119.9.106.50] => {
    "script_result.stdout_lines": [
        "-----------------------------------------------------------", 
        "|                 Checking Nginx Config                   |", 
        "-----------------------------------------------------------", 

        "", 
        " nginx -t ", 
        "", 
        "-----------------------------------------------------------", 
        "|                 Stopping Nginx Process                  |", 

        "-----------------------------------------------------------", 
        "", 
        " /usr/bin/killall -9 nginx ", 
        "", 
        "-----------------------------------------------------------", 

        "|                 Clearing Proxy Cache                    |", 
        "-----------------------------------------------------------", 
        "", 
        " /bin/rm -rf /tmp/nginx_cache ", 
        "", 

        "-----------------------------------------------------------", 
        "|                Restarting Nginx Process                 |", 
        "-----------------------------------------------------------", 
        "root      3668  0.0  0.0  48544  1164 ?        Ss   16:07   0:00 nginx: master process ./nginx", 
        "nobody    3670  0.0  0.1  49000  2184 ?        S    16:07   0:00 nginx: worker process", 

        "root     16150  1.1  0.0 113180  1504 ?        S    16:38   0:00 /bin/bash /bak/bin/clear_nginxcache.sh", 
        "root     16168  0.0  0.0 112708   960 ?        R    16:38   0:00 grep nginx", 
        "              total        used        free      shared  buff/cache   available", 
        "Mem:           1832         154         251         108        1426        1353", 
        "Swap:             0           0           0", 

ESYNC_WORKER1_COMMAND_END
MAX RETRIES EXECUTED, COMMAND NOT RESPONDING        "-----------------------------------------------------------", 
        "|                     Reload SUCCESS!                     |", 
        "-----------------------------------------------------------"
    ]
}


PLAY [127.0.0.1] ***************************************************************

TASK [sync_to_git : Synchronizing Nginx To GIT] ********************************
changed: [127.0.0.1]


TASK [sync_to_git : debug] *****************************************************
ok: [127.0.0.1] => {
    "script_result.stdout_lines": [
        "[master 1eb09b9] aaron.navarro", 

        " 1 file changed, 26 insertions(+)", 
        " create mode 100644 nginx/html/50x.html", 
        "Branch master set up to track remote branch master from origin."
    ]
}


PLAY [newpujing-nginx] *********************************************************

PLAY [127.0.0.1] ***************************************************************


PLAY RECAP *********************************************************************
119.9.106.50               : ok=8    changed=2    unreachable=0    failed=0   
127.0.0.1                  : ok=2    changed=1    unreachable=0    failed=0   
47.52.25.165               : ok=8    changed=2    unreachable=0    failed=0   
52.184.29.70               : ok=8    changed=2    unreachable=0    failed=0   



