ESYNC_WORKER1_COMMAND_START

PLAY [newpujing-nginx] *********************************************************

TASK [nginx_sync : Notify] *****************************************************
ok: [52.184.29.70] => {

    "msg": "Syncing newpujing-nginx"
}
ok: [119.9.106.50] => {
    "msg": "Syncing newpujing-nginx"
}


TASK [nginx_sync : include_vars] ***********************************************
ok: [52.184.29.70]
ok: [119.9.106.50]


TASK [nginx_sync : Synchronizing Nginx] ****************************************
ok: [119.9.106.50] => (item=conf)
ok: [52.184.29.70] => (item=conf)
ok: [119.9.106.50] => (item=conf.d)
ok: [52.184.29.70] => (item=conf.d)

ok: [119.9.106.50] => (item=data)
ok: [52.184.29.70] => (item=data)
ok: [119.9.106.50] => (item=html)
ok: [52.184.29.70] => (item=html)


TASK [all_servers : include_vars] **********************************************
ok: [52.184.29.70]
ok: [119.9.106.50]

TASK [all_servers : Notify] ****************************************************

ok: [52.184.29.70] => {
    "msg": "Clearing Nginx Cache for newpujing-nginx"
}
ok: [119.9.106.50] => {
    "msg": "Clearing Nginx Cache for newpujing-nginx"

}

TASK [all_servers : Copying clear_nginxcache.sh to remote hosts] ***************
ok: [119.9.106.50]
ok: [52.184.29.70]


TASK [all_servers : Nginx Clear Cache] *****************************************
fatal: [119.9.106.50]: FAILED! => {"changed": true, "cmd": ["/bak/bin/clear_nginxcache.sh"], "delta": "0:00:00.096403", "end": "2019-04-02 16:15:02.098183", "msg": "non-zero return code", "rc": 1, "start": "2019-04-02 16:15:02.001780", "stderr": "nginx: [alert] could not open error log file: open() \"/usr/local/nginx-1.14.0/logs/error.log\" failed (2: No such file or directory)\n2019/04/02 16:15:02 [emerg] 8810#0: open() \"/usr/local/nginx-1.14.0/conf/nginx.conf\" failed (2: No such file or directory)\nnginx: configuration file /usr/local/nginx-1.14.0/conf/nginx.conf test failed", "stderr_lines": ["nginx: [alert] could not open error log file: open() \"/usr/local/nginx-1.14.0/logs/error.log\" failed (2: No such file or directory)", "2019/04/02 16:15:02 [emerg] 8810#0: open() \"/usr/local/nginx-1.14.0/conf/nginx.conf\" failed (2: No such file or directory)", "nginx: configuration file /usr/local/nginx-1.14.0/conf/nginx.conf test failed"], "stdout": "-----------------------------------------------------------\n|                 Checking Nginx Config                   |\n-----------------------------------------------------------\n\n nginx -t \n\n+++++++++++++++++++++++++++++++++++++++++++++++++++++++++++\n|                  CONFIGURATION ERROR!                   |\n+++++++++++++++++++++++++++++++++++++++++++++++++++++++++++", "stdout_lines": ["-----------------------------------------------------------", "|                 Checking Nginx Config                   |", "-----------------------------------------------------------", "", " nginx -t ", "", "+++++++++++++++++++++++++++++++++++++++++++++++++++++++++++", "|                  CONFIGURATION ERROR!                   |", "+++++++++++++++++++++++++++++++++++++++++++++++++++++++++++"]}
changed: [52.184.29.70]


TASK [all_servers : debug] *****************************************************
ok: [52.184.29.70] => {
    "script_result.stdout_lines": [
        "-----------------------------------------------------------", 
        "|                 Checking Nginx Config                   |", 

        "-----------------------------------------------------------", 
        "", 
        " nginx -t ", 
        "", 
        "-----------------------------------------------------------", 

        "|                 Stopping Nginx Process                  |", 
        "-----------------------------------------------------------", 
        "", 
        " /usr/bin/killall -9 nginx ", 
        "", 

        "-----------------------------------------------------------", 
        "|                 Clearing Proxy Cache                    |", 
        "-----------------------------------------------------------", 
        "", 
        " /bin/rm -rf /tmp/nginx_cache ", 

        "", 
        "-----------------------------------------------------------", 
        "|                Restarting Nginx Process                 |", 
        "-----------------------------------------------------------", 
        "root       6961  0.5  0.0 113180  1504 ?        S    16:15   0:00 /bin/bash /bak/bin/clear_nginxcache.sh", 

        "root       6975  0.0  0.0 112708   960 ?        S    16:15   0:00 grep nginx", 
        "root     119788  0.0  0.0  46420   972 ?        Ss   14:43   0:00 nginx: master process nginx", 
        "nginx    119791  0.0  0.0  48908  2256 ?        S    14:43   0:00 nginx: worker process", 
        "              total        used        free      shared  buff/cache   available", 
        "Mem:           3934         208        1500          73        2224        3265", 

        "Swap:             0           0           0", 
        "-----------------------------------------------------------", 
        "|                     Reload SUCCESS!                     |", 
        "-----------------------------------------------------------"
    ]

}

PLAY [127.0.0.1] ***************************************************************

TASK [sync_to_git : Synchronizing Nginx To GIT] ********************************

changed: [127.0.0.1]

TASK [sync_to_git : debug] *****************************************************
ok: [127.0.0.1] => {
    "script_result.stdout_lines": [

        "# On branch master", 
        "# Changes not staged for commit:", 
        "#   (use \"git add/rm <file>...\" to update what will be committed)", 
        "#   (use \"git checkout -- <file>...\" to discard changes in working directory)", 
        "#   (commit or discard the untracked or modified content in submodules)", 

        "#", 
        "#\tdeleted:    nginx/conf.d/80-443/cmb005.com.conf", 
        "#\tdeleted:    nginx/conf.d/80-443/npj01.com.conf", 
        "#\tdeleted:    nginx/conf.d/80-443/npj02.com.conf", 
        "#\tdeleted:    nginx/conf.d/80-443/npj03.com.conf", 

        "#\tdeleted:    nginx/conf.d/80-443/npj04.com.conf", 
        "#\tdeleted:    nginx/conf.d/80-443/npj05.com.conf", 
        "#\tdeleted:    nginx/conf.d/80-443/npj06.com.conf", 
        "#\tdeleted:    nginx/conf.d/80-443/npj07.com.conf", 
        "#\tdeleted:    nginx/conf.d/80-443/npj08.com.conf", 

        "#\tdeleted:    nginx/conf.d/80-443/npj09.com.conf", 
        "#\tdeleted:    nginx/conf.d/80-443/npj10.com.conf", 
        "#\tdeleted:    nginx/conf.d/80-443/npj11.com.conf", 
        "#\tdeleted:    nginx/conf.d/80-443/npj12.com.conf", 
        "#\tdeleted:    nginx/conf.d/80-443/npj13.com.conf", 

        "#\tdeleted:    nginx/conf.d/80-443/npj14.com.conf", 
        "#\tdeleted:    nginx/conf.d/80-443/npj15.com.conf", 
        "#\tdeleted:    nginx/conf.d/80-443/npj16.com.conf", 
        "#\tdeleted:    nginx/conf.d/80-443/npj17.com.conf", 
        "#\tdeleted:    nginx/conf.d/80-443/npj18.com.conf", 

        "#\tdeleted:    nginx/conf.d/80-443/npj19.com.conf", 
        "#\tdeleted:    nginx/conf.d/80-443/npj20.com.conf", 
        "#\tmodified:   nginx/conf/waf (modified content)", 
        "#", 
        "no changes added to commit (use \"git add\" and/or \"git commit -a\")", 

        "Branch master set up to track remote branch master from origin."
    ]
}

PLAY [newpujing-nginx] *********************************************************


PLAY [127.0.0.1] ***************************************************************
	to retry, use: --limit @/ansible/nginx/site.retry

PLAY RECAP *********************************************************************

119.9.106.50               : ok=6    changed=0    unreachable=0    failed=1   
127.0.0.1                  : ok=2    changed=1    unreachable=0    failed=0   
52.184.29.70               : ok=8    changed=1    unreachable=0    failed=0   


ESYNC_WORKER1_COMMAND_END
MAX RETRIES EXECUTED, COMMAND NOT RESPONDING